[2022-11-11T14:18:10.361+0000] {processor.py:154} INFO - Started process (PID=85) to work on /home/airflow/.local/lib/python3.7/site-packages/airflow/example_dags/example_task_group_decorator.py
[2022-11-11T14:18:10.365+0000] {processor.py:756} INFO - Processing file /home/airflow/.local/lib/python3.7/site-packages/airflow/example_dags/example_task_group_decorator.py for tasks to queue
[2022-11-11T14:18:10.367+0000] {logging_mixin.py:120} INFO - [2022-11-11T14:18:10.367+0000] {dagbag.py:537} INFO - Filling up the DagBag from /home/airflow/.local/lib/python3.7/site-packages/airflow/example_dags/example_task_group_decorator.py
[2022-11-11T14:18:10.408+0000] {processor.py:766} INFO - DAG(s) dict_keys(['example_task_group_decorator']) retrieved from /home/airflow/.local/lib/python3.7/site-packages/airflow/example_dags/example_task_group_decorator.py
[2022-11-11T14:18:10.598+0000] {logging_mixin.py:120} INFO - [2022-11-11T14:18:10.598+0000] {manager.py:507} INFO - Created Permission View: can read on DAG:example_task_group_decorator
[2022-11-11T14:18:10.614+0000] {logging_mixin.py:120} INFO - [2022-11-11T14:18:10.614+0000] {manager.py:507} INFO - Created Permission View: can edit on DAG:example_task_group_decorator
[2022-11-11T14:18:10.624+0000] {logging_mixin.py:120} INFO - [2022-11-11T14:18:10.623+0000] {manager.py:507} INFO - Created Permission View: can delete on DAG:example_task_group_decorator
[2022-11-11T14:18:10.624+0000] {logging_mixin.py:120} INFO - [2022-11-11T14:18:10.624+0000] {dag.py:2585} INFO - Sync 1 DAGs
[2022-11-11T14:18:10.642+0000] {logging_mixin.py:120} INFO - [2022-11-11T14:18:10.642+0000] {dag.py:2606} INFO - Creating ORM DAG for example_task_group_decorator
[2022-11-11T14:18:10.658+0000] {logging_mixin.py:120} INFO - [2022-11-11T14:18:10.658+0000] {dag.py:3340} INFO - Setting next_dagrun for example_task_group_decorator to 2022-11-10T14:18:10.658130+00:00, run_after=2022-11-11T14:18:10.658130+00:00
[2022-11-11T14:18:10.683+0000] {processor.py:176} INFO - Processing /home/airflow/.local/lib/python3.7/site-packages/airflow/example_dags/example_task_group_decorator.py took 0.329 seconds
[2022-11-11T14:18:41.311+0000] {processor.py:154} INFO - Started process (PID=142) to work on /home/airflow/.local/lib/python3.7/site-packages/airflow/example_dags/example_task_group_decorator.py
[2022-11-11T14:18:41.312+0000] {processor.py:756} INFO - Processing file /home/airflow/.local/lib/python3.7/site-packages/airflow/example_dags/example_task_group_decorator.py for tasks to queue
[2022-11-11T14:18:41.313+0000] {logging_mixin.py:120} INFO - [2022-11-11T14:18:41.313+0000] {dagbag.py:537} INFO - Filling up the DagBag from /home/airflow/.local/lib/python3.7/site-packages/airflow/example_dags/example_task_group_decorator.py
[2022-11-11T14:18:41.355+0000] {processor.py:766} INFO - DAG(s) dict_keys(['example_task_group_decorator']) retrieved from /home/airflow/.local/lib/python3.7/site-packages/airflow/example_dags/example_task_group_decorator.py
[2022-11-11T14:18:41.418+0000] {logging_mixin.py:120} INFO - [2022-11-11T14:18:41.418+0000] {dag.py:2585} INFO - Sync 1 DAGs
[2022-11-11T14:18:41.455+0000] {logging_mixin.py:120} INFO - [2022-11-11T14:18:41.455+0000] {dag.py:3340} INFO - Setting next_dagrun for example_task_group_decorator to 2022-11-10T14:18:41.455338+00:00, run_after=2022-11-11T14:18:41.455338+00:00
[2022-11-11T14:18:41.484+0000] {processor.py:176} INFO - Processing /home/airflow/.local/lib/python3.7/site-packages/airflow/example_dags/example_task_group_decorator.py took 0.179 seconds
[2022-11-11T14:19:11.553+0000] {processor.py:154} INFO - Started process (PID=199) to work on /home/airflow/.local/lib/python3.7/site-packages/airflow/example_dags/example_task_group_decorator.py
[2022-11-11T14:19:11.555+0000] {processor.py:756} INFO - Processing file /home/airflow/.local/lib/python3.7/site-packages/airflow/example_dags/example_task_group_decorator.py for tasks to queue
[2022-11-11T14:19:11.556+0000] {logging_mixin.py:120} INFO - [2022-11-11T14:19:11.556+0000] {dagbag.py:537} INFO - Filling up the DagBag from /home/airflow/.local/lib/python3.7/site-packages/airflow/example_dags/example_task_group_decorator.py
[2022-11-11T14:19:11.608+0000] {processor.py:766} INFO - DAG(s) dict_keys(['example_task_group_decorator']) retrieved from /home/airflow/.local/lib/python3.7/site-packages/airflow/example_dags/example_task_group_decorator.py
[2022-11-11T14:19:11.665+0000] {logging_mixin.py:120} INFO - [2022-11-11T14:19:11.665+0000] {dag.py:2585} INFO - Sync 1 DAGs
[2022-11-11T14:19:11.703+0000] {logging_mixin.py:120} INFO - [2022-11-11T14:19:11.703+0000] {dag.py:3340} INFO - Setting next_dagrun for example_task_group_decorator to 2022-11-10T14:19:11.703080+00:00, run_after=2022-11-11T14:19:11.703080+00:00
[2022-11-11T14:19:11.729+0000] {processor.py:176} INFO - Processing /home/airflow/.local/lib/python3.7/site-packages/airflow/example_dags/example_task_group_decorator.py took 0.181 seconds
[2022-11-11T14:19:42.470+0000] {processor.py:154} INFO - Started process (PID=255) to work on /home/airflow/.local/lib/python3.7/site-packages/airflow/example_dags/example_task_group_decorator.py
[2022-11-11T14:19:42.472+0000] {processor.py:756} INFO - Processing file /home/airflow/.local/lib/python3.7/site-packages/airflow/example_dags/example_task_group_decorator.py for tasks to queue
[2022-11-11T14:19:42.473+0000] {logging_mixin.py:120} INFO - [2022-11-11T14:19:42.472+0000] {dagbag.py:537} INFO - Filling up the DagBag from /home/airflow/.local/lib/python3.7/site-packages/airflow/example_dags/example_task_group_decorator.py
[2022-11-11T14:19:42.515+0000] {processor.py:766} INFO - DAG(s) dict_keys(['example_task_group_decorator']) retrieved from /home/airflow/.local/lib/python3.7/site-packages/airflow/example_dags/example_task_group_decorator.py
[2022-11-11T14:19:42.577+0000] {logging_mixin.py:120} INFO - [2022-11-11T14:19:42.576+0000] {dag.py:2585} INFO - Sync 1 DAGs
[2022-11-11T14:19:42.614+0000] {logging_mixin.py:120} INFO - [2022-11-11T14:19:42.614+0000] {dag.py:3340} INFO - Setting next_dagrun for example_task_group_decorator to 2022-11-10T14:19:42.614259+00:00, run_after=2022-11-11T14:19:42.614259+00:00
[2022-11-11T14:19:42.644+0000] {processor.py:176} INFO - Processing /home/airflow/.local/lib/python3.7/site-packages/airflow/example_dags/example_task_group_decorator.py took 0.179 seconds
[2022-11-11T14:22:47.427+0000] {processor.py:154} INFO - Started process (PID=71) to work on /home/airflow/.local/lib/python3.7/site-packages/airflow/example_dags/example_task_group_decorator.py
[2022-11-11T14:22:47.429+0000] {processor.py:756} INFO - Processing file /home/airflow/.local/lib/python3.7/site-packages/airflow/example_dags/example_task_group_decorator.py for tasks to queue
[2022-11-11T14:22:47.430+0000] {logging_mixin.py:120} INFO - [2022-11-11T14:22:47.430+0000] {dagbag.py:537} INFO - Filling up the DagBag from /home/airflow/.local/lib/python3.7/site-packages/airflow/example_dags/example_task_group_decorator.py
[2022-11-11T14:22:47.472+0000] {processor.py:766} INFO - DAG(s) dict_keys(['example_task_group_decorator']) retrieved from /home/airflow/.local/lib/python3.7/site-packages/airflow/example_dags/example_task_group_decorator.py
[2022-11-11T14:22:47.532+0000] {logging_mixin.py:120} INFO - [2022-11-11T14:22:47.532+0000] {dag.py:2585} INFO - Sync 1 DAGs
[2022-11-11T14:22:47.567+0000] {logging_mixin.py:120} INFO - [2022-11-11T14:22:47.567+0000] {dag.py:3340} INFO - Setting next_dagrun for example_task_group_decorator to 2022-11-10T14:22:47.566870+00:00, run_after=2022-11-11T14:22:47.566870+00:00
[2022-11-11T14:22:48.099+0000] {processor.py:176} INFO - Processing /home/airflow/.local/lib/python3.7/site-packages/airflow/example_dags/example_task_group_decorator.py took 0.677 seconds
[2022-11-11T14:23:18.664+0000] {processor.py:154} INFO - Started process (PID=129) to work on /home/airflow/.local/lib/python3.7/site-packages/airflow/example_dags/example_task_group_decorator.py
[2022-11-11T14:23:18.665+0000] {processor.py:756} INFO - Processing file /home/airflow/.local/lib/python3.7/site-packages/airflow/example_dags/example_task_group_decorator.py for tasks to queue
[2022-11-11T14:23:18.666+0000] {logging_mixin.py:120} INFO - [2022-11-11T14:23:18.666+0000] {dagbag.py:537} INFO - Filling up the DagBag from /home/airflow/.local/lib/python3.7/site-packages/airflow/example_dags/example_task_group_decorator.py
[2022-11-11T14:23:18.708+0000] {processor.py:766} INFO - DAG(s) dict_keys(['example_task_group_decorator']) retrieved from /home/airflow/.local/lib/python3.7/site-packages/airflow/example_dags/example_task_group_decorator.py
[2022-11-11T14:23:18.767+0000] {logging_mixin.py:120} INFO - [2022-11-11T14:23:18.766+0000] {dag.py:2585} INFO - Sync 1 DAGs
[2022-11-11T14:23:18.803+0000] {logging_mixin.py:120} INFO - [2022-11-11T14:23:18.803+0000] {dag.py:3340} INFO - Setting next_dagrun for example_task_group_decorator to 2022-11-10T14:23:18.803415+00:00, run_after=2022-11-11T14:23:18.803415+00:00
[2022-11-11T14:23:18.832+0000] {processor.py:176} INFO - Processing /home/airflow/.local/lib/python3.7/site-packages/airflow/example_dags/example_task_group_decorator.py took 0.175 seconds
[2022-11-11T14:24:41.362+0000] {processor.py:154} INFO - Started process (PID=74) to work on /home/airflow/.local/lib/python3.7/site-packages/airflow/example_dags/example_task_group_decorator.py
[2022-11-11T14:24:41.364+0000] {processor.py:756} INFO - Processing file /home/airflow/.local/lib/python3.7/site-packages/airflow/example_dags/example_task_group_decorator.py for tasks to queue
[2022-11-11T14:24:41.365+0000] {logging_mixin.py:120} INFO - [2022-11-11T14:24:41.365+0000] {dagbag.py:537} INFO - Filling up the DagBag from /home/airflow/.local/lib/python3.7/site-packages/airflow/example_dags/example_task_group_decorator.py
[2022-11-11T14:24:41.406+0000] {processor.py:766} INFO - DAG(s) dict_keys(['example_task_group_decorator']) retrieved from /home/airflow/.local/lib/python3.7/site-packages/airflow/example_dags/example_task_group_decorator.py
[2022-11-11T14:24:41.465+0000] {logging_mixin.py:120} INFO - [2022-11-11T14:24:41.465+0000] {dag.py:2585} INFO - Sync 1 DAGs
[2022-11-11T14:24:41.500+0000] {logging_mixin.py:120} INFO - [2022-11-11T14:24:41.499+0000] {dag.py:3340} INFO - Setting next_dagrun for example_task_group_decorator to 2022-11-10T14:24:41.499555+00:00, run_after=2022-11-11T14:24:41.499555+00:00
[2022-11-11T14:24:41.529+0000] {processor.py:176} INFO - Processing /home/airflow/.local/lib/python3.7/site-packages/airflow/example_dags/example_task_group_decorator.py took 0.172 seconds
[2022-11-11T14:27:17.275+0000] {processor.py:154} INFO - Started process (PID=74) to work on /home/airflow/.local/lib/python3.7/site-packages/airflow/example_dags/example_task_group_decorator.py
[2022-11-11T14:27:17.277+0000] {processor.py:756} INFO - Processing file /home/airflow/.local/lib/python3.7/site-packages/airflow/example_dags/example_task_group_decorator.py for tasks to queue
[2022-11-11T14:27:17.278+0000] {logging_mixin.py:120} INFO - [2022-11-11T14:27:17.277+0000] {dagbag.py:537} INFO - Filling up the DagBag from /home/airflow/.local/lib/python3.7/site-packages/airflow/example_dags/example_task_group_decorator.py
[2022-11-11T14:27:17.321+0000] {processor.py:766} INFO - DAG(s) dict_keys(['example_task_group_decorator']) retrieved from /home/airflow/.local/lib/python3.7/site-packages/airflow/example_dags/example_task_group_decorator.py
[2022-11-11T14:27:17.384+0000] {logging_mixin.py:120} INFO - [2022-11-11T14:27:17.383+0000] {dag.py:2585} INFO - Sync 1 DAGs
[2022-11-11T14:27:17.420+0000] {logging_mixin.py:120} INFO - [2022-11-11T14:27:17.420+0000] {dag.py:3340} INFO - Setting next_dagrun for example_task_group_decorator to 2022-11-10T14:27:17.420101+00:00, run_after=2022-11-11T14:27:17.420101+00:00
[2022-11-11T14:27:17.448+0000] {processor.py:176} INFO - Processing /home/airflow/.local/lib/python3.7/site-packages/airflow/example_dags/example_task_group_decorator.py took 0.178 seconds
[2022-11-11T14:27:52.354+0000] {processor.py:154} INFO - Started process (PID=131) to work on /home/airflow/.local/lib/python3.7/site-packages/airflow/example_dags/example_task_group_decorator.py
[2022-11-11T14:27:52.355+0000] {processor.py:756} INFO - Processing file /home/airflow/.local/lib/python3.7/site-packages/airflow/example_dags/example_task_group_decorator.py for tasks to queue
[2022-11-11T14:27:52.356+0000] {logging_mixin.py:120} INFO - [2022-11-11T14:27:52.356+0000] {dagbag.py:537} INFO - Filling up the DagBag from /home/airflow/.local/lib/python3.7/site-packages/airflow/example_dags/example_task_group_decorator.py
[2022-11-11T14:27:52.708+0000] {processor.py:766} INFO - DAG(s) dict_keys(['example_task_group_decorator']) retrieved from /home/airflow/.local/lib/python3.7/site-packages/airflow/example_dags/example_task_group_decorator.py
[2022-11-11T14:27:52.763+0000] {logging_mixin.py:120} INFO - [2022-11-11T14:27:52.763+0000] {dag.py:2585} INFO - Sync 1 DAGs
[2022-11-11T14:27:52.795+0000] {logging_mixin.py:120} INFO - [2022-11-11T14:27:52.795+0000] {dag.py:3340} INFO - Setting next_dagrun for example_task_group_decorator to 2022-11-10T14:27:52.795437+00:00, run_after=2022-11-11T14:27:52.795437+00:00
[2022-11-11T14:27:53.132+0000] {processor.py:176} INFO - Processing /home/airflow/.local/lib/python3.7/site-packages/airflow/example_dags/example_task_group_decorator.py took 0.784 seconds
[2022-11-11T14:28:23.231+0000] {processor.py:154} INFO - Started process (PID=190) to work on /home/airflow/.local/lib/python3.7/site-packages/airflow/example_dags/example_task_group_decorator.py
[2022-11-11T14:28:23.232+0000] {processor.py:756} INFO - Processing file /home/airflow/.local/lib/python3.7/site-packages/airflow/example_dags/example_task_group_decorator.py for tasks to queue
[2022-11-11T14:28:23.233+0000] {logging_mixin.py:120} INFO - [2022-11-11T14:28:23.233+0000] {dagbag.py:537} INFO - Filling up the DagBag from /home/airflow/.local/lib/python3.7/site-packages/airflow/example_dags/example_task_group_decorator.py
[2022-11-11T14:28:23.280+0000] {processor.py:766} INFO - DAG(s) dict_keys(['example_task_group_decorator']) retrieved from /home/airflow/.local/lib/python3.7/site-packages/airflow/example_dags/example_task_group_decorator.py
[2022-11-11T14:28:23.339+0000] {logging_mixin.py:120} INFO - [2022-11-11T14:28:23.338+0000] {dag.py:2585} INFO - Sync 1 DAGs
[2022-11-11T14:28:23.373+0000] {logging_mixin.py:120} INFO - [2022-11-11T14:28:23.373+0000] {dag.py:3340} INFO - Setting next_dagrun for example_task_group_decorator to 2022-11-10T14:28:23.372720+00:00, run_after=2022-11-11T14:28:23.372720+00:00
[2022-11-11T14:28:23.407+0000] {processor.py:176} INFO - Processing /home/airflow/.local/lib/python3.7/site-packages/airflow/example_dags/example_task_group_decorator.py took 0.186 seconds
[2022-11-11T14:28:54.001+0000] {processor.py:154} INFO - Started process (PID=249) to work on /home/airflow/.local/lib/python3.7/site-packages/airflow/example_dags/example_task_group_decorator.py
[2022-11-11T14:28:54.003+0000] {processor.py:756} INFO - Processing file /home/airflow/.local/lib/python3.7/site-packages/airflow/example_dags/example_task_group_decorator.py for tasks to queue
[2022-11-11T14:28:54.003+0000] {logging_mixin.py:120} INFO - [2022-11-11T14:28:54.003+0000] {dagbag.py:537} INFO - Filling up the DagBag from /home/airflow/.local/lib/python3.7/site-packages/airflow/example_dags/example_task_group_decorator.py
[2022-11-11T14:28:54.042+0000] {processor.py:766} INFO - DAG(s) dict_keys(['example_task_group_decorator']) retrieved from /home/airflow/.local/lib/python3.7/site-packages/airflow/example_dags/example_task_group_decorator.py
[2022-11-11T14:28:54.099+0000] {logging_mixin.py:120} INFO - [2022-11-11T14:28:54.099+0000] {dag.py:2585} INFO - Sync 1 DAGs
[2022-11-11T14:28:54.134+0000] {logging_mixin.py:120} INFO - [2022-11-11T14:28:54.134+0000] {dag.py:3340} INFO - Setting next_dagrun for example_task_group_decorator to 2022-11-10T14:28:54.134291+00:00, run_after=2022-11-11T14:28:54.134291+00:00
[2022-11-11T14:28:54.158+0000] {processor.py:176} INFO - Processing /home/airflow/.local/lib/python3.7/site-packages/airflow/example_dags/example_task_group_decorator.py took 0.162 seconds
[2022-11-11T14:29:24.670+0000] {processor.py:154} INFO - Started process (PID=306) to work on /home/airflow/.local/lib/python3.7/site-packages/airflow/example_dags/example_task_group_decorator.py
[2022-11-11T14:29:24.672+0000] {processor.py:756} INFO - Processing file /home/airflow/.local/lib/python3.7/site-packages/airflow/example_dags/example_task_group_decorator.py for tasks to queue
[2022-11-11T14:29:24.673+0000] {logging_mixin.py:120} INFO - [2022-11-11T14:29:24.673+0000] {dagbag.py:537} INFO - Filling up the DagBag from /home/airflow/.local/lib/python3.7/site-packages/airflow/example_dags/example_task_group_decorator.py
[2022-11-11T14:29:24.715+0000] {processor.py:766} INFO - DAG(s) dict_keys(['example_task_group_decorator']) retrieved from /home/airflow/.local/lib/python3.7/site-packages/airflow/example_dags/example_task_group_decorator.py
[2022-11-11T14:29:24.774+0000] {logging_mixin.py:120} INFO - [2022-11-11T14:29:24.774+0000] {dag.py:2585} INFO - Sync 1 DAGs
[2022-11-11T14:29:24.810+0000] {logging_mixin.py:120} INFO - [2022-11-11T14:29:24.809+0000] {dag.py:3340} INFO - Setting next_dagrun for example_task_group_decorator to 2022-11-10T14:29:24.809551+00:00, run_after=2022-11-11T14:29:24.809551+00:00
[2022-11-11T14:29:24.835+0000] {processor.py:176} INFO - Processing /home/airflow/.local/lib/python3.7/site-packages/airflow/example_dags/example_task_group_decorator.py took 0.175 seconds
[2022-11-11T14:29:55.312+0000] {processor.py:154} INFO - Started process (PID=363) to work on /home/airflow/.local/lib/python3.7/site-packages/airflow/example_dags/example_task_group_decorator.py
[2022-11-11T14:29:55.313+0000] {processor.py:756} INFO - Processing file /home/airflow/.local/lib/python3.7/site-packages/airflow/example_dags/example_task_group_decorator.py for tasks to queue
[2022-11-11T14:29:55.314+0000] {logging_mixin.py:120} INFO - [2022-11-11T14:29:55.314+0000] {dagbag.py:537} INFO - Filling up the DagBag from /home/airflow/.local/lib/python3.7/site-packages/airflow/example_dags/example_task_group_decorator.py
[2022-11-11T14:29:55.360+0000] {processor.py:766} INFO - DAG(s) dict_keys(['example_task_group_decorator']) retrieved from /home/airflow/.local/lib/python3.7/site-packages/airflow/example_dags/example_task_group_decorator.py
[2022-11-11T14:29:55.419+0000] {logging_mixin.py:120} INFO - [2022-11-11T14:29:55.419+0000] {dag.py:2585} INFO - Sync 1 DAGs
[2022-11-11T14:29:55.455+0000] {logging_mixin.py:120} INFO - [2022-11-11T14:29:55.455+0000] {dag.py:3340} INFO - Setting next_dagrun for example_task_group_decorator to 2022-11-10T14:29:55.454719+00:00, run_after=2022-11-11T14:29:55.454719+00:00
[2022-11-11T14:29:55.483+0000] {processor.py:176} INFO - Processing /home/airflow/.local/lib/python3.7/site-packages/airflow/example_dags/example_task_group_decorator.py took 0.177 seconds
[2022-11-11T14:30:26.043+0000] {processor.py:154} INFO - Started process (PID=420) to work on /home/airflow/.local/lib/python3.7/site-packages/airflow/example_dags/example_task_group_decorator.py
[2022-11-11T14:30:26.044+0000] {processor.py:756} INFO - Processing file /home/airflow/.local/lib/python3.7/site-packages/airflow/example_dags/example_task_group_decorator.py for tasks to queue
[2022-11-11T14:30:26.045+0000] {logging_mixin.py:120} INFO - [2022-11-11T14:30:26.045+0000] {dagbag.py:537} INFO - Filling up the DagBag from /home/airflow/.local/lib/python3.7/site-packages/airflow/example_dags/example_task_group_decorator.py
[2022-11-11T14:30:26.092+0000] {processor.py:766} INFO - DAG(s) dict_keys(['example_task_group_decorator']) retrieved from /home/airflow/.local/lib/python3.7/site-packages/airflow/example_dags/example_task_group_decorator.py
[2022-11-11T14:30:26.168+0000] {logging_mixin.py:120} INFO - [2022-11-11T14:30:26.168+0000] {dag.py:2585} INFO - Sync 1 DAGs
[2022-11-11T14:30:26.207+0000] {logging_mixin.py:120} INFO - [2022-11-11T14:30:26.207+0000] {dag.py:3340} INFO - Setting next_dagrun for example_task_group_decorator to 2022-11-10T14:30:26.206675+00:00, run_after=2022-11-11T14:30:26.206675+00:00
[2022-11-11T14:30:26.241+0000] {processor.py:176} INFO - Processing /home/airflow/.local/lib/python3.7/site-packages/airflow/example_dags/example_task_group_decorator.py took 0.203 seconds
[2022-11-11T14:30:56.406+0000] {processor.py:154} INFO - Started process (PID=477) to work on /home/airflow/.local/lib/python3.7/site-packages/airflow/example_dags/example_task_group_decorator.py
[2022-11-11T14:30:56.407+0000] {processor.py:756} INFO - Processing file /home/airflow/.local/lib/python3.7/site-packages/airflow/example_dags/example_task_group_decorator.py for tasks to queue
[2022-11-11T14:30:56.408+0000] {logging_mixin.py:120} INFO - [2022-11-11T14:30:56.408+0000] {dagbag.py:537} INFO - Filling up the DagBag from /home/airflow/.local/lib/python3.7/site-packages/airflow/example_dags/example_task_group_decorator.py
[2022-11-11T14:30:56.448+0000] {processor.py:766} INFO - DAG(s) dict_keys(['example_task_group_decorator']) retrieved from /home/airflow/.local/lib/python3.7/site-packages/airflow/example_dags/example_task_group_decorator.py
[2022-11-11T14:30:56.504+0000] {logging_mixin.py:120} INFO - [2022-11-11T14:30:56.504+0000] {dag.py:2585} INFO - Sync 1 DAGs
[2022-11-11T14:30:56.538+0000] {logging_mixin.py:120} INFO - [2022-11-11T14:30:56.538+0000] {dag.py:3340} INFO - Setting next_dagrun for example_task_group_decorator to 2022-11-10T14:30:56.537957+00:00, run_after=2022-11-11T14:30:56.537957+00:00
[2022-11-11T14:30:56.562+0000] {processor.py:176} INFO - Processing /home/airflow/.local/lib/python3.7/site-packages/airflow/example_dags/example_task_group_decorator.py took 0.162 seconds
[2022-11-11T14:31:26.687+0000] {processor.py:154} INFO - Started process (PID=533) to work on /home/airflow/.local/lib/python3.7/site-packages/airflow/example_dags/example_task_group_decorator.py
[2022-11-11T14:31:26.688+0000] {processor.py:756} INFO - Processing file /home/airflow/.local/lib/python3.7/site-packages/airflow/example_dags/example_task_group_decorator.py for tasks to queue
[2022-11-11T14:31:26.689+0000] {logging_mixin.py:120} INFO - [2022-11-11T14:31:26.689+0000] {dagbag.py:537} INFO - Filling up the DagBag from /home/airflow/.local/lib/python3.7/site-packages/airflow/example_dags/example_task_group_decorator.py
[2022-11-11T14:31:26.732+0000] {processor.py:766} INFO - DAG(s) dict_keys(['example_task_group_decorator']) retrieved from /home/airflow/.local/lib/python3.7/site-packages/airflow/example_dags/example_task_group_decorator.py
[2022-11-11T14:31:26.796+0000] {logging_mixin.py:120} INFO - [2022-11-11T14:31:26.795+0000] {dag.py:2585} INFO - Sync 1 DAGs
[2022-11-11T14:31:26.829+0000] {logging_mixin.py:120} INFO - [2022-11-11T14:31:26.829+0000] {dag.py:3340} INFO - Setting next_dagrun for example_task_group_decorator to 2022-11-10T14:31:26.828999+00:00, run_after=2022-11-11T14:31:26.828999+00:00
[2022-11-11T14:31:26.853+0000] {processor.py:176} INFO - Processing /home/airflow/.local/lib/python3.7/site-packages/airflow/example_dags/example_task_group_decorator.py took 0.171 seconds
[2022-11-11T14:31:56.953+0000] {processor.py:154} INFO - Started process (PID=590) to work on /home/airflow/.local/lib/python3.7/site-packages/airflow/example_dags/example_task_group_decorator.py
[2022-11-11T14:31:56.954+0000] {processor.py:756} INFO - Processing file /home/airflow/.local/lib/python3.7/site-packages/airflow/example_dags/example_task_group_decorator.py for tasks to queue
[2022-11-11T14:31:56.955+0000] {logging_mixin.py:120} INFO - [2022-11-11T14:31:56.955+0000] {dagbag.py:537} INFO - Filling up the DagBag from /home/airflow/.local/lib/python3.7/site-packages/airflow/example_dags/example_task_group_decorator.py
[2022-11-11T14:31:56.996+0000] {processor.py:766} INFO - DAG(s) dict_keys(['example_task_group_decorator']) retrieved from /home/airflow/.local/lib/python3.7/site-packages/airflow/example_dags/example_task_group_decorator.py
[2022-11-11T14:31:57.053+0000] {logging_mixin.py:120} INFO - [2022-11-11T14:31:57.052+0000] {dag.py:2585} INFO - Sync 1 DAGs
[2022-11-11T14:31:57.090+0000] {logging_mixin.py:120} INFO - [2022-11-11T14:31:57.090+0000] {dag.py:3340} INFO - Setting next_dagrun for example_task_group_decorator to 2022-11-10T14:31:57.089667+00:00, run_after=2022-11-11T14:31:57.089667+00:00
[2022-11-11T14:31:57.113+0000] {processor.py:176} INFO - Processing /home/airflow/.local/lib/python3.7/site-packages/airflow/example_dags/example_task_group_decorator.py took 0.167 seconds
[2022-11-11T14:32:27.617+0000] {processor.py:154} INFO - Started process (PID=647) to work on /home/airflow/.local/lib/python3.7/site-packages/airflow/example_dags/example_task_group_decorator.py
[2022-11-11T14:32:27.618+0000] {processor.py:756} INFO - Processing file /home/airflow/.local/lib/python3.7/site-packages/airflow/example_dags/example_task_group_decorator.py for tasks to queue
[2022-11-11T14:32:27.619+0000] {logging_mixin.py:120} INFO - [2022-11-11T14:32:27.619+0000] {dagbag.py:537} INFO - Filling up the DagBag from /home/airflow/.local/lib/python3.7/site-packages/airflow/example_dags/example_task_group_decorator.py
[2022-11-11T14:32:27.658+0000] {processor.py:766} INFO - DAG(s) dict_keys(['example_task_group_decorator']) retrieved from /home/airflow/.local/lib/python3.7/site-packages/airflow/example_dags/example_task_group_decorator.py
[2022-11-11T14:32:27.712+0000] {logging_mixin.py:120} INFO - [2022-11-11T14:32:27.711+0000] {dag.py:2585} INFO - Sync 1 DAGs
[2022-11-11T14:32:27.746+0000] {logging_mixin.py:120} INFO - [2022-11-11T14:32:27.746+0000] {dag.py:3340} INFO - Setting next_dagrun for example_task_group_decorator to 2022-11-10T14:32:27.746433+00:00, run_after=2022-11-11T14:32:27.746433+00:00
[2022-11-11T14:32:27.770+0000] {processor.py:176} INFO - Processing /home/airflow/.local/lib/python3.7/site-packages/airflow/example_dags/example_task_group_decorator.py took 0.159 seconds
[2022-11-11T14:32:58.123+0000] {processor.py:154} INFO - Started process (PID=703) to work on /home/airflow/.local/lib/python3.7/site-packages/airflow/example_dags/example_task_group_decorator.py
[2022-11-11T14:32:58.124+0000] {processor.py:756} INFO - Processing file /home/airflow/.local/lib/python3.7/site-packages/airflow/example_dags/example_task_group_decorator.py for tasks to queue
[2022-11-11T14:32:58.125+0000] {logging_mixin.py:120} INFO - [2022-11-11T14:32:58.125+0000] {dagbag.py:537} INFO - Filling up the DagBag from /home/airflow/.local/lib/python3.7/site-packages/airflow/example_dags/example_task_group_decorator.py
[2022-11-11T14:32:58.175+0000] {processor.py:766} INFO - DAG(s) dict_keys(['example_task_group_decorator']) retrieved from /home/airflow/.local/lib/python3.7/site-packages/airflow/example_dags/example_task_group_decorator.py
[2022-11-11T14:32:58.238+0000] {logging_mixin.py:120} INFO - [2022-11-11T14:32:58.238+0000] {dag.py:2585} INFO - Sync 1 DAGs
[2022-11-11T14:32:58.275+0000] {logging_mixin.py:120} INFO - [2022-11-11T14:32:58.275+0000] {dag.py:3340} INFO - Setting next_dagrun for example_task_group_decorator to 2022-11-10T14:32:58.274752+00:00, run_after=2022-11-11T14:32:58.274752+00:00
[2022-11-11T14:32:58.299+0000] {processor.py:176} INFO - Processing /home/airflow/.local/lib/python3.7/site-packages/airflow/example_dags/example_task_group_decorator.py took 0.182 seconds
[2022-11-11T14:33:28.649+0000] {processor.py:154} INFO - Started process (PID=761) to work on /home/airflow/.local/lib/python3.7/site-packages/airflow/example_dags/example_task_group_decorator.py
[2022-11-11T14:33:28.650+0000] {processor.py:756} INFO - Processing file /home/airflow/.local/lib/python3.7/site-packages/airflow/example_dags/example_task_group_decorator.py for tasks to queue
[2022-11-11T14:33:28.652+0000] {logging_mixin.py:120} INFO - [2022-11-11T14:33:28.651+0000] {dagbag.py:537} INFO - Filling up the DagBag from /home/airflow/.local/lib/python3.7/site-packages/airflow/example_dags/example_task_group_decorator.py
[2022-11-11T14:33:28.694+0000] {processor.py:766} INFO - DAG(s) dict_keys(['example_task_group_decorator']) retrieved from /home/airflow/.local/lib/python3.7/site-packages/airflow/example_dags/example_task_group_decorator.py
[2022-11-11T14:33:28.753+0000] {logging_mixin.py:120} INFO - [2022-11-11T14:33:28.753+0000] {dag.py:2585} INFO - Sync 1 DAGs
[2022-11-11T14:33:28.787+0000] {logging_mixin.py:120} INFO - [2022-11-11T14:33:28.786+0000] {dag.py:3340} INFO - Setting next_dagrun for example_task_group_decorator to 2022-11-10T14:33:28.786366+00:00, run_after=2022-11-11T14:33:28.786366+00:00
[2022-11-11T14:33:28.813+0000] {processor.py:176} INFO - Processing /home/airflow/.local/lib/python3.7/site-packages/airflow/example_dags/example_task_group_decorator.py took 0.169 seconds
[2022-11-11T14:33:59.336+0000] {processor.py:154} INFO - Started process (PID=817) to work on /home/airflow/.local/lib/python3.7/site-packages/airflow/example_dags/example_task_group_decorator.py
[2022-11-11T14:33:59.337+0000] {processor.py:756} INFO - Processing file /home/airflow/.local/lib/python3.7/site-packages/airflow/example_dags/example_task_group_decorator.py for tasks to queue
[2022-11-11T14:33:59.337+0000] {logging_mixin.py:120} INFO - [2022-11-11T14:33:59.337+0000] {dagbag.py:537} INFO - Filling up the DagBag from /home/airflow/.local/lib/python3.7/site-packages/airflow/example_dags/example_task_group_decorator.py
[2022-11-11T14:33:59.377+0000] {processor.py:766} INFO - DAG(s) dict_keys(['example_task_group_decorator']) retrieved from /home/airflow/.local/lib/python3.7/site-packages/airflow/example_dags/example_task_group_decorator.py
[2022-11-11T14:33:59.433+0000] {logging_mixin.py:120} INFO - [2022-11-11T14:33:59.433+0000] {dag.py:2585} INFO - Sync 1 DAGs
[2022-11-11T14:33:59.466+0000] {logging_mixin.py:120} INFO - [2022-11-11T14:33:59.466+0000] {dag.py:3340} INFO - Setting next_dagrun for example_task_group_decorator to 2022-11-10T14:33:59.466117+00:00, run_after=2022-11-11T14:33:59.466117+00:00
[2022-11-11T14:33:59.491+0000] {processor.py:176} INFO - Processing /home/airflow/.local/lib/python3.7/site-packages/airflow/example_dags/example_task_group_decorator.py took 0.161 seconds
[2022-11-11T14:34:29.770+0000] {processor.py:154} INFO - Started process (PID=874) to work on /home/airflow/.local/lib/python3.7/site-packages/airflow/example_dags/example_task_group_decorator.py
[2022-11-11T14:34:29.771+0000] {processor.py:756} INFO - Processing file /home/airflow/.local/lib/python3.7/site-packages/airflow/example_dags/example_task_group_decorator.py for tasks to queue
[2022-11-11T14:34:29.772+0000] {logging_mixin.py:120} INFO - [2022-11-11T14:34:29.772+0000] {dagbag.py:537} INFO - Filling up the DagBag from /home/airflow/.local/lib/python3.7/site-packages/airflow/example_dags/example_task_group_decorator.py
[2022-11-11T14:34:29.813+0000] {processor.py:766} INFO - DAG(s) dict_keys(['example_task_group_decorator']) retrieved from /home/airflow/.local/lib/python3.7/site-packages/airflow/example_dags/example_task_group_decorator.py
[2022-11-11T14:34:29.871+0000] {logging_mixin.py:120} INFO - [2022-11-11T14:34:29.870+0000] {dag.py:2585} INFO - Sync 1 DAGs
[2022-11-11T14:34:29.903+0000] {logging_mixin.py:120} INFO - [2022-11-11T14:34:29.903+0000] {dag.py:3340} INFO - Setting next_dagrun for example_task_group_decorator to 2022-11-10T14:34:29.903410+00:00, run_after=2022-11-11T14:34:29.903410+00:00
[2022-11-11T14:34:29.928+0000] {processor.py:176} INFO - Processing /home/airflow/.local/lib/python3.7/site-packages/airflow/example_dags/example_task_group_decorator.py took 0.164 seconds
[2022-11-11T14:35:00.411+0000] {processor.py:154} INFO - Started process (PID=931) to work on /home/airflow/.local/lib/python3.7/site-packages/airflow/example_dags/example_task_group_decorator.py
[2022-11-11T14:35:00.412+0000] {processor.py:756} INFO - Processing file /home/airflow/.local/lib/python3.7/site-packages/airflow/example_dags/example_task_group_decorator.py for tasks to queue
[2022-11-11T14:35:00.413+0000] {logging_mixin.py:120} INFO - [2022-11-11T14:35:00.413+0000] {dagbag.py:537} INFO - Filling up the DagBag from /home/airflow/.local/lib/python3.7/site-packages/airflow/example_dags/example_task_group_decorator.py
[2022-11-11T14:35:00.451+0000] {processor.py:766} INFO - DAG(s) dict_keys(['example_task_group_decorator']) retrieved from /home/airflow/.local/lib/python3.7/site-packages/airflow/example_dags/example_task_group_decorator.py
[2022-11-11T14:35:00.508+0000] {logging_mixin.py:120} INFO - [2022-11-11T14:35:00.508+0000] {dag.py:2585} INFO - Sync 1 DAGs
[2022-11-11T14:35:00.541+0000] {logging_mixin.py:120} INFO - [2022-11-11T14:35:00.541+0000] {dag.py:3340} INFO - Setting next_dagrun for example_task_group_decorator to 2022-11-10T14:35:00.540962+00:00, run_after=2022-11-11T14:35:00.540962+00:00
[2022-11-11T14:35:00.573+0000] {processor.py:176} INFO - Processing /home/airflow/.local/lib/python3.7/site-packages/airflow/example_dags/example_task_group_decorator.py took 0.167 seconds
[2022-11-11T14:35:30.872+0000] {processor.py:154} INFO - Started process (PID=990) to work on /home/airflow/.local/lib/python3.7/site-packages/airflow/example_dags/example_task_group_decorator.py
[2022-11-11T14:35:30.873+0000] {processor.py:756} INFO - Processing file /home/airflow/.local/lib/python3.7/site-packages/airflow/example_dags/example_task_group_decorator.py for tasks to queue
[2022-11-11T14:35:30.873+0000] {logging_mixin.py:120} INFO - [2022-11-11T14:35:30.873+0000] {dagbag.py:537} INFO - Filling up the DagBag from /home/airflow/.local/lib/python3.7/site-packages/airflow/example_dags/example_task_group_decorator.py
[2022-11-11T14:35:30.918+0000] {processor.py:766} INFO - DAG(s) dict_keys(['example_task_group_decorator']) retrieved from /home/airflow/.local/lib/python3.7/site-packages/airflow/example_dags/example_task_group_decorator.py
[2022-11-11T14:35:30.978+0000] {logging_mixin.py:120} INFO - [2022-11-11T14:35:30.978+0000] {dag.py:2585} INFO - Sync 1 DAGs
[2022-11-11T14:35:31.014+0000] {logging_mixin.py:120} INFO - [2022-11-11T14:35:31.013+0000] {dag.py:3340} INFO - Setting next_dagrun for example_task_group_decorator to 2022-11-10T14:35:31.013541+00:00, run_after=2022-11-11T14:35:31.013541+00:00
[2022-11-11T14:35:31.038+0000] {processor.py:176} INFO - Processing /home/airflow/.local/lib/python3.7/site-packages/airflow/example_dags/example_task_group_decorator.py took 0.174 seconds
[2022-11-11T14:36:01.352+0000] {processor.py:154} INFO - Started process (PID=1047) to work on /home/airflow/.local/lib/python3.7/site-packages/airflow/example_dags/example_task_group_decorator.py
[2022-11-11T14:36:01.354+0000] {processor.py:756} INFO - Processing file /home/airflow/.local/lib/python3.7/site-packages/airflow/example_dags/example_task_group_decorator.py for tasks to queue
[2022-11-11T14:36:01.355+0000] {logging_mixin.py:120} INFO - [2022-11-11T14:36:01.354+0000] {dagbag.py:537} INFO - Filling up the DagBag from /home/airflow/.local/lib/python3.7/site-packages/airflow/example_dags/example_task_group_decorator.py
[2022-11-11T14:36:01.394+0000] {processor.py:766} INFO - DAG(s) dict_keys(['example_task_group_decorator']) retrieved from /home/airflow/.local/lib/python3.7/site-packages/airflow/example_dags/example_task_group_decorator.py
[2022-11-11T14:36:01.457+0000] {logging_mixin.py:120} INFO - [2022-11-11T14:36:01.457+0000] {dag.py:2585} INFO - Sync 1 DAGs
[2022-11-11T14:36:01.495+0000] {logging_mixin.py:120} INFO - [2022-11-11T14:36:01.495+0000] {dag.py:3340} INFO - Setting next_dagrun for example_task_group_decorator to 2022-11-10T14:36:01.495295+00:00, run_after=2022-11-11T14:36:01.495295+00:00
[2022-11-11T14:36:01.524+0000] {processor.py:176} INFO - Processing /home/airflow/.local/lib/python3.7/site-packages/airflow/example_dags/example_task_group_decorator.py took 0.178 seconds
[2022-11-11T14:36:31.882+0000] {processor.py:154} INFO - Started process (PID=1104) to work on /home/airflow/.local/lib/python3.7/site-packages/airflow/example_dags/example_task_group_decorator.py
[2022-11-11T14:36:31.883+0000] {processor.py:756} INFO - Processing file /home/airflow/.local/lib/python3.7/site-packages/airflow/example_dags/example_task_group_decorator.py for tasks to queue
[2022-11-11T14:36:31.884+0000] {logging_mixin.py:120} INFO - [2022-11-11T14:36:31.884+0000] {dagbag.py:537} INFO - Filling up the DagBag from /home/airflow/.local/lib/python3.7/site-packages/airflow/example_dags/example_task_group_decorator.py
[2022-11-11T14:36:31.923+0000] {processor.py:766} INFO - DAG(s) dict_keys(['example_task_group_decorator']) retrieved from /home/airflow/.local/lib/python3.7/site-packages/airflow/example_dags/example_task_group_decorator.py
[2022-11-11T14:36:32.003+0000] {logging_mixin.py:120} INFO - [2022-11-11T14:36:32.002+0000] {dag.py:2585} INFO - Sync 1 DAGs
[2022-11-11T14:36:32.048+0000] {logging_mixin.py:120} INFO - [2022-11-11T14:36:32.048+0000] {dag.py:3340} INFO - Setting next_dagrun for example_task_group_decorator to 2022-11-10T14:36:32.047688+00:00, run_after=2022-11-11T14:36:32.047688+00:00
[2022-11-11T14:36:32.076+0000] {processor.py:176} INFO - Processing /home/airflow/.local/lib/python3.7/site-packages/airflow/example_dags/example_task_group_decorator.py took 0.200 seconds
[2022-11-11T14:37:02.509+0000] {processor.py:154} INFO - Started process (PID=1169) to work on /home/airflow/.local/lib/python3.7/site-packages/airflow/example_dags/example_task_group_decorator.py
[2022-11-11T14:37:02.510+0000] {processor.py:756} INFO - Processing file /home/airflow/.local/lib/python3.7/site-packages/airflow/example_dags/example_task_group_decorator.py for tasks to queue
[2022-11-11T14:37:02.511+0000] {logging_mixin.py:120} INFO - [2022-11-11T14:37:02.511+0000] {dagbag.py:537} INFO - Filling up the DagBag from /home/airflow/.local/lib/python3.7/site-packages/airflow/example_dags/example_task_group_decorator.py
[2022-11-11T14:37:02.550+0000] {processor.py:766} INFO - DAG(s) dict_keys(['example_task_group_decorator']) retrieved from /home/airflow/.local/lib/python3.7/site-packages/airflow/example_dags/example_task_group_decorator.py
[2022-11-11T14:37:02.604+0000] {logging_mixin.py:120} INFO - [2022-11-11T14:37:02.604+0000] {dag.py:2585} INFO - Sync 1 DAGs
[2022-11-11T14:37:02.638+0000] {logging_mixin.py:120} INFO - [2022-11-11T14:37:02.638+0000] {dag.py:3340} INFO - Setting next_dagrun for example_task_group_decorator to 2022-11-10T14:37:02.638010+00:00, run_after=2022-11-11T14:37:02.638010+00:00
[2022-11-11T14:37:02.662+0000] {processor.py:176} INFO - Processing /home/airflow/.local/lib/python3.7/site-packages/airflow/example_dags/example_task_group_decorator.py took 0.158 seconds
[2022-11-11T14:37:33.003+0000] {processor.py:154} INFO - Started process (PID=1226) to work on /home/airflow/.local/lib/python3.7/site-packages/airflow/example_dags/example_task_group_decorator.py
[2022-11-11T14:37:33.005+0000] {processor.py:756} INFO - Processing file /home/airflow/.local/lib/python3.7/site-packages/airflow/example_dags/example_task_group_decorator.py for tasks to queue
[2022-11-11T14:37:33.005+0000] {logging_mixin.py:120} INFO - [2022-11-11T14:37:33.005+0000] {dagbag.py:537} INFO - Filling up the DagBag from /home/airflow/.local/lib/python3.7/site-packages/airflow/example_dags/example_task_group_decorator.py
[2022-11-11T14:37:33.043+0000] {processor.py:766} INFO - DAG(s) dict_keys(['example_task_group_decorator']) retrieved from /home/airflow/.local/lib/python3.7/site-packages/airflow/example_dags/example_task_group_decorator.py
[2022-11-11T14:37:33.100+0000] {logging_mixin.py:120} INFO - [2022-11-11T14:37:33.099+0000] {dag.py:2585} INFO - Sync 1 DAGs
[2022-11-11T14:37:33.132+0000] {logging_mixin.py:120} INFO - [2022-11-11T14:37:33.132+0000] {dag.py:3340} INFO - Setting next_dagrun for example_task_group_decorator to 2022-11-10T14:37:33.132273+00:00, run_after=2022-11-11T14:37:33.132273+00:00
[2022-11-11T14:37:33.159+0000] {processor.py:176} INFO - Processing /home/airflow/.local/lib/python3.7/site-packages/airflow/example_dags/example_task_group_decorator.py took 0.162 seconds
[2022-11-11T14:38:03.646+0000] {processor.py:154} INFO - Started process (PID=1284) to work on /home/airflow/.local/lib/python3.7/site-packages/airflow/example_dags/example_task_group_decorator.py
[2022-11-11T14:38:03.648+0000] {processor.py:756} INFO - Processing file /home/airflow/.local/lib/python3.7/site-packages/airflow/example_dags/example_task_group_decorator.py for tasks to queue
[2022-11-11T14:38:03.648+0000] {logging_mixin.py:120} INFO - [2022-11-11T14:38:03.648+0000] {dagbag.py:537} INFO - Filling up the DagBag from /home/airflow/.local/lib/python3.7/site-packages/airflow/example_dags/example_task_group_decorator.py
[2022-11-11T14:38:03.686+0000] {processor.py:766} INFO - DAG(s) dict_keys(['example_task_group_decorator']) retrieved from /home/airflow/.local/lib/python3.7/site-packages/airflow/example_dags/example_task_group_decorator.py
[2022-11-11T14:38:03.741+0000] {logging_mixin.py:120} INFO - [2022-11-11T14:38:03.741+0000] {dag.py:2585} INFO - Sync 1 DAGs
[2022-11-11T14:38:03.773+0000] {logging_mixin.py:120} INFO - [2022-11-11T14:38:03.773+0000] {dag.py:3340} INFO - Setting next_dagrun for example_task_group_decorator to 2022-11-10T14:38:03.773305+00:00, run_after=2022-11-11T14:38:03.773305+00:00
[2022-11-11T14:38:03.803+0000] {processor.py:176} INFO - Processing /home/airflow/.local/lib/python3.7/site-packages/airflow/example_dags/example_task_group_decorator.py took 0.163 seconds
[2022-11-11T14:38:34.024+0000] {processor.py:154} INFO - Started process (PID=1341) to work on /home/airflow/.local/lib/python3.7/site-packages/airflow/example_dags/example_task_group_decorator.py
[2022-11-11T14:38:34.026+0000] {processor.py:756} INFO - Processing file /home/airflow/.local/lib/python3.7/site-packages/airflow/example_dags/example_task_group_decorator.py for tasks to queue
[2022-11-11T14:38:34.027+0000] {logging_mixin.py:120} INFO - [2022-11-11T14:38:34.026+0000] {dagbag.py:537} INFO - Filling up the DagBag from /home/airflow/.local/lib/python3.7/site-packages/airflow/example_dags/example_task_group_decorator.py
[2022-11-11T14:38:34.069+0000] {processor.py:766} INFO - DAG(s) dict_keys(['example_task_group_decorator']) retrieved from /home/airflow/.local/lib/python3.7/site-packages/airflow/example_dags/example_task_group_decorator.py
[2022-11-11T14:38:34.131+0000] {logging_mixin.py:120} INFO - [2022-11-11T14:38:34.131+0000] {dag.py:2585} INFO - Sync 1 DAGs
[2022-11-11T14:38:34.166+0000] {logging_mixin.py:120} INFO - [2022-11-11T14:38:34.165+0000] {dag.py:3340} INFO - Setting next_dagrun for example_task_group_decorator to 2022-11-10T14:38:34.165501+00:00, run_after=2022-11-11T14:38:34.165501+00:00
[2022-11-11T14:38:34.192+0000] {processor.py:176} INFO - Processing /home/airflow/.local/lib/python3.7/site-packages/airflow/example_dags/example_task_group_decorator.py took 0.172 seconds
[2022-11-11T14:39:04.683+0000] {processor.py:154} INFO - Started process (PID=1396) to work on /home/airflow/.local/lib/python3.7/site-packages/airflow/example_dags/example_task_group_decorator.py
[2022-11-11T14:39:04.685+0000] {processor.py:756} INFO - Processing file /home/airflow/.local/lib/python3.7/site-packages/airflow/example_dags/example_task_group_decorator.py for tasks to queue
[2022-11-11T14:39:04.686+0000] {logging_mixin.py:120} INFO - [2022-11-11T14:39:04.685+0000] {dagbag.py:537} INFO - Filling up the DagBag from /home/airflow/.local/lib/python3.7/site-packages/airflow/example_dags/example_task_group_decorator.py
[2022-11-11T14:39:04.727+0000] {processor.py:766} INFO - DAG(s) dict_keys(['example_task_group_decorator']) retrieved from /home/airflow/.local/lib/python3.7/site-packages/airflow/example_dags/example_task_group_decorator.py
[2022-11-11T14:39:04.790+0000] {logging_mixin.py:120} INFO - [2022-11-11T14:39:04.789+0000] {dag.py:2585} INFO - Sync 1 DAGs
[2022-11-11T14:39:04.828+0000] {logging_mixin.py:120} INFO - [2022-11-11T14:39:04.828+0000] {dag.py:3340} INFO - Setting next_dagrun for example_task_group_decorator to 2022-11-10T14:39:04.828481+00:00, run_after=2022-11-11T14:39:04.828481+00:00
[2022-11-11T14:39:04.853+0000] {processor.py:176} INFO - Processing /home/airflow/.local/lib/python3.7/site-packages/airflow/example_dags/example_task_group_decorator.py took 0.175 seconds
[2022-11-11T14:39:35.396+0000] {processor.py:154} INFO - Started process (PID=1454) to work on /home/airflow/.local/lib/python3.7/site-packages/airflow/example_dags/example_task_group_decorator.py
[2022-11-11T14:39:35.397+0000] {processor.py:756} INFO - Processing file /home/airflow/.local/lib/python3.7/site-packages/airflow/example_dags/example_task_group_decorator.py for tasks to queue
[2022-11-11T14:39:35.398+0000] {logging_mixin.py:120} INFO - [2022-11-11T14:39:35.397+0000] {dagbag.py:537} INFO - Filling up the DagBag from /home/airflow/.local/lib/python3.7/site-packages/airflow/example_dags/example_task_group_decorator.py
[2022-11-11T14:39:35.436+0000] {processor.py:766} INFO - DAG(s) dict_keys(['example_task_group_decorator']) retrieved from /home/airflow/.local/lib/python3.7/site-packages/airflow/example_dags/example_task_group_decorator.py
[2022-11-11T14:39:35.491+0000] {logging_mixin.py:120} INFO - [2022-11-11T14:39:35.491+0000] {dag.py:2585} INFO - Sync 1 DAGs
[2022-11-11T14:39:35.524+0000] {logging_mixin.py:120} INFO - [2022-11-11T14:39:35.524+0000] {dag.py:3340} INFO - Setting next_dagrun for example_task_group_decorator to 2022-11-10T14:39:35.524117+00:00, run_after=2022-11-11T14:39:35.524117+00:00
[2022-11-11T14:39:35.547+0000] {processor.py:176} INFO - Processing /home/airflow/.local/lib/python3.7/site-packages/airflow/example_dags/example_task_group_decorator.py took 0.155 seconds
[2022-11-11T14:40:06.045+0000] {processor.py:154} INFO - Started process (PID=1509) to work on /home/airflow/.local/lib/python3.7/site-packages/airflow/example_dags/example_task_group_decorator.py
[2022-11-11T14:40:06.047+0000] {processor.py:756} INFO - Processing file /home/airflow/.local/lib/python3.7/site-packages/airflow/example_dags/example_task_group_decorator.py for tasks to queue
[2022-11-11T14:40:06.047+0000] {logging_mixin.py:120} INFO - [2022-11-11T14:40:06.047+0000] {dagbag.py:537} INFO - Filling up the DagBag from /home/airflow/.local/lib/python3.7/site-packages/airflow/example_dags/example_task_group_decorator.py
[2022-11-11T14:40:06.087+0000] {processor.py:766} INFO - DAG(s) dict_keys(['example_task_group_decorator']) retrieved from /home/airflow/.local/lib/python3.7/site-packages/airflow/example_dags/example_task_group_decorator.py
[2022-11-11T14:40:06.143+0000] {logging_mixin.py:120} INFO - [2022-11-11T14:40:06.143+0000] {dag.py:2585} INFO - Sync 1 DAGs
[2022-11-11T14:40:06.176+0000] {logging_mixin.py:120} INFO - [2022-11-11T14:40:06.176+0000] {dag.py:3340} INFO - Setting next_dagrun for example_task_group_decorator to 2022-11-10T14:40:06.176011+00:00, run_after=2022-11-11T14:40:06.176011+00:00
[2022-11-11T14:40:06.205+0000] {processor.py:176} INFO - Processing /home/airflow/.local/lib/python3.7/site-packages/airflow/example_dags/example_task_group_decorator.py took 0.165 seconds
[2022-11-11T14:40:36.523+0000] {processor.py:154} INFO - Started process (PID=1565) to work on /home/airflow/.local/lib/python3.7/site-packages/airflow/example_dags/example_task_group_decorator.py
[2022-11-11T14:40:36.525+0000] {processor.py:756} INFO - Processing file /home/airflow/.local/lib/python3.7/site-packages/airflow/example_dags/example_task_group_decorator.py for tasks to queue
[2022-11-11T14:40:36.525+0000] {logging_mixin.py:120} INFO - [2022-11-11T14:40:36.525+0000] {dagbag.py:537} INFO - Filling up the DagBag from /home/airflow/.local/lib/python3.7/site-packages/airflow/example_dags/example_task_group_decorator.py
[2022-11-11T14:40:36.565+0000] {processor.py:766} INFO - DAG(s) dict_keys(['example_task_group_decorator']) retrieved from /home/airflow/.local/lib/python3.7/site-packages/airflow/example_dags/example_task_group_decorator.py
[2022-11-11T14:40:36.623+0000] {logging_mixin.py:120} INFO - [2022-11-11T14:40:36.623+0000] {dag.py:2585} INFO - Sync 1 DAGs
[2022-11-11T14:40:36.655+0000] {logging_mixin.py:120} INFO - [2022-11-11T14:40:36.655+0000] {dag.py:3340} INFO - Setting next_dagrun for example_task_group_decorator to 2022-11-10T14:40:36.655294+00:00, run_after=2022-11-11T14:40:36.655294+00:00
[2022-11-11T14:40:36.683+0000] {processor.py:176} INFO - Processing /home/airflow/.local/lib/python3.7/site-packages/airflow/example_dags/example_task_group_decorator.py took 0.165 seconds
[2022-11-11T14:41:07.126+0000] {processor.py:154} INFO - Started process (PID=1622) to work on /home/airflow/.local/lib/python3.7/site-packages/airflow/example_dags/example_task_group_decorator.py
[2022-11-11T14:41:07.128+0000] {processor.py:756} INFO - Processing file /home/airflow/.local/lib/python3.7/site-packages/airflow/example_dags/example_task_group_decorator.py for tasks to queue
[2022-11-11T14:41:07.128+0000] {logging_mixin.py:120} INFO - [2022-11-11T14:41:07.128+0000] {dagbag.py:537} INFO - Filling up the DagBag from /home/airflow/.local/lib/python3.7/site-packages/airflow/example_dags/example_task_group_decorator.py
[2022-11-11T14:41:07.168+0000] {processor.py:766} INFO - DAG(s) dict_keys(['example_task_group_decorator']) retrieved from /home/airflow/.local/lib/python3.7/site-packages/airflow/example_dags/example_task_group_decorator.py
[2022-11-11T14:41:07.224+0000] {logging_mixin.py:120} INFO - [2022-11-11T14:41:07.223+0000] {dag.py:2585} INFO - Sync 1 DAGs
[2022-11-11T14:41:07.258+0000] {logging_mixin.py:120} INFO - [2022-11-11T14:41:07.258+0000] {dag.py:3340} INFO - Setting next_dagrun for example_task_group_decorator to 2022-11-10T14:41:07.258300+00:00, run_after=2022-11-11T14:41:07.258300+00:00
[2022-11-11T14:41:07.281+0000] {processor.py:176} INFO - Processing /home/airflow/.local/lib/python3.7/site-packages/airflow/example_dags/example_task_group_decorator.py took 0.162 seconds
[2022-11-11T14:41:37.647+0000] {processor.py:154} INFO - Started process (PID=1680) to work on /home/airflow/.local/lib/python3.7/site-packages/airflow/example_dags/example_task_group_decorator.py
[2022-11-11T14:41:37.648+0000] {processor.py:756} INFO - Processing file /home/airflow/.local/lib/python3.7/site-packages/airflow/example_dags/example_task_group_decorator.py for tasks to queue
[2022-11-11T14:41:37.649+0000] {logging_mixin.py:120} INFO - [2022-11-11T14:41:37.649+0000] {dagbag.py:537} INFO - Filling up the DagBag from /home/airflow/.local/lib/python3.7/site-packages/airflow/example_dags/example_task_group_decorator.py
[2022-11-11T14:41:37.688+0000] {processor.py:766} INFO - DAG(s) dict_keys(['example_task_group_decorator']) retrieved from /home/airflow/.local/lib/python3.7/site-packages/airflow/example_dags/example_task_group_decorator.py
[2022-11-11T14:41:37.746+0000] {logging_mixin.py:120} INFO - [2022-11-11T14:41:37.746+0000] {dag.py:2585} INFO - Sync 1 DAGs
[2022-11-11T14:41:37.781+0000] {logging_mixin.py:120} INFO - [2022-11-11T14:41:37.781+0000] {dag.py:3340} INFO - Setting next_dagrun for example_task_group_decorator to 2022-11-10T14:41:37.781447+00:00, run_after=2022-11-11T14:41:37.781447+00:00
[2022-11-11T14:41:37.804+0000] {processor.py:176} INFO - Processing /home/airflow/.local/lib/python3.7/site-packages/airflow/example_dags/example_task_group_decorator.py took 0.161 seconds
[2022-11-11T14:42:08.190+0000] {processor.py:154} INFO - Started process (PID=1738) to work on /home/airflow/.local/lib/python3.7/site-packages/airflow/example_dags/example_task_group_decorator.py
[2022-11-11T14:42:08.191+0000] {processor.py:756} INFO - Processing file /home/airflow/.local/lib/python3.7/site-packages/airflow/example_dags/example_task_group_decorator.py for tasks to queue
[2022-11-11T14:42:08.192+0000] {logging_mixin.py:120} INFO - [2022-11-11T14:42:08.192+0000] {dagbag.py:537} INFO - Filling up the DagBag from /home/airflow/.local/lib/python3.7/site-packages/airflow/example_dags/example_task_group_decorator.py
[2022-11-11T14:42:08.230+0000] {processor.py:766} INFO - DAG(s) dict_keys(['example_task_group_decorator']) retrieved from /home/airflow/.local/lib/python3.7/site-packages/airflow/example_dags/example_task_group_decorator.py
[2022-11-11T14:42:08.284+0000] {logging_mixin.py:120} INFO - [2022-11-11T14:42:08.284+0000] {dag.py:2585} INFO - Sync 1 DAGs
[2022-11-11T14:42:08.315+0000] {logging_mixin.py:120} INFO - [2022-11-11T14:42:08.315+0000] {dag.py:3340} INFO - Setting next_dagrun for example_task_group_decorator to 2022-11-10T14:42:08.314928+00:00, run_after=2022-11-11T14:42:08.314928+00:00
[2022-11-11T14:42:08.337+0000] {processor.py:176} INFO - Processing /home/airflow/.local/lib/python3.7/site-packages/airflow/example_dags/example_task_group_decorator.py took 0.153 seconds
[2022-11-11T14:42:38.612+0000] {processor.py:154} INFO - Started process (PID=1796) to work on /home/airflow/.local/lib/python3.7/site-packages/airflow/example_dags/example_task_group_decorator.py
[2022-11-11T14:42:38.614+0000] {processor.py:756} INFO - Processing file /home/airflow/.local/lib/python3.7/site-packages/airflow/example_dags/example_task_group_decorator.py for tasks to queue
[2022-11-11T14:42:38.614+0000] {logging_mixin.py:120} INFO - [2022-11-11T14:42:38.614+0000] {dagbag.py:537} INFO - Filling up the DagBag from /home/airflow/.local/lib/python3.7/site-packages/airflow/example_dags/example_task_group_decorator.py
[2022-11-11T14:42:38.654+0000] {processor.py:766} INFO - DAG(s) dict_keys(['example_task_group_decorator']) retrieved from /home/airflow/.local/lib/python3.7/site-packages/airflow/example_dags/example_task_group_decorator.py
[2022-11-11T14:42:38.713+0000] {logging_mixin.py:120} INFO - [2022-11-11T14:42:38.713+0000] {dag.py:2585} INFO - Sync 1 DAGs
[2022-11-11T14:42:38.746+0000] {logging_mixin.py:120} INFO - [2022-11-11T14:42:38.746+0000] {dag.py:3340} INFO - Setting next_dagrun for example_task_group_decorator to 2022-11-10T14:42:38.746228+00:00, run_after=2022-11-11T14:42:38.746228+00:00
[2022-11-11T14:42:38.770+0000] {processor.py:176} INFO - Processing /home/airflow/.local/lib/python3.7/site-packages/airflow/example_dags/example_task_group_decorator.py took 0.163 seconds
[2022-11-11T14:43:09.224+0000] {processor.py:154} INFO - Started process (PID=1854) to work on /home/airflow/.local/lib/python3.7/site-packages/airflow/example_dags/example_task_group_decorator.py
[2022-11-11T14:43:09.226+0000] {processor.py:756} INFO - Processing file /home/airflow/.local/lib/python3.7/site-packages/airflow/example_dags/example_task_group_decorator.py for tasks to queue
[2022-11-11T14:43:09.227+0000] {logging_mixin.py:120} INFO - [2022-11-11T14:43:09.226+0000] {dagbag.py:537} INFO - Filling up the DagBag from /home/airflow/.local/lib/python3.7/site-packages/airflow/example_dags/example_task_group_decorator.py
[2022-11-11T14:43:09.267+0000] {processor.py:766} INFO - DAG(s) dict_keys(['example_task_group_decorator']) retrieved from /home/airflow/.local/lib/python3.7/site-packages/airflow/example_dags/example_task_group_decorator.py
[2022-11-11T14:43:09.339+0000] {logging_mixin.py:120} INFO - [2022-11-11T14:43:09.339+0000] {dag.py:2585} INFO - Sync 1 DAGs
[2022-11-11T14:43:09.374+0000] {logging_mixin.py:120} INFO - [2022-11-11T14:43:09.374+0000] {dag.py:3340} INFO - Setting next_dagrun for example_task_group_decorator to 2022-11-10T14:43:09.373675+00:00, run_after=2022-11-11T14:43:09.373675+00:00
[2022-11-11T14:43:09.396+0000] {processor.py:176} INFO - Processing /home/airflow/.local/lib/python3.7/site-packages/airflow/example_dags/example_task_group_decorator.py took 0.177 seconds
[2022-11-11T14:43:39.765+0000] {processor.py:154} INFO - Started process (PID=1911) to work on /home/airflow/.local/lib/python3.7/site-packages/airflow/example_dags/example_task_group_decorator.py
[2022-11-11T14:43:39.766+0000] {processor.py:756} INFO - Processing file /home/airflow/.local/lib/python3.7/site-packages/airflow/example_dags/example_task_group_decorator.py for tasks to queue
[2022-11-11T14:43:39.767+0000] {logging_mixin.py:120} INFO - [2022-11-11T14:43:39.767+0000] {dagbag.py:537} INFO - Filling up the DagBag from /home/airflow/.local/lib/python3.7/site-packages/airflow/example_dags/example_task_group_decorator.py
[2022-11-11T14:43:39.805+0000] {processor.py:766} INFO - DAG(s) dict_keys(['example_task_group_decorator']) retrieved from /home/airflow/.local/lib/python3.7/site-packages/airflow/example_dags/example_task_group_decorator.py
[2022-11-11T14:43:39.859+0000] {logging_mixin.py:120} INFO - [2022-11-11T14:43:39.859+0000] {dag.py:2585} INFO - Sync 1 DAGs
[2022-11-11T14:43:39.891+0000] {logging_mixin.py:120} INFO - [2022-11-11T14:43:39.891+0000] {dag.py:3340} INFO - Setting next_dagrun for example_task_group_decorator to 2022-11-10T14:43:39.890732+00:00, run_after=2022-11-11T14:43:39.890732+00:00
[2022-11-11T14:43:39.913+0000] {processor.py:176} INFO - Processing /home/airflow/.local/lib/python3.7/site-packages/airflow/example_dags/example_task_group_decorator.py took 0.154 seconds
[2022-11-11T14:44:10.151+0000] {processor.py:154} INFO - Started process (PID=1968) to work on /home/airflow/.local/lib/python3.7/site-packages/airflow/example_dags/example_task_group_decorator.py
[2022-11-11T14:44:10.152+0000] {processor.py:756} INFO - Processing file /home/airflow/.local/lib/python3.7/site-packages/airflow/example_dags/example_task_group_decorator.py for tasks to queue
[2022-11-11T14:44:10.153+0000] {logging_mixin.py:120} INFO - [2022-11-11T14:44:10.153+0000] {dagbag.py:537} INFO - Filling up the DagBag from /home/airflow/.local/lib/python3.7/site-packages/airflow/example_dags/example_task_group_decorator.py
[2022-11-11T14:44:10.191+0000] {processor.py:766} INFO - DAG(s) dict_keys(['example_task_group_decorator']) retrieved from /home/airflow/.local/lib/python3.7/site-packages/airflow/example_dags/example_task_group_decorator.py
[2022-11-11T14:44:10.249+0000] {logging_mixin.py:120} INFO - [2022-11-11T14:44:10.249+0000] {dag.py:2585} INFO - Sync 1 DAGs
[2022-11-11T14:44:10.283+0000] {logging_mixin.py:120} INFO - [2022-11-11T14:44:10.283+0000] {dag.py:3340} INFO - Setting next_dagrun for example_task_group_decorator to 2022-11-10T14:44:10.283026+00:00, run_after=2022-11-11T14:44:10.283026+00:00
[2022-11-11T14:44:10.307+0000] {processor.py:176} INFO - Processing /home/airflow/.local/lib/python3.7/site-packages/airflow/example_dags/example_task_group_decorator.py took 0.163 seconds
