[2022-11-11T14:18:09.008+0000] {processor.py:154} INFO - Started process (PID=71) to work on /home/airflow/.local/lib/python3.7/site-packages/airflow/example_dags/example_branch_labels.py
[2022-11-11T14:18:09.010+0000] {processor.py:756} INFO - Processing file /home/airflow/.local/lib/python3.7/site-packages/airflow/example_dags/example_branch_labels.py for tasks to queue
[2022-11-11T14:18:09.011+0000] {logging_mixin.py:120} INFO - [2022-11-11T14:18:09.010+0000] {dagbag.py:537} INFO - Filling up the DagBag from /home/airflow/.local/lib/python3.7/site-packages/airflow/example_dags/example_branch_labels.py
[2022-11-11T14:18:09.033+0000] {processor.py:766} INFO - DAG(s) dict_keys(['example_branch_labels']) retrieved from /home/airflow/.local/lib/python3.7/site-packages/airflow/example_dags/example_branch_labels.py
[2022-11-11T14:18:09.238+0000] {logging_mixin.py:120} INFO - [2022-11-11T14:18:09.238+0000] {manager.py:507} INFO - Created Permission View: can read on DAG:example_branch_labels
[2022-11-11T14:18:09.258+0000] {logging_mixin.py:120} INFO - [2022-11-11T14:18:09.258+0000] {manager.py:507} INFO - Created Permission View: can edit on DAG:example_branch_labels
[2022-11-11T14:18:09.272+0000] {logging_mixin.py:120} INFO - [2022-11-11T14:18:09.271+0000] {manager.py:507} INFO - Created Permission View: can delete on DAG:example_branch_labels
[2022-11-11T14:18:09.272+0000] {logging_mixin.py:120} INFO - [2022-11-11T14:18:09.272+0000] {dag.py:2585} INFO - Sync 1 DAGs
[2022-11-11T14:18:09.301+0000] {logging_mixin.py:120} INFO - [2022-11-11T14:18:09.301+0000] {dag.py:2606} INFO - Creating ORM DAG for example_branch_labels
[2022-11-11T14:18:09.329+0000] {logging_mixin.py:120} INFO - [2022-11-11T14:18:09.328+0000] {dag.py:3340} INFO - Setting next_dagrun for example_branch_labels to 2022-11-10T00:00:00+00:00, run_after=2022-11-11T00:00:00+00:00
[2022-11-11T14:18:09.357+0000] {processor.py:176} INFO - Processing /home/airflow/.local/lib/python3.7/site-packages/airflow/example_dags/example_branch_labels.py took 0.355 seconds
[2022-11-11T14:18:39.496+0000] {processor.py:154} INFO - Started process (PID=128) to work on /home/airflow/.local/lib/python3.7/site-packages/airflow/example_dags/example_branch_labels.py
[2022-11-11T14:18:39.497+0000] {processor.py:756} INFO - Processing file /home/airflow/.local/lib/python3.7/site-packages/airflow/example_dags/example_branch_labels.py for tasks to queue
[2022-11-11T14:18:39.498+0000] {logging_mixin.py:120} INFO - [2022-11-11T14:18:39.498+0000] {dagbag.py:537} INFO - Filling up the DagBag from /home/airflow/.local/lib/python3.7/site-packages/airflow/example_dags/example_branch_labels.py
[2022-11-11T14:18:39.522+0000] {processor.py:766} INFO - DAG(s) dict_keys(['example_branch_labels']) retrieved from /home/airflow/.local/lib/python3.7/site-packages/airflow/example_dags/example_branch_labels.py
[2022-11-11T14:18:39.584+0000] {logging_mixin.py:120} INFO - [2022-11-11T14:18:39.584+0000] {dag.py:2585} INFO - Sync 1 DAGs
[2022-11-11T14:18:39.624+0000] {logging_mixin.py:120} INFO - [2022-11-11T14:18:39.623+0000] {dag.py:3340} INFO - Setting next_dagrun for example_branch_labels to 2022-11-10T00:00:00+00:00, run_after=2022-11-11T00:00:00+00:00
[2022-11-11T14:18:39.653+0000] {processor.py:176} INFO - Processing /home/airflow/.local/lib/python3.7/site-packages/airflow/example_dags/example_branch_labels.py took 0.162 seconds
[2022-11-11T14:19:09.964+0000] {processor.py:154} INFO - Started process (PID=186) to work on /home/airflow/.local/lib/python3.7/site-packages/airflow/example_dags/example_branch_labels.py
[2022-11-11T14:19:09.965+0000] {processor.py:756} INFO - Processing file /home/airflow/.local/lib/python3.7/site-packages/airflow/example_dags/example_branch_labels.py for tasks to queue
[2022-11-11T14:19:09.966+0000] {logging_mixin.py:120} INFO - [2022-11-11T14:19:09.966+0000] {dagbag.py:537} INFO - Filling up the DagBag from /home/airflow/.local/lib/python3.7/site-packages/airflow/example_dags/example_branch_labels.py
[2022-11-11T14:19:09.988+0000] {processor.py:766} INFO - DAG(s) dict_keys(['example_branch_labels']) retrieved from /home/airflow/.local/lib/python3.7/site-packages/airflow/example_dags/example_branch_labels.py
[2022-11-11T14:19:10.050+0000] {logging_mixin.py:120} INFO - [2022-11-11T14:19:10.050+0000] {dag.py:2585} INFO - Sync 1 DAGs
[2022-11-11T14:19:10.090+0000] {logging_mixin.py:120} INFO - [2022-11-11T14:19:10.090+0000] {dag.py:3340} INFO - Setting next_dagrun for example_branch_labels to 2022-11-10T00:00:00+00:00, run_after=2022-11-11T00:00:00+00:00
[2022-11-11T14:19:10.119+0000] {processor.py:176} INFO - Processing /home/airflow/.local/lib/python3.7/site-packages/airflow/example_dags/example_branch_labels.py took 0.160 seconds
[2022-11-11T14:19:40.907+0000] {processor.py:154} INFO - Started process (PID=249) to work on /home/airflow/.local/lib/python3.7/site-packages/airflow/example_dags/example_branch_labels.py
[2022-11-11T14:19:40.909+0000] {processor.py:756} INFO - Processing file /home/airflow/.local/lib/python3.7/site-packages/airflow/example_dags/example_branch_labels.py for tasks to queue
[2022-11-11T14:19:40.910+0000] {logging_mixin.py:120} INFO - [2022-11-11T14:19:40.909+0000] {dagbag.py:537} INFO - Filling up the DagBag from /home/airflow/.local/lib/python3.7/site-packages/airflow/example_dags/example_branch_labels.py
[2022-11-11T14:19:40.934+0000] {processor.py:766} INFO - DAG(s) dict_keys(['example_branch_labels']) retrieved from /home/airflow/.local/lib/python3.7/site-packages/airflow/example_dags/example_branch_labels.py
[2022-11-11T14:19:40.991+0000] {logging_mixin.py:120} INFO - [2022-11-11T14:19:40.990+0000] {dag.py:2585} INFO - Sync 1 DAGs
[2022-11-11T14:19:41.029+0000] {logging_mixin.py:120} INFO - [2022-11-11T14:19:41.029+0000] {dag.py:3340} INFO - Setting next_dagrun for example_branch_labels to 2022-11-10T00:00:00+00:00, run_after=2022-11-11T00:00:00+00:00
[2022-11-11T14:19:41.053+0000] {processor.py:176} INFO - Processing /home/airflow/.local/lib/python3.7/site-packages/airflow/example_dags/example_branch_labels.py took 0.152 seconds
[2022-11-11T14:22:45.136+0000] {processor.py:154} INFO - Started process (PID=64) to work on /home/airflow/.local/lib/python3.7/site-packages/airflow/example_dags/example_branch_labels.py
[2022-11-11T14:22:45.137+0000] {processor.py:756} INFO - Processing file /home/airflow/.local/lib/python3.7/site-packages/airflow/example_dags/example_branch_labels.py for tasks to queue
[2022-11-11T14:22:45.138+0000] {logging_mixin.py:120} INFO - [2022-11-11T14:22:45.138+0000] {dagbag.py:537} INFO - Filling up the DagBag from /home/airflow/.local/lib/python3.7/site-packages/airflow/example_dags/example_branch_labels.py
[2022-11-11T14:22:45.357+0000] {processor.py:766} INFO - DAG(s) dict_keys(['example_branch_labels']) retrieved from /home/airflow/.local/lib/python3.7/site-packages/airflow/example_dags/example_branch_labels.py
[2022-11-11T14:22:45.416+0000] {logging_mixin.py:120} INFO - [2022-11-11T14:22:45.416+0000] {dag.py:2585} INFO - Sync 1 DAGs
[2022-11-11T14:22:45.455+0000] {logging_mixin.py:120} INFO - [2022-11-11T14:22:45.455+0000] {dag.py:3340} INFO - Setting next_dagrun for example_branch_labels to 2022-11-10T00:00:00+00:00, run_after=2022-11-11T00:00:00+00:00
[2022-11-11T14:22:45.850+0000] {processor.py:176} INFO - Processing /home/airflow/.local/lib/python3.7/site-packages/airflow/example_dags/example_branch_labels.py took 0.719 seconds
[2022-11-11T14:23:15.983+0000] {processor.py:154} INFO - Started process (PID=122) to work on /home/airflow/.local/lib/python3.7/site-packages/airflow/example_dags/example_branch_labels.py
[2022-11-11T14:23:15.985+0000] {processor.py:756} INFO - Processing file /home/airflow/.local/lib/python3.7/site-packages/airflow/example_dags/example_branch_labels.py for tasks to queue
[2022-11-11T14:23:15.985+0000] {logging_mixin.py:120} INFO - [2022-11-11T14:23:15.985+0000] {dagbag.py:537} INFO - Filling up the DagBag from /home/airflow/.local/lib/python3.7/site-packages/airflow/example_dags/example_branch_labels.py
[2022-11-11T14:23:16.016+0000] {processor.py:766} INFO - DAG(s) dict_keys(['example_branch_labels']) retrieved from /home/airflow/.local/lib/python3.7/site-packages/airflow/example_dags/example_branch_labels.py
[2022-11-11T14:23:16.079+0000] {logging_mixin.py:120} INFO - [2022-11-11T14:23:16.079+0000] {dag.py:2585} INFO - Sync 1 DAGs
[2022-11-11T14:23:16.118+0000] {logging_mixin.py:120} INFO - [2022-11-11T14:23:16.118+0000] {dag.py:3340} INFO - Setting next_dagrun for example_branch_labels to 2022-11-10T00:00:00+00:00, run_after=2022-11-11T00:00:00+00:00
[2022-11-11T14:23:16.144+0000] {processor.py:176} INFO - Processing /home/airflow/.local/lib/python3.7/site-packages/airflow/example_dags/example_branch_labels.py took 0.167 seconds
[2022-11-11T14:24:40.719+0000] {processor.py:154} INFO - Started process (PID=67) to work on /home/airflow/.local/lib/python3.7/site-packages/airflow/example_dags/example_branch_labels.py
[2022-11-11T14:24:40.720+0000] {processor.py:756} INFO - Processing file /home/airflow/.local/lib/python3.7/site-packages/airflow/example_dags/example_branch_labels.py for tasks to queue
[2022-11-11T14:24:40.722+0000] {logging_mixin.py:120} INFO - [2022-11-11T14:24:40.721+0000] {dagbag.py:537} INFO - Filling up the DagBag from /home/airflow/.local/lib/python3.7/site-packages/airflow/example_dags/example_branch_labels.py
[2022-11-11T14:24:40.747+0000] {processor.py:766} INFO - DAG(s) dict_keys(['example_branch_labels']) retrieved from /home/airflow/.local/lib/python3.7/site-packages/airflow/example_dags/example_branch_labels.py
[2022-11-11T14:24:40.810+0000] {logging_mixin.py:120} INFO - [2022-11-11T14:24:40.809+0000] {dag.py:2585} INFO - Sync 1 DAGs
[2022-11-11T14:24:40.849+0000] {logging_mixin.py:120} INFO - [2022-11-11T14:24:40.849+0000] {dag.py:3340} INFO - Setting next_dagrun for example_branch_labels to 2022-11-10T00:00:00+00:00, run_after=2022-11-11T00:00:00+00:00
[2022-11-11T14:24:40.877+0000] {processor.py:176} INFO - Processing /home/airflow/.local/lib/python3.7/site-packages/airflow/example_dags/example_branch_labels.py took 0.164 seconds
[2022-11-11T14:27:16.597+0000] {processor.py:154} INFO - Started process (PID=67) to work on /home/airflow/.local/lib/python3.7/site-packages/airflow/example_dags/example_branch_labels.py
[2022-11-11T14:27:16.599+0000] {processor.py:756} INFO - Processing file /home/airflow/.local/lib/python3.7/site-packages/airflow/example_dags/example_branch_labels.py for tasks to queue
[2022-11-11T14:27:16.600+0000] {logging_mixin.py:120} INFO - [2022-11-11T14:27:16.600+0000] {dagbag.py:537} INFO - Filling up the DagBag from /home/airflow/.local/lib/python3.7/site-packages/airflow/example_dags/example_branch_labels.py
[2022-11-11T14:27:16.623+0000] {processor.py:766} INFO - DAG(s) dict_keys(['example_branch_labels']) retrieved from /home/airflow/.local/lib/python3.7/site-packages/airflow/example_dags/example_branch_labels.py
[2022-11-11T14:27:16.696+0000] {logging_mixin.py:120} INFO - [2022-11-11T14:27:16.696+0000] {dag.py:2585} INFO - Sync 1 DAGs
[2022-11-11T14:27:16.737+0000] {logging_mixin.py:120} INFO - [2022-11-11T14:27:16.736+0000] {dag.py:3340} INFO - Setting next_dagrun for example_branch_labels to 2022-11-10T00:00:00+00:00, run_after=2022-11-11T00:00:00+00:00
[2022-11-11T14:27:16.767+0000] {processor.py:176} INFO - Processing /home/airflow/.local/lib/python3.7/site-packages/airflow/example_dags/example_branch_labels.py took 0.175 seconds
[2022-11-11T14:27:50.257+0000] {processor.py:154} INFO - Started process (PID=124) to work on /home/airflow/.local/lib/python3.7/site-packages/airflow/example_dags/example_branch_labels.py
[2022-11-11T14:27:50.259+0000] {processor.py:756} INFO - Processing file /home/airflow/.local/lib/python3.7/site-packages/airflow/example_dags/example_branch_labels.py for tasks to queue
[2022-11-11T14:27:50.259+0000] {logging_mixin.py:120} INFO - [2022-11-11T14:27:50.259+0000] {dagbag.py:537} INFO - Filling up the DagBag from /home/airflow/.local/lib/python3.7/site-packages/airflow/example_dags/example_branch_labels.py
[2022-11-11T14:27:50.280+0000] {processor.py:766} INFO - DAG(s) dict_keys(['example_branch_labels']) retrieved from /home/airflow/.local/lib/python3.7/site-packages/airflow/example_dags/example_branch_labels.py
[2022-11-11T14:27:50.339+0000] {logging_mixin.py:120} INFO - [2022-11-11T14:27:50.338+0000] {dag.py:2585} INFO - Sync 1 DAGs
[2022-11-11T14:27:50.374+0000] {logging_mixin.py:120} INFO - [2022-11-11T14:27:50.374+0000] {dag.py:3340} INFO - Setting next_dagrun for example_branch_labels to 2022-11-10T00:00:00+00:00, run_after=2022-11-11T00:00:00+00:00
[2022-11-11T14:27:50.878+0000] {processor.py:176} INFO - Processing /home/airflow/.local/lib/python3.7/site-packages/airflow/example_dags/example_branch_labels.py took 0.627 seconds
[2022-11-11T14:28:21.299+0000] {processor.py:154} INFO - Started process (PID=183) to work on /home/airflow/.local/lib/python3.7/site-packages/airflow/example_dags/example_branch_labels.py
[2022-11-11T14:28:21.301+0000] {processor.py:756} INFO - Processing file /home/airflow/.local/lib/python3.7/site-packages/airflow/example_dags/example_branch_labels.py for tasks to queue
[2022-11-11T14:28:21.302+0000] {logging_mixin.py:120} INFO - [2022-11-11T14:28:21.302+0000] {dagbag.py:537} INFO - Filling up the DagBag from /home/airflow/.local/lib/python3.7/site-packages/airflow/example_dags/example_branch_labels.py
[2022-11-11T14:28:21.323+0000] {processor.py:766} INFO - DAG(s) dict_keys(['example_branch_labels']) retrieved from /home/airflow/.local/lib/python3.7/site-packages/airflow/example_dags/example_branch_labels.py
[2022-11-11T14:28:21.383+0000] {logging_mixin.py:120} INFO - [2022-11-11T14:28:21.383+0000] {dag.py:2585} INFO - Sync 1 DAGs
[2022-11-11T14:28:21.419+0000] {logging_mixin.py:120} INFO - [2022-11-11T14:28:21.418+0000] {dag.py:3340} INFO - Setting next_dagrun for example_branch_labels to 2022-11-10T00:00:00+00:00, run_after=2022-11-11T00:00:00+00:00
[2022-11-11T14:28:21.444+0000] {processor.py:176} INFO - Processing /home/airflow/.local/lib/python3.7/site-packages/airflow/example_dags/example_branch_labels.py took 0.150 seconds
[2022-11-11T14:28:52.294+0000] {processor.py:154} INFO - Started process (PID=242) to work on /home/airflow/.local/lib/python3.7/site-packages/airflow/example_dags/example_branch_labels.py
[2022-11-11T14:28:52.295+0000] {processor.py:756} INFO - Processing file /home/airflow/.local/lib/python3.7/site-packages/airflow/example_dags/example_branch_labels.py for tasks to queue
[2022-11-11T14:28:52.296+0000] {logging_mixin.py:120} INFO - [2022-11-11T14:28:52.296+0000] {dagbag.py:537} INFO - Filling up the DagBag from /home/airflow/.local/lib/python3.7/site-packages/airflow/example_dags/example_branch_labels.py
[2022-11-11T14:28:52.317+0000] {processor.py:766} INFO - DAG(s) dict_keys(['example_branch_labels']) retrieved from /home/airflow/.local/lib/python3.7/site-packages/airflow/example_dags/example_branch_labels.py
[2022-11-11T14:28:52.371+0000] {logging_mixin.py:120} INFO - [2022-11-11T14:28:52.371+0000] {dag.py:2585} INFO - Sync 1 DAGs
[2022-11-11T14:28:52.408+0000] {logging_mixin.py:120} INFO - [2022-11-11T14:28:52.408+0000] {dag.py:3340} INFO - Setting next_dagrun for example_branch_labels to 2022-11-10T00:00:00+00:00, run_after=2022-11-11T00:00:00+00:00
[2022-11-11T14:28:52.430+0000] {processor.py:176} INFO - Processing /home/airflow/.local/lib/python3.7/site-packages/airflow/example_dags/example_branch_labels.py took 0.141 seconds
[2022-11-11T14:29:22.911+0000] {processor.py:154} INFO - Started process (PID=299) to work on /home/airflow/.local/lib/python3.7/site-packages/airflow/example_dags/example_branch_labels.py
[2022-11-11T14:29:22.912+0000] {processor.py:756} INFO - Processing file /home/airflow/.local/lib/python3.7/site-packages/airflow/example_dags/example_branch_labels.py for tasks to queue
[2022-11-11T14:29:22.913+0000] {logging_mixin.py:120} INFO - [2022-11-11T14:29:22.912+0000] {dagbag.py:537} INFO - Filling up the DagBag from /home/airflow/.local/lib/python3.7/site-packages/airflow/example_dags/example_branch_labels.py
[2022-11-11T14:29:22.934+0000] {processor.py:766} INFO - DAG(s) dict_keys(['example_branch_labels']) retrieved from /home/airflow/.local/lib/python3.7/site-packages/airflow/example_dags/example_branch_labels.py
[2022-11-11T14:29:22.991+0000] {logging_mixin.py:120} INFO - [2022-11-11T14:29:22.990+0000] {dag.py:2585} INFO - Sync 1 DAGs
[2022-11-11T14:29:23.028+0000] {logging_mixin.py:120} INFO - [2022-11-11T14:29:23.028+0000] {dag.py:3340} INFO - Setting next_dagrun for example_branch_labels to 2022-11-10T00:00:00+00:00, run_after=2022-11-11T00:00:00+00:00
[2022-11-11T14:29:23.052+0000] {processor.py:176} INFO - Processing /home/airflow/.local/lib/python3.7/site-packages/airflow/example_dags/example_branch_labels.py took 0.146 seconds
[2022-11-11T14:29:53.544+0000] {processor.py:154} INFO - Started process (PID=356) to work on /home/airflow/.local/lib/python3.7/site-packages/airflow/example_dags/example_branch_labels.py
[2022-11-11T14:29:53.546+0000] {processor.py:756} INFO - Processing file /home/airflow/.local/lib/python3.7/site-packages/airflow/example_dags/example_branch_labels.py for tasks to queue
[2022-11-11T14:29:53.547+0000] {logging_mixin.py:120} INFO - [2022-11-11T14:29:53.546+0000] {dagbag.py:537} INFO - Filling up the DagBag from /home/airflow/.local/lib/python3.7/site-packages/airflow/example_dags/example_branch_labels.py
[2022-11-11T14:29:53.569+0000] {processor.py:766} INFO - DAG(s) dict_keys(['example_branch_labels']) retrieved from /home/airflow/.local/lib/python3.7/site-packages/airflow/example_dags/example_branch_labels.py
[2022-11-11T14:29:53.632+0000] {logging_mixin.py:120} INFO - [2022-11-11T14:29:53.632+0000] {dag.py:2585} INFO - Sync 1 DAGs
[2022-11-11T14:29:53.669+0000] {logging_mixin.py:120} INFO - [2022-11-11T14:29:53.669+0000] {dag.py:3340} INFO - Setting next_dagrun for example_branch_labels to 2022-11-10T00:00:00+00:00, run_after=2022-11-11T00:00:00+00:00
[2022-11-11T14:29:53.697+0000] {processor.py:176} INFO - Processing /home/airflow/.local/lib/python3.7/site-packages/airflow/example_dags/example_branch_labels.py took 0.157 seconds
[2022-11-11T14:30:24.271+0000] {processor.py:154} INFO - Started process (PID=413) to work on /home/airflow/.local/lib/python3.7/site-packages/airflow/example_dags/example_branch_labels.py
[2022-11-11T14:30:24.272+0000] {processor.py:756} INFO - Processing file /home/airflow/.local/lib/python3.7/site-packages/airflow/example_dags/example_branch_labels.py for tasks to queue
[2022-11-11T14:30:24.273+0000] {logging_mixin.py:120} INFO - [2022-11-11T14:30:24.273+0000] {dagbag.py:537} INFO - Filling up the DagBag from /home/airflow/.local/lib/python3.7/site-packages/airflow/example_dags/example_branch_labels.py
[2022-11-11T14:30:24.295+0000] {processor.py:766} INFO - DAG(s) dict_keys(['example_branch_labels']) retrieved from /home/airflow/.local/lib/python3.7/site-packages/airflow/example_dags/example_branch_labels.py
[2022-11-11T14:30:24.355+0000] {logging_mixin.py:120} INFO - [2022-11-11T14:30:24.354+0000] {dag.py:2585} INFO - Sync 1 DAGs
[2022-11-11T14:30:24.390+0000] {logging_mixin.py:120} INFO - [2022-11-11T14:30:24.390+0000] {dag.py:3340} INFO - Setting next_dagrun for example_branch_labels to 2022-11-10T00:00:00+00:00, run_after=2022-11-11T00:00:00+00:00
[2022-11-11T14:30:24.415+0000] {processor.py:176} INFO - Processing /home/airflow/.local/lib/python3.7/site-packages/airflow/example_dags/example_branch_labels.py took 0.150 seconds
[2022-11-11T14:30:54.637+0000] {processor.py:154} INFO - Started process (PID=470) to work on /home/airflow/.local/lib/python3.7/site-packages/airflow/example_dags/example_branch_labels.py
[2022-11-11T14:30:54.639+0000] {processor.py:756} INFO - Processing file /home/airflow/.local/lib/python3.7/site-packages/airflow/example_dags/example_branch_labels.py for tasks to queue
[2022-11-11T14:30:54.639+0000] {logging_mixin.py:120} INFO - [2022-11-11T14:30:54.639+0000] {dagbag.py:537} INFO - Filling up the DagBag from /home/airflow/.local/lib/python3.7/site-packages/airflow/example_dags/example_branch_labels.py
[2022-11-11T14:30:54.661+0000] {processor.py:766} INFO - DAG(s) dict_keys(['example_branch_labels']) retrieved from /home/airflow/.local/lib/python3.7/site-packages/airflow/example_dags/example_branch_labels.py
[2022-11-11T14:30:54.725+0000] {logging_mixin.py:120} INFO - [2022-11-11T14:30:54.725+0000] {dag.py:2585} INFO - Sync 1 DAGs
[2022-11-11T14:30:54.768+0000] {logging_mixin.py:120} INFO - [2022-11-11T14:30:54.768+0000] {dag.py:3340} INFO - Setting next_dagrun for example_branch_labels to 2022-11-10T00:00:00+00:00, run_after=2022-11-11T00:00:00+00:00
[2022-11-11T14:30:54.797+0000] {processor.py:176} INFO - Processing /home/airflow/.local/lib/python3.7/site-packages/airflow/example_dags/example_branch_labels.py took 0.166 seconds
[2022-11-11T14:31:24.954+0000] {processor.py:154} INFO - Started process (PID=527) to work on /home/airflow/.local/lib/python3.7/site-packages/airflow/example_dags/example_branch_labels.py
[2022-11-11T14:31:24.956+0000] {processor.py:756} INFO - Processing file /home/airflow/.local/lib/python3.7/site-packages/airflow/example_dags/example_branch_labels.py for tasks to queue
[2022-11-11T14:31:24.957+0000] {logging_mixin.py:120} INFO - [2022-11-11T14:31:24.957+0000] {dagbag.py:537} INFO - Filling up the DagBag from /home/airflow/.local/lib/python3.7/site-packages/airflow/example_dags/example_branch_labels.py
[2022-11-11T14:31:24.980+0000] {processor.py:766} INFO - DAG(s) dict_keys(['example_branch_labels']) retrieved from /home/airflow/.local/lib/python3.7/site-packages/airflow/example_dags/example_branch_labels.py
[2022-11-11T14:31:25.038+0000] {logging_mixin.py:120} INFO - [2022-11-11T14:31:25.038+0000] {dag.py:2585} INFO - Sync 1 DAGs
[2022-11-11T14:31:25.078+0000] {logging_mixin.py:120} INFO - [2022-11-11T14:31:25.078+0000] {dag.py:3340} INFO - Setting next_dagrun for example_branch_labels to 2022-11-10T00:00:00+00:00, run_after=2022-11-11T00:00:00+00:00
[2022-11-11T14:31:25.104+0000] {processor.py:176} INFO - Processing /home/airflow/.local/lib/python3.7/site-packages/airflow/example_dags/example_branch_labels.py took 0.157 seconds
[2022-11-11T14:31:55.399+0000] {processor.py:154} INFO - Started process (PID=584) to work on /home/airflow/.local/lib/python3.7/site-packages/airflow/example_dags/example_branch_labels.py
[2022-11-11T14:31:55.401+0000] {processor.py:756} INFO - Processing file /home/airflow/.local/lib/python3.7/site-packages/airflow/example_dags/example_branch_labels.py for tasks to queue
[2022-11-11T14:31:55.402+0000] {logging_mixin.py:120} INFO - [2022-11-11T14:31:55.401+0000] {dagbag.py:537} INFO - Filling up the DagBag from /home/airflow/.local/lib/python3.7/site-packages/airflow/example_dags/example_branch_labels.py
[2022-11-11T14:31:55.424+0000] {processor.py:766} INFO - DAG(s) dict_keys(['example_branch_labels']) retrieved from /home/airflow/.local/lib/python3.7/site-packages/airflow/example_dags/example_branch_labels.py
[2022-11-11T14:31:55.485+0000] {logging_mixin.py:120} INFO - [2022-11-11T14:31:55.485+0000] {dag.py:2585} INFO - Sync 1 DAGs
[2022-11-11T14:31:55.523+0000] {logging_mixin.py:120} INFO - [2022-11-11T14:31:55.523+0000] {dag.py:3340} INFO - Setting next_dagrun for example_branch_labels to 2022-11-10T00:00:00+00:00, run_after=2022-11-11T00:00:00+00:00
[2022-11-11T14:31:55.548+0000] {processor.py:176} INFO - Processing /home/airflow/.local/lib/python3.7/site-packages/airflow/example_dags/example_branch_labels.py took 0.154 seconds
[2022-11-11T14:32:26.076+0000] {processor.py:154} INFO - Started process (PID=641) to work on /home/airflow/.local/lib/python3.7/site-packages/airflow/example_dags/example_branch_labels.py
[2022-11-11T14:32:26.077+0000] {processor.py:756} INFO - Processing file /home/airflow/.local/lib/python3.7/site-packages/airflow/example_dags/example_branch_labels.py for tasks to queue
[2022-11-11T14:32:26.078+0000] {logging_mixin.py:120} INFO - [2022-11-11T14:32:26.078+0000] {dagbag.py:537} INFO - Filling up the DagBag from /home/airflow/.local/lib/python3.7/site-packages/airflow/example_dags/example_branch_labels.py
[2022-11-11T14:32:26.100+0000] {processor.py:766} INFO - DAG(s) dict_keys(['example_branch_labels']) retrieved from /home/airflow/.local/lib/python3.7/site-packages/airflow/example_dags/example_branch_labels.py
[2022-11-11T14:32:26.155+0000] {logging_mixin.py:120} INFO - [2022-11-11T14:32:26.155+0000] {dag.py:2585} INFO - Sync 1 DAGs
[2022-11-11T14:32:26.190+0000] {logging_mixin.py:120} INFO - [2022-11-11T14:32:26.190+0000] {dag.py:3340} INFO - Setting next_dagrun for example_branch_labels to 2022-11-10T00:00:00+00:00, run_after=2022-11-11T00:00:00+00:00
[2022-11-11T14:32:26.212+0000] {processor.py:176} INFO - Processing /home/airflow/.local/lib/python3.7/site-packages/airflow/example_dags/example_branch_labels.py took 0.142 seconds
[2022-11-11T14:32:56.559+0000] {processor.py:154} INFO - Started process (PID=697) to work on /home/airflow/.local/lib/python3.7/site-packages/airflow/example_dags/example_branch_labels.py
[2022-11-11T14:32:56.561+0000] {processor.py:756} INFO - Processing file /home/airflow/.local/lib/python3.7/site-packages/airflow/example_dags/example_branch_labels.py for tasks to queue
[2022-11-11T14:32:56.562+0000] {logging_mixin.py:120} INFO - [2022-11-11T14:32:56.561+0000] {dagbag.py:537} INFO - Filling up the DagBag from /home/airflow/.local/lib/python3.7/site-packages/airflow/example_dags/example_branch_labels.py
[2022-11-11T14:32:56.586+0000] {processor.py:766} INFO - DAG(s) dict_keys(['example_branch_labels']) retrieved from /home/airflow/.local/lib/python3.7/site-packages/airflow/example_dags/example_branch_labels.py
[2022-11-11T14:32:56.645+0000] {logging_mixin.py:120} INFO - [2022-11-11T14:32:56.645+0000] {dag.py:2585} INFO - Sync 1 DAGs
[2022-11-11T14:32:56.681+0000] {logging_mixin.py:120} INFO - [2022-11-11T14:32:56.681+0000] {dag.py:3340} INFO - Setting next_dagrun for example_branch_labels to 2022-11-10T00:00:00+00:00, run_after=2022-11-11T00:00:00+00:00
[2022-11-11T14:32:56.705+0000] {processor.py:176} INFO - Processing /home/airflow/.local/lib/python3.7/site-packages/airflow/example_dags/example_branch_labels.py took 0.152 seconds
[2022-11-11T14:33:27.088+0000] {processor.py:154} INFO - Started process (PID=755) to work on /home/airflow/.local/lib/python3.7/site-packages/airflow/example_dags/example_branch_labels.py
[2022-11-11T14:33:27.090+0000] {processor.py:756} INFO - Processing file /home/airflow/.local/lib/python3.7/site-packages/airflow/example_dags/example_branch_labels.py for tasks to queue
[2022-11-11T14:33:27.090+0000] {logging_mixin.py:120} INFO - [2022-11-11T14:33:27.090+0000] {dagbag.py:537} INFO - Filling up the DagBag from /home/airflow/.local/lib/python3.7/site-packages/airflow/example_dags/example_branch_labels.py
[2022-11-11T14:33:27.112+0000] {processor.py:766} INFO - DAG(s) dict_keys(['example_branch_labels']) retrieved from /home/airflow/.local/lib/python3.7/site-packages/airflow/example_dags/example_branch_labels.py
[2022-11-11T14:33:27.171+0000] {logging_mixin.py:120} INFO - [2022-11-11T14:33:27.171+0000] {dag.py:2585} INFO - Sync 1 DAGs
[2022-11-11T14:33:27.209+0000] {logging_mixin.py:120} INFO - [2022-11-11T14:33:27.209+0000] {dag.py:3340} INFO - Setting next_dagrun for example_branch_labels to 2022-11-10T00:00:00+00:00, run_after=2022-11-11T00:00:00+00:00
[2022-11-11T14:33:27.236+0000] {processor.py:176} INFO - Processing /home/airflow/.local/lib/python3.7/site-packages/airflow/example_dags/example_branch_labels.py took 0.153 seconds
[2022-11-11T14:33:57.764+0000] {processor.py:154} INFO - Started process (PID=811) to work on /home/airflow/.local/lib/python3.7/site-packages/airflow/example_dags/example_branch_labels.py
[2022-11-11T14:33:57.766+0000] {processor.py:756} INFO - Processing file /home/airflow/.local/lib/python3.7/site-packages/airflow/example_dags/example_branch_labels.py for tasks to queue
[2022-11-11T14:33:57.767+0000] {logging_mixin.py:120} INFO - [2022-11-11T14:33:57.766+0000] {dagbag.py:537} INFO - Filling up the DagBag from /home/airflow/.local/lib/python3.7/site-packages/airflow/example_dags/example_branch_labels.py
[2022-11-11T14:33:57.789+0000] {processor.py:766} INFO - DAG(s) dict_keys(['example_branch_labels']) retrieved from /home/airflow/.local/lib/python3.7/site-packages/airflow/example_dags/example_branch_labels.py
[2022-11-11T14:33:57.853+0000] {logging_mixin.py:120} INFO - [2022-11-11T14:33:57.853+0000] {dag.py:2585} INFO - Sync 1 DAGs
[2022-11-11T14:33:57.890+0000] {logging_mixin.py:120} INFO - [2022-11-11T14:33:57.890+0000] {dag.py:3340} INFO - Setting next_dagrun for example_branch_labels to 2022-11-10T00:00:00+00:00, run_after=2022-11-11T00:00:00+00:00
[2022-11-11T14:33:57.913+0000] {processor.py:176} INFO - Processing /home/airflow/.local/lib/python3.7/site-packages/airflow/example_dags/example_branch_labels.py took 0.154 seconds
[2022-11-11T14:34:28.235+0000] {processor.py:154} INFO - Started process (PID=868) to work on /home/airflow/.local/lib/python3.7/site-packages/airflow/example_dags/example_branch_labels.py
[2022-11-11T14:34:28.237+0000] {processor.py:756} INFO - Processing file /home/airflow/.local/lib/python3.7/site-packages/airflow/example_dags/example_branch_labels.py for tasks to queue
[2022-11-11T14:34:28.237+0000] {logging_mixin.py:120} INFO - [2022-11-11T14:34:28.237+0000] {dagbag.py:537} INFO - Filling up the DagBag from /home/airflow/.local/lib/python3.7/site-packages/airflow/example_dags/example_branch_labels.py
[2022-11-11T14:34:28.258+0000] {processor.py:766} INFO - DAG(s) dict_keys(['example_branch_labels']) retrieved from /home/airflow/.local/lib/python3.7/site-packages/airflow/example_dags/example_branch_labels.py
[2022-11-11T14:34:28.314+0000] {logging_mixin.py:120} INFO - [2022-11-11T14:34:28.314+0000] {dag.py:2585} INFO - Sync 1 DAGs
[2022-11-11T14:34:28.348+0000] {logging_mixin.py:120} INFO - [2022-11-11T14:34:28.348+0000] {dag.py:3340} INFO - Setting next_dagrun for example_branch_labels to 2022-11-10T00:00:00+00:00, run_after=2022-11-11T00:00:00+00:00
[2022-11-11T14:34:28.370+0000] {processor.py:176} INFO - Processing /home/airflow/.local/lib/python3.7/site-packages/airflow/example_dags/example_branch_labels.py took 0.139 seconds
[2022-11-11T14:34:58.874+0000] {processor.py:154} INFO - Started process (PID=925) to work on /home/airflow/.local/lib/python3.7/site-packages/airflow/example_dags/example_branch_labels.py
[2022-11-11T14:34:58.875+0000] {processor.py:756} INFO - Processing file /home/airflow/.local/lib/python3.7/site-packages/airflow/example_dags/example_branch_labels.py for tasks to queue
[2022-11-11T14:34:58.876+0000] {logging_mixin.py:120} INFO - [2022-11-11T14:34:58.876+0000] {dagbag.py:537} INFO - Filling up the DagBag from /home/airflow/.local/lib/python3.7/site-packages/airflow/example_dags/example_branch_labels.py
[2022-11-11T14:34:58.897+0000] {processor.py:766} INFO - DAG(s) dict_keys(['example_branch_labels']) retrieved from /home/airflow/.local/lib/python3.7/site-packages/airflow/example_dags/example_branch_labels.py
[2022-11-11T14:34:58.955+0000] {logging_mixin.py:120} INFO - [2022-11-11T14:34:58.955+0000] {dag.py:2585} INFO - Sync 1 DAGs
[2022-11-11T14:34:58.992+0000] {logging_mixin.py:120} INFO - [2022-11-11T14:34:58.991+0000] {dag.py:3340} INFO - Setting next_dagrun for example_branch_labels to 2022-11-10T00:00:00+00:00, run_after=2022-11-11T00:00:00+00:00
[2022-11-11T14:34:59.017+0000] {processor.py:176} INFO - Processing /home/airflow/.local/lib/python3.7/site-packages/airflow/example_dags/example_branch_labels.py took 0.148 seconds
[2022-11-11T14:35:29.305+0000] {processor.py:154} INFO - Started process (PID=984) to work on /home/airflow/.local/lib/python3.7/site-packages/airflow/example_dags/example_branch_labels.py
[2022-11-11T14:35:29.306+0000] {processor.py:756} INFO - Processing file /home/airflow/.local/lib/python3.7/site-packages/airflow/example_dags/example_branch_labels.py for tasks to queue
[2022-11-11T14:35:29.307+0000] {logging_mixin.py:120} INFO - [2022-11-11T14:35:29.307+0000] {dagbag.py:537} INFO - Filling up the DagBag from /home/airflow/.local/lib/python3.7/site-packages/airflow/example_dags/example_branch_labels.py
[2022-11-11T14:35:29.328+0000] {processor.py:766} INFO - DAG(s) dict_keys(['example_branch_labels']) retrieved from /home/airflow/.local/lib/python3.7/site-packages/airflow/example_dags/example_branch_labels.py
[2022-11-11T14:35:29.389+0000] {logging_mixin.py:120} INFO - [2022-11-11T14:35:29.389+0000] {dag.py:2585} INFO - Sync 1 DAGs
[2022-11-11T14:35:29.425+0000] {logging_mixin.py:120} INFO - [2022-11-11T14:35:29.425+0000] {dag.py:3340} INFO - Setting next_dagrun for example_branch_labels to 2022-11-10T00:00:00+00:00, run_after=2022-11-11T00:00:00+00:00
[2022-11-11T14:35:29.449+0000] {processor.py:176} INFO - Processing /home/airflow/.local/lib/python3.7/site-packages/airflow/example_dags/example_branch_labels.py took 0.150 seconds
[2022-11-11T14:35:59.780+0000] {processor.py:154} INFO - Started process (PID=1041) to work on /home/airflow/.local/lib/python3.7/site-packages/airflow/example_dags/example_branch_labels.py
[2022-11-11T14:35:59.781+0000] {processor.py:756} INFO - Processing file /home/airflow/.local/lib/python3.7/site-packages/airflow/example_dags/example_branch_labels.py for tasks to queue
[2022-11-11T14:35:59.782+0000] {logging_mixin.py:120} INFO - [2022-11-11T14:35:59.782+0000] {dagbag.py:537} INFO - Filling up the DagBag from /home/airflow/.local/lib/python3.7/site-packages/airflow/example_dags/example_branch_labels.py
[2022-11-11T14:35:59.804+0000] {processor.py:766} INFO - DAG(s) dict_keys(['example_branch_labels']) retrieved from /home/airflow/.local/lib/python3.7/site-packages/airflow/example_dags/example_branch_labels.py
[2022-11-11T14:35:59.866+0000] {logging_mixin.py:120} INFO - [2022-11-11T14:35:59.866+0000] {dag.py:2585} INFO - Sync 1 DAGs
[2022-11-11T14:35:59.903+0000] {logging_mixin.py:120} INFO - [2022-11-11T14:35:59.903+0000] {dag.py:3340} INFO - Setting next_dagrun for example_branch_labels to 2022-11-10T00:00:00+00:00, run_after=2022-11-11T00:00:00+00:00
[2022-11-11T14:35:59.927+0000] {processor.py:176} INFO - Processing /home/airflow/.local/lib/python3.7/site-packages/airflow/example_dags/example_branch_labels.py took 0.153 seconds
[2022-11-11T14:36:30.293+0000] {processor.py:154} INFO - Started process (PID=1098) to work on /home/airflow/.local/lib/python3.7/site-packages/airflow/example_dags/example_branch_labels.py
[2022-11-11T14:36:30.295+0000] {processor.py:756} INFO - Processing file /home/airflow/.local/lib/python3.7/site-packages/airflow/example_dags/example_branch_labels.py for tasks to queue
[2022-11-11T14:36:30.296+0000] {logging_mixin.py:120} INFO - [2022-11-11T14:36:30.295+0000] {dagbag.py:537} INFO - Filling up the DagBag from /home/airflow/.local/lib/python3.7/site-packages/airflow/example_dags/example_branch_labels.py
[2022-11-11T14:36:30.318+0000] {processor.py:766} INFO - DAG(s) dict_keys(['example_branch_labels']) retrieved from /home/airflow/.local/lib/python3.7/site-packages/airflow/example_dags/example_branch_labels.py
[2022-11-11T14:36:30.378+0000] {logging_mixin.py:120} INFO - [2022-11-11T14:36:30.377+0000] {dag.py:2585} INFO - Sync 1 DAGs
[2022-11-11T14:36:30.417+0000] {logging_mixin.py:120} INFO - [2022-11-11T14:36:30.417+0000] {dag.py:3340} INFO - Setting next_dagrun for example_branch_labels to 2022-11-10T00:00:00+00:00, run_after=2022-11-11T00:00:00+00:00
[2022-11-11T14:36:30.442+0000] {processor.py:176} INFO - Processing /home/airflow/.local/lib/python3.7/site-packages/airflow/example_dags/example_branch_labels.py took 0.155 seconds
[2022-11-11T14:37:00.969+0000] {processor.py:154} INFO - Started process (PID=1155) to work on /home/airflow/.local/lib/python3.7/site-packages/airflow/example_dags/example_branch_labels.py
[2022-11-11T14:37:00.971+0000] {processor.py:756} INFO - Processing file /home/airflow/.local/lib/python3.7/site-packages/airflow/example_dags/example_branch_labels.py for tasks to queue
[2022-11-11T14:37:00.972+0000] {logging_mixin.py:120} INFO - [2022-11-11T14:37:00.971+0000] {dagbag.py:537} INFO - Filling up the DagBag from /home/airflow/.local/lib/python3.7/site-packages/airflow/example_dags/example_branch_labels.py
[2022-11-11T14:37:00.993+0000] {processor.py:766} INFO - DAG(s) dict_keys(['example_branch_labels']) retrieved from /home/airflow/.local/lib/python3.7/site-packages/airflow/example_dags/example_branch_labels.py
[2022-11-11T14:37:01.050+0000] {logging_mixin.py:120} INFO - [2022-11-11T14:37:01.049+0000] {dag.py:2585} INFO - Sync 1 DAGs
[2022-11-11T14:37:01.085+0000] {logging_mixin.py:120} INFO - [2022-11-11T14:37:01.085+0000] {dag.py:3340} INFO - Setting next_dagrun for example_branch_labels to 2022-11-10T00:00:00+00:00, run_after=2022-11-11T00:00:00+00:00
[2022-11-11T14:37:01.112+0000] {processor.py:176} INFO - Processing /home/airflow/.local/lib/python3.7/site-packages/airflow/example_dags/example_branch_labels.py took 0.147 seconds
[2022-11-11T14:37:31.474+0000] {processor.py:154} INFO - Started process (PID=1213) to work on /home/airflow/.local/lib/python3.7/site-packages/airflow/example_dags/example_branch_labels.py
[2022-11-11T14:37:31.476+0000] {processor.py:756} INFO - Processing file /home/airflow/.local/lib/python3.7/site-packages/airflow/example_dags/example_branch_labels.py for tasks to queue
[2022-11-11T14:37:31.476+0000] {logging_mixin.py:120} INFO - [2022-11-11T14:37:31.476+0000] {dagbag.py:537} INFO - Filling up the DagBag from /home/airflow/.local/lib/python3.7/site-packages/airflow/example_dags/example_branch_labels.py
[2022-11-11T14:37:31.497+0000] {processor.py:766} INFO - DAG(s) dict_keys(['example_branch_labels']) retrieved from /home/airflow/.local/lib/python3.7/site-packages/airflow/example_dags/example_branch_labels.py
[2022-11-11T14:37:31.553+0000] {logging_mixin.py:120} INFO - [2022-11-11T14:37:31.553+0000] {dag.py:2585} INFO - Sync 1 DAGs
[2022-11-11T14:37:31.588+0000] {logging_mixin.py:120} INFO - [2022-11-11T14:37:31.588+0000] {dag.py:3340} INFO - Setting next_dagrun for example_branch_labels to 2022-11-10T00:00:00+00:00, run_after=2022-11-11T00:00:00+00:00
[2022-11-11T14:37:31.610+0000] {processor.py:176} INFO - Processing /home/airflow/.local/lib/python3.7/site-packages/airflow/example_dags/example_branch_labels.py took 0.141 seconds
[2022-11-11T14:38:02.067+0000] {processor.py:154} INFO - Started process (PID=1271) to work on /home/airflow/.local/lib/python3.7/site-packages/airflow/example_dags/example_branch_labels.py
[2022-11-11T14:38:02.069+0000] {processor.py:756} INFO - Processing file /home/airflow/.local/lib/python3.7/site-packages/airflow/example_dags/example_branch_labels.py for tasks to queue
[2022-11-11T14:38:02.070+0000] {logging_mixin.py:120} INFO - [2022-11-11T14:38:02.069+0000] {dagbag.py:537} INFO - Filling up the DagBag from /home/airflow/.local/lib/python3.7/site-packages/airflow/example_dags/example_branch_labels.py
[2022-11-11T14:38:02.091+0000] {processor.py:766} INFO - DAG(s) dict_keys(['example_branch_labels']) retrieved from /home/airflow/.local/lib/python3.7/site-packages/airflow/example_dags/example_branch_labels.py
[2022-11-11T14:38:02.149+0000] {logging_mixin.py:120} INFO - [2022-11-11T14:38:02.149+0000] {dag.py:2585} INFO - Sync 1 DAGs
[2022-11-11T14:38:02.184+0000] {logging_mixin.py:120} INFO - [2022-11-11T14:38:02.184+0000] {dag.py:3340} INFO - Setting next_dagrun for example_branch_labels to 2022-11-10T00:00:00+00:00, run_after=2022-11-11T00:00:00+00:00
[2022-11-11T14:38:02.207+0000] {processor.py:176} INFO - Processing /home/airflow/.local/lib/python3.7/site-packages/airflow/example_dags/example_branch_labels.py took 0.145 seconds
[2022-11-11T14:38:32.246+0000] {processor.py:154} INFO - Started process (PID=1327) to work on /home/airflow/.local/lib/python3.7/site-packages/airflow/example_dags/example_branch_labels.py
[2022-11-11T14:38:32.247+0000] {processor.py:756} INFO - Processing file /home/airflow/.local/lib/python3.7/site-packages/airflow/example_dags/example_branch_labels.py for tasks to queue
[2022-11-11T14:38:32.248+0000] {logging_mixin.py:120} INFO - [2022-11-11T14:38:32.248+0000] {dagbag.py:537} INFO - Filling up the DagBag from /home/airflow/.local/lib/python3.7/site-packages/airflow/example_dags/example_branch_labels.py
[2022-11-11T14:38:32.270+0000] {processor.py:766} INFO - DAG(s) dict_keys(['example_branch_labels']) retrieved from /home/airflow/.local/lib/python3.7/site-packages/airflow/example_dags/example_branch_labels.py
[2022-11-11T14:38:32.335+0000] {logging_mixin.py:120} INFO - [2022-11-11T14:38:32.335+0000] {dag.py:2585} INFO - Sync 1 DAGs
[2022-11-11T14:38:32.371+0000] {logging_mixin.py:120} INFO - [2022-11-11T14:38:32.371+0000] {dag.py:3340} INFO - Setting next_dagrun for example_branch_labels to 2022-11-10T00:00:00+00:00, run_after=2022-11-11T00:00:00+00:00
[2022-11-11T14:38:32.394+0000] {processor.py:176} INFO - Processing /home/airflow/.local/lib/python3.7/site-packages/airflow/example_dags/example_branch_labels.py took 0.153 seconds
[2022-11-11T14:39:03.111+0000] {processor.py:154} INFO - Started process (PID=1383) to work on /home/airflow/.local/lib/python3.7/site-packages/airflow/example_dags/example_branch_labels.py
[2022-11-11T14:39:03.113+0000] {processor.py:756} INFO - Processing file /home/airflow/.local/lib/python3.7/site-packages/airflow/example_dags/example_branch_labels.py for tasks to queue
[2022-11-11T14:39:03.114+0000] {logging_mixin.py:120} INFO - [2022-11-11T14:39:03.114+0000] {dagbag.py:537} INFO - Filling up the DagBag from /home/airflow/.local/lib/python3.7/site-packages/airflow/example_dags/example_branch_labels.py
[2022-11-11T14:39:03.140+0000] {processor.py:766} INFO - DAG(s) dict_keys(['example_branch_labels']) retrieved from /home/airflow/.local/lib/python3.7/site-packages/airflow/example_dags/example_branch_labels.py
[2022-11-11T14:39:03.211+0000] {logging_mixin.py:120} INFO - [2022-11-11T14:39:03.211+0000] {dag.py:2585} INFO - Sync 1 DAGs
[2022-11-11T14:39:03.249+0000] {logging_mixin.py:120} INFO - [2022-11-11T14:39:03.248+0000] {dag.py:3340} INFO - Setting next_dagrun for example_branch_labels to 2022-11-10T00:00:00+00:00, run_after=2022-11-11T00:00:00+00:00
[2022-11-11T14:39:03.273+0000] {processor.py:176} INFO - Processing /home/airflow/.local/lib/python3.7/site-packages/airflow/example_dags/example_branch_labels.py took 0.168 seconds
[2022-11-11T14:39:33.776+0000] {processor.py:154} INFO - Started process (PID=1441) to work on /home/airflow/.local/lib/python3.7/site-packages/airflow/example_dags/example_branch_labels.py
[2022-11-11T14:39:33.778+0000] {processor.py:756} INFO - Processing file /home/airflow/.local/lib/python3.7/site-packages/airflow/example_dags/example_branch_labels.py for tasks to queue
[2022-11-11T14:39:33.779+0000] {logging_mixin.py:120} INFO - [2022-11-11T14:39:33.778+0000] {dagbag.py:537} INFO - Filling up the DagBag from /home/airflow/.local/lib/python3.7/site-packages/airflow/example_dags/example_branch_labels.py
[2022-11-11T14:39:33.802+0000] {processor.py:766} INFO - DAG(s) dict_keys(['example_branch_labels']) retrieved from /home/airflow/.local/lib/python3.7/site-packages/airflow/example_dags/example_branch_labels.py
[2022-11-11T14:39:33.861+0000] {logging_mixin.py:120} INFO - [2022-11-11T14:39:33.861+0000] {dag.py:2585} INFO - Sync 1 DAGs
[2022-11-11T14:39:33.901+0000] {logging_mixin.py:120} INFO - [2022-11-11T14:39:33.901+0000] {dag.py:3340} INFO - Setting next_dagrun for example_branch_labels to 2022-11-10T00:00:00+00:00, run_after=2022-11-11T00:00:00+00:00
[2022-11-11T14:39:33.927+0000] {processor.py:176} INFO - Processing /home/airflow/.local/lib/python3.7/site-packages/airflow/example_dags/example_branch_labels.py took 0.156 seconds
[2022-11-11T14:40:04.473+0000] {processor.py:154} INFO - Started process (PID=1497) to work on /home/airflow/.local/lib/python3.7/site-packages/airflow/example_dags/example_branch_labels.py
[2022-11-11T14:40:04.474+0000] {processor.py:756} INFO - Processing file /home/airflow/.local/lib/python3.7/site-packages/airflow/example_dags/example_branch_labels.py for tasks to queue
[2022-11-11T14:40:04.475+0000] {logging_mixin.py:120} INFO - [2022-11-11T14:40:04.475+0000] {dagbag.py:537} INFO - Filling up the DagBag from /home/airflow/.local/lib/python3.7/site-packages/airflow/example_dags/example_branch_labels.py
[2022-11-11T14:40:04.497+0000] {processor.py:766} INFO - DAG(s) dict_keys(['example_branch_labels']) retrieved from /home/airflow/.local/lib/python3.7/site-packages/airflow/example_dags/example_branch_labels.py
[2022-11-11T14:40:04.556+0000] {logging_mixin.py:120} INFO - [2022-11-11T14:40:04.555+0000] {dag.py:2585} INFO - Sync 1 DAGs
[2022-11-11T14:40:04.597+0000] {logging_mixin.py:120} INFO - [2022-11-11T14:40:04.597+0000] {dag.py:3340} INFO - Setting next_dagrun for example_branch_labels to 2022-11-10T00:00:00+00:00, run_after=2022-11-11T00:00:00+00:00
[2022-11-11T14:40:04.628+0000] {processor.py:176} INFO - Processing /home/airflow/.local/lib/python3.7/site-packages/airflow/example_dags/example_branch_labels.py took 0.160 seconds
[2022-11-11T14:40:34.948+0000] {processor.py:154} INFO - Started process (PID=1553) to work on /home/airflow/.local/lib/python3.7/site-packages/airflow/example_dags/example_branch_labels.py
[2022-11-11T14:40:34.950+0000] {processor.py:756} INFO - Processing file /home/airflow/.local/lib/python3.7/site-packages/airflow/example_dags/example_branch_labels.py for tasks to queue
[2022-11-11T14:40:34.951+0000] {logging_mixin.py:120} INFO - [2022-11-11T14:40:34.950+0000] {dagbag.py:537} INFO - Filling up the DagBag from /home/airflow/.local/lib/python3.7/site-packages/airflow/example_dags/example_branch_labels.py
[2022-11-11T14:40:34.976+0000] {processor.py:766} INFO - DAG(s) dict_keys(['example_branch_labels']) retrieved from /home/airflow/.local/lib/python3.7/site-packages/airflow/example_dags/example_branch_labels.py
[2022-11-11T14:40:35.048+0000] {logging_mixin.py:120} INFO - [2022-11-11T14:40:35.047+0000] {dag.py:2585} INFO - Sync 1 DAGs
[2022-11-11T14:40:35.088+0000] {logging_mixin.py:120} INFO - [2022-11-11T14:40:35.088+0000] {dag.py:3340} INFO - Setting next_dagrun for example_branch_labels to 2022-11-10T00:00:00+00:00, run_after=2022-11-11T00:00:00+00:00
[2022-11-11T14:40:35.113+0000] {processor.py:176} INFO - Processing /home/airflow/.local/lib/python3.7/site-packages/airflow/example_dags/example_branch_labels.py took 0.171 seconds
[2022-11-11T14:41:05.165+0000] {processor.py:154} INFO - Started process (PID=1608) to work on /home/airflow/.local/lib/python3.7/site-packages/airflow/example_dags/example_branch_labels.py
[2022-11-11T14:41:05.166+0000] {processor.py:756} INFO - Processing file /home/airflow/.local/lib/python3.7/site-packages/airflow/example_dags/example_branch_labels.py for tasks to queue
[2022-11-11T14:41:05.166+0000] {logging_mixin.py:120} INFO - [2022-11-11T14:41:05.166+0000] {dagbag.py:537} INFO - Filling up the DagBag from /home/airflow/.local/lib/python3.7/site-packages/airflow/example_dags/example_branch_labels.py
[2022-11-11T14:41:05.188+0000] {processor.py:766} INFO - DAG(s) dict_keys(['example_branch_labels']) retrieved from /home/airflow/.local/lib/python3.7/site-packages/airflow/example_dags/example_branch_labels.py
[2022-11-11T14:41:05.250+0000] {logging_mixin.py:120} INFO - [2022-11-11T14:41:05.250+0000] {dag.py:2585} INFO - Sync 1 DAGs
[2022-11-11T14:41:05.287+0000] {logging_mixin.py:120} INFO - [2022-11-11T14:41:05.287+0000] {dag.py:3340} INFO - Setting next_dagrun for example_branch_labels to 2022-11-10T00:00:00+00:00, run_after=2022-11-11T00:00:00+00:00
[2022-11-11T14:41:05.312+0000] {processor.py:176} INFO - Processing /home/airflow/.local/lib/python3.7/site-packages/airflow/example_dags/example_branch_labels.py took 0.152 seconds
[2022-11-11T14:41:36.090+0000] {processor.py:154} INFO - Started process (PID=1674) to work on /home/airflow/.local/lib/python3.7/site-packages/airflow/example_dags/example_branch_labels.py
[2022-11-11T14:41:36.092+0000] {processor.py:756} INFO - Processing file /home/airflow/.local/lib/python3.7/site-packages/airflow/example_dags/example_branch_labels.py for tasks to queue
[2022-11-11T14:41:36.093+0000] {logging_mixin.py:120} INFO - [2022-11-11T14:41:36.092+0000] {dagbag.py:537} INFO - Filling up the DagBag from /home/airflow/.local/lib/python3.7/site-packages/airflow/example_dags/example_branch_labels.py
[2022-11-11T14:41:36.115+0000] {processor.py:766} INFO - DAG(s) dict_keys(['example_branch_labels']) retrieved from /home/airflow/.local/lib/python3.7/site-packages/airflow/example_dags/example_branch_labels.py
[2022-11-11T14:41:36.174+0000] {logging_mixin.py:120} INFO - [2022-11-11T14:41:36.174+0000] {dag.py:2585} INFO - Sync 1 DAGs
[2022-11-11T14:41:36.211+0000] {logging_mixin.py:120} INFO - [2022-11-11T14:41:36.211+0000] {dag.py:3340} INFO - Setting next_dagrun for example_branch_labels to 2022-11-10T00:00:00+00:00, run_after=2022-11-11T00:00:00+00:00
[2022-11-11T14:41:36.234+0000] {processor.py:176} INFO - Processing /home/airflow/.local/lib/python3.7/site-packages/airflow/example_dags/example_branch_labels.py took 0.150 seconds
[2022-11-11T14:42:06.663+0000] {processor.py:154} INFO - Started process (PID=1732) to work on /home/airflow/.local/lib/python3.7/site-packages/airflow/example_dags/example_branch_labels.py
[2022-11-11T14:42:06.664+0000] {processor.py:756} INFO - Processing file /home/airflow/.local/lib/python3.7/site-packages/airflow/example_dags/example_branch_labels.py for tasks to queue
[2022-11-11T14:42:06.665+0000] {logging_mixin.py:120} INFO - [2022-11-11T14:42:06.665+0000] {dagbag.py:537} INFO - Filling up the DagBag from /home/airflow/.local/lib/python3.7/site-packages/airflow/example_dags/example_branch_labels.py
[2022-11-11T14:42:06.685+0000] {processor.py:766} INFO - DAG(s) dict_keys(['example_branch_labels']) retrieved from /home/airflow/.local/lib/python3.7/site-packages/airflow/example_dags/example_branch_labels.py
[2022-11-11T14:42:06.743+0000] {logging_mixin.py:120} INFO - [2022-11-11T14:42:06.743+0000] {dag.py:2585} INFO - Sync 1 DAGs
[2022-11-11T14:42:06.778+0000] {logging_mixin.py:120} INFO - [2022-11-11T14:42:06.778+0000] {dag.py:3340} INFO - Setting next_dagrun for example_branch_labels to 2022-11-10T00:00:00+00:00, run_after=2022-11-11T00:00:00+00:00
[2022-11-11T14:42:06.800+0000] {processor.py:176} INFO - Processing /home/airflow/.local/lib/python3.7/site-packages/airflow/example_dags/example_branch_labels.py took 0.143 seconds
[2022-11-11T14:42:36.982+0000] {processor.py:154} INFO - Started process (PID=1790) to work on /home/airflow/.local/lib/python3.7/site-packages/airflow/example_dags/example_branch_labels.py
[2022-11-11T14:42:36.983+0000] {processor.py:756} INFO - Processing file /home/airflow/.local/lib/python3.7/site-packages/airflow/example_dags/example_branch_labels.py for tasks to queue
[2022-11-11T14:42:36.984+0000] {logging_mixin.py:120} INFO - [2022-11-11T14:42:36.984+0000] {dagbag.py:537} INFO - Filling up the DagBag from /home/airflow/.local/lib/python3.7/site-packages/airflow/example_dags/example_branch_labels.py
[2022-11-11T14:42:37.007+0000] {processor.py:766} INFO - DAG(s) dict_keys(['example_branch_labels']) retrieved from /home/airflow/.local/lib/python3.7/site-packages/airflow/example_dags/example_branch_labels.py
[2022-11-11T14:42:37.068+0000] {logging_mixin.py:120} INFO - [2022-11-11T14:42:37.068+0000] {dag.py:2585} INFO - Sync 1 DAGs
[2022-11-11T14:42:37.110+0000] {logging_mixin.py:120} INFO - [2022-11-11T14:42:37.109+0000] {dag.py:3340} INFO - Setting next_dagrun for example_branch_labels to 2022-11-10T00:00:00+00:00, run_after=2022-11-11T00:00:00+00:00
[2022-11-11T14:42:37.134+0000] {processor.py:176} INFO - Processing /home/airflow/.local/lib/python3.7/site-packages/airflow/example_dags/example_branch_labels.py took 0.158 seconds
[2022-11-11T14:43:07.323+0000] {processor.py:154} INFO - Started process (PID=1847) to work on /home/airflow/.local/lib/python3.7/site-packages/airflow/example_dags/example_branch_labels.py
[2022-11-11T14:43:07.324+0000] {processor.py:756} INFO - Processing file /home/airflow/.local/lib/python3.7/site-packages/airflow/example_dags/example_branch_labels.py for tasks to queue
[2022-11-11T14:43:07.325+0000] {logging_mixin.py:120} INFO - [2022-11-11T14:43:07.325+0000] {dagbag.py:537} INFO - Filling up the DagBag from /home/airflow/.local/lib/python3.7/site-packages/airflow/example_dags/example_branch_labels.py
[2022-11-11T14:43:07.345+0000] {processor.py:766} INFO - DAG(s) dict_keys(['example_branch_labels']) retrieved from /home/airflow/.local/lib/python3.7/site-packages/airflow/example_dags/example_branch_labels.py
[2022-11-11T14:43:07.403+0000] {logging_mixin.py:120} INFO - [2022-11-11T14:43:07.402+0000] {dag.py:2585} INFO - Sync 1 DAGs
[2022-11-11T14:43:07.437+0000] {logging_mixin.py:120} INFO - [2022-11-11T14:43:07.437+0000] {dag.py:3340} INFO - Setting next_dagrun for example_branch_labels to 2022-11-10T00:00:00+00:00, run_after=2022-11-11T00:00:00+00:00
[2022-11-11T14:43:07.462+0000] {processor.py:176} INFO - Processing /home/airflow/.local/lib/python3.7/site-packages/airflow/example_dags/example_branch_labels.py took 0.144 seconds
[2022-11-11T14:43:38.210+0000] {processor.py:154} INFO - Started process (PID=1905) to work on /home/airflow/.local/lib/python3.7/site-packages/airflow/example_dags/example_branch_labels.py
[2022-11-11T14:43:38.211+0000] {processor.py:756} INFO - Processing file /home/airflow/.local/lib/python3.7/site-packages/airflow/example_dags/example_branch_labels.py for tasks to queue
[2022-11-11T14:43:38.212+0000] {logging_mixin.py:120} INFO - [2022-11-11T14:43:38.212+0000] {dagbag.py:537} INFO - Filling up the DagBag from /home/airflow/.local/lib/python3.7/site-packages/airflow/example_dags/example_branch_labels.py
[2022-11-11T14:43:38.232+0000] {processor.py:766} INFO - DAG(s) dict_keys(['example_branch_labels']) retrieved from /home/airflow/.local/lib/python3.7/site-packages/airflow/example_dags/example_branch_labels.py
[2022-11-11T14:43:38.288+0000] {logging_mixin.py:120} INFO - [2022-11-11T14:43:38.288+0000] {dag.py:2585} INFO - Sync 1 DAGs
[2022-11-11T14:43:38.324+0000] {logging_mixin.py:120} INFO - [2022-11-11T14:43:38.324+0000] {dag.py:3340} INFO - Setting next_dagrun for example_branch_labels to 2022-11-10T00:00:00+00:00, run_after=2022-11-11T00:00:00+00:00
[2022-11-11T14:43:38.346+0000] {processor.py:176} INFO - Processing /home/airflow/.local/lib/python3.7/site-packages/airflow/example_dags/example_branch_labels.py took 0.143 seconds
[2022-11-11T14:44:08.626+0000] {processor.py:154} INFO - Started process (PID=1962) to work on /home/airflow/.local/lib/python3.7/site-packages/airflow/example_dags/example_branch_labels.py
[2022-11-11T14:44:08.627+0000] {processor.py:756} INFO - Processing file /home/airflow/.local/lib/python3.7/site-packages/airflow/example_dags/example_branch_labels.py for tasks to queue
[2022-11-11T14:44:08.628+0000] {logging_mixin.py:120} INFO - [2022-11-11T14:44:08.628+0000] {dagbag.py:537} INFO - Filling up the DagBag from /home/airflow/.local/lib/python3.7/site-packages/airflow/example_dags/example_branch_labels.py
[2022-11-11T14:44:08.649+0000] {processor.py:766} INFO - DAG(s) dict_keys(['example_branch_labels']) retrieved from /home/airflow/.local/lib/python3.7/site-packages/airflow/example_dags/example_branch_labels.py
[2022-11-11T14:44:08.707+0000] {logging_mixin.py:120} INFO - [2022-11-11T14:44:08.707+0000] {dag.py:2585} INFO - Sync 1 DAGs
[2022-11-11T14:44:08.741+0000] {logging_mixin.py:120} INFO - [2022-11-11T14:44:08.741+0000] {dag.py:3340} INFO - Setting next_dagrun for example_branch_labels to 2022-11-10T00:00:00+00:00, run_after=2022-11-11T00:00:00+00:00
[2022-11-11T14:44:08.764+0000] {processor.py:176} INFO - Processing /home/airflow/.local/lib/python3.7/site-packages/airflow/example_dags/example_branch_labels.py took 0.143 seconds
