[2022-11-11T14:18:10.269+0000] {processor.py:154} INFO - Started process (PID=84) to work on /home/airflow/.local/lib/python3.7/site-packages/airflow/example_dags/example_external_task_marker_dag.py
[2022-11-11T14:18:10.270+0000] {processor.py:756} INFO - Processing file /home/airflow/.local/lib/python3.7/site-packages/airflow/example_dags/example_external_task_marker_dag.py for tasks to queue
[2022-11-11T14:18:10.271+0000] {logging_mixin.py:120} INFO - [2022-11-11T14:18:10.271+0000] {dagbag.py:537} INFO - Filling up the DagBag from /home/airflow/.local/lib/python3.7/site-packages/airflow/example_dags/example_external_task_marker_dag.py
[2022-11-11T14:18:10.297+0000] {processor.py:766} INFO - DAG(s) dict_keys(['example_external_task_marker_child', 'example_external_task_marker_parent']) retrieved from /home/airflow/.local/lib/python3.7/site-packages/airflow/example_dags/example_external_task_marker_dag.py
[2022-11-11T14:18:10.700+0000] {logging_mixin.py:120} INFO - [2022-11-11T14:18:10.700+0000] {manager.py:507} INFO - Created Permission View: can read on DAG:example_external_task_marker_child
[2022-11-11T14:18:10.714+0000] {logging_mixin.py:120} INFO - [2022-11-11T14:18:10.714+0000] {manager.py:507} INFO - Created Permission View: can edit on DAG:example_external_task_marker_child
[2022-11-11T14:18:10.724+0000] {logging_mixin.py:120} INFO - [2022-11-11T14:18:10.724+0000] {manager.py:507} INFO - Created Permission View: can delete on DAG:example_external_task_marker_child
[2022-11-11T14:18:10.749+0000] {logging_mixin.py:120} INFO - [2022-11-11T14:18:10.749+0000] {manager.py:507} INFO - Created Permission View: can read on DAG:example_external_task_marker_parent
[2022-11-11T14:18:10.760+0000] {logging_mixin.py:120} INFO - [2022-11-11T14:18:10.759+0000] {manager.py:507} INFO - Created Permission View: can edit on DAG:example_external_task_marker_parent
[2022-11-11T14:18:10.770+0000] {logging_mixin.py:120} INFO - [2022-11-11T14:18:10.769+0000] {manager.py:507} INFO - Created Permission View: can delete on DAG:example_external_task_marker_parent
[2022-11-11T14:18:10.770+0000] {logging_mixin.py:120} INFO - [2022-11-11T14:18:10.770+0000] {dag.py:2585} INFO - Sync 2 DAGs
[2022-11-11T14:18:10.788+0000] {logging_mixin.py:120} INFO - [2022-11-11T14:18:10.788+0000] {dag.py:2606} INFO - Creating ORM DAG for example_external_task_marker_parent
[2022-11-11T14:18:10.789+0000] {logging_mixin.py:120} INFO - [2022-11-11T14:18:10.789+0000] {dag.py:2606} INFO - Creating ORM DAG for example_external_task_marker_child
[2022-11-11T14:18:10.807+0000] {logging_mixin.py:120} INFO - [2022-11-11T14:18:10.807+0000] {dag.py:3340} INFO - Setting next_dagrun for example_external_task_marker_child to None, run_after=None
[2022-11-11T14:18:10.808+0000] {logging_mixin.py:120} INFO - [2022-11-11T14:18:10.807+0000] {dag.py:3340} INFO - Setting next_dagrun for example_external_task_marker_parent to None, run_after=None
[2022-11-11T14:18:10.834+0000] {processor.py:176} INFO - Processing /home/airflow/.local/lib/python3.7/site-packages/airflow/example_dags/example_external_task_marker_dag.py took 0.571 seconds
[2022-11-11T14:18:41.304+0000] {processor.py:154} INFO - Started process (PID=141) to work on /home/airflow/.local/lib/python3.7/site-packages/airflow/example_dags/example_external_task_marker_dag.py
[2022-11-11T14:18:41.305+0000] {processor.py:756} INFO - Processing file /home/airflow/.local/lib/python3.7/site-packages/airflow/example_dags/example_external_task_marker_dag.py for tasks to queue
[2022-11-11T14:18:41.306+0000] {logging_mixin.py:120} INFO - [2022-11-11T14:18:41.306+0000] {dagbag.py:537} INFO - Filling up the DagBag from /home/airflow/.local/lib/python3.7/site-packages/airflow/example_dags/example_external_task_marker_dag.py
[2022-11-11T14:18:41.328+0000] {processor.py:766} INFO - DAG(s) dict_keys(['example_external_task_marker_child', 'example_external_task_marker_parent']) retrieved from /home/airflow/.local/lib/python3.7/site-packages/airflow/example_dags/example_external_task_marker_dag.py
[2022-11-11T14:18:41.608+0000] {logging_mixin.py:120} INFO - [2022-11-11T14:18:41.608+0000] {dag.py:2585} INFO - Sync 2 DAGs
[2022-11-11T14:18:41.648+0000] {logging_mixin.py:120} INFO - [2022-11-11T14:18:41.648+0000] {dag.py:3340} INFO - Setting next_dagrun for example_external_task_marker_child to None, run_after=None
[2022-11-11T14:18:41.654+0000] {logging_mixin.py:120} INFO - [2022-11-11T14:18:41.654+0000] {dag.py:3340} INFO - Setting next_dagrun for example_external_task_marker_parent to None, run_after=None
[2022-11-11T14:18:41.682+0000] {processor.py:176} INFO - Processing /home/airflow/.local/lib/python3.7/site-packages/airflow/example_dags/example_external_task_marker_dag.py took 0.384 seconds
[2022-11-11T14:19:11.755+0000] {processor.py:154} INFO - Started process (PID=200) to work on /home/airflow/.local/lib/python3.7/site-packages/airflow/example_dags/example_external_task_marker_dag.py
[2022-11-11T14:19:11.756+0000] {processor.py:756} INFO - Processing file /home/airflow/.local/lib/python3.7/site-packages/airflow/example_dags/example_external_task_marker_dag.py for tasks to queue
[2022-11-11T14:19:11.757+0000] {logging_mixin.py:120} INFO - [2022-11-11T14:19:11.757+0000] {dagbag.py:537} INFO - Filling up the DagBag from /home/airflow/.local/lib/python3.7/site-packages/airflow/example_dags/example_external_task_marker_dag.py
[2022-11-11T14:19:11.779+0000] {processor.py:766} INFO - DAG(s) dict_keys(['example_external_task_marker_parent', 'example_external_task_marker_child']) retrieved from /home/airflow/.local/lib/python3.7/site-packages/airflow/example_dags/example_external_task_marker_dag.py
[2022-11-11T14:19:12.036+0000] {logging_mixin.py:120} INFO - [2022-11-11T14:19:12.036+0000] {dag.py:2585} INFO - Sync 2 DAGs
[2022-11-11T14:19:12.076+0000] {logging_mixin.py:120} INFO - [2022-11-11T14:19:12.075+0000] {dag.py:3340} INFO - Setting next_dagrun for example_external_task_marker_child to None, run_after=None
[2022-11-11T14:19:12.080+0000] {logging_mixin.py:120} INFO - [2022-11-11T14:19:12.080+0000] {dag.py:3340} INFO - Setting next_dagrun for example_external_task_marker_parent to None, run_after=None
[2022-11-11T14:19:12.105+0000] {processor.py:176} INFO - Processing /home/airflow/.local/lib/python3.7/site-packages/airflow/example_dags/example_external_task_marker_dag.py took 0.355 seconds
[2022-11-11T14:19:42.677+0000] {processor.py:154} INFO - Started process (PID=257) to work on /home/airflow/.local/lib/python3.7/site-packages/airflow/example_dags/example_external_task_marker_dag.py
[2022-11-11T14:19:42.679+0000] {processor.py:756} INFO - Processing file /home/airflow/.local/lib/python3.7/site-packages/airflow/example_dags/example_external_task_marker_dag.py for tasks to queue
[2022-11-11T14:19:42.680+0000] {logging_mixin.py:120} INFO - [2022-11-11T14:19:42.679+0000] {dagbag.py:537} INFO - Filling up the DagBag from /home/airflow/.local/lib/python3.7/site-packages/airflow/example_dags/example_external_task_marker_dag.py
[2022-11-11T14:19:42.708+0000] {processor.py:766} INFO - DAG(s) dict_keys(['example_external_task_marker_child', 'example_external_task_marker_parent']) retrieved from /home/airflow/.local/lib/python3.7/site-packages/airflow/example_dags/example_external_task_marker_dag.py
[2022-11-11T14:19:42.970+0000] {logging_mixin.py:120} INFO - [2022-11-11T14:19:42.970+0000] {dag.py:2585} INFO - Sync 2 DAGs
[2022-11-11T14:19:43.007+0000] {logging_mixin.py:120} INFO - [2022-11-11T14:19:43.007+0000] {dag.py:3340} INFO - Setting next_dagrun for example_external_task_marker_child to None, run_after=None
[2022-11-11T14:19:43.012+0000] {logging_mixin.py:120} INFO - [2022-11-11T14:19:43.012+0000] {dag.py:3340} INFO - Setting next_dagrun for example_external_task_marker_parent to None, run_after=None
[2022-11-11T14:19:43.035+0000] {processor.py:176} INFO - Processing /home/airflow/.local/lib/python3.7/site-packages/airflow/example_dags/example_external_task_marker_dag.py took 0.363 seconds
[2022-11-11T14:22:47.144+0000] {processor.py:154} INFO - Started process (PID=70) to work on /home/airflow/.local/lib/python3.7/site-packages/airflow/example_dags/example_external_task_marker_dag.py
[2022-11-11T14:22:47.145+0000] {processor.py:756} INFO - Processing file /home/airflow/.local/lib/python3.7/site-packages/airflow/example_dags/example_external_task_marker_dag.py for tasks to queue
[2022-11-11T14:22:47.147+0000] {logging_mixin.py:120} INFO - [2022-11-11T14:22:47.147+0000] {dagbag.py:537} INFO - Filling up the DagBag from /home/airflow/.local/lib/python3.7/site-packages/airflow/example_dags/example_external_task_marker_dag.py
[2022-11-11T14:22:47.177+0000] {processor.py:766} INFO - DAG(s) dict_keys(['example_external_task_marker_child', 'example_external_task_marker_parent']) retrieved from /home/airflow/.local/lib/python3.7/site-packages/airflow/example_dags/example_external_task_marker_dag.py
[2022-11-11T14:22:47.517+0000] {logging_mixin.py:120} INFO - [2022-11-11T14:22:47.517+0000] {dag.py:2585} INFO - Sync 2 DAGs
[2022-11-11T14:22:47.554+0000] {logging_mixin.py:120} INFO - [2022-11-11T14:22:47.554+0000] {dag.py:3340} INFO - Setting next_dagrun for example_external_task_marker_child to None, run_after=None
[2022-11-11T14:22:47.558+0000] {logging_mixin.py:120} INFO - [2022-11-11T14:22:47.558+0000] {dag.py:3340} INFO - Setting next_dagrun for example_external_task_marker_parent to None, run_after=None
[2022-11-11T14:22:48.099+0000] {processor.py:176} INFO - Processing /home/airflow/.local/lib/python3.7/site-packages/airflow/example_dags/example_external_task_marker_dag.py took 0.963 seconds
[2022-11-11T14:23:18.652+0000] {processor.py:154} INFO - Started process (PID=128) to work on /home/airflow/.local/lib/python3.7/site-packages/airflow/example_dags/example_external_task_marker_dag.py
[2022-11-11T14:23:18.654+0000] {processor.py:756} INFO - Processing file /home/airflow/.local/lib/python3.7/site-packages/airflow/example_dags/example_external_task_marker_dag.py for tasks to queue
[2022-11-11T14:23:18.654+0000] {logging_mixin.py:120} INFO - [2022-11-11T14:23:18.654+0000] {dagbag.py:537} INFO - Filling up the DagBag from /home/airflow/.local/lib/python3.7/site-packages/airflow/example_dags/example_external_task_marker_dag.py
[2022-11-11T14:23:18.684+0000] {processor.py:766} INFO - DAG(s) dict_keys(['example_external_task_marker_parent', 'example_external_task_marker_child']) retrieved from /home/airflow/.local/lib/python3.7/site-packages/airflow/example_dags/example_external_task_marker_dag.py
[2022-11-11T14:23:18.951+0000] {logging_mixin.py:120} INFO - [2022-11-11T14:23:18.951+0000] {dag.py:2585} INFO - Sync 2 DAGs
[2022-11-11T14:23:18.988+0000] {logging_mixin.py:120} INFO - [2022-11-11T14:23:18.988+0000] {dag.py:3340} INFO - Setting next_dagrun for example_external_task_marker_child to None, run_after=None
[2022-11-11T14:23:18.993+0000] {logging_mixin.py:120} INFO - [2022-11-11T14:23:18.993+0000] {dag.py:3340} INFO - Setting next_dagrun for example_external_task_marker_parent to None, run_after=None
[2022-11-11T14:23:19.017+0000] {processor.py:176} INFO - Processing /home/airflow/.local/lib/python3.7/site-packages/airflow/example_dags/example_external_task_marker_dag.py took 0.371 seconds
[2022-11-11T14:24:41.312+0000] {processor.py:154} INFO - Started process (PID=73) to work on /home/airflow/.local/lib/python3.7/site-packages/airflow/example_dags/example_external_task_marker_dag.py
[2022-11-11T14:24:41.314+0000] {processor.py:756} INFO - Processing file /home/airflow/.local/lib/python3.7/site-packages/airflow/example_dags/example_external_task_marker_dag.py for tasks to queue
[2022-11-11T14:24:41.315+0000] {logging_mixin.py:120} INFO - [2022-11-11T14:24:41.314+0000] {dagbag.py:537} INFO - Filling up the DagBag from /home/airflow/.local/lib/python3.7/site-packages/airflow/example_dags/example_external_task_marker_dag.py
[2022-11-11T14:24:41.342+0000] {processor.py:766} INFO - DAG(s) dict_keys(['example_external_task_marker_child', 'example_external_task_marker_parent']) retrieved from /home/airflow/.local/lib/python3.7/site-packages/airflow/example_dags/example_external_task_marker_dag.py
[2022-11-11T14:24:41.677+0000] {logging_mixin.py:120} INFO - [2022-11-11T14:24:41.677+0000] {dag.py:2585} INFO - Sync 2 DAGs
[2022-11-11T14:24:41.720+0000] {logging_mixin.py:120} INFO - [2022-11-11T14:24:41.720+0000] {dag.py:3340} INFO - Setting next_dagrun for example_external_task_marker_child to None, run_after=None
[2022-11-11T14:24:41.724+0000] {logging_mixin.py:120} INFO - [2022-11-11T14:24:41.724+0000] {dag.py:3340} INFO - Setting next_dagrun for example_external_task_marker_parent to None, run_after=None
[2022-11-11T14:24:41.751+0000] {processor.py:176} INFO - Processing /home/airflow/.local/lib/python3.7/site-packages/airflow/example_dags/example_external_task_marker_dag.py took 0.445 seconds
[2022-11-11T14:27:17.249+0000] {processor.py:154} INFO - Started process (PID=73) to work on /home/airflow/.local/lib/python3.7/site-packages/airflow/example_dags/example_external_task_marker_dag.py
[2022-11-11T14:27:17.251+0000] {processor.py:756} INFO - Processing file /home/airflow/.local/lib/python3.7/site-packages/airflow/example_dags/example_external_task_marker_dag.py for tasks to queue
[2022-11-11T14:27:17.253+0000] {logging_mixin.py:120} INFO - [2022-11-11T14:27:17.252+0000] {dagbag.py:537} INFO - Filling up the DagBag from /home/airflow/.local/lib/python3.7/site-packages/airflow/example_dags/example_external_task_marker_dag.py
[2022-11-11T14:27:17.283+0000] {processor.py:766} INFO - DAG(s) dict_keys(['example_external_task_marker_child', 'example_external_task_marker_parent']) retrieved from /home/airflow/.local/lib/python3.7/site-packages/airflow/example_dags/example_external_task_marker_dag.py
[2022-11-11T14:27:17.633+0000] {logging_mixin.py:120} INFO - [2022-11-11T14:27:17.633+0000] {dag.py:2585} INFO - Sync 2 DAGs
[2022-11-11T14:27:17.669+0000] {logging_mixin.py:120} INFO - [2022-11-11T14:27:17.669+0000] {dag.py:3340} INFO - Setting next_dagrun for example_external_task_marker_child to None, run_after=None
[2022-11-11T14:27:17.673+0000] {logging_mixin.py:120} INFO - [2022-11-11T14:27:17.673+0000] {dag.py:3340} INFO - Setting next_dagrun for example_external_task_marker_parent to None, run_after=None
[2022-11-11T14:27:17.703+0000] {processor.py:176} INFO - Processing /home/airflow/.local/lib/python3.7/site-packages/airflow/example_dags/example_external_task_marker_dag.py took 0.460 seconds
[2022-11-11T14:27:51.999+0000] {processor.py:154} INFO - Started process (PID=130) to work on /home/airflow/.local/lib/python3.7/site-packages/airflow/example_dags/example_external_task_marker_dag.py
[2022-11-11T14:27:52.001+0000] {processor.py:756} INFO - Processing file /home/airflow/.local/lib/python3.7/site-packages/airflow/example_dags/example_external_task_marker_dag.py for tasks to queue
[2022-11-11T14:27:52.001+0000] {logging_mixin.py:120} INFO - [2022-11-11T14:27:52.001+0000] {dagbag.py:537} INFO - Filling up the DagBag from /home/airflow/.local/lib/python3.7/site-packages/airflow/example_dags/example_external_task_marker_dag.py
[2022-11-11T14:27:52.290+0000] {processor.py:766} INFO - DAG(s) dict_keys(['example_external_task_marker_child', 'example_external_task_marker_parent']) retrieved from /home/airflow/.local/lib/python3.7/site-packages/airflow/example_dags/example_external_task_marker_dag.py
[2022-11-11T14:27:52.536+0000] {logging_mixin.py:120} INFO - [2022-11-11T14:27:52.536+0000] {dag.py:2585} INFO - Sync 2 DAGs
[2022-11-11T14:27:52.569+0000] {logging_mixin.py:120} INFO - [2022-11-11T14:27:52.569+0000] {dag.py:3340} INFO - Setting next_dagrun for example_external_task_marker_child to None, run_after=None
[2022-11-11T14:27:52.573+0000] {logging_mixin.py:120} INFO - [2022-11-11T14:27:52.573+0000] {dag.py:3340} INFO - Setting next_dagrun for example_external_task_marker_parent to None, run_after=None
[2022-11-11T14:27:52.686+0000] {processor.py:176} INFO - Processing /home/airflow/.local/lib/python3.7/site-packages/airflow/example_dags/example_external_task_marker_dag.py took 0.692 seconds
[2022-11-11T14:28:23.062+0000] {processor.py:154} INFO - Started process (PID=189) to work on /home/airflow/.local/lib/python3.7/site-packages/airflow/example_dags/example_external_task_marker_dag.py
[2022-11-11T14:28:23.063+0000] {processor.py:756} INFO - Processing file /home/airflow/.local/lib/python3.7/site-packages/airflow/example_dags/example_external_task_marker_dag.py for tasks to queue
[2022-11-11T14:28:23.064+0000] {logging_mixin.py:120} INFO - [2022-11-11T14:28:23.064+0000] {dagbag.py:537} INFO - Filling up the DagBag from /home/airflow/.local/lib/python3.7/site-packages/airflow/example_dags/example_external_task_marker_dag.py
[2022-11-11T14:28:23.085+0000] {processor.py:766} INFO - DAG(s) dict_keys(['example_external_task_marker_child', 'example_external_task_marker_parent']) retrieved from /home/airflow/.local/lib/python3.7/site-packages/airflow/example_dags/example_external_task_marker_dag.py
[2022-11-11T14:28:23.354+0000] {logging_mixin.py:120} INFO - [2022-11-11T14:28:23.354+0000] {dag.py:2585} INFO - Sync 2 DAGs
[2022-11-11T14:28:23.387+0000] {logging_mixin.py:120} INFO - [2022-11-11T14:28:23.387+0000] {dag.py:3340} INFO - Setting next_dagrun for example_external_task_marker_child to None, run_after=None
[2022-11-11T14:28:23.391+0000] {logging_mixin.py:120} INFO - [2022-11-11T14:28:23.391+0000] {dag.py:3340} INFO - Setting next_dagrun for example_external_task_marker_parent to None, run_after=None
[2022-11-11T14:28:23.414+0000] {processor.py:176} INFO - Processing /home/airflow/.local/lib/python3.7/site-packages/airflow/example_dags/example_external_task_marker_dag.py took 0.361 seconds
[2022-11-11T14:28:53.831+0000] {processor.py:154} INFO - Started process (PID=248) to work on /home/airflow/.local/lib/python3.7/site-packages/airflow/example_dags/example_external_task_marker_dag.py
[2022-11-11T14:28:53.832+0000] {processor.py:756} INFO - Processing file /home/airflow/.local/lib/python3.7/site-packages/airflow/example_dags/example_external_task_marker_dag.py for tasks to queue
[2022-11-11T14:28:53.833+0000] {logging_mixin.py:120} INFO - [2022-11-11T14:28:53.833+0000] {dagbag.py:537} INFO - Filling up the DagBag from /home/airflow/.local/lib/python3.7/site-packages/airflow/example_dags/example_external_task_marker_dag.py
[2022-11-11T14:28:53.854+0000] {processor.py:766} INFO - DAG(s) dict_keys(['example_external_task_marker_parent', 'example_external_task_marker_child']) retrieved from /home/airflow/.local/lib/python3.7/site-packages/airflow/example_dags/example_external_task_marker_dag.py
[2022-11-11T14:28:54.104+0000] {logging_mixin.py:120} INFO - [2022-11-11T14:28:54.104+0000] {dag.py:2585} INFO - Sync 2 DAGs
[2022-11-11T14:28:54.137+0000] {logging_mixin.py:120} INFO - [2022-11-11T14:28:54.136+0000] {dag.py:3340} INFO - Setting next_dagrun for example_external_task_marker_child to None, run_after=None
[2022-11-11T14:28:54.141+0000] {logging_mixin.py:120} INFO - [2022-11-11T14:28:54.141+0000] {dag.py:3340} INFO - Setting next_dagrun for example_external_task_marker_parent to None, run_after=None
[2022-11-11T14:28:54.161+0000] {processor.py:176} INFO - Processing /home/airflow/.local/lib/python3.7/site-packages/airflow/example_dags/example_external_task_marker_dag.py took 0.336 seconds
[2022-11-11T14:29:24.481+0000] {processor.py:154} INFO - Started process (PID=305) to work on /home/airflow/.local/lib/python3.7/site-packages/airflow/example_dags/example_external_task_marker_dag.py
[2022-11-11T14:29:24.482+0000] {processor.py:756} INFO - Processing file /home/airflow/.local/lib/python3.7/site-packages/airflow/example_dags/example_external_task_marker_dag.py for tasks to queue
[2022-11-11T14:29:24.483+0000] {logging_mixin.py:120} INFO - [2022-11-11T14:29:24.483+0000] {dagbag.py:537} INFO - Filling up the DagBag from /home/airflow/.local/lib/python3.7/site-packages/airflow/example_dags/example_external_task_marker_dag.py
[2022-11-11T14:29:24.503+0000] {processor.py:766} INFO - DAG(s) dict_keys(['example_external_task_marker_child', 'example_external_task_marker_parent']) retrieved from /home/airflow/.local/lib/python3.7/site-packages/airflow/example_dags/example_external_task_marker_dag.py
[2022-11-11T14:29:24.750+0000] {logging_mixin.py:120} INFO - [2022-11-11T14:29:24.749+0000] {dag.py:2585} INFO - Sync 2 DAGs
[2022-11-11T14:29:24.782+0000] {logging_mixin.py:120} INFO - [2022-11-11T14:29:24.782+0000] {dag.py:3340} INFO - Setting next_dagrun for example_external_task_marker_child to None, run_after=None
[2022-11-11T14:29:24.786+0000] {logging_mixin.py:120} INFO - [2022-11-11T14:29:24.786+0000] {dag.py:3340} INFO - Setting next_dagrun for example_external_task_marker_parent to None, run_after=None
[2022-11-11T14:29:24.807+0000] {processor.py:176} INFO - Processing /home/airflow/.local/lib/python3.7/site-packages/airflow/example_dags/example_external_task_marker_dag.py took 0.332 seconds
[2022-11-11T14:29:55.135+0000] {processor.py:154} INFO - Started process (PID=362) to work on /home/airflow/.local/lib/python3.7/site-packages/airflow/example_dags/example_external_task_marker_dag.py
[2022-11-11T14:29:55.137+0000] {processor.py:756} INFO - Processing file /home/airflow/.local/lib/python3.7/site-packages/airflow/example_dags/example_external_task_marker_dag.py for tasks to queue
[2022-11-11T14:29:55.138+0000] {logging_mixin.py:120} INFO - [2022-11-11T14:29:55.137+0000] {dagbag.py:537} INFO - Filling up the DagBag from /home/airflow/.local/lib/python3.7/site-packages/airflow/example_dags/example_external_task_marker_dag.py
[2022-11-11T14:29:55.158+0000] {processor.py:766} INFO - DAG(s) dict_keys(['example_external_task_marker_child', 'example_external_task_marker_parent']) retrieved from /home/airflow/.local/lib/python3.7/site-packages/airflow/example_dags/example_external_task_marker_dag.py
[2022-11-11T14:29:55.405+0000] {logging_mixin.py:120} INFO - [2022-11-11T14:29:55.404+0000] {dag.py:2585} INFO - Sync 2 DAGs
[2022-11-11T14:29:55.437+0000] {logging_mixin.py:120} INFO - [2022-11-11T14:29:55.437+0000] {dag.py:3340} INFO - Setting next_dagrun for example_external_task_marker_child to None, run_after=None
[2022-11-11T14:29:55.442+0000] {logging_mixin.py:120} INFO - [2022-11-11T14:29:55.441+0000] {dag.py:3340} INFO - Setting next_dagrun for example_external_task_marker_parent to None, run_after=None
[2022-11-11T14:29:55.463+0000] {processor.py:176} INFO - Processing /home/airflow/.local/lib/python3.7/site-packages/airflow/example_dags/example_external_task_marker_dag.py took 0.333 seconds
[2022-11-11T14:30:25.877+0000] {processor.py:154} INFO - Started process (PID=419) to work on /home/airflow/.local/lib/python3.7/site-packages/airflow/example_dags/example_external_task_marker_dag.py
[2022-11-11T14:30:25.879+0000] {processor.py:756} INFO - Processing file /home/airflow/.local/lib/python3.7/site-packages/airflow/example_dags/example_external_task_marker_dag.py for tasks to queue
[2022-11-11T14:30:25.880+0000] {logging_mixin.py:120} INFO - [2022-11-11T14:30:25.879+0000] {dagbag.py:537} INFO - Filling up the DagBag from /home/airflow/.local/lib/python3.7/site-packages/airflow/example_dags/example_external_task_marker_dag.py
[2022-11-11T14:30:25.901+0000] {processor.py:766} INFO - DAG(s) dict_keys(['example_external_task_marker_parent', 'example_external_task_marker_child']) retrieved from /home/airflow/.local/lib/python3.7/site-packages/airflow/example_dags/example_external_task_marker_dag.py
[2022-11-11T14:30:26.177+0000] {logging_mixin.py:120} INFO - [2022-11-11T14:30:26.177+0000] {dag.py:2585} INFO - Sync 2 DAGs
[2022-11-11T14:30:26.212+0000] {logging_mixin.py:120} INFO - [2022-11-11T14:30:26.212+0000] {dag.py:3340} INFO - Setting next_dagrun for example_external_task_marker_child to None, run_after=None
[2022-11-11T14:30:26.216+0000] {logging_mixin.py:120} INFO - [2022-11-11T14:30:26.216+0000] {dag.py:3340} INFO - Setting next_dagrun for example_external_task_marker_parent to None, run_after=None
[2022-11-11T14:30:26.245+0000] {processor.py:176} INFO - Processing /home/airflow/.local/lib/python3.7/site-packages/airflow/example_dags/example_external_task_marker_dag.py took 0.373 seconds
[2022-11-11T14:30:56.393+0000] {processor.py:154} INFO - Started process (PID=476) to work on /home/airflow/.local/lib/python3.7/site-packages/airflow/example_dags/example_external_task_marker_dag.py
[2022-11-11T14:30:56.394+0000] {processor.py:756} INFO - Processing file /home/airflow/.local/lib/python3.7/site-packages/airflow/example_dags/example_external_task_marker_dag.py for tasks to queue
[2022-11-11T14:30:56.395+0000] {logging_mixin.py:120} INFO - [2022-11-11T14:30:56.394+0000] {dagbag.py:537} INFO - Filling up the DagBag from /home/airflow/.local/lib/python3.7/site-packages/airflow/example_dags/example_external_task_marker_dag.py
[2022-11-11T14:30:56.416+0000] {processor.py:766} INFO - DAG(s) dict_keys(['example_external_task_marker_child', 'example_external_task_marker_parent']) retrieved from /home/airflow/.local/lib/python3.7/site-packages/airflow/example_dags/example_external_task_marker_dag.py
[2022-11-11T14:30:56.679+0000] {logging_mixin.py:120} INFO - [2022-11-11T14:30:56.679+0000] {dag.py:2585} INFO - Sync 2 DAGs
[2022-11-11T14:30:56.717+0000] {logging_mixin.py:120} INFO - [2022-11-11T14:30:56.717+0000] {dag.py:3340} INFO - Setting next_dagrun for example_external_task_marker_child to None, run_after=None
[2022-11-11T14:30:56.721+0000] {logging_mixin.py:120} INFO - [2022-11-11T14:30:56.721+0000] {dag.py:3340} INFO - Setting next_dagrun for example_external_task_marker_parent to None, run_after=None
[2022-11-11T14:30:56.747+0000] {processor.py:176} INFO - Processing /home/airflow/.local/lib/python3.7/site-packages/airflow/example_dags/example_external_task_marker_dag.py took 0.359 seconds
[2022-11-11T14:31:26.885+0000] {processor.py:154} INFO - Started process (PID=534) to work on /home/airflow/.local/lib/python3.7/site-packages/airflow/example_dags/example_external_task_marker_dag.py
[2022-11-11T14:31:26.887+0000] {processor.py:756} INFO - Processing file /home/airflow/.local/lib/python3.7/site-packages/airflow/example_dags/example_external_task_marker_dag.py for tasks to queue
[2022-11-11T14:31:26.888+0000] {logging_mixin.py:120} INFO - [2022-11-11T14:31:26.888+0000] {dagbag.py:537} INFO - Filling up the DagBag from /home/airflow/.local/lib/python3.7/site-packages/airflow/example_dags/example_external_task_marker_dag.py
[2022-11-11T14:31:26.909+0000] {processor.py:766} INFO - DAG(s) dict_keys(['example_external_task_marker_parent', 'example_external_task_marker_child']) retrieved from /home/airflow/.local/lib/python3.7/site-packages/airflow/example_dags/example_external_task_marker_dag.py
[2022-11-11T14:31:27.153+0000] {logging_mixin.py:120} INFO - [2022-11-11T14:31:27.153+0000] {dag.py:2585} INFO - Sync 2 DAGs
[2022-11-11T14:31:27.188+0000] {logging_mixin.py:120} INFO - [2022-11-11T14:31:27.188+0000] {dag.py:3340} INFO - Setting next_dagrun for example_external_task_marker_child to None, run_after=None
[2022-11-11T14:31:27.193+0000] {logging_mixin.py:120} INFO - [2022-11-11T14:31:27.192+0000] {dag.py:3340} INFO - Setting next_dagrun for example_external_task_marker_parent to None, run_after=None
[2022-11-11T14:31:27.215+0000] {processor.py:176} INFO - Processing /home/airflow/.local/lib/python3.7/site-packages/airflow/example_dags/example_external_task_marker_dag.py took 0.336 seconds
[2022-11-11T14:31:58.135+0000] {processor.py:154} INFO - Started process (PID=591) to work on /home/airflow/.local/lib/python3.7/site-packages/airflow/example_dags/example_external_task_marker_dag.py
[2022-11-11T14:31:58.137+0000] {processor.py:756} INFO - Processing file /home/airflow/.local/lib/python3.7/site-packages/airflow/example_dags/example_external_task_marker_dag.py for tasks to queue
[2022-11-11T14:31:58.138+0000] {logging_mixin.py:120} INFO - [2022-11-11T14:31:58.138+0000] {dagbag.py:537} INFO - Filling up the DagBag from /home/airflow/.local/lib/python3.7/site-packages/airflow/example_dags/example_external_task_marker_dag.py
[2022-11-11T14:31:58.157+0000] {processor.py:766} INFO - DAG(s) dict_keys(['example_external_task_marker_child', 'example_external_task_marker_parent']) retrieved from /home/airflow/.local/lib/python3.7/site-packages/airflow/example_dags/example_external_task_marker_dag.py
[2022-11-11T14:31:58.409+0000] {logging_mixin.py:120} INFO - [2022-11-11T14:31:58.409+0000] {dag.py:2585} INFO - Sync 2 DAGs
[2022-11-11T14:31:58.441+0000] {logging_mixin.py:120} INFO - [2022-11-11T14:31:58.441+0000] {dag.py:3340} INFO - Setting next_dagrun for example_external_task_marker_child to None, run_after=None
[2022-11-11T14:31:58.445+0000] {logging_mixin.py:120} INFO - [2022-11-11T14:31:58.444+0000] {dag.py:3340} INFO - Setting next_dagrun for example_external_task_marker_parent to None, run_after=None
[2022-11-11T14:31:58.464+0000] {processor.py:176} INFO - Processing /home/airflow/.local/lib/python3.7/site-packages/airflow/example_dags/example_external_task_marker_dag.py took 0.334 seconds
[2022-11-11T14:32:28.794+0000] {processor.py:154} INFO - Started process (PID=648) to work on /home/airflow/.local/lib/python3.7/site-packages/airflow/example_dags/example_external_task_marker_dag.py
[2022-11-11T14:32:28.795+0000] {processor.py:756} INFO - Processing file /home/airflow/.local/lib/python3.7/site-packages/airflow/example_dags/example_external_task_marker_dag.py for tasks to queue
[2022-11-11T14:32:28.796+0000] {logging_mixin.py:120} INFO - [2022-11-11T14:32:28.796+0000] {dagbag.py:537} INFO - Filling up the DagBag from /home/airflow/.local/lib/python3.7/site-packages/airflow/example_dags/example_external_task_marker_dag.py
[2022-11-11T14:32:28.816+0000] {processor.py:766} INFO - DAG(s) dict_keys(['example_external_task_marker_parent', 'example_external_task_marker_child']) retrieved from /home/airflow/.local/lib/python3.7/site-packages/airflow/example_dags/example_external_task_marker_dag.py
[2022-11-11T14:32:29.062+0000] {logging_mixin.py:120} INFO - [2022-11-11T14:32:29.062+0000] {dag.py:2585} INFO - Sync 2 DAGs
[2022-11-11T14:32:29.095+0000] {logging_mixin.py:120} INFO - [2022-11-11T14:32:29.095+0000] {dag.py:3340} INFO - Setting next_dagrun for example_external_task_marker_child to None, run_after=None
[2022-11-11T14:32:29.101+0000] {logging_mixin.py:120} INFO - [2022-11-11T14:32:29.101+0000] {dag.py:3340} INFO - Setting next_dagrun for example_external_task_marker_parent to None, run_after=None
[2022-11-11T14:32:29.125+0000] {processor.py:176} INFO - Processing /home/airflow/.local/lib/python3.7/site-packages/airflow/example_dags/example_external_task_marker_dag.py took 0.337 seconds
[2022-11-11T14:32:59.305+0000] {processor.py:154} INFO - Started process (PID=704) to work on /home/airflow/.local/lib/python3.7/site-packages/airflow/example_dags/example_external_task_marker_dag.py
[2022-11-11T14:32:59.307+0000] {processor.py:756} INFO - Processing file /home/airflow/.local/lib/python3.7/site-packages/airflow/example_dags/example_external_task_marker_dag.py for tasks to queue
[2022-11-11T14:32:59.308+0000] {logging_mixin.py:120} INFO - [2022-11-11T14:32:59.308+0000] {dagbag.py:537} INFO - Filling up the DagBag from /home/airflow/.local/lib/python3.7/site-packages/airflow/example_dags/example_external_task_marker_dag.py
[2022-11-11T14:32:59.330+0000] {processor.py:766} INFO - DAG(s) dict_keys(['example_external_task_marker_parent', 'example_external_task_marker_child']) retrieved from /home/airflow/.local/lib/python3.7/site-packages/airflow/example_dags/example_external_task_marker_dag.py
[2022-11-11T14:32:59.651+0000] {logging_mixin.py:120} INFO - [2022-11-11T14:32:59.651+0000] {dag.py:2585} INFO - Sync 2 DAGs
[2022-11-11T14:32:59.686+0000] {logging_mixin.py:120} INFO - [2022-11-11T14:32:59.686+0000] {dag.py:3340} INFO - Setting next_dagrun for example_external_task_marker_child to None, run_after=None
[2022-11-11T14:32:59.690+0000] {logging_mixin.py:120} INFO - [2022-11-11T14:32:59.690+0000] {dag.py:3340} INFO - Setting next_dagrun for example_external_task_marker_parent to None, run_after=None
[2022-11-11T14:32:59.711+0000] {processor.py:176} INFO - Processing /home/airflow/.local/lib/python3.7/site-packages/airflow/example_dags/example_external_task_marker_dag.py took 0.411 seconds
[2022-11-11T14:33:29.828+0000] {processor.py:154} INFO - Started process (PID=762) to work on /home/airflow/.local/lib/python3.7/site-packages/airflow/example_dags/example_external_task_marker_dag.py
[2022-11-11T14:33:29.830+0000] {processor.py:756} INFO - Processing file /home/airflow/.local/lib/python3.7/site-packages/airflow/example_dags/example_external_task_marker_dag.py for tasks to queue
[2022-11-11T14:33:29.832+0000] {logging_mixin.py:120} INFO - [2022-11-11T14:33:29.831+0000] {dagbag.py:537} INFO - Filling up the DagBag from /home/airflow/.local/lib/python3.7/site-packages/airflow/example_dags/example_external_task_marker_dag.py
[2022-11-11T14:33:29.857+0000] {processor.py:766} INFO - DAG(s) dict_keys(['example_external_task_marker_child', 'example_external_task_marker_parent']) retrieved from /home/airflow/.local/lib/python3.7/site-packages/airflow/example_dags/example_external_task_marker_dag.py
[2022-11-11T14:33:30.186+0000] {logging_mixin.py:120} INFO - [2022-11-11T14:33:30.186+0000] {dag.py:2585} INFO - Sync 2 DAGs
[2022-11-11T14:33:30.220+0000] {logging_mixin.py:120} INFO - [2022-11-11T14:33:30.220+0000] {dag.py:3340} INFO - Setting next_dagrun for example_external_task_marker_child to None, run_after=None
[2022-11-11T14:33:30.225+0000] {logging_mixin.py:120} INFO - [2022-11-11T14:33:30.225+0000] {dag.py:3340} INFO - Setting next_dagrun for example_external_task_marker_parent to None, run_after=None
[2022-11-11T14:33:30.247+0000] {processor.py:176} INFO - Processing /home/airflow/.local/lib/python3.7/site-packages/airflow/example_dags/example_external_task_marker_dag.py took 0.426 seconds
[2022-11-11T14:34:00.516+0000] {processor.py:154} INFO - Started process (PID=825) to work on /home/airflow/.local/lib/python3.7/site-packages/airflow/example_dags/example_external_task_marker_dag.py
[2022-11-11T14:34:00.517+0000] {processor.py:756} INFO - Processing file /home/airflow/.local/lib/python3.7/site-packages/airflow/example_dags/example_external_task_marker_dag.py for tasks to queue
[2022-11-11T14:34:00.518+0000] {logging_mixin.py:120} INFO - [2022-11-11T14:34:00.518+0000] {dagbag.py:537} INFO - Filling up the DagBag from /home/airflow/.local/lib/python3.7/site-packages/airflow/example_dags/example_external_task_marker_dag.py
[2022-11-11T14:34:00.539+0000] {processor.py:766} INFO - DAG(s) dict_keys(['example_external_task_marker_child', 'example_external_task_marker_parent']) retrieved from /home/airflow/.local/lib/python3.7/site-packages/airflow/example_dags/example_external_task_marker_dag.py
[2022-11-11T14:34:00.805+0000] {logging_mixin.py:120} INFO - [2022-11-11T14:34:00.805+0000] {dag.py:2585} INFO - Sync 2 DAGs
[2022-11-11T14:34:00.850+0000] {logging_mixin.py:120} INFO - [2022-11-11T14:34:00.850+0000] {dag.py:3340} INFO - Setting next_dagrun for example_external_task_marker_child to None, run_after=None
[2022-11-11T14:34:00.854+0000] {logging_mixin.py:120} INFO - [2022-11-11T14:34:00.854+0000] {dag.py:3340} INFO - Setting next_dagrun for example_external_task_marker_parent to None, run_after=None
[2022-11-11T14:34:00.875+0000] {processor.py:176} INFO - Processing /home/airflow/.local/lib/python3.7/site-packages/airflow/example_dags/example_external_task_marker_dag.py took 0.365 seconds
[2022-11-11T14:34:30.955+0000] {processor.py:154} INFO - Started process (PID=882) to work on /home/airflow/.local/lib/python3.7/site-packages/airflow/example_dags/example_external_task_marker_dag.py
[2022-11-11T14:34:30.957+0000] {processor.py:756} INFO - Processing file /home/airflow/.local/lib/python3.7/site-packages/airflow/example_dags/example_external_task_marker_dag.py for tasks to queue
[2022-11-11T14:34:30.958+0000] {logging_mixin.py:120} INFO - [2022-11-11T14:34:30.958+0000] {dagbag.py:537} INFO - Filling up the DagBag from /home/airflow/.local/lib/python3.7/site-packages/airflow/example_dags/example_external_task_marker_dag.py
[2022-11-11T14:34:30.980+0000] {processor.py:766} INFO - DAG(s) dict_keys(['example_external_task_marker_child', 'example_external_task_marker_parent']) retrieved from /home/airflow/.local/lib/python3.7/site-packages/airflow/example_dags/example_external_task_marker_dag.py
[2022-11-11T14:34:31.245+0000] {logging_mixin.py:120} INFO - [2022-11-11T14:34:31.245+0000] {dag.py:2585} INFO - Sync 2 DAGs
[2022-11-11T14:34:31.279+0000] {logging_mixin.py:120} INFO - [2022-11-11T14:34:31.278+0000] {dag.py:3340} INFO - Setting next_dagrun for example_external_task_marker_child to None, run_after=None
[2022-11-11T14:34:31.283+0000] {logging_mixin.py:120} INFO - [2022-11-11T14:34:31.282+0000] {dag.py:3340} INFO - Setting next_dagrun for example_external_task_marker_parent to None, run_after=None
[2022-11-11T14:34:31.303+0000] {processor.py:176} INFO - Processing /home/airflow/.local/lib/python3.7/site-packages/airflow/example_dags/example_external_task_marker_dag.py took 0.353 seconds
[2022-11-11T14:35:01.600+0000] {processor.py:154} INFO - Started process (PID=940) to work on /home/airflow/.local/lib/python3.7/site-packages/airflow/example_dags/example_external_task_marker_dag.py
[2022-11-11T14:35:01.601+0000] {processor.py:756} INFO - Processing file /home/airflow/.local/lib/python3.7/site-packages/airflow/example_dags/example_external_task_marker_dag.py for tasks to queue
[2022-11-11T14:35:01.602+0000] {logging_mixin.py:120} INFO - [2022-11-11T14:35:01.602+0000] {dagbag.py:537} INFO - Filling up the DagBag from /home/airflow/.local/lib/python3.7/site-packages/airflow/example_dags/example_external_task_marker_dag.py
[2022-11-11T14:35:01.623+0000] {processor.py:766} INFO - DAG(s) dict_keys(['example_external_task_marker_parent', 'example_external_task_marker_child']) retrieved from /home/airflow/.local/lib/python3.7/site-packages/airflow/example_dags/example_external_task_marker_dag.py
[2022-11-11T14:35:01.887+0000] {logging_mixin.py:120} INFO - [2022-11-11T14:35:01.886+0000] {dag.py:2585} INFO - Sync 2 DAGs
[2022-11-11T14:35:01.930+0000] {logging_mixin.py:120} INFO - [2022-11-11T14:35:01.929+0000] {dag.py:3340} INFO - Setting next_dagrun for example_external_task_marker_child to None, run_after=None
[2022-11-11T14:35:01.934+0000] {logging_mixin.py:120} INFO - [2022-11-11T14:35:01.934+0000] {dag.py:3340} INFO - Setting next_dagrun for example_external_task_marker_parent to None, run_after=None
[2022-11-11T14:35:01.958+0000] {processor.py:176} INFO - Processing /home/airflow/.local/lib/python3.7/site-packages/airflow/example_dags/example_external_task_marker_dag.py took 0.365 seconds
[2022-11-11T14:35:32.065+0000] {processor.py:154} INFO - Started process (PID=998) to work on /home/airflow/.local/lib/python3.7/site-packages/airflow/example_dags/example_external_task_marker_dag.py
[2022-11-11T14:35:32.066+0000] {processor.py:756} INFO - Processing file /home/airflow/.local/lib/python3.7/site-packages/airflow/example_dags/example_external_task_marker_dag.py for tasks to queue
[2022-11-11T14:35:32.067+0000] {logging_mixin.py:120} INFO - [2022-11-11T14:35:32.067+0000] {dagbag.py:537} INFO - Filling up the DagBag from /home/airflow/.local/lib/python3.7/site-packages/airflow/example_dags/example_external_task_marker_dag.py
[2022-11-11T14:35:32.096+0000] {processor.py:766} INFO - DAG(s) dict_keys(['example_external_task_marker_child', 'example_external_task_marker_parent']) retrieved from /home/airflow/.local/lib/python3.7/site-packages/airflow/example_dags/example_external_task_marker_dag.py
[2022-11-11T14:35:32.352+0000] {logging_mixin.py:120} INFO - [2022-11-11T14:35:32.352+0000] {dag.py:2585} INFO - Sync 2 DAGs
[2022-11-11T14:35:32.386+0000] {logging_mixin.py:120} INFO - [2022-11-11T14:35:32.385+0000] {dag.py:3340} INFO - Setting next_dagrun for example_external_task_marker_child to None, run_after=None
[2022-11-11T14:35:32.390+0000] {logging_mixin.py:120} INFO - [2022-11-11T14:35:32.390+0000] {dag.py:3340} INFO - Setting next_dagrun for example_external_task_marker_parent to None, run_after=None
[2022-11-11T14:35:32.415+0000] {processor.py:176} INFO - Processing /home/airflow/.local/lib/python3.7/site-packages/airflow/example_dags/example_external_task_marker_dag.py took 0.360 seconds
[2022-11-11T14:36:02.545+0000] {processor.py:154} INFO - Started process (PID=1055) to work on /home/airflow/.local/lib/python3.7/site-packages/airflow/example_dags/example_external_task_marker_dag.py
[2022-11-11T14:36:02.547+0000] {processor.py:756} INFO - Processing file /home/airflow/.local/lib/python3.7/site-packages/airflow/example_dags/example_external_task_marker_dag.py for tasks to queue
[2022-11-11T14:36:02.548+0000] {logging_mixin.py:120} INFO - [2022-11-11T14:36:02.547+0000] {dagbag.py:537} INFO - Filling up the DagBag from /home/airflow/.local/lib/python3.7/site-packages/airflow/example_dags/example_external_task_marker_dag.py
[2022-11-11T14:36:02.569+0000] {processor.py:766} INFO - DAG(s) dict_keys(['example_external_task_marker_parent', 'example_external_task_marker_child']) retrieved from /home/airflow/.local/lib/python3.7/site-packages/airflow/example_dags/example_external_task_marker_dag.py
[2022-11-11T14:36:02.858+0000] {logging_mixin.py:120} INFO - [2022-11-11T14:36:02.858+0000] {dag.py:2585} INFO - Sync 2 DAGs
[2022-11-11T14:36:02.893+0000] {logging_mixin.py:120} INFO - [2022-11-11T14:36:02.893+0000] {dag.py:3340} INFO - Setting next_dagrun for example_external_task_marker_child to None, run_after=None
[2022-11-11T14:36:02.898+0000] {logging_mixin.py:120} INFO - [2022-11-11T14:36:02.898+0000] {dag.py:3340} INFO - Setting next_dagrun for example_external_task_marker_parent to None, run_after=None
[2022-11-11T14:36:02.919+0000] {processor.py:176} INFO - Processing /home/airflow/.local/lib/python3.7/site-packages/airflow/example_dags/example_external_task_marker_dag.py took 0.379 seconds
[2022-11-11T14:36:33.100+0000] {processor.py:154} INFO - Started process (PID=1112) to work on /home/airflow/.local/lib/python3.7/site-packages/airflow/example_dags/example_external_task_marker_dag.py
[2022-11-11T14:36:33.101+0000] {processor.py:756} INFO - Processing file /home/airflow/.local/lib/python3.7/site-packages/airflow/example_dags/example_external_task_marker_dag.py for tasks to queue
[2022-11-11T14:36:33.102+0000] {logging_mixin.py:120} INFO - [2022-11-11T14:36:33.102+0000] {dagbag.py:537} INFO - Filling up the DagBag from /home/airflow/.local/lib/python3.7/site-packages/airflow/example_dags/example_external_task_marker_dag.py
[2022-11-11T14:36:33.122+0000] {processor.py:766} INFO - DAG(s) dict_keys(['example_external_task_marker_child', 'example_external_task_marker_parent']) retrieved from /home/airflow/.local/lib/python3.7/site-packages/airflow/example_dags/example_external_task_marker_dag.py
[2022-11-11T14:36:33.383+0000] {logging_mixin.py:120} INFO - [2022-11-11T14:36:33.383+0000] {dag.py:2585} INFO - Sync 2 DAGs
[2022-11-11T14:36:33.422+0000] {logging_mixin.py:120} INFO - [2022-11-11T14:36:33.422+0000] {dag.py:3340} INFO - Setting next_dagrun for example_external_task_marker_child to None, run_after=None
[2022-11-11T14:36:33.428+0000] {logging_mixin.py:120} INFO - [2022-11-11T14:36:33.428+0000] {dag.py:3340} INFO - Setting next_dagrun for example_external_task_marker_parent to None, run_after=None
[2022-11-11T14:36:33.450+0000] {processor.py:176} INFO - Processing /home/airflow/.local/lib/python3.7/site-packages/airflow/example_dags/example_external_task_marker_dag.py took 0.356 seconds
[2022-11-11T14:37:03.679+0000] {processor.py:154} INFO - Started process (PID=1170) to work on /home/airflow/.local/lib/python3.7/site-packages/airflow/example_dags/example_external_task_marker_dag.py
[2022-11-11T14:37:03.680+0000] {processor.py:756} INFO - Processing file /home/airflow/.local/lib/python3.7/site-packages/airflow/example_dags/example_external_task_marker_dag.py for tasks to queue
[2022-11-11T14:37:03.681+0000] {logging_mixin.py:120} INFO - [2022-11-11T14:37:03.681+0000] {dagbag.py:537} INFO - Filling up the DagBag from /home/airflow/.local/lib/python3.7/site-packages/airflow/example_dags/example_external_task_marker_dag.py
[2022-11-11T14:37:03.702+0000] {processor.py:766} INFO - DAG(s) dict_keys(['example_external_task_marker_child', 'example_external_task_marker_parent']) retrieved from /home/airflow/.local/lib/python3.7/site-packages/airflow/example_dags/example_external_task_marker_dag.py
[2022-11-11T14:37:03.954+0000] {logging_mixin.py:120} INFO - [2022-11-11T14:37:03.953+0000] {dag.py:2585} INFO - Sync 2 DAGs
[2022-11-11T14:37:03.987+0000] {logging_mixin.py:120} INFO - [2022-11-11T14:37:03.987+0000] {dag.py:3340} INFO - Setting next_dagrun for example_external_task_marker_child to None, run_after=None
[2022-11-11T14:37:03.991+0000] {logging_mixin.py:120} INFO - [2022-11-11T14:37:03.991+0000] {dag.py:3340} INFO - Setting next_dagrun for example_external_task_marker_parent to None, run_after=None
[2022-11-11T14:37:04.014+0000] {processor.py:176} INFO - Processing /home/airflow/.local/lib/python3.7/site-packages/airflow/example_dags/example_external_task_marker_dag.py took 0.341 seconds
[2022-11-11T14:37:34.181+0000] {processor.py:154} INFO - Started process (PID=1227) to work on /home/airflow/.local/lib/python3.7/site-packages/airflow/example_dags/example_external_task_marker_dag.py
[2022-11-11T14:37:34.183+0000] {processor.py:756} INFO - Processing file /home/airflow/.local/lib/python3.7/site-packages/airflow/example_dags/example_external_task_marker_dag.py for tasks to queue
[2022-11-11T14:37:34.184+0000] {logging_mixin.py:120} INFO - [2022-11-11T14:37:34.183+0000] {dagbag.py:537} INFO - Filling up the DagBag from /home/airflow/.local/lib/python3.7/site-packages/airflow/example_dags/example_external_task_marker_dag.py
[2022-11-11T14:37:34.203+0000] {processor.py:766} INFO - DAG(s) dict_keys(['example_external_task_marker_child', 'example_external_task_marker_parent']) retrieved from /home/airflow/.local/lib/python3.7/site-packages/airflow/example_dags/example_external_task_marker_dag.py
[2022-11-11T14:37:34.450+0000] {logging_mixin.py:120} INFO - [2022-11-11T14:37:34.450+0000] {dag.py:2585} INFO - Sync 2 DAGs
[2022-11-11T14:37:34.482+0000] {logging_mixin.py:120} INFO - [2022-11-11T14:37:34.482+0000] {dag.py:3340} INFO - Setting next_dagrun for example_external_task_marker_child to None, run_after=None
[2022-11-11T14:37:34.486+0000] {logging_mixin.py:120} INFO - [2022-11-11T14:37:34.486+0000] {dag.py:3340} INFO - Setting next_dagrun for example_external_task_marker_parent to None, run_after=None
[2022-11-11T14:37:34.506+0000] {processor.py:176} INFO - Processing /home/airflow/.local/lib/python3.7/site-packages/airflow/example_dags/example_external_task_marker_dag.py took 0.330 seconds
[2022-11-11T14:38:04.823+0000] {processor.py:154} INFO - Started process (PID=1285) to work on /home/airflow/.local/lib/python3.7/site-packages/airflow/example_dags/example_external_task_marker_dag.py
[2022-11-11T14:38:04.824+0000] {processor.py:756} INFO - Processing file /home/airflow/.local/lib/python3.7/site-packages/airflow/example_dags/example_external_task_marker_dag.py for tasks to queue
[2022-11-11T14:38:04.825+0000] {logging_mixin.py:120} INFO - [2022-11-11T14:38:04.825+0000] {dagbag.py:537} INFO - Filling up the DagBag from /home/airflow/.local/lib/python3.7/site-packages/airflow/example_dags/example_external_task_marker_dag.py
[2022-11-11T14:38:04.844+0000] {processor.py:766} INFO - DAG(s) dict_keys(['example_external_task_marker_parent', 'example_external_task_marker_child']) retrieved from /home/airflow/.local/lib/python3.7/site-packages/airflow/example_dags/example_external_task_marker_dag.py
[2022-11-11T14:38:05.109+0000] {logging_mixin.py:120} INFO - [2022-11-11T14:38:05.109+0000] {dag.py:2585} INFO - Sync 2 DAGs
[2022-11-11T14:38:05.147+0000] {logging_mixin.py:120} INFO - [2022-11-11T14:38:05.147+0000] {dag.py:3340} INFO - Setting next_dagrun for example_external_task_marker_child to None, run_after=None
[2022-11-11T14:38:05.151+0000] {logging_mixin.py:120} INFO - [2022-11-11T14:38:05.151+0000] {dag.py:3340} INFO - Setting next_dagrun for example_external_task_marker_parent to None, run_after=None
[2022-11-11T14:38:05.173+0000] {processor.py:176} INFO - Processing /home/airflow/.local/lib/python3.7/site-packages/airflow/example_dags/example_external_task_marker_dag.py took 0.354 seconds
[2022-11-11T14:38:35.208+0000] {processor.py:154} INFO - Started process (PID=1342) to work on /home/airflow/.local/lib/python3.7/site-packages/airflow/example_dags/example_external_task_marker_dag.py
[2022-11-11T14:38:35.210+0000] {processor.py:756} INFO - Processing file /home/airflow/.local/lib/python3.7/site-packages/airflow/example_dags/example_external_task_marker_dag.py for tasks to queue
[2022-11-11T14:38:35.210+0000] {logging_mixin.py:120} INFO - [2022-11-11T14:38:35.210+0000] {dagbag.py:537} INFO - Filling up the DagBag from /home/airflow/.local/lib/python3.7/site-packages/airflow/example_dags/example_external_task_marker_dag.py
[2022-11-11T14:38:35.230+0000] {processor.py:766} INFO - DAG(s) dict_keys(['example_external_task_marker_child', 'example_external_task_marker_parent']) retrieved from /home/airflow/.local/lib/python3.7/site-packages/airflow/example_dags/example_external_task_marker_dag.py
[2022-11-11T14:38:35.493+0000] {logging_mixin.py:120} INFO - [2022-11-11T14:38:35.493+0000] {dag.py:2585} INFO - Sync 2 DAGs
[2022-11-11T14:38:35.527+0000] {logging_mixin.py:120} INFO - [2022-11-11T14:38:35.527+0000] {dag.py:3340} INFO - Setting next_dagrun for example_external_task_marker_child to None, run_after=None
[2022-11-11T14:38:35.531+0000] {logging_mixin.py:120} INFO - [2022-11-11T14:38:35.531+0000] {dag.py:3340} INFO - Setting next_dagrun for example_external_task_marker_parent to None, run_after=None
[2022-11-11T14:38:35.552+0000] {processor.py:176} INFO - Processing /home/airflow/.local/lib/python3.7/site-packages/airflow/example_dags/example_external_task_marker_dag.py took 0.350 seconds
[2022-11-11T14:39:05.854+0000] {processor.py:154} INFO - Started process (PID=1397) to work on /home/airflow/.local/lib/python3.7/site-packages/airflow/example_dags/example_external_task_marker_dag.py
[2022-11-11T14:39:05.856+0000] {processor.py:756} INFO - Processing file /home/airflow/.local/lib/python3.7/site-packages/airflow/example_dags/example_external_task_marker_dag.py for tasks to queue
[2022-11-11T14:39:05.858+0000] {logging_mixin.py:120} INFO - [2022-11-11T14:39:05.857+0000] {dagbag.py:537} INFO - Filling up the DagBag from /home/airflow/.local/lib/python3.7/site-packages/airflow/example_dags/example_external_task_marker_dag.py
[2022-11-11T14:39:05.878+0000] {processor.py:766} INFO - DAG(s) dict_keys(['example_external_task_marker_parent', 'example_external_task_marker_child']) retrieved from /home/airflow/.local/lib/python3.7/site-packages/airflow/example_dags/example_external_task_marker_dag.py
[2022-11-11T14:39:06.169+0000] {logging_mixin.py:120} INFO - [2022-11-11T14:39:06.169+0000] {dag.py:2585} INFO - Sync 2 DAGs
[2022-11-11T14:39:06.201+0000] {logging_mixin.py:120} INFO - [2022-11-11T14:39:06.201+0000] {dag.py:3340} INFO - Setting next_dagrun for example_external_task_marker_child to None, run_after=None
[2022-11-11T14:39:06.205+0000] {logging_mixin.py:120} INFO - [2022-11-11T14:39:06.205+0000] {dag.py:3340} INFO - Setting next_dagrun for example_external_task_marker_parent to None, run_after=None
[2022-11-11T14:39:06.227+0000] {processor.py:176} INFO - Processing /home/airflow/.local/lib/python3.7/site-packages/airflow/example_dags/example_external_task_marker_dag.py took 0.377 seconds
[2022-11-11T14:39:36.569+0000] {processor.py:154} INFO - Started process (PID=1455) to work on /home/airflow/.local/lib/python3.7/site-packages/airflow/example_dags/example_external_task_marker_dag.py
[2022-11-11T14:39:36.571+0000] {processor.py:756} INFO - Processing file /home/airflow/.local/lib/python3.7/site-packages/airflow/example_dags/example_external_task_marker_dag.py for tasks to queue
[2022-11-11T14:39:36.572+0000] {logging_mixin.py:120} INFO - [2022-11-11T14:39:36.572+0000] {dagbag.py:537} INFO - Filling up the DagBag from /home/airflow/.local/lib/python3.7/site-packages/airflow/example_dags/example_external_task_marker_dag.py
[2022-11-11T14:39:36.595+0000] {processor.py:766} INFO - DAG(s) dict_keys(['example_external_task_marker_parent', 'example_external_task_marker_child']) retrieved from /home/airflow/.local/lib/python3.7/site-packages/airflow/example_dags/example_external_task_marker_dag.py
[2022-11-11T14:39:36.855+0000] {logging_mixin.py:120} INFO - [2022-11-11T14:39:36.855+0000] {dag.py:2585} INFO - Sync 2 DAGs
[2022-11-11T14:39:36.889+0000] {logging_mixin.py:120} INFO - [2022-11-11T14:39:36.889+0000] {dag.py:3340} INFO - Setting next_dagrun for example_external_task_marker_child to None, run_after=None
[2022-11-11T14:39:36.893+0000] {logging_mixin.py:120} INFO - [2022-11-11T14:39:36.893+0000] {dag.py:3340} INFO - Setting next_dagrun for example_external_task_marker_parent to None, run_after=None
[2022-11-11T14:39:36.915+0000] {processor.py:176} INFO - Processing /home/airflow/.local/lib/python3.7/site-packages/airflow/example_dags/example_external_task_marker_dag.py took 0.352 seconds
[2022-11-11T14:40:07.231+0000] {processor.py:154} INFO - Started process (PID=1510) to work on /home/airflow/.local/lib/python3.7/site-packages/airflow/example_dags/example_external_task_marker_dag.py
[2022-11-11T14:40:07.232+0000] {processor.py:756} INFO - Processing file /home/airflow/.local/lib/python3.7/site-packages/airflow/example_dags/example_external_task_marker_dag.py for tasks to queue
[2022-11-11T14:40:07.233+0000] {logging_mixin.py:120} INFO - [2022-11-11T14:40:07.233+0000] {dagbag.py:537} INFO - Filling up the DagBag from /home/airflow/.local/lib/python3.7/site-packages/airflow/example_dags/example_external_task_marker_dag.py
[2022-11-11T14:40:07.253+0000] {processor.py:766} INFO - DAG(s) dict_keys(['example_external_task_marker_parent', 'example_external_task_marker_child']) retrieved from /home/airflow/.local/lib/python3.7/site-packages/airflow/example_dags/example_external_task_marker_dag.py
[2022-11-11T14:40:07.505+0000] {logging_mixin.py:120} INFO - [2022-11-11T14:40:07.504+0000] {dag.py:2585} INFO - Sync 2 DAGs
[2022-11-11T14:40:07.540+0000] {logging_mixin.py:120} INFO - [2022-11-11T14:40:07.540+0000] {dag.py:3340} INFO - Setting next_dagrun for example_external_task_marker_child to None, run_after=None
[2022-11-11T14:40:07.544+0000] {logging_mixin.py:120} INFO - [2022-11-11T14:40:07.544+0000] {dag.py:3340} INFO - Setting next_dagrun for example_external_task_marker_parent to None, run_after=None
[2022-11-11T14:40:07.567+0000] {processor.py:176} INFO - Processing /home/airflow/.local/lib/python3.7/site-packages/airflow/example_dags/example_external_task_marker_dag.py took 0.341 seconds
[2022-11-11T14:40:37.702+0000] {processor.py:154} INFO - Started process (PID=1566) to work on /home/airflow/.local/lib/python3.7/site-packages/airflow/example_dags/example_external_task_marker_dag.py
[2022-11-11T14:40:37.703+0000] {processor.py:756} INFO - Processing file /home/airflow/.local/lib/python3.7/site-packages/airflow/example_dags/example_external_task_marker_dag.py for tasks to queue
[2022-11-11T14:40:37.704+0000] {logging_mixin.py:120} INFO - [2022-11-11T14:40:37.704+0000] {dagbag.py:537} INFO - Filling up the DagBag from /home/airflow/.local/lib/python3.7/site-packages/airflow/example_dags/example_external_task_marker_dag.py
[2022-11-11T14:40:37.724+0000] {processor.py:766} INFO - DAG(s) dict_keys(['example_external_task_marker_child', 'example_external_task_marker_parent']) retrieved from /home/airflow/.local/lib/python3.7/site-packages/airflow/example_dags/example_external_task_marker_dag.py
[2022-11-11T14:40:37.977+0000] {logging_mixin.py:120} INFO - [2022-11-11T14:40:37.976+0000] {dag.py:2585} INFO - Sync 2 DAGs
[2022-11-11T14:40:38.018+0000] {logging_mixin.py:120} INFO - [2022-11-11T14:40:38.018+0000] {dag.py:3340} INFO - Setting next_dagrun for example_external_task_marker_child to None, run_after=None
[2022-11-11T14:40:38.022+0000] {logging_mixin.py:120} INFO - [2022-11-11T14:40:38.022+0000] {dag.py:3340} INFO - Setting next_dagrun for example_external_task_marker_parent to None, run_after=None
[2022-11-11T14:40:38.043+0000] {processor.py:176} INFO - Processing /home/airflow/.local/lib/python3.7/site-packages/airflow/example_dags/example_external_task_marker_dag.py took 0.347 seconds
[2022-11-11T14:41:08.306+0000] {processor.py:154} INFO - Started process (PID=1623) to work on /home/airflow/.local/lib/python3.7/site-packages/airflow/example_dags/example_external_task_marker_dag.py
[2022-11-11T14:41:08.308+0000] {processor.py:756} INFO - Processing file /home/airflow/.local/lib/python3.7/site-packages/airflow/example_dags/example_external_task_marker_dag.py for tasks to queue
[2022-11-11T14:41:08.309+0000] {logging_mixin.py:120} INFO - [2022-11-11T14:41:08.308+0000] {dagbag.py:537} INFO - Filling up the DagBag from /home/airflow/.local/lib/python3.7/site-packages/airflow/example_dags/example_external_task_marker_dag.py
[2022-11-11T14:41:08.329+0000] {processor.py:766} INFO - DAG(s) dict_keys(['example_external_task_marker_parent', 'example_external_task_marker_child']) retrieved from /home/airflow/.local/lib/python3.7/site-packages/airflow/example_dags/example_external_task_marker_dag.py
[2022-11-11T14:41:08.577+0000] {logging_mixin.py:120} INFO - [2022-11-11T14:41:08.577+0000] {dag.py:2585} INFO - Sync 2 DAGs
[2022-11-11T14:41:08.611+0000] {logging_mixin.py:120} INFO - [2022-11-11T14:41:08.611+0000] {dag.py:3340} INFO - Setting next_dagrun for example_external_task_marker_child to None, run_after=None
[2022-11-11T14:41:08.615+0000] {logging_mixin.py:120} INFO - [2022-11-11T14:41:08.615+0000] {dag.py:3340} INFO - Setting next_dagrun for example_external_task_marker_parent to None, run_after=None
[2022-11-11T14:41:08.636+0000] {processor.py:176} INFO - Processing /home/airflow/.local/lib/python3.7/site-packages/airflow/example_dags/example_external_task_marker_dag.py took 0.335 seconds
[2022-11-11T14:41:38.669+0000] {processor.py:154} INFO - Started process (PID=1681) to work on /home/airflow/.local/lib/python3.7/site-packages/airflow/example_dags/example_external_task_marker_dag.py
[2022-11-11T14:41:38.670+0000] {processor.py:756} INFO - Processing file /home/airflow/.local/lib/python3.7/site-packages/airflow/example_dags/example_external_task_marker_dag.py for tasks to queue
[2022-11-11T14:41:38.671+0000] {logging_mixin.py:120} INFO - [2022-11-11T14:41:38.671+0000] {dagbag.py:537} INFO - Filling up the DagBag from /home/airflow/.local/lib/python3.7/site-packages/airflow/example_dags/example_external_task_marker_dag.py
[2022-11-11T14:41:38.693+0000] {processor.py:766} INFO - DAG(s) dict_keys(['example_external_task_marker_child', 'example_external_task_marker_parent']) retrieved from /home/airflow/.local/lib/python3.7/site-packages/airflow/example_dags/example_external_task_marker_dag.py
[2022-11-11T14:41:38.946+0000] {logging_mixin.py:120} INFO - [2022-11-11T14:41:38.945+0000] {dag.py:2585} INFO - Sync 2 DAGs
[2022-11-11T14:41:38.979+0000] {logging_mixin.py:120} INFO - [2022-11-11T14:41:38.979+0000] {dag.py:3340} INFO - Setting next_dagrun for example_external_task_marker_child to None, run_after=None
[2022-11-11T14:41:38.983+0000] {logging_mixin.py:120} INFO - [2022-11-11T14:41:38.983+0000] {dag.py:3340} INFO - Setting next_dagrun for example_external_task_marker_parent to None, run_after=None
[2022-11-11T14:41:39.003+0000] {processor.py:176} INFO - Processing /home/airflow/.local/lib/python3.7/site-packages/airflow/example_dags/example_external_task_marker_dag.py took 0.339 seconds
[2022-11-11T14:42:09.234+0000] {processor.py:154} INFO - Started process (PID=1739) to work on /home/airflow/.local/lib/python3.7/site-packages/airflow/example_dags/example_external_task_marker_dag.py
[2022-11-11T14:42:09.235+0000] {processor.py:756} INFO - Processing file /home/airflow/.local/lib/python3.7/site-packages/airflow/example_dags/example_external_task_marker_dag.py for tasks to queue
[2022-11-11T14:42:09.236+0000] {logging_mixin.py:120} INFO - [2022-11-11T14:42:09.236+0000] {dagbag.py:537} INFO - Filling up the DagBag from /home/airflow/.local/lib/python3.7/site-packages/airflow/example_dags/example_external_task_marker_dag.py
[2022-11-11T14:42:09.256+0000] {processor.py:766} INFO - DAG(s) dict_keys(['example_external_task_marker_child', 'example_external_task_marker_parent']) retrieved from /home/airflow/.local/lib/python3.7/site-packages/airflow/example_dags/example_external_task_marker_dag.py
[2022-11-11T14:42:09.504+0000] {logging_mixin.py:120} INFO - [2022-11-11T14:42:09.504+0000] {dag.py:2585} INFO - Sync 2 DAGs
[2022-11-11T14:42:09.537+0000] {logging_mixin.py:120} INFO - [2022-11-11T14:42:09.537+0000] {dag.py:3340} INFO - Setting next_dagrun for example_external_task_marker_child to None, run_after=None
[2022-11-11T14:42:09.541+0000] {logging_mixin.py:120} INFO - [2022-11-11T14:42:09.541+0000] {dag.py:3340} INFO - Setting next_dagrun for example_external_task_marker_parent to None, run_after=None
[2022-11-11T14:42:09.561+0000] {processor.py:176} INFO - Processing /home/airflow/.local/lib/python3.7/site-packages/airflow/example_dags/example_external_task_marker_dag.py took 0.333 seconds
[2022-11-11T14:42:39.793+0000] {processor.py:154} INFO - Started process (PID=1797) to work on /home/airflow/.local/lib/python3.7/site-packages/airflow/example_dags/example_external_task_marker_dag.py
[2022-11-11T14:42:39.794+0000] {processor.py:756} INFO - Processing file /home/airflow/.local/lib/python3.7/site-packages/airflow/example_dags/example_external_task_marker_dag.py for tasks to queue
[2022-11-11T14:42:39.795+0000] {logging_mixin.py:120} INFO - [2022-11-11T14:42:39.795+0000] {dagbag.py:537} INFO - Filling up the DagBag from /home/airflow/.local/lib/python3.7/site-packages/airflow/example_dags/example_external_task_marker_dag.py
[2022-11-11T14:42:39.815+0000] {processor.py:766} INFO - DAG(s) dict_keys(['example_external_task_marker_parent', 'example_external_task_marker_child']) retrieved from /home/airflow/.local/lib/python3.7/site-packages/airflow/example_dags/example_external_task_marker_dag.py
[2022-11-11T14:42:40.098+0000] {logging_mixin.py:120} INFO - [2022-11-11T14:42:40.098+0000] {dag.py:2585} INFO - Sync 2 DAGs
[2022-11-11T14:42:40.137+0000] {logging_mixin.py:120} INFO - [2022-11-11T14:42:40.137+0000] {dag.py:3340} INFO - Setting next_dagrun for example_external_task_marker_child to None, run_after=None
[2022-11-11T14:42:40.142+0000] {logging_mixin.py:120} INFO - [2022-11-11T14:42:40.142+0000] {dag.py:3340} INFO - Setting next_dagrun for example_external_task_marker_parent to None, run_after=None
[2022-11-11T14:42:40.162+0000] {processor.py:176} INFO - Processing /home/airflow/.local/lib/python3.7/site-packages/airflow/example_dags/example_external_task_marker_dag.py took 0.374 seconds
[2022-11-11T14:43:10.399+0000] {processor.py:154} INFO - Started process (PID=1855) to work on /home/airflow/.local/lib/python3.7/site-packages/airflow/example_dags/example_external_task_marker_dag.py
[2022-11-11T14:43:10.400+0000] {processor.py:756} INFO - Processing file /home/airflow/.local/lib/python3.7/site-packages/airflow/example_dags/example_external_task_marker_dag.py for tasks to queue
[2022-11-11T14:43:10.401+0000] {logging_mixin.py:120} INFO - [2022-11-11T14:43:10.401+0000] {dagbag.py:537} INFO - Filling up the DagBag from /home/airflow/.local/lib/python3.7/site-packages/airflow/example_dags/example_external_task_marker_dag.py
[2022-11-11T14:43:10.422+0000] {processor.py:766} INFO - DAG(s) dict_keys(['example_external_task_marker_child', 'example_external_task_marker_parent']) retrieved from /home/airflow/.local/lib/python3.7/site-packages/airflow/example_dags/example_external_task_marker_dag.py
[2022-11-11T14:43:10.682+0000] {logging_mixin.py:120} INFO - [2022-11-11T14:43:10.681+0000] {dag.py:2585} INFO - Sync 2 DAGs
[2022-11-11T14:43:10.714+0000] {logging_mixin.py:120} INFO - [2022-11-11T14:43:10.714+0000] {dag.py:3340} INFO - Setting next_dagrun for example_external_task_marker_child to None, run_after=None
[2022-11-11T14:43:10.718+0000] {logging_mixin.py:120} INFO - [2022-11-11T14:43:10.718+0000] {dag.py:3340} INFO - Setting next_dagrun for example_external_task_marker_parent to None, run_after=None
[2022-11-11T14:43:10.744+0000] {processor.py:176} INFO - Processing /home/airflow/.local/lib/python3.7/site-packages/airflow/example_dags/example_external_task_marker_dag.py took 0.350 seconds
[2022-11-11T14:43:40.802+0000] {processor.py:154} INFO - Started process (PID=1912) to work on /home/airflow/.local/lib/python3.7/site-packages/airflow/example_dags/example_external_task_marker_dag.py
[2022-11-11T14:43:40.803+0000] {processor.py:756} INFO - Processing file /home/airflow/.local/lib/python3.7/site-packages/airflow/example_dags/example_external_task_marker_dag.py for tasks to queue
[2022-11-11T14:43:40.804+0000] {logging_mixin.py:120} INFO - [2022-11-11T14:43:40.804+0000] {dagbag.py:537} INFO - Filling up the DagBag from /home/airflow/.local/lib/python3.7/site-packages/airflow/example_dags/example_external_task_marker_dag.py
[2022-11-11T14:43:40.824+0000] {processor.py:766} INFO - DAG(s) dict_keys(['example_external_task_marker_child', 'example_external_task_marker_parent']) retrieved from /home/airflow/.local/lib/python3.7/site-packages/airflow/example_dags/example_external_task_marker_dag.py
[2022-11-11T14:43:41.082+0000] {logging_mixin.py:120} INFO - [2022-11-11T14:43:41.081+0000] {dag.py:2585} INFO - Sync 2 DAGs
[2022-11-11T14:43:41.113+0000] {logging_mixin.py:120} INFO - [2022-11-11T14:43:41.113+0000] {dag.py:3340} INFO - Setting next_dagrun for example_external_task_marker_child to None, run_after=None
[2022-11-11T14:43:41.117+0000] {logging_mixin.py:120} INFO - [2022-11-11T14:43:41.117+0000] {dag.py:3340} INFO - Setting next_dagrun for example_external_task_marker_parent to None, run_after=None
[2022-11-11T14:43:41.137+0000] {processor.py:176} INFO - Processing /home/airflow/.local/lib/python3.7/site-packages/airflow/example_dags/example_external_task_marker_dag.py took 0.340 seconds
[2022-11-11T14:44:11.210+0000] {processor.py:154} INFO - Started process (PID=1969) to work on /home/airflow/.local/lib/python3.7/site-packages/airflow/example_dags/example_external_task_marker_dag.py
[2022-11-11T14:44:11.212+0000] {processor.py:756} INFO - Processing file /home/airflow/.local/lib/python3.7/site-packages/airflow/example_dags/example_external_task_marker_dag.py for tasks to queue
[2022-11-11T14:44:11.213+0000] {logging_mixin.py:120} INFO - [2022-11-11T14:44:11.213+0000] {dagbag.py:537} INFO - Filling up the DagBag from /home/airflow/.local/lib/python3.7/site-packages/airflow/example_dags/example_external_task_marker_dag.py
[2022-11-11T14:44:11.233+0000] {processor.py:766} INFO - DAG(s) dict_keys(['example_external_task_marker_child', 'example_external_task_marker_parent']) retrieved from /home/airflow/.local/lib/python3.7/site-packages/airflow/example_dags/example_external_task_marker_dag.py
[2022-11-11T14:44:11.530+0000] {logging_mixin.py:120} INFO - [2022-11-11T14:44:11.530+0000] {dag.py:2585} INFO - Sync 2 DAGs
[2022-11-11T14:44:11.570+0000] {logging_mixin.py:120} INFO - [2022-11-11T14:44:11.570+0000] {dag.py:3340} INFO - Setting next_dagrun for example_external_task_marker_child to None, run_after=None
[2022-11-11T14:44:11.575+0000] {logging_mixin.py:120} INFO - [2022-11-11T14:44:11.575+0000] {dag.py:3340} INFO - Setting next_dagrun for example_external_task_marker_parent to None, run_after=None
[2022-11-11T14:44:11.598+0000] {processor.py:176} INFO - Processing /home/airflow/.local/lib/python3.7/site-packages/airflow/example_dags/example_external_task_marker_dag.py took 0.393 seconds
