[2022-11-11T14:18:08.171+0000] {processor.py:154} INFO - Started process (PID=68) to work on /home/airflow/.local/lib/python3.7/site-packages/airflow/example_dags/example_sla_dag.py
[2022-11-11T14:18:08.172+0000] {processor.py:756} INFO - Processing file /home/airflow/.local/lib/python3.7/site-packages/airflow/example_dags/example_sla_dag.py for tasks to queue
[2022-11-11T14:18:08.173+0000] {logging_mixin.py:120} INFO - [2022-11-11T14:18:08.173+0000] {dagbag.py:537} INFO - Filling up the DagBag from /home/airflow/.local/lib/python3.7/site-packages/airflow/example_dags/example_sla_dag.py
[2022-11-11T14:18:08.229+0000] {processor.py:766} INFO - DAG(s) dict_keys(['example_sla_dag']) retrieved from /home/airflow/.local/lib/python3.7/site-packages/airflow/example_dags/example_sla_dag.py
[2022-11-11T14:18:08.434+0000] {logging_mixin.py:120} INFO - [2022-11-11T14:18:08.434+0000] {manager.py:507} INFO - Created Permission View: can read on DAG:example_sla_dag
[2022-11-11T14:18:08.450+0000] {logging_mixin.py:120} INFO - [2022-11-11T14:18:08.450+0000] {manager.py:507} INFO - Created Permission View: can edit on DAG:example_sla_dag
[2022-11-11T14:18:08.464+0000] {logging_mixin.py:120} INFO - [2022-11-11T14:18:08.464+0000] {manager.py:507} INFO - Created Permission View: can delete on DAG:example_sla_dag
[2022-11-11T14:18:08.464+0000] {logging_mixin.py:120} INFO - [2022-11-11T14:18:08.464+0000] {dag.py:2585} INFO - Sync 1 DAGs
[2022-11-11T14:18:08.483+0000] {logging_mixin.py:120} INFO - [2022-11-11T14:18:08.483+0000] {dag.py:2606} INFO - Creating ORM DAG for example_sla_dag
[2022-11-11T14:18:08.508+0000] {logging_mixin.py:120} INFO - [2022-11-11T14:18:08.508+0000] {dag.py:3340} INFO - Setting next_dagrun for example_sla_dag to 2022-11-11T14:16:00+00:00, run_after=2022-11-11T14:18:00+00:00
[2022-11-11T14:18:08.533+0000] {processor.py:176} INFO - Processing /home/airflow/.local/lib/python3.7/site-packages/airflow/example_dags/example_sla_dag.py took 0.369 seconds
[2022-11-11T14:18:38.591+0000] {processor.py:154} INFO - Started process (PID=124) to work on /home/airflow/.local/lib/python3.7/site-packages/airflow/example_dags/example_sla_dag.py
[2022-11-11T14:18:38.593+0000] {processor.py:756} INFO - Processing file /home/airflow/.local/lib/python3.7/site-packages/airflow/example_dags/example_sla_dag.py for tasks to queue
[2022-11-11T14:18:38.594+0000] {logging_mixin.py:120} INFO - [2022-11-11T14:18:38.593+0000] {dagbag.py:537} INFO - Filling up the DagBag from /home/airflow/.local/lib/python3.7/site-packages/airflow/example_dags/example_sla_dag.py
[2022-11-11T14:18:38.632+0000] {processor.py:766} INFO - DAG(s) dict_keys(['example_sla_dag']) retrieved from /home/airflow/.local/lib/python3.7/site-packages/airflow/example_dags/example_sla_dag.py
[2022-11-11T14:18:38.704+0000] {logging_mixin.py:120} INFO - [2022-11-11T14:18:38.704+0000] {dag.py:2585} INFO - Sync 1 DAGs
[2022-11-11T14:18:38.747+0000] {logging_mixin.py:120} INFO - [2022-11-11T14:18:38.747+0000] {dag.py:3340} INFO - Setting next_dagrun for example_sla_dag to 2022-11-11T14:16:00+00:00, run_after=2022-11-11T14:18:00+00:00
[2022-11-11T14:18:38.779+0000] {processor.py:176} INFO - Processing /home/airflow/.local/lib/python3.7/site-packages/airflow/example_dags/example_sla_dag.py took 0.193 seconds
[2022-11-11T14:19:09.135+0000] {processor.py:154} INFO - Started process (PID=182) to work on /home/airflow/.local/lib/python3.7/site-packages/airflow/example_dags/example_sla_dag.py
[2022-11-11T14:19:09.137+0000] {processor.py:756} INFO - Processing file /home/airflow/.local/lib/python3.7/site-packages/airflow/example_dags/example_sla_dag.py for tasks to queue
[2022-11-11T14:19:09.138+0000] {logging_mixin.py:120} INFO - [2022-11-11T14:19:09.138+0000] {dagbag.py:537} INFO - Filling up the DagBag from /home/airflow/.local/lib/python3.7/site-packages/airflow/example_dags/example_sla_dag.py
[2022-11-11T14:19:09.175+0000] {processor.py:766} INFO - DAG(s) dict_keys(['example_sla_dag']) retrieved from /home/airflow/.local/lib/python3.7/site-packages/airflow/example_dags/example_sla_dag.py
[2022-11-11T14:19:09.232+0000] {logging_mixin.py:120} INFO - [2022-11-11T14:19:09.232+0000] {dag.py:2585} INFO - Sync 1 DAGs
[2022-11-11T14:19:09.273+0000] {logging_mixin.py:120} INFO - [2022-11-11T14:19:09.273+0000] {dag.py:3340} INFO - Setting next_dagrun for example_sla_dag to 2022-11-11T14:16:00+00:00, run_after=2022-11-11T14:18:00+00:00
[2022-11-11T14:19:09.307+0000] {processor.py:176} INFO - Processing /home/airflow/.local/lib/python3.7/site-packages/airflow/example_dags/example_sla_dag.py took 0.178 seconds
[2022-11-11T14:19:39.460+0000] {processor.py:154} INFO - Started process (PID=239) to work on /home/airflow/.local/lib/python3.7/site-packages/airflow/example_dags/example_sla_dag.py
[2022-11-11T14:19:39.462+0000] {processor.py:756} INFO - Processing file /home/airflow/.local/lib/python3.7/site-packages/airflow/example_dags/example_sla_dag.py for tasks to queue
[2022-11-11T14:19:39.462+0000] {logging_mixin.py:120} INFO - [2022-11-11T14:19:39.462+0000] {dagbag.py:537} INFO - Filling up the DagBag from /home/airflow/.local/lib/python3.7/site-packages/airflow/example_dags/example_sla_dag.py
[2022-11-11T14:19:39.496+0000] {processor.py:766} INFO - DAG(s) dict_keys(['example_sla_dag']) retrieved from /home/airflow/.local/lib/python3.7/site-packages/airflow/example_dags/example_sla_dag.py
[2022-11-11T14:19:39.554+0000] {logging_mixin.py:120} INFO - [2022-11-11T14:19:39.553+0000] {dag.py:2585} INFO - Sync 1 DAGs
[2022-11-11T14:19:39.599+0000] {logging_mixin.py:120} INFO - [2022-11-11T14:19:39.599+0000] {dag.py:3340} INFO - Setting next_dagrun for example_sla_dag to 2022-11-11T14:16:00+00:00, run_after=2022-11-11T14:18:00+00:00
[2022-11-11T14:19:39.628+0000] {processor.py:176} INFO - Processing /home/airflow/.local/lib/python3.7/site-packages/airflow/example_dags/example_sla_dag.py took 0.173 seconds
[2022-11-11T14:22:43.630+0000] {processor.py:154} INFO - Started process (PID=61) to work on /home/airflow/.local/lib/python3.7/site-packages/airflow/example_dags/example_sla_dag.py
[2022-11-11T14:22:43.631+0000] {processor.py:756} INFO - Processing file /home/airflow/.local/lib/python3.7/site-packages/airflow/example_dags/example_sla_dag.py for tasks to queue
[2022-11-11T14:22:43.632+0000] {logging_mixin.py:120} INFO - [2022-11-11T14:22:43.632+0000] {dagbag.py:537} INFO - Filling up the DagBag from /home/airflow/.local/lib/python3.7/site-packages/airflow/example_dags/example_sla_dag.py
[2022-11-11T14:22:43.667+0000] {processor.py:766} INFO - DAG(s) dict_keys(['example_sla_dag']) retrieved from /home/airflow/.local/lib/python3.7/site-packages/airflow/example_dags/example_sla_dag.py
[2022-11-11T14:22:43.729+0000] {logging_mixin.py:120} INFO - [2022-11-11T14:22:43.728+0000] {dag.py:2585} INFO - Sync 1 DAGs
[2022-11-11T14:22:43.766+0000] {logging_mixin.py:120} INFO - [2022-11-11T14:22:43.766+0000] {dag.py:3340} INFO - Setting next_dagrun for example_sla_dag to 2022-11-11T14:20:00+00:00, run_after=2022-11-11T14:22:00+00:00
[2022-11-11T14:22:44.217+0000] {processor.py:176} INFO - Processing /home/airflow/.local/lib/python3.7/site-packages/airflow/example_dags/example_sla_dag.py took 0.593 seconds
[2022-11-11T14:23:14.770+0000] {processor.py:154} INFO - Started process (PID=119) to work on /home/airflow/.local/lib/python3.7/site-packages/airflow/example_dags/example_sla_dag.py
[2022-11-11T14:23:14.771+0000] {processor.py:756} INFO - Processing file /home/airflow/.local/lib/python3.7/site-packages/airflow/example_dags/example_sla_dag.py for tasks to queue
[2022-11-11T14:23:14.772+0000] {logging_mixin.py:120} INFO - [2022-11-11T14:23:14.772+0000] {dagbag.py:537} INFO - Filling up the DagBag from /home/airflow/.local/lib/python3.7/site-packages/airflow/example_dags/example_sla_dag.py
[2022-11-11T14:23:14.808+0000] {processor.py:766} INFO - DAG(s) dict_keys(['example_sla_dag']) retrieved from /home/airflow/.local/lib/python3.7/site-packages/airflow/example_dags/example_sla_dag.py
[2022-11-11T14:23:14.870+0000] {logging_mixin.py:120} INFO - [2022-11-11T14:23:14.870+0000] {dag.py:2585} INFO - Sync 1 DAGs
[2022-11-11T14:23:14.910+0000] {logging_mixin.py:120} INFO - [2022-11-11T14:23:14.910+0000] {dag.py:3340} INFO - Setting next_dagrun for example_sla_dag to 2022-11-11T14:20:00+00:00, run_after=2022-11-11T14:22:00+00:00
[2022-11-11T14:23:14.936+0000] {processor.py:176} INFO - Processing /home/airflow/.local/lib/python3.7/site-packages/airflow/example_dags/example_sla_dag.py took 0.171 seconds
[2022-11-11T14:24:40.266+0000] {processor.py:154} INFO - Started process (PID=64) to work on /home/airflow/.local/lib/python3.7/site-packages/airflow/example_dags/example_sla_dag.py
[2022-11-11T14:24:40.267+0000] {processor.py:756} INFO - Processing file /home/airflow/.local/lib/python3.7/site-packages/airflow/example_dags/example_sla_dag.py for tasks to queue
[2022-11-11T14:24:40.268+0000] {logging_mixin.py:120} INFO - [2022-11-11T14:24:40.268+0000] {dagbag.py:537} INFO - Filling up the DagBag from /home/airflow/.local/lib/python3.7/site-packages/airflow/example_dags/example_sla_dag.py
[2022-11-11T14:24:40.302+0000] {processor.py:766} INFO - DAG(s) dict_keys(['example_sla_dag']) retrieved from /home/airflow/.local/lib/python3.7/site-packages/airflow/example_dags/example_sla_dag.py
[2022-11-11T14:24:40.371+0000] {logging_mixin.py:120} INFO - [2022-11-11T14:24:40.371+0000] {dag.py:2585} INFO - Sync 1 DAGs
[2022-11-11T14:24:40.421+0000] {logging_mixin.py:120} INFO - [2022-11-11T14:24:40.421+0000] {dag.py:3340} INFO - Setting next_dagrun for example_sla_dag to 2022-11-11T14:22:00+00:00, run_after=2022-11-11T14:24:00+00:00
[2022-11-11T14:24:40.452+0000] {processor.py:176} INFO - Processing /home/airflow/.local/lib/python3.7/site-packages/airflow/example_dags/example_sla_dag.py took 0.191 seconds
[2022-11-11T14:27:16.154+0000] {processor.py:154} INFO - Started process (PID=64) to work on /home/airflow/.local/lib/python3.7/site-packages/airflow/example_dags/example_sla_dag.py
[2022-11-11T14:27:16.156+0000] {processor.py:756} INFO - Processing file /home/airflow/.local/lib/python3.7/site-packages/airflow/example_dags/example_sla_dag.py for tasks to queue
[2022-11-11T14:27:16.157+0000] {logging_mixin.py:120} INFO - [2022-11-11T14:27:16.157+0000] {dagbag.py:537} INFO - Filling up the DagBag from /home/airflow/.local/lib/python3.7/site-packages/airflow/example_dags/example_sla_dag.py
[2022-11-11T14:27:16.198+0000] {processor.py:766} INFO - DAG(s) dict_keys(['example_sla_dag']) retrieved from /home/airflow/.local/lib/python3.7/site-packages/airflow/example_dags/example_sla_dag.py
[2022-11-11T14:27:16.279+0000] {logging_mixin.py:120} INFO - [2022-11-11T14:27:16.279+0000] {dag.py:2585} INFO - Sync 1 DAGs
[2022-11-11T14:27:16.348+0000] {logging_mixin.py:120} INFO - [2022-11-11T14:27:16.348+0000] {dag.py:3340} INFO - Setting next_dagrun for example_sla_dag to 2022-11-11T14:24:00+00:00, run_after=2022-11-11T14:26:00+00:00
[2022-11-11T14:27:16.376+0000] {processor.py:176} INFO - Processing /home/airflow/.local/lib/python3.7/site-packages/airflow/example_dags/example_sla_dag.py took 0.228 seconds
[2022-11-11T14:27:49.264+0000] {processor.py:154} INFO - Started process (PID=121) to work on /home/airflow/.local/lib/python3.7/site-packages/airflow/example_dags/example_sla_dag.py
[2022-11-11T14:27:49.266+0000] {processor.py:756} INFO - Processing file /home/airflow/.local/lib/python3.7/site-packages/airflow/example_dags/example_sla_dag.py for tasks to queue
[2022-11-11T14:27:49.267+0000] {logging_mixin.py:120} INFO - [2022-11-11T14:27:49.267+0000] {dagbag.py:537} INFO - Filling up the DagBag from /home/airflow/.local/lib/python3.7/site-packages/airflow/example_dags/example_sla_dag.py
[2022-11-11T14:27:49.301+0000] {processor.py:766} INFO - DAG(s) dict_keys(['example_sla_dag']) retrieved from /home/airflow/.local/lib/python3.7/site-packages/airflow/example_dags/example_sla_dag.py
[2022-11-11T14:27:49.366+0000] {logging_mixin.py:120} INFO - [2022-11-11T14:27:49.365+0000] {dag.py:2585} INFO - Sync 1 DAGs
[2022-11-11T14:27:49.404+0000] {logging_mixin.py:120} INFO - [2022-11-11T14:27:49.404+0000] {dag.py:3340} INFO - Setting next_dagrun for example_sla_dag to 2022-11-11T14:24:00+00:00, run_after=2022-11-11T14:26:00+00:00
[2022-11-11T14:27:49.878+0000] {processor.py:176} INFO - Processing /home/airflow/.local/lib/python3.7/site-packages/airflow/example_dags/example_sla_dag.py took 0.619 seconds
[2022-11-11T14:28:20.086+0000] {processor.py:154} INFO - Started process (PID=180) to work on /home/airflow/.local/lib/python3.7/site-packages/airflow/example_dags/example_sla_dag.py
[2022-11-11T14:28:20.088+0000] {processor.py:756} INFO - Processing file /home/airflow/.local/lib/python3.7/site-packages/airflow/example_dags/example_sla_dag.py for tasks to queue
[2022-11-11T14:28:20.089+0000] {logging_mixin.py:120} INFO - [2022-11-11T14:28:20.089+0000] {dagbag.py:537} INFO - Filling up the DagBag from /home/airflow/.local/lib/python3.7/site-packages/airflow/example_dags/example_sla_dag.py
[2022-11-11T14:28:20.122+0000] {processor.py:766} INFO - DAG(s) dict_keys(['example_sla_dag']) retrieved from /home/airflow/.local/lib/python3.7/site-packages/airflow/example_dags/example_sla_dag.py
[2022-11-11T14:28:20.177+0000] {logging_mixin.py:120} INFO - [2022-11-11T14:28:20.177+0000] {dag.py:2585} INFO - Sync 1 DAGs
[2022-11-11T14:28:20.215+0000] {logging_mixin.py:120} INFO - [2022-11-11T14:28:20.215+0000] {dag.py:3340} INFO - Setting next_dagrun for example_sla_dag to 2022-11-11T14:26:00+00:00, run_after=2022-11-11T14:28:00+00:00
[2022-11-11T14:28:20.246+0000] {processor.py:176} INFO - Processing /home/airflow/.local/lib/python3.7/site-packages/airflow/example_dags/example_sla_dag.py took 0.165 seconds
[2022-11-11T14:28:50.915+0000] {processor.py:154} INFO - Started process (PID=239) to work on /home/airflow/.local/lib/python3.7/site-packages/airflow/example_dags/example_sla_dag.py
[2022-11-11T14:28:50.916+0000] {processor.py:756} INFO - Processing file /home/airflow/.local/lib/python3.7/site-packages/airflow/example_dags/example_sla_dag.py for tasks to queue
[2022-11-11T14:28:50.917+0000] {logging_mixin.py:120} INFO - [2022-11-11T14:28:50.917+0000] {dagbag.py:537} INFO - Filling up the DagBag from /home/airflow/.local/lib/python3.7/site-packages/airflow/example_dags/example_sla_dag.py
[2022-11-11T14:28:50.949+0000] {processor.py:766} INFO - DAG(s) dict_keys(['example_sla_dag']) retrieved from /home/airflow/.local/lib/python3.7/site-packages/airflow/example_dags/example_sla_dag.py
[2022-11-11T14:28:51.011+0000] {logging_mixin.py:120} INFO - [2022-11-11T14:28:51.011+0000] {dag.py:2585} INFO - Sync 1 DAGs
[2022-11-11T14:28:51.050+0000] {logging_mixin.py:120} INFO - [2022-11-11T14:28:51.049+0000] {dag.py:3340} INFO - Setting next_dagrun for example_sla_dag to 2022-11-11T14:26:00+00:00, run_after=2022-11-11T14:28:00+00:00
[2022-11-11T14:28:51.072+0000] {processor.py:176} INFO - Processing /home/airflow/.local/lib/python3.7/site-packages/airflow/example_dags/example_sla_dag.py took 0.162 seconds
[2022-11-11T14:29:21.501+0000] {processor.py:154} INFO - Started process (PID=296) to work on /home/airflow/.local/lib/python3.7/site-packages/airflow/example_dags/example_sla_dag.py
[2022-11-11T14:29:21.503+0000] {processor.py:756} INFO - Processing file /home/airflow/.local/lib/python3.7/site-packages/airflow/example_dags/example_sla_dag.py for tasks to queue
[2022-11-11T14:29:21.503+0000] {logging_mixin.py:120} INFO - [2022-11-11T14:29:21.503+0000] {dagbag.py:537} INFO - Filling up the DagBag from /home/airflow/.local/lib/python3.7/site-packages/airflow/example_dags/example_sla_dag.py
[2022-11-11T14:29:21.536+0000] {processor.py:766} INFO - DAG(s) dict_keys(['example_sla_dag']) retrieved from /home/airflow/.local/lib/python3.7/site-packages/airflow/example_dags/example_sla_dag.py
[2022-11-11T14:29:21.604+0000] {logging_mixin.py:120} INFO - [2022-11-11T14:29:21.604+0000] {dag.py:2585} INFO - Sync 1 DAGs
[2022-11-11T14:29:21.641+0000] {logging_mixin.py:120} INFO - [2022-11-11T14:29:21.641+0000] {dag.py:3340} INFO - Setting next_dagrun for example_sla_dag to 2022-11-11T14:26:00+00:00, run_after=2022-11-11T14:28:00+00:00
[2022-11-11T14:29:21.664+0000] {processor.py:176} INFO - Processing /home/airflow/.local/lib/python3.7/site-packages/airflow/example_dags/example_sla_dag.py took 0.169 seconds
[2022-11-11T14:29:52.136+0000] {processor.py:154} INFO - Started process (PID=353) to work on /home/airflow/.local/lib/python3.7/site-packages/airflow/example_dags/example_sla_dag.py
[2022-11-11T14:29:52.137+0000] {processor.py:756} INFO - Processing file /home/airflow/.local/lib/python3.7/site-packages/airflow/example_dags/example_sla_dag.py for tasks to queue
[2022-11-11T14:29:52.138+0000] {logging_mixin.py:120} INFO - [2022-11-11T14:29:52.138+0000] {dagbag.py:537} INFO - Filling up the DagBag from /home/airflow/.local/lib/python3.7/site-packages/airflow/example_dags/example_sla_dag.py
[2022-11-11T14:29:52.173+0000] {processor.py:766} INFO - DAG(s) dict_keys(['example_sla_dag']) retrieved from /home/airflow/.local/lib/python3.7/site-packages/airflow/example_dags/example_sla_dag.py
[2022-11-11T14:29:52.231+0000] {logging_mixin.py:120} INFO - [2022-11-11T14:29:52.231+0000] {dag.py:2585} INFO - Sync 1 DAGs
[2022-11-11T14:29:52.274+0000] {logging_mixin.py:120} INFO - [2022-11-11T14:29:52.274+0000] {dag.py:3340} INFO - Setting next_dagrun for example_sla_dag to 2022-11-11T14:26:00+00:00, run_after=2022-11-11T14:28:00+00:00
[2022-11-11T14:29:52.300+0000] {processor.py:176} INFO - Processing /home/airflow/.local/lib/python3.7/site-packages/airflow/example_dags/example_sla_dag.py took 0.171 seconds
[2022-11-11T14:30:22.844+0000] {processor.py:154} INFO - Started process (PID=410) to work on /home/airflow/.local/lib/python3.7/site-packages/airflow/example_dags/example_sla_dag.py
[2022-11-11T14:30:22.845+0000] {processor.py:756} INFO - Processing file /home/airflow/.local/lib/python3.7/site-packages/airflow/example_dags/example_sla_dag.py for tasks to queue
[2022-11-11T14:30:22.846+0000] {logging_mixin.py:120} INFO - [2022-11-11T14:30:22.846+0000] {dagbag.py:537} INFO - Filling up the DagBag from /home/airflow/.local/lib/python3.7/site-packages/airflow/example_dags/example_sla_dag.py
[2022-11-11T14:30:22.883+0000] {processor.py:766} INFO - DAG(s) dict_keys(['example_sla_dag']) retrieved from /home/airflow/.local/lib/python3.7/site-packages/airflow/example_dags/example_sla_dag.py
[2022-11-11T14:30:22.943+0000] {logging_mixin.py:120} INFO - [2022-11-11T14:30:22.943+0000] {dag.py:2585} INFO - Sync 1 DAGs
[2022-11-11T14:30:22.983+0000] {logging_mixin.py:120} INFO - [2022-11-11T14:30:22.983+0000] {dag.py:3340} INFO - Setting next_dagrun for example_sla_dag to 2022-11-11T14:28:00+00:00, run_after=2022-11-11T14:30:00+00:00
[2022-11-11T14:30:23.010+0000] {processor.py:176} INFO - Processing /home/airflow/.local/lib/python3.7/site-packages/airflow/example_dags/example_sla_dag.py took 0.174 seconds
[2022-11-11T14:30:53.252+0000] {processor.py:154} INFO - Started process (PID=466) to work on /home/airflow/.local/lib/python3.7/site-packages/airflow/example_dags/example_sla_dag.py
[2022-11-11T14:30:53.253+0000] {processor.py:756} INFO - Processing file /home/airflow/.local/lib/python3.7/site-packages/airflow/example_dags/example_sla_dag.py for tasks to queue
[2022-11-11T14:30:53.254+0000] {logging_mixin.py:120} INFO - [2022-11-11T14:30:53.254+0000] {dagbag.py:537} INFO - Filling up the DagBag from /home/airflow/.local/lib/python3.7/site-packages/airflow/example_dags/example_sla_dag.py
[2022-11-11T14:30:53.286+0000] {processor.py:766} INFO - DAG(s) dict_keys(['example_sla_dag']) retrieved from /home/airflow/.local/lib/python3.7/site-packages/airflow/example_dags/example_sla_dag.py
[2022-11-11T14:30:53.343+0000] {logging_mixin.py:120} INFO - [2022-11-11T14:30:53.343+0000] {dag.py:2585} INFO - Sync 1 DAGs
[2022-11-11T14:30:53.382+0000] {logging_mixin.py:120} INFO - [2022-11-11T14:30:53.382+0000] {dag.py:3340} INFO - Setting next_dagrun for example_sla_dag to 2022-11-11T14:28:00+00:00, run_after=2022-11-11T14:30:00+00:00
[2022-11-11T14:30:53.406+0000] {processor.py:176} INFO - Processing /home/airflow/.local/lib/python3.7/site-packages/airflow/example_dags/example_sla_dag.py took 0.160 seconds
[2022-11-11T14:31:23.748+0000] {processor.py:154} INFO - Started process (PID=523) to work on /home/airflow/.local/lib/python3.7/site-packages/airflow/example_dags/example_sla_dag.py
[2022-11-11T14:31:23.749+0000] {processor.py:756} INFO - Processing file /home/airflow/.local/lib/python3.7/site-packages/airflow/example_dags/example_sla_dag.py for tasks to queue
[2022-11-11T14:31:23.750+0000] {logging_mixin.py:120} INFO - [2022-11-11T14:31:23.750+0000] {dagbag.py:537} INFO - Filling up the DagBag from /home/airflow/.local/lib/python3.7/site-packages/airflow/example_dags/example_sla_dag.py
[2022-11-11T14:31:23.782+0000] {processor.py:766} INFO - DAG(s) dict_keys(['example_sla_dag']) retrieved from /home/airflow/.local/lib/python3.7/site-packages/airflow/example_dags/example_sla_dag.py
[2022-11-11T14:31:23.838+0000] {logging_mixin.py:120} INFO - [2022-11-11T14:31:23.838+0000] {dag.py:2585} INFO - Sync 1 DAGs
[2022-11-11T14:31:23.873+0000] {logging_mixin.py:120} INFO - [2022-11-11T14:31:23.873+0000] {dag.py:3340} INFO - Setting next_dagrun for example_sla_dag to 2022-11-11T14:28:00+00:00, run_after=2022-11-11T14:30:00+00:00
[2022-11-11T14:31:23.895+0000] {processor.py:176} INFO - Processing /home/airflow/.local/lib/python3.7/site-packages/airflow/example_dags/example_sla_dag.py took 0.152 seconds
[2022-11-11T14:31:54.071+0000] {processor.py:154} INFO - Started process (PID=580) to work on /home/airflow/.local/lib/python3.7/site-packages/airflow/example_dags/example_sla_dag.py
[2022-11-11T14:31:54.073+0000] {processor.py:756} INFO - Processing file /home/airflow/.local/lib/python3.7/site-packages/airflow/example_dags/example_sla_dag.py for tasks to queue
[2022-11-11T14:31:54.074+0000] {logging_mixin.py:120} INFO - [2022-11-11T14:31:54.074+0000] {dagbag.py:537} INFO - Filling up the DagBag from /home/airflow/.local/lib/python3.7/site-packages/airflow/example_dags/example_sla_dag.py
[2022-11-11T14:31:54.105+0000] {processor.py:766} INFO - DAG(s) dict_keys(['example_sla_dag']) retrieved from /home/airflow/.local/lib/python3.7/site-packages/airflow/example_dags/example_sla_dag.py
[2022-11-11T14:31:54.163+0000] {logging_mixin.py:120} INFO - [2022-11-11T14:31:54.163+0000] {dag.py:2585} INFO - Sync 1 DAGs
[2022-11-11T14:31:54.203+0000] {logging_mixin.py:120} INFO - [2022-11-11T14:31:54.203+0000] {dag.py:3340} INFO - Setting next_dagrun for example_sla_dag to 2022-11-11T14:28:00+00:00, run_after=2022-11-11T14:30:00+00:00
[2022-11-11T14:31:54.226+0000] {processor.py:176} INFO - Processing /home/airflow/.local/lib/python3.7/site-packages/airflow/example_dags/example_sla_dag.py took 0.160 seconds
[2022-11-11T14:32:24.706+0000] {processor.py:154} INFO - Started process (PID=637) to work on /home/airflow/.local/lib/python3.7/site-packages/airflow/example_dags/example_sla_dag.py
[2022-11-11T14:32:24.707+0000] {processor.py:756} INFO - Processing file /home/airflow/.local/lib/python3.7/site-packages/airflow/example_dags/example_sla_dag.py for tasks to queue
[2022-11-11T14:32:24.708+0000] {logging_mixin.py:120} INFO - [2022-11-11T14:32:24.707+0000] {dagbag.py:537} INFO - Filling up the DagBag from /home/airflow/.local/lib/python3.7/site-packages/airflow/example_dags/example_sla_dag.py
[2022-11-11T14:32:24.740+0000] {processor.py:766} INFO - DAG(s) dict_keys(['example_sla_dag']) retrieved from /home/airflow/.local/lib/python3.7/site-packages/airflow/example_dags/example_sla_dag.py
[2022-11-11T14:32:24.796+0000] {logging_mixin.py:120} INFO - [2022-11-11T14:32:24.796+0000] {dag.py:2585} INFO - Sync 1 DAGs
[2022-11-11T14:32:24.834+0000] {logging_mixin.py:120} INFO - [2022-11-11T14:32:24.833+0000] {dag.py:3340} INFO - Setting next_dagrun for example_sla_dag to 2022-11-11T14:30:00+00:00, run_after=2022-11-11T14:32:00+00:00
[2022-11-11T14:32:24.858+0000] {processor.py:176} INFO - Processing /home/airflow/.local/lib/python3.7/site-packages/airflow/example_dags/example_sla_dag.py took 0.158 seconds
[2022-11-11T14:32:55.186+0000] {processor.py:154} INFO - Started process (PID=693) to work on /home/airflow/.local/lib/python3.7/site-packages/airflow/example_dags/example_sla_dag.py
[2022-11-11T14:32:55.188+0000] {processor.py:756} INFO - Processing file /home/airflow/.local/lib/python3.7/site-packages/airflow/example_dags/example_sla_dag.py for tasks to queue
[2022-11-11T14:32:55.189+0000] {logging_mixin.py:120} INFO - [2022-11-11T14:32:55.188+0000] {dagbag.py:537} INFO - Filling up the DagBag from /home/airflow/.local/lib/python3.7/site-packages/airflow/example_dags/example_sla_dag.py
[2022-11-11T14:32:55.223+0000] {processor.py:766} INFO - DAG(s) dict_keys(['example_sla_dag']) retrieved from /home/airflow/.local/lib/python3.7/site-packages/airflow/example_dags/example_sla_dag.py
[2022-11-11T14:32:55.284+0000] {logging_mixin.py:120} INFO - [2022-11-11T14:32:55.284+0000] {dag.py:2585} INFO - Sync 1 DAGs
[2022-11-11T14:32:55.325+0000] {logging_mixin.py:120} INFO - [2022-11-11T14:32:55.324+0000] {dag.py:3340} INFO - Setting next_dagrun for example_sla_dag to 2022-11-11T14:30:00+00:00, run_after=2022-11-11T14:32:00+00:00
[2022-11-11T14:32:55.351+0000] {processor.py:176} INFO - Processing /home/airflow/.local/lib/python3.7/site-packages/airflow/example_dags/example_sla_dag.py took 0.170 seconds
[2022-11-11T14:33:25.721+0000] {processor.py:154} INFO - Started process (PID=751) to work on /home/airflow/.local/lib/python3.7/site-packages/airflow/example_dags/example_sla_dag.py
[2022-11-11T14:33:25.722+0000] {processor.py:756} INFO - Processing file /home/airflow/.local/lib/python3.7/site-packages/airflow/example_dags/example_sla_dag.py for tasks to queue
[2022-11-11T14:33:25.723+0000] {logging_mixin.py:120} INFO - [2022-11-11T14:33:25.723+0000] {dagbag.py:537} INFO - Filling up the DagBag from /home/airflow/.local/lib/python3.7/site-packages/airflow/example_dags/example_sla_dag.py
[2022-11-11T14:33:25.755+0000] {processor.py:766} INFO - DAG(s) dict_keys(['example_sla_dag']) retrieved from /home/airflow/.local/lib/python3.7/site-packages/airflow/example_dags/example_sla_dag.py
[2022-11-11T14:33:25.812+0000] {logging_mixin.py:120} INFO - [2022-11-11T14:33:25.812+0000] {dag.py:2585} INFO - Sync 1 DAGs
[2022-11-11T14:33:25.849+0000] {logging_mixin.py:120} INFO - [2022-11-11T14:33:25.849+0000] {dag.py:3340} INFO - Setting next_dagrun for example_sla_dag to 2022-11-11T14:30:00+00:00, run_after=2022-11-11T14:32:00+00:00
[2022-11-11T14:33:25.871+0000] {processor.py:176} INFO - Processing /home/airflow/.local/lib/python3.7/site-packages/airflow/example_dags/example_sla_dag.py took 0.156 seconds
[2022-11-11T14:33:56.394+0000] {processor.py:154} INFO - Started process (PID=807) to work on /home/airflow/.local/lib/python3.7/site-packages/airflow/example_dags/example_sla_dag.py
[2022-11-11T14:33:56.396+0000] {processor.py:756} INFO - Processing file /home/airflow/.local/lib/python3.7/site-packages/airflow/example_dags/example_sla_dag.py for tasks to queue
[2022-11-11T14:33:56.396+0000] {logging_mixin.py:120} INFO - [2022-11-11T14:33:56.396+0000] {dagbag.py:537} INFO - Filling up the DagBag from /home/airflow/.local/lib/python3.7/site-packages/airflow/example_dags/example_sla_dag.py
[2022-11-11T14:33:56.428+0000] {processor.py:766} INFO - DAG(s) dict_keys(['example_sla_dag']) retrieved from /home/airflow/.local/lib/python3.7/site-packages/airflow/example_dags/example_sla_dag.py
[2022-11-11T14:33:56.484+0000] {logging_mixin.py:120} INFO - [2022-11-11T14:33:56.484+0000] {dag.py:2585} INFO - Sync 1 DAGs
[2022-11-11T14:33:56.520+0000] {logging_mixin.py:120} INFO - [2022-11-11T14:33:56.520+0000] {dag.py:3340} INFO - Setting next_dagrun for example_sla_dag to 2022-11-11T14:30:00+00:00, run_after=2022-11-11T14:32:00+00:00
[2022-11-11T14:33:56.544+0000] {processor.py:176} INFO - Processing /home/airflow/.local/lib/python3.7/site-packages/airflow/example_dags/example_sla_dag.py took 0.155 seconds
[2022-11-11T14:34:26.897+0000] {processor.py:154} INFO - Started process (PID=864) to work on /home/airflow/.local/lib/python3.7/site-packages/airflow/example_dags/example_sla_dag.py
[2022-11-11T14:34:26.898+0000] {processor.py:756} INFO - Processing file /home/airflow/.local/lib/python3.7/site-packages/airflow/example_dags/example_sla_dag.py for tasks to queue
[2022-11-11T14:34:26.899+0000] {logging_mixin.py:120} INFO - [2022-11-11T14:34:26.899+0000] {dagbag.py:537} INFO - Filling up the DagBag from /home/airflow/.local/lib/python3.7/site-packages/airflow/example_dags/example_sla_dag.py
[2022-11-11T14:34:26.931+0000] {processor.py:766} INFO - DAG(s) dict_keys(['example_sla_dag']) retrieved from /home/airflow/.local/lib/python3.7/site-packages/airflow/example_dags/example_sla_dag.py
[2022-11-11T14:34:26.992+0000] {logging_mixin.py:120} INFO - [2022-11-11T14:34:26.992+0000] {dag.py:2585} INFO - Sync 1 DAGs
[2022-11-11T14:34:27.029+0000] {logging_mixin.py:120} INFO - [2022-11-11T14:34:27.029+0000] {dag.py:3340} INFO - Setting next_dagrun for example_sla_dag to 2022-11-11T14:32:00+00:00, run_after=2022-11-11T14:34:00+00:00
[2022-11-11T14:34:27.054+0000] {processor.py:176} INFO - Processing /home/airflow/.local/lib/python3.7/site-packages/airflow/example_dags/example_sla_dag.py took 0.163 seconds
[2022-11-11T14:34:57.510+0000] {processor.py:154} INFO - Started process (PID=921) to work on /home/airflow/.local/lib/python3.7/site-packages/airflow/example_dags/example_sla_dag.py
[2022-11-11T14:34:57.512+0000] {processor.py:756} INFO - Processing file /home/airflow/.local/lib/python3.7/site-packages/airflow/example_dags/example_sla_dag.py for tasks to queue
[2022-11-11T14:34:57.512+0000] {logging_mixin.py:120} INFO - [2022-11-11T14:34:57.512+0000] {dagbag.py:537} INFO - Filling up the DagBag from /home/airflow/.local/lib/python3.7/site-packages/airflow/example_dags/example_sla_dag.py
[2022-11-11T14:34:57.545+0000] {processor.py:766} INFO - DAG(s) dict_keys(['example_sla_dag']) retrieved from /home/airflow/.local/lib/python3.7/site-packages/airflow/example_dags/example_sla_dag.py
[2022-11-11T14:34:57.601+0000] {logging_mixin.py:120} INFO - [2022-11-11T14:34:57.601+0000] {dag.py:2585} INFO - Sync 1 DAGs
[2022-11-11T14:34:57.640+0000] {logging_mixin.py:120} INFO - [2022-11-11T14:34:57.640+0000] {dag.py:3340} INFO - Setting next_dagrun for example_sla_dag to 2022-11-11T14:32:00+00:00, run_after=2022-11-11T14:34:00+00:00
[2022-11-11T14:34:57.664+0000] {processor.py:176} INFO - Processing /home/airflow/.local/lib/python3.7/site-packages/airflow/example_dags/example_sla_dag.py took 0.160 seconds
[2022-11-11T14:35:27.934+0000] {processor.py:154} INFO - Started process (PID=980) to work on /home/airflow/.local/lib/python3.7/site-packages/airflow/example_dags/example_sla_dag.py
[2022-11-11T14:35:27.936+0000] {processor.py:756} INFO - Processing file /home/airflow/.local/lib/python3.7/site-packages/airflow/example_dags/example_sla_dag.py for tasks to queue
[2022-11-11T14:35:27.936+0000] {logging_mixin.py:120} INFO - [2022-11-11T14:35:27.936+0000] {dagbag.py:537} INFO - Filling up the DagBag from /home/airflow/.local/lib/python3.7/site-packages/airflow/example_dags/example_sla_dag.py
[2022-11-11T14:35:27.968+0000] {processor.py:766} INFO - DAG(s) dict_keys(['example_sla_dag']) retrieved from /home/airflow/.local/lib/python3.7/site-packages/airflow/example_dags/example_sla_dag.py
[2022-11-11T14:35:28.026+0000] {logging_mixin.py:120} INFO - [2022-11-11T14:35:28.026+0000] {dag.py:2585} INFO - Sync 1 DAGs
[2022-11-11T14:35:28.063+0000] {logging_mixin.py:120} INFO - [2022-11-11T14:35:28.063+0000] {dag.py:3340} INFO - Setting next_dagrun for example_sla_dag to 2022-11-11T14:32:00+00:00, run_after=2022-11-11T14:34:00+00:00
[2022-11-11T14:35:28.085+0000] {processor.py:176} INFO - Processing /home/airflow/.local/lib/python3.7/site-packages/airflow/example_dags/example_sla_dag.py took 0.156 seconds
[2022-11-11T14:35:58.411+0000] {processor.py:154} INFO - Started process (PID=1037) to work on /home/airflow/.local/lib/python3.7/site-packages/airflow/example_dags/example_sla_dag.py
[2022-11-11T14:35:58.413+0000] {processor.py:756} INFO - Processing file /home/airflow/.local/lib/python3.7/site-packages/airflow/example_dags/example_sla_dag.py for tasks to queue
[2022-11-11T14:35:58.414+0000] {logging_mixin.py:120} INFO - [2022-11-11T14:35:58.413+0000] {dagbag.py:537} INFO - Filling up the DagBag from /home/airflow/.local/lib/python3.7/site-packages/airflow/example_dags/example_sla_dag.py
[2022-11-11T14:35:58.446+0000] {processor.py:766} INFO - DAG(s) dict_keys(['example_sla_dag']) retrieved from /home/airflow/.local/lib/python3.7/site-packages/airflow/example_dags/example_sla_dag.py
[2022-11-11T14:35:58.502+0000] {logging_mixin.py:120} INFO - [2022-11-11T14:35:58.502+0000] {dag.py:2585} INFO - Sync 1 DAGs
[2022-11-11T14:35:58.539+0000] {logging_mixin.py:120} INFO - [2022-11-11T14:35:58.539+0000] {dag.py:3340} INFO - Setting next_dagrun for example_sla_dag to 2022-11-11T14:32:00+00:00, run_after=2022-11-11T14:34:00+00:00
[2022-11-11T14:35:58.562+0000] {processor.py:176} INFO - Processing /home/airflow/.local/lib/python3.7/site-packages/airflow/example_dags/example_sla_dag.py took 0.158 seconds
[2022-11-11T14:36:28.901+0000] {processor.py:154} INFO - Started process (PID=1094) to work on /home/airflow/.local/lib/python3.7/site-packages/airflow/example_dags/example_sla_dag.py
[2022-11-11T14:36:28.902+0000] {processor.py:756} INFO - Processing file /home/airflow/.local/lib/python3.7/site-packages/airflow/example_dags/example_sla_dag.py for tasks to queue
[2022-11-11T14:36:28.903+0000] {logging_mixin.py:120} INFO - [2022-11-11T14:36:28.903+0000] {dagbag.py:537} INFO - Filling up the DagBag from /home/airflow/.local/lib/python3.7/site-packages/airflow/example_dags/example_sla_dag.py
[2022-11-11T14:36:28.935+0000] {processor.py:766} INFO - DAG(s) dict_keys(['example_sla_dag']) retrieved from /home/airflow/.local/lib/python3.7/site-packages/airflow/example_dags/example_sla_dag.py
[2022-11-11T14:36:29.000+0000] {logging_mixin.py:120} INFO - [2022-11-11T14:36:28.999+0000] {dag.py:2585} INFO - Sync 1 DAGs
[2022-11-11T14:36:29.039+0000] {logging_mixin.py:120} INFO - [2022-11-11T14:36:29.039+0000] {dag.py:3340} INFO - Setting next_dagrun for example_sla_dag to 2022-11-11T14:34:00+00:00, run_after=2022-11-11T14:36:00+00:00
[2022-11-11T14:36:29.072+0000] {processor.py:176} INFO - Processing /home/airflow/.local/lib/python3.7/site-packages/airflow/example_dags/example_sla_dag.py took 0.176 seconds
[2022-11-11T14:36:59.603+0000] {processor.py:154} INFO - Started process (PID=1151) to work on /home/airflow/.local/lib/python3.7/site-packages/airflow/example_dags/example_sla_dag.py
[2022-11-11T14:36:59.605+0000] {processor.py:756} INFO - Processing file /home/airflow/.local/lib/python3.7/site-packages/airflow/example_dags/example_sla_dag.py for tasks to queue
[2022-11-11T14:36:59.606+0000] {logging_mixin.py:120} INFO - [2022-11-11T14:36:59.606+0000] {dagbag.py:537} INFO - Filling up the DagBag from /home/airflow/.local/lib/python3.7/site-packages/airflow/example_dags/example_sla_dag.py
[2022-11-11T14:36:59.640+0000] {processor.py:766} INFO - DAG(s) dict_keys(['example_sla_dag']) retrieved from /home/airflow/.local/lib/python3.7/site-packages/airflow/example_dags/example_sla_dag.py
[2022-11-11T14:36:59.698+0000] {logging_mixin.py:120} INFO - [2022-11-11T14:36:59.698+0000] {dag.py:2585} INFO - Sync 1 DAGs
[2022-11-11T14:36:59.736+0000] {logging_mixin.py:120} INFO - [2022-11-11T14:36:59.735+0000] {dag.py:3340} INFO - Setting next_dagrun for example_sla_dag to 2022-11-11T14:34:00+00:00, run_after=2022-11-11T14:36:00+00:00
[2022-11-11T14:36:59.760+0000] {processor.py:176} INFO - Processing /home/airflow/.local/lib/python3.7/site-packages/airflow/example_dags/example_sla_dag.py took 0.162 seconds
[2022-11-11T14:37:30.145+0000] {processor.py:154} INFO - Started process (PID=1209) to work on /home/airflow/.local/lib/python3.7/site-packages/airflow/example_dags/example_sla_dag.py
[2022-11-11T14:37:30.147+0000] {processor.py:756} INFO - Processing file /home/airflow/.local/lib/python3.7/site-packages/airflow/example_dags/example_sla_dag.py for tasks to queue
[2022-11-11T14:37:30.148+0000] {logging_mixin.py:120} INFO - [2022-11-11T14:37:30.148+0000] {dagbag.py:537} INFO - Filling up the DagBag from /home/airflow/.local/lib/python3.7/site-packages/airflow/example_dags/example_sla_dag.py
[2022-11-11T14:37:30.190+0000] {processor.py:766} INFO - DAG(s) dict_keys(['example_sla_dag']) retrieved from /home/airflow/.local/lib/python3.7/site-packages/airflow/example_dags/example_sla_dag.py
[2022-11-11T14:37:30.249+0000] {logging_mixin.py:120} INFO - [2022-11-11T14:37:30.248+0000] {dag.py:2585} INFO - Sync 1 DAGs
[2022-11-11T14:37:30.285+0000] {logging_mixin.py:120} INFO - [2022-11-11T14:37:30.285+0000] {dag.py:3340} INFO - Setting next_dagrun for example_sla_dag to 2022-11-11T14:34:00+00:00, run_after=2022-11-11T14:36:00+00:00
[2022-11-11T14:37:30.308+0000] {processor.py:176} INFO - Processing /home/airflow/.local/lib/python3.7/site-packages/airflow/example_dags/example_sla_dag.py took 0.171 seconds
[2022-11-11T14:38:00.698+0000] {processor.py:154} INFO - Started process (PID=1267) to work on /home/airflow/.local/lib/python3.7/site-packages/airflow/example_dags/example_sla_dag.py
[2022-11-11T14:38:00.700+0000] {processor.py:756} INFO - Processing file /home/airflow/.local/lib/python3.7/site-packages/airflow/example_dags/example_sla_dag.py for tasks to queue
[2022-11-11T14:38:00.701+0000] {logging_mixin.py:120} INFO - [2022-11-11T14:38:00.700+0000] {dagbag.py:537} INFO - Filling up the DagBag from /home/airflow/.local/lib/python3.7/site-packages/airflow/example_dags/example_sla_dag.py
[2022-11-11T14:38:00.733+0000] {processor.py:766} INFO - DAG(s) dict_keys(['example_sla_dag']) retrieved from /home/airflow/.local/lib/python3.7/site-packages/airflow/example_dags/example_sla_dag.py
[2022-11-11T14:38:00.792+0000] {logging_mixin.py:120} INFO - [2022-11-11T14:38:00.792+0000] {dag.py:2585} INFO - Sync 1 DAGs
[2022-11-11T14:38:00.831+0000] {logging_mixin.py:120} INFO - [2022-11-11T14:38:00.830+0000] {dag.py:3340} INFO - Setting next_dagrun for example_sla_dag to 2022-11-11T14:36:00+00:00, run_after=2022-11-11T14:38:00+00:00
[2022-11-11T14:38:00.856+0000] {processor.py:176} INFO - Processing /home/airflow/.local/lib/python3.7/site-packages/airflow/example_dags/example_sla_dag.py took 0.164 seconds
[2022-11-11T14:38:31.047+0000] {processor.py:154} INFO - Started process (PID=1324) to work on /home/airflow/.local/lib/python3.7/site-packages/airflow/example_dags/example_sla_dag.py
[2022-11-11T14:38:31.048+0000] {processor.py:756} INFO - Processing file /home/airflow/.local/lib/python3.7/site-packages/airflow/example_dags/example_sla_dag.py for tasks to queue
[2022-11-11T14:38:31.049+0000] {logging_mixin.py:120} INFO - [2022-11-11T14:38:31.049+0000] {dagbag.py:537} INFO - Filling up the DagBag from /home/airflow/.local/lib/python3.7/site-packages/airflow/example_dags/example_sla_dag.py
[2022-11-11T14:38:31.081+0000] {processor.py:766} INFO - DAG(s) dict_keys(['example_sla_dag']) retrieved from /home/airflow/.local/lib/python3.7/site-packages/airflow/example_dags/example_sla_dag.py
[2022-11-11T14:38:31.137+0000] {logging_mixin.py:120} INFO - [2022-11-11T14:38:31.137+0000] {dag.py:2585} INFO - Sync 1 DAGs
[2022-11-11T14:38:31.173+0000] {logging_mixin.py:120} INFO - [2022-11-11T14:38:31.173+0000] {dag.py:3340} INFO - Setting next_dagrun for example_sla_dag to 2022-11-11T14:36:00+00:00, run_after=2022-11-11T14:38:00+00:00
[2022-11-11T14:38:31.198+0000] {processor.py:176} INFO - Processing /home/airflow/.local/lib/python3.7/site-packages/airflow/example_dags/example_sla_dag.py took 0.157 seconds
[2022-11-11T14:39:01.744+0000] {processor.py:154} INFO - Started process (PID=1379) to work on /home/airflow/.local/lib/python3.7/site-packages/airflow/example_dags/example_sla_dag.py
[2022-11-11T14:39:01.746+0000] {processor.py:756} INFO - Processing file /home/airflow/.local/lib/python3.7/site-packages/airflow/example_dags/example_sla_dag.py for tasks to queue
[2022-11-11T14:39:01.746+0000] {logging_mixin.py:120} INFO - [2022-11-11T14:39:01.746+0000] {dagbag.py:537} INFO - Filling up the DagBag from /home/airflow/.local/lib/python3.7/site-packages/airflow/example_dags/example_sla_dag.py
[2022-11-11T14:39:01.780+0000] {processor.py:766} INFO - DAG(s) dict_keys(['example_sla_dag']) retrieved from /home/airflow/.local/lib/python3.7/site-packages/airflow/example_dags/example_sla_dag.py
[2022-11-11T14:39:01.835+0000] {logging_mixin.py:120} INFO - [2022-11-11T14:39:01.835+0000] {dag.py:2585} INFO - Sync 1 DAGs
[2022-11-11T14:39:01.874+0000] {logging_mixin.py:120} INFO - [2022-11-11T14:39:01.874+0000] {dag.py:3340} INFO - Setting next_dagrun for example_sla_dag to 2022-11-11T14:36:00+00:00, run_after=2022-11-11T14:38:00+00:00
[2022-11-11T14:39:01.897+0000] {processor.py:176} INFO - Processing /home/airflow/.local/lib/python3.7/site-packages/airflow/example_dags/example_sla_dag.py took 0.159 seconds
[2022-11-11T14:39:32.398+0000] {processor.py:154} INFO - Started process (PID=1437) to work on /home/airflow/.local/lib/python3.7/site-packages/airflow/example_dags/example_sla_dag.py
[2022-11-11T14:39:32.399+0000] {processor.py:756} INFO - Processing file /home/airflow/.local/lib/python3.7/site-packages/airflow/example_dags/example_sla_dag.py for tasks to queue
[2022-11-11T14:39:32.400+0000] {logging_mixin.py:120} INFO - [2022-11-11T14:39:32.400+0000] {dagbag.py:537} INFO - Filling up the DagBag from /home/airflow/.local/lib/python3.7/site-packages/airflow/example_dags/example_sla_dag.py
[2022-11-11T14:39:32.437+0000] {processor.py:766} INFO - DAG(s) dict_keys(['example_sla_dag']) retrieved from /home/airflow/.local/lib/python3.7/site-packages/airflow/example_dags/example_sla_dag.py
[2022-11-11T14:39:32.497+0000] {logging_mixin.py:120} INFO - [2022-11-11T14:39:32.497+0000] {dag.py:2585} INFO - Sync 1 DAGs
[2022-11-11T14:39:32.536+0000] {logging_mixin.py:120} INFO - [2022-11-11T14:39:32.536+0000] {dag.py:3340} INFO - Setting next_dagrun for example_sla_dag to 2022-11-11T14:36:00+00:00, run_after=2022-11-11T14:38:00+00:00
[2022-11-11T14:39:32.560+0000] {processor.py:176} INFO - Processing /home/airflow/.local/lib/python3.7/site-packages/airflow/example_dags/example_sla_dag.py took 0.168 seconds
[2022-11-11T14:40:03.113+0000] {processor.py:154} INFO - Started process (PID=1493) to work on /home/airflow/.local/lib/python3.7/site-packages/airflow/example_dags/example_sla_dag.py
[2022-11-11T14:40:03.114+0000] {processor.py:756} INFO - Processing file /home/airflow/.local/lib/python3.7/site-packages/airflow/example_dags/example_sla_dag.py for tasks to queue
[2022-11-11T14:40:03.115+0000] {logging_mixin.py:120} INFO - [2022-11-11T14:40:03.115+0000] {dagbag.py:537} INFO - Filling up the DagBag from /home/airflow/.local/lib/python3.7/site-packages/airflow/example_dags/example_sla_dag.py
[2022-11-11T14:40:03.147+0000] {processor.py:766} INFO - DAG(s) dict_keys(['example_sla_dag']) retrieved from /home/airflow/.local/lib/python3.7/site-packages/airflow/example_dags/example_sla_dag.py
[2022-11-11T14:40:03.203+0000] {logging_mixin.py:120} INFO - [2022-11-11T14:40:03.203+0000] {dag.py:2585} INFO - Sync 1 DAGs
[2022-11-11T14:40:03.240+0000] {logging_mixin.py:120} INFO - [2022-11-11T14:40:03.240+0000] {dag.py:3340} INFO - Setting next_dagrun for example_sla_dag to 2022-11-11T14:38:00+00:00, run_after=2022-11-11T14:40:00+00:00
[2022-11-11T14:40:03.264+0000] {processor.py:176} INFO - Processing /home/airflow/.local/lib/python3.7/site-packages/airflow/example_dags/example_sla_dag.py took 0.156 seconds
[2022-11-11T14:40:33.569+0000] {processor.py:154} INFO - Started process (PID=1549) to work on /home/airflow/.local/lib/python3.7/site-packages/airflow/example_dags/example_sla_dag.py
[2022-11-11T14:40:33.571+0000] {processor.py:756} INFO - Processing file /home/airflow/.local/lib/python3.7/site-packages/airflow/example_dags/example_sla_dag.py for tasks to queue
[2022-11-11T14:40:33.571+0000] {logging_mixin.py:120} INFO - [2022-11-11T14:40:33.571+0000] {dagbag.py:537} INFO - Filling up the DagBag from /home/airflow/.local/lib/python3.7/site-packages/airflow/example_dags/example_sla_dag.py
[2022-11-11T14:40:33.603+0000] {processor.py:766} INFO - DAG(s) dict_keys(['example_sla_dag']) retrieved from /home/airflow/.local/lib/python3.7/site-packages/airflow/example_dags/example_sla_dag.py
[2022-11-11T14:40:33.661+0000] {logging_mixin.py:120} INFO - [2022-11-11T14:40:33.661+0000] {dag.py:2585} INFO - Sync 1 DAGs
[2022-11-11T14:40:33.701+0000] {logging_mixin.py:120} INFO - [2022-11-11T14:40:33.701+0000] {dag.py:3340} INFO - Setting next_dagrun for example_sla_dag to 2022-11-11T14:38:00+00:00, run_after=2022-11-11T14:40:00+00:00
[2022-11-11T14:40:33.729+0000] {processor.py:176} INFO - Processing /home/airflow/.local/lib/python3.7/site-packages/airflow/example_dags/example_sla_dag.py took 0.166 seconds
[2022-11-11T14:41:03.974+0000] {processor.py:154} INFO - Started process (PID=1605) to work on /home/airflow/.local/lib/python3.7/site-packages/airflow/example_dags/example_sla_dag.py
[2022-11-11T14:41:03.975+0000] {processor.py:756} INFO - Processing file /home/airflow/.local/lib/python3.7/site-packages/airflow/example_dags/example_sla_dag.py for tasks to queue
[2022-11-11T14:41:03.976+0000] {logging_mixin.py:120} INFO - [2022-11-11T14:41:03.976+0000] {dagbag.py:537} INFO - Filling up the DagBag from /home/airflow/.local/lib/python3.7/site-packages/airflow/example_dags/example_sla_dag.py
[2022-11-11T14:41:04.009+0000] {processor.py:766} INFO - DAG(s) dict_keys(['example_sla_dag']) retrieved from /home/airflow/.local/lib/python3.7/site-packages/airflow/example_dags/example_sla_dag.py
[2022-11-11T14:41:04.065+0000] {logging_mixin.py:120} INFO - [2022-11-11T14:41:04.065+0000] {dag.py:2585} INFO - Sync 1 DAGs
[2022-11-11T14:41:04.102+0000] {logging_mixin.py:120} INFO - [2022-11-11T14:41:04.102+0000] {dag.py:3340} INFO - Setting next_dagrun for example_sla_dag to 2022-11-11T14:38:00+00:00, run_after=2022-11-11T14:40:00+00:00
[2022-11-11T14:41:04.125+0000] {processor.py:176} INFO - Processing /home/airflow/.local/lib/python3.7/site-packages/airflow/example_dags/example_sla_dag.py took 0.157 seconds
[2022-11-11T14:41:34.697+0000] {processor.py:154} INFO - Started process (PID=1662) to work on /home/airflow/.local/lib/python3.7/site-packages/airflow/example_dags/example_sla_dag.py
[2022-11-11T14:41:34.700+0000] {processor.py:756} INFO - Processing file /home/airflow/.local/lib/python3.7/site-packages/airflow/example_dags/example_sla_dag.py for tasks to queue
[2022-11-11T14:41:34.701+0000] {logging_mixin.py:120} INFO - [2022-11-11T14:41:34.701+0000] {dagbag.py:537} INFO - Filling up the DagBag from /home/airflow/.local/lib/python3.7/site-packages/airflow/example_dags/example_sla_dag.py
[2022-11-11T14:41:34.740+0000] {processor.py:766} INFO - DAG(s) dict_keys(['example_sla_dag']) retrieved from /home/airflow/.local/lib/python3.7/site-packages/airflow/example_dags/example_sla_dag.py
[2022-11-11T14:41:34.800+0000] {logging_mixin.py:120} INFO - [2022-11-11T14:41:34.799+0000] {dag.py:2585} INFO - Sync 1 DAGs
[2022-11-11T14:41:34.838+0000] {logging_mixin.py:120} INFO - [2022-11-11T14:41:34.838+0000] {dag.py:3340} INFO - Setting next_dagrun for example_sla_dag to 2022-11-11T14:38:00+00:00, run_after=2022-11-11T14:40:00+00:00
[2022-11-11T14:41:34.863+0000] {processor.py:176} INFO - Processing /home/airflow/.local/lib/python3.7/site-packages/airflow/example_dags/example_sla_dag.py took 0.173 seconds
[2022-11-11T14:42:05.298+0000] {processor.py:154} INFO - Started process (PID=1721) to work on /home/airflow/.local/lib/python3.7/site-packages/airflow/example_dags/example_sla_dag.py
[2022-11-11T14:42:05.299+0000] {processor.py:756} INFO - Processing file /home/airflow/.local/lib/python3.7/site-packages/airflow/example_dags/example_sla_dag.py for tasks to queue
[2022-11-11T14:42:05.300+0000] {logging_mixin.py:120} INFO - [2022-11-11T14:42:05.300+0000] {dagbag.py:537} INFO - Filling up the DagBag from /home/airflow/.local/lib/python3.7/site-packages/airflow/example_dags/example_sla_dag.py
[2022-11-11T14:42:05.332+0000] {processor.py:766} INFO - DAG(s) dict_keys(['example_sla_dag']) retrieved from /home/airflow/.local/lib/python3.7/site-packages/airflow/example_dags/example_sla_dag.py
[2022-11-11T14:42:05.390+0000] {logging_mixin.py:120} INFO - [2022-11-11T14:42:05.389+0000] {dag.py:2585} INFO - Sync 1 DAGs
[2022-11-11T14:42:05.429+0000] {logging_mixin.py:120} INFO - [2022-11-11T14:42:05.428+0000] {dag.py:3340} INFO - Setting next_dagrun for example_sla_dag to 2022-11-11T14:40:00+00:00, run_after=2022-11-11T14:42:00+00:00
[2022-11-11T14:42:05.455+0000] {processor.py:176} INFO - Processing /home/airflow/.local/lib/python3.7/site-packages/airflow/example_dags/example_sla_dag.py took 0.163 seconds
[2022-11-11T14:42:35.621+0000] {processor.py:154} INFO - Started process (PID=1779) to work on /home/airflow/.local/lib/python3.7/site-packages/airflow/example_dags/example_sla_dag.py
[2022-11-11T14:42:35.622+0000] {processor.py:756} INFO - Processing file /home/airflow/.local/lib/python3.7/site-packages/airflow/example_dags/example_sla_dag.py for tasks to queue
[2022-11-11T14:42:35.623+0000] {logging_mixin.py:120} INFO - [2022-11-11T14:42:35.623+0000] {dagbag.py:537} INFO - Filling up the DagBag from /home/airflow/.local/lib/python3.7/site-packages/airflow/example_dags/example_sla_dag.py
[2022-11-11T14:42:35.655+0000] {processor.py:766} INFO - DAG(s) dict_keys(['example_sla_dag']) retrieved from /home/airflow/.local/lib/python3.7/site-packages/airflow/example_dags/example_sla_dag.py
[2022-11-11T14:42:35.717+0000] {logging_mixin.py:120} INFO - [2022-11-11T14:42:35.716+0000] {dag.py:2585} INFO - Sync 1 DAGs
[2022-11-11T14:42:35.757+0000] {logging_mixin.py:120} INFO - [2022-11-11T14:42:35.757+0000] {dag.py:3340} INFO - Setting next_dagrun for example_sla_dag to 2022-11-11T14:40:00+00:00, run_after=2022-11-11T14:42:00+00:00
[2022-11-11T14:42:35.782+0000] {processor.py:176} INFO - Processing /home/airflow/.local/lib/python3.7/site-packages/airflow/example_dags/example_sla_dag.py took 0.167 seconds
[2022-11-11T14:43:06.133+0000] {processor.py:154} INFO - Started process (PID=1837) to work on /home/airflow/.local/lib/python3.7/site-packages/airflow/example_dags/example_sla_dag.py
[2022-11-11T14:43:06.135+0000] {processor.py:756} INFO - Processing file /home/airflow/.local/lib/python3.7/site-packages/airflow/example_dags/example_sla_dag.py for tasks to queue
[2022-11-11T14:43:06.136+0000] {logging_mixin.py:120} INFO - [2022-11-11T14:43:06.136+0000] {dagbag.py:537} INFO - Filling up the DagBag from /home/airflow/.local/lib/python3.7/site-packages/airflow/example_dags/example_sla_dag.py
[2022-11-11T14:43:06.169+0000] {processor.py:766} INFO - DAG(s) dict_keys(['example_sla_dag']) retrieved from /home/airflow/.local/lib/python3.7/site-packages/airflow/example_dags/example_sla_dag.py
[2022-11-11T14:43:06.224+0000] {logging_mixin.py:120} INFO - [2022-11-11T14:43:06.223+0000] {dag.py:2585} INFO - Sync 1 DAGs
[2022-11-11T14:43:06.264+0000] {logging_mixin.py:120} INFO - [2022-11-11T14:43:06.264+0000] {dag.py:3340} INFO - Setting next_dagrun for example_sla_dag to 2022-11-11T14:40:00+00:00, run_after=2022-11-11T14:42:00+00:00
[2022-11-11T14:43:06.286+0000] {processor.py:176} INFO - Processing /home/airflow/.local/lib/python3.7/site-packages/airflow/example_dags/example_sla_dag.py took 0.159 seconds
[2022-11-11T14:43:36.849+0000] {processor.py:154} INFO - Started process (PID=1894) to work on /home/airflow/.local/lib/python3.7/site-packages/airflow/example_dags/example_sla_dag.py
[2022-11-11T14:43:36.850+0000] {processor.py:756} INFO - Processing file /home/airflow/.local/lib/python3.7/site-packages/airflow/example_dags/example_sla_dag.py for tasks to queue
[2022-11-11T14:43:36.851+0000] {logging_mixin.py:120} INFO - [2022-11-11T14:43:36.851+0000] {dagbag.py:537} INFO - Filling up the DagBag from /home/airflow/.local/lib/python3.7/site-packages/airflow/example_dags/example_sla_dag.py
[2022-11-11T14:43:36.886+0000] {processor.py:766} INFO - DAG(s) dict_keys(['example_sla_dag']) retrieved from /home/airflow/.local/lib/python3.7/site-packages/airflow/example_dags/example_sla_dag.py
[2022-11-11T14:43:36.944+0000] {logging_mixin.py:120} INFO - [2022-11-11T14:43:36.944+0000] {dag.py:2585} INFO - Sync 1 DAGs
[2022-11-11T14:43:36.982+0000] {logging_mixin.py:120} INFO - [2022-11-11T14:43:36.982+0000] {dag.py:3340} INFO - Setting next_dagrun for example_sla_dag to 2022-11-11T14:40:00+00:00, run_after=2022-11-11T14:42:00+00:00
[2022-11-11T14:43:37.004+0000] {processor.py:176} INFO - Processing /home/airflow/.local/lib/python3.7/site-packages/airflow/example_dags/example_sla_dag.py took 0.163 seconds
[2022-11-11T14:44:07.282+0000] {processor.py:154} INFO - Started process (PID=1951) to work on /home/airflow/.local/lib/python3.7/site-packages/airflow/example_dags/example_sla_dag.py
[2022-11-11T14:44:07.284+0000] {processor.py:756} INFO - Processing file /home/airflow/.local/lib/python3.7/site-packages/airflow/example_dags/example_sla_dag.py for tasks to queue
[2022-11-11T14:44:07.285+0000] {logging_mixin.py:120} INFO - [2022-11-11T14:44:07.285+0000] {dagbag.py:537} INFO - Filling up the DagBag from /home/airflow/.local/lib/python3.7/site-packages/airflow/example_dags/example_sla_dag.py
[2022-11-11T14:44:07.318+0000] {processor.py:766} INFO - DAG(s) dict_keys(['example_sla_dag']) retrieved from /home/airflow/.local/lib/python3.7/site-packages/airflow/example_dags/example_sla_dag.py
[2022-11-11T14:44:07.376+0000] {logging_mixin.py:120} INFO - [2022-11-11T14:44:07.376+0000] {dag.py:2585} INFO - Sync 1 DAGs
[2022-11-11T14:44:07.413+0000] {logging_mixin.py:120} INFO - [2022-11-11T14:44:07.413+0000] {dag.py:3340} INFO - Setting next_dagrun for example_sla_dag to 2022-11-11T14:42:00+00:00, run_after=2022-11-11T14:44:00+00:00
[2022-11-11T14:44:07.439+0000] {processor.py:176} INFO - Processing /home/airflow/.local/lib/python3.7/site-packages/airflow/example_dags/example_sla_dag.py took 0.163 seconds
