[2022-11-11T14:18:10.713+0000] {processor.py:154} INFO - Started process (PID=86) to work on /home/airflow/.local/lib/python3.7/site-packages/airflow/example_dags/example_trigger_controller_dag.py
[2022-11-11T14:18:10.714+0000] {processor.py:756} INFO - Processing file /home/airflow/.local/lib/python3.7/site-packages/airflow/example_dags/example_trigger_controller_dag.py for tasks to queue
[2022-11-11T14:18:10.715+0000] {logging_mixin.py:120} INFO - [2022-11-11T14:18:10.715+0000] {dagbag.py:537} INFO - Filling up the DagBag from /home/airflow/.local/lib/python3.7/site-packages/airflow/example_dags/example_trigger_controller_dag.py
[2022-11-11T14:18:10.735+0000] {processor.py:766} INFO - DAG(s) dict_keys(['example_trigger_controller_dag']) retrieved from /home/airflow/.local/lib/python3.7/site-packages/airflow/example_dags/example_trigger_controller_dag.py
[2022-11-11T14:18:10.942+0000] {logging_mixin.py:120} INFO - [2022-11-11T14:18:10.942+0000] {manager.py:507} INFO - Created Permission View: can read on DAG:example_trigger_controller_dag
[2022-11-11T14:18:10.955+0000] {logging_mixin.py:120} INFO - [2022-11-11T14:18:10.955+0000] {manager.py:507} INFO - Created Permission View: can edit on DAG:example_trigger_controller_dag
[2022-11-11T14:18:10.969+0000] {logging_mixin.py:120} INFO - [2022-11-11T14:18:10.969+0000] {manager.py:507} INFO - Created Permission View: can delete on DAG:example_trigger_controller_dag
[2022-11-11T14:18:10.969+0000] {logging_mixin.py:120} INFO - [2022-11-11T14:18:10.969+0000] {dag.py:2585} INFO - Sync 1 DAGs
[2022-11-11T14:18:10.989+0000] {logging_mixin.py:120} INFO - [2022-11-11T14:18:10.988+0000] {dag.py:2606} INFO - Creating ORM DAG for example_trigger_controller_dag
[2022-11-11T14:18:11.013+0000] {logging_mixin.py:120} INFO - [2022-11-11T14:18:11.012+0000] {dag.py:3340} INFO - Setting next_dagrun for example_trigger_controller_dag to 2021-01-01T00:00:00+00:00, run_after=2021-01-01T00:00:00+00:00
[2022-11-11T14:18:11.046+0000] {processor.py:176} INFO - Processing /home/airflow/.local/lib/python3.7/site-packages/airflow/example_dags/example_trigger_controller_dag.py took 0.339 seconds
[2022-11-11T14:18:41.523+0000] {processor.py:154} INFO - Started process (PID=143) to work on /home/airflow/.local/lib/python3.7/site-packages/airflow/example_dags/example_trigger_controller_dag.py
[2022-11-11T14:18:41.524+0000] {processor.py:756} INFO - Processing file /home/airflow/.local/lib/python3.7/site-packages/airflow/example_dags/example_trigger_controller_dag.py for tasks to queue
[2022-11-11T14:18:41.525+0000] {logging_mixin.py:120} INFO - [2022-11-11T14:18:41.525+0000] {dagbag.py:537} INFO - Filling up the DagBag from /home/airflow/.local/lib/python3.7/site-packages/airflow/example_dags/example_trigger_controller_dag.py
[2022-11-11T14:18:41.542+0000] {processor.py:766} INFO - DAG(s) dict_keys(['example_trigger_controller_dag']) retrieved from /home/airflow/.local/lib/python3.7/site-packages/airflow/example_dags/example_trigger_controller_dag.py
[2022-11-11T14:18:41.619+0000] {logging_mixin.py:120} INFO - [2022-11-11T14:18:41.618+0000] {dag.py:2585} INFO - Sync 1 DAGs
[2022-11-11T14:18:41.655+0000] {logging_mixin.py:120} INFO - [2022-11-11T14:18:41.655+0000] {dag.py:3340} INFO - Setting next_dagrun for example_trigger_controller_dag to 2021-01-01T00:00:00+00:00, run_after=2021-01-01T00:00:00+00:00
[2022-11-11T14:18:41.683+0000] {processor.py:176} INFO - Processing /home/airflow/.local/lib/python3.7/site-packages/airflow/example_dags/example_trigger_controller_dag.py took 0.168 seconds
[2022-11-11T14:19:11.762+0000] {processor.py:154} INFO - Started process (PID=201) to work on /home/airflow/.local/lib/python3.7/site-packages/airflow/example_dags/example_trigger_controller_dag.py
[2022-11-11T14:19:11.764+0000] {processor.py:756} INFO - Processing file /home/airflow/.local/lib/python3.7/site-packages/airflow/example_dags/example_trigger_controller_dag.py for tasks to queue
[2022-11-11T14:19:11.765+0000] {logging_mixin.py:120} INFO - [2022-11-11T14:19:11.764+0000] {dagbag.py:537} INFO - Filling up the DagBag from /home/airflow/.local/lib/python3.7/site-packages/airflow/example_dags/example_trigger_controller_dag.py
[2022-11-11T14:19:11.783+0000] {processor.py:766} INFO - DAG(s) dict_keys(['example_trigger_controller_dag']) retrieved from /home/airflow/.local/lib/python3.7/site-packages/airflow/example_dags/example_trigger_controller_dag.py
[2022-11-11T14:19:11.842+0000] {logging_mixin.py:120} INFO - [2022-11-11T14:19:11.842+0000] {dag.py:2585} INFO - Sync 1 DAGs
[2022-11-11T14:19:11.878+0000] {logging_mixin.py:120} INFO - [2022-11-11T14:19:11.878+0000] {dag.py:3340} INFO - Setting next_dagrun for example_trigger_controller_dag to 2021-01-01T00:00:00+00:00, run_after=2021-01-01T00:00:00+00:00
[2022-11-11T14:19:11.906+0000] {processor.py:176} INFO - Processing /home/airflow/.local/lib/python3.7/site-packages/airflow/example_dags/example_trigger_controller_dag.py took 0.150 seconds
[2022-11-11T14:19:42.648+0000] {processor.py:154} INFO - Started process (PID=256) to work on /home/airflow/.local/lib/python3.7/site-packages/airflow/example_dags/example_trigger_controller_dag.py
[2022-11-11T14:19:42.650+0000] {processor.py:756} INFO - Processing file /home/airflow/.local/lib/python3.7/site-packages/airflow/example_dags/example_trigger_controller_dag.py for tasks to queue
[2022-11-11T14:19:42.651+0000] {logging_mixin.py:120} INFO - [2022-11-11T14:19:42.651+0000] {dagbag.py:537} INFO - Filling up the DagBag from /home/airflow/.local/lib/python3.7/site-packages/airflow/example_dags/example_trigger_controller_dag.py
[2022-11-11T14:19:42.669+0000] {processor.py:766} INFO - DAG(s) dict_keys(['example_trigger_controller_dag']) retrieved from /home/airflow/.local/lib/python3.7/site-packages/airflow/example_dags/example_trigger_controller_dag.py
[2022-11-11T14:19:42.727+0000] {logging_mixin.py:120} INFO - [2022-11-11T14:19:42.727+0000] {dag.py:2585} INFO - Sync 1 DAGs
[2022-11-11T14:19:42.765+0000] {logging_mixin.py:120} INFO - [2022-11-11T14:19:42.765+0000] {dag.py:3340} INFO - Setting next_dagrun for example_trigger_controller_dag to 2021-01-01T00:00:00+00:00, run_after=2021-01-01T00:00:00+00:00
[2022-11-11T14:19:42.793+0000] {processor.py:176} INFO - Processing /home/airflow/.local/lib/python3.7/site-packages/airflow/example_dags/example_trigger_controller_dag.py took 0.150 seconds
[2022-11-11T14:22:48.128+0000] {processor.py:154} INFO - Started process (PID=72) to work on /home/airflow/.local/lib/python3.7/site-packages/airflow/example_dags/example_trigger_controller_dag.py
[2022-11-11T14:22:48.130+0000] {processor.py:756} INFO - Processing file /home/airflow/.local/lib/python3.7/site-packages/airflow/example_dags/example_trigger_controller_dag.py for tasks to queue
[2022-11-11T14:22:48.131+0000] {logging_mixin.py:120} INFO - [2022-11-11T14:22:48.131+0000] {dagbag.py:537} INFO - Filling up the DagBag from /home/airflow/.local/lib/python3.7/site-packages/airflow/example_dags/example_trigger_controller_dag.py
[2022-11-11T14:22:48.150+0000] {processor.py:766} INFO - DAG(s) dict_keys(['example_trigger_controller_dag']) retrieved from /home/airflow/.local/lib/python3.7/site-packages/airflow/example_dags/example_trigger_controller_dag.py
[2022-11-11T14:22:48.215+0000] {logging_mixin.py:120} INFO - [2022-11-11T14:22:48.215+0000] {dag.py:2585} INFO - Sync 1 DAGs
[2022-11-11T14:22:48.251+0000] {logging_mixin.py:120} INFO - [2022-11-11T14:22:48.251+0000] {dag.py:3340} INFO - Setting next_dagrun for example_trigger_controller_dag to 2021-01-01T00:00:00+00:00, run_after=2021-01-01T00:00:00+00:00
[2022-11-11T14:22:48.608+0000] {processor.py:176} INFO - Processing /home/airflow/.local/lib/python3.7/site-packages/airflow/example_dags/example_trigger_controller_dag.py took 0.485 seconds
[2022-11-11T14:23:18.862+0000] {processor.py:154} INFO - Started process (PID=130) to work on /home/airflow/.local/lib/python3.7/site-packages/airflow/example_dags/example_trigger_controller_dag.py
[2022-11-11T14:23:18.863+0000] {processor.py:756} INFO - Processing file /home/airflow/.local/lib/python3.7/site-packages/airflow/example_dags/example_trigger_controller_dag.py for tasks to queue
[2022-11-11T14:23:18.864+0000] {logging_mixin.py:120} INFO - [2022-11-11T14:23:18.864+0000] {dagbag.py:537} INFO - Filling up the DagBag from /home/airflow/.local/lib/python3.7/site-packages/airflow/example_dags/example_trigger_controller_dag.py
[2022-11-11T14:23:18.882+0000] {processor.py:766} INFO - DAG(s) dict_keys(['example_trigger_controller_dag']) retrieved from /home/airflow/.local/lib/python3.7/site-packages/airflow/example_dags/example_trigger_controller_dag.py
[2022-11-11T14:23:18.941+0000] {logging_mixin.py:120} INFO - [2022-11-11T14:23:18.941+0000] {dag.py:2585} INFO - Sync 1 DAGs
[2022-11-11T14:23:18.978+0000] {logging_mixin.py:120} INFO - [2022-11-11T14:23:18.978+0000] {dag.py:3340} INFO - Setting next_dagrun for example_trigger_controller_dag to 2021-01-01T00:00:00+00:00, run_after=2021-01-01T00:00:00+00:00
[2022-11-11T14:23:19.005+0000] {processor.py:176} INFO - Processing /home/airflow/.local/lib/python3.7/site-packages/airflow/example_dags/example_trigger_controller_dag.py took 0.148 seconds
[2022-11-11T14:24:41.566+0000] {processor.py:154} INFO - Started process (PID=75) to work on /home/airflow/.local/lib/python3.7/site-packages/airflow/example_dags/example_trigger_controller_dag.py
[2022-11-11T14:24:41.568+0000] {processor.py:756} INFO - Processing file /home/airflow/.local/lib/python3.7/site-packages/airflow/example_dags/example_trigger_controller_dag.py for tasks to queue
[2022-11-11T14:24:41.569+0000] {logging_mixin.py:120} INFO - [2022-11-11T14:24:41.569+0000] {dagbag.py:537} INFO - Filling up the DagBag from /home/airflow/.local/lib/python3.7/site-packages/airflow/example_dags/example_trigger_controller_dag.py
[2022-11-11T14:24:41.597+0000] {processor.py:766} INFO - DAG(s) dict_keys(['example_trigger_controller_dag']) retrieved from /home/airflow/.local/lib/python3.7/site-packages/airflow/example_dags/example_trigger_controller_dag.py
[2022-11-11T14:24:41.678+0000] {logging_mixin.py:120} INFO - [2022-11-11T14:24:41.678+0000] {dag.py:2585} INFO - Sync 1 DAGs
[2022-11-11T14:24:41.718+0000] {logging_mixin.py:120} INFO - [2022-11-11T14:24:41.718+0000] {dag.py:3340} INFO - Setting next_dagrun for example_trigger_controller_dag to 2021-01-01T00:00:00+00:00, run_after=2021-01-01T00:00:00+00:00
[2022-11-11T14:24:41.742+0000] {processor.py:176} INFO - Processing /home/airflow/.local/lib/python3.7/site-packages/airflow/example_dags/example_trigger_controller_dag.py took 0.183 seconds
[2022-11-11T14:27:17.478+0000] {processor.py:154} INFO - Started process (PID=75) to work on /home/airflow/.local/lib/python3.7/site-packages/airflow/example_dags/example_trigger_controller_dag.py
[2022-11-11T14:27:17.479+0000] {processor.py:756} INFO - Processing file /home/airflow/.local/lib/python3.7/site-packages/airflow/example_dags/example_trigger_controller_dag.py for tasks to queue
[2022-11-11T14:27:17.480+0000] {logging_mixin.py:120} INFO - [2022-11-11T14:27:17.480+0000] {dagbag.py:537} INFO - Filling up the DagBag from /home/airflow/.local/lib/python3.7/site-packages/airflow/example_dags/example_trigger_controller_dag.py
[2022-11-11T14:27:17.498+0000] {processor.py:766} INFO - DAG(s) dict_keys(['example_trigger_controller_dag']) retrieved from /home/airflow/.local/lib/python3.7/site-packages/airflow/example_dags/example_trigger_controller_dag.py
[2022-11-11T14:27:17.559+0000] {logging_mixin.py:120} INFO - [2022-11-11T14:27:17.559+0000] {dag.py:2585} INFO - Sync 1 DAGs
[2022-11-11T14:27:17.595+0000] {logging_mixin.py:120} INFO - [2022-11-11T14:27:17.595+0000] {dag.py:3340} INFO - Setting next_dagrun for example_trigger_controller_dag to 2021-01-01T00:00:00+00:00, run_after=2021-01-01T00:00:00+00:00
[2022-11-11T14:27:17.622+0000] {processor.py:176} INFO - Processing /home/airflow/.local/lib/python3.7/site-packages/airflow/example_dags/example_trigger_controller_dag.py took 0.149 seconds
[2022-11-11T14:27:52.721+0000] {processor.py:154} INFO - Started process (PID=132) to work on /home/airflow/.local/lib/python3.7/site-packages/airflow/example_dags/example_trigger_controller_dag.py
[2022-11-11T14:27:52.723+0000] {processor.py:756} INFO - Processing file /home/airflow/.local/lib/python3.7/site-packages/airflow/example_dags/example_trigger_controller_dag.py for tasks to queue
[2022-11-11T14:27:52.724+0000] {logging_mixin.py:120} INFO - [2022-11-11T14:27:52.724+0000] {dagbag.py:537} INFO - Filling up the DagBag from /home/airflow/.local/lib/python3.7/site-packages/airflow/example_dags/example_trigger_controller_dag.py
[2022-11-11T14:27:53.086+0000] {processor.py:766} INFO - DAG(s) dict_keys(['example_trigger_controller_dag']) retrieved from /home/airflow/.local/lib/python3.7/site-packages/airflow/example_dags/example_trigger_controller_dag.py
[2022-11-11T14:27:53.146+0000] {logging_mixin.py:120} INFO - [2022-11-11T14:27:53.146+0000] {dag.py:2585} INFO - Sync 1 DAGs
[2022-11-11T14:27:53.183+0000] {logging_mixin.py:120} INFO - [2022-11-11T14:27:53.182+0000] {dag.py:3340} INFO - Setting next_dagrun for example_trigger_controller_dag to 2021-01-01T00:00:00+00:00, run_after=2021-01-01T00:00:00+00:00
[2022-11-11T14:27:53.532+0000] {processor.py:176} INFO - Processing /home/airflow/.local/lib/python3.7/site-packages/airflow/example_dags/example_trigger_controller_dag.py took 0.817 seconds
[2022-11-11T14:28:24.241+0000] {processor.py:154} INFO - Started process (PID=191) to work on /home/airflow/.local/lib/python3.7/site-packages/airflow/example_dags/example_trigger_controller_dag.py
[2022-11-11T14:28:24.243+0000] {processor.py:756} INFO - Processing file /home/airflow/.local/lib/python3.7/site-packages/airflow/example_dags/example_trigger_controller_dag.py for tasks to queue
[2022-11-11T14:28:24.245+0000] {logging_mixin.py:120} INFO - [2022-11-11T14:28:24.244+0000] {dagbag.py:537} INFO - Filling up the DagBag from /home/airflow/.local/lib/python3.7/site-packages/airflow/example_dags/example_trigger_controller_dag.py
[2022-11-11T14:28:24.262+0000] {processor.py:766} INFO - DAG(s) dict_keys(['example_trigger_controller_dag']) retrieved from /home/airflow/.local/lib/python3.7/site-packages/airflow/example_dags/example_trigger_controller_dag.py
[2022-11-11T14:28:24.323+0000] {logging_mixin.py:120} INFO - [2022-11-11T14:28:24.323+0000] {dag.py:2585} INFO - Sync 1 DAGs
[2022-11-11T14:28:24.357+0000] {logging_mixin.py:120} INFO - [2022-11-11T14:28:24.357+0000] {dag.py:3340} INFO - Setting next_dagrun for example_trigger_controller_dag to 2021-01-01T00:00:00+00:00, run_after=2021-01-01T00:00:00+00:00
[2022-11-11T14:28:24.382+0000] {processor.py:176} INFO - Processing /home/airflow/.local/lib/python3.7/site-packages/airflow/example_dags/example_trigger_controller_dag.py took 0.148 seconds
[2022-11-11T14:28:55.012+0000] {processor.py:154} INFO - Started process (PID=250) to work on /home/airflow/.local/lib/python3.7/site-packages/airflow/example_dags/example_trigger_controller_dag.py
[2022-11-11T14:28:55.013+0000] {processor.py:756} INFO - Processing file /home/airflow/.local/lib/python3.7/site-packages/airflow/example_dags/example_trigger_controller_dag.py for tasks to queue
[2022-11-11T14:28:55.014+0000] {logging_mixin.py:120} INFO - [2022-11-11T14:28:55.014+0000] {dagbag.py:537} INFO - Filling up the DagBag from /home/airflow/.local/lib/python3.7/site-packages/airflow/example_dags/example_trigger_controller_dag.py
[2022-11-11T14:28:55.031+0000] {processor.py:766} INFO - DAG(s) dict_keys(['example_trigger_controller_dag']) retrieved from /home/airflow/.local/lib/python3.7/site-packages/airflow/example_dags/example_trigger_controller_dag.py
[2022-11-11T14:28:55.091+0000] {logging_mixin.py:120} INFO - [2022-11-11T14:28:55.091+0000] {dag.py:2585} INFO - Sync 1 DAGs
[2022-11-11T14:28:55.127+0000] {logging_mixin.py:120} INFO - [2022-11-11T14:28:55.126+0000] {dag.py:3340} INFO - Setting next_dagrun for example_trigger_controller_dag to 2021-01-01T00:00:00+00:00, run_after=2021-01-01T00:00:00+00:00
[2022-11-11T14:28:55.150+0000] {processor.py:176} INFO - Processing /home/airflow/.local/lib/python3.7/site-packages/airflow/example_dags/example_trigger_controller_dag.py took 0.143 seconds
[2022-11-11T14:29:25.846+0000] {processor.py:154} INFO - Started process (PID=307) to work on /home/airflow/.local/lib/python3.7/site-packages/airflow/example_dags/example_trigger_controller_dag.py
[2022-11-11T14:29:25.848+0000] {processor.py:756} INFO - Processing file /home/airflow/.local/lib/python3.7/site-packages/airflow/example_dags/example_trigger_controller_dag.py for tasks to queue
[2022-11-11T14:29:25.848+0000] {logging_mixin.py:120} INFO - [2022-11-11T14:29:25.848+0000] {dagbag.py:537} INFO - Filling up the DagBag from /home/airflow/.local/lib/python3.7/site-packages/airflow/example_dags/example_trigger_controller_dag.py
[2022-11-11T14:29:25.867+0000] {processor.py:766} INFO - DAG(s) dict_keys(['example_trigger_controller_dag']) retrieved from /home/airflow/.local/lib/python3.7/site-packages/airflow/example_dags/example_trigger_controller_dag.py
[2022-11-11T14:29:25.929+0000] {logging_mixin.py:120} INFO - [2022-11-11T14:29:25.928+0000] {dag.py:2585} INFO - Sync 1 DAGs
[2022-11-11T14:29:25.967+0000] {logging_mixin.py:120} INFO - [2022-11-11T14:29:25.967+0000] {dag.py:3340} INFO - Setting next_dagrun for example_trigger_controller_dag to 2021-01-01T00:00:00+00:00, run_after=2021-01-01T00:00:00+00:00
[2022-11-11T14:29:25.993+0000] {processor.py:176} INFO - Processing /home/airflow/.local/lib/python3.7/site-packages/airflow/example_dags/example_trigger_controller_dag.py took 0.152 seconds
[2022-11-11T14:29:56.499+0000] {processor.py:154} INFO - Started process (PID=364) to work on /home/airflow/.local/lib/python3.7/site-packages/airflow/example_dags/example_trigger_controller_dag.py
[2022-11-11T14:29:56.501+0000] {processor.py:756} INFO - Processing file /home/airflow/.local/lib/python3.7/site-packages/airflow/example_dags/example_trigger_controller_dag.py for tasks to queue
[2022-11-11T14:29:56.501+0000] {logging_mixin.py:120} INFO - [2022-11-11T14:29:56.501+0000] {dagbag.py:537} INFO - Filling up the DagBag from /home/airflow/.local/lib/python3.7/site-packages/airflow/example_dags/example_trigger_controller_dag.py
[2022-11-11T14:29:56.519+0000] {processor.py:766} INFO - DAG(s) dict_keys(['example_trigger_controller_dag']) retrieved from /home/airflow/.local/lib/python3.7/site-packages/airflow/example_dags/example_trigger_controller_dag.py
[2022-11-11T14:29:56.582+0000] {logging_mixin.py:120} INFO - [2022-11-11T14:29:56.582+0000] {dag.py:2585} INFO - Sync 1 DAGs
[2022-11-11T14:29:56.620+0000] {logging_mixin.py:120} INFO - [2022-11-11T14:29:56.620+0000] {dag.py:3340} INFO - Setting next_dagrun for example_trigger_controller_dag to 2021-01-01T00:00:00+00:00, run_after=2021-01-01T00:00:00+00:00
[2022-11-11T14:29:56.644+0000] {processor.py:176} INFO - Processing /home/airflow/.local/lib/python3.7/site-packages/airflow/example_dags/example_trigger_controller_dag.py took 0.151 seconds
[2022-11-11T14:30:27.058+0000] {processor.py:154} INFO - Started process (PID=421) to work on /home/airflow/.local/lib/python3.7/site-packages/airflow/example_dags/example_trigger_controller_dag.py
[2022-11-11T14:30:27.061+0000] {processor.py:756} INFO - Processing file /home/airflow/.local/lib/python3.7/site-packages/airflow/example_dags/example_trigger_controller_dag.py for tasks to queue
[2022-11-11T14:30:27.062+0000] {logging_mixin.py:120} INFO - [2022-11-11T14:30:27.061+0000] {dagbag.py:537} INFO - Filling up the DagBag from /home/airflow/.local/lib/python3.7/site-packages/airflow/example_dags/example_trigger_controller_dag.py
[2022-11-11T14:30:27.079+0000] {processor.py:766} INFO - DAG(s) dict_keys(['example_trigger_controller_dag']) retrieved from /home/airflow/.local/lib/python3.7/site-packages/airflow/example_dags/example_trigger_controller_dag.py
[2022-11-11T14:30:27.162+0000] {logging_mixin.py:120} INFO - [2022-11-11T14:30:27.161+0000] {dag.py:2585} INFO - Sync 1 DAGs
[2022-11-11T14:30:27.197+0000] {logging_mixin.py:120} INFO - [2022-11-11T14:30:27.197+0000] {dag.py:3340} INFO - Setting next_dagrun for example_trigger_controller_dag to 2021-01-01T00:00:00+00:00, run_after=2021-01-01T00:00:00+00:00
[2022-11-11T14:30:27.240+0000] {processor.py:176} INFO - Processing /home/airflow/.local/lib/python3.7/site-packages/airflow/example_dags/example_trigger_controller_dag.py took 0.190 seconds
[2022-11-11T14:30:57.601+0000] {processor.py:154} INFO - Started process (PID=478) to work on /home/airflow/.local/lib/python3.7/site-packages/airflow/example_dags/example_trigger_controller_dag.py
[2022-11-11T14:30:57.602+0000] {processor.py:756} INFO - Processing file /home/airflow/.local/lib/python3.7/site-packages/airflow/example_dags/example_trigger_controller_dag.py for tasks to queue
[2022-11-11T14:30:57.603+0000] {logging_mixin.py:120} INFO - [2022-11-11T14:30:57.603+0000] {dagbag.py:537} INFO - Filling up the DagBag from /home/airflow/.local/lib/python3.7/site-packages/airflow/example_dags/example_trigger_controller_dag.py
[2022-11-11T14:30:57.625+0000] {processor.py:766} INFO - DAG(s) dict_keys(['example_trigger_controller_dag']) retrieved from /home/airflow/.local/lib/python3.7/site-packages/airflow/example_dags/example_trigger_controller_dag.py
[2022-11-11T14:30:57.680+0000] {logging_mixin.py:120} INFO - [2022-11-11T14:30:57.680+0000] {dag.py:2585} INFO - Sync 1 DAGs
[2022-11-11T14:30:57.713+0000] {logging_mixin.py:120} INFO - [2022-11-11T14:30:57.713+0000] {dag.py:3340} INFO - Setting next_dagrun for example_trigger_controller_dag to 2021-01-01T00:00:00+00:00, run_after=2021-01-01T00:00:00+00:00
[2022-11-11T14:30:57.738+0000] {processor.py:176} INFO - Processing /home/airflow/.local/lib/python3.7/site-packages/airflow/example_dags/example_trigger_controller_dag.py took 0.147 seconds
[2022-11-11T14:31:27.897+0000] {processor.py:154} INFO - Started process (PID=535) to work on /home/airflow/.local/lib/python3.7/site-packages/airflow/example_dags/example_trigger_controller_dag.py
[2022-11-11T14:31:27.898+0000] {processor.py:756} INFO - Processing file /home/airflow/.local/lib/python3.7/site-packages/airflow/example_dags/example_trigger_controller_dag.py for tasks to queue
[2022-11-11T14:31:27.899+0000] {logging_mixin.py:120} INFO - [2022-11-11T14:31:27.899+0000] {dagbag.py:537} INFO - Filling up the DagBag from /home/airflow/.local/lib/python3.7/site-packages/airflow/example_dags/example_trigger_controller_dag.py
[2022-11-11T14:31:27.916+0000] {processor.py:766} INFO - DAG(s) dict_keys(['example_trigger_controller_dag']) retrieved from /home/airflow/.local/lib/python3.7/site-packages/airflow/example_dags/example_trigger_controller_dag.py
[2022-11-11T14:31:27.975+0000] {logging_mixin.py:120} INFO - [2022-11-11T14:31:27.975+0000] {dag.py:2585} INFO - Sync 1 DAGs
[2022-11-11T14:31:28.010+0000] {logging_mixin.py:120} INFO - [2022-11-11T14:31:28.009+0000] {dag.py:3340} INFO - Setting next_dagrun for example_trigger_controller_dag to 2021-01-01T00:00:00+00:00, run_after=2021-01-01T00:00:00+00:00
[2022-11-11T14:31:28.037+0000] {processor.py:176} INFO - Processing /home/airflow/.local/lib/python3.7/site-packages/airflow/example_dags/example_trigger_controller_dag.py took 0.145 seconds
[2022-11-11T14:31:58.143+0000] {processor.py:154} INFO - Started process (PID=592) to work on /home/airflow/.local/lib/python3.7/site-packages/airflow/example_dags/example_trigger_controller_dag.py
[2022-11-11T14:31:58.144+0000] {processor.py:756} INFO - Processing file /home/airflow/.local/lib/python3.7/site-packages/airflow/example_dags/example_trigger_controller_dag.py for tasks to queue
[2022-11-11T14:31:58.145+0000] {logging_mixin.py:120} INFO - [2022-11-11T14:31:58.145+0000] {dagbag.py:537} INFO - Filling up the DagBag from /home/airflow/.local/lib/python3.7/site-packages/airflow/example_dags/example_trigger_controller_dag.py
[2022-11-11T14:31:58.161+0000] {processor.py:766} INFO - DAG(s) dict_keys(['example_trigger_controller_dag']) retrieved from /home/airflow/.local/lib/python3.7/site-packages/airflow/example_dags/example_trigger_controller_dag.py
[2022-11-11T14:31:58.218+0000] {logging_mixin.py:120} INFO - [2022-11-11T14:31:58.218+0000] {dag.py:2585} INFO - Sync 1 DAGs
[2022-11-11T14:31:58.262+0000] {logging_mixin.py:120} INFO - [2022-11-11T14:31:58.262+0000] {dag.py:3340} INFO - Setting next_dagrun for example_trigger_controller_dag to 2021-01-01T00:00:00+00:00, run_after=2021-01-01T00:00:00+00:00
[2022-11-11T14:31:58.287+0000] {processor.py:176} INFO - Processing /home/airflow/.local/lib/python3.7/site-packages/airflow/example_dags/example_trigger_controller_dag.py took 0.149 seconds
[2022-11-11T14:32:28.804+0000] {processor.py:154} INFO - Started process (PID=649) to work on /home/airflow/.local/lib/python3.7/site-packages/airflow/example_dags/example_trigger_controller_dag.py
[2022-11-11T14:32:28.805+0000] {processor.py:756} INFO - Processing file /home/airflow/.local/lib/python3.7/site-packages/airflow/example_dags/example_trigger_controller_dag.py for tasks to queue
[2022-11-11T14:32:28.806+0000] {logging_mixin.py:120} INFO - [2022-11-11T14:32:28.806+0000] {dagbag.py:537} INFO - Filling up the DagBag from /home/airflow/.local/lib/python3.7/site-packages/airflow/example_dags/example_trigger_controller_dag.py
[2022-11-11T14:32:28.823+0000] {processor.py:766} INFO - DAG(s) dict_keys(['example_trigger_controller_dag']) retrieved from /home/airflow/.local/lib/python3.7/site-packages/airflow/example_dags/example_trigger_controller_dag.py
[2022-11-11T14:32:28.882+0000] {logging_mixin.py:120} INFO - [2022-11-11T14:32:28.882+0000] {dag.py:2585} INFO - Sync 1 DAGs
[2022-11-11T14:32:28.925+0000] {logging_mixin.py:120} INFO - [2022-11-11T14:32:28.924+0000] {dag.py:3340} INFO - Setting next_dagrun for example_trigger_controller_dag to 2021-01-01T00:00:00+00:00, run_after=2021-01-01T00:00:00+00:00
[2022-11-11T14:32:28.949+0000] {processor.py:176} INFO - Processing /home/airflow/.local/lib/python3.7/site-packages/airflow/example_dags/example_trigger_controller_dag.py took 0.150 seconds
[2022-11-11T14:32:59.313+0000] {processor.py:154} INFO - Started process (PID=705) to work on /home/airflow/.local/lib/python3.7/site-packages/airflow/example_dags/example_trigger_controller_dag.py
[2022-11-11T14:32:59.315+0000] {processor.py:756} INFO - Processing file /home/airflow/.local/lib/python3.7/site-packages/airflow/example_dags/example_trigger_controller_dag.py for tasks to queue
[2022-11-11T14:32:59.316+0000] {logging_mixin.py:120} INFO - [2022-11-11T14:32:59.315+0000] {dagbag.py:537} INFO - Filling up the DagBag from /home/airflow/.local/lib/python3.7/site-packages/airflow/example_dags/example_trigger_controller_dag.py
[2022-11-11T14:32:59.334+0000] {processor.py:766} INFO - DAG(s) dict_keys(['example_trigger_controller_dag']) retrieved from /home/airflow/.local/lib/python3.7/site-packages/airflow/example_dags/example_trigger_controller_dag.py
[2022-11-11T14:32:59.401+0000] {logging_mixin.py:120} INFO - [2022-11-11T14:32:59.401+0000] {dag.py:2585} INFO - Sync 1 DAGs
[2022-11-11T14:32:59.442+0000] {logging_mixin.py:120} INFO - [2022-11-11T14:32:59.441+0000] {dag.py:3340} INFO - Setting next_dagrun for example_trigger_controller_dag to 2021-01-01T00:00:00+00:00, run_after=2021-01-01T00:00:00+00:00
[2022-11-11T14:32:59.477+0000] {processor.py:176} INFO - Processing /home/airflow/.local/lib/python3.7/site-packages/airflow/example_dags/example_trigger_controller_dag.py took 0.170 seconds
[2022-11-11T14:33:29.838+0000] {processor.py:154} INFO - Started process (PID=763) to work on /home/airflow/.local/lib/python3.7/site-packages/airflow/example_dags/example_trigger_controller_dag.py
[2022-11-11T14:33:29.839+0000] {processor.py:756} INFO - Processing file /home/airflow/.local/lib/python3.7/site-packages/airflow/example_dags/example_trigger_controller_dag.py for tasks to queue
[2022-11-11T14:33:29.840+0000] {logging_mixin.py:120} INFO - [2022-11-11T14:33:29.839+0000] {dagbag.py:537} INFO - Filling up the DagBag from /home/airflow/.local/lib/python3.7/site-packages/airflow/example_dags/example_trigger_controller_dag.py
[2022-11-11T14:33:29.859+0000] {processor.py:766} INFO - DAG(s) dict_keys(['example_trigger_controller_dag']) retrieved from /home/airflow/.local/lib/python3.7/site-packages/airflow/example_dags/example_trigger_controller_dag.py
[2022-11-11T14:33:29.939+0000] {logging_mixin.py:120} INFO - [2022-11-11T14:33:29.938+0000] {dag.py:2585} INFO - Sync 1 DAGs
[2022-11-11T14:33:29.982+0000] {logging_mixin.py:120} INFO - [2022-11-11T14:33:29.981+0000] {dag.py:3340} INFO - Setting next_dagrun for example_trigger_controller_dag to 2021-01-01T00:00:00+00:00, run_after=2021-01-01T00:00:00+00:00
[2022-11-11T14:33:30.011+0000] {processor.py:176} INFO - Processing /home/airflow/.local/lib/python3.7/site-packages/airflow/example_dags/example_trigger_controller_dag.py took 0.180 seconds
[2022-11-11T14:34:00.526+0000] {processor.py:154} INFO - Started process (PID=826) to work on /home/airflow/.local/lib/python3.7/site-packages/airflow/example_dags/example_trigger_controller_dag.py
[2022-11-11T14:34:00.527+0000] {processor.py:756} INFO - Processing file /home/airflow/.local/lib/python3.7/site-packages/airflow/example_dags/example_trigger_controller_dag.py for tasks to queue
[2022-11-11T14:34:00.528+0000] {logging_mixin.py:120} INFO - [2022-11-11T14:34:00.528+0000] {dagbag.py:537} INFO - Filling up the DagBag from /home/airflow/.local/lib/python3.7/site-packages/airflow/example_dags/example_trigger_controller_dag.py
[2022-11-11T14:34:00.545+0000] {processor.py:766} INFO - DAG(s) dict_keys(['example_trigger_controller_dag']) retrieved from /home/airflow/.local/lib/python3.7/site-packages/airflow/example_dags/example_trigger_controller_dag.py
[2022-11-11T14:34:00.607+0000] {logging_mixin.py:120} INFO - [2022-11-11T14:34:00.606+0000] {dag.py:2585} INFO - Sync 1 DAGs
[2022-11-11T14:34:00.656+0000] {logging_mixin.py:120} INFO - [2022-11-11T14:34:00.656+0000] {dag.py:3340} INFO - Setting next_dagrun for example_trigger_controller_dag to 2021-01-01T00:00:00+00:00, run_after=2021-01-01T00:00:00+00:00
[2022-11-11T14:34:00.684+0000] {processor.py:176} INFO - Processing /home/airflow/.local/lib/python3.7/site-packages/airflow/example_dags/example_trigger_controller_dag.py took 0.164 seconds
[2022-11-11T14:34:30.962+0000] {processor.py:154} INFO - Started process (PID=883) to work on /home/airflow/.local/lib/python3.7/site-packages/airflow/example_dags/example_trigger_controller_dag.py
[2022-11-11T14:34:30.963+0000] {processor.py:756} INFO - Processing file /home/airflow/.local/lib/python3.7/site-packages/airflow/example_dags/example_trigger_controller_dag.py for tasks to queue
[2022-11-11T14:34:30.965+0000] {logging_mixin.py:120} INFO - [2022-11-11T14:34:30.964+0000] {dagbag.py:537} INFO - Filling up the DagBag from /home/airflow/.local/lib/python3.7/site-packages/airflow/example_dags/example_trigger_controller_dag.py
[2022-11-11T14:34:30.984+0000] {processor.py:766} INFO - DAG(s) dict_keys(['example_trigger_controller_dag']) retrieved from /home/airflow/.local/lib/python3.7/site-packages/airflow/example_dags/example_trigger_controller_dag.py
[2022-11-11T14:34:31.045+0000] {logging_mixin.py:120} INFO - [2022-11-11T14:34:31.045+0000] {dag.py:2585} INFO - Sync 1 DAGs
[2022-11-11T14:34:31.083+0000] {logging_mixin.py:120} INFO - [2022-11-11T14:34:31.082+0000] {dag.py:3340} INFO - Setting next_dagrun for example_trigger_controller_dag to 2021-01-01T00:00:00+00:00, run_after=2021-01-01T00:00:00+00:00
[2022-11-11T14:34:31.111+0000] {processor.py:176} INFO - Processing /home/airflow/.local/lib/python3.7/site-packages/airflow/example_dags/example_trigger_controller_dag.py took 0.156 seconds
[2022-11-11T14:35:01.606+0000] {processor.py:154} INFO - Started process (PID=941) to work on /home/airflow/.local/lib/python3.7/site-packages/airflow/example_dags/example_trigger_controller_dag.py
[2022-11-11T14:35:01.607+0000] {processor.py:756} INFO - Processing file /home/airflow/.local/lib/python3.7/site-packages/airflow/example_dags/example_trigger_controller_dag.py for tasks to queue
[2022-11-11T14:35:01.608+0000] {logging_mixin.py:120} INFO - [2022-11-11T14:35:01.608+0000] {dagbag.py:537} INFO - Filling up the DagBag from /home/airflow/.local/lib/python3.7/site-packages/airflow/example_dags/example_trigger_controller_dag.py
[2022-11-11T14:35:01.624+0000] {processor.py:766} INFO - DAG(s) dict_keys(['example_trigger_controller_dag']) retrieved from /home/airflow/.local/lib/python3.7/site-packages/airflow/example_dags/example_trigger_controller_dag.py
[2022-11-11T14:35:01.687+0000] {logging_mixin.py:120} INFO - [2022-11-11T14:35:01.687+0000] {dag.py:2585} INFO - Sync 1 DAGs
[2022-11-11T14:35:01.720+0000] {logging_mixin.py:120} INFO - [2022-11-11T14:35:01.720+0000] {dag.py:3340} INFO - Setting next_dagrun for example_trigger_controller_dag to 2021-01-01T00:00:00+00:00, run_after=2021-01-01T00:00:00+00:00
[2022-11-11T14:35:01.749+0000] {processor.py:176} INFO - Processing /home/airflow/.local/lib/python3.7/site-packages/airflow/example_dags/example_trigger_controller_dag.py took 0.148 seconds
[2022-11-11T14:35:32.066+0000] {processor.py:154} INFO - Started process (PID=999) to work on /home/airflow/.local/lib/python3.7/site-packages/airflow/example_dags/example_trigger_controller_dag.py
[2022-11-11T14:35:32.067+0000] {processor.py:756} INFO - Processing file /home/airflow/.local/lib/python3.7/site-packages/airflow/example_dags/example_trigger_controller_dag.py for tasks to queue
[2022-11-11T14:35:32.068+0000] {logging_mixin.py:120} INFO - [2022-11-11T14:35:32.067+0000] {dagbag.py:537} INFO - Filling up the DagBag from /home/airflow/.local/lib/python3.7/site-packages/airflow/example_dags/example_trigger_controller_dag.py
[2022-11-11T14:35:32.085+0000] {processor.py:766} INFO - DAG(s) dict_keys(['example_trigger_controller_dag']) retrieved from /home/airflow/.local/lib/python3.7/site-packages/airflow/example_dags/example_trigger_controller_dag.py
[2022-11-11T14:35:32.142+0000] {logging_mixin.py:120} INFO - [2022-11-11T14:35:32.142+0000] {dag.py:2585} INFO - Sync 1 DAGs
[2022-11-11T14:35:32.181+0000] {logging_mixin.py:120} INFO - [2022-11-11T14:35:32.181+0000] {dag.py:3340} INFO - Setting next_dagrun for example_trigger_controller_dag to 2021-01-01T00:00:00+00:00, run_after=2021-01-01T00:00:00+00:00
[2022-11-11T14:35:32.212+0000] {processor.py:176} INFO - Processing /home/airflow/.local/lib/python3.7/site-packages/airflow/example_dags/example_trigger_controller_dag.py took 0.151 seconds
[2022-11-11T14:36:02.551+0000] {processor.py:154} INFO - Started process (PID=1056) to work on /home/airflow/.local/lib/python3.7/site-packages/airflow/example_dags/example_trigger_controller_dag.py
[2022-11-11T14:36:02.552+0000] {processor.py:756} INFO - Processing file /home/airflow/.local/lib/python3.7/site-packages/airflow/example_dags/example_trigger_controller_dag.py for tasks to queue
[2022-11-11T14:36:02.553+0000] {logging_mixin.py:120} INFO - [2022-11-11T14:36:02.553+0000] {dagbag.py:537} INFO - Filling up the DagBag from /home/airflow/.local/lib/python3.7/site-packages/airflow/example_dags/example_trigger_controller_dag.py
[2022-11-11T14:36:02.570+0000] {processor.py:766} INFO - DAG(s) dict_keys(['example_trigger_controller_dag']) retrieved from /home/airflow/.local/lib/python3.7/site-packages/airflow/example_dags/example_trigger_controller_dag.py
[2022-11-11T14:36:02.632+0000] {logging_mixin.py:120} INFO - [2022-11-11T14:36:02.632+0000] {dag.py:2585} INFO - Sync 1 DAGs
[2022-11-11T14:36:02.664+0000] {logging_mixin.py:120} INFO - [2022-11-11T14:36:02.664+0000] {dag.py:3340} INFO - Setting next_dagrun for example_trigger_controller_dag to 2021-01-01T00:00:00+00:00, run_after=2021-01-01T00:00:00+00:00
[2022-11-11T14:36:02.688+0000] {processor.py:176} INFO - Processing /home/airflow/.local/lib/python3.7/site-packages/airflow/example_dags/example_trigger_controller_dag.py took 0.142 seconds
[2022-11-11T14:36:33.103+0000] {processor.py:154} INFO - Started process (PID=1113) to work on /home/airflow/.local/lib/python3.7/site-packages/airflow/example_dags/example_trigger_controller_dag.py
[2022-11-11T14:36:33.104+0000] {processor.py:756} INFO - Processing file /home/airflow/.local/lib/python3.7/site-packages/airflow/example_dags/example_trigger_controller_dag.py for tasks to queue
[2022-11-11T14:36:33.105+0000] {logging_mixin.py:120} INFO - [2022-11-11T14:36:33.105+0000] {dagbag.py:537} INFO - Filling up the DagBag from /home/airflow/.local/lib/python3.7/site-packages/airflow/example_dags/example_trigger_controller_dag.py
[2022-11-11T14:36:33.123+0000] {processor.py:766} INFO - DAG(s) dict_keys(['example_trigger_controller_dag']) retrieved from /home/airflow/.local/lib/python3.7/site-packages/airflow/example_dags/example_trigger_controller_dag.py
[2022-11-11T14:36:33.187+0000] {logging_mixin.py:120} INFO - [2022-11-11T14:36:33.187+0000] {dag.py:2585} INFO - Sync 1 DAGs
[2022-11-11T14:36:33.222+0000] {logging_mixin.py:120} INFO - [2022-11-11T14:36:33.221+0000] {dag.py:3340} INFO - Setting next_dagrun for example_trigger_controller_dag to 2021-01-01T00:00:00+00:00, run_after=2021-01-01T00:00:00+00:00
[2022-11-11T14:36:33.247+0000] {processor.py:176} INFO - Processing /home/airflow/.local/lib/python3.7/site-packages/airflow/example_dags/example_trigger_controller_dag.py took 0.149 seconds
[2022-11-11T14:37:03.686+0000] {processor.py:154} INFO - Started process (PID=1171) to work on /home/airflow/.local/lib/python3.7/site-packages/airflow/example_dags/example_trigger_controller_dag.py
[2022-11-11T14:37:03.688+0000] {processor.py:756} INFO - Processing file /home/airflow/.local/lib/python3.7/site-packages/airflow/example_dags/example_trigger_controller_dag.py for tasks to queue
[2022-11-11T14:37:03.688+0000] {logging_mixin.py:120} INFO - [2022-11-11T14:37:03.688+0000] {dagbag.py:537} INFO - Filling up the DagBag from /home/airflow/.local/lib/python3.7/site-packages/airflow/example_dags/example_trigger_controller_dag.py
[2022-11-11T14:37:03.705+0000] {processor.py:766} INFO - DAG(s) dict_keys(['example_trigger_controller_dag']) retrieved from /home/airflow/.local/lib/python3.7/site-packages/airflow/example_dags/example_trigger_controller_dag.py
[2022-11-11T14:37:03.764+0000] {logging_mixin.py:120} INFO - [2022-11-11T14:37:03.764+0000] {dag.py:2585} INFO - Sync 1 DAGs
[2022-11-11T14:37:03.799+0000] {logging_mixin.py:120} INFO - [2022-11-11T14:37:03.799+0000] {dag.py:3340} INFO - Setting next_dagrun for example_trigger_controller_dag to 2021-01-01T00:00:00+00:00, run_after=2021-01-01T00:00:00+00:00
[2022-11-11T14:37:03.823+0000] {processor.py:176} INFO - Processing /home/airflow/.local/lib/python3.7/site-packages/airflow/example_dags/example_trigger_controller_dag.py took 0.141 seconds
[2022-11-11T14:37:34.189+0000] {processor.py:154} INFO - Started process (PID=1228) to work on /home/airflow/.local/lib/python3.7/site-packages/airflow/example_dags/example_trigger_controller_dag.py
[2022-11-11T14:37:34.191+0000] {processor.py:756} INFO - Processing file /home/airflow/.local/lib/python3.7/site-packages/airflow/example_dags/example_trigger_controller_dag.py for tasks to queue
[2022-11-11T14:37:34.191+0000] {logging_mixin.py:120} INFO - [2022-11-11T14:37:34.191+0000] {dagbag.py:537} INFO - Filling up the DagBag from /home/airflow/.local/lib/python3.7/site-packages/airflow/example_dags/example_trigger_controller_dag.py
[2022-11-11T14:37:34.208+0000] {processor.py:766} INFO - DAG(s) dict_keys(['example_trigger_controller_dag']) retrieved from /home/airflow/.local/lib/python3.7/site-packages/airflow/example_dags/example_trigger_controller_dag.py
[2022-11-11T14:37:34.268+0000] {logging_mixin.py:120} INFO - [2022-11-11T14:37:34.268+0000] {dag.py:2585} INFO - Sync 1 DAGs
[2022-11-11T14:37:34.305+0000] {logging_mixin.py:120} INFO - [2022-11-11T14:37:34.305+0000] {dag.py:3340} INFO - Setting next_dagrun for example_trigger_controller_dag to 2021-01-01T00:00:00+00:00, run_after=2021-01-01T00:00:00+00:00
[2022-11-11T14:37:34.329+0000] {processor.py:176} INFO - Processing /home/airflow/.local/lib/python3.7/site-packages/airflow/example_dags/example_trigger_controller_dag.py took 0.144 seconds
[2022-11-11T14:38:04.831+0000] {processor.py:154} INFO - Started process (PID=1286) to work on /home/airflow/.local/lib/python3.7/site-packages/airflow/example_dags/example_trigger_controller_dag.py
[2022-11-11T14:38:04.832+0000] {processor.py:756} INFO - Processing file /home/airflow/.local/lib/python3.7/site-packages/airflow/example_dags/example_trigger_controller_dag.py for tasks to queue
[2022-11-11T14:38:04.833+0000] {logging_mixin.py:120} INFO - [2022-11-11T14:38:04.832+0000] {dagbag.py:537} INFO - Filling up the DagBag from /home/airflow/.local/lib/python3.7/site-packages/airflow/example_dags/example_trigger_controller_dag.py
[2022-11-11T14:38:04.848+0000] {processor.py:766} INFO - DAG(s) dict_keys(['example_trigger_controller_dag']) retrieved from /home/airflow/.local/lib/python3.7/site-packages/airflow/example_dags/example_trigger_controller_dag.py
[2022-11-11T14:38:04.902+0000] {logging_mixin.py:120} INFO - [2022-11-11T14:38:04.901+0000] {dag.py:2585} INFO - Sync 1 DAGs
[2022-11-11T14:38:04.934+0000] {logging_mixin.py:120} INFO - [2022-11-11T14:38:04.933+0000] {dag.py:3340} INFO - Setting next_dagrun for example_trigger_controller_dag to 2021-01-01T00:00:00+00:00, run_after=2021-01-01T00:00:00+00:00
[2022-11-11T14:38:04.956+0000] {processor.py:176} INFO - Processing /home/airflow/.local/lib/python3.7/site-packages/airflow/example_dags/example_trigger_controller_dag.py took 0.130 seconds
[2022-11-11T14:38:35.211+0000] {processor.py:154} INFO - Started process (PID=1343) to work on /home/airflow/.local/lib/python3.7/site-packages/airflow/example_dags/example_trigger_controller_dag.py
[2022-11-11T14:38:35.212+0000] {processor.py:756} INFO - Processing file /home/airflow/.local/lib/python3.7/site-packages/airflow/example_dags/example_trigger_controller_dag.py for tasks to queue
[2022-11-11T14:38:35.213+0000] {logging_mixin.py:120} INFO - [2022-11-11T14:38:35.213+0000] {dagbag.py:537} INFO - Filling up the DagBag from /home/airflow/.local/lib/python3.7/site-packages/airflow/example_dags/example_trigger_controller_dag.py
[2022-11-11T14:38:35.229+0000] {processor.py:766} INFO - DAG(s) dict_keys(['example_trigger_controller_dag']) retrieved from /home/airflow/.local/lib/python3.7/site-packages/airflow/example_dags/example_trigger_controller_dag.py
[2022-11-11T14:38:35.288+0000] {logging_mixin.py:120} INFO - [2022-11-11T14:38:35.288+0000] {dag.py:2585} INFO - Sync 1 DAGs
[2022-11-11T14:38:35.324+0000] {logging_mixin.py:120} INFO - [2022-11-11T14:38:35.323+0000] {dag.py:3340} INFO - Setting next_dagrun for example_trigger_controller_dag to 2021-01-01T00:00:00+00:00, run_after=2021-01-01T00:00:00+00:00
[2022-11-11T14:38:35.353+0000] {processor.py:176} INFO - Processing /home/airflow/.local/lib/python3.7/site-packages/airflow/example_dags/example_trigger_controller_dag.py took 0.148 seconds
[2022-11-11T14:39:05.863+0000] {processor.py:154} INFO - Started process (PID=1398) to work on /home/airflow/.local/lib/python3.7/site-packages/airflow/example_dags/example_trigger_controller_dag.py
[2022-11-11T14:39:05.865+0000] {processor.py:756} INFO - Processing file /home/airflow/.local/lib/python3.7/site-packages/airflow/example_dags/example_trigger_controller_dag.py for tasks to queue
[2022-11-11T14:39:05.865+0000] {logging_mixin.py:120} INFO - [2022-11-11T14:39:05.865+0000] {dagbag.py:537} INFO - Filling up the DagBag from /home/airflow/.local/lib/python3.7/site-packages/airflow/example_dags/example_trigger_controller_dag.py
[2022-11-11T14:39:05.881+0000] {processor.py:766} INFO - DAG(s) dict_keys(['example_trigger_controller_dag']) retrieved from /home/airflow/.local/lib/python3.7/site-packages/airflow/example_dags/example_trigger_controller_dag.py
[2022-11-11T14:39:05.934+0000] {logging_mixin.py:120} INFO - [2022-11-11T14:39:05.934+0000] {dag.py:2585} INFO - Sync 1 DAGs
[2022-11-11T14:39:05.967+0000] {logging_mixin.py:120} INFO - [2022-11-11T14:39:05.967+0000] {dag.py:3340} INFO - Setting next_dagrun for example_trigger_controller_dag to 2021-01-01T00:00:00+00:00, run_after=2021-01-01T00:00:00+00:00
[2022-11-11T14:39:05.997+0000] {processor.py:176} INFO - Processing /home/airflow/.local/lib/python3.7/site-packages/airflow/example_dags/example_trigger_controller_dag.py took 0.141 seconds
[2022-11-11T14:39:36.575+0000] {processor.py:154} INFO - Started process (PID=1456) to work on /home/airflow/.local/lib/python3.7/site-packages/airflow/example_dags/example_trigger_controller_dag.py
[2022-11-11T14:39:36.576+0000] {processor.py:756} INFO - Processing file /home/airflow/.local/lib/python3.7/site-packages/airflow/example_dags/example_trigger_controller_dag.py for tasks to queue
[2022-11-11T14:39:36.577+0000] {logging_mixin.py:120} INFO - [2022-11-11T14:39:36.577+0000] {dagbag.py:537} INFO - Filling up the DagBag from /home/airflow/.local/lib/python3.7/site-packages/airflow/example_dags/example_trigger_controller_dag.py
[2022-11-11T14:39:36.595+0000] {processor.py:766} INFO - DAG(s) dict_keys(['example_trigger_controller_dag']) retrieved from /home/airflow/.local/lib/python3.7/site-packages/airflow/example_dags/example_trigger_controller_dag.py
[2022-11-11T14:39:36.654+0000] {logging_mixin.py:120} INFO - [2022-11-11T14:39:36.654+0000] {dag.py:2585} INFO - Sync 1 DAGs
[2022-11-11T14:39:36.690+0000] {logging_mixin.py:120} INFO - [2022-11-11T14:39:36.690+0000] {dag.py:3340} INFO - Setting next_dagrun for example_trigger_controller_dag to 2021-01-01T00:00:00+00:00, run_after=2021-01-01T00:00:00+00:00
[2022-11-11T14:39:36.718+0000] {processor.py:176} INFO - Processing /home/airflow/.local/lib/python3.7/site-packages/airflow/example_dags/example_trigger_controller_dag.py took 0.149 seconds
[2022-11-11T14:40:07.235+0000] {processor.py:154} INFO - Started process (PID=1511) to work on /home/airflow/.local/lib/python3.7/site-packages/airflow/example_dags/example_trigger_controller_dag.py
[2022-11-11T14:40:07.237+0000] {processor.py:756} INFO - Processing file /home/airflow/.local/lib/python3.7/site-packages/airflow/example_dags/example_trigger_controller_dag.py for tasks to queue
[2022-11-11T14:40:07.238+0000] {logging_mixin.py:120} INFO - [2022-11-11T14:40:07.238+0000] {dagbag.py:537} INFO - Filling up the DagBag from /home/airflow/.local/lib/python3.7/site-packages/airflow/example_dags/example_trigger_controller_dag.py
[2022-11-11T14:40:07.255+0000] {processor.py:766} INFO - DAG(s) dict_keys(['example_trigger_controller_dag']) retrieved from /home/airflow/.local/lib/python3.7/site-packages/airflow/example_dags/example_trigger_controller_dag.py
[2022-11-11T14:40:07.310+0000] {logging_mixin.py:120} INFO - [2022-11-11T14:40:07.310+0000] {dag.py:2585} INFO - Sync 1 DAGs
[2022-11-11T14:40:07.344+0000] {logging_mixin.py:120} INFO - [2022-11-11T14:40:07.344+0000] {dag.py:3340} INFO - Setting next_dagrun for example_trigger_controller_dag to 2021-01-01T00:00:00+00:00, run_after=2021-01-01T00:00:00+00:00
[2022-11-11T14:40:07.376+0000] {processor.py:176} INFO - Processing /home/airflow/.local/lib/python3.7/site-packages/airflow/example_dags/example_trigger_controller_dag.py took 0.146 seconds
[2022-11-11T14:40:37.709+0000] {processor.py:154} INFO - Started process (PID=1567) to work on /home/airflow/.local/lib/python3.7/site-packages/airflow/example_dags/example_trigger_controller_dag.py
[2022-11-11T14:40:37.711+0000] {processor.py:756} INFO - Processing file /home/airflow/.local/lib/python3.7/site-packages/airflow/example_dags/example_trigger_controller_dag.py for tasks to queue
[2022-11-11T14:40:37.711+0000] {logging_mixin.py:120} INFO - [2022-11-11T14:40:37.711+0000] {dagbag.py:537} INFO - Filling up the DagBag from /home/airflow/.local/lib/python3.7/site-packages/airflow/example_dags/example_trigger_controller_dag.py
[2022-11-11T14:40:37.732+0000] {processor.py:766} INFO - DAG(s) dict_keys(['example_trigger_controller_dag']) retrieved from /home/airflow/.local/lib/python3.7/site-packages/airflow/example_dags/example_trigger_controller_dag.py
[2022-11-11T14:40:37.792+0000] {logging_mixin.py:120} INFO - [2022-11-11T14:40:37.792+0000] {dag.py:2585} INFO - Sync 1 DAGs
[2022-11-11T14:40:37.826+0000] {logging_mixin.py:120} INFO - [2022-11-11T14:40:37.825+0000] {dag.py:3340} INFO - Setting next_dagrun for example_trigger_controller_dag to 2021-01-01T00:00:00+00:00, run_after=2021-01-01T00:00:00+00:00
[2022-11-11T14:40:37.858+0000] {processor.py:176} INFO - Processing /home/airflow/.local/lib/python3.7/site-packages/airflow/example_dags/example_trigger_controller_dag.py took 0.153 seconds
[2022-11-11T14:41:08.311+0000] {processor.py:154} INFO - Started process (PID=1624) to work on /home/airflow/.local/lib/python3.7/site-packages/airflow/example_dags/example_trigger_controller_dag.py
[2022-11-11T14:41:08.313+0000] {processor.py:756} INFO - Processing file /home/airflow/.local/lib/python3.7/site-packages/airflow/example_dags/example_trigger_controller_dag.py for tasks to queue
[2022-11-11T14:41:08.313+0000] {logging_mixin.py:120} INFO - [2022-11-11T14:41:08.313+0000] {dagbag.py:537} INFO - Filling up the DagBag from /home/airflow/.local/lib/python3.7/site-packages/airflow/example_dags/example_trigger_controller_dag.py
[2022-11-11T14:41:08.330+0000] {processor.py:766} INFO - DAG(s) dict_keys(['example_trigger_controller_dag']) retrieved from /home/airflow/.local/lib/python3.7/site-packages/airflow/example_dags/example_trigger_controller_dag.py
[2022-11-11T14:41:08.384+0000] {logging_mixin.py:120} INFO - [2022-11-11T14:41:08.384+0000] {dag.py:2585} INFO - Sync 1 DAGs
[2022-11-11T14:41:08.416+0000] {logging_mixin.py:120} INFO - [2022-11-11T14:41:08.415+0000] {dag.py:3340} INFO - Setting next_dagrun for example_trigger_controller_dag to 2021-01-01T00:00:00+00:00, run_after=2021-01-01T00:00:00+00:00
[2022-11-11T14:41:08.440+0000] {processor.py:176} INFO - Processing /home/airflow/.local/lib/python3.7/site-packages/airflow/example_dags/example_trigger_controller_dag.py took 0.135 seconds
[2022-11-11T14:41:38.678+0000] {processor.py:154} INFO - Started process (PID=1682) to work on /home/airflow/.local/lib/python3.7/site-packages/airflow/example_dags/example_trigger_controller_dag.py
[2022-11-11T14:41:38.680+0000] {processor.py:756} INFO - Processing file /home/airflow/.local/lib/python3.7/site-packages/airflow/example_dags/example_trigger_controller_dag.py for tasks to queue
[2022-11-11T14:41:38.680+0000] {logging_mixin.py:120} INFO - [2022-11-11T14:41:38.680+0000] {dagbag.py:537} INFO - Filling up the DagBag from /home/airflow/.local/lib/python3.7/site-packages/airflow/example_dags/example_trigger_controller_dag.py
[2022-11-11T14:41:38.697+0000] {processor.py:766} INFO - DAG(s) dict_keys(['example_trigger_controller_dag']) retrieved from /home/airflow/.local/lib/python3.7/site-packages/airflow/example_dags/example_trigger_controller_dag.py
[2022-11-11T14:41:38.752+0000] {logging_mixin.py:120} INFO - [2022-11-11T14:41:38.751+0000] {dag.py:2585} INFO - Sync 1 DAGs
[2022-11-11T14:41:38.786+0000] {logging_mixin.py:120} INFO - [2022-11-11T14:41:38.785+0000] {dag.py:3340} INFO - Setting next_dagrun for example_trigger_controller_dag to 2021-01-01T00:00:00+00:00, run_after=2021-01-01T00:00:00+00:00
[2022-11-11T14:41:38.808+0000] {processor.py:176} INFO - Processing /home/airflow/.local/lib/python3.7/site-packages/airflow/example_dags/example_trigger_controller_dag.py took 0.135 seconds
[2022-11-11T14:42:09.237+0000] {processor.py:154} INFO - Started process (PID=1740) to work on /home/airflow/.local/lib/python3.7/site-packages/airflow/example_dags/example_trigger_controller_dag.py
[2022-11-11T14:42:09.239+0000] {processor.py:756} INFO - Processing file /home/airflow/.local/lib/python3.7/site-packages/airflow/example_dags/example_trigger_controller_dag.py for tasks to queue
[2022-11-11T14:42:09.239+0000] {logging_mixin.py:120} INFO - [2022-11-11T14:42:09.239+0000] {dagbag.py:537} INFO - Filling up the DagBag from /home/airflow/.local/lib/python3.7/site-packages/airflow/example_dags/example_trigger_controller_dag.py
[2022-11-11T14:42:09.256+0000] {processor.py:766} INFO - DAG(s) dict_keys(['example_trigger_controller_dag']) retrieved from /home/airflow/.local/lib/python3.7/site-packages/airflow/example_dags/example_trigger_controller_dag.py
[2022-11-11T14:42:09.314+0000] {logging_mixin.py:120} INFO - [2022-11-11T14:42:09.313+0000] {dag.py:2585} INFO - Sync 1 DAGs
[2022-11-11T14:42:09.348+0000] {logging_mixin.py:120} INFO - [2022-11-11T14:42:09.348+0000] {dag.py:3340} INFO - Setting next_dagrun for example_trigger_controller_dag to 2021-01-01T00:00:00+00:00, run_after=2021-01-01T00:00:00+00:00
[2022-11-11T14:42:09.374+0000] {processor.py:176} INFO - Processing /home/airflow/.local/lib/python3.7/site-packages/airflow/example_dags/example_trigger_controller_dag.py took 0.142 seconds
[2022-11-11T14:42:39.801+0000] {processor.py:154} INFO - Started process (PID=1798) to work on /home/airflow/.local/lib/python3.7/site-packages/airflow/example_dags/example_trigger_controller_dag.py
[2022-11-11T14:42:39.802+0000] {processor.py:756} INFO - Processing file /home/airflow/.local/lib/python3.7/site-packages/airflow/example_dags/example_trigger_controller_dag.py for tasks to queue
[2022-11-11T14:42:39.802+0000] {logging_mixin.py:120} INFO - [2022-11-11T14:42:39.802+0000] {dagbag.py:537} INFO - Filling up the DagBag from /home/airflow/.local/lib/python3.7/site-packages/airflow/example_dags/example_trigger_controller_dag.py
[2022-11-11T14:42:39.819+0000] {processor.py:766} INFO - DAG(s) dict_keys(['example_trigger_controller_dag']) retrieved from /home/airflow/.local/lib/python3.7/site-packages/airflow/example_dags/example_trigger_controller_dag.py
[2022-11-11T14:42:39.874+0000] {logging_mixin.py:120} INFO - [2022-11-11T14:42:39.874+0000] {dag.py:2585} INFO - Sync 1 DAGs
[2022-11-11T14:42:39.909+0000] {logging_mixin.py:120} INFO - [2022-11-11T14:42:39.908+0000] {dag.py:3340} INFO - Setting next_dagrun for example_trigger_controller_dag to 2021-01-01T00:00:00+00:00, run_after=2021-01-01T00:00:00+00:00
[2022-11-11T14:42:39.934+0000] {processor.py:176} INFO - Processing /home/airflow/.local/lib/python3.7/site-packages/airflow/example_dags/example_trigger_controller_dag.py took 0.138 seconds
[2022-11-11T14:43:10.404+0000] {processor.py:154} INFO - Started process (PID=1856) to work on /home/airflow/.local/lib/python3.7/site-packages/airflow/example_dags/example_trigger_controller_dag.py
[2022-11-11T14:43:10.406+0000] {processor.py:756} INFO - Processing file /home/airflow/.local/lib/python3.7/site-packages/airflow/example_dags/example_trigger_controller_dag.py for tasks to queue
[2022-11-11T14:43:10.407+0000] {logging_mixin.py:120} INFO - [2022-11-11T14:43:10.406+0000] {dagbag.py:537} INFO - Filling up the DagBag from /home/airflow/.local/lib/python3.7/site-packages/airflow/example_dags/example_trigger_controller_dag.py
[2022-11-11T14:43:10.425+0000] {processor.py:766} INFO - DAG(s) dict_keys(['example_trigger_controller_dag']) retrieved from /home/airflow/.local/lib/python3.7/site-packages/airflow/example_dags/example_trigger_controller_dag.py
[2022-11-11T14:43:10.481+0000] {logging_mixin.py:120} INFO - [2022-11-11T14:43:10.481+0000] {dag.py:2585} INFO - Sync 1 DAGs
[2022-11-11T14:43:10.514+0000] {logging_mixin.py:120} INFO - [2022-11-11T14:43:10.514+0000] {dag.py:3340} INFO - Setting next_dagrun for example_trigger_controller_dag to 2021-01-01T00:00:00+00:00, run_after=2021-01-01T00:00:00+00:00
[2022-11-11T14:43:10.539+0000] {processor.py:176} INFO - Processing /home/airflow/.local/lib/python3.7/site-packages/airflow/example_dags/example_trigger_controller_dag.py took 0.140 seconds
[2022-11-11T14:43:40.809+0000] {processor.py:154} INFO - Started process (PID=1913) to work on /home/airflow/.local/lib/python3.7/site-packages/airflow/example_dags/example_trigger_controller_dag.py
[2022-11-11T14:43:40.810+0000] {processor.py:756} INFO - Processing file /home/airflow/.local/lib/python3.7/site-packages/airflow/example_dags/example_trigger_controller_dag.py for tasks to queue
[2022-11-11T14:43:40.811+0000] {logging_mixin.py:120} INFO - [2022-11-11T14:43:40.811+0000] {dagbag.py:537} INFO - Filling up the DagBag from /home/airflow/.local/lib/python3.7/site-packages/airflow/example_dags/example_trigger_controller_dag.py
[2022-11-11T14:43:40.827+0000] {processor.py:766} INFO - DAG(s) dict_keys(['example_trigger_controller_dag']) retrieved from /home/airflow/.local/lib/python3.7/site-packages/airflow/example_dags/example_trigger_controller_dag.py
[2022-11-11T14:43:40.883+0000] {logging_mixin.py:120} INFO - [2022-11-11T14:43:40.883+0000] {dag.py:2585} INFO - Sync 1 DAGs
[2022-11-11T14:43:40.918+0000] {logging_mixin.py:120} INFO - [2022-11-11T14:43:40.918+0000] {dag.py:3340} INFO - Setting next_dagrun for example_trigger_controller_dag to 2021-01-01T00:00:00+00:00, run_after=2021-01-01T00:00:00+00:00
[2022-11-11T14:43:40.941+0000] {processor.py:176} INFO - Processing /home/airflow/.local/lib/python3.7/site-packages/airflow/example_dags/example_trigger_controller_dag.py took 0.138 seconds
[2022-11-11T14:44:11.215+0000] {processor.py:154} INFO - Started process (PID=1970) to work on /home/airflow/.local/lib/python3.7/site-packages/airflow/example_dags/example_trigger_controller_dag.py
[2022-11-11T14:44:11.217+0000] {processor.py:756} INFO - Processing file /home/airflow/.local/lib/python3.7/site-packages/airflow/example_dags/example_trigger_controller_dag.py for tasks to queue
[2022-11-11T14:44:11.218+0000] {logging_mixin.py:120} INFO - [2022-11-11T14:44:11.217+0000] {dagbag.py:537} INFO - Filling up the DagBag from /home/airflow/.local/lib/python3.7/site-packages/airflow/example_dags/example_trigger_controller_dag.py
[2022-11-11T14:44:11.235+0000] {processor.py:766} INFO - DAG(s) dict_keys(['example_trigger_controller_dag']) retrieved from /home/airflow/.local/lib/python3.7/site-packages/airflow/example_dags/example_trigger_controller_dag.py
[2022-11-11T14:44:11.301+0000] {logging_mixin.py:120} INFO - [2022-11-11T14:44:11.301+0000] {dag.py:2585} INFO - Sync 1 DAGs
[2022-11-11T14:44:11.339+0000] {logging_mixin.py:120} INFO - [2022-11-11T14:44:11.339+0000] {dag.py:3340} INFO - Setting next_dagrun for example_trigger_controller_dag to 2021-01-01T00:00:00+00:00, run_after=2021-01-01T00:00:00+00:00
[2022-11-11T14:44:11.365+0000] {processor.py:176} INFO - Processing /home/airflow/.local/lib/python3.7/site-packages/airflow/example_dags/example_trigger_controller_dag.py took 0.155 seconds
