[2022-11-11T14:18:11.078+0000] {processor.py:154} INFO - Started process (PID=88) to work on /home/airflow/.local/lib/python3.7/site-packages/airflow/example_dags/example_xcom.py
[2022-11-11T14:18:11.079+0000] {processor.py:756} INFO - Processing file /home/airflow/.local/lib/python3.7/site-packages/airflow/example_dags/example_xcom.py for tasks to queue
[2022-11-11T14:18:11.080+0000] {logging_mixin.py:120} INFO - [2022-11-11T14:18:11.080+0000] {dagbag.py:537} INFO - Filling up the DagBag from /home/airflow/.local/lib/python3.7/site-packages/airflow/example_dags/example_xcom.py
[2022-11-11T14:18:11.116+0000] {processor.py:766} INFO - DAG(s) dict_keys(['example_xcom']) retrieved from /home/airflow/.local/lib/python3.7/site-packages/airflow/example_dags/example_xcom.py
[2022-11-11T14:18:11.344+0000] {logging_mixin.py:120} INFO - [2022-11-11T14:18:11.344+0000] {manager.py:507} INFO - Created Permission View: can read on DAG:example_xcom
[2022-11-11T14:18:11.357+0000] {logging_mixin.py:120} INFO - [2022-11-11T14:18:11.357+0000] {manager.py:507} INFO - Created Permission View: can edit on DAG:example_xcom
[2022-11-11T14:18:11.367+0000] {logging_mixin.py:120} INFO - [2022-11-11T14:18:11.367+0000] {manager.py:507} INFO - Created Permission View: can delete on DAG:example_xcom
[2022-11-11T14:18:11.367+0000] {logging_mixin.py:120} INFO - [2022-11-11T14:18:11.367+0000] {dag.py:2585} INFO - Sync 1 DAGs
[2022-11-11T14:18:11.386+0000] {logging_mixin.py:120} INFO - [2022-11-11T14:18:11.386+0000] {dag.py:2606} INFO - Creating ORM DAG for example_xcom
[2022-11-11T14:18:11.401+0000] {logging_mixin.py:120} INFO - [2022-11-11T14:18:11.401+0000] {dag.py:3340} INFO - Setting next_dagrun for example_xcom to 2021-01-01T00:00:00+00:00, run_after=2021-01-01T00:00:00+00:00
[2022-11-11T14:18:11.429+0000] {processor.py:176} INFO - Processing /home/airflow/.local/lib/python3.7/site-packages/airflow/example_dags/example_xcom.py took 0.357 seconds
[2022-11-11T14:18:41.889+0000] {processor.py:154} INFO - Started process (PID=145) to work on /home/airflow/.local/lib/python3.7/site-packages/airflow/example_dags/example_xcom.py
[2022-11-11T14:18:41.891+0000] {processor.py:756} INFO - Processing file /home/airflow/.local/lib/python3.7/site-packages/airflow/example_dags/example_xcom.py for tasks to queue
[2022-11-11T14:18:41.891+0000] {logging_mixin.py:120} INFO - [2022-11-11T14:18:41.891+0000] {dagbag.py:537} INFO - Filling up the DagBag from /home/airflow/.local/lib/python3.7/site-packages/airflow/example_dags/example_xcom.py
[2022-11-11T14:18:41.925+0000] {processor.py:766} INFO - DAG(s) dict_keys(['example_xcom']) retrieved from /home/airflow/.local/lib/python3.7/site-packages/airflow/example_dags/example_xcom.py
[2022-11-11T14:18:41.986+0000] {logging_mixin.py:120} INFO - [2022-11-11T14:18:41.986+0000] {dag.py:2585} INFO - Sync 1 DAGs
[2022-11-11T14:18:42.023+0000] {logging_mixin.py:120} INFO - [2022-11-11T14:18:42.023+0000] {dag.py:3340} INFO - Setting next_dagrun for example_xcom to 2021-01-01T00:00:00+00:00, run_after=2021-01-01T00:00:00+00:00
[2022-11-11T14:18:42.052+0000] {processor.py:176} INFO - Processing /home/airflow/.local/lib/python3.7/site-packages/airflow/example_dags/example_xcom.py took 0.169 seconds
[2022-11-11T14:19:12.121+0000] {processor.py:154} INFO - Started process (PID=203) to work on /home/airflow/.local/lib/python3.7/site-packages/airflow/example_dags/example_xcom.py
[2022-11-11T14:19:12.122+0000] {processor.py:756} INFO - Processing file /home/airflow/.local/lib/python3.7/site-packages/airflow/example_dags/example_xcom.py for tasks to queue
[2022-11-11T14:19:12.123+0000] {logging_mixin.py:120} INFO - [2022-11-11T14:19:12.123+0000] {dagbag.py:537} INFO - Filling up the DagBag from /home/airflow/.local/lib/python3.7/site-packages/airflow/example_dags/example_xcom.py
[2022-11-11T14:19:12.161+0000] {processor.py:766} INFO - DAG(s) dict_keys(['example_xcom']) retrieved from /home/airflow/.local/lib/python3.7/site-packages/airflow/example_dags/example_xcom.py
[2022-11-11T14:19:12.224+0000] {logging_mixin.py:120} INFO - [2022-11-11T14:19:12.224+0000] {dag.py:2585} INFO - Sync 1 DAGs
[2022-11-11T14:19:12.266+0000] {logging_mixin.py:120} INFO - [2022-11-11T14:19:12.265+0000] {dag.py:3340} INFO - Setting next_dagrun for example_xcom to 2021-01-01T00:00:00+00:00, run_after=2021-01-01T00:00:00+00:00
[2022-11-11T14:19:12.300+0000] {processor.py:176} INFO - Processing /home/airflow/.local/lib/python3.7/site-packages/airflow/example_dags/example_xcom.py took 0.185 seconds
[2022-11-11T14:19:43.005+0000] {processor.py:154} INFO - Started process (PID=259) to work on /home/airflow/.local/lib/python3.7/site-packages/airflow/example_dags/example_xcom.py
[2022-11-11T14:19:43.006+0000] {processor.py:756} INFO - Processing file /home/airflow/.local/lib/python3.7/site-packages/airflow/example_dags/example_xcom.py for tasks to queue
[2022-11-11T14:19:43.007+0000] {logging_mixin.py:120} INFO - [2022-11-11T14:19:43.007+0000] {dagbag.py:537} INFO - Filling up the DagBag from /home/airflow/.local/lib/python3.7/site-packages/airflow/example_dags/example_xcom.py
[2022-11-11T14:19:43.042+0000] {processor.py:766} INFO - DAG(s) dict_keys(['example_xcom']) retrieved from /home/airflow/.local/lib/python3.7/site-packages/airflow/example_dags/example_xcom.py
[2022-11-11T14:19:43.103+0000] {logging_mixin.py:120} INFO - [2022-11-11T14:19:43.103+0000] {dag.py:2585} INFO - Sync 1 DAGs
[2022-11-11T14:19:43.140+0000] {logging_mixin.py:120} INFO - [2022-11-11T14:19:43.140+0000] {dag.py:3340} INFO - Setting next_dagrun for example_xcom to 2021-01-01T00:00:00+00:00, run_after=2021-01-01T00:00:00+00:00
[2022-11-11T14:19:43.168+0000] {processor.py:176} INFO - Processing /home/airflow/.local/lib/python3.7/site-packages/airflow/example_dags/example_xcom.py took 0.168 seconds
[2022-11-11T14:22:48.644+0000] {processor.py:154} INFO - Started process (PID=74) to work on /home/airflow/.local/lib/python3.7/site-packages/airflow/example_dags/example_xcom.py
[2022-11-11T14:22:48.646+0000] {processor.py:756} INFO - Processing file /home/airflow/.local/lib/python3.7/site-packages/airflow/example_dags/example_xcom.py for tasks to queue
[2022-11-11T14:22:48.647+0000] {logging_mixin.py:120} INFO - [2022-11-11T14:22:48.647+0000] {dagbag.py:537} INFO - Filling up the DagBag from /home/airflow/.local/lib/python3.7/site-packages/airflow/example_dags/example_xcom.py
[2022-11-11T14:22:48.686+0000] {processor.py:766} INFO - DAG(s) dict_keys(['example_xcom']) retrieved from /home/airflow/.local/lib/python3.7/site-packages/airflow/example_dags/example_xcom.py
[2022-11-11T14:22:48.752+0000] {logging_mixin.py:120} INFO - [2022-11-11T14:22:48.752+0000] {dag.py:2585} INFO - Sync 1 DAGs
[2022-11-11T14:22:48.788+0000] {logging_mixin.py:120} INFO - [2022-11-11T14:22:48.788+0000] {dag.py:3340} INFO - Setting next_dagrun for example_xcom to 2021-01-01T00:00:00+00:00, run_after=2021-01-01T00:00:00+00:00
[2022-11-11T14:22:49.206+0000] {processor.py:176} INFO - Processing /home/airflow/.local/lib/python3.7/site-packages/airflow/example_dags/example_xcom.py took 0.567 seconds
[2022-11-11T14:23:20.049+0000] {processor.py:154} INFO - Started process (PID=132) to work on /home/airflow/.local/lib/python3.7/site-packages/airflow/example_dags/example_xcom.py
[2022-11-11T14:23:20.139+0000] {processor.py:756} INFO - Processing file /home/airflow/.local/lib/python3.7/site-packages/airflow/example_dags/example_xcom.py for tasks to queue
[2022-11-11T14:23:20.140+0000] {logging_mixin.py:120} INFO - [2022-11-11T14:23:20.140+0000] {dagbag.py:537} INFO - Filling up the DagBag from /home/airflow/.local/lib/python3.7/site-packages/airflow/example_dags/example_xcom.py
[2022-11-11T14:23:20.175+0000] {processor.py:766} INFO - DAG(s) dict_keys(['example_xcom']) retrieved from /home/airflow/.local/lib/python3.7/site-packages/airflow/example_dags/example_xcom.py
[2022-11-11T14:23:20.242+0000] {logging_mixin.py:120} INFO - [2022-11-11T14:23:20.242+0000] {dag.py:2585} INFO - Sync 1 DAGs
[2022-11-11T14:23:20.277+0000] {logging_mixin.py:120} INFO - [2022-11-11T14:23:20.277+0000] {dag.py:3340} INFO - Setting next_dagrun for example_xcom to 2021-01-01T00:00:00+00:00, run_after=2021-01-01T00:00:00+00:00
[2022-11-11T14:23:20.304+0000] {processor.py:176} INFO - Processing /home/airflow/.local/lib/python3.7/site-packages/airflow/example_dags/example_xcom.py took 0.261 seconds
[2022-11-11T14:24:41.938+0000] {processor.py:154} INFO - Started process (PID=77) to work on /home/airflow/.local/lib/python3.7/site-packages/airflow/example_dags/example_xcom.py
[2022-11-11T14:24:41.939+0000] {processor.py:756} INFO - Processing file /home/airflow/.local/lib/python3.7/site-packages/airflow/example_dags/example_xcom.py for tasks to queue
[2022-11-11T14:24:41.940+0000] {logging_mixin.py:120} INFO - [2022-11-11T14:24:41.940+0000] {dagbag.py:537} INFO - Filling up the DagBag from /home/airflow/.local/lib/python3.7/site-packages/airflow/example_dags/example_xcom.py
[2022-11-11T14:24:41.974+0000] {processor.py:766} INFO - DAG(s) dict_keys(['example_xcom']) retrieved from /home/airflow/.local/lib/python3.7/site-packages/airflow/example_dags/example_xcom.py
[2022-11-11T14:24:42.033+0000] {logging_mixin.py:120} INFO - [2022-11-11T14:24:42.033+0000] {dag.py:2585} INFO - Sync 1 DAGs
[2022-11-11T14:24:42.066+0000] {logging_mixin.py:120} INFO - [2022-11-11T14:24:42.066+0000] {dag.py:3340} INFO - Setting next_dagrun for example_xcom to 2021-01-01T00:00:00+00:00, run_after=2021-01-01T00:00:00+00:00
[2022-11-11T14:24:42.089+0000] {processor.py:176} INFO - Processing /home/airflow/.local/lib/python3.7/site-packages/airflow/example_dags/example_xcom.py took 0.157 seconds
[2022-11-11T14:27:17.744+0000] {processor.py:154} INFO - Started process (PID=77) to work on /home/airflow/.local/lib/python3.7/site-packages/airflow/example_dags/example_xcom.py
[2022-11-11T14:27:17.746+0000] {processor.py:756} INFO - Processing file /home/airflow/.local/lib/python3.7/site-packages/airflow/example_dags/example_xcom.py for tasks to queue
[2022-11-11T14:27:17.747+0000] {logging_mixin.py:120} INFO - [2022-11-11T14:27:17.747+0000] {dagbag.py:537} INFO - Filling up the DagBag from /home/airflow/.local/lib/python3.7/site-packages/airflow/example_dags/example_xcom.py
[2022-11-11T14:27:17.782+0000] {processor.py:766} INFO - DAG(s) dict_keys(['example_xcom']) retrieved from /home/airflow/.local/lib/python3.7/site-packages/airflow/example_dags/example_xcom.py
[2022-11-11T14:27:17.853+0000] {logging_mixin.py:120} INFO - [2022-11-11T14:27:17.853+0000] {dag.py:2585} INFO - Sync 1 DAGs
[2022-11-11T14:27:17.893+0000] {logging_mixin.py:120} INFO - [2022-11-11T14:27:17.893+0000] {dag.py:3340} INFO - Setting next_dagrun for example_xcom to 2021-01-01T00:00:00+00:00, run_after=2021-01-01T00:00:00+00:00
[2022-11-11T14:27:17.920+0000] {processor.py:176} INFO - Processing /home/airflow/.local/lib/python3.7/site-packages/airflow/example_dags/example_xcom.py took 0.181 seconds
[2022-11-11T14:27:53.558+0000] {processor.py:154} INFO - Started process (PID=134) to work on /home/airflow/.local/lib/python3.7/site-packages/airflow/example_dags/example_xcom.py
[2022-11-11T14:27:53.560+0000] {processor.py:756} INFO - Processing file /home/airflow/.local/lib/python3.7/site-packages/airflow/example_dags/example_xcom.py for tasks to queue
[2022-11-11T14:27:53.561+0000] {logging_mixin.py:120} INFO - [2022-11-11T14:27:53.560+0000] {dagbag.py:537} INFO - Filling up the DagBag from /home/airflow/.local/lib/python3.7/site-packages/airflow/example_dags/example_xcom.py
[2022-11-11T14:27:53.592+0000] {processor.py:766} INFO - DAG(s) dict_keys(['example_xcom']) retrieved from /home/airflow/.local/lib/python3.7/site-packages/airflow/example_dags/example_xcom.py
[2022-11-11T14:27:53.652+0000] {logging_mixin.py:120} INFO - [2022-11-11T14:27:53.652+0000] {dag.py:2585} INFO - Sync 1 DAGs
[2022-11-11T14:27:53.687+0000] {logging_mixin.py:120} INFO - [2022-11-11T14:27:53.687+0000] {dag.py:3340} INFO - Setting next_dagrun for example_xcom to 2021-01-01T00:00:00+00:00, run_after=2021-01-01T00:00:00+00:00
[2022-11-11T14:27:54.182+0000] {processor.py:176} INFO - Processing /home/airflow/.local/lib/python3.7/site-packages/airflow/example_dags/example_xcom.py took 0.629 seconds
[2022-11-11T14:28:24.408+0000] {processor.py:154} INFO - Started process (PID=193) to work on /home/airflow/.local/lib/python3.7/site-packages/airflow/example_dags/example_xcom.py
[2022-11-11T14:28:24.409+0000] {processor.py:756} INFO - Processing file /home/airflow/.local/lib/python3.7/site-packages/airflow/example_dags/example_xcom.py for tasks to queue
[2022-11-11T14:28:24.410+0000] {logging_mixin.py:120} INFO - [2022-11-11T14:28:24.410+0000] {dagbag.py:537} INFO - Filling up the DagBag from /home/airflow/.local/lib/python3.7/site-packages/airflow/example_dags/example_xcom.py
[2022-11-11T14:28:24.443+0000] {processor.py:766} INFO - DAG(s) dict_keys(['example_xcom']) retrieved from /home/airflow/.local/lib/python3.7/site-packages/airflow/example_dags/example_xcom.py
[2022-11-11T14:28:24.505+0000] {logging_mixin.py:120} INFO - [2022-11-11T14:28:24.505+0000] {dag.py:2585} INFO - Sync 1 DAGs
[2022-11-11T14:28:24.542+0000] {logging_mixin.py:120} INFO - [2022-11-11T14:28:24.542+0000] {dag.py:3340} INFO - Setting next_dagrun for example_xcom to 2021-01-01T00:00:00+00:00, run_after=2021-01-01T00:00:00+00:00
[2022-11-11T14:28:24.566+0000] {processor.py:176} INFO - Processing /home/airflow/.local/lib/python3.7/site-packages/airflow/example_dags/example_xcom.py took 0.164 seconds
[2022-11-11T14:28:55.178+0000] {processor.py:154} INFO - Started process (PID=252) to work on /home/airflow/.local/lib/python3.7/site-packages/airflow/example_dags/example_xcom.py
[2022-11-11T14:28:55.179+0000] {processor.py:756} INFO - Processing file /home/airflow/.local/lib/python3.7/site-packages/airflow/example_dags/example_xcom.py for tasks to queue
[2022-11-11T14:28:55.180+0000] {logging_mixin.py:120} INFO - [2022-11-11T14:28:55.179+0000] {dagbag.py:537} INFO - Filling up the DagBag from /home/airflow/.local/lib/python3.7/site-packages/airflow/example_dags/example_xcom.py
[2022-11-11T14:28:55.212+0000] {processor.py:766} INFO - DAG(s) dict_keys(['example_xcom']) retrieved from /home/airflow/.local/lib/python3.7/site-packages/airflow/example_dags/example_xcom.py
[2022-11-11T14:28:55.266+0000] {logging_mixin.py:120} INFO - [2022-11-11T14:28:55.266+0000] {dag.py:2585} INFO - Sync 1 DAGs
[2022-11-11T14:28:55.300+0000] {logging_mixin.py:120} INFO - [2022-11-11T14:28:55.299+0000] {dag.py:3340} INFO - Setting next_dagrun for example_xcom to 2021-01-01T00:00:00+00:00, run_after=2021-01-01T00:00:00+00:00
[2022-11-11T14:28:55.324+0000] {processor.py:176} INFO - Processing /home/airflow/.local/lib/python3.7/site-packages/airflow/example_dags/example_xcom.py took 0.152 seconds
[2022-11-11T14:29:26.023+0000] {processor.py:154} INFO - Started process (PID=309) to work on /home/airflow/.local/lib/python3.7/site-packages/airflow/example_dags/example_xcom.py
[2022-11-11T14:29:26.025+0000] {processor.py:756} INFO - Processing file /home/airflow/.local/lib/python3.7/site-packages/airflow/example_dags/example_xcom.py for tasks to queue
[2022-11-11T14:29:26.026+0000] {logging_mixin.py:120} INFO - [2022-11-11T14:29:26.025+0000] {dagbag.py:537} INFO - Filling up the DagBag from /home/airflow/.local/lib/python3.7/site-packages/airflow/example_dags/example_xcom.py
[2022-11-11T14:29:26.060+0000] {processor.py:766} INFO - DAG(s) dict_keys(['example_xcom']) retrieved from /home/airflow/.local/lib/python3.7/site-packages/airflow/example_dags/example_xcom.py
[2022-11-11T14:29:26.123+0000] {logging_mixin.py:120} INFO - [2022-11-11T14:29:26.123+0000] {dag.py:2585} INFO - Sync 1 DAGs
[2022-11-11T14:29:26.158+0000] {logging_mixin.py:120} INFO - [2022-11-11T14:29:26.158+0000] {dag.py:3340} INFO - Setting next_dagrun for example_xcom to 2021-01-01T00:00:00+00:00, run_after=2021-01-01T00:00:00+00:00
[2022-11-11T14:29:26.184+0000] {processor.py:176} INFO - Processing /home/airflow/.local/lib/python3.7/site-packages/airflow/example_dags/example_xcom.py took 0.166 seconds
[2022-11-11T14:29:56.669+0000] {processor.py:154} INFO - Started process (PID=366) to work on /home/airflow/.local/lib/python3.7/site-packages/airflow/example_dags/example_xcom.py
[2022-11-11T14:29:56.670+0000] {processor.py:756} INFO - Processing file /home/airflow/.local/lib/python3.7/site-packages/airflow/example_dags/example_xcom.py for tasks to queue
[2022-11-11T14:29:56.671+0000] {logging_mixin.py:120} INFO - [2022-11-11T14:29:56.671+0000] {dagbag.py:537} INFO - Filling up the DagBag from /home/airflow/.local/lib/python3.7/site-packages/airflow/example_dags/example_xcom.py
[2022-11-11T14:29:56.705+0000] {processor.py:766} INFO - DAG(s) dict_keys(['example_xcom']) retrieved from /home/airflow/.local/lib/python3.7/site-packages/airflow/example_dags/example_xcom.py
[2022-11-11T14:29:56.765+0000] {logging_mixin.py:120} INFO - [2022-11-11T14:29:56.765+0000] {dag.py:2585} INFO - Sync 1 DAGs
[2022-11-11T14:29:56.800+0000] {logging_mixin.py:120} INFO - [2022-11-11T14:29:56.799+0000] {dag.py:3340} INFO - Setting next_dagrun for example_xcom to 2021-01-01T00:00:00+00:00, run_after=2021-01-01T00:00:00+00:00
[2022-11-11T14:29:56.824+0000] {processor.py:176} INFO - Processing /home/airflow/.local/lib/python3.7/site-packages/airflow/example_dags/example_xcom.py took 0.160 seconds
[2022-11-11T14:30:27.239+0000] {processor.py:154} INFO - Started process (PID=423) to work on /home/airflow/.local/lib/python3.7/site-packages/airflow/example_dags/example_xcom.py
[2022-11-11T14:30:27.241+0000] {processor.py:756} INFO - Processing file /home/airflow/.local/lib/python3.7/site-packages/airflow/example_dags/example_xcom.py for tasks to queue
[2022-11-11T14:30:27.242+0000] {logging_mixin.py:120} INFO - [2022-11-11T14:30:27.242+0000] {dagbag.py:537} INFO - Filling up the DagBag from /home/airflow/.local/lib/python3.7/site-packages/airflow/example_dags/example_xcom.py
[2022-11-11T14:30:27.281+0000] {processor.py:766} INFO - DAG(s) dict_keys(['example_xcom']) retrieved from /home/airflow/.local/lib/python3.7/site-packages/airflow/example_dags/example_xcom.py
[2022-11-11T14:30:27.341+0000] {logging_mixin.py:120} INFO - [2022-11-11T14:30:27.341+0000] {dag.py:2585} INFO - Sync 1 DAGs
[2022-11-11T14:30:27.377+0000] {logging_mixin.py:120} INFO - [2022-11-11T14:30:27.376+0000] {dag.py:3340} INFO - Setting next_dagrun for example_xcom to 2021-01-01T00:00:00+00:00, run_after=2021-01-01T00:00:00+00:00
[2022-11-11T14:30:27.401+0000] {processor.py:176} INFO - Processing /home/airflow/.local/lib/python3.7/site-packages/airflow/example_dags/example_xcom.py took 0.167 seconds
[2022-11-11T14:30:57.764+0000] {processor.py:154} INFO - Started process (PID=480) to work on /home/airflow/.local/lib/python3.7/site-packages/airflow/example_dags/example_xcom.py
[2022-11-11T14:30:57.765+0000] {processor.py:756} INFO - Processing file /home/airflow/.local/lib/python3.7/site-packages/airflow/example_dags/example_xcom.py for tasks to queue
[2022-11-11T14:30:57.766+0000] {logging_mixin.py:120} INFO - [2022-11-11T14:30:57.766+0000] {dagbag.py:537} INFO - Filling up the DagBag from /home/airflow/.local/lib/python3.7/site-packages/airflow/example_dags/example_xcom.py
[2022-11-11T14:30:57.798+0000] {processor.py:766} INFO - DAG(s) dict_keys(['example_xcom']) retrieved from /home/airflow/.local/lib/python3.7/site-packages/airflow/example_dags/example_xcom.py
[2022-11-11T14:30:57.855+0000] {logging_mixin.py:120} INFO - [2022-11-11T14:30:57.854+0000] {dag.py:2585} INFO - Sync 1 DAGs
[2022-11-11T14:30:57.890+0000] {logging_mixin.py:120} INFO - [2022-11-11T14:30:57.890+0000] {dag.py:3340} INFO - Setting next_dagrun for example_xcom to 2021-01-01T00:00:00+00:00, run_after=2021-01-01T00:00:00+00:00
[2022-11-11T14:30:57.914+0000] {processor.py:176} INFO - Processing /home/airflow/.local/lib/python3.7/site-packages/airflow/example_dags/example_xcom.py took 0.156 seconds
[2022-11-11T14:31:28.067+0000] {processor.py:154} INFO - Started process (PID=537) to work on /home/airflow/.local/lib/python3.7/site-packages/airflow/example_dags/example_xcom.py
[2022-11-11T14:31:28.068+0000] {processor.py:756} INFO - Processing file /home/airflow/.local/lib/python3.7/site-packages/airflow/example_dags/example_xcom.py for tasks to queue
[2022-11-11T14:31:28.069+0000] {logging_mixin.py:120} INFO - [2022-11-11T14:31:28.069+0000] {dagbag.py:537} INFO - Filling up the DagBag from /home/airflow/.local/lib/python3.7/site-packages/airflow/example_dags/example_xcom.py
[2022-11-11T14:31:28.101+0000] {processor.py:766} INFO - DAG(s) dict_keys(['example_xcom']) retrieved from /home/airflow/.local/lib/python3.7/site-packages/airflow/example_dags/example_xcom.py
[2022-11-11T14:31:28.158+0000] {logging_mixin.py:120} INFO - [2022-11-11T14:31:28.158+0000] {dag.py:2585} INFO - Sync 1 DAGs
[2022-11-11T14:31:28.192+0000] {logging_mixin.py:120} INFO - [2022-11-11T14:31:28.192+0000] {dag.py:3340} INFO - Setting next_dagrun for example_xcom to 2021-01-01T00:00:00+00:00, run_after=2021-01-01T00:00:00+00:00
[2022-11-11T14:31:28.218+0000] {processor.py:176} INFO - Processing /home/airflow/.local/lib/python3.7/site-packages/airflow/example_dags/example_xcom.py took 0.156 seconds
[2022-11-11T14:31:58.488+0000] {processor.py:154} INFO - Started process (PID=594) to work on /home/airflow/.local/lib/python3.7/site-packages/airflow/example_dags/example_xcom.py
[2022-11-11T14:31:58.489+0000] {processor.py:756} INFO - Processing file /home/airflow/.local/lib/python3.7/site-packages/airflow/example_dags/example_xcom.py for tasks to queue
[2022-11-11T14:31:58.490+0000] {logging_mixin.py:120} INFO - [2022-11-11T14:31:58.490+0000] {dagbag.py:537} INFO - Filling up the DagBag from /home/airflow/.local/lib/python3.7/site-packages/airflow/example_dags/example_xcom.py
[2022-11-11T14:31:58.521+0000] {processor.py:766} INFO - DAG(s) dict_keys(['example_xcom']) retrieved from /home/airflow/.local/lib/python3.7/site-packages/airflow/example_dags/example_xcom.py
[2022-11-11T14:31:58.577+0000] {logging_mixin.py:120} INFO - [2022-11-11T14:31:58.577+0000] {dag.py:2585} INFO - Sync 1 DAGs
[2022-11-11T14:31:58.614+0000] {logging_mixin.py:120} INFO - [2022-11-11T14:31:58.614+0000] {dag.py:3340} INFO - Setting next_dagrun for example_xcom to 2021-01-01T00:00:00+00:00, run_after=2021-01-01T00:00:00+00:00
[2022-11-11T14:31:58.642+0000] {processor.py:176} INFO - Processing /home/airflow/.local/lib/python3.7/site-packages/airflow/example_dags/example_xcom.py took 0.159 seconds
[2022-11-11T14:32:29.179+0000] {processor.py:154} INFO - Started process (PID=651) to work on /home/airflow/.local/lib/python3.7/site-packages/airflow/example_dags/example_xcom.py
[2022-11-11T14:32:29.181+0000] {processor.py:756} INFO - Processing file /home/airflow/.local/lib/python3.7/site-packages/airflow/example_dags/example_xcom.py for tasks to queue
[2022-11-11T14:32:29.182+0000] {logging_mixin.py:120} INFO - [2022-11-11T14:32:29.182+0000] {dagbag.py:537} INFO - Filling up the DagBag from /home/airflow/.local/lib/python3.7/site-packages/airflow/example_dags/example_xcom.py
[2022-11-11T14:32:29.231+0000] {processor.py:766} INFO - DAG(s) dict_keys(['example_xcom']) retrieved from /home/airflow/.local/lib/python3.7/site-packages/airflow/example_dags/example_xcom.py
[2022-11-11T14:32:29.295+0000] {logging_mixin.py:120} INFO - [2022-11-11T14:32:29.295+0000] {dag.py:2585} INFO - Sync 1 DAGs
[2022-11-11T14:32:29.330+0000] {logging_mixin.py:120} INFO - [2022-11-11T14:32:29.330+0000] {dag.py:3340} INFO - Setting next_dagrun for example_xcom to 2021-01-01T00:00:00+00:00, run_after=2021-01-01T00:00:00+00:00
[2022-11-11T14:32:29.354+0000] {processor.py:176} INFO - Processing /home/airflow/.local/lib/python3.7/site-packages/airflow/example_dags/example_xcom.py took 0.183 seconds
[2022-11-11T14:32:59.733+0000] {processor.py:154} INFO - Started process (PID=715) to work on /home/airflow/.local/lib/python3.7/site-packages/airflow/example_dags/example_xcom.py
[2022-11-11T14:32:59.734+0000] {processor.py:756} INFO - Processing file /home/airflow/.local/lib/python3.7/site-packages/airflow/example_dags/example_xcom.py for tasks to queue
[2022-11-11T14:32:59.735+0000] {logging_mixin.py:120} INFO - [2022-11-11T14:32:59.735+0000] {dagbag.py:537} INFO - Filling up the DagBag from /home/airflow/.local/lib/python3.7/site-packages/airflow/example_dags/example_xcom.py
[2022-11-11T14:32:59.768+0000] {processor.py:766} INFO - DAG(s) dict_keys(['example_xcom']) retrieved from /home/airflow/.local/lib/python3.7/site-packages/airflow/example_dags/example_xcom.py
[2022-11-11T14:32:59.828+0000] {logging_mixin.py:120} INFO - [2022-11-11T14:32:59.828+0000] {dag.py:2585} INFO - Sync 1 DAGs
[2022-11-11T14:32:59.865+0000] {logging_mixin.py:120} INFO - [2022-11-11T14:32:59.865+0000] {dag.py:3340} INFO - Setting next_dagrun for example_xcom to 2021-01-01T00:00:00+00:00, run_after=2021-01-01T00:00:00+00:00
[2022-11-11T14:32:59.889+0000] {processor.py:176} INFO - Processing /home/airflow/.local/lib/python3.7/site-packages/airflow/example_dags/example_xcom.py took 0.162 seconds
[2022-11-11T14:33:30.224+0000] {processor.py:154} INFO - Started process (PID=772) to work on /home/airflow/.local/lib/python3.7/site-packages/airflow/example_dags/example_xcom.py
[2022-11-11T14:33:30.226+0000] {processor.py:756} INFO - Processing file /home/airflow/.local/lib/python3.7/site-packages/airflow/example_dags/example_xcom.py for tasks to queue
[2022-11-11T14:33:30.227+0000] {logging_mixin.py:120} INFO - [2022-11-11T14:33:30.227+0000] {dagbag.py:537} INFO - Filling up the DagBag from /home/airflow/.local/lib/python3.7/site-packages/airflow/example_dags/example_xcom.py
[2022-11-11T14:33:30.263+0000] {processor.py:766} INFO - DAG(s) dict_keys(['example_xcom']) retrieved from /home/airflow/.local/lib/python3.7/site-packages/airflow/example_dags/example_xcom.py
[2022-11-11T14:33:30.323+0000] {logging_mixin.py:120} INFO - [2022-11-11T14:33:30.323+0000] {dag.py:2585} INFO - Sync 1 DAGs
[2022-11-11T14:33:30.368+0000] {logging_mixin.py:120} INFO - [2022-11-11T14:33:30.368+0000] {dag.py:3340} INFO - Setting next_dagrun for example_xcom to 2021-01-01T00:00:00+00:00, run_after=2021-01-01T00:00:00+00:00
[2022-11-11T14:33:30.394+0000] {processor.py:176} INFO - Processing /home/airflow/.local/lib/python3.7/site-packages/airflow/example_dags/example_xcom.py took 0.177 seconds
[2022-11-11T14:34:00.894+0000] {processor.py:154} INFO - Started process (PID=828) to work on /home/airflow/.local/lib/python3.7/site-packages/airflow/example_dags/example_xcom.py
[2022-11-11T14:34:00.895+0000] {processor.py:756} INFO - Processing file /home/airflow/.local/lib/python3.7/site-packages/airflow/example_dags/example_xcom.py for tasks to queue
[2022-11-11T14:34:00.896+0000] {logging_mixin.py:120} INFO - [2022-11-11T14:34:00.895+0000] {dagbag.py:537} INFO - Filling up the DagBag from /home/airflow/.local/lib/python3.7/site-packages/airflow/example_dags/example_xcom.py
[2022-11-11T14:34:00.926+0000] {processor.py:766} INFO - DAG(s) dict_keys(['example_xcom']) retrieved from /home/airflow/.local/lib/python3.7/site-packages/airflow/example_dags/example_xcom.py
[2022-11-11T14:34:00.981+0000] {logging_mixin.py:120} INFO - [2022-11-11T14:34:00.981+0000] {dag.py:2585} INFO - Sync 1 DAGs
[2022-11-11T14:34:01.014+0000] {logging_mixin.py:120} INFO - [2022-11-11T14:34:01.014+0000] {dag.py:3340} INFO - Setting next_dagrun for example_xcom to 2021-01-01T00:00:00+00:00, run_after=2021-01-01T00:00:00+00:00
[2022-11-11T14:34:01.037+0000] {processor.py:176} INFO - Processing /home/airflow/.local/lib/python3.7/site-packages/airflow/example_dags/example_xcom.py took 0.149 seconds
[2022-11-11T14:34:31.322+0000] {processor.py:154} INFO - Started process (PID=885) to work on /home/airflow/.local/lib/python3.7/site-packages/airflow/example_dags/example_xcom.py
[2022-11-11T14:34:31.323+0000] {processor.py:756} INFO - Processing file /home/airflow/.local/lib/python3.7/site-packages/airflow/example_dags/example_xcom.py for tasks to queue
[2022-11-11T14:34:31.325+0000] {logging_mixin.py:120} INFO - [2022-11-11T14:34:31.324+0000] {dagbag.py:537} INFO - Filling up the DagBag from /home/airflow/.local/lib/python3.7/site-packages/airflow/example_dags/example_xcom.py
[2022-11-11T14:34:31.356+0000] {processor.py:766} INFO - DAG(s) dict_keys(['example_xcom']) retrieved from /home/airflow/.local/lib/python3.7/site-packages/airflow/example_dags/example_xcom.py
[2022-11-11T14:34:31.413+0000] {logging_mixin.py:120} INFO - [2022-11-11T14:34:31.413+0000] {dag.py:2585} INFO - Sync 1 DAGs
[2022-11-11T14:34:31.446+0000] {logging_mixin.py:120} INFO - [2022-11-11T14:34:31.446+0000] {dag.py:3340} INFO - Setting next_dagrun for example_xcom to 2021-01-01T00:00:00+00:00, run_after=2021-01-01T00:00:00+00:00
[2022-11-11T14:34:31.471+0000] {processor.py:176} INFO - Processing /home/airflow/.local/lib/python3.7/site-packages/airflow/example_dags/example_xcom.py took 0.154 seconds
[2022-11-11T14:35:01.953+0000] {processor.py:154} INFO - Started process (PID=943) to work on /home/airflow/.local/lib/python3.7/site-packages/airflow/example_dags/example_xcom.py
[2022-11-11T14:35:01.955+0000] {processor.py:756} INFO - Processing file /home/airflow/.local/lib/python3.7/site-packages/airflow/example_dags/example_xcom.py for tasks to queue
[2022-11-11T14:35:01.956+0000] {logging_mixin.py:120} INFO - [2022-11-11T14:35:01.955+0000] {dagbag.py:537} INFO - Filling up the DagBag from /home/airflow/.local/lib/python3.7/site-packages/airflow/example_dags/example_xcom.py
[2022-11-11T14:35:01.989+0000] {processor.py:766} INFO - DAG(s) dict_keys(['example_xcom']) retrieved from /home/airflow/.local/lib/python3.7/site-packages/airflow/example_dags/example_xcom.py
[2022-11-11T14:35:02.047+0000] {logging_mixin.py:120} INFO - [2022-11-11T14:35:02.047+0000] {dag.py:2585} INFO - Sync 1 DAGs
[2022-11-11T14:35:02.083+0000] {logging_mixin.py:120} INFO - [2022-11-11T14:35:02.083+0000] {dag.py:3340} INFO - Setting next_dagrun for example_xcom to 2021-01-01T00:00:00+00:00, run_after=2021-01-01T00:00:00+00:00
[2022-11-11T14:35:02.106+0000] {processor.py:176} INFO - Processing /home/airflow/.local/lib/python3.7/site-packages/airflow/example_dags/example_xcom.py took 0.158 seconds
[2022-11-11T14:35:32.418+0000] {processor.py:154} INFO - Started process (PID=1001) to work on /home/airflow/.local/lib/python3.7/site-packages/airflow/example_dags/example_xcom.py
[2022-11-11T14:35:32.419+0000] {processor.py:756} INFO - Processing file /home/airflow/.local/lib/python3.7/site-packages/airflow/example_dags/example_xcom.py for tasks to queue
[2022-11-11T14:35:32.420+0000] {logging_mixin.py:120} INFO - [2022-11-11T14:35:32.420+0000] {dagbag.py:537} INFO - Filling up the DagBag from /home/airflow/.local/lib/python3.7/site-packages/airflow/example_dags/example_xcom.py
[2022-11-11T14:35:32.453+0000] {processor.py:766} INFO - DAG(s) dict_keys(['example_xcom']) retrieved from /home/airflow/.local/lib/python3.7/site-packages/airflow/example_dags/example_xcom.py
[2022-11-11T14:35:32.515+0000] {logging_mixin.py:120} INFO - [2022-11-11T14:35:32.515+0000] {dag.py:2585} INFO - Sync 1 DAGs
[2022-11-11T14:35:32.550+0000] {logging_mixin.py:120} INFO - [2022-11-11T14:35:32.550+0000] {dag.py:3340} INFO - Setting next_dagrun for example_xcom to 2021-01-01T00:00:00+00:00, run_after=2021-01-01T00:00:00+00:00
[2022-11-11T14:35:32.578+0000] {processor.py:176} INFO - Processing /home/airflow/.local/lib/python3.7/site-packages/airflow/example_dags/example_xcom.py took 0.166 seconds
[2022-11-11T14:36:02.878+0000] {processor.py:154} INFO - Started process (PID=1058) to work on /home/airflow/.local/lib/python3.7/site-packages/airflow/example_dags/example_xcom.py
[2022-11-11T14:36:02.880+0000] {processor.py:756} INFO - Processing file /home/airflow/.local/lib/python3.7/site-packages/airflow/example_dags/example_xcom.py for tasks to queue
[2022-11-11T14:36:02.880+0000] {logging_mixin.py:120} INFO - [2022-11-11T14:36:02.880+0000] {dagbag.py:537} INFO - Filling up the DagBag from /home/airflow/.local/lib/python3.7/site-packages/airflow/example_dags/example_xcom.py
[2022-11-11T14:36:02.912+0000] {processor.py:766} INFO - DAG(s) dict_keys(['example_xcom']) retrieved from /home/airflow/.local/lib/python3.7/site-packages/airflow/example_dags/example_xcom.py
[2022-11-11T14:36:02.966+0000] {logging_mixin.py:120} INFO - [2022-11-11T14:36:02.966+0000] {dag.py:2585} INFO - Sync 1 DAGs
[2022-11-11T14:36:02.999+0000] {logging_mixin.py:120} INFO - [2022-11-11T14:36:02.998+0000] {dag.py:3340} INFO - Setting next_dagrun for example_xcom to 2021-01-01T00:00:00+00:00, run_after=2021-01-01T00:00:00+00:00
[2022-11-11T14:36:03.024+0000] {processor.py:176} INFO - Processing /home/airflow/.local/lib/python3.7/site-packages/airflow/example_dags/example_xcom.py took 0.151 seconds
[2022-11-11T14:36:33.444+0000] {processor.py:154} INFO - Started process (PID=1115) to work on /home/airflow/.local/lib/python3.7/site-packages/airflow/example_dags/example_xcom.py
[2022-11-11T14:36:33.445+0000] {processor.py:756} INFO - Processing file /home/airflow/.local/lib/python3.7/site-packages/airflow/example_dags/example_xcom.py for tasks to queue
[2022-11-11T14:36:33.446+0000] {logging_mixin.py:120} INFO - [2022-11-11T14:36:33.446+0000] {dagbag.py:537} INFO - Filling up the DagBag from /home/airflow/.local/lib/python3.7/site-packages/airflow/example_dags/example_xcom.py
[2022-11-11T14:36:33.478+0000] {processor.py:766} INFO - DAG(s) dict_keys(['example_xcom']) retrieved from /home/airflow/.local/lib/python3.7/site-packages/airflow/example_dags/example_xcom.py
[2022-11-11T14:36:33.532+0000] {logging_mixin.py:120} INFO - [2022-11-11T14:36:33.532+0000] {dag.py:2585} INFO - Sync 1 DAGs
[2022-11-11T14:36:33.565+0000] {logging_mixin.py:120} INFO - [2022-11-11T14:36:33.565+0000] {dag.py:3340} INFO - Setting next_dagrun for example_xcom to 2021-01-01T00:00:00+00:00, run_after=2021-01-01T00:00:00+00:00
[2022-11-11T14:36:33.589+0000] {processor.py:176} INFO - Processing /home/airflow/.local/lib/python3.7/site-packages/airflow/example_dags/example_xcom.py took 0.150 seconds
[2022-11-11T14:37:04.018+0000] {processor.py:154} INFO - Started process (PID=1173) to work on /home/airflow/.local/lib/python3.7/site-packages/airflow/example_dags/example_xcom.py
[2022-11-11T14:37:04.020+0000] {processor.py:756} INFO - Processing file /home/airflow/.local/lib/python3.7/site-packages/airflow/example_dags/example_xcom.py for tasks to queue
[2022-11-11T14:37:04.021+0000] {logging_mixin.py:120} INFO - [2022-11-11T14:37:04.021+0000] {dagbag.py:537} INFO - Filling up the DagBag from /home/airflow/.local/lib/python3.7/site-packages/airflow/example_dags/example_xcom.py
[2022-11-11T14:37:04.059+0000] {processor.py:766} INFO - DAG(s) dict_keys(['example_xcom']) retrieved from /home/airflow/.local/lib/python3.7/site-packages/airflow/example_dags/example_xcom.py
[2022-11-11T14:37:04.122+0000] {logging_mixin.py:120} INFO - [2022-11-11T14:37:04.122+0000] {dag.py:2585} INFO - Sync 1 DAGs
[2022-11-11T14:37:04.157+0000] {logging_mixin.py:120} INFO - [2022-11-11T14:37:04.157+0000] {dag.py:3340} INFO - Setting next_dagrun for example_xcom to 2021-01-01T00:00:00+00:00, run_after=2021-01-01T00:00:00+00:00
[2022-11-11T14:37:04.180+0000] {processor.py:176} INFO - Processing /home/airflow/.local/lib/python3.7/site-packages/airflow/example_dags/example_xcom.py took 0.167 seconds
[2022-11-11T14:37:34.520+0000] {processor.py:154} INFO - Started process (PID=1230) to work on /home/airflow/.local/lib/python3.7/site-packages/airflow/example_dags/example_xcom.py
[2022-11-11T14:37:34.521+0000] {processor.py:756} INFO - Processing file /home/airflow/.local/lib/python3.7/site-packages/airflow/example_dags/example_xcom.py for tasks to queue
[2022-11-11T14:37:34.522+0000] {logging_mixin.py:120} INFO - [2022-11-11T14:37:34.522+0000] {dagbag.py:537} INFO - Filling up the DagBag from /home/airflow/.local/lib/python3.7/site-packages/airflow/example_dags/example_xcom.py
[2022-11-11T14:37:34.555+0000] {processor.py:766} INFO - DAG(s) dict_keys(['example_xcom']) retrieved from /home/airflow/.local/lib/python3.7/site-packages/airflow/example_dags/example_xcom.py
[2022-11-11T14:37:34.618+0000] {logging_mixin.py:120} INFO - [2022-11-11T14:37:34.618+0000] {dag.py:2585} INFO - Sync 1 DAGs
[2022-11-11T14:37:34.654+0000] {logging_mixin.py:120} INFO - [2022-11-11T14:37:34.654+0000] {dag.py:3340} INFO - Setting next_dagrun for example_xcom to 2021-01-01T00:00:00+00:00, run_after=2021-01-01T00:00:00+00:00
[2022-11-11T14:37:34.679+0000] {processor.py:176} INFO - Processing /home/airflow/.local/lib/python3.7/site-packages/airflow/example_dags/example_xcom.py took 0.164 seconds
[2022-11-11T14:38:05.145+0000] {processor.py:154} INFO - Started process (PID=1288) to work on /home/airflow/.local/lib/python3.7/site-packages/airflow/example_dags/example_xcom.py
[2022-11-11T14:38:05.146+0000] {processor.py:756} INFO - Processing file /home/airflow/.local/lib/python3.7/site-packages/airflow/example_dags/example_xcom.py for tasks to queue
[2022-11-11T14:38:05.147+0000] {logging_mixin.py:120} INFO - [2022-11-11T14:38:05.147+0000] {dagbag.py:537} INFO - Filling up the DagBag from /home/airflow/.local/lib/python3.7/site-packages/airflow/example_dags/example_xcom.py
[2022-11-11T14:38:05.178+0000] {processor.py:766} INFO - DAG(s) dict_keys(['example_xcom']) retrieved from /home/airflow/.local/lib/python3.7/site-packages/airflow/example_dags/example_xcom.py
[2022-11-11T14:38:05.232+0000] {logging_mixin.py:120} INFO - [2022-11-11T14:38:05.232+0000] {dag.py:2585} INFO - Sync 1 DAGs
[2022-11-11T14:38:05.264+0000] {logging_mixin.py:120} INFO - [2022-11-11T14:38:05.264+0000] {dag.py:3340} INFO - Setting next_dagrun for example_xcom to 2021-01-01T00:00:00+00:00, run_after=2021-01-01T00:00:00+00:00
[2022-11-11T14:38:05.287+0000] {processor.py:176} INFO - Processing /home/airflow/.local/lib/python3.7/site-packages/airflow/example_dags/example_xcom.py took 0.148 seconds
[2022-11-11T14:38:35.555+0000] {processor.py:154} INFO - Started process (PID=1345) to work on /home/airflow/.local/lib/python3.7/site-packages/airflow/example_dags/example_xcom.py
[2022-11-11T14:38:35.556+0000] {processor.py:756} INFO - Processing file /home/airflow/.local/lib/python3.7/site-packages/airflow/example_dags/example_xcom.py for tasks to queue
[2022-11-11T14:38:35.557+0000] {logging_mixin.py:120} INFO - [2022-11-11T14:38:35.557+0000] {dagbag.py:537} INFO - Filling up the DagBag from /home/airflow/.local/lib/python3.7/site-packages/airflow/example_dags/example_xcom.py
[2022-11-11T14:38:35.589+0000] {processor.py:766} INFO - DAG(s) dict_keys(['example_xcom']) retrieved from /home/airflow/.local/lib/python3.7/site-packages/airflow/example_dags/example_xcom.py
[2022-11-11T14:38:35.647+0000] {logging_mixin.py:120} INFO - [2022-11-11T14:38:35.647+0000] {dag.py:2585} INFO - Sync 1 DAGs
[2022-11-11T14:38:35.682+0000] {logging_mixin.py:120} INFO - [2022-11-11T14:38:35.682+0000] {dag.py:3340} INFO - Setting next_dagrun for example_xcom to 2021-01-01T00:00:00+00:00, run_after=2021-01-01T00:00:00+00:00
[2022-11-11T14:38:35.706+0000] {processor.py:176} INFO - Processing /home/airflow/.local/lib/python3.7/site-packages/airflow/example_dags/example_xcom.py took 0.157 seconds
[2022-11-11T14:39:06.224+0000] {processor.py:154} INFO - Started process (PID=1400) to work on /home/airflow/.local/lib/python3.7/site-packages/airflow/example_dags/example_xcom.py
[2022-11-11T14:39:06.226+0000] {processor.py:756} INFO - Processing file /home/airflow/.local/lib/python3.7/site-packages/airflow/example_dags/example_xcom.py for tasks to queue
[2022-11-11T14:39:06.226+0000] {logging_mixin.py:120} INFO - [2022-11-11T14:39:06.226+0000] {dagbag.py:537} INFO - Filling up the DagBag from /home/airflow/.local/lib/python3.7/site-packages/airflow/example_dags/example_xcom.py
[2022-11-11T14:39:06.260+0000] {processor.py:766} INFO - DAG(s) dict_keys(['example_xcom']) retrieved from /home/airflow/.local/lib/python3.7/site-packages/airflow/example_dags/example_xcom.py
[2022-11-11T14:39:06.317+0000] {logging_mixin.py:120} INFO - [2022-11-11T14:39:06.317+0000] {dag.py:2585} INFO - Sync 1 DAGs
[2022-11-11T14:39:06.357+0000] {logging_mixin.py:120} INFO - [2022-11-11T14:39:06.357+0000] {dag.py:3340} INFO - Setting next_dagrun for example_xcom to 2021-01-01T00:00:00+00:00, run_after=2021-01-01T00:00:00+00:00
[2022-11-11T14:39:06.384+0000] {processor.py:176} INFO - Processing /home/airflow/.local/lib/python3.7/site-packages/airflow/example_dags/example_xcom.py took 0.167 seconds
[2022-11-11T14:39:36.929+0000] {processor.py:154} INFO - Started process (PID=1458) to work on /home/airflow/.local/lib/python3.7/site-packages/airflow/example_dags/example_xcom.py
[2022-11-11T14:39:36.930+0000] {processor.py:756} INFO - Processing file /home/airflow/.local/lib/python3.7/site-packages/airflow/example_dags/example_xcom.py for tasks to queue
[2022-11-11T14:39:36.931+0000] {logging_mixin.py:120} INFO - [2022-11-11T14:39:36.930+0000] {dagbag.py:537} INFO - Filling up the DagBag from /home/airflow/.local/lib/python3.7/site-packages/airflow/example_dags/example_xcom.py
[2022-11-11T14:39:36.961+0000] {processor.py:766} INFO - DAG(s) dict_keys(['example_xcom']) retrieved from /home/airflow/.local/lib/python3.7/site-packages/airflow/example_dags/example_xcom.py
[2022-11-11T14:39:37.017+0000] {logging_mixin.py:120} INFO - [2022-11-11T14:39:37.017+0000] {dag.py:2585} INFO - Sync 1 DAGs
[2022-11-11T14:39:37.050+0000] {logging_mixin.py:120} INFO - [2022-11-11T14:39:37.050+0000] {dag.py:3340} INFO - Setting next_dagrun for example_xcom to 2021-01-01T00:00:00+00:00, run_after=2021-01-01T00:00:00+00:00
[2022-11-11T14:39:37.073+0000] {processor.py:176} INFO - Processing /home/airflow/.local/lib/python3.7/site-packages/airflow/example_dags/example_xcom.py took 0.151 seconds
[2022-11-11T14:40:07.594+0000] {processor.py:154} INFO - Started process (PID=1513) to work on /home/airflow/.local/lib/python3.7/site-packages/airflow/example_dags/example_xcom.py
[2022-11-11T14:40:07.595+0000] {processor.py:756} INFO - Processing file /home/airflow/.local/lib/python3.7/site-packages/airflow/example_dags/example_xcom.py for tasks to queue
[2022-11-11T14:40:07.596+0000] {logging_mixin.py:120} INFO - [2022-11-11T14:40:07.596+0000] {dagbag.py:537} INFO - Filling up the DagBag from /home/airflow/.local/lib/python3.7/site-packages/airflow/example_dags/example_xcom.py
[2022-11-11T14:40:07.627+0000] {processor.py:766} INFO - DAG(s) dict_keys(['example_xcom']) retrieved from /home/airflow/.local/lib/python3.7/site-packages/airflow/example_dags/example_xcom.py
[2022-11-11T14:40:07.684+0000] {logging_mixin.py:120} INFO - [2022-11-11T14:40:07.684+0000] {dag.py:2585} INFO - Sync 1 DAGs
[2022-11-11T14:40:07.717+0000] {logging_mixin.py:120} INFO - [2022-11-11T14:40:07.717+0000] {dag.py:3340} INFO - Setting next_dagrun for example_xcom to 2021-01-01T00:00:00+00:00, run_after=2021-01-01T00:00:00+00:00
[2022-11-11T14:40:07.742+0000] {processor.py:176} INFO - Processing /home/airflow/.local/lib/python3.7/site-packages/airflow/example_dags/example_xcom.py took 0.155 seconds
[2022-11-11T14:40:38.073+0000] {processor.py:154} INFO - Started process (PID=1569) to work on /home/airflow/.local/lib/python3.7/site-packages/airflow/example_dags/example_xcom.py
[2022-11-11T14:40:38.075+0000] {processor.py:756} INFO - Processing file /home/airflow/.local/lib/python3.7/site-packages/airflow/example_dags/example_xcom.py for tasks to queue
[2022-11-11T14:40:38.075+0000] {logging_mixin.py:120} INFO - [2022-11-11T14:40:38.075+0000] {dagbag.py:537} INFO - Filling up the DagBag from /home/airflow/.local/lib/python3.7/site-packages/airflow/example_dags/example_xcom.py
[2022-11-11T14:40:38.107+0000] {processor.py:766} INFO - DAG(s) dict_keys(['example_xcom']) retrieved from /home/airflow/.local/lib/python3.7/site-packages/airflow/example_dags/example_xcom.py
[2022-11-11T14:40:38.166+0000] {logging_mixin.py:120} INFO - [2022-11-11T14:40:38.166+0000] {dag.py:2585} INFO - Sync 1 DAGs
[2022-11-11T14:40:38.199+0000] {logging_mixin.py:120} INFO - [2022-11-11T14:40:38.199+0000] {dag.py:3340} INFO - Setting next_dagrun for example_xcom to 2021-01-01T00:00:00+00:00, run_after=2021-01-01T00:00:00+00:00
[2022-11-11T14:40:38.238+0000] {processor.py:176} INFO - Processing /home/airflow/.local/lib/python3.7/site-packages/airflow/example_dags/example_xcom.py took 0.171 seconds
[2022-11-11T14:41:08.634+0000] {processor.py:154} INFO - Started process (PID=1626) to work on /home/airflow/.local/lib/python3.7/site-packages/airflow/example_dags/example_xcom.py
[2022-11-11T14:41:08.635+0000] {processor.py:756} INFO - Processing file /home/airflow/.local/lib/python3.7/site-packages/airflow/example_dags/example_xcom.py for tasks to queue
[2022-11-11T14:41:08.636+0000] {logging_mixin.py:120} INFO - [2022-11-11T14:41:08.636+0000] {dagbag.py:537} INFO - Filling up the DagBag from /home/airflow/.local/lib/python3.7/site-packages/airflow/example_dags/example_xcom.py
[2022-11-11T14:41:08.669+0000] {processor.py:766} INFO - DAG(s) dict_keys(['example_xcom']) retrieved from /home/airflow/.local/lib/python3.7/site-packages/airflow/example_dags/example_xcom.py
[2022-11-11T14:41:08.726+0000] {logging_mixin.py:120} INFO - [2022-11-11T14:41:08.725+0000] {dag.py:2585} INFO - Sync 1 DAGs
[2022-11-11T14:41:08.760+0000] {logging_mixin.py:120} INFO - [2022-11-11T14:41:08.760+0000] {dag.py:3340} INFO - Setting next_dagrun for example_xcom to 2021-01-01T00:00:00+00:00, run_after=2021-01-01T00:00:00+00:00
[2022-11-11T14:41:08.785+0000] {processor.py:176} INFO - Processing /home/airflow/.local/lib/python3.7/site-packages/airflow/example_dags/example_xcom.py took 0.156 seconds
[2022-11-11T14:41:39.196+0000] {processor.py:154} INFO - Started process (PID=1684) to work on /home/airflow/.local/lib/python3.7/site-packages/airflow/example_dags/example_xcom.py
[2022-11-11T14:41:39.197+0000] {processor.py:756} INFO - Processing file /home/airflow/.local/lib/python3.7/site-packages/airflow/example_dags/example_xcom.py for tasks to queue
[2022-11-11T14:41:39.198+0000] {logging_mixin.py:120} INFO - [2022-11-11T14:41:39.198+0000] {dagbag.py:537} INFO - Filling up the DagBag from /home/airflow/.local/lib/python3.7/site-packages/airflow/example_dags/example_xcom.py
[2022-11-11T14:41:39.230+0000] {processor.py:766} INFO - DAG(s) dict_keys(['example_xcom']) retrieved from /home/airflow/.local/lib/python3.7/site-packages/airflow/example_dags/example_xcom.py
[2022-11-11T14:41:39.290+0000] {logging_mixin.py:120} INFO - [2022-11-11T14:41:39.290+0000] {dag.py:2585} INFO - Sync 1 DAGs
[2022-11-11T14:41:39.324+0000] {logging_mixin.py:120} INFO - [2022-11-11T14:41:39.324+0000] {dag.py:3340} INFO - Setting next_dagrun for example_xcom to 2021-01-01T00:00:00+00:00, run_after=2021-01-01T00:00:00+00:00
[2022-11-11T14:41:39.348+0000] {processor.py:176} INFO - Processing /home/airflow/.local/lib/python3.7/site-packages/airflow/example_dags/example_xcom.py took 0.157 seconds
[2022-11-11T14:42:09.578+0000] {processor.py:154} INFO - Started process (PID=1742) to work on /home/airflow/.local/lib/python3.7/site-packages/airflow/example_dags/example_xcom.py
[2022-11-11T14:42:09.581+0000] {processor.py:756} INFO - Processing file /home/airflow/.local/lib/python3.7/site-packages/airflow/example_dags/example_xcom.py for tasks to queue
[2022-11-11T14:42:09.582+0000] {logging_mixin.py:120} INFO - [2022-11-11T14:42:09.582+0000] {dagbag.py:537} INFO - Filling up the DagBag from /home/airflow/.local/lib/python3.7/site-packages/airflow/example_dags/example_xcom.py
[2022-11-11T14:42:09.615+0000] {processor.py:766} INFO - DAG(s) dict_keys(['example_xcom']) retrieved from /home/airflow/.local/lib/python3.7/site-packages/airflow/example_dags/example_xcom.py
[2022-11-11T14:42:09.677+0000] {logging_mixin.py:120} INFO - [2022-11-11T14:42:09.677+0000] {dag.py:2585} INFO - Sync 1 DAGs
[2022-11-11T14:42:09.712+0000] {logging_mixin.py:120} INFO - [2022-11-11T14:42:09.712+0000] {dag.py:3340} INFO - Setting next_dagrun for example_xcom to 2021-01-01T00:00:00+00:00, run_after=2021-01-01T00:00:00+00:00
[2022-11-11T14:42:09.738+0000] {processor.py:176} INFO - Processing /home/airflow/.local/lib/python3.7/site-packages/airflow/example_dags/example_xcom.py took 0.166 seconds
[2022-11-11T14:42:40.133+0000] {processor.py:154} INFO - Started process (PID=1800) to work on /home/airflow/.local/lib/python3.7/site-packages/airflow/example_dags/example_xcom.py
[2022-11-11T14:42:40.134+0000] {processor.py:756} INFO - Processing file /home/airflow/.local/lib/python3.7/site-packages/airflow/example_dags/example_xcom.py for tasks to queue
[2022-11-11T14:42:40.135+0000] {logging_mixin.py:120} INFO - [2022-11-11T14:42:40.135+0000] {dagbag.py:537} INFO - Filling up the DagBag from /home/airflow/.local/lib/python3.7/site-packages/airflow/example_dags/example_xcom.py
[2022-11-11T14:42:40.169+0000] {processor.py:766} INFO - DAG(s) dict_keys(['example_xcom']) retrieved from /home/airflow/.local/lib/python3.7/site-packages/airflow/example_dags/example_xcom.py
[2022-11-11T14:42:40.224+0000] {logging_mixin.py:120} INFO - [2022-11-11T14:42:40.224+0000] {dag.py:2585} INFO - Sync 1 DAGs
[2022-11-11T14:42:40.257+0000] {logging_mixin.py:120} INFO - [2022-11-11T14:42:40.257+0000] {dag.py:3340} INFO - Setting next_dagrun for example_xcom to 2021-01-01T00:00:00+00:00, run_after=2021-01-01T00:00:00+00:00
[2022-11-11T14:42:40.282+0000] {processor.py:176} INFO - Processing /home/airflow/.local/lib/python3.7/site-packages/airflow/example_dags/example_xcom.py took 0.155 seconds
[2022-11-11T14:43:10.738+0000] {processor.py:154} INFO - Started process (PID=1858) to work on /home/airflow/.local/lib/python3.7/site-packages/airflow/example_dags/example_xcom.py
[2022-11-11T14:43:10.739+0000] {processor.py:756} INFO - Processing file /home/airflow/.local/lib/python3.7/site-packages/airflow/example_dags/example_xcom.py for tasks to queue
[2022-11-11T14:43:10.740+0000] {logging_mixin.py:120} INFO - [2022-11-11T14:43:10.740+0000] {dagbag.py:537} INFO - Filling up the DagBag from /home/airflow/.local/lib/python3.7/site-packages/airflow/example_dags/example_xcom.py
[2022-11-11T14:43:10.775+0000] {processor.py:766} INFO - DAG(s) dict_keys(['example_xcom']) retrieved from /home/airflow/.local/lib/python3.7/site-packages/airflow/example_dags/example_xcom.py
[2022-11-11T14:43:10.834+0000] {logging_mixin.py:120} INFO - [2022-11-11T14:43:10.833+0000] {dag.py:2585} INFO - Sync 1 DAGs
[2022-11-11T14:43:10.867+0000] {logging_mixin.py:120} INFO - [2022-11-11T14:43:10.867+0000] {dag.py:3340} INFO - Setting next_dagrun for example_xcom to 2021-01-01T00:00:00+00:00, run_after=2021-01-01T00:00:00+00:00
[2022-11-11T14:43:10.890+0000] {processor.py:176} INFO - Processing /home/airflow/.local/lib/python3.7/site-packages/airflow/example_dags/example_xcom.py took 0.158 seconds
[2022-11-11T14:43:41.137+0000] {processor.py:154} INFO - Started process (PID=1915) to work on /home/airflow/.local/lib/python3.7/site-packages/airflow/example_dags/example_xcom.py
[2022-11-11T14:43:41.138+0000] {processor.py:756} INFO - Processing file /home/airflow/.local/lib/python3.7/site-packages/airflow/example_dags/example_xcom.py for tasks to queue
[2022-11-11T14:43:41.139+0000] {logging_mixin.py:120} INFO - [2022-11-11T14:43:41.139+0000] {dagbag.py:537} INFO - Filling up the DagBag from /home/airflow/.local/lib/python3.7/site-packages/airflow/example_dags/example_xcom.py
[2022-11-11T14:43:41.171+0000] {processor.py:766} INFO - DAG(s) dict_keys(['example_xcom']) retrieved from /home/airflow/.local/lib/python3.7/site-packages/airflow/example_dags/example_xcom.py
[2022-11-11T14:43:41.226+0000] {logging_mixin.py:120} INFO - [2022-11-11T14:43:41.226+0000] {dag.py:2585} INFO - Sync 1 DAGs
[2022-11-11T14:43:41.259+0000] {logging_mixin.py:120} INFO - [2022-11-11T14:43:41.258+0000] {dag.py:3340} INFO - Setting next_dagrun for example_xcom to 2021-01-01T00:00:00+00:00, run_after=2021-01-01T00:00:00+00:00
[2022-11-11T14:43:41.283+0000] {processor.py:176} INFO - Processing /home/airflow/.local/lib/python3.7/site-packages/airflow/example_dags/example_xcom.py took 0.151 seconds
[2022-11-11T14:44:11.583+0000] {processor.py:154} INFO - Started process (PID=1972) to work on /home/airflow/.local/lib/python3.7/site-packages/airflow/example_dags/example_xcom.py
[2022-11-11T14:44:11.584+0000] {processor.py:756} INFO - Processing file /home/airflow/.local/lib/python3.7/site-packages/airflow/example_dags/example_xcom.py for tasks to queue
[2022-11-11T14:44:11.585+0000] {logging_mixin.py:120} INFO - [2022-11-11T14:44:11.585+0000] {dagbag.py:537} INFO - Filling up the DagBag from /home/airflow/.local/lib/python3.7/site-packages/airflow/example_dags/example_xcom.py
[2022-11-11T14:44:11.620+0000] {processor.py:766} INFO - DAG(s) dict_keys(['example_xcom']) retrieved from /home/airflow/.local/lib/python3.7/site-packages/airflow/example_dags/example_xcom.py
[2022-11-11T14:44:11.678+0000] {logging_mixin.py:120} INFO - [2022-11-11T14:44:11.677+0000] {dag.py:2585} INFO - Sync 1 DAGs
[2022-11-11T14:44:11.713+0000] {logging_mixin.py:120} INFO - [2022-11-11T14:44:11.712+0000] {dag.py:3340} INFO - Setting next_dagrun for example_xcom to 2021-01-01T00:00:00+00:00, run_after=2021-01-01T00:00:00+00:00
[2022-11-11T14:44:11.743+0000] {processor.py:176} INFO - Processing /home/airflow/.local/lib/python3.7/site-packages/airflow/example_dags/example_xcom.py took 0.166 seconds
