[2022-11-11T14:17:51.249+0000] {processor.py:154} INFO - Started process (PID=53) to work on /home/airflow/.local/lib/python3.7/site-packages/airflow/example_dags/example_task_group.py
[2022-11-11T14:17:51.250+0000] {processor.py:756} INFO - Processing file /home/airflow/.local/lib/python3.7/site-packages/airflow/example_dags/example_task_group.py for tasks to queue
[2022-11-11T14:17:51.251+0000] {logging_mixin.py:120} INFO - [2022-11-11T14:17:51.251+0000] {dagbag.py:537} INFO - Filling up the DagBag from /home/airflow/.local/lib/python3.7/site-packages/airflow/example_dags/example_task_group.py
[2022-11-11T14:17:51.278+0000] {processor.py:766} INFO - DAG(s) dict_keys(['example_task_group']) retrieved from /home/airflow/.local/lib/python3.7/site-packages/airflow/example_dags/example_task_group.py
[2022-11-11T14:17:52.557+0000] {logging_mixin.py:120} INFO - [2022-11-11T14:17:52.557+0000] {manager.py:507} INFO - Created Permission View: can read on DAG:example_task_group
[2022-11-11T14:17:53.166+0000] {logging_mixin.py:120} INFO - [2022-11-11T14:17:53.165+0000] {manager.py:507} INFO - Created Permission View: can edit on DAG:example_task_group
[2022-11-11T14:17:53.849+0000] {logging_mixin.py:120} INFO - [2022-11-11T14:17:53.849+0000] {manager.py:507} INFO - Created Permission View: can delete on DAG:example_task_group
[2022-11-11T14:17:53.850+0000] {logging_mixin.py:120} INFO - [2022-11-11T14:17:53.850+0000] {dag.py:2585} INFO - Sync 1 DAGs
[2022-11-11T14:17:53.871+0000] {logging_mixin.py:120} INFO - [2022-11-11T14:17:53.871+0000] {dag.py:2606} INFO - Creating ORM DAG for example_task_group
[2022-11-11T14:17:53.887+0000] {logging_mixin.py:120} INFO - [2022-11-11T14:17:53.887+0000] {dag.py:3340} INFO - Setting next_dagrun for example_task_group to 2022-11-10T14:17:53.886914+00:00, run_after=2022-11-11T14:17:53.886914+00:00
[2022-11-11T14:17:54.625+0000] {processor.py:176} INFO - Processing /home/airflow/.local/lib/python3.7/site-packages/airflow/example_dags/example_task_group.py took 3.381 seconds
[2022-11-11T14:18:24.729+0000] {processor.py:154} INFO - Started process (PID=110) to work on /home/airflow/.local/lib/python3.7/site-packages/airflow/example_dags/example_task_group.py
[2022-11-11T14:18:24.730+0000] {processor.py:756} INFO - Processing file /home/airflow/.local/lib/python3.7/site-packages/airflow/example_dags/example_task_group.py for tasks to queue
[2022-11-11T14:18:24.731+0000] {logging_mixin.py:120} INFO - [2022-11-11T14:18:24.731+0000] {dagbag.py:537} INFO - Filling up the DagBag from /home/airflow/.local/lib/python3.7/site-packages/airflow/example_dags/example_task_group.py
[2022-11-11T14:18:24.755+0000] {processor.py:766} INFO - DAG(s) dict_keys(['example_task_group']) retrieved from /home/airflow/.local/lib/python3.7/site-packages/airflow/example_dags/example_task_group.py
[2022-11-11T14:18:24.814+0000] {logging_mixin.py:120} INFO - [2022-11-11T14:18:24.813+0000] {dag.py:2585} INFO - Sync 1 DAGs
[2022-11-11T14:18:24.852+0000] {logging_mixin.py:120} INFO - [2022-11-11T14:18:24.852+0000] {dag.py:3340} INFO - Setting next_dagrun for example_task_group to 2022-11-10T14:18:24.851698+00:00, run_after=2022-11-11T14:18:24.851698+00:00
[2022-11-11T14:18:24.883+0000] {processor.py:176} INFO - Processing /home/airflow/.local/lib/python3.7/site-packages/airflow/example_dags/example_task_group.py took 0.158 seconds
[2022-11-11T14:18:55.265+0000] {processor.py:154} INFO - Started process (PID=168) to work on /home/airflow/.local/lib/python3.7/site-packages/airflow/example_dags/example_task_group.py
[2022-11-11T14:18:55.266+0000] {processor.py:756} INFO - Processing file /home/airflow/.local/lib/python3.7/site-packages/airflow/example_dags/example_task_group.py for tasks to queue
[2022-11-11T14:18:55.267+0000] {logging_mixin.py:120} INFO - [2022-11-11T14:18:55.267+0000] {dagbag.py:537} INFO - Filling up the DagBag from /home/airflow/.local/lib/python3.7/site-packages/airflow/example_dags/example_task_group.py
[2022-11-11T14:18:55.291+0000] {processor.py:766} INFO - DAG(s) dict_keys(['example_task_group']) retrieved from /home/airflow/.local/lib/python3.7/site-packages/airflow/example_dags/example_task_group.py
[2022-11-11T14:18:55.352+0000] {logging_mixin.py:120} INFO - [2022-11-11T14:18:55.352+0000] {dag.py:2585} INFO - Sync 1 DAGs
[2022-11-11T14:18:55.393+0000] {logging_mixin.py:120} INFO - [2022-11-11T14:18:55.393+0000] {dag.py:3340} INFO - Setting next_dagrun for example_task_group to 2022-11-10T14:18:55.392999+00:00, run_after=2022-11-11T14:18:55.392999+00:00
[2022-11-11T14:18:55.425+0000] {processor.py:176} INFO - Processing /home/airflow/.local/lib/python3.7/site-packages/airflow/example_dags/example_task_group.py took 0.165 seconds
[2022-11-11T14:19:25.612+0000] {processor.py:154} INFO - Started process (PID=224) to work on /home/airflow/.local/lib/python3.7/site-packages/airflow/example_dags/example_task_group.py
[2022-11-11T14:19:25.613+0000] {processor.py:756} INFO - Processing file /home/airflow/.local/lib/python3.7/site-packages/airflow/example_dags/example_task_group.py for tasks to queue
[2022-11-11T14:19:25.614+0000] {logging_mixin.py:120} INFO - [2022-11-11T14:19:25.614+0000] {dagbag.py:537} INFO - Filling up the DagBag from /home/airflow/.local/lib/python3.7/site-packages/airflow/example_dags/example_task_group.py
[2022-11-11T14:19:25.639+0000] {processor.py:766} INFO - DAG(s) dict_keys(['example_task_group']) retrieved from /home/airflow/.local/lib/python3.7/site-packages/airflow/example_dags/example_task_group.py
[2022-11-11T14:19:25.699+0000] {logging_mixin.py:120} INFO - [2022-11-11T14:19:25.699+0000] {dag.py:2585} INFO - Sync 1 DAGs
[2022-11-11T14:19:25.741+0000] {logging_mixin.py:120} INFO - [2022-11-11T14:19:25.741+0000] {dag.py:3340} INFO - Setting next_dagrun for example_task_group to 2022-11-10T14:19:25.741101+00:00, run_after=2022-11-11T14:19:25.741101+00:00
[2022-11-11T14:19:25.771+0000] {processor.py:176} INFO - Processing /home/airflow/.local/lib/python3.7/site-packages/airflow/example_dags/example_task_group.py took 0.165 seconds
[2022-11-11T14:22:42.118+0000] {processor.py:154} INFO - Started process (PID=53) to work on /home/airflow/.local/lib/python3.7/site-packages/airflow/example_dags/example_task_group.py
[2022-11-11T14:22:42.120+0000] {processor.py:756} INFO - Processing file /home/airflow/.local/lib/python3.7/site-packages/airflow/example_dags/example_task_group.py for tasks to queue
[2022-11-11T14:22:42.121+0000] {logging_mixin.py:120} INFO - [2022-11-11T14:22:42.121+0000] {dagbag.py:537} INFO - Filling up the DagBag from /home/airflow/.local/lib/python3.7/site-packages/airflow/example_dags/example_task_group.py
[2022-11-11T14:22:42.149+0000] {processor.py:766} INFO - DAG(s) dict_keys(['example_task_group']) retrieved from /home/airflow/.local/lib/python3.7/site-packages/airflow/example_dags/example_task_group.py
[2022-11-11T14:22:42.219+0000] {logging_mixin.py:120} INFO - [2022-11-11T14:22:42.219+0000] {dag.py:2585} INFO - Sync 1 DAGs
[2022-11-11T14:22:42.264+0000] {logging_mixin.py:120} INFO - [2022-11-11T14:22:42.264+0000] {dag.py:3340} INFO - Setting next_dagrun for example_task_group to 2022-11-10T14:22:42.264233+00:00, run_after=2022-11-11T14:22:42.264233+00:00
[2022-11-11T14:22:42.291+0000] {processor.py:176} INFO - Processing /home/airflow/.local/lib/python3.7/site-packages/airflow/example_dags/example_task_group.py took 0.178 seconds
[2022-11-11T14:23:12.342+0000] {processor.py:154} INFO - Started process (PID=111) to work on /home/airflow/.local/lib/python3.7/site-packages/airflow/example_dags/example_task_group.py
[2022-11-11T14:23:12.344+0000] {processor.py:756} INFO - Processing file /home/airflow/.local/lib/python3.7/site-packages/airflow/example_dags/example_task_group.py for tasks to queue
[2022-11-11T14:23:12.345+0000] {logging_mixin.py:120} INFO - [2022-11-11T14:23:12.345+0000] {dagbag.py:537} INFO - Filling up the DagBag from /home/airflow/.local/lib/python3.7/site-packages/airflow/example_dags/example_task_group.py
[2022-11-11T14:23:12.370+0000] {processor.py:766} INFO - DAG(s) dict_keys(['example_task_group']) retrieved from /home/airflow/.local/lib/python3.7/site-packages/airflow/example_dags/example_task_group.py
[2022-11-11T14:23:12.430+0000] {logging_mixin.py:120} INFO - [2022-11-11T14:23:12.429+0000] {dag.py:2585} INFO - Sync 1 DAGs
[2022-11-11T14:23:12.467+0000] {logging_mixin.py:120} INFO - [2022-11-11T14:23:12.467+0000] {dag.py:3340} INFO - Setting next_dagrun for example_task_group to 2022-11-10T14:23:12.466944+00:00, run_after=2022-11-11T14:23:12.466944+00:00
[2022-11-11T14:23:12.495+0000] {processor.py:176} INFO - Processing /home/airflow/.local/lib/python3.7/site-packages/airflow/example_dags/example_task_group.py took 0.158 seconds
[2022-11-11T14:24:39.213+0000] {processor.py:154} INFO - Started process (PID=56) to work on /home/airflow/.local/lib/python3.7/site-packages/airflow/example_dags/example_task_group.py
[2022-11-11T14:24:39.215+0000] {processor.py:756} INFO - Processing file /home/airflow/.local/lib/python3.7/site-packages/airflow/example_dags/example_task_group.py for tasks to queue
[2022-11-11T14:24:39.215+0000] {logging_mixin.py:120} INFO - [2022-11-11T14:24:39.215+0000] {dagbag.py:537} INFO - Filling up the DagBag from /home/airflow/.local/lib/python3.7/site-packages/airflow/example_dags/example_task_group.py
[2022-11-11T14:24:39.239+0000] {processor.py:766} INFO - DAG(s) dict_keys(['example_task_group']) retrieved from /home/airflow/.local/lib/python3.7/site-packages/airflow/example_dags/example_task_group.py
[2022-11-11T14:24:39.296+0000] {logging_mixin.py:120} INFO - [2022-11-11T14:24:39.296+0000] {dag.py:2585} INFO - Sync 1 DAGs
[2022-11-11T14:24:39.329+0000] {logging_mixin.py:120} INFO - [2022-11-11T14:24:39.328+0000] {dag.py:3340} INFO - Setting next_dagrun for example_task_group to 2022-11-10T14:24:39.328558+00:00, run_after=2022-11-11T14:24:39.328558+00:00
[2022-11-11T14:24:39.356+0000] {processor.py:176} INFO - Processing /home/airflow/.local/lib/python3.7/site-packages/airflow/example_dags/example_task_group.py took 0.148 seconds
[2022-11-11T14:27:14.679+0000] {processor.py:154} INFO - Started process (PID=56) to work on /home/airflow/.local/lib/python3.7/site-packages/airflow/example_dags/example_task_group.py
[2022-11-11T14:27:14.681+0000] {processor.py:756} INFO - Processing file /home/airflow/.local/lib/python3.7/site-packages/airflow/example_dags/example_task_group.py for tasks to queue
[2022-11-11T14:27:14.682+0000] {logging_mixin.py:120} INFO - [2022-11-11T14:27:14.682+0000] {dagbag.py:537} INFO - Filling up the DagBag from /home/airflow/.local/lib/python3.7/site-packages/airflow/example_dags/example_task_group.py
[2022-11-11T14:27:14.709+0000] {processor.py:766} INFO - DAG(s) dict_keys(['example_task_group']) retrieved from /home/airflow/.local/lib/python3.7/site-packages/airflow/example_dags/example_task_group.py
[2022-11-11T14:27:14.771+0000] {logging_mixin.py:120} INFO - [2022-11-11T14:27:14.771+0000] {dag.py:2585} INFO - Sync 1 DAGs
[2022-11-11T14:27:14.811+0000] {logging_mixin.py:120} INFO - [2022-11-11T14:27:14.811+0000] {dag.py:3340} INFO - Setting next_dagrun for example_task_group to 2022-11-10T14:27:14.810783+00:00, run_after=2022-11-11T14:27:14.810783+00:00
[2022-11-11T14:27:14.845+0000] {processor.py:176} INFO - Processing /home/airflow/.local/lib/python3.7/site-packages/airflow/example_dags/example_task_group.py took 0.171 seconds
[2022-11-11T14:27:46.557+0000] {processor.py:154} INFO - Started process (PID=113) to work on /home/airflow/.local/lib/python3.7/site-packages/airflow/example_dags/example_task_group.py
[2022-11-11T14:27:46.558+0000] {processor.py:756} INFO - Processing file /home/airflow/.local/lib/python3.7/site-packages/airflow/example_dags/example_task_group.py for tasks to queue
[2022-11-11T14:27:46.559+0000] {logging_mixin.py:120} INFO - [2022-11-11T14:27:46.559+0000] {dagbag.py:537} INFO - Filling up the DagBag from /home/airflow/.local/lib/python3.7/site-packages/airflow/example_dags/example_task_group.py
[2022-11-11T14:27:46.583+0000] {processor.py:766} INFO - DAG(s) dict_keys(['example_task_group']) retrieved from /home/airflow/.local/lib/python3.7/site-packages/airflow/example_dags/example_task_group.py
[2022-11-11T14:27:46.640+0000] {logging_mixin.py:120} INFO - [2022-11-11T14:27:46.640+0000] {dag.py:2585} INFO - Sync 1 DAGs
[2022-11-11T14:27:46.675+0000] {logging_mixin.py:120} INFO - [2022-11-11T14:27:46.675+0000] {dag.py:3340} INFO - Setting next_dagrun for example_task_group to 2022-11-10T14:27:46.675303+00:00, run_after=2022-11-11T14:27:46.675303+00:00
[2022-11-11T14:27:46.984+0000] {processor.py:176} INFO - Processing /home/airflow/.local/lib/python3.7/site-packages/airflow/example_dags/example_task_group.py took 0.433 seconds
[2022-11-11T14:28:17.798+0000] {processor.py:154} INFO - Started process (PID=172) to work on /home/airflow/.local/lib/python3.7/site-packages/airflow/example_dags/example_task_group.py
[2022-11-11T14:28:17.800+0000] {processor.py:756} INFO - Processing file /home/airflow/.local/lib/python3.7/site-packages/airflow/example_dags/example_task_group.py for tasks to queue
[2022-11-11T14:28:17.801+0000] {logging_mixin.py:120} INFO - [2022-11-11T14:28:17.800+0000] {dagbag.py:537} INFO - Filling up the DagBag from /home/airflow/.local/lib/python3.7/site-packages/airflow/example_dags/example_task_group.py
[2022-11-11T14:28:17.824+0000] {processor.py:766} INFO - DAG(s) dict_keys(['example_task_group']) retrieved from /home/airflow/.local/lib/python3.7/site-packages/airflow/example_dags/example_task_group.py
[2022-11-11T14:28:17.883+0000] {logging_mixin.py:120} INFO - [2022-11-11T14:28:17.883+0000] {dag.py:2585} INFO - Sync 1 DAGs
[2022-11-11T14:28:17.917+0000] {logging_mixin.py:120} INFO - [2022-11-11T14:28:17.917+0000] {dag.py:3340} INFO - Setting next_dagrun for example_task_group to 2022-11-10T14:28:17.916841+00:00, run_after=2022-11-11T14:28:17.916841+00:00
[2022-11-11T14:28:17.948+0000] {processor.py:176} INFO - Processing /home/airflow/.local/lib/python3.7/site-packages/airflow/example_dags/example_task_group.py took 0.155 seconds
[2022-11-11T14:28:48.125+0000] {processor.py:154} INFO - Started process (PID=230) to work on /home/airflow/.local/lib/python3.7/site-packages/airflow/example_dags/example_task_group.py
[2022-11-11T14:28:48.126+0000] {processor.py:756} INFO - Processing file /home/airflow/.local/lib/python3.7/site-packages/airflow/example_dags/example_task_group.py for tasks to queue
[2022-11-11T14:28:48.127+0000] {logging_mixin.py:120} INFO - [2022-11-11T14:28:48.127+0000] {dagbag.py:537} INFO - Filling up the DagBag from /home/airflow/.local/lib/python3.7/site-packages/airflow/example_dags/example_task_group.py
[2022-11-11T14:28:48.151+0000] {processor.py:766} INFO - DAG(s) dict_keys(['example_task_group']) retrieved from /home/airflow/.local/lib/python3.7/site-packages/airflow/example_dags/example_task_group.py
[2022-11-11T14:28:48.206+0000] {logging_mixin.py:120} INFO - [2022-11-11T14:28:48.206+0000] {dag.py:2585} INFO - Sync 1 DAGs
[2022-11-11T14:28:48.241+0000] {logging_mixin.py:120} INFO - [2022-11-11T14:28:48.241+0000] {dag.py:3340} INFO - Setting next_dagrun for example_task_group to 2022-11-10T14:28:48.240912+00:00, run_after=2022-11-11T14:28:48.240912+00:00
[2022-11-11T14:28:48.265+0000] {processor.py:176} INFO - Processing /home/airflow/.local/lib/python3.7/site-packages/airflow/example_dags/example_task_group.py took 0.145 seconds
[2022-11-11T14:29:18.651+0000] {processor.py:154} INFO - Started process (PID=288) to work on /home/airflow/.local/lib/python3.7/site-packages/airflow/example_dags/example_task_group.py
[2022-11-11T14:29:18.652+0000] {processor.py:756} INFO - Processing file /home/airflow/.local/lib/python3.7/site-packages/airflow/example_dags/example_task_group.py for tasks to queue
[2022-11-11T14:29:18.653+0000] {logging_mixin.py:120} INFO - [2022-11-11T14:29:18.652+0000] {dagbag.py:537} INFO - Filling up the DagBag from /home/airflow/.local/lib/python3.7/site-packages/airflow/example_dags/example_task_group.py
[2022-11-11T14:29:18.678+0000] {processor.py:766} INFO - DAG(s) dict_keys(['example_task_group']) retrieved from /home/airflow/.local/lib/python3.7/site-packages/airflow/example_dags/example_task_group.py
[2022-11-11T14:29:18.737+0000] {logging_mixin.py:120} INFO - [2022-11-11T14:29:18.736+0000] {dag.py:2585} INFO - Sync 1 DAGs
[2022-11-11T14:29:18.774+0000] {logging_mixin.py:120} INFO - [2022-11-11T14:29:18.774+0000] {dag.py:3340} INFO - Setting next_dagrun for example_task_group to 2022-11-10T14:29:18.773732+00:00, run_after=2022-11-11T14:29:18.773732+00:00
[2022-11-11T14:29:18.798+0000] {processor.py:176} INFO - Processing /home/airflow/.local/lib/python3.7/site-packages/airflow/example_dags/example_task_group.py took 0.154 seconds
[2022-11-11T14:29:49.342+0000] {processor.py:154} INFO - Started process (PID=345) to work on /home/airflow/.local/lib/python3.7/site-packages/airflow/example_dags/example_task_group.py
[2022-11-11T14:29:49.343+0000] {processor.py:756} INFO - Processing file /home/airflow/.local/lib/python3.7/site-packages/airflow/example_dags/example_task_group.py for tasks to queue
[2022-11-11T14:29:49.344+0000] {logging_mixin.py:120} INFO - [2022-11-11T14:29:49.344+0000] {dagbag.py:537} INFO - Filling up the DagBag from /home/airflow/.local/lib/python3.7/site-packages/airflow/example_dags/example_task_group.py
[2022-11-11T14:29:49.372+0000] {processor.py:766} INFO - DAG(s) dict_keys(['example_task_group']) retrieved from /home/airflow/.local/lib/python3.7/site-packages/airflow/example_dags/example_task_group.py
[2022-11-11T14:29:49.433+0000] {logging_mixin.py:120} INFO - [2022-11-11T14:29:49.433+0000] {dag.py:2585} INFO - Sync 1 DAGs
[2022-11-11T14:29:49.480+0000] {logging_mixin.py:120} INFO - [2022-11-11T14:29:49.479+0000] {dag.py:3340} INFO - Setting next_dagrun for example_task_group to 2022-11-10T14:29:49.479622+00:00, run_after=2022-11-11T14:29:49.479622+00:00
[2022-11-11T14:29:49.510+0000] {processor.py:176} INFO - Processing /home/airflow/.local/lib/python3.7/site-packages/airflow/example_dags/example_task_group.py took 0.174 seconds
[2022-11-11T14:30:20.048+0000] {processor.py:154} INFO - Started process (PID=402) to work on /home/airflow/.local/lib/python3.7/site-packages/airflow/example_dags/example_task_group.py
[2022-11-11T14:30:20.049+0000] {processor.py:756} INFO - Processing file /home/airflow/.local/lib/python3.7/site-packages/airflow/example_dags/example_task_group.py for tasks to queue
[2022-11-11T14:30:20.050+0000] {logging_mixin.py:120} INFO - [2022-11-11T14:30:20.050+0000] {dagbag.py:537} INFO - Filling up the DagBag from /home/airflow/.local/lib/python3.7/site-packages/airflow/example_dags/example_task_group.py
[2022-11-11T14:30:20.076+0000] {processor.py:766} INFO - DAG(s) dict_keys(['example_task_group']) retrieved from /home/airflow/.local/lib/python3.7/site-packages/airflow/example_dags/example_task_group.py
[2022-11-11T14:30:20.133+0000] {logging_mixin.py:120} INFO - [2022-11-11T14:30:20.133+0000] {dag.py:2585} INFO - Sync 1 DAGs
[2022-11-11T14:30:20.168+0000] {logging_mixin.py:120} INFO - [2022-11-11T14:30:20.168+0000] {dag.py:3340} INFO - Setting next_dagrun for example_task_group to 2022-11-10T14:30:20.168040+00:00, run_after=2022-11-11T14:30:20.168040+00:00
[2022-11-11T14:30:20.196+0000] {processor.py:176} INFO - Processing /home/airflow/.local/lib/python3.7/site-packages/airflow/example_dags/example_task_group.py took 0.155 seconds
[2022-11-11T14:30:50.466+0000] {processor.py:154} INFO - Started process (PID=459) to work on /home/airflow/.local/lib/python3.7/site-packages/airflow/example_dags/example_task_group.py
[2022-11-11T14:30:50.468+0000] {processor.py:756} INFO - Processing file /home/airflow/.local/lib/python3.7/site-packages/airflow/example_dags/example_task_group.py for tasks to queue
[2022-11-11T14:30:50.468+0000] {logging_mixin.py:120} INFO - [2022-11-11T14:30:50.468+0000] {dagbag.py:537} INFO - Filling up the DagBag from /home/airflow/.local/lib/python3.7/site-packages/airflow/example_dags/example_task_group.py
[2022-11-11T14:30:50.492+0000] {processor.py:766} INFO - DAG(s) dict_keys(['example_task_group']) retrieved from /home/airflow/.local/lib/python3.7/site-packages/airflow/example_dags/example_task_group.py
[2022-11-11T14:30:50.558+0000] {logging_mixin.py:120} INFO - [2022-11-11T14:30:50.558+0000] {dag.py:2585} INFO - Sync 1 DAGs
[2022-11-11T14:30:50.594+0000] {logging_mixin.py:120} INFO - [2022-11-11T14:30:50.594+0000] {dag.py:3340} INFO - Setting next_dagrun for example_task_group to 2022-11-10T14:30:50.594224+00:00, run_after=2022-11-11T14:30:50.594224+00:00
[2022-11-11T14:30:50.623+0000] {processor.py:176} INFO - Processing /home/airflow/.local/lib/python3.7/site-packages/airflow/example_dags/example_task_group.py took 0.160 seconds
[2022-11-11T14:31:20.992+0000] {processor.py:154} INFO - Started process (PID=516) to work on /home/airflow/.local/lib/python3.7/site-packages/airflow/example_dags/example_task_group.py
[2022-11-11T14:31:20.993+0000] {processor.py:756} INFO - Processing file /home/airflow/.local/lib/python3.7/site-packages/airflow/example_dags/example_task_group.py for tasks to queue
[2022-11-11T14:31:20.994+0000] {logging_mixin.py:120} INFO - [2022-11-11T14:31:20.994+0000] {dagbag.py:537} INFO - Filling up the DagBag from /home/airflow/.local/lib/python3.7/site-packages/airflow/example_dags/example_task_group.py
[2022-11-11T14:31:21.018+0000] {processor.py:766} INFO - DAG(s) dict_keys(['example_task_group']) retrieved from /home/airflow/.local/lib/python3.7/site-packages/airflow/example_dags/example_task_group.py
[2022-11-11T14:31:21.078+0000] {logging_mixin.py:120} INFO - [2022-11-11T14:31:21.078+0000] {dag.py:2585} INFO - Sync 1 DAGs
[2022-11-11T14:31:21.114+0000] {logging_mixin.py:120} INFO - [2022-11-11T14:31:21.114+0000] {dag.py:3340} INFO - Setting next_dagrun for example_task_group to 2022-11-10T14:31:21.113878+00:00, run_after=2022-11-11T14:31:21.113878+00:00
[2022-11-11T14:31:21.142+0000] {processor.py:176} INFO - Processing /home/airflow/.local/lib/python3.7/site-packages/airflow/example_dags/example_task_group.py took 0.156 seconds
[2022-11-11T14:31:51.287+0000] {processor.py:154} INFO - Started process (PID=572) to work on /home/airflow/.local/lib/python3.7/site-packages/airflow/example_dags/example_task_group.py
[2022-11-11T14:31:51.289+0000] {processor.py:756} INFO - Processing file /home/airflow/.local/lib/python3.7/site-packages/airflow/example_dags/example_task_group.py for tasks to queue
[2022-11-11T14:31:51.290+0000] {logging_mixin.py:120} INFO - [2022-11-11T14:31:51.289+0000] {dagbag.py:537} INFO - Filling up the DagBag from /home/airflow/.local/lib/python3.7/site-packages/airflow/example_dags/example_task_group.py
[2022-11-11T14:31:51.316+0000] {processor.py:766} INFO - DAG(s) dict_keys(['example_task_group']) retrieved from /home/airflow/.local/lib/python3.7/site-packages/airflow/example_dags/example_task_group.py
[2022-11-11T14:31:51.377+0000] {logging_mixin.py:120} INFO - [2022-11-11T14:31:51.377+0000] {dag.py:2585} INFO - Sync 1 DAGs
[2022-11-11T14:31:51.411+0000] {logging_mixin.py:120} INFO - [2022-11-11T14:31:51.411+0000] {dag.py:3340} INFO - Setting next_dagrun for example_task_group to 2022-11-10T14:31:51.410718+00:00, run_after=2022-11-11T14:31:51.410718+00:00
[2022-11-11T14:31:51.434+0000] {processor.py:176} INFO - Processing /home/airflow/.local/lib/python3.7/site-packages/airflow/example_dags/example_task_group.py took 0.154 seconds
[2022-11-11T14:32:21.916+0000] {processor.py:154} INFO - Started process (PID=630) to work on /home/airflow/.local/lib/python3.7/site-packages/airflow/example_dags/example_task_group.py
[2022-11-11T14:32:21.917+0000] {processor.py:756} INFO - Processing file /home/airflow/.local/lib/python3.7/site-packages/airflow/example_dags/example_task_group.py for tasks to queue
[2022-11-11T14:32:21.918+0000] {logging_mixin.py:120} INFO - [2022-11-11T14:32:21.918+0000] {dagbag.py:537} INFO - Filling up the DagBag from /home/airflow/.local/lib/python3.7/site-packages/airflow/example_dags/example_task_group.py
[2022-11-11T14:32:21.942+0000] {processor.py:766} INFO - DAG(s) dict_keys(['example_task_group']) retrieved from /home/airflow/.local/lib/python3.7/site-packages/airflow/example_dags/example_task_group.py
[2022-11-11T14:32:21.997+0000] {logging_mixin.py:120} INFO - [2022-11-11T14:32:21.996+0000] {dag.py:2585} INFO - Sync 1 DAGs
[2022-11-11T14:32:22.031+0000] {logging_mixin.py:120} INFO - [2022-11-11T14:32:22.031+0000] {dag.py:3340} INFO - Setting next_dagrun for example_task_group to 2022-11-10T14:32:22.030719+00:00, run_after=2022-11-11T14:32:22.030719+00:00
[2022-11-11T14:32:22.055+0000] {processor.py:176} INFO - Processing /home/airflow/.local/lib/python3.7/site-packages/airflow/example_dags/example_task_group.py took 0.145 seconds
[2022-11-11T14:32:52.451+0000] {processor.py:154} INFO - Started process (PID=686) to work on /home/airflow/.local/lib/python3.7/site-packages/airflow/example_dags/example_task_group.py
[2022-11-11T14:32:52.452+0000] {processor.py:756} INFO - Processing file /home/airflow/.local/lib/python3.7/site-packages/airflow/example_dags/example_task_group.py for tasks to queue
[2022-11-11T14:32:52.453+0000] {logging_mixin.py:120} INFO - [2022-11-11T14:32:52.453+0000] {dagbag.py:537} INFO - Filling up the DagBag from /home/airflow/.local/lib/python3.7/site-packages/airflow/example_dags/example_task_group.py
[2022-11-11T14:32:52.478+0000] {processor.py:766} INFO - DAG(s) dict_keys(['example_task_group']) retrieved from /home/airflow/.local/lib/python3.7/site-packages/airflow/example_dags/example_task_group.py
[2022-11-11T14:32:52.533+0000] {logging_mixin.py:120} INFO - [2022-11-11T14:32:52.533+0000] {dag.py:2585} INFO - Sync 1 DAGs
[2022-11-11T14:32:52.567+0000] {logging_mixin.py:120} INFO - [2022-11-11T14:32:52.567+0000] {dag.py:3340} INFO - Setting next_dagrun for example_task_group to 2022-11-10T14:32:52.566909+00:00, run_after=2022-11-11T14:32:52.566909+00:00
[2022-11-11T14:32:52.594+0000] {processor.py:176} INFO - Processing /home/airflow/.local/lib/python3.7/site-packages/airflow/example_dags/example_task_group.py took 0.149 seconds
[2022-11-11T14:33:22.979+0000] {processor.py:154} INFO - Started process (PID=744) to work on /home/airflow/.local/lib/python3.7/site-packages/airflow/example_dags/example_task_group.py
[2022-11-11T14:33:22.981+0000] {processor.py:756} INFO - Processing file /home/airflow/.local/lib/python3.7/site-packages/airflow/example_dags/example_task_group.py for tasks to queue
[2022-11-11T14:33:22.982+0000] {logging_mixin.py:120} INFO - [2022-11-11T14:33:22.981+0000] {dagbag.py:537} INFO - Filling up the DagBag from /home/airflow/.local/lib/python3.7/site-packages/airflow/example_dags/example_task_group.py
[2022-11-11T14:33:23.005+0000] {processor.py:766} INFO - DAG(s) dict_keys(['example_task_group']) retrieved from /home/airflow/.local/lib/python3.7/site-packages/airflow/example_dags/example_task_group.py
[2022-11-11T14:33:23.058+0000] {logging_mixin.py:120} INFO - [2022-11-11T14:33:23.058+0000] {dag.py:2585} INFO - Sync 1 DAGs
[2022-11-11T14:33:23.093+0000] {logging_mixin.py:120} INFO - [2022-11-11T14:33:23.093+0000] {dag.py:3340} INFO - Setting next_dagrun for example_task_group to 2022-11-10T14:33:23.093257+00:00, run_after=2022-11-11T14:33:23.093257+00:00
[2022-11-11T14:33:23.118+0000] {processor.py:176} INFO - Processing /home/airflow/.local/lib/python3.7/site-packages/airflow/example_dags/example_task_group.py took 0.145 seconds
[2022-11-11T14:33:53.654+0000] {processor.py:154} INFO - Started process (PID=800) to work on /home/airflow/.local/lib/python3.7/site-packages/airflow/example_dags/example_task_group.py
[2022-11-11T14:33:53.655+0000] {processor.py:756} INFO - Processing file /home/airflow/.local/lib/python3.7/site-packages/airflow/example_dags/example_task_group.py for tasks to queue
[2022-11-11T14:33:53.656+0000] {logging_mixin.py:120} INFO - [2022-11-11T14:33:53.656+0000] {dagbag.py:537} INFO - Filling up the DagBag from /home/airflow/.local/lib/python3.7/site-packages/airflow/example_dags/example_task_group.py
[2022-11-11T14:33:53.679+0000] {processor.py:766} INFO - DAG(s) dict_keys(['example_task_group']) retrieved from /home/airflow/.local/lib/python3.7/site-packages/airflow/example_dags/example_task_group.py
[2022-11-11T14:33:53.734+0000] {logging_mixin.py:120} INFO - [2022-11-11T14:33:53.734+0000] {dag.py:2585} INFO - Sync 1 DAGs
[2022-11-11T14:33:53.768+0000] {logging_mixin.py:120} INFO - [2022-11-11T14:33:53.767+0000] {dag.py:3340} INFO - Setting next_dagrun for example_task_group to 2022-11-10T14:33:53.767608+00:00, run_after=2022-11-11T14:33:53.767608+00:00
[2022-11-11T14:33:53.793+0000] {processor.py:176} INFO - Processing /home/airflow/.local/lib/python3.7/site-packages/airflow/example_dags/example_task_group.py took 0.144 seconds
[2022-11-11T14:34:24.121+0000] {processor.py:154} INFO - Started process (PID=857) to work on /home/airflow/.local/lib/python3.7/site-packages/airflow/example_dags/example_task_group.py
[2022-11-11T14:34:24.122+0000] {processor.py:756} INFO - Processing file /home/airflow/.local/lib/python3.7/site-packages/airflow/example_dags/example_task_group.py for tasks to queue
[2022-11-11T14:34:24.123+0000] {logging_mixin.py:120} INFO - [2022-11-11T14:34:24.123+0000] {dagbag.py:537} INFO - Filling up the DagBag from /home/airflow/.local/lib/python3.7/site-packages/airflow/example_dags/example_task_group.py
[2022-11-11T14:34:24.147+0000] {processor.py:766} INFO - DAG(s) dict_keys(['example_task_group']) retrieved from /home/airflow/.local/lib/python3.7/site-packages/airflow/example_dags/example_task_group.py
[2022-11-11T14:34:24.205+0000] {logging_mixin.py:120} INFO - [2022-11-11T14:34:24.204+0000] {dag.py:2585} INFO - Sync 1 DAGs
[2022-11-11T14:34:24.240+0000] {logging_mixin.py:120} INFO - [2022-11-11T14:34:24.240+0000] {dag.py:3340} INFO - Setting next_dagrun for example_task_group to 2022-11-10T14:34:24.239674+00:00, run_after=2022-11-11T14:34:24.239674+00:00
[2022-11-11T14:34:24.273+0000] {processor.py:176} INFO - Processing /home/airflow/.local/lib/python3.7/site-packages/airflow/example_dags/example_task_group.py took 0.158 seconds
[2022-11-11T14:34:54.733+0000] {processor.py:154} INFO - Started process (PID=914) to work on /home/airflow/.local/lib/python3.7/site-packages/airflow/example_dags/example_task_group.py
[2022-11-11T14:34:54.735+0000] {processor.py:756} INFO - Processing file /home/airflow/.local/lib/python3.7/site-packages/airflow/example_dags/example_task_group.py for tasks to queue
[2022-11-11T14:34:54.735+0000] {logging_mixin.py:120} INFO - [2022-11-11T14:34:54.735+0000] {dagbag.py:537} INFO - Filling up the DagBag from /home/airflow/.local/lib/python3.7/site-packages/airflow/example_dags/example_task_group.py
[2022-11-11T14:34:54.759+0000] {processor.py:766} INFO - DAG(s) dict_keys(['example_task_group']) retrieved from /home/airflow/.local/lib/python3.7/site-packages/airflow/example_dags/example_task_group.py
[2022-11-11T14:34:54.815+0000] {logging_mixin.py:120} INFO - [2022-11-11T14:34:54.815+0000] {dag.py:2585} INFO - Sync 1 DAGs
[2022-11-11T14:34:54.849+0000] {logging_mixin.py:120} INFO - [2022-11-11T14:34:54.849+0000] {dag.py:3340} INFO - Setting next_dagrun for example_task_group to 2022-11-10T14:34:54.848722+00:00, run_after=2022-11-11T14:34:54.848722+00:00
[2022-11-11T14:34:54.878+0000] {processor.py:176} INFO - Processing /home/airflow/.local/lib/python3.7/site-packages/airflow/example_dags/example_task_group.py took 0.149 seconds
[2022-11-11T14:35:25.174+0000] {processor.py:154} INFO - Started process (PID=973) to work on /home/airflow/.local/lib/python3.7/site-packages/airflow/example_dags/example_task_group.py
[2022-11-11T14:35:25.175+0000] {processor.py:756} INFO - Processing file /home/airflow/.local/lib/python3.7/site-packages/airflow/example_dags/example_task_group.py for tasks to queue
[2022-11-11T14:35:25.176+0000] {logging_mixin.py:120} INFO - [2022-11-11T14:35:25.176+0000] {dagbag.py:537} INFO - Filling up the DagBag from /home/airflow/.local/lib/python3.7/site-packages/airflow/example_dags/example_task_group.py
[2022-11-11T14:35:25.200+0000] {processor.py:766} INFO - DAG(s) dict_keys(['example_task_group']) retrieved from /home/airflow/.local/lib/python3.7/site-packages/airflow/example_dags/example_task_group.py
[2022-11-11T14:35:25.255+0000] {logging_mixin.py:120} INFO - [2022-11-11T14:35:25.255+0000] {dag.py:2585} INFO - Sync 1 DAGs
[2022-11-11T14:35:25.293+0000] {logging_mixin.py:120} INFO - [2022-11-11T14:35:25.293+0000] {dag.py:3340} INFO - Setting next_dagrun for example_task_group to 2022-11-10T14:35:25.292816+00:00, run_after=2022-11-11T14:35:25.292816+00:00
[2022-11-11T14:35:25.316+0000] {processor.py:176} INFO - Processing /home/airflow/.local/lib/python3.7/site-packages/airflow/example_dags/example_task_group.py took 0.147 seconds
[2022-11-11T14:35:55.620+0000] {processor.py:154} INFO - Started process (PID=1030) to work on /home/airflow/.local/lib/python3.7/site-packages/airflow/example_dags/example_task_group.py
[2022-11-11T14:35:55.621+0000] {processor.py:756} INFO - Processing file /home/airflow/.local/lib/python3.7/site-packages/airflow/example_dags/example_task_group.py for tasks to queue
[2022-11-11T14:35:55.622+0000] {logging_mixin.py:120} INFO - [2022-11-11T14:35:55.622+0000] {dagbag.py:537} INFO - Filling up the DagBag from /home/airflow/.local/lib/python3.7/site-packages/airflow/example_dags/example_task_group.py
[2022-11-11T14:35:55.650+0000] {processor.py:766} INFO - DAG(s) dict_keys(['example_task_group']) retrieved from /home/airflow/.local/lib/python3.7/site-packages/airflow/example_dags/example_task_group.py
[2022-11-11T14:35:55.725+0000] {logging_mixin.py:120} INFO - [2022-11-11T14:35:55.724+0000] {dag.py:2585} INFO - Sync 1 DAGs
[2022-11-11T14:35:55.761+0000] {logging_mixin.py:120} INFO - [2022-11-11T14:35:55.761+0000] {dag.py:3340} INFO - Setting next_dagrun for example_task_group to 2022-11-10T14:35:55.761274+00:00, run_after=2022-11-11T14:35:55.761274+00:00
[2022-11-11T14:35:55.784+0000] {processor.py:176} INFO - Processing /home/airflow/.local/lib/python3.7/site-packages/airflow/example_dags/example_task_group.py took 0.172 seconds
[2022-11-11T14:36:26.153+0000] {processor.py:154} INFO - Started process (PID=1087) to work on /home/airflow/.local/lib/python3.7/site-packages/airflow/example_dags/example_task_group.py
[2022-11-11T14:36:26.154+0000] {processor.py:756} INFO - Processing file /home/airflow/.local/lib/python3.7/site-packages/airflow/example_dags/example_task_group.py for tasks to queue
[2022-11-11T14:36:26.155+0000] {logging_mixin.py:120} INFO - [2022-11-11T14:36:26.155+0000] {dagbag.py:537} INFO - Filling up the DagBag from /home/airflow/.local/lib/python3.7/site-packages/airflow/example_dags/example_task_group.py
[2022-11-11T14:36:26.179+0000] {processor.py:766} INFO - DAG(s) dict_keys(['example_task_group']) retrieved from /home/airflow/.local/lib/python3.7/site-packages/airflow/example_dags/example_task_group.py
[2022-11-11T14:36:26.234+0000] {logging_mixin.py:120} INFO - [2022-11-11T14:36:26.234+0000] {dag.py:2585} INFO - Sync 1 DAGs
[2022-11-11T14:36:26.269+0000] {logging_mixin.py:120} INFO - [2022-11-11T14:36:26.269+0000] {dag.py:3340} INFO - Setting next_dagrun for example_task_group to 2022-11-10T14:36:26.269008+00:00, run_after=2022-11-11T14:36:26.269008+00:00
[2022-11-11T14:36:26.293+0000] {processor.py:176} INFO - Processing /home/airflow/.local/lib/python3.7/site-packages/airflow/example_dags/example_task_group.py took 0.146 seconds
[2022-11-11T14:36:56.873+0000] {processor.py:154} INFO - Started process (PID=1144) to work on /home/airflow/.local/lib/python3.7/site-packages/airflow/example_dags/example_task_group.py
[2022-11-11T14:36:56.874+0000] {processor.py:756} INFO - Processing file /home/airflow/.local/lib/python3.7/site-packages/airflow/example_dags/example_task_group.py for tasks to queue
[2022-11-11T14:36:56.875+0000] {logging_mixin.py:120} INFO - [2022-11-11T14:36:56.875+0000] {dagbag.py:537} INFO - Filling up the DagBag from /home/airflow/.local/lib/python3.7/site-packages/airflow/example_dags/example_task_group.py
[2022-11-11T14:36:56.900+0000] {processor.py:766} INFO - DAG(s) dict_keys(['example_task_group']) retrieved from /home/airflow/.local/lib/python3.7/site-packages/airflow/example_dags/example_task_group.py
[2022-11-11T14:36:56.957+0000] {logging_mixin.py:120} INFO - [2022-11-11T14:36:56.956+0000] {dag.py:2585} INFO - Sync 1 DAGs
[2022-11-11T14:36:56.990+0000] {logging_mixin.py:120} INFO - [2022-11-11T14:36:56.990+0000] {dag.py:3340} INFO - Setting next_dagrun for example_task_group to 2022-11-10T14:36:56.990081+00:00, run_after=2022-11-11T14:36:56.990081+00:00
[2022-11-11T14:36:57.016+0000] {processor.py:176} INFO - Processing /home/airflow/.local/lib/python3.7/site-packages/airflow/example_dags/example_task_group.py took 0.149 seconds
[2022-11-11T14:37:27.395+0000] {processor.py:154} INFO - Started process (PID=1202) to work on /home/airflow/.local/lib/python3.7/site-packages/airflow/example_dags/example_task_group.py
[2022-11-11T14:37:27.396+0000] {processor.py:756} INFO - Processing file /home/airflow/.local/lib/python3.7/site-packages/airflow/example_dags/example_task_group.py for tasks to queue
[2022-11-11T14:37:27.397+0000] {logging_mixin.py:120} INFO - [2022-11-11T14:37:27.396+0000] {dagbag.py:537} INFO - Filling up the DagBag from /home/airflow/.local/lib/python3.7/site-packages/airflow/example_dags/example_task_group.py
[2022-11-11T14:37:27.420+0000] {processor.py:766} INFO - DAG(s) dict_keys(['example_task_group']) retrieved from /home/airflow/.local/lib/python3.7/site-packages/airflow/example_dags/example_task_group.py
[2022-11-11T14:37:27.475+0000] {logging_mixin.py:120} INFO - [2022-11-11T14:37:27.475+0000] {dag.py:2585} INFO - Sync 1 DAGs
[2022-11-11T14:37:27.511+0000] {logging_mixin.py:120} INFO - [2022-11-11T14:37:27.511+0000] {dag.py:3340} INFO - Setting next_dagrun for example_task_group to 2022-11-10T14:37:27.511435+00:00, run_after=2022-11-11T14:37:27.511435+00:00
[2022-11-11T14:37:27.535+0000] {processor.py:176} INFO - Processing /home/airflow/.local/lib/python3.7/site-packages/airflow/example_dags/example_task_group.py took 0.145 seconds
[2022-11-11T14:37:57.927+0000] {processor.py:154} INFO - Started process (PID=1260) to work on /home/airflow/.local/lib/python3.7/site-packages/airflow/example_dags/example_task_group.py
[2022-11-11T14:37:57.928+0000] {processor.py:756} INFO - Processing file /home/airflow/.local/lib/python3.7/site-packages/airflow/example_dags/example_task_group.py for tasks to queue
[2022-11-11T14:37:57.929+0000] {logging_mixin.py:120} INFO - [2022-11-11T14:37:57.929+0000] {dagbag.py:537} INFO - Filling up the DagBag from /home/airflow/.local/lib/python3.7/site-packages/airflow/example_dags/example_task_group.py
[2022-11-11T14:37:57.952+0000] {processor.py:766} INFO - DAG(s) dict_keys(['example_task_group']) retrieved from /home/airflow/.local/lib/python3.7/site-packages/airflow/example_dags/example_task_group.py
[2022-11-11T14:37:58.008+0000] {logging_mixin.py:120} INFO - [2022-11-11T14:37:58.008+0000] {dag.py:2585} INFO - Sync 1 DAGs
[2022-11-11T14:37:58.051+0000] {logging_mixin.py:120} INFO - [2022-11-11T14:37:58.051+0000] {dag.py:3340} INFO - Setting next_dagrun for example_task_group to 2022-11-10T14:37:58.050676+00:00, run_after=2022-11-11T14:37:58.050676+00:00
[2022-11-11T14:37:58.077+0000] {processor.py:176} INFO - Processing /home/airflow/.local/lib/python3.7/site-packages/airflow/example_dags/example_task_group.py took 0.154 seconds
[2022-11-11T14:38:28.273+0000] {processor.py:154} INFO - Started process (PID=1316) to work on /home/airflow/.local/lib/python3.7/site-packages/airflow/example_dags/example_task_group.py
[2022-11-11T14:38:28.275+0000] {processor.py:756} INFO - Processing file /home/airflow/.local/lib/python3.7/site-packages/airflow/example_dags/example_task_group.py for tasks to queue
[2022-11-11T14:38:28.276+0000] {logging_mixin.py:120} INFO - [2022-11-11T14:38:28.276+0000] {dagbag.py:537} INFO - Filling up the DagBag from /home/airflow/.local/lib/python3.7/site-packages/airflow/example_dags/example_task_group.py
[2022-11-11T14:38:28.299+0000] {processor.py:766} INFO - DAG(s) dict_keys(['example_task_group']) retrieved from /home/airflow/.local/lib/python3.7/site-packages/airflow/example_dags/example_task_group.py
[2022-11-11T14:38:28.357+0000] {logging_mixin.py:120} INFO - [2022-11-11T14:38:28.356+0000] {dag.py:2585} INFO - Sync 1 DAGs
[2022-11-11T14:38:28.393+0000] {logging_mixin.py:120} INFO - [2022-11-11T14:38:28.392+0000] {dag.py:3340} INFO - Setting next_dagrun for example_task_group to 2022-11-10T14:38:28.392415+00:00, run_after=2022-11-11T14:38:28.392415+00:00
[2022-11-11T14:38:28.418+0000] {processor.py:176} INFO - Processing /home/airflow/.local/lib/python3.7/site-packages/airflow/example_dags/example_task_group.py took 0.151 seconds
[2022-11-11T14:38:58.971+0000] {processor.py:154} INFO - Started process (PID=1372) to work on /home/airflow/.local/lib/python3.7/site-packages/airflow/example_dags/example_task_group.py
[2022-11-11T14:38:58.972+0000] {processor.py:756} INFO - Processing file /home/airflow/.local/lib/python3.7/site-packages/airflow/example_dags/example_task_group.py for tasks to queue
[2022-11-11T14:38:58.973+0000] {logging_mixin.py:120} INFO - [2022-11-11T14:38:58.973+0000] {dagbag.py:537} INFO - Filling up the DagBag from /home/airflow/.local/lib/python3.7/site-packages/airflow/example_dags/example_task_group.py
[2022-11-11T14:38:58.996+0000] {processor.py:766} INFO - DAG(s) dict_keys(['example_task_group']) retrieved from /home/airflow/.local/lib/python3.7/site-packages/airflow/example_dags/example_task_group.py
[2022-11-11T14:38:59.048+0000] {logging_mixin.py:120} INFO - [2022-11-11T14:38:59.048+0000] {dag.py:2585} INFO - Sync 1 DAGs
[2022-11-11T14:38:59.082+0000] {logging_mixin.py:120} INFO - [2022-11-11T14:38:59.082+0000] {dag.py:3340} INFO - Setting next_dagrun for example_task_group to 2022-11-10T14:38:59.082126+00:00, run_after=2022-11-11T14:38:59.082126+00:00
[2022-11-11T14:38:59.108+0000] {processor.py:176} INFO - Processing /home/airflow/.local/lib/python3.7/site-packages/airflow/example_dags/example_task_group.py took 0.142 seconds
[2022-11-11T14:39:29.646+0000] {processor.py:154} INFO - Started process (PID=1430) to work on /home/airflow/.local/lib/python3.7/site-packages/airflow/example_dags/example_task_group.py
[2022-11-11T14:39:29.647+0000] {processor.py:756} INFO - Processing file /home/airflow/.local/lib/python3.7/site-packages/airflow/example_dags/example_task_group.py for tasks to queue
[2022-11-11T14:39:29.648+0000] {logging_mixin.py:120} INFO - [2022-11-11T14:39:29.648+0000] {dagbag.py:537} INFO - Filling up the DagBag from /home/airflow/.local/lib/python3.7/site-packages/airflow/example_dags/example_task_group.py
[2022-11-11T14:39:29.671+0000] {processor.py:766} INFO - DAG(s) dict_keys(['example_task_group']) retrieved from /home/airflow/.local/lib/python3.7/site-packages/airflow/example_dags/example_task_group.py
[2022-11-11T14:39:29.724+0000] {logging_mixin.py:120} INFO - [2022-11-11T14:39:29.724+0000] {dag.py:2585} INFO - Sync 1 DAGs
[2022-11-11T14:39:29.760+0000] {logging_mixin.py:120} INFO - [2022-11-11T14:39:29.760+0000] {dag.py:3340} INFO - Setting next_dagrun for example_task_group to 2022-11-10T14:39:29.759771+00:00, run_after=2022-11-11T14:39:29.759771+00:00
[2022-11-11T14:39:29.786+0000] {processor.py:176} INFO - Processing /home/airflow/.local/lib/python3.7/site-packages/airflow/example_dags/example_task_group.py took 0.146 seconds
[2022-11-11T14:40:00.366+0000] {processor.py:154} INFO - Started process (PID=1486) to work on /home/airflow/.local/lib/python3.7/site-packages/airflow/example_dags/example_task_group.py
[2022-11-11T14:40:00.368+0000] {processor.py:756} INFO - Processing file /home/airflow/.local/lib/python3.7/site-packages/airflow/example_dags/example_task_group.py for tasks to queue
[2022-11-11T14:40:00.368+0000] {logging_mixin.py:120} INFO - [2022-11-11T14:40:00.368+0000] {dagbag.py:537} INFO - Filling up the DagBag from /home/airflow/.local/lib/python3.7/site-packages/airflow/example_dags/example_task_group.py
[2022-11-11T14:40:00.392+0000] {processor.py:766} INFO - DAG(s) dict_keys(['example_task_group']) retrieved from /home/airflow/.local/lib/python3.7/site-packages/airflow/example_dags/example_task_group.py
[2022-11-11T14:40:00.447+0000] {logging_mixin.py:120} INFO - [2022-11-11T14:40:00.446+0000] {dag.py:2585} INFO - Sync 1 DAGs
[2022-11-11T14:40:00.481+0000] {logging_mixin.py:120} INFO - [2022-11-11T14:40:00.481+0000] {dag.py:3340} INFO - Setting next_dagrun for example_task_group to 2022-11-10T14:40:00.481236+00:00, run_after=2022-11-11T14:40:00.481236+00:00
[2022-11-11T14:40:00.505+0000] {processor.py:176} INFO - Processing /home/airflow/.local/lib/python3.7/site-packages/airflow/example_dags/example_task_group.py took 0.143 seconds
[2022-11-11T14:40:30.815+0000] {processor.py:154} INFO - Started process (PID=1542) to work on /home/airflow/.local/lib/python3.7/site-packages/airflow/example_dags/example_task_group.py
[2022-11-11T14:40:30.816+0000] {processor.py:756} INFO - Processing file /home/airflow/.local/lib/python3.7/site-packages/airflow/example_dags/example_task_group.py for tasks to queue
[2022-11-11T14:40:30.817+0000] {logging_mixin.py:120} INFO - [2022-11-11T14:40:30.817+0000] {dagbag.py:537} INFO - Filling up the DagBag from /home/airflow/.local/lib/python3.7/site-packages/airflow/example_dags/example_task_group.py
[2022-11-11T14:40:30.842+0000] {processor.py:766} INFO - DAG(s) dict_keys(['example_task_group']) retrieved from /home/airflow/.local/lib/python3.7/site-packages/airflow/example_dags/example_task_group.py
[2022-11-11T14:40:30.900+0000] {logging_mixin.py:120} INFO - [2022-11-11T14:40:30.900+0000] {dag.py:2585} INFO - Sync 1 DAGs
[2022-11-11T14:40:30.937+0000] {logging_mixin.py:120} INFO - [2022-11-11T14:40:30.937+0000] {dag.py:3340} INFO - Setting next_dagrun for example_task_group to 2022-11-10T14:40:30.937402+00:00, run_after=2022-11-11T14:40:30.937402+00:00
[2022-11-11T14:40:30.965+0000] {processor.py:176} INFO - Processing /home/airflow/.local/lib/python3.7/site-packages/airflow/example_dags/example_task_group.py took 0.155 seconds
[2022-11-11T14:41:01.233+0000] {processor.py:154} INFO - Started process (PID=1598) to work on /home/airflow/.local/lib/python3.7/site-packages/airflow/example_dags/example_task_group.py
[2022-11-11T14:41:01.235+0000] {processor.py:756} INFO - Processing file /home/airflow/.local/lib/python3.7/site-packages/airflow/example_dags/example_task_group.py for tasks to queue
[2022-11-11T14:41:01.235+0000] {logging_mixin.py:120} INFO - [2022-11-11T14:41:01.235+0000] {dagbag.py:537} INFO - Filling up the DagBag from /home/airflow/.local/lib/python3.7/site-packages/airflow/example_dags/example_task_group.py
[2022-11-11T14:41:01.259+0000] {processor.py:766} INFO - DAG(s) dict_keys(['example_task_group']) retrieved from /home/airflow/.local/lib/python3.7/site-packages/airflow/example_dags/example_task_group.py
[2022-11-11T14:41:01.314+0000] {logging_mixin.py:120} INFO - [2022-11-11T14:41:01.314+0000] {dag.py:2585} INFO - Sync 1 DAGs
[2022-11-11T14:41:01.350+0000] {logging_mixin.py:120} INFO - [2022-11-11T14:41:01.350+0000] {dag.py:3340} INFO - Setting next_dagrun for example_task_group to 2022-11-10T14:41:01.350120+00:00, run_after=2022-11-11T14:41:01.350120+00:00
[2022-11-11T14:41:01.376+0000] {processor.py:176} INFO - Processing /home/airflow/.local/lib/python3.7/site-packages/airflow/example_dags/example_task_group.py took 0.148 seconds
[2022-11-11T14:41:31.922+0000] {processor.py:154} INFO - Started process (PID=1655) to work on /home/airflow/.local/lib/python3.7/site-packages/airflow/example_dags/example_task_group.py
[2022-11-11T14:41:31.923+0000] {processor.py:756} INFO - Processing file /home/airflow/.local/lib/python3.7/site-packages/airflow/example_dags/example_task_group.py for tasks to queue
[2022-11-11T14:41:31.924+0000] {logging_mixin.py:120} INFO - [2022-11-11T14:41:31.923+0000] {dagbag.py:537} INFO - Filling up the DagBag from /home/airflow/.local/lib/python3.7/site-packages/airflow/example_dags/example_task_group.py
[2022-11-11T14:41:31.947+0000] {processor.py:766} INFO - DAG(s) dict_keys(['example_task_group']) retrieved from /home/airflow/.local/lib/python3.7/site-packages/airflow/example_dags/example_task_group.py
[2022-11-11T14:41:32.000+0000] {logging_mixin.py:120} INFO - [2022-11-11T14:41:31.999+0000] {dag.py:2585} INFO - Sync 1 DAGs
[2022-11-11T14:41:32.035+0000] {logging_mixin.py:120} INFO - [2022-11-11T14:41:32.035+0000] {dag.py:3340} INFO - Setting next_dagrun for example_task_group to 2022-11-10T14:41:32.034874+00:00, run_after=2022-11-11T14:41:32.034874+00:00
[2022-11-11T14:41:32.059+0000] {processor.py:176} INFO - Processing /home/airflow/.local/lib/python3.7/site-packages/airflow/example_dags/example_task_group.py took 0.142 seconds
[2022-11-11T14:42:02.511+0000] {processor.py:154} INFO - Started process (PID=1714) to work on /home/airflow/.local/lib/python3.7/site-packages/airflow/example_dags/example_task_group.py
[2022-11-11T14:42:02.512+0000] {processor.py:756} INFO - Processing file /home/airflow/.local/lib/python3.7/site-packages/airflow/example_dags/example_task_group.py for tasks to queue
[2022-11-11T14:42:02.513+0000] {logging_mixin.py:120} INFO - [2022-11-11T14:42:02.513+0000] {dagbag.py:537} INFO - Filling up the DagBag from /home/airflow/.local/lib/python3.7/site-packages/airflow/example_dags/example_task_group.py
[2022-11-11T14:42:02.537+0000] {processor.py:766} INFO - DAG(s) dict_keys(['example_task_group']) retrieved from /home/airflow/.local/lib/python3.7/site-packages/airflow/example_dags/example_task_group.py
[2022-11-11T14:42:02.595+0000] {logging_mixin.py:120} INFO - [2022-11-11T14:42:02.595+0000] {dag.py:2585} INFO - Sync 1 DAGs
[2022-11-11T14:42:02.630+0000] {logging_mixin.py:120} INFO - [2022-11-11T14:42:02.630+0000] {dag.py:3340} INFO - Setting next_dagrun for example_task_group to 2022-11-10T14:42:02.629779+00:00, run_after=2022-11-11T14:42:02.629779+00:00
[2022-11-11T14:42:02.658+0000] {processor.py:176} INFO - Processing /home/airflow/.local/lib/python3.7/site-packages/airflow/example_dags/example_task_group.py took 0.152 seconds
[2022-11-11T14:42:32.844+0000] {processor.py:154} INFO - Started process (PID=1771) to work on /home/airflow/.local/lib/python3.7/site-packages/airflow/example_dags/example_task_group.py
[2022-11-11T14:42:32.845+0000] {processor.py:756} INFO - Processing file /home/airflow/.local/lib/python3.7/site-packages/airflow/example_dags/example_task_group.py for tasks to queue
[2022-11-11T14:42:32.845+0000] {logging_mixin.py:120} INFO - [2022-11-11T14:42:32.845+0000] {dagbag.py:537} INFO - Filling up the DagBag from /home/airflow/.local/lib/python3.7/site-packages/airflow/example_dags/example_task_group.py
[2022-11-11T14:42:32.868+0000] {processor.py:766} INFO - DAG(s) dict_keys(['example_task_group']) retrieved from /home/airflow/.local/lib/python3.7/site-packages/airflow/example_dags/example_task_group.py
[2022-11-11T14:42:32.923+0000] {logging_mixin.py:120} INFO - [2022-11-11T14:42:32.923+0000] {dag.py:2585} INFO - Sync 1 DAGs
[2022-11-11T14:42:32.956+0000] {logging_mixin.py:120} INFO - [2022-11-11T14:42:32.956+0000] {dag.py:3340} INFO - Setting next_dagrun for example_task_group to 2022-11-10T14:42:32.955706+00:00, run_after=2022-11-11T14:42:32.955706+00:00
[2022-11-11T14:42:32.979+0000] {processor.py:176} INFO - Processing /home/airflow/.local/lib/python3.7/site-packages/airflow/example_dags/example_task_group.py took 0.140 seconds
[2022-11-11T14:43:03.389+0000] {processor.py:154} INFO - Started process (PID=1830) to work on /home/airflow/.local/lib/python3.7/site-packages/airflow/example_dags/example_task_group.py
[2022-11-11T14:43:03.390+0000] {processor.py:756} INFO - Processing file /home/airflow/.local/lib/python3.7/site-packages/airflow/example_dags/example_task_group.py for tasks to queue
[2022-11-11T14:43:03.391+0000] {logging_mixin.py:120} INFO - [2022-11-11T14:43:03.391+0000] {dagbag.py:537} INFO - Filling up the DagBag from /home/airflow/.local/lib/python3.7/site-packages/airflow/example_dags/example_task_group.py
[2022-11-11T14:43:03.416+0000] {processor.py:766} INFO - DAG(s) dict_keys(['example_task_group']) retrieved from /home/airflow/.local/lib/python3.7/site-packages/airflow/example_dags/example_task_group.py
[2022-11-11T14:43:03.472+0000] {logging_mixin.py:120} INFO - [2022-11-11T14:43:03.472+0000] {dag.py:2585} INFO - Sync 1 DAGs
[2022-11-11T14:43:03.507+0000] {logging_mixin.py:120} INFO - [2022-11-11T14:43:03.507+0000] {dag.py:3340} INFO - Setting next_dagrun for example_task_group to 2022-11-10T14:43:03.506992+00:00, run_after=2022-11-11T14:43:03.506992+00:00
[2022-11-11T14:43:03.536+0000] {processor.py:176} INFO - Processing /home/airflow/.local/lib/python3.7/site-packages/airflow/example_dags/example_task_group.py took 0.153 seconds
[2022-11-11T14:43:34.130+0000] {processor.py:154} INFO - Started process (PID=1887) to work on /home/airflow/.local/lib/python3.7/site-packages/airflow/example_dags/example_task_group.py
[2022-11-11T14:43:34.131+0000] {processor.py:756} INFO - Processing file /home/airflow/.local/lib/python3.7/site-packages/airflow/example_dags/example_task_group.py for tasks to queue
[2022-11-11T14:43:34.132+0000] {logging_mixin.py:120} INFO - [2022-11-11T14:43:34.132+0000] {dagbag.py:537} INFO - Filling up the DagBag from /home/airflow/.local/lib/python3.7/site-packages/airflow/example_dags/example_task_group.py
[2022-11-11T14:43:34.155+0000] {processor.py:766} INFO - DAG(s) dict_keys(['example_task_group']) retrieved from /home/airflow/.local/lib/python3.7/site-packages/airflow/example_dags/example_task_group.py
[2022-11-11T14:43:34.209+0000] {logging_mixin.py:120} INFO - [2022-11-11T14:43:34.209+0000] {dag.py:2585} INFO - Sync 1 DAGs
[2022-11-11T14:43:34.243+0000] {logging_mixin.py:120} INFO - [2022-11-11T14:43:34.242+0000] {dag.py:3340} INFO - Setting next_dagrun for example_task_group to 2022-11-10T14:43:34.242564+00:00, run_after=2022-11-11T14:43:34.242564+00:00
[2022-11-11T14:43:34.266+0000] {processor.py:176} INFO - Processing /home/airflow/.local/lib/python3.7/site-packages/airflow/example_dags/example_task_group.py took 0.142 seconds
[2022-11-11T14:44:04.308+0000] {processor.py:154} INFO - Started process (PID=1943) to work on /home/airflow/.local/lib/python3.7/site-packages/airflow/example_dags/example_task_group.py
[2022-11-11T14:44:04.309+0000] {processor.py:756} INFO - Processing file /home/airflow/.local/lib/python3.7/site-packages/airflow/example_dags/example_task_group.py for tasks to queue
[2022-11-11T14:44:04.310+0000] {logging_mixin.py:120} INFO - [2022-11-11T14:44:04.310+0000] {dagbag.py:537} INFO - Filling up the DagBag from /home/airflow/.local/lib/python3.7/site-packages/airflow/example_dags/example_task_group.py
[2022-11-11T14:44:04.334+0000] {processor.py:766} INFO - DAG(s) dict_keys(['example_task_group']) retrieved from /home/airflow/.local/lib/python3.7/site-packages/airflow/example_dags/example_task_group.py
[2022-11-11T14:44:04.395+0000] {logging_mixin.py:120} INFO - [2022-11-11T14:44:04.395+0000] {dag.py:2585} INFO - Sync 1 DAGs
[2022-11-11T14:44:04.430+0000] {logging_mixin.py:120} INFO - [2022-11-11T14:44:04.430+0000] {dag.py:3340} INFO - Setting next_dagrun for example_task_group to 2022-11-10T14:44:04.429919+00:00, run_after=2022-11-11T14:44:04.429919+00:00
[2022-11-11T14:44:04.454+0000] {processor.py:176} INFO - Processing /home/airflow/.local/lib/python3.7/site-packages/airflow/example_dags/example_task_group.py took 0.151 seconds
