[2022-11-11T14:18:11.460+0000] {processor.py:154} INFO - Started process (PID=90) to work on /home/airflow/.local/lib/python3.7/site-packages/airflow/example_dags/example_nested_branch_dag.py
[2022-11-11T14:18:11.461+0000] {processor.py:756} INFO - Processing file /home/airflow/.local/lib/python3.7/site-packages/airflow/example_dags/example_nested_branch_dag.py for tasks to queue
[2022-11-11T14:18:11.462+0000] {logging_mixin.py:120} INFO - [2022-11-11T14:18:11.462+0000] {dagbag.py:537} INFO - Filling up the DagBag from /home/airflow/.local/lib/python3.7/site-packages/airflow/example_dags/example_nested_branch_dag.py
[2022-11-11T14:18:11.502+0000] {processor.py:766} INFO - DAG(s) dict_keys(['example_nested_branch_dag']) retrieved from /home/airflow/.local/lib/python3.7/site-packages/airflow/example_dags/example_nested_branch_dag.py
[2022-11-11T14:18:11.696+0000] {logging_mixin.py:120} INFO - [2022-11-11T14:18:11.696+0000] {manager.py:507} INFO - Created Permission View: can read on DAG:example_nested_branch_dag
[2022-11-11T14:18:11.715+0000] {logging_mixin.py:120} INFO - [2022-11-11T14:18:11.715+0000] {manager.py:507} INFO - Created Permission View: can edit on DAG:example_nested_branch_dag
[2022-11-11T14:18:11.726+0000] {logging_mixin.py:120} INFO - [2022-11-11T14:18:11.726+0000] {manager.py:507} INFO - Created Permission View: can delete on DAG:example_nested_branch_dag
[2022-11-11T14:18:11.726+0000] {logging_mixin.py:120} INFO - [2022-11-11T14:18:11.726+0000] {dag.py:2585} INFO - Sync 1 DAGs
[2022-11-11T14:18:11.745+0000] {logging_mixin.py:120} INFO - [2022-11-11T14:18:11.744+0000] {dag.py:2606} INFO - Creating ORM DAG for example_nested_branch_dag
[2022-11-11T14:18:11.762+0000] {logging_mixin.py:120} INFO - [2022-11-11T14:18:11.762+0000] {dag.py:3340} INFO - Setting next_dagrun for example_nested_branch_dag to 2022-11-10T00:00:00+00:00, run_after=2022-11-11T00:00:00+00:00
[2022-11-11T14:18:11.787+0000] {processor.py:176} INFO - Processing /home/airflow/.local/lib/python3.7/site-packages/airflow/example_dags/example_nested_branch_dag.py took 0.333 seconds
[2022-11-11T14:18:42.082+0000] {processor.py:154} INFO - Started process (PID=147) to work on /home/airflow/.local/lib/python3.7/site-packages/airflow/example_dags/example_nested_branch_dag.py
[2022-11-11T14:18:42.083+0000] {processor.py:756} INFO - Processing file /home/airflow/.local/lib/python3.7/site-packages/airflow/example_dags/example_nested_branch_dag.py for tasks to queue
[2022-11-11T14:18:42.084+0000] {logging_mixin.py:120} INFO - [2022-11-11T14:18:42.084+0000] {dagbag.py:537} INFO - Filling up the DagBag from /home/airflow/.local/lib/python3.7/site-packages/airflow/example_dags/example_nested_branch_dag.py
[2022-11-11T14:18:42.120+0000] {processor.py:766} INFO - DAG(s) dict_keys(['example_nested_branch_dag']) retrieved from /home/airflow/.local/lib/python3.7/site-packages/airflow/example_dags/example_nested_branch_dag.py
[2022-11-11T14:18:42.179+0000] {logging_mixin.py:120} INFO - [2022-11-11T14:18:42.178+0000] {dag.py:2585} INFO - Sync 1 DAGs
[2022-11-11T14:18:42.216+0000] {logging_mixin.py:120} INFO - [2022-11-11T14:18:42.215+0000] {dag.py:3340} INFO - Setting next_dagrun for example_nested_branch_dag to 2022-11-10T00:00:00+00:00, run_after=2022-11-11T00:00:00+00:00
[2022-11-11T14:18:42.243+0000] {processor.py:176} INFO - Processing /home/airflow/.local/lib/python3.7/site-packages/airflow/example_dags/example_nested_branch_dag.py took 0.166 seconds
[2022-11-11T14:19:12.332+0000] {processor.py:154} INFO - Started process (PID=205) to work on /home/airflow/.local/lib/python3.7/site-packages/airflow/example_dags/example_nested_branch_dag.py
[2022-11-11T14:19:12.333+0000] {processor.py:756} INFO - Processing file /home/airflow/.local/lib/python3.7/site-packages/airflow/example_dags/example_nested_branch_dag.py for tasks to queue
[2022-11-11T14:19:12.334+0000] {logging_mixin.py:120} INFO - [2022-11-11T14:19:12.334+0000] {dagbag.py:537} INFO - Filling up the DagBag from /home/airflow/.local/lib/python3.7/site-packages/airflow/example_dags/example_nested_branch_dag.py
[2022-11-11T14:19:12.371+0000] {processor.py:766} INFO - DAG(s) dict_keys(['example_nested_branch_dag']) retrieved from /home/airflow/.local/lib/python3.7/site-packages/airflow/example_dags/example_nested_branch_dag.py
[2022-11-11T14:19:12.430+0000] {logging_mixin.py:120} INFO - [2022-11-11T14:19:12.430+0000] {dag.py:2585} INFO - Sync 1 DAGs
[2022-11-11T14:19:12.473+0000] {logging_mixin.py:120} INFO - [2022-11-11T14:19:12.473+0000] {dag.py:3340} INFO - Setting next_dagrun for example_nested_branch_dag to 2022-11-10T00:00:00+00:00, run_after=2022-11-11T00:00:00+00:00
[2022-11-11T14:19:12.498+0000] {processor.py:176} INFO - Processing /home/airflow/.local/lib/python3.7/site-packages/airflow/example_dags/example_nested_branch_dag.py took 0.172 seconds
[2022-11-11T14:19:43.198+0000] {processor.py:154} INFO - Started process (PID=261) to work on /home/airflow/.local/lib/python3.7/site-packages/airflow/example_dags/example_nested_branch_dag.py
[2022-11-11T14:19:43.199+0000] {processor.py:756} INFO - Processing file /home/airflow/.local/lib/python3.7/site-packages/airflow/example_dags/example_nested_branch_dag.py for tasks to queue
[2022-11-11T14:19:43.200+0000] {logging_mixin.py:120} INFO - [2022-11-11T14:19:43.200+0000] {dagbag.py:537} INFO - Filling up the DagBag from /home/airflow/.local/lib/python3.7/site-packages/airflow/example_dags/example_nested_branch_dag.py
[2022-11-11T14:19:43.237+0000] {processor.py:766} INFO - DAG(s) dict_keys(['example_nested_branch_dag']) retrieved from /home/airflow/.local/lib/python3.7/site-packages/airflow/example_dags/example_nested_branch_dag.py
[2022-11-11T14:19:43.294+0000] {logging_mixin.py:120} INFO - [2022-11-11T14:19:43.294+0000] {dag.py:2585} INFO - Sync 1 DAGs
[2022-11-11T14:19:43.334+0000] {logging_mixin.py:120} INFO - [2022-11-11T14:19:43.334+0000] {dag.py:3340} INFO - Setting next_dagrun for example_nested_branch_dag to 2022-11-10T00:00:00+00:00, run_after=2022-11-11T00:00:00+00:00
[2022-11-11T14:19:43.361+0000] {processor.py:176} INFO - Processing /home/airflow/.local/lib/python3.7/site-packages/airflow/example_dags/example_nested_branch_dag.py took 0.168 seconds
[2022-11-11T14:22:49.236+0000] {processor.py:154} INFO - Started process (PID=76) to work on /home/airflow/.local/lib/python3.7/site-packages/airflow/example_dags/example_nested_branch_dag.py
[2022-11-11T14:22:49.237+0000] {processor.py:756} INFO - Processing file /home/airflow/.local/lib/python3.7/site-packages/airflow/example_dags/example_nested_branch_dag.py for tasks to queue
[2022-11-11T14:22:49.238+0000] {logging_mixin.py:120} INFO - [2022-11-11T14:22:49.238+0000] {dagbag.py:537} INFO - Filling up the DagBag from /home/airflow/.local/lib/python3.7/site-packages/airflow/example_dags/example_nested_branch_dag.py
[2022-11-11T14:22:49.276+0000] {processor.py:766} INFO - DAG(s) dict_keys(['example_nested_branch_dag']) retrieved from /home/airflow/.local/lib/python3.7/site-packages/airflow/example_dags/example_nested_branch_dag.py
[2022-11-11T14:22:49.339+0000] {logging_mixin.py:120} INFO - [2022-11-11T14:22:49.339+0000] {dag.py:2585} INFO - Sync 1 DAGs
[2022-11-11T14:22:49.376+0000] {logging_mixin.py:120} INFO - [2022-11-11T14:22:49.376+0000] {dag.py:3340} INFO - Setting next_dagrun for example_nested_branch_dag to 2022-11-10T00:00:00+00:00, run_after=2022-11-11T00:00:00+00:00
[2022-11-11T14:22:49.795+0000] {processor.py:176} INFO - Processing /home/airflow/.local/lib/python3.7/site-packages/airflow/example_dags/example_nested_branch_dag.py took 0.565 seconds
[2022-11-11T14:23:20.330+0000] {processor.py:154} INFO - Started process (PID=134) to work on /home/airflow/.local/lib/python3.7/site-packages/airflow/example_dags/example_nested_branch_dag.py
[2022-11-11T14:23:20.332+0000] {processor.py:756} INFO - Processing file /home/airflow/.local/lib/python3.7/site-packages/airflow/example_dags/example_nested_branch_dag.py for tasks to queue
[2022-11-11T14:23:20.333+0000] {logging_mixin.py:120} INFO - [2022-11-11T14:23:20.333+0000] {dagbag.py:537} INFO - Filling up the DagBag from /home/airflow/.local/lib/python3.7/site-packages/airflow/example_dags/example_nested_branch_dag.py
[2022-11-11T14:23:20.369+0000] {processor.py:766} INFO - DAG(s) dict_keys(['example_nested_branch_dag']) retrieved from /home/airflow/.local/lib/python3.7/site-packages/airflow/example_dags/example_nested_branch_dag.py
[2022-11-11T14:23:20.431+0000] {logging_mixin.py:120} INFO - [2022-11-11T14:23:20.431+0000] {dag.py:2585} INFO - Sync 1 DAGs
[2022-11-11T14:23:20.482+0000] {logging_mixin.py:120} INFO - [2022-11-11T14:23:20.481+0000] {dag.py:3340} INFO - Setting next_dagrun for example_nested_branch_dag to 2022-11-10T00:00:00+00:00, run_after=2022-11-11T00:00:00+00:00
[2022-11-11T14:23:20.509+0000] {processor.py:176} INFO - Processing /home/airflow/.local/lib/python3.7/site-packages/airflow/example_dags/example_nested_branch_dag.py took 0.185 seconds
[2022-11-11T14:24:42.120+0000] {processor.py:154} INFO - Started process (PID=79) to work on /home/airflow/.local/lib/python3.7/site-packages/airflow/example_dags/example_nested_branch_dag.py
[2022-11-11T14:24:42.121+0000] {processor.py:756} INFO - Processing file /home/airflow/.local/lib/python3.7/site-packages/airflow/example_dags/example_nested_branch_dag.py for tasks to queue
[2022-11-11T14:24:42.122+0000] {logging_mixin.py:120} INFO - [2022-11-11T14:24:42.122+0000] {dagbag.py:537} INFO - Filling up the DagBag from /home/airflow/.local/lib/python3.7/site-packages/airflow/example_dags/example_nested_branch_dag.py
[2022-11-11T14:24:42.158+0000] {processor.py:766} INFO - DAG(s) dict_keys(['example_nested_branch_dag']) retrieved from /home/airflow/.local/lib/python3.7/site-packages/airflow/example_dags/example_nested_branch_dag.py
[2022-11-11T14:24:42.213+0000] {logging_mixin.py:120} INFO - [2022-11-11T14:24:42.213+0000] {dag.py:2585} INFO - Sync 1 DAGs
[2022-11-11T14:24:42.248+0000] {logging_mixin.py:120} INFO - [2022-11-11T14:24:42.248+0000] {dag.py:3340} INFO - Setting next_dagrun for example_nested_branch_dag to 2022-11-10T00:00:00+00:00, run_after=2022-11-11T00:00:00+00:00
[2022-11-11T14:24:42.275+0000] {processor.py:176} INFO - Processing /home/airflow/.local/lib/python3.7/site-packages/airflow/example_dags/example_nested_branch_dag.py took 0.161 seconds
[2022-11-11T14:27:17.961+0000] {processor.py:154} INFO - Started process (PID=79) to work on /home/airflow/.local/lib/python3.7/site-packages/airflow/example_dags/example_nested_branch_dag.py
[2022-11-11T14:27:17.963+0000] {processor.py:756} INFO - Processing file /home/airflow/.local/lib/python3.7/site-packages/airflow/example_dags/example_nested_branch_dag.py for tasks to queue
[2022-11-11T14:27:17.964+0000] {logging_mixin.py:120} INFO - [2022-11-11T14:27:17.964+0000] {dagbag.py:537} INFO - Filling up the DagBag from /home/airflow/.local/lib/python3.7/site-packages/airflow/example_dags/example_nested_branch_dag.py
[2022-11-11T14:27:18.008+0000] {processor.py:766} INFO - DAG(s) dict_keys(['example_nested_branch_dag']) retrieved from /home/airflow/.local/lib/python3.7/site-packages/airflow/example_dags/example_nested_branch_dag.py
[2022-11-11T14:27:18.069+0000] {logging_mixin.py:120} INFO - [2022-11-11T14:27:18.068+0000] {dag.py:2585} INFO - Sync 1 DAGs
[2022-11-11T14:27:18.107+0000] {logging_mixin.py:120} INFO - [2022-11-11T14:27:18.107+0000] {dag.py:3340} INFO - Setting next_dagrun for example_nested_branch_dag to 2022-11-10T00:00:00+00:00, run_after=2022-11-11T00:00:00+00:00
[2022-11-11T14:27:18.137+0000] {processor.py:176} INFO - Processing /home/airflow/.local/lib/python3.7/site-packages/airflow/example_dags/example_nested_branch_dag.py took 0.182 seconds
[2022-11-11T14:27:54.212+0000] {processor.py:154} INFO - Started process (PID=136) to work on /home/airflow/.local/lib/python3.7/site-packages/airflow/example_dags/example_nested_branch_dag.py
[2022-11-11T14:27:54.213+0000] {processor.py:756} INFO - Processing file /home/airflow/.local/lib/python3.7/site-packages/airflow/example_dags/example_nested_branch_dag.py for tasks to queue
[2022-11-11T14:27:54.214+0000] {logging_mixin.py:120} INFO - [2022-11-11T14:27:54.214+0000] {dagbag.py:537} INFO - Filling up the DagBag from /home/airflow/.local/lib/python3.7/site-packages/airflow/example_dags/example_nested_branch_dag.py
[2022-11-11T14:27:54.249+0000] {processor.py:766} INFO - DAG(s) dict_keys(['example_nested_branch_dag']) retrieved from /home/airflow/.local/lib/python3.7/site-packages/airflow/example_dags/example_nested_branch_dag.py
[2022-11-11T14:27:54.307+0000] {logging_mixin.py:120} INFO - [2022-11-11T14:27:54.307+0000] {dag.py:2585} INFO - Sync 1 DAGs
[2022-11-11T14:27:54.343+0000] {logging_mixin.py:120} INFO - [2022-11-11T14:27:54.343+0000] {dag.py:3340} INFO - Setting next_dagrun for example_nested_branch_dag to 2022-11-10T00:00:00+00:00, run_after=2022-11-11T00:00:00+00:00
[2022-11-11T14:27:54.926+0000] {processor.py:176} INFO - Processing /home/airflow/.local/lib/python3.7/site-packages/airflow/example_dags/example_nested_branch_dag.py took 0.719 seconds
[2022-11-11T14:28:25.429+0000] {processor.py:154} INFO - Started process (PID=195) to work on /home/airflow/.local/lib/python3.7/site-packages/airflow/example_dags/example_nested_branch_dag.py
[2022-11-11T14:28:25.431+0000] {processor.py:756} INFO - Processing file /home/airflow/.local/lib/python3.7/site-packages/airflow/example_dags/example_nested_branch_dag.py for tasks to queue
[2022-11-11T14:28:25.432+0000] {logging_mixin.py:120} INFO - [2022-11-11T14:28:25.432+0000] {dagbag.py:537} INFO - Filling up the DagBag from /home/airflow/.local/lib/python3.7/site-packages/airflow/example_dags/example_nested_branch_dag.py
[2022-11-11T14:28:25.466+0000] {processor.py:766} INFO - DAG(s) dict_keys(['example_nested_branch_dag']) retrieved from /home/airflow/.local/lib/python3.7/site-packages/airflow/example_dags/example_nested_branch_dag.py
[2022-11-11T14:28:25.522+0000] {logging_mixin.py:120} INFO - [2022-11-11T14:28:25.521+0000] {dag.py:2585} INFO - Sync 1 DAGs
[2022-11-11T14:28:25.558+0000] {logging_mixin.py:120} INFO - [2022-11-11T14:28:25.557+0000] {dag.py:3340} INFO - Setting next_dagrun for example_nested_branch_dag to 2022-11-10T00:00:00+00:00, run_after=2022-11-11T00:00:00+00:00
[2022-11-11T14:28:26.080+0000] {processor.py:176} INFO - Processing /home/airflow/.local/lib/python3.7/site-packages/airflow/example_dags/example_nested_branch_dag.py took 0.656 seconds
[2022-11-11T14:28:56.216+0000] {processor.py:154} INFO - Started process (PID=254) to work on /home/airflow/.local/lib/python3.7/site-packages/airflow/example_dags/example_nested_branch_dag.py
[2022-11-11T14:28:56.217+0000] {processor.py:756} INFO - Processing file /home/airflow/.local/lib/python3.7/site-packages/airflow/example_dags/example_nested_branch_dag.py for tasks to queue
[2022-11-11T14:28:56.218+0000] {logging_mixin.py:120} INFO - [2022-11-11T14:28:56.218+0000] {dagbag.py:537} INFO - Filling up the DagBag from /home/airflow/.local/lib/python3.7/site-packages/airflow/example_dags/example_nested_branch_dag.py
[2022-11-11T14:28:56.252+0000] {processor.py:766} INFO - DAG(s) dict_keys(['example_nested_branch_dag']) retrieved from /home/airflow/.local/lib/python3.7/site-packages/airflow/example_dags/example_nested_branch_dag.py
[2022-11-11T14:28:56.309+0000] {logging_mixin.py:120} INFO - [2022-11-11T14:28:56.309+0000] {dag.py:2585} INFO - Sync 1 DAGs
[2022-11-11T14:28:56.346+0000] {logging_mixin.py:120} INFO - [2022-11-11T14:28:56.345+0000] {dag.py:3340} INFO - Setting next_dagrun for example_nested_branch_dag to 2022-11-10T00:00:00+00:00, run_after=2022-11-11T00:00:00+00:00
[2022-11-11T14:28:56.370+0000] {processor.py:176} INFO - Processing /home/airflow/.local/lib/python3.7/site-packages/airflow/example_dags/example_nested_branch_dag.py took 0.159 seconds
[2022-11-11T14:29:27.044+0000] {processor.py:154} INFO - Started process (PID=318) to work on /home/airflow/.local/lib/python3.7/site-packages/airflow/example_dags/example_nested_branch_dag.py
[2022-11-11T14:29:27.046+0000] {processor.py:756} INFO - Processing file /home/airflow/.local/lib/python3.7/site-packages/airflow/example_dags/example_nested_branch_dag.py for tasks to queue
[2022-11-11T14:29:27.046+0000] {logging_mixin.py:120} INFO - [2022-11-11T14:29:27.046+0000] {dagbag.py:537} INFO - Filling up the DagBag from /home/airflow/.local/lib/python3.7/site-packages/airflow/example_dags/example_nested_branch_dag.py
[2022-11-11T14:29:27.085+0000] {processor.py:766} INFO - DAG(s) dict_keys(['example_nested_branch_dag']) retrieved from /home/airflow/.local/lib/python3.7/site-packages/airflow/example_dags/example_nested_branch_dag.py
[2022-11-11T14:29:27.160+0000] {logging_mixin.py:120} INFO - [2022-11-11T14:29:27.160+0000] {dag.py:2585} INFO - Sync 1 DAGs
[2022-11-11T14:29:27.215+0000] {logging_mixin.py:120} INFO - [2022-11-11T14:29:27.215+0000] {dag.py:3340} INFO - Setting next_dagrun for example_nested_branch_dag to 2022-11-10T00:00:00+00:00, run_after=2022-11-11T00:00:00+00:00
[2022-11-11T14:29:27.243+0000] {processor.py:176} INFO - Processing /home/airflow/.local/lib/python3.7/site-packages/airflow/example_dags/example_nested_branch_dag.py took 0.205 seconds
[2022-11-11T14:29:57.687+0000] {processor.py:154} INFO - Started process (PID=375) to work on /home/airflow/.local/lib/python3.7/site-packages/airflow/example_dags/example_nested_branch_dag.py
[2022-11-11T14:29:57.688+0000] {processor.py:756} INFO - Processing file /home/airflow/.local/lib/python3.7/site-packages/airflow/example_dags/example_nested_branch_dag.py for tasks to queue
[2022-11-11T14:29:57.690+0000] {logging_mixin.py:120} INFO - [2022-11-11T14:29:57.690+0000] {dagbag.py:537} INFO - Filling up the DagBag from /home/airflow/.local/lib/python3.7/site-packages/airflow/example_dags/example_nested_branch_dag.py
[2022-11-11T14:29:57.723+0000] {processor.py:766} INFO - DAG(s) dict_keys(['example_nested_branch_dag']) retrieved from /home/airflow/.local/lib/python3.7/site-packages/airflow/example_dags/example_nested_branch_dag.py
[2022-11-11T14:29:57.779+0000] {logging_mixin.py:120} INFO - [2022-11-11T14:29:57.779+0000] {dag.py:2585} INFO - Sync 1 DAGs
[2022-11-11T14:29:57.814+0000] {logging_mixin.py:120} INFO - [2022-11-11T14:29:57.814+0000] {dag.py:3340} INFO - Setting next_dagrun for example_nested_branch_dag to 2022-11-10T00:00:00+00:00, run_after=2022-11-11T00:00:00+00:00
[2022-11-11T14:29:57.837+0000] {processor.py:176} INFO - Processing /home/airflow/.local/lib/python3.7/site-packages/airflow/example_dags/example_nested_branch_dag.py took 0.156 seconds
[2022-11-11T14:30:28.286+0000] {processor.py:154} INFO - Started process (PID=432) to work on /home/airflow/.local/lib/python3.7/site-packages/airflow/example_dags/example_nested_branch_dag.py
[2022-11-11T14:30:28.287+0000] {processor.py:756} INFO - Processing file /home/airflow/.local/lib/python3.7/site-packages/airflow/example_dags/example_nested_branch_dag.py for tasks to queue
[2022-11-11T14:30:28.288+0000] {logging_mixin.py:120} INFO - [2022-11-11T14:30:28.288+0000] {dagbag.py:537} INFO - Filling up the DagBag from /home/airflow/.local/lib/python3.7/site-packages/airflow/example_dags/example_nested_branch_dag.py
[2022-11-11T14:30:28.330+0000] {processor.py:766} INFO - DAG(s) dict_keys(['example_nested_branch_dag']) retrieved from /home/airflow/.local/lib/python3.7/site-packages/airflow/example_dags/example_nested_branch_dag.py
[2022-11-11T14:30:28.388+0000] {logging_mixin.py:120} INFO - [2022-11-11T14:30:28.388+0000] {dag.py:2585} INFO - Sync 1 DAGs
[2022-11-11T14:30:28.424+0000] {logging_mixin.py:120} INFO - [2022-11-11T14:30:28.423+0000] {dag.py:3340} INFO - Setting next_dagrun for example_nested_branch_dag to 2022-11-10T00:00:00+00:00, run_after=2022-11-11T00:00:00+00:00
[2022-11-11T14:30:28.451+0000] {processor.py:176} INFO - Processing /home/airflow/.local/lib/python3.7/site-packages/airflow/example_dags/example_nested_branch_dag.py took 0.170 seconds
[2022-11-11T14:30:58.786+0000] {processor.py:154} INFO - Started process (PID=489) to work on /home/airflow/.local/lib/python3.7/site-packages/airflow/example_dags/example_nested_branch_dag.py
[2022-11-11T14:30:58.787+0000] {processor.py:756} INFO - Processing file /home/airflow/.local/lib/python3.7/site-packages/airflow/example_dags/example_nested_branch_dag.py for tasks to queue
[2022-11-11T14:30:58.788+0000] {logging_mixin.py:120} INFO - [2022-11-11T14:30:58.788+0000] {dagbag.py:537} INFO - Filling up the DagBag from /home/airflow/.local/lib/python3.7/site-packages/airflow/example_dags/example_nested_branch_dag.py
[2022-11-11T14:30:58.822+0000] {processor.py:766} INFO - DAG(s) dict_keys(['example_nested_branch_dag']) retrieved from /home/airflow/.local/lib/python3.7/site-packages/airflow/example_dags/example_nested_branch_dag.py
[2022-11-11T14:30:58.880+0000] {logging_mixin.py:120} INFO - [2022-11-11T14:30:58.880+0000] {dag.py:2585} INFO - Sync 1 DAGs
[2022-11-11T14:30:58.916+0000] {logging_mixin.py:120} INFO - [2022-11-11T14:30:58.916+0000] {dag.py:3340} INFO - Setting next_dagrun for example_nested_branch_dag to 2022-11-10T00:00:00+00:00, run_after=2022-11-11T00:00:00+00:00
[2022-11-11T14:30:58.940+0000] {processor.py:176} INFO - Processing /home/airflow/.local/lib/python3.7/site-packages/airflow/example_dags/example_nested_branch_dag.py took 0.161 seconds
[2022-11-11T14:31:29.088+0000] {processor.py:154} INFO - Started process (PID=546) to work on /home/airflow/.local/lib/python3.7/site-packages/airflow/example_dags/example_nested_branch_dag.py
[2022-11-11T14:31:29.089+0000] {processor.py:756} INFO - Processing file /home/airflow/.local/lib/python3.7/site-packages/airflow/example_dags/example_nested_branch_dag.py for tasks to queue
[2022-11-11T14:31:29.090+0000] {logging_mixin.py:120} INFO - [2022-11-11T14:31:29.089+0000] {dagbag.py:537} INFO - Filling up the DagBag from /home/airflow/.local/lib/python3.7/site-packages/airflow/example_dags/example_nested_branch_dag.py
[2022-11-11T14:31:29.123+0000] {processor.py:766} INFO - DAG(s) dict_keys(['example_nested_branch_dag']) retrieved from /home/airflow/.local/lib/python3.7/site-packages/airflow/example_dags/example_nested_branch_dag.py
[2022-11-11T14:31:29.180+0000] {logging_mixin.py:120} INFO - [2022-11-11T14:31:29.180+0000] {dag.py:2585} INFO - Sync 1 DAGs
[2022-11-11T14:31:29.213+0000] {logging_mixin.py:120} INFO - [2022-11-11T14:31:29.213+0000] {dag.py:3340} INFO - Setting next_dagrun for example_nested_branch_dag to 2022-11-10T00:00:00+00:00, run_after=2022-11-11T00:00:00+00:00
[2022-11-11T14:31:29.237+0000] {processor.py:176} INFO - Processing /home/airflow/.local/lib/python3.7/site-packages/airflow/example_dags/example_nested_branch_dag.py took 0.155 seconds
[2022-11-11T14:31:59.510+0000] {processor.py:154} INFO - Started process (PID=603) to work on /home/airflow/.local/lib/python3.7/site-packages/airflow/example_dags/example_nested_branch_dag.py
[2022-11-11T14:31:59.511+0000] {processor.py:756} INFO - Processing file /home/airflow/.local/lib/python3.7/site-packages/airflow/example_dags/example_nested_branch_dag.py for tasks to queue
[2022-11-11T14:31:59.512+0000] {logging_mixin.py:120} INFO - [2022-11-11T14:31:59.512+0000] {dagbag.py:537} INFO - Filling up the DagBag from /home/airflow/.local/lib/python3.7/site-packages/airflow/example_dags/example_nested_branch_dag.py
[2022-11-11T14:31:59.549+0000] {processor.py:766} INFO - DAG(s) dict_keys(['example_nested_branch_dag']) retrieved from /home/airflow/.local/lib/python3.7/site-packages/airflow/example_dags/example_nested_branch_dag.py
[2022-11-11T14:31:59.606+0000] {logging_mixin.py:120} INFO - [2022-11-11T14:31:59.606+0000] {dag.py:2585} INFO - Sync 1 DAGs
[2022-11-11T14:31:59.642+0000] {logging_mixin.py:120} INFO - [2022-11-11T14:31:59.641+0000] {dag.py:3340} INFO - Setting next_dagrun for example_nested_branch_dag to 2022-11-10T00:00:00+00:00, run_after=2022-11-11T00:00:00+00:00
[2022-11-11T14:31:59.665+0000] {processor.py:176} INFO - Processing /home/airflow/.local/lib/python3.7/site-packages/airflow/example_dags/example_nested_branch_dag.py took 0.161 seconds
[2022-11-11T14:32:30.219+0000] {processor.py:154} INFO - Started process (PID=659) to work on /home/airflow/.local/lib/python3.7/site-packages/airflow/example_dags/example_nested_branch_dag.py
[2022-11-11T14:32:30.220+0000] {processor.py:756} INFO - Processing file /home/airflow/.local/lib/python3.7/site-packages/airflow/example_dags/example_nested_branch_dag.py for tasks to queue
[2022-11-11T14:32:30.221+0000] {logging_mixin.py:120} INFO - [2022-11-11T14:32:30.221+0000] {dagbag.py:537} INFO - Filling up the DagBag from /home/airflow/.local/lib/python3.7/site-packages/airflow/example_dags/example_nested_branch_dag.py
[2022-11-11T14:32:30.256+0000] {processor.py:766} INFO - DAG(s) dict_keys(['example_nested_branch_dag']) retrieved from /home/airflow/.local/lib/python3.7/site-packages/airflow/example_dags/example_nested_branch_dag.py
[2022-11-11T14:32:30.316+0000] {logging_mixin.py:120} INFO - [2022-11-11T14:32:30.316+0000] {dag.py:2585} INFO - Sync 1 DAGs
[2022-11-11T14:32:30.352+0000] {logging_mixin.py:120} INFO - [2022-11-11T14:32:30.351+0000] {dag.py:3340} INFO - Setting next_dagrun for example_nested_branch_dag to 2022-11-10T00:00:00+00:00, run_after=2022-11-11T00:00:00+00:00
[2022-11-11T14:32:30.380+0000] {processor.py:176} INFO - Processing /home/airflow/.local/lib/python3.7/site-packages/airflow/example_dags/example_nested_branch_dag.py took 0.167 seconds
[2022-11-11T14:33:00.754+0000] {processor.py:154} INFO - Started process (PID=717) to work on /home/airflow/.local/lib/python3.7/site-packages/airflow/example_dags/example_nested_branch_dag.py
[2022-11-11T14:33:00.755+0000] {processor.py:756} INFO - Processing file /home/airflow/.local/lib/python3.7/site-packages/airflow/example_dags/example_nested_branch_dag.py for tasks to queue
[2022-11-11T14:33:00.756+0000] {logging_mixin.py:120} INFO - [2022-11-11T14:33:00.756+0000] {dagbag.py:537} INFO - Filling up the DagBag from /home/airflow/.local/lib/python3.7/site-packages/airflow/example_dags/example_nested_branch_dag.py
[2022-11-11T14:33:00.791+0000] {processor.py:766} INFO - DAG(s) dict_keys(['example_nested_branch_dag']) retrieved from /home/airflow/.local/lib/python3.7/site-packages/airflow/example_dags/example_nested_branch_dag.py
[2022-11-11T14:33:00.847+0000] {logging_mixin.py:120} INFO - [2022-11-11T14:33:00.846+0000] {dag.py:2585} INFO - Sync 1 DAGs
[2022-11-11T14:33:00.883+0000] {logging_mixin.py:120} INFO - [2022-11-11T14:33:00.883+0000] {dag.py:3340} INFO - Setting next_dagrun for example_nested_branch_dag to 2022-11-10T00:00:00+00:00, run_after=2022-11-11T00:00:00+00:00
[2022-11-11T14:33:00.908+0000] {processor.py:176} INFO - Processing /home/airflow/.local/lib/python3.7/site-packages/airflow/example_dags/example_nested_branch_dag.py took 0.160 seconds
[2022-11-11T14:33:31.297+0000] {processor.py:154} INFO - Started process (PID=774) to work on /home/airflow/.local/lib/python3.7/site-packages/airflow/example_dags/example_nested_branch_dag.py
[2022-11-11T14:33:31.299+0000] {processor.py:756} INFO - Processing file /home/airflow/.local/lib/python3.7/site-packages/airflow/example_dags/example_nested_branch_dag.py for tasks to queue
[2022-11-11T14:33:31.299+0000] {logging_mixin.py:120} INFO - [2022-11-11T14:33:31.299+0000] {dagbag.py:537} INFO - Filling up the DagBag from /home/airflow/.local/lib/python3.7/site-packages/airflow/example_dags/example_nested_branch_dag.py
[2022-11-11T14:33:31.332+0000] {processor.py:766} INFO - DAG(s) dict_keys(['example_nested_branch_dag']) retrieved from /home/airflow/.local/lib/python3.7/site-packages/airflow/example_dags/example_nested_branch_dag.py
[2022-11-11T14:33:31.387+0000] {logging_mixin.py:120} INFO - [2022-11-11T14:33:31.387+0000] {dag.py:2585} INFO - Sync 1 DAGs
[2022-11-11T14:33:31.422+0000] {logging_mixin.py:120} INFO - [2022-11-11T14:33:31.422+0000] {dag.py:3340} INFO - Setting next_dagrun for example_nested_branch_dag to 2022-11-10T00:00:00+00:00, run_after=2022-11-11T00:00:00+00:00
[2022-11-11T14:33:31.446+0000] {processor.py:176} INFO - Processing /home/airflow/.local/lib/python3.7/site-packages/airflow/example_dags/example_nested_branch_dag.py took 0.155 seconds
[2022-11-11T14:34:01.924+0000] {processor.py:154} INFO - Started process (PID=830) to work on /home/airflow/.local/lib/python3.7/site-packages/airflow/example_dags/example_nested_branch_dag.py
[2022-11-11T14:34:01.926+0000] {processor.py:756} INFO - Processing file /home/airflow/.local/lib/python3.7/site-packages/airflow/example_dags/example_nested_branch_dag.py for tasks to queue
[2022-11-11T14:34:01.926+0000] {logging_mixin.py:120} INFO - [2022-11-11T14:34:01.926+0000] {dagbag.py:537} INFO - Filling up the DagBag from /home/airflow/.local/lib/python3.7/site-packages/airflow/example_dags/example_nested_branch_dag.py
[2022-11-11T14:34:01.959+0000] {processor.py:766} INFO - DAG(s) dict_keys(['example_nested_branch_dag']) retrieved from /home/airflow/.local/lib/python3.7/site-packages/airflow/example_dags/example_nested_branch_dag.py
[2022-11-11T14:34:02.023+0000] {logging_mixin.py:120} INFO - [2022-11-11T14:34:02.023+0000] {dag.py:2585} INFO - Sync 1 DAGs
[2022-11-11T14:34:02.062+0000] {logging_mixin.py:120} INFO - [2022-11-11T14:34:02.061+0000] {dag.py:3340} INFO - Setting next_dagrun for example_nested_branch_dag to 2022-11-10T00:00:00+00:00, run_after=2022-11-11T00:00:00+00:00
[2022-11-11T14:34:02.087+0000] {processor.py:176} INFO - Processing /home/airflow/.local/lib/python3.7/site-packages/airflow/example_dags/example_nested_branch_dag.py took 0.169 seconds
[2022-11-11T14:34:32.344+0000] {processor.py:154} INFO - Started process (PID=887) to work on /home/airflow/.local/lib/python3.7/site-packages/airflow/example_dags/example_nested_branch_dag.py
[2022-11-11T14:34:32.345+0000] {processor.py:756} INFO - Processing file /home/airflow/.local/lib/python3.7/site-packages/airflow/example_dags/example_nested_branch_dag.py for tasks to queue
[2022-11-11T14:34:32.346+0000] {logging_mixin.py:120} INFO - [2022-11-11T14:34:32.346+0000] {dagbag.py:537} INFO - Filling up the DagBag from /home/airflow/.local/lib/python3.7/site-packages/airflow/example_dags/example_nested_branch_dag.py
[2022-11-11T14:34:32.380+0000] {processor.py:766} INFO - DAG(s) dict_keys(['example_nested_branch_dag']) retrieved from /home/airflow/.local/lib/python3.7/site-packages/airflow/example_dags/example_nested_branch_dag.py
[2022-11-11T14:34:32.446+0000] {logging_mixin.py:120} INFO - [2022-11-11T14:34:32.446+0000] {dag.py:2585} INFO - Sync 1 DAGs
[2022-11-11T14:34:32.484+0000] {logging_mixin.py:120} INFO - [2022-11-11T14:34:32.484+0000] {dag.py:3340} INFO - Setting next_dagrun for example_nested_branch_dag to 2022-11-10T00:00:00+00:00, run_after=2022-11-11T00:00:00+00:00
[2022-11-11T14:34:32.510+0000] {processor.py:176} INFO - Processing /home/airflow/.local/lib/python3.7/site-packages/airflow/example_dags/example_nested_branch_dag.py took 0.172 seconds
[2022-11-11T14:35:03.003+0000] {processor.py:154} INFO - Started process (PID=945) to work on /home/airflow/.local/lib/python3.7/site-packages/airflow/example_dags/example_nested_branch_dag.py
[2022-11-11T14:35:03.004+0000] {processor.py:756} INFO - Processing file /home/airflow/.local/lib/python3.7/site-packages/airflow/example_dags/example_nested_branch_dag.py for tasks to queue
[2022-11-11T14:35:03.005+0000] {logging_mixin.py:120} INFO - [2022-11-11T14:35:03.005+0000] {dagbag.py:537} INFO - Filling up the DagBag from /home/airflow/.local/lib/python3.7/site-packages/airflow/example_dags/example_nested_branch_dag.py
[2022-11-11T14:35:03.038+0000] {processor.py:766} INFO - DAG(s) dict_keys(['example_nested_branch_dag']) retrieved from /home/airflow/.local/lib/python3.7/site-packages/airflow/example_dags/example_nested_branch_dag.py
[2022-11-11T14:35:03.091+0000] {logging_mixin.py:120} INFO - [2022-11-11T14:35:03.091+0000] {dag.py:2585} INFO - Sync 1 DAGs
[2022-11-11T14:35:03.128+0000] {logging_mixin.py:120} INFO - [2022-11-11T14:35:03.128+0000] {dag.py:3340} INFO - Setting next_dagrun for example_nested_branch_dag to 2022-11-10T00:00:00+00:00, run_after=2022-11-11T00:00:00+00:00
[2022-11-11T14:35:03.150+0000] {processor.py:176} INFO - Processing /home/airflow/.local/lib/python3.7/site-packages/airflow/example_dags/example_nested_branch_dag.py took 0.154 seconds
[2022-11-11T14:35:33.463+0000] {processor.py:154} INFO - Started process (PID=1003) to work on /home/airflow/.local/lib/python3.7/site-packages/airflow/example_dags/example_nested_branch_dag.py
[2022-11-11T14:35:33.464+0000] {processor.py:756} INFO - Processing file /home/airflow/.local/lib/python3.7/site-packages/airflow/example_dags/example_nested_branch_dag.py for tasks to queue
[2022-11-11T14:35:33.465+0000] {logging_mixin.py:120} INFO - [2022-11-11T14:35:33.465+0000] {dagbag.py:537} INFO - Filling up the DagBag from /home/airflow/.local/lib/python3.7/site-packages/airflow/example_dags/example_nested_branch_dag.py
[2022-11-11T14:35:33.498+0000] {processor.py:766} INFO - DAG(s) dict_keys(['example_nested_branch_dag']) retrieved from /home/airflow/.local/lib/python3.7/site-packages/airflow/example_dags/example_nested_branch_dag.py
[2022-11-11T14:35:33.560+0000] {logging_mixin.py:120} INFO - [2022-11-11T14:35:33.560+0000] {dag.py:2585} INFO - Sync 1 DAGs
[2022-11-11T14:35:33.595+0000] {logging_mixin.py:120} INFO - [2022-11-11T14:35:33.595+0000] {dag.py:3340} INFO - Setting next_dagrun for example_nested_branch_dag to 2022-11-10T00:00:00+00:00, run_after=2022-11-11T00:00:00+00:00
[2022-11-11T14:35:33.631+0000] {processor.py:176} INFO - Processing /home/airflow/.local/lib/python3.7/site-packages/airflow/example_dags/example_nested_branch_dag.py took 0.175 seconds
[2022-11-11T14:36:03.964+0000] {processor.py:154} INFO - Started process (PID=1060) to work on /home/airflow/.local/lib/python3.7/site-packages/airflow/example_dags/example_nested_branch_dag.py
[2022-11-11T14:36:03.966+0000] {processor.py:756} INFO - Processing file /home/airflow/.local/lib/python3.7/site-packages/airflow/example_dags/example_nested_branch_dag.py for tasks to queue
[2022-11-11T14:36:03.967+0000] {logging_mixin.py:120} INFO - [2022-11-11T14:36:03.966+0000] {dagbag.py:537} INFO - Filling up the DagBag from /home/airflow/.local/lib/python3.7/site-packages/airflow/example_dags/example_nested_branch_dag.py
[2022-11-11T14:36:04.001+0000] {processor.py:766} INFO - DAG(s) dict_keys(['example_nested_branch_dag']) retrieved from /home/airflow/.local/lib/python3.7/site-packages/airflow/example_dags/example_nested_branch_dag.py
[2022-11-11T14:36:04.056+0000] {logging_mixin.py:120} INFO - [2022-11-11T14:36:04.056+0000] {dag.py:2585} INFO - Sync 1 DAGs
[2022-11-11T14:36:04.090+0000] {logging_mixin.py:120} INFO - [2022-11-11T14:36:04.090+0000] {dag.py:3340} INFO - Setting next_dagrun for example_nested_branch_dag to 2022-11-10T00:00:00+00:00, run_after=2022-11-11T00:00:00+00:00
[2022-11-11T14:36:04.113+0000] {processor.py:176} INFO - Processing /home/airflow/.local/lib/python3.7/site-packages/airflow/example_dags/example_nested_branch_dag.py took 0.154 seconds
[2022-11-11T14:36:34.493+0000] {processor.py:154} INFO - Started process (PID=1117) to work on /home/airflow/.local/lib/python3.7/site-packages/airflow/example_dags/example_nested_branch_dag.py
[2022-11-11T14:36:34.494+0000] {processor.py:756} INFO - Processing file /home/airflow/.local/lib/python3.7/site-packages/airflow/example_dags/example_nested_branch_dag.py for tasks to queue
[2022-11-11T14:36:34.495+0000] {logging_mixin.py:120} INFO - [2022-11-11T14:36:34.495+0000] {dagbag.py:537} INFO - Filling up the DagBag from /home/airflow/.local/lib/python3.7/site-packages/airflow/example_dags/example_nested_branch_dag.py
[2022-11-11T14:36:34.532+0000] {processor.py:766} INFO - DAG(s) dict_keys(['example_nested_branch_dag']) retrieved from /home/airflow/.local/lib/python3.7/site-packages/airflow/example_dags/example_nested_branch_dag.py
[2022-11-11T14:36:34.589+0000] {logging_mixin.py:120} INFO - [2022-11-11T14:36:34.588+0000] {dag.py:2585} INFO - Sync 1 DAGs
[2022-11-11T14:36:34.622+0000] {logging_mixin.py:120} INFO - [2022-11-11T14:36:34.622+0000] {dag.py:3340} INFO - Setting next_dagrun for example_nested_branch_dag to 2022-11-10T00:00:00+00:00, run_after=2022-11-11T00:00:00+00:00
[2022-11-11T14:36:34.647+0000] {processor.py:176} INFO - Processing /home/airflow/.local/lib/python3.7/site-packages/airflow/example_dags/example_nested_branch_dag.py took 0.159 seconds
[2022-11-11T14:37:05.057+0000] {processor.py:154} INFO - Started process (PID=1175) to work on /home/airflow/.local/lib/python3.7/site-packages/airflow/example_dags/example_nested_branch_dag.py
[2022-11-11T14:37:05.058+0000] {processor.py:756} INFO - Processing file /home/airflow/.local/lib/python3.7/site-packages/airflow/example_dags/example_nested_branch_dag.py for tasks to queue
[2022-11-11T14:37:05.059+0000] {logging_mixin.py:120} INFO - [2022-11-11T14:37:05.059+0000] {dagbag.py:537} INFO - Filling up the DagBag from /home/airflow/.local/lib/python3.7/site-packages/airflow/example_dags/example_nested_branch_dag.py
[2022-11-11T14:37:05.093+0000] {processor.py:766} INFO - DAG(s) dict_keys(['example_nested_branch_dag']) retrieved from /home/airflow/.local/lib/python3.7/site-packages/airflow/example_dags/example_nested_branch_dag.py
[2022-11-11T14:37:05.153+0000] {logging_mixin.py:120} INFO - [2022-11-11T14:37:05.152+0000] {dag.py:2585} INFO - Sync 1 DAGs
[2022-11-11T14:37:05.195+0000] {logging_mixin.py:120} INFO - [2022-11-11T14:37:05.195+0000] {dag.py:3340} INFO - Setting next_dagrun for example_nested_branch_dag to 2022-11-10T00:00:00+00:00, run_after=2022-11-11T00:00:00+00:00
[2022-11-11T14:37:05.232+0000] {processor.py:176} INFO - Processing /home/airflow/.local/lib/python3.7/site-packages/airflow/example_dags/example_nested_branch_dag.py took 0.180 seconds
[2022-11-11T14:37:35.551+0000] {processor.py:154} INFO - Started process (PID=1232) to work on /home/airflow/.local/lib/python3.7/site-packages/airflow/example_dags/example_nested_branch_dag.py
[2022-11-11T14:37:35.553+0000] {processor.py:756} INFO - Processing file /home/airflow/.local/lib/python3.7/site-packages/airflow/example_dags/example_nested_branch_dag.py for tasks to queue
[2022-11-11T14:37:35.554+0000] {logging_mixin.py:120} INFO - [2022-11-11T14:37:35.553+0000] {dagbag.py:537} INFO - Filling up the DagBag from /home/airflow/.local/lib/python3.7/site-packages/airflow/example_dags/example_nested_branch_dag.py
[2022-11-11T14:37:35.588+0000] {processor.py:766} INFO - DAG(s) dict_keys(['example_nested_branch_dag']) retrieved from /home/airflow/.local/lib/python3.7/site-packages/airflow/example_dags/example_nested_branch_dag.py
[2022-11-11T14:37:35.647+0000] {logging_mixin.py:120} INFO - [2022-11-11T14:37:35.647+0000] {dag.py:2585} INFO - Sync 1 DAGs
[2022-11-11T14:37:35.682+0000] {logging_mixin.py:120} INFO - [2022-11-11T14:37:35.682+0000] {dag.py:3340} INFO - Setting next_dagrun for example_nested_branch_dag to 2022-11-10T00:00:00+00:00, run_after=2022-11-11T00:00:00+00:00
[2022-11-11T14:37:35.706+0000] {processor.py:176} INFO - Processing /home/airflow/.local/lib/python3.7/site-packages/airflow/example_dags/example_nested_branch_dag.py took 0.160 seconds
[2022-11-11T14:38:06.220+0000] {processor.py:154} INFO - Started process (PID=1290) to work on /home/airflow/.local/lib/python3.7/site-packages/airflow/example_dags/example_nested_branch_dag.py
[2022-11-11T14:38:06.222+0000] {processor.py:756} INFO - Processing file /home/airflow/.local/lib/python3.7/site-packages/airflow/example_dags/example_nested_branch_dag.py for tasks to queue
[2022-11-11T14:38:06.223+0000] {logging_mixin.py:120} INFO - [2022-11-11T14:38:06.222+0000] {dagbag.py:537} INFO - Filling up the DagBag from /home/airflow/.local/lib/python3.7/site-packages/airflow/example_dags/example_nested_branch_dag.py
[2022-11-11T14:38:06.258+0000] {processor.py:766} INFO - DAG(s) dict_keys(['example_nested_branch_dag']) retrieved from /home/airflow/.local/lib/python3.7/site-packages/airflow/example_dags/example_nested_branch_dag.py
[2022-11-11T14:38:06.314+0000] {logging_mixin.py:120} INFO - [2022-11-11T14:38:06.314+0000] {dag.py:2585} INFO - Sync 1 DAGs
[2022-11-11T14:38:06.348+0000] {logging_mixin.py:120} INFO - [2022-11-11T14:38:06.348+0000] {dag.py:3340} INFO - Setting next_dagrun for example_nested_branch_dag to 2022-11-10T00:00:00+00:00, run_after=2022-11-11T00:00:00+00:00
[2022-11-11T14:38:06.372+0000] {processor.py:176} INFO - Processing /home/airflow/.local/lib/python3.7/site-packages/airflow/example_dags/example_nested_branch_dag.py took 0.157 seconds
[2022-11-11T14:38:36.597+0000] {processor.py:154} INFO - Started process (PID=1347) to work on /home/airflow/.local/lib/python3.7/site-packages/airflow/example_dags/example_nested_branch_dag.py
[2022-11-11T14:38:36.599+0000] {processor.py:756} INFO - Processing file /home/airflow/.local/lib/python3.7/site-packages/airflow/example_dags/example_nested_branch_dag.py for tasks to queue
[2022-11-11T14:38:36.599+0000] {logging_mixin.py:120} INFO - [2022-11-11T14:38:36.599+0000] {dagbag.py:537} INFO - Filling up the DagBag from /home/airflow/.local/lib/python3.7/site-packages/airflow/example_dags/example_nested_branch_dag.py
[2022-11-11T14:38:36.634+0000] {processor.py:766} INFO - DAG(s) dict_keys(['example_nested_branch_dag']) retrieved from /home/airflow/.local/lib/python3.7/site-packages/airflow/example_dags/example_nested_branch_dag.py
[2022-11-11T14:38:36.699+0000] {logging_mixin.py:120} INFO - [2022-11-11T14:38:36.699+0000] {dag.py:2585} INFO - Sync 1 DAGs
[2022-11-11T14:38:36.735+0000] {logging_mixin.py:120} INFO - [2022-11-11T14:38:36.735+0000] {dag.py:3340} INFO - Setting next_dagrun for example_nested_branch_dag to 2022-11-10T00:00:00+00:00, run_after=2022-11-11T00:00:00+00:00
[2022-11-11T14:38:36.764+0000] {processor.py:176} INFO - Processing /home/airflow/.local/lib/python3.7/site-packages/airflow/example_dags/example_nested_branch_dag.py took 0.173 seconds
[2022-11-11T14:39:07.278+0000] {processor.py:154} INFO - Started process (PID=1402) to work on /home/airflow/.local/lib/python3.7/site-packages/airflow/example_dags/example_nested_branch_dag.py
[2022-11-11T14:39:07.280+0000] {processor.py:756} INFO - Processing file /home/airflow/.local/lib/python3.7/site-packages/airflow/example_dags/example_nested_branch_dag.py for tasks to queue
[2022-11-11T14:39:07.280+0000] {logging_mixin.py:120} INFO - [2022-11-11T14:39:07.280+0000] {dagbag.py:537} INFO - Filling up the DagBag from /home/airflow/.local/lib/python3.7/site-packages/airflow/example_dags/example_nested_branch_dag.py
[2022-11-11T14:39:07.314+0000] {processor.py:766} INFO - DAG(s) dict_keys(['example_nested_branch_dag']) retrieved from /home/airflow/.local/lib/python3.7/site-packages/airflow/example_dags/example_nested_branch_dag.py
[2022-11-11T14:39:07.374+0000] {logging_mixin.py:120} INFO - [2022-11-11T14:39:07.374+0000] {dag.py:2585} INFO - Sync 1 DAGs
[2022-11-11T14:39:07.412+0000] {logging_mixin.py:120} INFO - [2022-11-11T14:39:07.412+0000] {dag.py:3340} INFO - Setting next_dagrun for example_nested_branch_dag to 2022-11-10T00:00:00+00:00, run_after=2022-11-11T00:00:00+00:00
[2022-11-11T14:39:07.436+0000] {processor.py:176} INFO - Processing /home/airflow/.local/lib/python3.7/site-packages/airflow/example_dags/example_nested_branch_dag.py took 0.164 seconds
[2022-11-11T14:39:37.959+0000] {processor.py:154} INFO - Started process (PID=1460) to work on /home/airflow/.local/lib/python3.7/site-packages/airflow/example_dags/example_nested_branch_dag.py
[2022-11-11T14:39:37.960+0000] {processor.py:756} INFO - Processing file /home/airflow/.local/lib/python3.7/site-packages/airflow/example_dags/example_nested_branch_dag.py for tasks to queue
[2022-11-11T14:39:37.961+0000] {logging_mixin.py:120} INFO - [2022-11-11T14:39:37.961+0000] {dagbag.py:537} INFO - Filling up the DagBag from /home/airflow/.local/lib/python3.7/site-packages/airflow/example_dags/example_nested_branch_dag.py
[2022-11-11T14:39:37.996+0000] {processor.py:766} INFO - DAG(s) dict_keys(['example_nested_branch_dag']) retrieved from /home/airflow/.local/lib/python3.7/site-packages/airflow/example_dags/example_nested_branch_dag.py
[2022-11-11T14:39:38.055+0000] {logging_mixin.py:120} INFO - [2022-11-11T14:39:38.055+0000] {dag.py:2585} INFO - Sync 1 DAGs
[2022-11-11T14:39:38.092+0000] {logging_mixin.py:120} INFO - [2022-11-11T14:39:38.091+0000] {dag.py:3340} INFO - Setting next_dagrun for example_nested_branch_dag to 2022-11-10T00:00:00+00:00, run_after=2022-11-11T00:00:00+00:00
[2022-11-11T14:39:38.117+0000] {processor.py:176} INFO - Processing /home/airflow/.local/lib/python3.7/site-packages/airflow/example_dags/example_nested_branch_dag.py took 0.163 seconds
[2022-11-11T14:40:08.614+0000] {processor.py:154} INFO - Started process (PID=1515) to work on /home/airflow/.local/lib/python3.7/site-packages/airflow/example_dags/example_nested_branch_dag.py
[2022-11-11T14:40:08.615+0000] {processor.py:756} INFO - Processing file /home/airflow/.local/lib/python3.7/site-packages/airflow/example_dags/example_nested_branch_dag.py for tasks to queue
[2022-11-11T14:40:08.616+0000] {logging_mixin.py:120} INFO - [2022-11-11T14:40:08.616+0000] {dagbag.py:537} INFO - Filling up the DagBag from /home/airflow/.local/lib/python3.7/site-packages/airflow/example_dags/example_nested_branch_dag.py
[2022-11-11T14:40:08.648+0000] {processor.py:766} INFO - DAG(s) dict_keys(['example_nested_branch_dag']) retrieved from /home/airflow/.local/lib/python3.7/site-packages/airflow/example_dags/example_nested_branch_dag.py
[2022-11-11T14:40:08.704+0000] {logging_mixin.py:120} INFO - [2022-11-11T14:40:08.704+0000] {dag.py:2585} INFO - Sync 1 DAGs
[2022-11-11T14:40:08.738+0000] {logging_mixin.py:120} INFO - [2022-11-11T14:40:08.738+0000] {dag.py:3340} INFO - Setting next_dagrun for example_nested_branch_dag to 2022-11-10T00:00:00+00:00, run_after=2022-11-11T00:00:00+00:00
[2022-11-11T14:40:08.761+0000] {processor.py:176} INFO - Processing /home/airflow/.local/lib/python3.7/site-packages/airflow/example_dags/example_nested_branch_dag.py took 0.153 seconds
[2022-11-11T14:40:39.093+0000] {processor.py:154} INFO - Started process (PID=1571) to work on /home/airflow/.local/lib/python3.7/site-packages/airflow/example_dags/example_nested_branch_dag.py
[2022-11-11T14:40:39.094+0000] {processor.py:756} INFO - Processing file /home/airflow/.local/lib/python3.7/site-packages/airflow/example_dags/example_nested_branch_dag.py for tasks to queue
[2022-11-11T14:40:39.095+0000] {logging_mixin.py:120} INFO - [2022-11-11T14:40:39.095+0000] {dagbag.py:537} INFO - Filling up the DagBag from /home/airflow/.local/lib/python3.7/site-packages/airflow/example_dags/example_nested_branch_dag.py
[2022-11-11T14:40:39.128+0000] {processor.py:766} INFO - DAG(s) dict_keys(['example_nested_branch_dag']) retrieved from /home/airflow/.local/lib/python3.7/site-packages/airflow/example_dags/example_nested_branch_dag.py
[2022-11-11T14:40:39.195+0000] {logging_mixin.py:120} INFO - [2022-11-11T14:40:39.195+0000] {dag.py:2585} INFO - Sync 1 DAGs
[2022-11-11T14:40:39.235+0000] {logging_mixin.py:120} INFO - [2022-11-11T14:40:39.234+0000] {dag.py:3340} INFO - Setting next_dagrun for example_nested_branch_dag to 2022-11-10T00:00:00+00:00, run_after=2022-11-11T00:00:00+00:00
[2022-11-11T14:40:39.262+0000] {processor.py:176} INFO - Processing /home/airflow/.local/lib/python3.7/site-packages/airflow/example_dags/example_nested_branch_dag.py took 0.175 seconds
[2022-11-11T14:41:09.680+0000] {processor.py:154} INFO - Started process (PID=1628) to work on /home/airflow/.local/lib/python3.7/site-packages/airflow/example_dags/example_nested_branch_dag.py
[2022-11-11T14:41:09.682+0000] {processor.py:756} INFO - Processing file /home/airflow/.local/lib/python3.7/site-packages/airflow/example_dags/example_nested_branch_dag.py for tasks to queue
[2022-11-11T14:41:09.684+0000] {logging_mixin.py:120} INFO - [2022-11-11T14:41:09.684+0000] {dagbag.py:537} INFO - Filling up the DagBag from /home/airflow/.local/lib/python3.7/site-packages/airflow/example_dags/example_nested_branch_dag.py
[2022-11-11T14:41:09.723+0000] {processor.py:766} INFO - DAG(s) dict_keys(['example_nested_branch_dag']) retrieved from /home/airflow/.local/lib/python3.7/site-packages/airflow/example_dags/example_nested_branch_dag.py
[2022-11-11T14:41:09.780+0000] {logging_mixin.py:120} INFO - [2022-11-11T14:41:09.780+0000] {dag.py:2585} INFO - Sync 1 DAGs
[2022-11-11T14:41:09.818+0000] {logging_mixin.py:120} INFO - [2022-11-11T14:41:09.817+0000] {dag.py:3340} INFO - Setting next_dagrun for example_nested_branch_dag to 2022-11-10T00:00:00+00:00, run_after=2022-11-11T00:00:00+00:00
[2022-11-11T14:41:09.842+0000] {processor.py:176} INFO - Processing /home/airflow/.local/lib/python3.7/site-packages/airflow/example_dags/example_nested_branch_dag.py took 0.169 seconds
[2022-11-11T14:41:40.214+0000] {processor.py:154} INFO - Started process (PID=1686) to work on /home/airflow/.local/lib/python3.7/site-packages/airflow/example_dags/example_nested_branch_dag.py
[2022-11-11T14:41:40.215+0000] {processor.py:756} INFO - Processing file /home/airflow/.local/lib/python3.7/site-packages/airflow/example_dags/example_nested_branch_dag.py for tasks to queue
[2022-11-11T14:41:40.216+0000] {logging_mixin.py:120} INFO - [2022-11-11T14:41:40.216+0000] {dagbag.py:537} INFO - Filling up the DagBag from /home/airflow/.local/lib/python3.7/site-packages/airflow/example_dags/example_nested_branch_dag.py
[2022-11-11T14:41:40.249+0000] {processor.py:766} INFO - DAG(s) dict_keys(['example_nested_branch_dag']) retrieved from /home/airflow/.local/lib/python3.7/site-packages/airflow/example_dags/example_nested_branch_dag.py
[2022-11-11T14:41:40.308+0000] {logging_mixin.py:120} INFO - [2022-11-11T14:41:40.308+0000] {dag.py:2585} INFO - Sync 1 DAGs
[2022-11-11T14:41:40.343+0000] {logging_mixin.py:120} INFO - [2022-11-11T14:41:40.343+0000] {dag.py:3340} INFO - Setting next_dagrun for example_nested_branch_dag to 2022-11-10T00:00:00+00:00, run_after=2022-11-11T00:00:00+00:00
[2022-11-11T14:41:40.366+0000] {processor.py:176} INFO - Processing /home/airflow/.local/lib/python3.7/site-packages/airflow/example_dags/example_nested_branch_dag.py took 0.157 seconds
[2022-11-11T14:42:10.599+0000] {processor.py:154} INFO - Started process (PID=1744) to work on /home/airflow/.local/lib/python3.7/site-packages/airflow/example_dags/example_nested_branch_dag.py
[2022-11-11T14:42:10.601+0000] {processor.py:756} INFO - Processing file /home/airflow/.local/lib/python3.7/site-packages/airflow/example_dags/example_nested_branch_dag.py for tasks to queue
[2022-11-11T14:42:10.601+0000] {logging_mixin.py:120} INFO - [2022-11-11T14:42:10.601+0000] {dagbag.py:537} INFO - Filling up the DagBag from /home/airflow/.local/lib/python3.7/site-packages/airflow/example_dags/example_nested_branch_dag.py
[2022-11-11T14:42:10.640+0000] {processor.py:766} INFO - DAG(s) dict_keys(['example_nested_branch_dag']) retrieved from /home/airflow/.local/lib/python3.7/site-packages/airflow/example_dags/example_nested_branch_dag.py
[2022-11-11T14:42:10.714+0000] {logging_mixin.py:120} INFO - [2022-11-11T14:42:10.714+0000] {dag.py:2585} INFO - Sync 1 DAGs
[2022-11-11T14:42:10.753+0000] {logging_mixin.py:120} INFO - [2022-11-11T14:42:10.752+0000] {dag.py:3340} INFO - Setting next_dagrun for example_nested_branch_dag to 2022-11-10T00:00:00+00:00, run_after=2022-11-11T00:00:00+00:00
[2022-11-11T14:42:10.779+0000] {processor.py:176} INFO - Processing /home/airflow/.local/lib/python3.7/site-packages/airflow/example_dags/example_nested_branch_dag.py took 0.186 seconds
[2022-11-11T14:42:41.210+0000] {processor.py:154} INFO - Started process (PID=1802) to work on /home/airflow/.local/lib/python3.7/site-packages/airflow/example_dags/example_nested_branch_dag.py
[2022-11-11T14:42:41.211+0000] {processor.py:756} INFO - Processing file /home/airflow/.local/lib/python3.7/site-packages/airflow/example_dags/example_nested_branch_dag.py for tasks to queue
[2022-11-11T14:42:41.212+0000] {logging_mixin.py:120} INFO - [2022-11-11T14:42:41.212+0000] {dagbag.py:537} INFO - Filling up the DagBag from /home/airflow/.local/lib/python3.7/site-packages/airflow/example_dags/example_nested_branch_dag.py
[2022-11-11T14:42:41.246+0000] {processor.py:766} INFO - DAG(s) dict_keys(['example_nested_branch_dag']) retrieved from /home/airflow/.local/lib/python3.7/site-packages/airflow/example_dags/example_nested_branch_dag.py
[2022-11-11T14:42:41.302+0000] {logging_mixin.py:120} INFO - [2022-11-11T14:42:41.302+0000] {dag.py:2585} INFO - Sync 1 DAGs
[2022-11-11T14:42:41.339+0000] {logging_mixin.py:120} INFO - [2022-11-11T14:42:41.338+0000] {dag.py:3340} INFO - Setting next_dagrun for example_nested_branch_dag to 2022-11-10T00:00:00+00:00, run_after=2022-11-11T00:00:00+00:00
[2022-11-11T14:42:41.362+0000] {processor.py:176} INFO - Processing /home/airflow/.local/lib/python3.7/site-packages/airflow/example_dags/example_nested_branch_dag.py took 0.157 seconds
[2022-11-11T14:43:11.790+0000] {processor.py:154} INFO - Started process (PID=1860) to work on /home/airflow/.local/lib/python3.7/site-packages/airflow/example_dags/example_nested_branch_dag.py
[2022-11-11T14:43:11.792+0000] {processor.py:756} INFO - Processing file /home/airflow/.local/lib/python3.7/site-packages/airflow/example_dags/example_nested_branch_dag.py for tasks to queue
[2022-11-11T14:43:11.792+0000] {logging_mixin.py:120} INFO - [2022-11-11T14:43:11.792+0000] {dagbag.py:537} INFO - Filling up the DagBag from /home/airflow/.local/lib/python3.7/site-packages/airflow/example_dags/example_nested_branch_dag.py
[2022-11-11T14:43:11.826+0000] {processor.py:766} INFO - DAG(s) dict_keys(['example_nested_branch_dag']) retrieved from /home/airflow/.local/lib/python3.7/site-packages/airflow/example_dags/example_nested_branch_dag.py
[2022-11-11T14:43:11.889+0000] {logging_mixin.py:120} INFO - [2022-11-11T14:43:11.889+0000] {dag.py:2585} INFO - Sync 1 DAGs
[2022-11-11T14:43:11.927+0000] {logging_mixin.py:120} INFO - [2022-11-11T14:43:11.926+0000] {dag.py:3340} INFO - Setting next_dagrun for example_nested_branch_dag to 2022-11-10T00:00:00+00:00, run_after=2022-11-11T00:00:00+00:00
[2022-11-11T14:43:11.950+0000] {processor.py:176} INFO - Processing /home/airflow/.local/lib/python3.7/site-packages/airflow/example_dags/example_nested_branch_dag.py took 0.165 seconds
[2022-11-11T14:43:42.181+0000] {processor.py:154} INFO - Started process (PID=1917) to work on /home/airflow/.local/lib/python3.7/site-packages/airflow/example_dags/example_nested_branch_dag.py
[2022-11-11T14:43:42.182+0000] {processor.py:756} INFO - Processing file /home/airflow/.local/lib/python3.7/site-packages/airflow/example_dags/example_nested_branch_dag.py for tasks to queue
[2022-11-11T14:43:42.183+0000] {logging_mixin.py:120} INFO - [2022-11-11T14:43:42.183+0000] {dagbag.py:537} INFO - Filling up the DagBag from /home/airflow/.local/lib/python3.7/site-packages/airflow/example_dags/example_nested_branch_dag.py
[2022-11-11T14:43:42.217+0000] {processor.py:766} INFO - DAG(s) dict_keys(['example_nested_branch_dag']) retrieved from /home/airflow/.local/lib/python3.7/site-packages/airflow/example_dags/example_nested_branch_dag.py
[2022-11-11T14:43:42.274+0000] {logging_mixin.py:120} INFO - [2022-11-11T14:43:42.274+0000] {dag.py:2585} INFO - Sync 1 DAGs
[2022-11-11T14:43:42.309+0000] {logging_mixin.py:120} INFO - [2022-11-11T14:43:42.309+0000] {dag.py:3340} INFO - Setting next_dagrun for example_nested_branch_dag to 2022-11-10T00:00:00+00:00, run_after=2022-11-11T00:00:00+00:00
[2022-11-11T14:43:42.333+0000] {processor.py:176} INFO - Processing /home/airflow/.local/lib/python3.7/site-packages/airflow/example_dags/example_nested_branch_dag.py took 0.157 seconds
[2022-11-11T14:44:12.648+0000] {processor.py:154} INFO - Started process (PID=1974) to work on /home/airflow/.local/lib/python3.7/site-packages/airflow/example_dags/example_nested_branch_dag.py
[2022-11-11T14:44:12.649+0000] {processor.py:756} INFO - Processing file /home/airflow/.local/lib/python3.7/site-packages/airflow/example_dags/example_nested_branch_dag.py for tasks to queue
[2022-11-11T14:44:12.650+0000] {logging_mixin.py:120} INFO - [2022-11-11T14:44:12.650+0000] {dagbag.py:537} INFO - Filling up the DagBag from /home/airflow/.local/lib/python3.7/site-packages/airflow/example_dags/example_nested_branch_dag.py
[2022-11-11T14:44:12.683+0000] {processor.py:766} INFO - DAG(s) dict_keys(['example_nested_branch_dag']) retrieved from /home/airflow/.local/lib/python3.7/site-packages/airflow/example_dags/example_nested_branch_dag.py
[2022-11-11T14:44:12.738+0000] {logging_mixin.py:120} INFO - [2022-11-11T14:44:12.738+0000] {dag.py:2585} INFO - Sync 1 DAGs
[2022-11-11T14:44:12.773+0000] {logging_mixin.py:120} INFO - [2022-11-11T14:44:12.773+0000] {dag.py:3340} INFO - Setting next_dagrun for example_nested_branch_dag to 2022-11-10T00:00:00+00:00, run_after=2022-11-11T00:00:00+00:00
[2022-11-11T14:44:12.796+0000] {processor.py:176} INFO - Processing /home/airflow/.local/lib/python3.7/site-packages/airflow/example_dags/example_nested_branch_dag.py took 0.153 seconds
