[2022-11-11T14:17:58.577+0000] {processor.py:154} INFO - Started process (PID=63) to work on /home/airflow/.local/lib/python3.7/site-packages/airflow/example_dags/example_branch_operator.py
[2022-11-11T14:17:58.579+0000] {processor.py:756} INFO - Processing file /home/airflow/.local/lib/python3.7/site-packages/airflow/example_dags/example_branch_operator.py for tasks to queue
[2022-11-11T14:17:58.580+0000] {logging_mixin.py:120} INFO - [2022-11-11T14:17:58.580+0000] {dagbag.py:537} INFO - Filling up the DagBag from /home/airflow/.local/lib/python3.7/site-packages/airflow/example_dags/example_branch_operator.py
[2022-11-11T14:17:58.616+0000] {processor.py:766} INFO - DAG(s) dict_keys(['example_branch_operator']) retrieved from /home/airflow/.local/lib/python3.7/site-packages/airflow/example_dags/example_branch_operator.py
[2022-11-11T14:17:59.356+0000] {logging_mixin.py:120} INFO - [2022-11-11T14:17:59.355+0000] {manager.py:507} INFO - Created Permission View: can read on DAG:example_branch_operator
[2022-11-11T14:17:59.450+0000] {logging_mixin.py:120} INFO - [2022-11-11T14:17:59.450+0000] {manager.py:507} INFO - Created Permission View: can edit on DAG:example_branch_operator
[2022-11-11T14:18:00.160+0000] {logging_mixin.py:120} INFO - [2022-11-11T14:18:00.159+0000] {manager.py:507} INFO - Created Permission View: can delete on DAG:example_branch_operator
[2022-11-11T14:18:00.160+0000] {logging_mixin.py:120} INFO - [2022-11-11T14:18:00.160+0000] {dag.py:2585} INFO - Sync 1 DAGs
[2022-11-11T14:18:00.195+0000] {logging_mixin.py:120} INFO - [2022-11-11T14:18:00.195+0000] {dag.py:2606} INFO - Creating ORM DAG for example_branch_operator
[2022-11-11T14:18:00.220+0000] {logging_mixin.py:120} INFO - [2022-11-11T14:18:00.219+0000] {dag.py:3340} INFO - Setting next_dagrun for example_branch_operator to 2022-11-10T00:00:00+00:00, run_after=2022-11-11T00:00:00+00:00
[2022-11-11T14:18:00.822+0000] {processor.py:176} INFO - Processing /home/airflow/.local/lib/python3.7/site-packages/airflow/example_dags/example_branch_operator.py took 2.251 seconds
[2022-11-11T14:18:31.142+0000] {processor.py:154} INFO - Started process (PID=119) to work on /home/airflow/.local/lib/python3.7/site-packages/airflow/example_dags/example_branch_operator.py
[2022-11-11T14:18:31.144+0000] {processor.py:756} INFO - Processing file /home/airflow/.local/lib/python3.7/site-packages/airflow/example_dags/example_branch_operator.py for tasks to queue
[2022-11-11T14:18:31.145+0000] {logging_mixin.py:120} INFO - [2022-11-11T14:18:31.144+0000] {dagbag.py:537} INFO - Filling up the DagBag from /home/airflow/.local/lib/python3.7/site-packages/airflow/example_dags/example_branch_operator.py
[2022-11-11T14:18:31.174+0000] {processor.py:766} INFO - DAG(s) dict_keys(['example_branch_operator']) retrieved from /home/airflow/.local/lib/python3.7/site-packages/airflow/example_dags/example_branch_operator.py
[2022-11-11T14:18:31.235+0000] {logging_mixin.py:120} INFO - [2022-11-11T14:18:31.235+0000] {dag.py:2585} INFO - Sync 1 DAGs
[2022-11-11T14:18:31.276+0000] {logging_mixin.py:120} INFO - [2022-11-11T14:18:31.276+0000] {dag.py:3340} INFO - Setting next_dagrun for example_branch_operator to 2022-11-10T00:00:00+00:00, run_after=2022-11-11T00:00:00+00:00
[2022-11-11T14:18:31.304+0000] {processor.py:176} INFO - Processing /home/airflow/.local/lib/python3.7/site-packages/airflow/example_dags/example_branch_operator.py took 0.166 seconds
[2022-11-11T14:19:01.671+0000] {processor.py:154} INFO - Started process (PID=177) to work on /home/airflow/.local/lib/python3.7/site-packages/airflow/example_dags/example_branch_operator.py
[2022-11-11T14:19:01.672+0000] {processor.py:756} INFO - Processing file /home/airflow/.local/lib/python3.7/site-packages/airflow/example_dags/example_branch_operator.py for tasks to queue
[2022-11-11T14:19:01.673+0000] {logging_mixin.py:120} INFO - [2022-11-11T14:19:01.673+0000] {dagbag.py:537} INFO - Filling up the DagBag from /home/airflow/.local/lib/python3.7/site-packages/airflow/example_dags/example_branch_operator.py
[2022-11-11T14:19:01.699+0000] {processor.py:766} INFO - DAG(s) dict_keys(['example_branch_operator']) retrieved from /home/airflow/.local/lib/python3.7/site-packages/airflow/example_dags/example_branch_operator.py
[2022-11-11T14:19:01.760+0000] {logging_mixin.py:120} INFO - [2022-11-11T14:19:01.759+0000] {dag.py:2585} INFO - Sync 1 DAGs
[2022-11-11T14:19:01.802+0000] {logging_mixin.py:120} INFO - [2022-11-11T14:19:01.801+0000] {dag.py:3340} INFO - Setting next_dagrun for example_branch_operator to 2022-11-10T00:00:00+00:00, run_after=2022-11-11T00:00:00+00:00
[2022-11-11T14:19:01.829+0000] {processor.py:176} INFO - Processing /home/airflow/.local/lib/python3.7/site-packages/airflow/example_dags/example_branch_operator.py took 0.163 seconds
[2022-11-11T14:19:32.034+0000] {processor.py:154} INFO - Started process (PID=234) to work on /home/airflow/.local/lib/python3.7/site-packages/airflow/example_dags/example_branch_operator.py
[2022-11-11T14:19:32.036+0000] {processor.py:756} INFO - Processing file /home/airflow/.local/lib/python3.7/site-packages/airflow/example_dags/example_branch_operator.py for tasks to queue
[2022-11-11T14:19:32.037+0000] {logging_mixin.py:120} INFO - [2022-11-11T14:19:32.037+0000] {dagbag.py:537} INFO - Filling up the DagBag from /home/airflow/.local/lib/python3.7/site-packages/airflow/example_dags/example_branch_operator.py
[2022-11-11T14:19:32.063+0000] {processor.py:766} INFO - DAG(s) dict_keys(['example_branch_operator']) retrieved from /home/airflow/.local/lib/python3.7/site-packages/airflow/example_dags/example_branch_operator.py
[2022-11-11T14:19:32.125+0000] {logging_mixin.py:120} INFO - [2022-11-11T14:19:32.125+0000] {dag.py:2585} INFO - Sync 1 DAGs
[2022-11-11T14:19:32.167+0000] {logging_mixin.py:120} INFO - [2022-11-11T14:19:32.167+0000] {dag.py:3340} INFO - Setting next_dagrun for example_branch_operator to 2022-11-10T00:00:00+00:00, run_after=2022-11-11T00:00:00+00:00
[2022-11-11T14:19:32.195+0000] {processor.py:176} INFO - Processing /home/airflow/.local/lib/python3.7/site-packages/airflow/example_dags/example_branch_operator.py took 0.165 seconds
[2022-11-11T14:22:42.552+0000] {processor.py:154} INFO - Started process (PID=56) to work on /home/airflow/.local/lib/python3.7/site-packages/airflow/example_dags/example_branch_operator.py
[2022-11-11T14:22:42.554+0000] {processor.py:756} INFO - Processing file /home/airflow/.local/lib/python3.7/site-packages/airflow/example_dags/example_branch_operator.py for tasks to queue
[2022-11-11T14:22:42.555+0000] {logging_mixin.py:120} INFO - [2022-11-11T14:22:42.555+0000] {dagbag.py:537} INFO - Filling up the DagBag from /home/airflow/.local/lib/python3.7/site-packages/airflow/example_dags/example_branch_operator.py
[2022-11-11T14:22:42.585+0000] {processor.py:766} INFO - DAG(s) dict_keys(['example_branch_operator']) retrieved from /home/airflow/.local/lib/python3.7/site-packages/airflow/example_dags/example_branch_operator.py
[2022-11-11T14:22:42.652+0000] {logging_mixin.py:120} INFO - [2022-11-11T14:22:42.652+0000] {dag.py:2585} INFO - Sync 1 DAGs
[2022-11-11T14:22:42.694+0000] {logging_mixin.py:120} INFO - [2022-11-11T14:22:42.694+0000] {dag.py:3340} INFO - Setting next_dagrun for example_branch_operator to 2022-11-10T00:00:00+00:00, run_after=2022-11-11T00:00:00+00:00
[2022-11-11T14:22:42.724+0000] {processor.py:176} INFO - Processing /home/airflow/.local/lib/python3.7/site-packages/airflow/example_dags/example_branch_operator.py took 0.177 seconds
[2022-11-11T14:23:12.906+0000] {processor.py:154} INFO - Started process (PID=114) to work on /home/airflow/.local/lib/python3.7/site-packages/airflow/example_dags/example_branch_operator.py
[2022-11-11T14:23:12.908+0000] {processor.py:756} INFO - Processing file /home/airflow/.local/lib/python3.7/site-packages/airflow/example_dags/example_branch_operator.py for tasks to queue
[2022-11-11T14:23:12.909+0000] {logging_mixin.py:120} INFO - [2022-11-11T14:23:12.909+0000] {dagbag.py:537} INFO - Filling up the DagBag from /home/airflow/.local/lib/python3.7/site-packages/airflow/example_dags/example_branch_operator.py
[2022-11-11T14:23:12.937+0000] {processor.py:766} INFO - DAG(s) dict_keys(['example_branch_operator']) retrieved from /home/airflow/.local/lib/python3.7/site-packages/airflow/example_dags/example_branch_operator.py
[2022-11-11T14:23:12.994+0000] {logging_mixin.py:120} INFO - [2022-11-11T14:23:12.994+0000] {dag.py:2585} INFO - Sync 1 DAGs
[2022-11-11T14:23:13.048+0000] {logging_mixin.py:120} INFO - [2022-11-11T14:23:13.048+0000] {dag.py:3340} INFO - Setting next_dagrun for example_branch_operator to 2022-11-10T00:00:00+00:00, run_after=2022-11-11T00:00:00+00:00
[2022-11-11T14:23:13.081+0000] {processor.py:176} INFO - Processing /home/airflow/.local/lib/python3.7/site-packages/airflow/example_dags/example_branch_operator.py took 0.182 seconds
[2022-11-11T14:24:39.677+0000] {processor.py:154} INFO - Started process (PID=59) to work on /home/airflow/.local/lib/python3.7/site-packages/airflow/example_dags/example_branch_operator.py
[2022-11-11T14:24:39.679+0000] {processor.py:756} INFO - Processing file /home/airflow/.local/lib/python3.7/site-packages/airflow/example_dags/example_branch_operator.py for tasks to queue
[2022-11-11T14:24:39.680+0000] {logging_mixin.py:120} INFO - [2022-11-11T14:24:39.680+0000] {dagbag.py:537} INFO - Filling up the DagBag from /home/airflow/.local/lib/python3.7/site-packages/airflow/example_dags/example_branch_operator.py
[2022-11-11T14:24:39.706+0000] {processor.py:766} INFO - DAG(s) dict_keys(['example_branch_operator']) retrieved from /home/airflow/.local/lib/python3.7/site-packages/airflow/example_dags/example_branch_operator.py
[2022-11-11T14:24:39.767+0000] {logging_mixin.py:120} INFO - [2022-11-11T14:24:39.766+0000] {dag.py:2585} INFO - Sync 1 DAGs
[2022-11-11T14:24:39.804+0000] {logging_mixin.py:120} INFO - [2022-11-11T14:24:39.804+0000] {dag.py:3340} INFO - Setting next_dagrun for example_branch_operator to 2022-11-10T00:00:00+00:00, run_after=2022-11-11T00:00:00+00:00
[2022-11-11T14:24:39.829+0000] {processor.py:176} INFO - Processing /home/airflow/.local/lib/python3.7/site-packages/airflow/example_dags/example_branch_operator.py took 0.157 seconds
[2022-11-11T14:27:15.221+0000] {processor.py:154} INFO - Started process (PID=59) to work on /home/airflow/.local/lib/python3.7/site-packages/airflow/example_dags/example_branch_operator.py
[2022-11-11T14:27:15.226+0000] {processor.py:756} INFO - Processing file /home/airflow/.local/lib/python3.7/site-packages/airflow/example_dags/example_branch_operator.py for tasks to queue
[2022-11-11T14:27:15.227+0000] {logging_mixin.py:120} INFO - [2022-11-11T14:27:15.227+0000] {dagbag.py:537} INFO - Filling up the DagBag from /home/airflow/.local/lib/python3.7/site-packages/airflow/example_dags/example_branch_operator.py
[2022-11-11T14:27:15.254+0000] {processor.py:766} INFO - DAG(s) dict_keys(['example_branch_operator']) retrieved from /home/airflow/.local/lib/python3.7/site-packages/airflow/example_dags/example_branch_operator.py
[2022-11-11T14:27:15.328+0000] {logging_mixin.py:120} INFO - [2022-11-11T14:27:15.327+0000] {dag.py:2585} INFO - Sync 1 DAGs
[2022-11-11T14:27:15.392+0000] {logging_mixin.py:120} INFO - [2022-11-11T14:27:15.392+0000] {dag.py:3340} INFO - Setting next_dagrun for example_branch_operator to 2022-11-10T00:00:00+00:00, run_after=2022-11-11T00:00:00+00:00
[2022-11-11T14:27:15.447+0000] {processor.py:176} INFO - Processing /home/airflow/.local/lib/python3.7/site-packages/airflow/example_dags/example_branch_operator.py took 0.232 seconds
[2022-11-11T14:27:47.758+0000] {processor.py:154} INFO - Started process (PID=116) to work on /home/airflow/.local/lib/python3.7/site-packages/airflow/example_dags/example_branch_operator.py
[2022-11-11T14:27:47.760+0000] {processor.py:756} INFO - Processing file /home/airflow/.local/lib/python3.7/site-packages/airflow/example_dags/example_branch_operator.py for tasks to queue
[2022-11-11T14:27:47.761+0000] {logging_mixin.py:120} INFO - [2022-11-11T14:27:47.761+0000] {dagbag.py:537} INFO - Filling up the DagBag from /home/airflow/.local/lib/python3.7/site-packages/airflow/example_dags/example_branch_operator.py
[2022-11-11T14:27:47.786+0000] {processor.py:766} INFO - DAG(s) dict_keys(['example_branch_operator']) retrieved from /home/airflow/.local/lib/python3.7/site-packages/airflow/example_dags/example_branch_operator.py
[2022-11-11T14:27:47.843+0000] {logging_mixin.py:120} INFO - [2022-11-11T14:27:47.843+0000] {dag.py:2585} INFO - Sync 1 DAGs
[2022-11-11T14:27:47.878+0000] {logging_mixin.py:120} INFO - [2022-11-11T14:27:47.877+0000] {dag.py:3340} INFO - Setting next_dagrun for example_branch_operator to 2022-11-10T00:00:00+00:00, run_after=2022-11-11T00:00:00+00:00
[2022-11-11T14:27:48.236+0000] {processor.py:176} INFO - Processing /home/airflow/.local/lib/python3.7/site-packages/airflow/example_dags/example_branch_operator.py took 0.484 seconds
[2022-11-11T14:28:18.334+0000] {processor.py:154} INFO - Started process (PID=175) to work on /home/airflow/.local/lib/python3.7/site-packages/airflow/example_dags/example_branch_operator.py
[2022-11-11T14:28:18.335+0000] {processor.py:756} INFO - Processing file /home/airflow/.local/lib/python3.7/site-packages/airflow/example_dags/example_branch_operator.py for tasks to queue
[2022-11-11T14:28:18.336+0000] {logging_mixin.py:120} INFO - [2022-11-11T14:28:18.336+0000] {dagbag.py:537} INFO - Filling up the DagBag from /home/airflow/.local/lib/python3.7/site-packages/airflow/example_dags/example_branch_operator.py
[2022-11-11T14:28:18.362+0000] {processor.py:766} INFO - DAG(s) dict_keys(['example_branch_operator']) retrieved from /home/airflow/.local/lib/python3.7/site-packages/airflow/example_dags/example_branch_operator.py
[2022-11-11T14:28:18.419+0000] {logging_mixin.py:120} INFO - [2022-11-11T14:28:18.419+0000] {dag.py:2585} INFO - Sync 1 DAGs
[2022-11-11T14:28:18.454+0000] {logging_mixin.py:120} INFO - [2022-11-11T14:28:18.454+0000] {dag.py:3340} INFO - Setting next_dagrun for example_branch_operator to 2022-11-10T00:00:00+00:00, run_after=2022-11-11T00:00:00+00:00
[2022-11-11T14:28:18.479+0000] {processor.py:176} INFO - Processing /home/airflow/.local/lib/python3.7/site-packages/airflow/example_dags/example_branch_operator.py took 0.151 seconds
[2022-11-11T14:28:48.609+0000] {processor.py:154} INFO - Started process (PID=234) to work on /home/airflow/.local/lib/python3.7/site-packages/airflow/example_dags/example_branch_operator.py
[2022-11-11T14:28:48.610+0000] {processor.py:756} INFO - Processing file /home/airflow/.local/lib/python3.7/site-packages/airflow/example_dags/example_branch_operator.py for tasks to queue
[2022-11-11T14:28:48.611+0000] {logging_mixin.py:120} INFO - [2022-11-11T14:28:48.611+0000] {dagbag.py:537} INFO - Filling up the DagBag from /home/airflow/.local/lib/python3.7/site-packages/airflow/example_dags/example_branch_operator.py
[2022-11-11T14:28:48.637+0000] {processor.py:766} INFO - DAG(s) dict_keys(['example_branch_operator']) retrieved from /home/airflow/.local/lib/python3.7/site-packages/airflow/example_dags/example_branch_operator.py
[2022-11-11T14:28:48.695+0000] {logging_mixin.py:120} INFO - [2022-11-11T14:28:48.695+0000] {dag.py:2585} INFO - Sync 1 DAGs
[2022-11-11T14:28:48.729+0000] {logging_mixin.py:120} INFO - [2022-11-11T14:28:48.729+0000] {dag.py:3340} INFO - Setting next_dagrun for example_branch_operator to 2022-11-10T00:00:00+00:00, run_after=2022-11-11T00:00:00+00:00
[2022-11-11T14:28:48.755+0000] {processor.py:176} INFO - Processing /home/airflow/.local/lib/python3.7/site-packages/airflow/example_dags/example_branch_operator.py took 0.152 seconds
[2022-11-11T14:29:19.242+0000] {processor.py:154} INFO - Started process (PID=291) to work on /home/airflow/.local/lib/python3.7/site-packages/airflow/example_dags/example_branch_operator.py
[2022-11-11T14:29:19.243+0000] {processor.py:756} INFO - Processing file /home/airflow/.local/lib/python3.7/site-packages/airflow/example_dags/example_branch_operator.py for tasks to queue
[2022-11-11T14:29:19.244+0000] {logging_mixin.py:120} INFO - [2022-11-11T14:29:19.244+0000] {dagbag.py:537} INFO - Filling up the DagBag from /home/airflow/.local/lib/python3.7/site-packages/airflow/example_dags/example_branch_operator.py
[2022-11-11T14:29:19.269+0000] {processor.py:766} INFO - DAG(s) dict_keys(['example_branch_operator']) retrieved from /home/airflow/.local/lib/python3.7/site-packages/airflow/example_dags/example_branch_operator.py
[2022-11-11T14:29:19.332+0000] {logging_mixin.py:120} INFO - [2022-11-11T14:29:19.331+0000] {dag.py:2585} INFO - Sync 1 DAGs
[2022-11-11T14:29:19.370+0000] {logging_mixin.py:120} INFO - [2022-11-11T14:29:19.369+0000] {dag.py:3340} INFO - Setting next_dagrun for example_branch_operator to 2022-11-10T00:00:00+00:00, run_after=2022-11-11T00:00:00+00:00
[2022-11-11T14:29:19.398+0000] {processor.py:176} INFO - Processing /home/airflow/.local/lib/python3.7/site-packages/airflow/example_dags/example_branch_operator.py took 0.162 seconds
[2022-11-11T14:29:49.760+0000] {processor.py:154} INFO - Started process (PID=348) to work on /home/airflow/.local/lib/python3.7/site-packages/airflow/example_dags/example_branch_operator.py
[2022-11-11T14:29:49.761+0000] {processor.py:756} INFO - Processing file /home/airflow/.local/lib/python3.7/site-packages/airflow/example_dags/example_branch_operator.py for tasks to queue
[2022-11-11T14:29:49.762+0000] {logging_mixin.py:120} INFO - [2022-11-11T14:29:49.762+0000] {dagbag.py:537} INFO - Filling up the DagBag from /home/airflow/.local/lib/python3.7/site-packages/airflow/example_dags/example_branch_operator.py
[2022-11-11T14:29:49.788+0000] {processor.py:766} INFO - DAG(s) dict_keys(['example_branch_operator']) retrieved from /home/airflow/.local/lib/python3.7/site-packages/airflow/example_dags/example_branch_operator.py
[2022-11-11T14:29:49.859+0000] {logging_mixin.py:120} INFO - [2022-11-11T14:29:49.859+0000] {dag.py:2585} INFO - Sync 1 DAGs
[2022-11-11T14:29:49.902+0000] {logging_mixin.py:120} INFO - [2022-11-11T14:29:49.902+0000] {dag.py:3340} INFO - Setting next_dagrun for example_branch_operator to 2022-11-10T00:00:00+00:00, run_after=2022-11-11T00:00:00+00:00
[2022-11-11T14:29:49.930+0000] {processor.py:176} INFO - Processing /home/airflow/.local/lib/python3.7/site-packages/airflow/example_dags/example_branch_operator.py took 0.176 seconds
[2022-11-11T14:30:20.462+0000] {processor.py:154} INFO - Started process (PID=405) to work on /home/airflow/.local/lib/python3.7/site-packages/airflow/example_dags/example_branch_operator.py
[2022-11-11T14:30:20.463+0000] {processor.py:756} INFO - Processing file /home/airflow/.local/lib/python3.7/site-packages/airflow/example_dags/example_branch_operator.py for tasks to queue
[2022-11-11T14:30:20.464+0000] {logging_mixin.py:120} INFO - [2022-11-11T14:30:20.464+0000] {dagbag.py:537} INFO - Filling up the DagBag from /home/airflow/.local/lib/python3.7/site-packages/airflow/example_dags/example_branch_operator.py
[2022-11-11T14:30:20.490+0000] {processor.py:766} INFO - DAG(s) dict_keys(['example_branch_operator']) retrieved from /home/airflow/.local/lib/python3.7/site-packages/airflow/example_dags/example_branch_operator.py
[2022-11-11T14:30:20.560+0000] {logging_mixin.py:120} INFO - [2022-11-11T14:30:20.560+0000] {dag.py:2585} INFO - Sync 1 DAGs
[2022-11-11T14:30:20.597+0000] {logging_mixin.py:120} INFO - [2022-11-11T14:30:20.597+0000] {dag.py:3340} INFO - Setting next_dagrun for example_branch_operator to 2022-11-10T00:00:00+00:00, run_after=2022-11-11T00:00:00+00:00
[2022-11-11T14:30:20.631+0000] {processor.py:176} INFO - Processing /home/airflow/.local/lib/python3.7/site-packages/airflow/example_dags/example_branch_operator.py took 0.174 seconds
[2022-11-11T14:30:50.884+0000] {processor.py:154} INFO - Started process (PID=462) to work on /home/airflow/.local/lib/python3.7/site-packages/airflow/example_dags/example_branch_operator.py
[2022-11-11T14:30:50.886+0000] {processor.py:756} INFO - Processing file /home/airflow/.local/lib/python3.7/site-packages/airflow/example_dags/example_branch_operator.py for tasks to queue
[2022-11-11T14:30:50.887+0000] {logging_mixin.py:120} INFO - [2022-11-11T14:30:50.887+0000] {dagbag.py:537} INFO - Filling up the DagBag from /home/airflow/.local/lib/python3.7/site-packages/airflow/example_dags/example_branch_operator.py
[2022-11-11T14:30:50.915+0000] {processor.py:766} INFO - DAG(s) dict_keys(['example_branch_operator']) retrieved from /home/airflow/.local/lib/python3.7/site-packages/airflow/example_dags/example_branch_operator.py
[2022-11-11T14:30:50.972+0000] {logging_mixin.py:120} INFO - [2022-11-11T14:30:50.971+0000] {dag.py:2585} INFO - Sync 1 DAGs
[2022-11-11T14:30:51.009+0000] {logging_mixin.py:120} INFO - [2022-11-11T14:30:51.009+0000] {dag.py:3340} INFO - Setting next_dagrun for example_branch_operator to 2022-11-10T00:00:00+00:00, run_after=2022-11-11T00:00:00+00:00
[2022-11-11T14:30:51.032+0000] {processor.py:176} INFO - Processing /home/airflow/.local/lib/python3.7/site-packages/airflow/example_dags/example_branch_operator.py took 0.153 seconds
[2022-11-11T14:31:21.405+0000] {processor.py:154} INFO - Started process (PID=519) to work on /home/airflow/.local/lib/python3.7/site-packages/airflow/example_dags/example_branch_operator.py
[2022-11-11T14:31:21.406+0000] {processor.py:756} INFO - Processing file /home/airflow/.local/lib/python3.7/site-packages/airflow/example_dags/example_branch_operator.py for tasks to queue
[2022-11-11T14:31:21.407+0000] {logging_mixin.py:120} INFO - [2022-11-11T14:31:21.407+0000] {dagbag.py:537} INFO - Filling up the DagBag from /home/airflow/.local/lib/python3.7/site-packages/airflow/example_dags/example_branch_operator.py
[2022-11-11T14:31:21.433+0000] {processor.py:766} INFO - DAG(s) dict_keys(['example_branch_operator']) retrieved from /home/airflow/.local/lib/python3.7/site-packages/airflow/example_dags/example_branch_operator.py
[2022-11-11T14:31:21.498+0000] {logging_mixin.py:120} INFO - [2022-11-11T14:31:21.498+0000] {dag.py:2585} INFO - Sync 1 DAGs
[2022-11-11T14:31:21.535+0000] {logging_mixin.py:120} INFO - [2022-11-11T14:31:21.535+0000] {dag.py:3340} INFO - Setting next_dagrun for example_branch_operator to 2022-11-10T00:00:00+00:00, run_after=2022-11-11T00:00:00+00:00
[2022-11-11T14:31:21.559+0000] {processor.py:176} INFO - Processing /home/airflow/.local/lib/python3.7/site-packages/airflow/example_dags/example_branch_operator.py took 0.159 seconds
[2022-11-11T14:31:51.764+0000] {processor.py:154} INFO - Started process (PID=576) to work on /home/airflow/.local/lib/python3.7/site-packages/airflow/example_dags/example_branch_operator.py
[2022-11-11T14:31:51.765+0000] {processor.py:756} INFO - Processing file /home/airflow/.local/lib/python3.7/site-packages/airflow/example_dags/example_branch_operator.py for tasks to queue
[2022-11-11T14:31:51.766+0000] {logging_mixin.py:120} INFO - [2022-11-11T14:31:51.765+0000] {dagbag.py:537} INFO - Filling up the DagBag from /home/airflow/.local/lib/python3.7/site-packages/airflow/example_dags/example_branch_operator.py
[2022-11-11T14:31:51.790+0000] {processor.py:766} INFO - DAG(s) dict_keys(['example_branch_operator']) retrieved from /home/airflow/.local/lib/python3.7/site-packages/airflow/example_dags/example_branch_operator.py
[2022-11-11T14:31:51.846+0000] {logging_mixin.py:120} INFO - [2022-11-11T14:31:51.846+0000] {dag.py:2585} INFO - Sync 1 DAGs
[2022-11-11T14:31:51.881+0000] {logging_mixin.py:120} INFO - [2022-11-11T14:31:51.881+0000] {dag.py:3340} INFO - Setting next_dagrun for example_branch_operator to 2022-11-10T00:00:00+00:00, run_after=2022-11-11T00:00:00+00:00
[2022-11-11T14:31:51.904+0000] {processor.py:176} INFO - Processing /home/airflow/.local/lib/python3.7/site-packages/airflow/example_dags/example_branch_operator.py took 0.146 seconds
[2022-11-11T14:32:22.475+0000] {processor.py:154} INFO - Started process (PID=633) to work on /home/airflow/.local/lib/python3.7/site-packages/airflow/example_dags/example_branch_operator.py
[2022-11-11T14:32:22.477+0000] {processor.py:756} INFO - Processing file /home/airflow/.local/lib/python3.7/site-packages/airflow/example_dags/example_branch_operator.py for tasks to queue
[2022-11-11T14:32:22.477+0000] {logging_mixin.py:120} INFO - [2022-11-11T14:32:22.477+0000] {dagbag.py:537} INFO - Filling up the DagBag from /home/airflow/.local/lib/python3.7/site-packages/airflow/example_dags/example_branch_operator.py
[2022-11-11T14:32:22.503+0000] {processor.py:766} INFO - DAG(s) dict_keys(['example_branch_operator']) retrieved from /home/airflow/.local/lib/python3.7/site-packages/airflow/example_dags/example_branch_operator.py
[2022-11-11T14:32:22.561+0000] {logging_mixin.py:120} INFO - [2022-11-11T14:32:22.561+0000] {dag.py:2585} INFO - Sync 1 DAGs
[2022-11-11T14:32:22.597+0000] {logging_mixin.py:120} INFO - [2022-11-11T14:32:22.597+0000] {dag.py:3340} INFO - Setting next_dagrun for example_branch_operator to 2022-11-10T00:00:00+00:00, run_after=2022-11-11T00:00:00+00:00
[2022-11-11T14:32:22.622+0000] {processor.py:176} INFO - Processing /home/airflow/.local/lib/python3.7/site-packages/airflow/example_dags/example_branch_operator.py took 0.156 seconds
[2022-11-11T14:32:52.846+0000] {processor.py:154} INFO - Started process (PID=689) to work on /home/airflow/.local/lib/python3.7/site-packages/airflow/example_dags/example_branch_operator.py
[2022-11-11T14:32:52.848+0000] {processor.py:756} INFO - Processing file /home/airflow/.local/lib/python3.7/site-packages/airflow/example_dags/example_branch_operator.py for tasks to queue
[2022-11-11T14:32:52.849+0000] {logging_mixin.py:120} INFO - [2022-11-11T14:32:52.849+0000] {dagbag.py:537} INFO - Filling up the DagBag from /home/airflow/.local/lib/python3.7/site-packages/airflow/example_dags/example_branch_operator.py
[2022-11-11T14:32:52.873+0000] {processor.py:766} INFO - DAG(s) dict_keys(['example_branch_operator']) retrieved from /home/airflow/.local/lib/python3.7/site-packages/airflow/example_dags/example_branch_operator.py
[2022-11-11T14:32:52.932+0000] {logging_mixin.py:120} INFO - [2022-11-11T14:32:52.932+0000] {dag.py:2585} INFO - Sync 1 DAGs
[2022-11-11T14:32:52.968+0000] {logging_mixin.py:120} INFO - [2022-11-11T14:32:52.968+0000] {dag.py:3340} INFO - Setting next_dagrun for example_branch_operator to 2022-11-10T00:00:00+00:00, run_after=2022-11-11T00:00:00+00:00
[2022-11-11T14:32:52.994+0000] {processor.py:176} INFO - Processing /home/airflow/.local/lib/python3.7/site-packages/airflow/example_dags/example_branch_operator.py took 0.154 seconds
[2022-11-11T14:33:23.358+0000] {processor.py:154} INFO - Started process (PID=747) to work on /home/airflow/.local/lib/python3.7/site-packages/airflow/example_dags/example_branch_operator.py
[2022-11-11T14:33:23.360+0000] {processor.py:756} INFO - Processing file /home/airflow/.local/lib/python3.7/site-packages/airflow/example_dags/example_branch_operator.py for tasks to queue
[2022-11-11T14:33:23.361+0000] {logging_mixin.py:120} INFO - [2022-11-11T14:33:23.360+0000] {dagbag.py:537} INFO - Filling up the DagBag from /home/airflow/.local/lib/python3.7/site-packages/airflow/example_dags/example_branch_operator.py
[2022-11-11T14:33:23.385+0000] {processor.py:766} INFO - DAG(s) dict_keys(['example_branch_operator']) retrieved from /home/airflow/.local/lib/python3.7/site-packages/airflow/example_dags/example_branch_operator.py
[2022-11-11T14:33:23.443+0000] {logging_mixin.py:120} INFO - [2022-11-11T14:33:23.443+0000] {dag.py:2585} INFO - Sync 1 DAGs
[2022-11-11T14:33:23.482+0000] {logging_mixin.py:120} INFO - [2022-11-11T14:33:23.482+0000] {dag.py:3340} INFO - Setting next_dagrun for example_branch_operator to 2022-11-10T00:00:00+00:00, run_after=2022-11-11T00:00:00+00:00
[2022-11-11T14:33:23.510+0000] {processor.py:176} INFO - Processing /home/airflow/.local/lib/python3.7/site-packages/airflow/example_dags/example_branch_operator.py took 0.158 seconds
[2022-11-11T14:33:54.034+0000] {processor.py:154} INFO - Started process (PID=803) to work on /home/airflow/.local/lib/python3.7/site-packages/airflow/example_dags/example_branch_operator.py
[2022-11-11T14:33:54.035+0000] {processor.py:756} INFO - Processing file /home/airflow/.local/lib/python3.7/site-packages/airflow/example_dags/example_branch_operator.py for tasks to queue
[2022-11-11T14:33:54.037+0000] {logging_mixin.py:120} INFO - [2022-11-11T14:33:54.037+0000] {dagbag.py:537} INFO - Filling up the DagBag from /home/airflow/.local/lib/python3.7/site-packages/airflow/example_dags/example_branch_operator.py
[2022-11-11T14:33:54.061+0000] {processor.py:766} INFO - DAG(s) dict_keys(['example_branch_operator']) retrieved from /home/airflow/.local/lib/python3.7/site-packages/airflow/example_dags/example_branch_operator.py
[2022-11-11T14:33:54.118+0000] {logging_mixin.py:120} INFO - [2022-11-11T14:33:54.118+0000] {dag.py:2585} INFO - Sync 1 DAGs
[2022-11-11T14:33:54.153+0000] {logging_mixin.py:120} INFO - [2022-11-11T14:33:54.152+0000] {dag.py:3340} INFO - Setting next_dagrun for example_branch_operator to 2022-11-10T00:00:00+00:00, run_after=2022-11-11T00:00:00+00:00
[2022-11-11T14:33:54.178+0000] {processor.py:176} INFO - Processing /home/airflow/.local/lib/python3.7/site-packages/airflow/example_dags/example_branch_operator.py took 0.150 seconds
[2022-11-11T14:34:24.549+0000] {processor.py:154} INFO - Started process (PID=860) to work on /home/airflow/.local/lib/python3.7/site-packages/airflow/example_dags/example_branch_operator.py
[2022-11-11T14:34:24.551+0000] {processor.py:756} INFO - Processing file /home/airflow/.local/lib/python3.7/site-packages/airflow/example_dags/example_branch_operator.py for tasks to queue
[2022-11-11T14:34:24.551+0000] {logging_mixin.py:120} INFO - [2022-11-11T14:34:24.551+0000] {dagbag.py:537} INFO - Filling up the DagBag from /home/airflow/.local/lib/python3.7/site-packages/airflow/example_dags/example_branch_operator.py
[2022-11-11T14:34:24.576+0000] {processor.py:766} INFO - DAG(s) dict_keys(['example_branch_operator']) retrieved from /home/airflow/.local/lib/python3.7/site-packages/airflow/example_dags/example_branch_operator.py
[2022-11-11T14:34:24.635+0000] {logging_mixin.py:120} INFO - [2022-11-11T14:34:24.635+0000] {dag.py:2585} INFO - Sync 1 DAGs
[2022-11-11T14:34:24.670+0000] {logging_mixin.py:120} INFO - [2022-11-11T14:34:24.669+0000] {dag.py:3340} INFO - Setting next_dagrun for example_branch_operator to 2022-11-10T00:00:00+00:00, run_after=2022-11-11T00:00:00+00:00
[2022-11-11T14:34:24.693+0000] {processor.py:176} INFO - Processing /home/airflow/.local/lib/python3.7/site-packages/airflow/example_dags/example_branch_operator.py took 0.150 seconds
[2022-11-11T14:34:55.287+0000] {processor.py:154} INFO - Started process (PID=917) to work on /home/airflow/.local/lib/python3.7/site-packages/airflow/example_dags/example_branch_operator.py
[2022-11-11T14:34:55.288+0000] {processor.py:756} INFO - Processing file /home/airflow/.local/lib/python3.7/site-packages/airflow/example_dags/example_branch_operator.py for tasks to queue
[2022-11-11T14:34:55.289+0000] {logging_mixin.py:120} INFO - [2022-11-11T14:34:55.289+0000] {dagbag.py:537} INFO - Filling up the DagBag from /home/airflow/.local/lib/python3.7/site-packages/airflow/example_dags/example_branch_operator.py
[2022-11-11T14:34:55.315+0000] {processor.py:766} INFO - DAG(s) dict_keys(['example_branch_operator']) retrieved from /home/airflow/.local/lib/python3.7/site-packages/airflow/example_dags/example_branch_operator.py
[2022-11-11T14:34:55.376+0000] {logging_mixin.py:120} INFO - [2022-11-11T14:34:55.376+0000] {dag.py:2585} INFO - Sync 1 DAGs
[2022-11-11T14:34:55.413+0000] {logging_mixin.py:120} INFO - [2022-11-11T14:34:55.413+0000] {dag.py:3340} INFO - Setting next_dagrun for example_branch_operator to 2022-11-10T00:00:00+00:00, run_after=2022-11-11T00:00:00+00:00
[2022-11-11T14:34:55.437+0000] {processor.py:176} INFO - Processing /home/airflow/.local/lib/python3.7/site-packages/airflow/example_dags/example_branch_operator.py took 0.156 seconds
[2022-11-11T14:35:25.568+0000] {processor.py:154} INFO - Started process (PID=976) to work on /home/airflow/.local/lib/python3.7/site-packages/airflow/example_dags/example_branch_operator.py
[2022-11-11T14:35:25.569+0000] {processor.py:756} INFO - Processing file /home/airflow/.local/lib/python3.7/site-packages/airflow/example_dags/example_branch_operator.py for tasks to queue
[2022-11-11T14:35:25.570+0000] {logging_mixin.py:120} INFO - [2022-11-11T14:35:25.570+0000] {dagbag.py:537} INFO - Filling up the DagBag from /home/airflow/.local/lib/python3.7/site-packages/airflow/example_dags/example_branch_operator.py
[2022-11-11T14:35:25.596+0000] {processor.py:766} INFO - DAG(s) dict_keys(['example_branch_operator']) retrieved from /home/airflow/.local/lib/python3.7/site-packages/airflow/example_dags/example_branch_operator.py
[2022-11-11T14:35:25.655+0000] {logging_mixin.py:120} INFO - [2022-11-11T14:35:25.654+0000] {dag.py:2585} INFO - Sync 1 DAGs
[2022-11-11T14:35:25.691+0000] {logging_mixin.py:120} INFO - [2022-11-11T14:35:25.690+0000] {dag.py:3340} INFO - Setting next_dagrun for example_branch_operator to 2022-11-10T00:00:00+00:00, run_after=2022-11-11T00:00:00+00:00
[2022-11-11T14:35:25.714+0000] {processor.py:176} INFO - Processing /home/airflow/.local/lib/python3.7/site-packages/airflow/example_dags/example_branch_operator.py took 0.151 seconds
[2022-11-11T14:35:56.190+0000] {processor.py:154} INFO - Started process (PID=1033) to work on /home/airflow/.local/lib/python3.7/site-packages/airflow/example_dags/example_branch_operator.py
[2022-11-11T14:35:56.191+0000] {processor.py:756} INFO - Processing file /home/airflow/.local/lib/python3.7/site-packages/airflow/example_dags/example_branch_operator.py for tasks to queue
[2022-11-11T14:35:56.192+0000] {logging_mixin.py:120} INFO - [2022-11-11T14:35:56.192+0000] {dagbag.py:537} INFO - Filling up the DagBag from /home/airflow/.local/lib/python3.7/site-packages/airflow/example_dags/example_branch_operator.py
[2022-11-11T14:35:56.216+0000] {processor.py:766} INFO - DAG(s) dict_keys(['example_branch_operator']) retrieved from /home/airflow/.local/lib/python3.7/site-packages/airflow/example_dags/example_branch_operator.py
[2022-11-11T14:35:56.275+0000] {logging_mixin.py:120} INFO - [2022-11-11T14:35:56.275+0000] {dag.py:2585} INFO - Sync 1 DAGs
[2022-11-11T14:35:56.309+0000] {logging_mixin.py:120} INFO - [2022-11-11T14:35:56.309+0000] {dag.py:3340} INFO - Setting next_dagrun for example_branch_operator to 2022-11-10T00:00:00+00:00, run_after=2022-11-11T00:00:00+00:00
[2022-11-11T14:35:56.332+0000] {processor.py:176} INFO - Processing /home/airflow/.local/lib/python3.7/site-packages/airflow/example_dags/example_branch_operator.py took 0.148 seconds
[2022-11-11T14:36:26.537+0000] {processor.py:154} INFO - Started process (PID=1090) to work on /home/airflow/.local/lib/python3.7/site-packages/airflow/example_dags/example_branch_operator.py
[2022-11-11T14:36:26.539+0000] {processor.py:756} INFO - Processing file /home/airflow/.local/lib/python3.7/site-packages/airflow/example_dags/example_branch_operator.py for tasks to queue
[2022-11-11T14:36:26.539+0000] {logging_mixin.py:120} INFO - [2022-11-11T14:36:26.539+0000] {dagbag.py:537} INFO - Filling up the DagBag from /home/airflow/.local/lib/python3.7/site-packages/airflow/example_dags/example_branch_operator.py
[2022-11-11T14:36:26.565+0000] {processor.py:766} INFO - DAG(s) dict_keys(['example_branch_operator']) retrieved from /home/airflow/.local/lib/python3.7/site-packages/airflow/example_dags/example_branch_operator.py
[2022-11-11T14:36:26.624+0000] {logging_mixin.py:120} INFO - [2022-11-11T14:36:26.624+0000] {dag.py:2585} INFO - Sync 1 DAGs
[2022-11-11T14:36:26.660+0000] {logging_mixin.py:120} INFO - [2022-11-11T14:36:26.660+0000] {dag.py:3340} INFO - Setting next_dagrun for example_branch_operator to 2022-11-10T00:00:00+00:00, run_after=2022-11-11T00:00:00+00:00
[2022-11-11T14:36:26.685+0000] {processor.py:176} INFO - Processing /home/airflow/.local/lib/python3.7/site-packages/airflow/example_dags/example_branch_operator.py took 0.153 seconds
[2022-11-11T14:36:57.251+0000] {processor.py:154} INFO - Started process (PID=1147) to work on /home/airflow/.local/lib/python3.7/site-packages/airflow/example_dags/example_branch_operator.py
[2022-11-11T14:36:57.252+0000] {processor.py:756} INFO - Processing file /home/airflow/.local/lib/python3.7/site-packages/airflow/example_dags/example_branch_operator.py for tasks to queue
[2022-11-11T14:36:57.253+0000] {logging_mixin.py:120} INFO - [2022-11-11T14:36:57.253+0000] {dagbag.py:537} INFO - Filling up the DagBag from /home/airflow/.local/lib/python3.7/site-packages/airflow/example_dags/example_branch_operator.py
[2022-11-11T14:36:57.278+0000] {processor.py:766} INFO - DAG(s) dict_keys(['example_branch_operator']) retrieved from /home/airflow/.local/lib/python3.7/site-packages/airflow/example_dags/example_branch_operator.py
[2022-11-11T14:36:57.335+0000] {logging_mixin.py:120} INFO - [2022-11-11T14:36:57.334+0000] {dag.py:2585} INFO - Sync 1 DAGs
[2022-11-11T14:36:57.379+0000] {logging_mixin.py:120} INFO - [2022-11-11T14:36:57.379+0000] {dag.py:3340} INFO - Setting next_dagrun for example_branch_operator to 2022-11-10T00:00:00+00:00, run_after=2022-11-11T00:00:00+00:00
[2022-11-11T14:36:57.404+0000] {processor.py:176} INFO - Processing /home/airflow/.local/lib/python3.7/site-packages/airflow/example_dags/example_branch_operator.py took 0.159 seconds
[2022-11-11T14:37:27.788+0000] {processor.py:154} INFO - Started process (PID=1205) to work on /home/airflow/.local/lib/python3.7/site-packages/airflow/example_dags/example_branch_operator.py
[2022-11-11T14:37:27.789+0000] {processor.py:756} INFO - Processing file /home/airflow/.local/lib/python3.7/site-packages/airflow/example_dags/example_branch_operator.py for tasks to queue
[2022-11-11T14:37:27.790+0000] {logging_mixin.py:120} INFO - [2022-11-11T14:37:27.790+0000] {dagbag.py:537} INFO - Filling up the DagBag from /home/airflow/.local/lib/python3.7/site-packages/airflow/example_dags/example_branch_operator.py
[2022-11-11T14:37:27.814+0000] {processor.py:766} INFO - DAG(s) dict_keys(['example_branch_operator']) retrieved from /home/airflow/.local/lib/python3.7/site-packages/airflow/example_dags/example_branch_operator.py
[2022-11-11T14:37:27.871+0000] {logging_mixin.py:120} INFO - [2022-11-11T14:37:27.871+0000] {dag.py:2585} INFO - Sync 1 DAGs
[2022-11-11T14:37:27.911+0000] {logging_mixin.py:120} INFO - [2022-11-11T14:37:27.910+0000] {dag.py:3340} INFO - Setting next_dagrun for example_branch_operator to 2022-11-10T00:00:00+00:00, run_after=2022-11-11T00:00:00+00:00
[2022-11-11T14:37:27.935+0000] {processor.py:176} INFO - Processing /home/airflow/.local/lib/python3.7/site-packages/airflow/example_dags/example_branch_operator.py took 0.152 seconds
[2022-11-11T14:37:58.310+0000] {processor.py:154} INFO - Started process (PID=1263) to work on /home/airflow/.local/lib/python3.7/site-packages/airflow/example_dags/example_branch_operator.py
[2022-11-11T14:37:58.312+0000] {processor.py:756} INFO - Processing file /home/airflow/.local/lib/python3.7/site-packages/airflow/example_dags/example_branch_operator.py for tasks to queue
[2022-11-11T14:37:58.313+0000] {logging_mixin.py:120} INFO - [2022-11-11T14:37:58.312+0000] {dagbag.py:537} INFO - Filling up the DagBag from /home/airflow/.local/lib/python3.7/site-packages/airflow/example_dags/example_branch_operator.py
[2022-11-11T14:37:58.337+0000] {processor.py:766} INFO - DAG(s) dict_keys(['example_branch_operator']) retrieved from /home/airflow/.local/lib/python3.7/site-packages/airflow/example_dags/example_branch_operator.py
[2022-11-11T14:37:58.393+0000] {logging_mixin.py:120} INFO - [2022-11-11T14:37:58.393+0000] {dag.py:2585} INFO - Sync 1 DAGs
[2022-11-11T14:37:58.427+0000] {logging_mixin.py:120} INFO - [2022-11-11T14:37:58.427+0000] {dag.py:3340} INFO - Setting next_dagrun for example_branch_operator to 2022-11-10T00:00:00+00:00, run_after=2022-11-11T00:00:00+00:00
[2022-11-11T14:37:58.451+0000] {processor.py:176} INFO - Processing /home/airflow/.local/lib/python3.7/site-packages/airflow/example_dags/example_branch_operator.py took 0.146 seconds
[2022-11-11T14:38:28.740+0000] {processor.py:154} INFO - Started process (PID=1320) to work on /home/airflow/.local/lib/python3.7/site-packages/airflow/example_dags/example_branch_operator.py
[2022-11-11T14:38:28.741+0000] {processor.py:756} INFO - Processing file /home/airflow/.local/lib/python3.7/site-packages/airflow/example_dags/example_branch_operator.py for tasks to queue
[2022-11-11T14:38:28.742+0000] {logging_mixin.py:120} INFO - [2022-11-11T14:38:28.742+0000] {dagbag.py:537} INFO - Filling up the DagBag from /home/airflow/.local/lib/python3.7/site-packages/airflow/example_dags/example_branch_operator.py
[2022-11-11T14:38:28.766+0000] {processor.py:766} INFO - DAG(s) dict_keys(['example_branch_operator']) retrieved from /home/airflow/.local/lib/python3.7/site-packages/airflow/example_dags/example_branch_operator.py
[2022-11-11T14:38:28.824+0000] {logging_mixin.py:120} INFO - [2022-11-11T14:38:28.824+0000] {dag.py:2585} INFO - Sync 1 DAGs
[2022-11-11T14:38:28.859+0000] {logging_mixin.py:120} INFO - [2022-11-11T14:38:28.859+0000] {dag.py:3340} INFO - Setting next_dagrun for example_branch_operator to 2022-11-10T00:00:00+00:00, run_after=2022-11-11T00:00:00+00:00
[2022-11-11T14:38:28.882+0000] {processor.py:176} INFO - Processing /home/airflow/.local/lib/python3.7/site-packages/airflow/example_dags/example_branch_operator.py took 0.148 seconds
[2022-11-11T14:38:59.523+0000] {processor.py:154} INFO - Started process (PID=1375) to work on /home/airflow/.local/lib/python3.7/site-packages/airflow/example_dags/example_branch_operator.py
[2022-11-11T14:38:59.525+0000] {processor.py:756} INFO - Processing file /home/airflow/.local/lib/python3.7/site-packages/airflow/example_dags/example_branch_operator.py for tasks to queue
[2022-11-11T14:38:59.526+0000] {logging_mixin.py:120} INFO - [2022-11-11T14:38:59.526+0000] {dagbag.py:537} INFO - Filling up the DagBag from /home/airflow/.local/lib/python3.7/site-packages/airflow/example_dags/example_branch_operator.py
[2022-11-11T14:38:59.552+0000] {processor.py:766} INFO - DAG(s) dict_keys(['example_branch_operator']) retrieved from /home/airflow/.local/lib/python3.7/site-packages/airflow/example_dags/example_branch_operator.py
[2022-11-11T14:38:59.612+0000] {logging_mixin.py:120} INFO - [2022-11-11T14:38:59.612+0000] {dag.py:2585} INFO - Sync 1 DAGs
[2022-11-11T14:38:59.650+0000] {logging_mixin.py:120} INFO - [2022-11-11T14:38:59.650+0000] {dag.py:3340} INFO - Setting next_dagrun for example_branch_operator to 2022-11-10T00:00:00+00:00, run_after=2022-11-11T00:00:00+00:00
[2022-11-11T14:38:59.674+0000] {processor.py:176} INFO - Processing /home/airflow/.local/lib/python3.7/site-packages/airflow/example_dags/example_branch_operator.py took 0.155 seconds
[2022-11-11T14:39:30.041+0000] {processor.py:154} INFO - Started process (PID=1433) to work on /home/airflow/.local/lib/python3.7/site-packages/airflow/example_dags/example_branch_operator.py
[2022-11-11T14:39:30.043+0000] {processor.py:756} INFO - Processing file /home/airflow/.local/lib/python3.7/site-packages/airflow/example_dags/example_branch_operator.py for tasks to queue
[2022-11-11T14:39:30.044+0000] {logging_mixin.py:120} INFO - [2022-11-11T14:39:30.044+0000] {dagbag.py:537} INFO - Filling up the DagBag from /home/airflow/.local/lib/python3.7/site-packages/airflow/example_dags/example_branch_operator.py
[2022-11-11T14:39:30.073+0000] {processor.py:766} INFO - DAG(s) dict_keys(['example_branch_operator']) retrieved from /home/airflow/.local/lib/python3.7/site-packages/airflow/example_dags/example_branch_operator.py
[2022-11-11T14:39:30.129+0000] {logging_mixin.py:120} INFO - [2022-11-11T14:39:30.129+0000] {dag.py:2585} INFO - Sync 1 DAGs
[2022-11-11T14:39:30.165+0000] {logging_mixin.py:120} INFO - [2022-11-11T14:39:30.165+0000] {dag.py:3340} INFO - Setting next_dagrun for example_branch_operator to 2022-11-10T00:00:00+00:00, run_after=2022-11-11T00:00:00+00:00
[2022-11-11T14:39:30.189+0000] {processor.py:176} INFO - Processing /home/airflow/.local/lib/python3.7/site-packages/airflow/example_dags/example_branch_operator.py took 0.155 seconds
[2022-11-11T14:40:00.756+0000] {processor.py:154} INFO - Started process (PID=1489) to work on /home/airflow/.local/lib/python3.7/site-packages/airflow/example_dags/example_branch_operator.py
[2022-11-11T14:40:00.757+0000] {processor.py:756} INFO - Processing file /home/airflow/.local/lib/python3.7/site-packages/airflow/example_dags/example_branch_operator.py for tasks to queue
[2022-11-11T14:40:00.758+0000] {logging_mixin.py:120} INFO - [2022-11-11T14:40:00.758+0000] {dagbag.py:537} INFO - Filling up the DagBag from /home/airflow/.local/lib/python3.7/site-packages/airflow/example_dags/example_branch_operator.py
[2022-11-11T14:40:00.782+0000] {processor.py:766} INFO - DAG(s) dict_keys(['example_branch_operator']) retrieved from /home/airflow/.local/lib/python3.7/site-packages/airflow/example_dags/example_branch_operator.py
[2022-11-11T14:40:00.839+0000] {logging_mixin.py:120} INFO - [2022-11-11T14:40:00.839+0000] {dag.py:2585} INFO - Sync 1 DAGs
[2022-11-11T14:40:00.873+0000] {logging_mixin.py:120} INFO - [2022-11-11T14:40:00.873+0000] {dag.py:3340} INFO - Setting next_dagrun for example_branch_operator to 2022-11-10T00:00:00+00:00, run_after=2022-11-11T00:00:00+00:00
[2022-11-11T14:40:00.897+0000] {processor.py:176} INFO - Processing /home/airflow/.local/lib/python3.7/site-packages/airflow/example_dags/example_branch_operator.py took 0.147 seconds
[2022-11-11T14:40:31.213+0000] {processor.py:154} INFO - Started process (PID=1545) to work on /home/airflow/.local/lib/python3.7/site-packages/airflow/example_dags/example_branch_operator.py
[2022-11-11T14:40:31.215+0000] {processor.py:756} INFO - Processing file /home/airflow/.local/lib/python3.7/site-packages/airflow/example_dags/example_branch_operator.py for tasks to queue
[2022-11-11T14:40:31.216+0000] {logging_mixin.py:120} INFO - [2022-11-11T14:40:31.216+0000] {dagbag.py:537} INFO - Filling up the DagBag from /home/airflow/.local/lib/python3.7/site-packages/airflow/example_dags/example_branch_operator.py
[2022-11-11T14:40:31.241+0000] {processor.py:766} INFO - DAG(s) dict_keys(['example_branch_operator']) retrieved from /home/airflow/.local/lib/python3.7/site-packages/airflow/example_dags/example_branch_operator.py
[2022-11-11T14:40:31.306+0000] {logging_mixin.py:120} INFO - [2022-11-11T14:40:31.306+0000] {dag.py:2585} INFO - Sync 1 DAGs
[2022-11-11T14:40:31.344+0000] {logging_mixin.py:120} INFO - [2022-11-11T14:40:31.344+0000] {dag.py:3340} INFO - Setting next_dagrun for example_branch_operator to 2022-11-10T00:00:00+00:00, run_after=2022-11-11T00:00:00+00:00
[2022-11-11T14:40:31.368+0000] {processor.py:176} INFO - Processing /home/airflow/.local/lib/python3.7/site-packages/airflow/example_dags/example_branch_operator.py took 0.161 seconds
[2022-11-11T14:41:01.637+0000] {processor.py:154} INFO - Started process (PID=1601) to work on /home/airflow/.local/lib/python3.7/site-packages/airflow/example_dags/example_branch_operator.py
[2022-11-11T14:41:01.638+0000] {processor.py:756} INFO - Processing file /home/airflow/.local/lib/python3.7/site-packages/airflow/example_dags/example_branch_operator.py for tasks to queue
[2022-11-11T14:41:01.639+0000] {logging_mixin.py:120} INFO - [2022-11-11T14:41:01.639+0000] {dagbag.py:537} INFO - Filling up the DagBag from /home/airflow/.local/lib/python3.7/site-packages/airflow/example_dags/example_branch_operator.py
[2022-11-11T14:41:01.665+0000] {processor.py:766} INFO - DAG(s) dict_keys(['example_branch_operator']) retrieved from /home/airflow/.local/lib/python3.7/site-packages/airflow/example_dags/example_branch_operator.py
[2022-11-11T14:41:01.721+0000] {logging_mixin.py:120} INFO - [2022-11-11T14:41:01.721+0000] {dag.py:2585} INFO - Sync 1 DAGs
[2022-11-11T14:41:01.756+0000] {logging_mixin.py:120} INFO - [2022-11-11T14:41:01.756+0000] {dag.py:3340} INFO - Setting next_dagrun for example_branch_operator to 2022-11-10T00:00:00+00:00, run_after=2022-11-11T00:00:00+00:00
[2022-11-11T14:41:01.780+0000] {processor.py:176} INFO - Processing /home/airflow/.local/lib/python3.7/site-packages/airflow/example_dags/example_branch_operator.py took 0.149 seconds
[2022-11-11T14:41:32.467+0000] {processor.py:154} INFO - Started process (PID=1658) to work on /home/airflow/.local/lib/python3.7/site-packages/airflow/example_dags/example_branch_operator.py
[2022-11-11T14:41:32.468+0000] {processor.py:756} INFO - Processing file /home/airflow/.local/lib/python3.7/site-packages/airflow/example_dags/example_branch_operator.py for tasks to queue
[2022-11-11T14:41:32.469+0000] {logging_mixin.py:120} INFO - [2022-11-11T14:41:32.469+0000] {dagbag.py:537} INFO - Filling up the DagBag from /home/airflow/.local/lib/python3.7/site-packages/airflow/example_dags/example_branch_operator.py
[2022-11-11T14:41:32.494+0000] {processor.py:766} INFO - DAG(s) dict_keys(['example_branch_operator']) retrieved from /home/airflow/.local/lib/python3.7/site-packages/airflow/example_dags/example_branch_operator.py
[2022-11-11T14:41:32.551+0000] {logging_mixin.py:120} INFO - [2022-11-11T14:41:32.551+0000] {dag.py:2585} INFO - Sync 1 DAGs
[2022-11-11T14:41:32.588+0000] {logging_mixin.py:120} INFO - [2022-11-11T14:41:32.588+0000] {dag.py:3340} INFO - Setting next_dagrun for example_branch_operator to 2022-11-10T00:00:00+00:00, run_after=2022-11-11T00:00:00+00:00
[2022-11-11T14:41:32.611+0000] {processor.py:176} INFO - Processing /home/airflow/.local/lib/python3.7/site-packages/airflow/example_dags/example_branch_operator.py took 0.149 seconds
[2022-11-11T14:42:03.063+0000] {processor.py:154} INFO - Started process (PID=1717) to work on /home/airflow/.local/lib/python3.7/site-packages/airflow/example_dags/example_branch_operator.py
[2022-11-11T14:42:03.064+0000] {processor.py:756} INFO - Processing file /home/airflow/.local/lib/python3.7/site-packages/airflow/example_dags/example_branch_operator.py for tasks to queue
[2022-11-11T14:42:03.065+0000] {logging_mixin.py:120} INFO - [2022-11-11T14:42:03.065+0000] {dagbag.py:537} INFO - Filling up the DagBag from /home/airflow/.local/lib/python3.7/site-packages/airflow/example_dags/example_branch_operator.py
[2022-11-11T14:42:03.090+0000] {processor.py:766} INFO - DAG(s) dict_keys(['example_branch_operator']) retrieved from /home/airflow/.local/lib/python3.7/site-packages/airflow/example_dags/example_branch_operator.py
[2022-11-11T14:42:03.148+0000] {logging_mixin.py:120} INFO - [2022-11-11T14:42:03.148+0000] {dag.py:2585} INFO - Sync 1 DAGs
[2022-11-11T14:42:03.183+0000] {logging_mixin.py:120} INFO - [2022-11-11T14:42:03.183+0000] {dag.py:3340} INFO - Setting next_dagrun for example_branch_operator to 2022-11-10T00:00:00+00:00, run_after=2022-11-11T00:00:00+00:00
[2022-11-11T14:42:03.210+0000] {processor.py:176} INFO - Processing /home/airflow/.local/lib/python3.7/site-packages/airflow/example_dags/example_branch_operator.py took 0.152 seconds
[2022-11-11T14:42:33.404+0000] {processor.py:154} INFO - Started process (PID=1775) to work on /home/airflow/.local/lib/python3.7/site-packages/airflow/example_dags/example_branch_operator.py
[2022-11-11T14:42:33.405+0000] {processor.py:756} INFO - Processing file /home/airflow/.local/lib/python3.7/site-packages/airflow/example_dags/example_branch_operator.py for tasks to queue
[2022-11-11T14:42:33.406+0000] {logging_mixin.py:120} INFO - [2022-11-11T14:42:33.406+0000] {dagbag.py:537} INFO - Filling up the DagBag from /home/airflow/.local/lib/python3.7/site-packages/airflow/example_dags/example_branch_operator.py
[2022-11-11T14:42:33.431+0000] {processor.py:766} INFO - DAG(s) dict_keys(['example_branch_operator']) retrieved from /home/airflow/.local/lib/python3.7/site-packages/airflow/example_dags/example_branch_operator.py
[2022-11-11T14:42:33.489+0000] {logging_mixin.py:120} INFO - [2022-11-11T14:42:33.489+0000] {dag.py:2585} INFO - Sync 1 DAGs
[2022-11-11T14:42:33.523+0000] {logging_mixin.py:120} INFO - [2022-11-11T14:42:33.523+0000] {dag.py:3340} INFO - Setting next_dagrun for example_branch_operator to 2022-11-10T00:00:00+00:00, run_after=2022-11-11T00:00:00+00:00
[2022-11-11T14:42:33.546+0000] {processor.py:176} INFO - Processing /home/airflow/.local/lib/python3.7/site-packages/airflow/example_dags/example_branch_operator.py took 0.147 seconds
[2022-11-11T14:43:03.772+0000] {processor.py:154} INFO - Started process (PID=1833) to work on /home/airflow/.local/lib/python3.7/site-packages/airflow/example_dags/example_branch_operator.py
[2022-11-11T14:43:03.774+0000] {processor.py:756} INFO - Processing file /home/airflow/.local/lib/python3.7/site-packages/airflow/example_dags/example_branch_operator.py for tasks to queue
[2022-11-11T14:43:03.774+0000] {logging_mixin.py:120} INFO - [2022-11-11T14:43:03.774+0000] {dagbag.py:537} INFO - Filling up the DagBag from /home/airflow/.local/lib/python3.7/site-packages/airflow/example_dags/example_branch_operator.py
[2022-11-11T14:43:03.799+0000] {processor.py:766} INFO - DAG(s) dict_keys(['example_branch_operator']) retrieved from /home/airflow/.local/lib/python3.7/site-packages/airflow/example_dags/example_branch_operator.py
[2022-11-11T14:43:03.854+0000] {logging_mixin.py:120} INFO - [2022-11-11T14:43:03.854+0000] {dag.py:2585} INFO - Sync 1 DAGs
[2022-11-11T14:43:03.888+0000] {logging_mixin.py:120} INFO - [2022-11-11T14:43:03.887+0000] {dag.py:3340} INFO - Setting next_dagrun for example_branch_operator to 2022-11-10T00:00:00+00:00, run_after=2022-11-11T00:00:00+00:00
[2022-11-11T14:43:03.912+0000] {processor.py:176} INFO - Processing /home/airflow/.local/lib/python3.7/site-packages/airflow/example_dags/example_branch_operator.py took 0.145 seconds
[2022-11-11T14:43:34.498+0000] {processor.py:154} INFO - Started process (PID=1890) to work on /home/airflow/.local/lib/python3.7/site-packages/airflow/example_dags/example_branch_operator.py
[2022-11-11T14:43:34.499+0000] {processor.py:756} INFO - Processing file /home/airflow/.local/lib/python3.7/site-packages/airflow/example_dags/example_branch_operator.py for tasks to queue
[2022-11-11T14:43:34.500+0000] {logging_mixin.py:120} INFO - [2022-11-11T14:43:34.500+0000] {dagbag.py:537} INFO - Filling up the DagBag from /home/airflow/.local/lib/python3.7/site-packages/airflow/example_dags/example_branch_operator.py
[2022-11-11T14:43:34.527+0000] {processor.py:766} INFO - DAG(s) dict_keys(['example_branch_operator']) retrieved from /home/airflow/.local/lib/python3.7/site-packages/airflow/example_dags/example_branch_operator.py
[2022-11-11T14:43:34.588+0000] {logging_mixin.py:120} INFO - [2022-11-11T14:43:34.588+0000] {dag.py:2585} INFO - Sync 1 DAGs
[2022-11-11T14:43:34.626+0000] {logging_mixin.py:120} INFO - [2022-11-11T14:43:34.626+0000] {dag.py:3340} INFO - Setting next_dagrun for example_branch_operator to 2022-11-10T00:00:00+00:00, run_after=2022-11-11T00:00:00+00:00
[2022-11-11T14:43:34.649+0000] {processor.py:176} INFO - Processing /home/airflow/.local/lib/python3.7/site-packages/airflow/example_dags/example_branch_operator.py took 0.156 seconds
[2022-11-11T14:44:05.038+0000] {processor.py:154} INFO - Started process (PID=1947) to work on /home/airflow/.local/lib/python3.7/site-packages/airflow/example_dags/example_branch_operator.py
[2022-11-11T14:44:05.039+0000] {processor.py:756} INFO - Processing file /home/airflow/.local/lib/python3.7/site-packages/airflow/example_dags/example_branch_operator.py for tasks to queue
[2022-11-11T14:44:05.040+0000] {logging_mixin.py:120} INFO - [2022-11-11T14:44:05.040+0000] {dagbag.py:537} INFO - Filling up the DagBag from /home/airflow/.local/lib/python3.7/site-packages/airflow/example_dags/example_branch_operator.py
[2022-11-11T14:44:05.069+0000] {processor.py:766} INFO - DAG(s) dict_keys(['example_branch_operator']) retrieved from /home/airflow/.local/lib/python3.7/site-packages/airflow/example_dags/example_branch_operator.py
[2022-11-11T14:44:05.129+0000] {logging_mixin.py:120} INFO - [2022-11-11T14:44:05.129+0000] {dag.py:2585} INFO - Sync 1 DAGs
[2022-11-11T14:44:05.165+0000] {logging_mixin.py:120} INFO - [2022-11-11T14:44:05.165+0000] {dag.py:3340} INFO - Setting next_dagrun for example_branch_operator to 2022-11-10T00:00:00+00:00, run_after=2022-11-11T00:00:00+00:00
[2022-11-11T14:44:05.190+0000] {processor.py:176} INFO - Processing /home/airflow/.local/lib/python3.7/site-packages/airflow/example_dags/example_branch_operator.py took 0.160 seconds
