[2022-11-11T14:17:50.485+0000] {processor.py:154} INFO - Started process (PID=50) to work on /home/airflow/.local/lib/python3.7/site-packages/airflow/example_dags/example_skip_dag.py
[2022-11-11T14:17:50.487+0000] {processor.py:756} INFO - Processing file /home/airflow/.local/lib/python3.7/site-packages/airflow/example_dags/example_skip_dag.py for tasks to queue
[2022-11-11T14:17:50.489+0000] {logging_mixin.py:120} INFO - [2022-11-11T14:17:50.488+0000] {dagbag.py:537} INFO - Filling up the DagBag from /home/airflow/.local/lib/python3.7/site-packages/airflow/example_dags/example_skip_dag.py
[2022-11-11T14:17:50.525+0000] {processor.py:766} INFO - DAG(s) dict_keys(['example_skip_dag']) retrieved from /home/airflow/.local/lib/python3.7/site-packages/airflow/example_dags/example_skip_dag.py
[2022-11-11T14:17:50.747+0000] {logging_mixin.py:120} INFO - [2022-11-11T14:17:50.746+0000] {manager.py:507} INFO - Created Permission View: can read on DAG:example_skip_dag
[2022-11-11T14:17:50.761+0000] {logging_mixin.py:120} INFO - [2022-11-11T14:17:50.761+0000] {manager.py:507} INFO - Created Permission View: can edit on DAG:example_skip_dag
[2022-11-11T14:17:50.770+0000] {logging_mixin.py:120} INFO - [2022-11-11T14:17:50.770+0000] {manager.py:507} INFO - Created Permission View: can delete on DAG:example_skip_dag
[2022-11-11T14:17:50.770+0000] {logging_mixin.py:120} INFO - [2022-11-11T14:17:50.770+0000] {dag.py:2585} INFO - Sync 1 DAGs
[2022-11-11T14:17:50.788+0000] {logging_mixin.py:120} INFO - [2022-11-11T14:17:50.788+0000] {dag.py:2606} INFO - Creating ORM DAG for example_skip_dag
[2022-11-11T14:17:50.804+0000] {logging_mixin.py:120} INFO - [2022-11-11T14:17:50.803+0000] {dag.py:3340} INFO - Setting next_dagrun for example_skip_dag to 2022-11-10T14:17:50.803549+00:00, run_after=2022-11-11T14:17:50.803549+00:00
[2022-11-11T14:17:50.833+0000] {processor.py:176} INFO - Processing /home/airflow/.local/lib/python3.7/site-packages/airflow/example_dags/example_skip_dag.py took 0.355 seconds
[2022-11-11T14:18:21.524+0000] {processor.py:154} INFO - Started process (PID=107) to work on /home/airflow/.local/lib/python3.7/site-packages/airflow/example_dags/example_skip_dag.py
[2022-11-11T14:18:21.525+0000] {processor.py:756} INFO - Processing file /home/airflow/.local/lib/python3.7/site-packages/airflow/example_dags/example_skip_dag.py for tasks to queue
[2022-11-11T14:18:21.526+0000] {logging_mixin.py:120} INFO - [2022-11-11T14:18:21.526+0000] {dagbag.py:537} INFO - Filling up the DagBag from /home/airflow/.local/lib/python3.7/site-packages/airflow/example_dags/example_skip_dag.py
[2022-11-11T14:18:21.548+0000] {processor.py:766} INFO - DAG(s) dict_keys(['example_skip_dag']) retrieved from /home/airflow/.local/lib/python3.7/site-packages/airflow/example_dags/example_skip_dag.py
[2022-11-11T14:18:21.607+0000] {logging_mixin.py:120} INFO - [2022-11-11T14:18:21.607+0000] {dag.py:2585} INFO - Sync 1 DAGs
[2022-11-11T14:18:21.644+0000] {logging_mixin.py:120} INFO - [2022-11-11T14:18:21.643+0000] {dag.py:3340} INFO - Setting next_dagrun for example_skip_dag to 2022-11-10T14:18:21.643540+00:00, run_after=2022-11-11T14:18:21.643540+00:00
[2022-11-11T14:18:21.679+0000] {processor.py:176} INFO - Processing /home/airflow/.local/lib/python3.7/site-packages/airflow/example_dags/example_skip_dag.py took 0.160 seconds
[2022-11-11T14:18:52.009+0000] {processor.py:154} INFO - Started process (PID=165) to work on /home/airflow/.local/lib/python3.7/site-packages/airflow/example_dags/example_skip_dag.py
[2022-11-11T14:18:52.010+0000] {processor.py:756} INFO - Processing file /home/airflow/.local/lib/python3.7/site-packages/airflow/example_dags/example_skip_dag.py for tasks to queue
[2022-11-11T14:18:52.011+0000] {logging_mixin.py:120} INFO - [2022-11-11T14:18:52.011+0000] {dagbag.py:537} INFO - Filling up the DagBag from /home/airflow/.local/lib/python3.7/site-packages/airflow/example_dags/example_skip_dag.py
[2022-11-11T14:18:52.033+0000] {processor.py:766} INFO - DAG(s) dict_keys(['example_skip_dag']) retrieved from /home/airflow/.local/lib/python3.7/site-packages/airflow/example_dags/example_skip_dag.py
[2022-11-11T14:18:52.112+0000] {logging_mixin.py:120} INFO - [2022-11-11T14:18:52.111+0000] {dag.py:2585} INFO - Sync 1 DAGs
[2022-11-11T14:18:52.162+0000] {logging_mixin.py:120} INFO - [2022-11-11T14:18:52.162+0000] {dag.py:3340} INFO - Setting next_dagrun for example_skip_dag to 2022-11-10T14:18:52.161818+00:00, run_after=2022-11-11T14:18:52.161818+00:00
[2022-11-11T14:18:52.209+0000] {processor.py:176} INFO - Processing /home/airflow/.local/lib/python3.7/site-packages/airflow/example_dags/example_skip_dag.py took 0.206 seconds
[2022-11-11T14:19:22.398+0000] {processor.py:154} INFO - Started process (PID=222) to work on /home/airflow/.local/lib/python3.7/site-packages/airflow/example_dags/example_skip_dag.py
[2022-11-11T14:19:22.400+0000] {processor.py:756} INFO - Processing file /home/airflow/.local/lib/python3.7/site-packages/airflow/example_dags/example_skip_dag.py for tasks to queue
[2022-11-11T14:19:22.401+0000] {logging_mixin.py:120} INFO - [2022-11-11T14:19:22.401+0000] {dagbag.py:537} INFO - Filling up the DagBag from /home/airflow/.local/lib/python3.7/site-packages/airflow/example_dags/example_skip_dag.py
[2022-11-11T14:19:22.424+0000] {processor.py:766} INFO - DAG(s) dict_keys(['example_skip_dag']) retrieved from /home/airflow/.local/lib/python3.7/site-packages/airflow/example_dags/example_skip_dag.py
[2022-11-11T14:19:22.492+0000] {logging_mixin.py:120} INFO - [2022-11-11T14:19:22.492+0000] {dag.py:2585} INFO - Sync 1 DAGs
[2022-11-11T14:19:22.534+0000] {logging_mixin.py:120} INFO - [2022-11-11T14:19:22.534+0000] {dag.py:3340} INFO - Setting next_dagrun for example_skip_dag to 2022-11-10T14:19:22.533817+00:00, run_after=2022-11-11T14:19:22.533817+00:00
[2022-11-11T14:19:22.564+0000] {processor.py:176} INFO - Processing /home/airflow/.local/lib/python3.7/site-packages/airflow/example_dags/example_skip_dag.py took 0.173 seconds
[2022-11-11T14:22:41.638+0000] {processor.py:154} INFO - Started process (PID=50) to work on /home/airflow/.local/lib/python3.7/site-packages/airflow/example_dags/example_skip_dag.py
[2022-11-11T14:22:41.639+0000] {processor.py:756} INFO - Processing file /home/airflow/.local/lib/python3.7/site-packages/airflow/example_dags/example_skip_dag.py for tasks to queue
[2022-11-11T14:22:41.640+0000] {logging_mixin.py:120} INFO - [2022-11-11T14:22:41.640+0000] {dagbag.py:537} INFO - Filling up the DagBag from /home/airflow/.local/lib/python3.7/site-packages/airflow/example_dags/example_skip_dag.py
[2022-11-11T14:22:41.662+0000] {processor.py:766} INFO - DAG(s) dict_keys(['example_skip_dag']) retrieved from /home/airflow/.local/lib/python3.7/site-packages/airflow/example_dags/example_skip_dag.py
[2022-11-11T14:22:41.720+0000] {logging_mixin.py:120} INFO - [2022-11-11T14:22:41.720+0000] {dag.py:2585} INFO - Sync 1 DAGs
[2022-11-11T14:22:41.757+0000] {logging_mixin.py:120} INFO - [2022-11-11T14:22:41.757+0000] {dag.py:3340} INFO - Setting next_dagrun for example_skip_dag to 2022-11-10T14:22:41.757139+00:00, run_after=2022-11-11T14:22:41.757139+00:00
[2022-11-11T14:22:41.785+0000] {processor.py:176} INFO - Processing /home/airflow/.local/lib/python3.7/site-packages/airflow/example_dags/example_skip_dag.py took 0.153 seconds
[2022-11-11T14:23:12.059+0000] {processor.py:154} INFO - Started process (PID=108) to work on /home/airflow/.local/lib/python3.7/site-packages/airflow/example_dags/example_skip_dag.py
[2022-11-11T14:23:12.061+0000] {processor.py:756} INFO - Processing file /home/airflow/.local/lib/python3.7/site-packages/airflow/example_dags/example_skip_dag.py for tasks to queue
[2022-11-11T14:23:12.062+0000] {logging_mixin.py:120} INFO - [2022-11-11T14:23:12.062+0000] {dagbag.py:537} INFO - Filling up the DagBag from /home/airflow/.local/lib/python3.7/site-packages/airflow/example_dags/example_skip_dag.py
[2022-11-11T14:23:12.083+0000] {processor.py:766} INFO - DAG(s) dict_keys(['example_skip_dag']) retrieved from /home/airflow/.local/lib/python3.7/site-packages/airflow/example_dags/example_skip_dag.py
[2022-11-11T14:23:12.140+0000] {logging_mixin.py:120} INFO - [2022-11-11T14:23:12.140+0000] {dag.py:2585} INFO - Sync 1 DAGs
[2022-11-11T14:23:12.176+0000] {logging_mixin.py:120} INFO - [2022-11-11T14:23:12.176+0000] {dag.py:3340} INFO - Setting next_dagrun for example_skip_dag to 2022-11-10T14:23:12.176203+00:00, run_after=2022-11-11T14:23:12.176203+00:00
[2022-11-11T14:23:12.203+0000] {processor.py:176} INFO - Processing /home/airflow/.local/lib/python3.7/site-packages/airflow/example_dags/example_skip_dag.py took 0.149 seconds
[2022-11-11T14:24:38.815+0000] {processor.py:154} INFO - Started process (PID=53) to work on /home/airflow/.local/lib/python3.7/site-packages/airflow/example_dags/example_skip_dag.py
[2022-11-11T14:24:38.816+0000] {processor.py:756} INFO - Processing file /home/airflow/.local/lib/python3.7/site-packages/airflow/example_dags/example_skip_dag.py for tasks to queue
[2022-11-11T14:24:38.817+0000] {logging_mixin.py:120} INFO - [2022-11-11T14:24:38.817+0000] {dagbag.py:537} INFO - Filling up the DagBag from /home/airflow/.local/lib/python3.7/site-packages/airflow/example_dags/example_skip_dag.py
[2022-11-11T14:24:38.838+0000] {processor.py:766} INFO - DAG(s) dict_keys(['example_skip_dag']) retrieved from /home/airflow/.local/lib/python3.7/site-packages/airflow/example_dags/example_skip_dag.py
[2022-11-11T14:24:38.896+0000] {logging_mixin.py:120} INFO - [2022-11-11T14:24:38.896+0000] {dag.py:2585} INFO - Sync 1 DAGs
[2022-11-11T14:24:38.934+0000] {logging_mixin.py:120} INFO - [2022-11-11T14:24:38.934+0000] {dag.py:3340} INFO - Setting next_dagrun for example_skip_dag to 2022-11-10T14:24:38.933834+00:00, run_after=2022-11-11T14:24:38.933834+00:00
[2022-11-11T14:24:38.966+0000] {processor.py:176} INFO - Processing /home/airflow/.local/lib/python3.7/site-packages/airflow/example_dags/example_skip_dag.py took 0.157 seconds
[2022-11-11T14:27:14.459+0000] {processor.py:154} INFO - Started process (PID=53) to work on /home/airflow/.local/lib/python3.7/site-packages/airflow/example_dags/example_skip_dag.py
[2022-11-11T14:27:14.461+0000] {processor.py:756} INFO - Processing file /home/airflow/.local/lib/python3.7/site-packages/airflow/example_dags/example_skip_dag.py for tasks to queue
[2022-11-11T14:27:14.462+0000] {logging_mixin.py:120} INFO - [2022-11-11T14:27:14.462+0000] {dagbag.py:537} INFO - Filling up the DagBag from /home/airflow/.local/lib/python3.7/site-packages/airflow/example_dags/example_skip_dag.py
[2022-11-11T14:27:14.484+0000] {processor.py:766} INFO - DAG(s) dict_keys(['example_skip_dag']) retrieved from /home/airflow/.local/lib/python3.7/site-packages/airflow/example_dags/example_skip_dag.py
[2022-11-11T14:27:14.544+0000] {logging_mixin.py:120} INFO - [2022-11-11T14:27:14.543+0000] {dag.py:2585} INFO - Sync 1 DAGs
[2022-11-11T14:27:14.582+0000] {logging_mixin.py:120} INFO - [2022-11-11T14:27:14.582+0000] {dag.py:3340} INFO - Setting next_dagrun for example_skip_dag to 2022-11-10T14:27:14.581661+00:00, run_after=2022-11-11T14:27:14.581661+00:00
[2022-11-11T14:27:14.610+0000] {processor.py:176} INFO - Processing /home/airflow/.local/lib/python3.7/site-packages/airflow/example_dags/example_skip_dag.py took 0.156 seconds
[2022-11-11T14:27:46.062+0000] {processor.py:154} INFO - Started process (PID=110) to work on /home/airflow/.local/lib/python3.7/site-packages/airflow/example_dags/example_skip_dag.py
[2022-11-11T14:27:46.063+0000] {processor.py:756} INFO - Processing file /home/airflow/.local/lib/python3.7/site-packages/airflow/example_dags/example_skip_dag.py for tasks to queue
[2022-11-11T14:27:46.064+0000] {logging_mixin.py:120} INFO - [2022-11-11T14:27:46.064+0000] {dagbag.py:537} INFO - Filling up the DagBag from /home/airflow/.local/lib/python3.7/site-packages/airflow/example_dags/example_skip_dag.py
[2022-11-11T14:27:46.086+0000] {processor.py:766} INFO - DAG(s) dict_keys(['example_skip_dag']) retrieved from /home/airflow/.local/lib/python3.7/site-packages/airflow/example_dags/example_skip_dag.py
[2022-11-11T14:27:46.143+0000] {logging_mixin.py:120} INFO - [2022-11-11T14:27:46.142+0000] {dag.py:2585} INFO - Sync 1 DAGs
[2022-11-11T14:27:46.176+0000] {logging_mixin.py:120} INFO - [2022-11-11T14:27:46.175+0000] {dag.py:3340} INFO - Setting next_dagrun for example_skip_dag to 2022-11-10T14:27:46.175485+00:00, run_after=2022-11-11T14:27:46.175485+00:00
[2022-11-11T14:27:46.229+0000] {processor.py:176} INFO - Processing /home/airflow/.local/lib/python3.7/site-packages/airflow/example_dags/example_skip_dag.py took 0.173 seconds
[2022-11-11T14:28:16.565+0000] {processor.py:154} INFO - Started process (PID=169) to work on /home/airflow/.local/lib/python3.7/site-packages/airflow/example_dags/example_skip_dag.py
[2022-11-11T14:28:16.567+0000] {processor.py:756} INFO - Processing file /home/airflow/.local/lib/python3.7/site-packages/airflow/example_dags/example_skip_dag.py for tasks to queue
[2022-11-11T14:28:16.568+0000] {logging_mixin.py:120} INFO - [2022-11-11T14:28:16.568+0000] {dagbag.py:537} INFO - Filling up the DagBag from /home/airflow/.local/lib/python3.7/site-packages/airflow/example_dags/example_skip_dag.py
[2022-11-11T14:28:16.590+0000] {processor.py:766} INFO - DAG(s) dict_keys(['example_skip_dag']) retrieved from /home/airflow/.local/lib/python3.7/site-packages/airflow/example_dags/example_skip_dag.py
[2022-11-11T14:28:16.649+0000] {logging_mixin.py:120} INFO - [2022-11-11T14:28:16.649+0000] {dag.py:2585} INFO - Sync 1 DAGs
[2022-11-11T14:28:16.690+0000] {logging_mixin.py:120} INFO - [2022-11-11T14:28:16.690+0000] {dag.py:3340} INFO - Setting next_dagrun for example_skip_dag to 2022-11-10T14:28:16.690305+00:00, run_after=2022-11-11T14:28:16.690305+00:00
[2022-11-11T14:28:16.715+0000] {processor.py:176} INFO - Processing /home/airflow/.local/lib/python3.7/site-packages/airflow/example_dags/example_skip_dag.py took 0.155 seconds
[2022-11-11T14:28:46.902+0000] {processor.py:154} INFO - Started process (PID=228) to work on /home/airflow/.local/lib/python3.7/site-packages/airflow/example_dags/example_skip_dag.py
[2022-11-11T14:28:46.903+0000] {processor.py:756} INFO - Processing file /home/airflow/.local/lib/python3.7/site-packages/airflow/example_dags/example_skip_dag.py for tasks to queue
[2022-11-11T14:28:46.904+0000] {logging_mixin.py:120} INFO - [2022-11-11T14:28:46.904+0000] {dagbag.py:537} INFO - Filling up the DagBag from /home/airflow/.local/lib/python3.7/site-packages/airflow/example_dags/example_skip_dag.py
[2022-11-11T14:28:46.925+0000] {processor.py:766} INFO - DAG(s) dict_keys(['example_skip_dag']) retrieved from /home/airflow/.local/lib/python3.7/site-packages/airflow/example_dags/example_skip_dag.py
[2022-11-11T14:28:46.981+0000] {logging_mixin.py:120} INFO - [2022-11-11T14:28:46.981+0000] {dag.py:2585} INFO - Sync 1 DAGs
[2022-11-11T14:28:47.018+0000] {logging_mixin.py:120} INFO - [2022-11-11T14:28:47.017+0000] {dag.py:3340} INFO - Setting next_dagrun for example_skip_dag to 2022-11-10T14:28:47.017594+00:00, run_after=2022-11-11T14:28:47.017594+00:00
[2022-11-11T14:28:47.042+0000] {processor.py:176} INFO - Processing /home/airflow/.local/lib/python3.7/site-packages/airflow/example_dags/example_skip_dag.py took 0.146 seconds
[2022-11-11T14:29:17.459+0000] {processor.py:154} INFO - Started process (PID=285) to work on /home/airflow/.local/lib/python3.7/site-packages/airflow/example_dags/example_skip_dag.py
[2022-11-11T14:29:17.460+0000] {processor.py:756} INFO - Processing file /home/airflow/.local/lib/python3.7/site-packages/airflow/example_dags/example_skip_dag.py for tasks to queue
[2022-11-11T14:29:17.461+0000] {logging_mixin.py:120} INFO - [2022-11-11T14:29:17.461+0000] {dagbag.py:537} INFO - Filling up the DagBag from /home/airflow/.local/lib/python3.7/site-packages/airflow/example_dags/example_skip_dag.py
[2022-11-11T14:29:17.483+0000] {processor.py:766} INFO - DAG(s) dict_keys(['example_skip_dag']) retrieved from /home/airflow/.local/lib/python3.7/site-packages/airflow/example_dags/example_skip_dag.py
[2022-11-11T14:29:17.541+0000] {logging_mixin.py:120} INFO - [2022-11-11T14:29:17.541+0000] {dag.py:2585} INFO - Sync 1 DAGs
[2022-11-11T14:29:17.577+0000] {logging_mixin.py:120} INFO - [2022-11-11T14:29:17.577+0000] {dag.py:3340} INFO - Setting next_dagrun for example_skip_dag to 2022-11-10T14:29:17.576909+00:00, run_after=2022-11-11T14:29:17.576909+00:00
[2022-11-11T14:29:17.602+0000] {processor.py:176} INFO - Processing /home/airflow/.local/lib/python3.7/site-packages/airflow/example_dags/example_skip_dag.py took 0.149 seconds
[2022-11-11T14:29:48.145+0000] {processor.py:154} INFO - Started process (PID=342) to work on /home/airflow/.local/lib/python3.7/site-packages/airflow/example_dags/example_skip_dag.py
[2022-11-11T14:29:48.147+0000] {processor.py:756} INFO - Processing file /home/airflow/.local/lib/python3.7/site-packages/airflow/example_dags/example_skip_dag.py for tasks to queue
[2022-11-11T14:29:48.147+0000] {logging_mixin.py:120} INFO - [2022-11-11T14:29:48.147+0000] {dagbag.py:537} INFO - Filling up the DagBag from /home/airflow/.local/lib/python3.7/site-packages/airflow/example_dags/example_skip_dag.py
[2022-11-11T14:29:48.170+0000] {processor.py:766} INFO - DAG(s) dict_keys(['example_skip_dag']) retrieved from /home/airflow/.local/lib/python3.7/site-packages/airflow/example_dags/example_skip_dag.py
[2022-11-11T14:29:48.230+0000] {logging_mixin.py:120} INFO - [2022-11-11T14:29:48.229+0000] {dag.py:2585} INFO - Sync 1 DAGs
[2022-11-11T14:29:48.268+0000] {logging_mixin.py:120} INFO - [2022-11-11T14:29:48.268+0000] {dag.py:3340} INFO - Setting next_dagrun for example_skip_dag to 2022-11-10T14:29:48.268206+00:00, run_after=2022-11-11T14:29:48.268206+00:00
[2022-11-11T14:29:48.296+0000] {processor.py:176} INFO - Processing /home/airflow/.local/lib/python3.7/site-packages/airflow/example_dags/example_skip_dag.py took 0.156 seconds
[2022-11-11T14:30:18.836+0000] {processor.py:154} INFO - Started process (PID=399) to work on /home/airflow/.local/lib/python3.7/site-packages/airflow/example_dags/example_skip_dag.py
[2022-11-11T14:30:18.837+0000] {processor.py:756} INFO - Processing file /home/airflow/.local/lib/python3.7/site-packages/airflow/example_dags/example_skip_dag.py for tasks to queue
[2022-11-11T14:30:18.838+0000] {logging_mixin.py:120} INFO - [2022-11-11T14:30:18.838+0000] {dagbag.py:537} INFO - Filling up the DagBag from /home/airflow/.local/lib/python3.7/site-packages/airflow/example_dags/example_skip_dag.py
[2022-11-11T14:30:18.862+0000] {processor.py:766} INFO - DAG(s) dict_keys(['example_skip_dag']) retrieved from /home/airflow/.local/lib/python3.7/site-packages/airflow/example_dags/example_skip_dag.py
[2022-11-11T14:30:18.925+0000] {logging_mixin.py:120} INFO - [2022-11-11T14:30:18.924+0000] {dag.py:2585} INFO - Sync 1 DAGs
[2022-11-11T14:30:18.964+0000] {logging_mixin.py:120} INFO - [2022-11-11T14:30:18.964+0000] {dag.py:3340} INFO - Setting next_dagrun for example_skip_dag to 2022-11-10T14:30:18.963856+00:00, run_after=2022-11-11T14:30:18.963856+00:00
[2022-11-11T14:30:18.991+0000] {processor.py:176} INFO - Processing /home/airflow/.local/lib/python3.7/site-packages/airflow/example_dags/example_skip_dag.py took 0.161 seconds
[2022-11-11T14:30:49.276+0000] {processor.py:154} INFO - Started process (PID=456) to work on /home/airflow/.local/lib/python3.7/site-packages/airflow/example_dags/example_skip_dag.py
[2022-11-11T14:30:49.278+0000] {processor.py:756} INFO - Processing file /home/airflow/.local/lib/python3.7/site-packages/airflow/example_dags/example_skip_dag.py for tasks to queue
[2022-11-11T14:30:49.279+0000] {logging_mixin.py:120} INFO - [2022-11-11T14:30:49.278+0000] {dagbag.py:537} INFO - Filling up the DagBag from /home/airflow/.local/lib/python3.7/site-packages/airflow/example_dags/example_skip_dag.py
[2022-11-11T14:30:49.301+0000] {processor.py:766} INFO - DAG(s) dict_keys(['example_skip_dag']) retrieved from /home/airflow/.local/lib/python3.7/site-packages/airflow/example_dags/example_skip_dag.py
[2022-11-11T14:30:49.357+0000] {logging_mixin.py:120} INFO - [2022-11-11T14:30:49.357+0000] {dag.py:2585} INFO - Sync 1 DAGs
[2022-11-11T14:30:49.397+0000] {logging_mixin.py:120} INFO - [2022-11-11T14:30:49.397+0000] {dag.py:3340} INFO - Setting next_dagrun for example_skip_dag to 2022-11-10T14:30:49.397430+00:00, run_after=2022-11-11T14:30:49.397430+00:00
[2022-11-11T14:30:49.424+0000] {processor.py:176} INFO - Processing /home/airflow/.local/lib/python3.7/site-packages/airflow/example_dags/example_skip_dag.py took 0.154 seconds
[2022-11-11T14:31:19.767+0000] {processor.py:154} INFO - Started process (PID=513) to work on /home/airflow/.local/lib/python3.7/site-packages/airflow/example_dags/example_skip_dag.py
[2022-11-11T14:31:19.768+0000] {processor.py:756} INFO - Processing file /home/airflow/.local/lib/python3.7/site-packages/airflow/example_dags/example_skip_dag.py for tasks to queue
[2022-11-11T14:31:19.769+0000] {logging_mixin.py:120} INFO - [2022-11-11T14:31:19.769+0000] {dagbag.py:537} INFO - Filling up the DagBag from /home/airflow/.local/lib/python3.7/site-packages/airflow/example_dags/example_skip_dag.py
[2022-11-11T14:31:19.790+0000] {processor.py:766} INFO - DAG(s) dict_keys(['example_skip_dag']) retrieved from /home/airflow/.local/lib/python3.7/site-packages/airflow/example_dags/example_skip_dag.py
[2022-11-11T14:31:19.844+0000] {logging_mixin.py:120} INFO - [2022-11-11T14:31:19.843+0000] {dag.py:2585} INFO - Sync 1 DAGs
[2022-11-11T14:31:19.878+0000] {logging_mixin.py:120} INFO - [2022-11-11T14:31:19.877+0000] {dag.py:3340} INFO - Setting next_dagrun for example_skip_dag to 2022-11-10T14:31:19.877639+00:00, run_after=2022-11-11T14:31:19.877639+00:00
[2022-11-11T14:31:19.902+0000] {processor.py:176} INFO - Processing /home/airflow/.local/lib/python3.7/site-packages/airflow/example_dags/example_skip_dag.py took 0.140 seconds
[2022-11-11T14:31:50.061+0000] {processor.py:154} INFO - Started process (PID=570) to work on /home/airflow/.local/lib/python3.7/site-packages/airflow/example_dags/example_skip_dag.py
[2022-11-11T14:31:50.063+0000] {processor.py:756} INFO - Processing file /home/airflow/.local/lib/python3.7/site-packages/airflow/example_dags/example_skip_dag.py for tasks to queue
[2022-11-11T14:31:50.063+0000] {logging_mixin.py:120} INFO - [2022-11-11T14:31:50.063+0000] {dagbag.py:537} INFO - Filling up the DagBag from /home/airflow/.local/lib/python3.7/site-packages/airflow/example_dags/example_skip_dag.py
[2022-11-11T14:31:50.084+0000] {processor.py:766} INFO - DAG(s) dict_keys(['example_skip_dag']) retrieved from /home/airflow/.local/lib/python3.7/site-packages/airflow/example_dags/example_skip_dag.py
[2022-11-11T14:31:50.140+0000] {logging_mixin.py:120} INFO - [2022-11-11T14:31:50.140+0000] {dag.py:2585} INFO - Sync 1 DAGs
[2022-11-11T14:31:50.172+0000] {logging_mixin.py:120} INFO - [2022-11-11T14:31:50.172+0000] {dag.py:3340} INFO - Setting next_dagrun for example_skip_dag to 2022-11-10T14:31:50.172315+00:00, run_after=2022-11-11T14:31:50.172315+00:00
[2022-11-11T14:31:50.195+0000] {processor.py:176} INFO - Processing /home/airflow/.local/lib/python3.7/site-packages/airflow/example_dags/example_skip_dag.py took 0.140 seconds
[2022-11-11T14:32:20.717+0000] {processor.py:154} INFO - Started process (PID=627) to work on /home/airflow/.local/lib/python3.7/site-packages/airflow/example_dags/example_skip_dag.py
[2022-11-11T14:32:20.718+0000] {processor.py:756} INFO - Processing file /home/airflow/.local/lib/python3.7/site-packages/airflow/example_dags/example_skip_dag.py for tasks to queue
[2022-11-11T14:32:20.719+0000] {logging_mixin.py:120} INFO - [2022-11-11T14:32:20.719+0000] {dagbag.py:537} INFO - Filling up the DagBag from /home/airflow/.local/lib/python3.7/site-packages/airflow/example_dags/example_skip_dag.py
[2022-11-11T14:32:20.741+0000] {processor.py:766} INFO - DAG(s) dict_keys(['example_skip_dag']) retrieved from /home/airflow/.local/lib/python3.7/site-packages/airflow/example_dags/example_skip_dag.py
[2022-11-11T14:32:20.801+0000] {logging_mixin.py:120} INFO - [2022-11-11T14:32:20.801+0000] {dag.py:2585} INFO - Sync 1 DAGs
[2022-11-11T14:32:20.839+0000] {logging_mixin.py:120} INFO - [2022-11-11T14:32:20.838+0000] {dag.py:3340} INFO - Setting next_dagrun for example_skip_dag to 2022-11-10T14:32:20.838371+00:00, run_after=2022-11-11T14:32:20.838371+00:00
[2022-11-11T14:32:20.864+0000] {processor.py:176} INFO - Processing /home/airflow/.local/lib/python3.7/site-packages/airflow/example_dags/example_skip_dag.py took 0.152 seconds
[2022-11-11T14:32:51.201+0000] {processor.py:154} INFO - Started process (PID=683) to work on /home/airflow/.local/lib/python3.7/site-packages/airflow/example_dags/example_skip_dag.py
[2022-11-11T14:32:51.202+0000] {processor.py:756} INFO - Processing file /home/airflow/.local/lib/python3.7/site-packages/airflow/example_dags/example_skip_dag.py for tasks to queue
[2022-11-11T14:32:51.203+0000] {logging_mixin.py:120} INFO - [2022-11-11T14:32:51.203+0000] {dagbag.py:537} INFO - Filling up the DagBag from /home/airflow/.local/lib/python3.7/site-packages/airflow/example_dags/example_skip_dag.py
[2022-11-11T14:32:51.225+0000] {processor.py:766} INFO - DAG(s) dict_keys(['example_skip_dag']) retrieved from /home/airflow/.local/lib/python3.7/site-packages/airflow/example_dags/example_skip_dag.py
[2022-11-11T14:32:51.282+0000] {logging_mixin.py:120} INFO - [2022-11-11T14:32:51.282+0000] {dag.py:2585} INFO - Sync 1 DAGs
[2022-11-11T14:32:51.316+0000] {logging_mixin.py:120} INFO - [2022-11-11T14:32:51.316+0000] {dag.py:3340} INFO - Setting next_dagrun for example_skip_dag to 2022-11-10T14:32:51.316451+00:00, run_after=2022-11-11T14:32:51.316451+00:00
[2022-11-11T14:32:51.342+0000] {processor.py:176} INFO - Processing /home/airflow/.local/lib/python3.7/site-packages/airflow/example_dags/example_skip_dag.py took 0.147 seconds
[2022-11-11T14:33:21.591+0000] {processor.py:154} INFO - Started process (PID=740) to work on /home/airflow/.local/lib/python3.7/site-packages/airflow/example_dags/example_skip_dag.py
[2022-11-11T14:33:21.592+0000] {processor.py:756} INFO - Processing file /home/airflow/.local/lib/python3.7/site-packages/airflow/example_dags/example_skip_dag.py for tasks to queue
[2022-11-11T14:33:21.593+0000] {logging_mixin.py:120} INFO - [2022-11-11T14:33:21.593+0000] {dagbag.py:537} INFO - Filling up the DagBag from /home/airflow/.local/lib/python3.7/site-packages/airflow/example_dags/example_skip_dag.py
[2022-11-11T14:33:21.614+0000] {processor.py:766} INFO - DAG(s) dict_keys(['example_skip_dag']) retrieved from /home/airflow/.local/lib/python3.7/site-packages/airflow/example_dags/example_skip_dag.py
[2022-11-11T14:33:21.670+0000] {logging_mixin.py:120} INFO - [2022-11-11T14:33:21.670+0000] {dag.py:2585} INFO - Sync 1 DAGs
[2022-11-11T14:33:21.705+0000] {logging_mixin.py:120} INFO - [2022-11-11T14:33:21.705+0000] {dag.py:3340} INFO - Setting next_dagrun for example_skip_dag to 2022-11-10T14:33:21.704830+00:00, run_after=2022-11-11T14:33:21.704830+00:00
[2022-11-11T14:33:21.734+0000] {processor.py:176} INFO - Processing /home/airflow/.local/lib/python3.7/site-packages/airflow/example_dags/example_skip_dag.py took 0.149 seconds
[2022-11-11T14:33:52.467+0000] {processor.py:154} INFO - Started process (PID=797) to work on /home/airflow/.local/lib/python3.7/site-packages/airflow/example_dags/example_skip_dag.py
[2022-11-11T14:33:52.469+0000] {processor.py:756} INFO - Processing file /home/airflow/.local/lib/python3.7/site-packages/airflow/example_dags/example_skip_dag.py for tasks to queue
[2022-11-11T14:33:52.469+0000] {logging_mixin.py:120} INFO - [2022-11-11T14:33:52.469+0000] {dagbag.py:537} INFO - Filling up the DagBag from /home/airflow/.local/lib/python3.7/site-packages/airflow/example_dags/example_skip_dag.py
[2022-11-11T14:33:52.490+0000] {processor.py:766} INFO - DAG(s) dict_keys(['example_skip_dag']) retrieved from /home/airflow/.local/lib/python3.7/site-packages/airflow/example_dags/example_skip_dag.py
[2022-11-11T14:33:52.552+0000] {logging_mixin.py:120} INFO - [2022-11-11T14:33:52.552+0000] {dag.py:2585} INFO - Sync 1 DAGs
[2022-11-11T14:33:52.586+0000] {logging_mixin.py:120} INFO - [2022-11-11T14:33:52.586+0000] {dag.py:3340} INFO - Setting next_dagrun for example_skip_dag to 2022-11-10T14:33:52.585736+00:00, run_after=2022-11-11T14:33:52.585736+00:00
[2022-11-11T14:33:52.609+0000] {processor.py:176} INFO - Processing /home/airflow/.local/lib/python3.7/site-packages/airflow/example_dags/example_skip_dag.py took 0.147 seconds
[2022-11-11T14:34:22.888+0000] {processor.py:154} INFO - Started process (PID=854) to work on /home/airflow/.local/lib/python3.7/site-packages/airflow/example_dags/example_skip_dag.py
[2022-11-11T14:34:22.889+0000] {processor.py:756} INFO - Processing file /home/airflow/.local/lib/python3.7/site-packages/airflow/example_dags/example_skip_dag.py for tasks to queue
[2022-11-11T14:34:22.890+0000] {logging_mixin.py:120} INFO - [2022-11-11T14:34:22.890+0000] {dagbag.py:537} INFO - Filling up the DagBag from /home/airflow/.local/lib/python3.7/site-packages/airflow/example_dags/example_skip_dag.py
[2022-11-11T14:34:22.911+0000] {processor.py:766} INFO - DAG(s) dict_keys(['example_skip_dag']) retrieved from /home/airflow/.local/lib/python3.7/site-packages/airflow/example_dags/example_skip_dag.py
[2022-11-11T14:34:22.965+0000] {logging_mixin.py:120} INFO - [2022-11-11T14:34:22.965+0000] {dag.py:2585} INFO - Sync 1 DAGs
[2022-11-11T14:34:22.998+0000] {logging_mixin.py:120} INFO - [2022-11-11T14:34:22.997+0000] {dag.py:3340} INFO - Setting next_dagrun for example_skip_dag to 2022-11-10T14:34:22.997627+00:00, run_after=2022-11-11T14:34:22.997627+00:00
[2022-11-11T14:34:23.022+0000] {processor.py:176} INFO - Processing /home/airflow/.local/lib/python3.7/site-packages/airflow/example_dags/example_skip_dag.py took 0.140 seconds
[2022-11-11T14:34:53.541+0000] {processor.py:154} INFO - Started process (PID=911) to work on /home/airflow/.local/lib/python3.7/site-packages/airflow/example_dags/example_skip_dag.py
[2022-11-11T14:34:53.543+0000] {processor.py:756} INFO - Processing file /home/airflow/.local/lib/python3.7/site-packages/airflow/example_dags/example_skip_dag.py for tasks to queue
[2022-11-11T14:34:53.544+0000] {logging_mixin.py:120} INFO - [2022-11-11T14:34:53.544+0000] {dagbag.py:537} INFO - Filling up the DagBag from /home/airflow/.local/lib/python3.7/site-packages/airflow/example_dags/example_skip_dag.py
[2022-11-11T14:34:53.565+0000] {processor.py:766} INFO - DAG(s) dict_keys(['example_skip_dag']) retrieved from /home/airflow/.local/lib/python3.7/site-packages/airflow/example_dags/example_skip_dag.py
[2022-11-11T14:34:53.623+0000] {logging_mixin.py:120} INFO - [2022-11-11T14:34:53.623+0000] {dag.py:2585} INFO - Sync 1 DAGs
[2022-11-11T14:34:53.656+0000] {logging_mixin.py:120} INFO - [2022-11-11T14:34:53.656+0000] {dag.py:3340} INFO - Setting next_dagrun for example_skip_dag to 2022-11-10T14:34:53.656282+00:00, run_after=2022-11-11T14:34:53.656282+00:00
[2022-11-11T14:34:53.683+0000] {processor.py:176} INFO - Processing /home/airflow/.local/lib/python3.7/site-packages/airflow/example_dags/example_skip_dag.py took 0.147 seconds
[2022-11-11T14:35:23.931+0000] {processor.py:154} INFO - Started process (PID=970) to work on /home/airflow/.local/lib/python3.7/site-packages/airflow/example_dags/example_skip_dag.py
[2022-11-11T14:35:23.932+0000] {processor.py:756} INFO - Processing file /home/airflow/.local/lib/python3.7/site-packages/airflow/example_dags/example_skip_dag.py for tasks to queue
[2022-11-11T14:35:23.933+0000] {logging_mixin.py:120} INFO - [2022-11-11T14:35:23.933+0000] {dagbag.py:537} INFO - Filling up the DagBag from /home/airflow/.local/lib/python3.7/site-packages/airflow/example_dags/example_skip_dag.py
[2022-11-11T14:35:23.954+0000] {processor.py:766} INFO - DAG(s) dict_keys(['example_skip_dag']) retrieved from /home/airflow/.local/lib/python3.7/site-packages/airflow/example_dags/example_skip_dag.py
[2022-11-11T14:35:24.014+0000] {logging_mixin.py:120} INFO - [2022-11-11T14:35:24.013+0000] {dag.py:2585} INFO - Sync 1 DAGs
[2022-11-11T14:35:24.052+0000] {logging_mixin.py:120} INFO - [2022-11-11T14:35:24.052+0000] {dag.py:3340} INFO - Setting next_dagrun for example_skip_dag to 2022-11-10T14:35:24.052209+00:00, run_after=2022-11-11T14:35:24.052209+00:00
[2022-11-11T14:35:24.077+0000] {processor.py:176} INFO - Processing /home/airflow/.local/lib/python3.7/site-packages/airflow/example_dags/example_skip_dag.py took 0.151 seconds
[2022-11-11T14:35:54.432+0000] {processor.py:154} INFO - Started process (PID=1027) to work on /home/airflow/.local/lib/python3.7/site-packages/airflow/example_dags/example_skip_dag.py
[2022-11-11T14:35:54.434+0000] {processor.py:756} INFO - Processing file /home/airflow/.local/lib/python3.7/site-packages/airflow/example_dags/example_skip_dag.py for tasks to queue
[2022-11-11T14:35:54.434+0000] {logging_mixin.py:120} INFO - [2022-11-11T14:35:54.434+0000] {dagbag.py:537} INFO - Filling up the DagBag from /home/airflow/.local/lib/python3.7/site-packages/airflow/example_dags/example_skip_dag.py
[2022-11-11T14:35:54.455+0000] {processor.py:766} INFO - DAG(s) dict_keys(['example_skip_dag']) retrieved from /home/airflow/.local/lib/python3.7/site-packages/airflow/example_dags/example_skip_dag.py
[2022-11-11T14:35:54.511+0000] {logging_mixin.py:120} INFO - [2022-11-11T14:35:54.511+0000] {dag.py:2585} INFO - Sync 1 DAGs
[2022-11-11T14:35:54.545+0000] {logging_mixin.py:120} INFO - [2022-11-11T14:35:54.544+0000] {dag.py:3340} INFO - Setting next_dagrun for example_skip_dag to 2022-11-10T14:35:54.544620+00:00, run_after=2022-11-11T14:35:54.544620+00:00
[2022-11-11T14:35:54.571+0000] {processor.py:176} INFO - Processing /home/airflow/.local/lib/python3.7/site-packages/airflow/example_dags/example_skip_dag.py took 0.144 seconds
[2022-11-11T14:36:24.906+0000] {processor.py:154} INFO - Started process (PID=1084) to work on /home/airflow/.local/lib/python3.7/site-packages/airflow/example_dags/example_skip_dag.py
[2022-11-11T14:36:24.907+0000] {processor.py:756} INFO - Processing file /home/airflow/.local/lib/python3.7/site-packages/airflow/example_dags/example_skip_dag.py for tasks to queue
[2022-11-11T14:36:24.908+0000] {logging_mixin.py:120} INFO - [2022-11-11T14:36:24.908+0000] {dagbag.py:537} INFO - Filling up the DagBag from /home/airflow/.local/lib/python3.7/site-packages/airflow/example_dags/example_skip_dag.py
[2022-11-11T14:36:24.931+0000] {processor.py:766} INFO - DAG(s) dict_keys(['example_skip_dag']) retrieved from /home/airflow/.local/lib/python3.7/site-packages/airflow/example_dags/example_skip_dag.py
[2022-11-11T14:36:24.990+0000] {logging_mixin.py:120} INFO - [2022-11-11T14:36:24.990+0000] {dag.py:2585} INFO - Sync 1 DAGs
[2022-11-11T14:36:25.027+0000] {logging_mixin.py:120} INFO - [2022-11-11T14:36:25.027+0000] {dag.py:3340} INFO - Setting next_dagrun for example_skip_dag to 2022-11-10T14:36:25.026740+00:00, run_after=2022-11-11T14:36:25.026740+00:00
[2022-11-11T14:36:25.052+0000] {processor.py:176} INFO - Processing /home/airflow/.local/lib/python3.7/site-packages/airflow/example_dags/example_skip_dag.py took 0.152 seconds
[2022-11-11T14:36:55.676+0000] {processor.py:154} INFO - Started process (PID=1141) to work on /home/airflow/.local/lib/python3.7/site-packages/airflow/example_dags/example_skip_dag.py
[2022-11-11T14:36:55.678+0000] {processor.py:756} INFO - Processing file /home/airflow/.local/lib/python3.7/site-packages/airflow/example_dags/example_skip_dag.py for tasks to queue
[2022-11-11T14:36:55.679+0000] {logging_mixin.py:120} INFO - [2022-11-11T14:36:55.678+0000] {dagbag.py:537} INFO - Filling up the DagBag from /home/airflow/.local/lib/python3.7/site-packages/airflow/example_dags/example_skip_dag.py
[2022-11-11T14:36:55.700+0000] {processor.py:766} INFO - DAG(s) dict_keys(['example_skip_dag']) retrieved from /home/airflow/.local/lib/python3.7/site-packages/airflow/example_dags/example_skip_dag.py
[2022-11-11T14:36:55.758+0000] {logging_mixin.py:120} INFO - [2022-11-11T14:36:55.758+0000] {dag.py:2585} INFO - Sync 1 DAGs
[2022-11-11T14:36:55.792+0000] {logging_mixin.py:120} INFO - [2022-11-11T14:36:55.792+0000] {dag.py:3340} INFO - Setting next_dagrun for example_skip_dag to 2022-11-10T14:36:55.792061+00:00, run_after=2022-11-11T14:36:55.792061+00:00
[2022-11-11T14:36:55.818+0000] {processor.py:176} INFO - Processing /home/airflow/.local/lib/python3.7/site-packages/airflow/example_dags/example_skip_dag.py took 0.147 seconds
[2022-11-11T14:37:26.214+0000] {processor.py:154} INFO - Started process (PID=1199) to work on /home/airflow/.local/lib/python3.7/site-packages/airflow/example_dags/example_skip_dag.py
[2022-11-11T14:37:26.215+0000] {processor.py:756} INFO - Processing file /home/airflow/.local/lib/python3.7/site-packages/airflow/example_dags/example_skip_dag.py for tasks to queue
[2022-11-11T14:37:26.216+0000] {logging_mixin.py:120} INFO - [2022-11-11T14:37:26.216+0000] {dagbag.py:537} INFO - Filling up the DagBag from /home/airflow/.local/lib/python3.7/site-packages/airflow/example_dags/example_skip_dag.py
[2022-11-11T14:37:26.236+0000] {processor.py:766} INFO - DAG(s) dict_keys(['example_skip_dag']) retrieved from /home/airflow/.local/lib/python3.7/site-packages/airflow/example_dags/example_skip_dag.py
[2022-11-11T14:37:26.293+0000] {logging_mixin.py:120} INFO - [2022-11-11T14:37:26.293+0000] {dag.py:2585} INFO - Sync 1 DAGs
[2022-11-11T14:37:26.328+0000] {logging_mixin.py:120} INFO - [2022-11-11T14:37:26.328+0000] {dag.py:3340} INFO - Setting next_dagrun for example_skip_dag to 2022-11-10T14:37:26.328244+00:00, run_after=2022-11-11T14:37:26.328244+00:00
[2022-11-11T14:37:26.351+0000] {processor.py:176} INFO - Processing /home/airflow/.local/lib/python3.7/site-packages/airflow/example_dags/example_skip_dag.py took 0.145 seconds
[2022-11-11T14:37:56.746+0000] {processor.py:154} INFO - Started process (PID=1257) to work on /home/airflow/.local/lib/python3.7/site-packages/airflow/example_dags/example_skip_dag.py
[2022-11-11T14:37:56.747+0000] {processor.py:756} INFO - Processing file /home/airflow/.local/lib/python3.7/site-packages/airflow/example_dags/example_skip_dag.py for tasks to queue
[2022-11-11T14:37:56.748+0000] {logging_mixin.py:120} INFO - [2022-11-11T14:37:56.748+0000] {dagbag.py:537} INFO - Filling up the DagBag from /home/airflow/.local/lib/python3.7/site-packages/airflow/example_dags/example_skip_dag.py
[2022-11-11T14:37:56.769+0000] {processor.py:766} INFO - DAG(s) dict_keys(['example_skip_dag']) retrieved from /home/airflow/.local/lib/python3.7/site-packages/airflow/example_dags/example_skip_dag.py
[2022-11-11T14:37:56.827+0000] {logging_mixin.py:120} INFO - [2022-11-11T14:37:56.827+0000] {dag.py:2585} INFO - Sync 1 DAGs
[2022-11-11T14:37:56.862+0000] {logging_mixin.py:120} INFO - [2022-11-11T14:37:56.862+0000] {dag.py:3340} INFO - Setting next_dagrun for example_skip_dag to 2022-11-10T14:37:56.862466+00:00, run_after=2022-11-11T14:37:56.862466+00:00
[2022-11-11T14:37:56.886+0000] {processor.py:176} INFO - Processing /home/airflow/.local/lib/python3.7/site-packages/airflow/example_dags/example_skip_dag.py took 0.147 seconds
[2022-11-11T14:38:27.035+0000] {processor.py:154} INFO - Started process (PID=1314) to work on /home/airflow/.local/lib/python3.7/site-packages/airflow/example_dags/example_skip_dag.py
[2022-11-11T14:38:27.037+0000] {processor.py:756} INFO - Processing file /home/airflow/.local/lib/python3.7/site-packages/airflow/example_dags/example_skip_dag.py for tasks to queue
[2022-11-11T14:38:27.037+0000] {logging_mixin.py:120} INFO - [2022-11-11T14:38:27.037+0000] {dagbag.py:537} INFO - Filling up the DagBag from /home/airflow/.local/lib/python3.7/site-packages/airflow/example_dags/example_skip_dag.py
[2022-11-11T14:38:27.059+0000] {processor.py:766} INFO - DAG(s) dict_keys(['example_skip_dag']) retrieved from /home/airflow/.local/lib/python3.7/site-packages/airflow/example_dags/example_skip_dag.py
[2022-11-11T14:38:27.114+0000] {logging_mixin.py:120} INFO - [2022-11-11T14:38:27.114+0000] {dag.py:2585} INFO - Sync 1 DAGs
[2022-11-11T14:38:27.147+0000] {logging_mixin.py:120} INFO - [2022-11-11T14:38:27.147+0000] {dag.py:3340} INFO - Setting next_dagrun for example_skip_dag to 2022-11-10T14:38:27.146838+00:00, run_after=2022-11-11T14:38:27.146838+00:00
[2022-11-11T14:38:27.173+0000] {processor.py:176} INFO - Processing /home/airflow/.local/lib/python3.7/site-packages/airflow/example_dags/example_skip_dag.py took 0.143 seconds
[2022-11-11T14:38:57.793+0000] {processor.py:154} INFO - Started process (PID=1369) to work on /home/airflow/.local/lib/python3.7/site-packages/airflow/example_dags/example_skip_dag.py
[2022-11-11T14:38:57.795+0000] {processor.py:756} INFO - Processing file /home/airflow/.local/lib/python3.7/site-packages/airflow/example_dags/example_skip_dag.py for tasks to queue
[2022-11-11T14:38:57.795+0000] {logging_mixin.py:120} INFO - [2022-11-11T14:38:57.795+0000] {dagbag.py:537} INFO - Filling up the DagBag from /home/airflow/.local/lib/python3.7/site-packages/airflow/example_dags/example_skip_dag.py
[2022-11-11T14:38:57.817+0000] {processor.py:766} INFO - DAG(s) dict_keys(['example_skip_dag']) retrieved from /home/airflow/.local/lib/python3.7/site-packages/airflow/example_dags/example_skip_dag.py
[2022-11-11T14:38:57.871+0000] {logging_mixin.py:120} INFO - [2022-11-11T14:38:57.871+0000] {dag.py:2585} INFO - Sync 1 DAGs
[2022-11-11T14:38:57.904+0000] {logging_mixin.py:120} INFO - [2022-11-11T14:38:57.904+0000] {dag.py:3340} INFO - Setting next_dagrun for example_skip_dag to 2022-11-10T14:38:57.903886+00:00, run_after=2022-11-11T14:38:57.903886+00:00
[2022-11-11T14:38:57.930+0000] {processor.py:176} INFO - Processing /home/airflow/.local/lib/python3.7/site-packages/airflow/example_dags/example_skip_dag.py took 0.142 seconds
[2022-11-11T14:39:28.460+0000] {processor.py:154} INFO - Started process (PID=1427) to work on /home/airflow/.local/lib/python3.7/site-packages/airflow/example_dags/example_skip_dag.py
[2022-11-11T14:39:28.462+0000] {processor.py:756} INFO - Processing file /home/airflow/.local/lib/python3.7/site-packages/airflow/example_dags/example_skip_dag.py for tasks to queue
[2022-11-11T14:39:28.462+0000] {logging_mixin.py:120} INFO - [2022-11-11T14:39:28.462+0000] {dagbag.py:537} INFO - Filling up the DagBag from /home/airflow/.local/lib/python3.7/site-packages/airflow/example_dags/example_skip_dag.py
[2022-11-11T14:39:28.485+0000] {processor.py:766} INFO - DAG(s) dict_keys(['example_skip_dag']) retrieved from /home/airflow/.local/lib/python3.7/site-packages/airflow/example_dags/example_skip_dag.py
[2022-11-11T14:39:28.542+0000] {logging_mixin.py:120} INFO - [2022-11-11T14:39:28.541+0000] {dag.py:2585} INFO - Sync 1 DAGs
[2022-11-11T14:39:28.577+0000] {logging_mixin.py:120} INFO - [2022-11-11T14:39:28.576+0000] {dag.py:3340} INFO - Setting next_dagrun for example_skip_dag to 2022-11-10T14:39:28.576626+00:00, run_after=2022-11-11T14:39:28.576626+00:00
[2022-11-11T14:39:28.601+0000] {processor.py:176} INFO - Processing /home/airflow/.local/lib/python3.7/site-packages/airflow/example_dags/example_skip_dag.py took 0.146 seconds
[2022-11-11T14:39:59.173+0000] {processor.py:154} INFO - Started process (PID=1483) to work on /home/airflow/.local/lib/python3.7/site-packages/airflow/example_dags/example_skip_dag.py
[2022-11-11T14:39:59.174+0000] {processor.py:756} INFO - Processing file /home/airflow/.local/lib/python3.7/site-packages/airflow/example_dags/example_skip_dag.py for tasks to queue
[2022-11-11T14:39:59.175+0000] {logging_mixin.py:120} INFO - [2022-11-11T14:39:59.175+0000] {dagbag.py:537} INFO - Filling up the DagBag from /home/airflow/.local/lib/python3.7/site-packages/airflow/example_dags/example_skip_dag.py
[2022-11-11T14:39:59.197+0000] {processor.py:766} INFO - DAG(s) dict_keys(['example_skip_dag']) retrieved from /home/airflow/.local/lib/python3.7/site-packages/airflow/example_dags/example_skip_dag.py
[2022-11-11T14:39:59.259+0000] {logging_mixin.py:120} INFO - [2022-11-11T14:39:59.259+0000] {dag.py:2585} INFO - Sync 1 DAGs
[2022-11-11T14:39:59.294+0000] {logging_mixin.py:120} INFO - [2022-11-11T14:39:59.293+0000] {dag.py:3340} INFO - Setting next_dagrun for example_skip_dag to 2022-11-10T14:39:59.293537+00:00, run_after=2022-11-11T14:39:59.293537+00:00
[2022-11-11T14:39:59.325+0000] {processor.py:176} INFO - Processing /home/airflow/.local/lib/python3.7/site-packages/airflow/example_dags/example_skip_dag.py took 0.157 seconds
[2022-11-11T14:40:29.570+0000] {processor.py:154} INFO - Started process (PID=1539) to work on /home/airflow/.local/lib/python3.7/site-packages/airflow/example_dags/example_skip_dag.py
[2022-11-11T14:40:29.571+0000] {processor.py:756} INFO - Processing file /home/airflow/.local/lib/python3.7/site-packages/airflow/example_dags/example_skip_dag.py for tasks to queue
[2022-11-11T14:40:29.572+0000] {logging_mixin.py:120} INFO - [2022-11-11T14:40:29.572+0000] {dagbag.py:537} INFO - Filling up the DagBag from /home/airflow/.local/lib/python3.7/site-packages/airflow/example_dags/example_skip_dag.py
[2022-11-11T14:40:29.593+0000] {processor.py:766} INFO - DAG(s) dict_keys(['example_skip_dag']) retrieved from /home/airflow/.local/lib/python3.7/site-packages/airflow/example_dags/example_skip_dag.py
[2022-11-11T14:40:29.655+0000] {logging_mixin.py:120} INFO - [2022-11-11T14:40:29.655+0000] {dag.py:2585} INFO - Sync 1 DAGs
[2022-11-11T14:40:29.695+0000] {logging_mixin.py:120} INFO - [2022-11-11T14:40:29.695+0000] {dag.py:3340} INFO - Setting next_dagrun for example_skip_dag to 2022-11-10T14:40:29.695366+00:00, run_after=2022-11-11T14:40:29.695366+00:00
[2022-11-11T14:40:29.719+0000] {processor.py:176} INFO - Processing /home/airflow/.local/lib/python3.7/site-packages/airflow/example_dags/example_skip_dag.py took 0.154 seconds
[2022-11-11T14:40:59.847+0000] {processor.py:154} INFO - Started process (PID=1594) to work on /home/airflow/.local/lib/python3.7/site-packages/airflow/example_dags/example_skip_dag.py
[2022-11-11T14:40:59.848+0000] {processor.py:756} INFO - Processing file /home/airflow/.local/lib/python3.7/site-packages/airflow/example_dags/example_skip_dag.py for tasks to queue
[2022-11-11T14:40:59.849+0000] {logging_mixin.py:120} INFO - [2022-11-11T14:40:59.849+0000] {dagbag.py:537} INFO - Filling up the DagBag from /home/airflow/.local/lib/python3.7/site-packages/airflow/example_dags/example_skip_dag.py
[2022-11-11T14:40:59.870+0000] {processor.py:766} INFO - DAG(s) dict_keys(['example_skip_dag']) retrieved from /home/airflow/.local/lib/python3.7/site-packages/airflow/example_dags/example_skip_dag.py
[2022-11-11T14:40:59.930+0000] {logging_mixin.py:120} INFO - [2022-11-11T14:40:59.930+0000] {dag.py:2585} INFO - Sync 1 DAGs
[2022-11-11T14:40:59.964+0000] {logging_mixin.py:120} INFO - [2022-11-11T14:40:59.963+0000] {dag.py:3340} INFO - Setting next_dagrun for example_skip_dag to 2022-11-10T14:40:59.963611+00:00, run_after=2022-11-11T14:40:59.963611+00:00
[2022-11-11T14:40:59.993+0000] {processor.py:176} INFO - Processing /home/airflow/.local/lib/python3.7/site-packages/airflow/example_dags/example_skip_dag.py took 0.151 seconds
[2022-11-11T14:41:30.738+0000] {processor.py:154} INFO - Started process (PID=1652) to work on /home/airflow/.local/lib/python3.7/site-packages/airflow/example_dags/example_skip_dag.py
[2022-11-11T14:41:30.739+0000] {processor.py:756} INFO - Processing file /home/airflow/.local/lib/python3.7/site-packages/airflow/example_dags/example_skip_dag.py for tasks to queue
[2022-11-11T14:41:30.740+0000] {logging_mixin.py:120} INFO - [2022-11-11T14:41:30.740+0000] {dagbag.py:537} INFO - Filling up the DagBag from /home/airflow/.local/lib/python3.7/site-packages/airflow/example_dags/example_skip_dag.py
[2022-11-11T14:41:30.762+0000] {processor.py:766} INFO - DAG(s) dict_keys(['example_skip_dag']) retrieved from /home/airflow/.local/lib/python3.7/site-packages/airflow/example_dags/example_skip_dag.py
[2022-11-11T14:41:30.816+0000] {logging_mixin.py:120} INFO - [2022-11-11T14:41:30.816+0000] {dag.py:2585} INFO - Sync 1 DAGs
[2022-11-11T14:41:30.852+0000] {logging_mixin.py:120} INFO - [2022-11-11T14:41:30.851+0000] {dag.py:3340} INFO - Setting next_dagrun for example_skip_dag to 2022-11-10T14:41:30.851534+00:00, run_after=2022-11-11T14:41:30.851534+00:00
[2022-11-11T14:41:30.876+0000] {processor.py:176} INFO - Processing /home/airflow/.local/lib/python3.7/site-packages/airflow/example_dags/example_skip_dag.py took 0.144 seconds
[2022-11-11T14:42:01.321+0000] {processor.py:154} INFO - Started process (PID=1711) to work on /home/airflow/.local/lib/python3.7/site-packages/airflow/example_dags/example_skip_dag.py
[2022-11-11T14:42:01.323+0000] {processor.py:756} INFO - Processing file /home/airflow/.local/lib/python3.7/site-packages/airflow/example_dags/example_skip_dag.py for tasks to queue
[2022-11-11T14:42:01.324+0000] {logging_mixin.py:120} INFO - [2022-11-11T14:42:01.323+0000] {dagbag.py:537} INFO - Filling up the DagBag from /home/airflow/.local/lib/python3.7/site-packages/airflow/example_dags/example_skip_dag.py
[2022-11-11T14:42:01.344+0000] {processor.py:766} INFO - DAG(s) dict_keys(['example_skip_dag']) retrieved from /home/airflow/.local/lib/python3.7/site-packages/airflow/example_dags/example_skip_dag.py
[2022-11-11T14:42:01.401+0000] {logging_mixin.py:120} INFO - [2022-11-11T14:42:01.401+0000] {dag.py:2585} INFO - Sync 1 DAGs
[2022-11-11T14:42:01.436+0000] {logging_mixin.py:120} INFO - [2022-11-11T14:42:01.436+0000] {dag.py:3340} INFO - Setting next_dagrun for example_skip_dag to 2022-11-10T14:42:01.436142+00:00, run_after=2022-11-11T14:42:01.436142+00:00
[2022-11-11T14:42:01.462+0000] {processor.py:176} INFO - Processing /home/airflow/.local/lib/python3.7/site-packages/airflow/example_dags/example_skip_dag.py took 0.146 seconds
[2022-11-11T14:42:31.675+0000] {processor.py:154} INFO - Started process (PID=1769) to work on /home/airflow/.local/lib/python3.7/site-packages/airflow/example_dags/example_skip_dag.py
[2022-11-11T14:42:31.676+0000] {processor.py:756} INFO - Processing file /home/airflow/.local/lib/python3.7/site-packages/airflow/example_dags/example_skip_dag.py for tasks to queue
[2022-11-11T14:42:31.677+0000] {logging_mixin.py:120} INFO - [2022-11-11T14:42:31.676+0000] {dagbag.py:537} INFO - Filling up the DagBag from /home/airflow/.local/lib/python3.7/site-packages/airflow/example_dags/example_skip_dag.py
[2022-11-11T14:42:31.698+0000] {processor.py:766} INFO - DAG(s) dict_keys(['example_skip_dag']) retrieved from /home/airflow/.local/lib/python3.7/site-packages/airflow/example_dags/example_skip_dag.py
[2022-11-11T14:42:31.752+0000] {logging_mixin.py:120} INFO - [2022-11-11T14:42:31.752+0000] {dag.py:2585} INFO - Sync 1 DAGs
[2022-11-11T14:42:31.785+0000] {logging_mixin.py:120} INFO - [2022-11-11T14:42:31.785+0000] {dag.py:3340} INFO - Setting next_dagrun for example_skip_dag to 2022-11-10T14:42:31.785179+00:00, run_after=2022-11-11T14:42:31.785179+00:00
[2022-11-11T14:42:31.809+0000] {processor.py:176} INFO - Processing /home/airflow/.local/lib/python3.7/site-packages/airflow/example_dags/example_skip_dag.py took 0.139 seconds
[2022-11-11T14:43:02.173+0000] {processor.py:154} INFO - Started process (PID=1827) to work on /home/airflow/.local/lib/python3.7/site-packages/airflow/example_dags/example_skip_dag.py
[2022-11-11T14:43:02.174+0000] {processor.py:756} INFO - Processing file /home/airflow/.local/lib/python3.7/site-packages/airflow/example_dags/example_skip_dag.py for tasks to queue
[2022-11-11T14:43:02.175+0000] {logging_mixin.py:120} INFO - [2022-11-11T14:43:02.175+0000] {dagbag.py:537} INFO - Filling up the DagBag from /home/airflow/.local/lib/python3.7/site-packages/airflow/example_dags/example_skip_dag.py
[2022-11-11T14:43:02.197+0000] {processor.py:766} INFO - DAG(s) dict_keys(['example_skip_dag']) retrieved from /home/airflow/.local/lib/python3.7/site-packages/airflow/example_dags/example_skip_dag.py
[2022-11-11T14:43:02.252+0000] {logging_mixin.py:120} INFO - [2022-11-11T14:43:02.252+0000] {dag.py:2585} INFO - Sync 1 DAGs
[2022-11-11T14:43:02.286+0000] {logging_mixin.py:120} INFO - [2022-11-11T14:43:02.286+0000] {dag.py:3340} INFO - Setting next_dagrun for example_skip_dag to 2022-11-10T14:43:02.285674+00:00, run_after=2022-11-11T14:43:02.285674+00:00
[2022-11-11T14:43:02.312+0000] {processor.py:176} INFO - Processing /home/airflow/.local/lib/python3.7/site-packages/airflow/example_dags/example_skip_dag.py took 0.144 seconds
[2022-11-11T14:43:32.939+0000] {processor.py:154} INFO - Started process (PID=1884) to work on /home/airflow/.local/lib/python3.7/site-packages/airflow/example_dags/example_skip_dag.py
[2022-11-11T14:43:32.941+0000] {processor.py:756} INFO - Processing file /home/airflow/.local/lib/python3.7/site-packages/airflow/example_dags/example_skip_dag.py for tasks to queue
[2022-11-11T14:43:32.941+0000] {logging_mixin.py:120} INFO - [2022-11-11T14:43:32.941+0000] {dagbag.py:537} INFO - Filling up the DagBag from /home/airflow/.local/lib/python3.7/site-packages/airflow/example_dags/example_skip_dag.py
[2022-11-11T14:43:32.962+0000] {processor.py:766} INFO - DAG(s) dict_keys(['example_skip_dag']) retrieved from /home/airflow/.local/lib/python3.7/site-packages/airflow/example_dags/example_skip_dag.py
[2022-11-11T14:43:33.018+0000] {logging_mixin.py:120} INFO - [2022-11-11T14:43:33.018+0000] {dag.py:2585} INFO - Sync 1 DAGs
[2022-11-11T14:43:33.052+0000] {logging_mixin.py:120} INFO - [2022-11-11T14:43:33.052+0000] {dag.py:3340} INFO - Setting next_dagrun for example_skip_dag to 2022-11-10T14:43:33.051692+00:00, run_after=2022-11-11T14:43:33.051692+00:00
[2022-11-11T14:43:33.079+0000] {processor.py:176} INFO - Processing /home/airflow/.local/lib/python3.7/site-packages/airflow/example_dags/example_skip_dag.py took 0.145 seconds
[2022-11-11T14:44:03.292+0000] {processor.py:154} INFO - Started process (PID=1941) to work on /home/airflow/.local/lib/python3.7/site-packages/airflow/example_dags/example_skip_dag.py
[2022-11-11T14:44:03.293+0000] {processor.py:756} INFO - Processing file /home/airflow/.local/lib/python3.7/site-packages/airflow/example_dags/example_skip_dag.py for tasks to queue
[2022-11-11T14:44:03.294+0000] {logging_mixin.py:120} INFO - [2022-11-11T14:44:03.294+0000] {dagbag.py:537} INFO - Filling up the DagBag from /home/airflow/.local/lib/python3.7/site-packages/airflow/example_dags/example_skip_dag.py
[2022-11-11T14:44:03.316+0000] {processor.py:766} INFO - DAG(s) dict_keys(['example_skip_dag']) retrieved from /home/airflow/.local/lib/python3.7/site-packages/airflow/example_dags/example_skip_dag.py
[2022-11-11T14:44:03.382+0000] {logging_mixin.py:120} INFO - [2022-11-11T14:44:03.382+0000] {dag.py:2585} INFO - Sync 1 DAGs
[2022-11-11T14:44:03.419+0000] {logging_mixin.py:120} INFO - [2022-11-11T14:44:03.419+0000] {dag.py:3340} INFO - Setting next_dagrun for example_skip_dag to 2022-11-10T14:44:03.418926+00:00, run_after=2022-11-11T14:44:03.418926+00:00
[2022-11-11T14:44:03.449+0000] {processor.py:176} INFO - Processing /home/airflow/.local/lib/python3.7/site-packages/airflow/example_dags/example_skip_dag.py took 0.164 seconds
