[2022-11-11T14:18:08.100+0000] {processor.py:154} INFO - Started process (PID=67) to work on /home/airflow/.local/lib/python3.7/site-packages/airflow/example_dags/example_subdag_operator.py
[2022-11-11T14:18:08.101+0000] {processor.py:756} INFO - Processing file /home/airflow/.local/lib/python3.7/site-packages/airflow/example_dags/example_subdag_operator.py for tasks to queue
[2022-11-11T14:18:08.103+0000] {logging_mixin.py:120} INFO - [2022-11-11T14:18:08.102+0000] {dagbag.py:537} INFO - Filling up the DagBag from /home/airflow/.local/lib/python3.7/site-packages/airflow/example_dags/example_subdag_operator.py
[2022-11-11T14:18:08.162+0000] {processor.py:766} INFO - DAG(s) dict_keys(['example_subdag_operator.section-1', 'example_subdag_operator.section-2', 'example_subdag_operator']) retrieved from /home/airflow/.local/lib/python3.7/site-packages/airflow/example_dags/example_subdag_operator.py
[2022-11-11T14:18:08.693+0000] {logging_mixin.py:120} INFO - [2022-11-11T14:18:08.692+0000] {manager.py:507} INFO - Created Permission View: can read on DAG:example_subdag_operator
[2022-11-11T14:18:08.710+0000] {logging_mixin.py:120} INFO - [2022-11-11T14:18:08.710+0000] {manager.py:507} INFO - Created Permission View: can edit on DAG:example_subdag_operator
[2022-11-11T14:18:08.722+0000] {logging_mixin.py:120} INFO - [2022-11-11T14:18:08.722+0000] {manager.py:507} INFO - Created Permission View: can delete on DAG:example_subdag_operator
[2022-11-11T14:18:08.723+0000] {logging_mixin.py:120} INFO - [2022-11-11T14:18:08.723+0000] {dag.py:2585} INFO - Sync 3 DAGs
[2022-11-11T14:18:08.741+0000] {logging_mixin.py:120} INFO - [2022-11-11T14:18:08.741+0000] {dag.py:2606} INFO - Creating ORM DAG for example_subdag_operator
[2022-11-11T14:18:08.742+0000] {logging_mixin.py:120} INFO - [2022-11-11T14:18:08.742+0000] {dag.py:2606} INFO - Creating ORM DAG for example_subdag_operator.section-1
[2022-11-11T14:18:08.742+0000] {logging_mixin.py:120} INFO - [2022-11-11T14:18:08.742+0000] {dag.py:2606} INFO - Creating ORM DAG for example_subdag_operator.section-2
[2022-11-11T14:18:08.759+0000] {logging_mixin.py:120} INFO - [2022-11-11T14:18:08.759+0000] {dag.py:3340} INFO - Setting next_dagrun for example_subdag_operator to 2022-01-01T00:00:00+00:00, run_after=2022-01-01T00:00:00+00:00
[2022-11-11T14:18:08.760+0000] {logging_mixin.py:120} INFO - [2022-11-11T14:18:08.759+0000] {dag.py:3340} INFO - Setting next_dagrun for example_subdag_operator.section-1 to None, run_after=None
[2022-11-11T14:18:08.760+0000] {logging_mixin.py:120} INFO - [2022-11-11T14:18:08.760+0000] {dag.py:3340} INFO - Setting next_dagrun for example_subdag_operator.section-2 to None, run_after=None
[2022-11-11T14:18:08.774+0000] {logging_mixin.py:120} INFO - [2022-11-11T14:18:08.774+0000] {dag.py:2585} INFO - Sync 2 DAGs
[2022-11-11T14:18:08.782+0000] {logging_mixin.py:120} INFO - [2022-11-11T14:18:08.782+0000] {dag.py:3340} INFO - Setting next_dagrun for example_subdag_operator.section-1 to None, run_after=None
[2022-11-11T14:18:08.786+0000] {logging_mixin.py:120} INFO - [2022-11-11T14:18:08.786+0000] {dag.py:3340} INFO - Setting next_dagrun for example_subdag_operator.section-2 to None, run_after=None
[2022-11-11T14:18:08.809+0000] {processor.py:176} INFO - Processing /home/airflow/.local/lib/python3.7/site-packages/airflow/example_dags/example_subdag_operator.py took 0.716 seconds
[2022-11-11T14:18:38.843+0000] {processor.py:154} INFO - Started process (PID=125) to work on /home/airflow/.local/lib/python3.7/site-packages/airflow/example_dags/example_subdag_operator.py
[2022-11-11T14:18:38.844+0000] {processor.py:756} INFO - Processing file /home/airflow/.local/lib/python3.7/site-packages/airflow/example_dags/example_subdag_operator.py for tasks to queue
[2022-11-11T14:18:38.845+0000] {logging_mixin.py:120} INFO - [2022-11-11T14:18:38.845+0000] {dagbag.py:537} INFO - Filling up the DagBag from /home/airflow/.local/lib/python3.7/site-packages/airflow/example_dags/example_subdag_operator.py
[2022-11-11T14:18:38.902+0000] {processor.py:766} INFO - DAG(s) dict_keys(['example_subdag_operator.section-1', 'example_subdag_operator.section-2', 'example_subdag_operator']) retrieved from /home/airflow/.local/lib/python3.7/site-packages/airflow/example_dags/example_subdag_operator.py
[2022-11-11T14:18:39.168+0000] {logging_mixin.py:120} INFO - [2022-11-11T14:18:39.167+0000] {dag.py:2585} INFO - Sync 3 DAGs
[2022-11-11T14:18:39.211+0000] {logging_mixin.py:120} INFO - [2022-11-11T14:18:39.211+0000] {dag.py:3340} INFO - Setting next_dagrun for example_subdag_operator to 2022-01-01T00:00:00+00:00, run_after=2022-01-01T00:00:00+00:00
[2022-11-11T14:18:39.216+0000] {logging_mixin.py:120} INFO - [2022-11-11T14:18:39.216+0000] {dag.py:3340} INFO - Setting next_dagrun for example_subdag_operator.section-1 to None, run_after=None
[2022-11-11T14:18:39.218+0000] {logging_mixin.py:120} INFO - [2022-11-11T14:18:39.218+0000] {dag.py:3340} INFO - Setting next_dagrun for example_subdag_operator.section-2 to None, run_after=None
[2022-11-11T14:18:39.228+0000] {logging_mixin.py:120} INFO - [2022-11-11T14:18:39.228+0000] {dag.py:2585} INFO - Sync 2 DAGs
[2022-11-11T14:18:39.235+0000] {logging_mixin.py:120} INFO - [2022-11-11T14:18:39.235+0000] {dag.py:3340} INFO - Setting next_dagrun for example_subdag_operator.section-1 to None, run_after=None
[2022-11-11T14:18:39.235+0000] {logging_mixin.py:120} INFO - [2022-11-11T14:18:39.235+0000] {dag.py:3340} INFO - Setting next_dagrun for example_subdag_operator.section-2 to None, run_after=None
[2022-11-11T14:18:39.251+0000] {processor.py:176} INFO - Processing /home/airflow/.local/lib/python3.7/site-packages/airflow/example_dags/example_subdag_operator.py took 0.415 seconds
[2022-11-11T14:19:09.335+0000] {processor.py:154} INFO - Started process (PID=183) to work on /home/airflow/.local/lib/python3.7/site-packages/airflow/example_dags/example_subdag_operator.py
[2022-11-11T14:19:09.336+0000] {processor.py:756} INFO - Processing file /home/airflow/.local/lib/python3.7/site-packages/airflow/example_dags/example_subdag_operator.py for tasks to queue
[2022-11-11T14:19:09.337+0000] {logging_mixin.py:120} INFO - [2022-11-11T14:19:09.337+0000] {dagbag.py:537} INFO - Filling up the DagBag from /home/airflow/.local/lib/python3.7/site-packages/airflow/example_dags/example_subdag_operator.py
[2022-11-11T14:19:09.387+0000] {processor.py:766} INFO - DAG(s) dict_keys(['example_subdag_operator.section-1', 'example_subdag_operator.section-2', 'example_subdag_operator']) retrieved from /home/airflow/.local/lib/python3.7/site-packages/airflow/example_dags/example_subdag_operator.py
[2022-11-11T14:19:09.653+0000] {logging_mixin.py:120} INFO - [2022-11-11T14:19:09.653+0000] {dag.py:2585} INFO - Sync 3 DAGs
[2022-11-11T14:19:09.691+0000] {logging_mixin.py:120} INFO - [2022-11-11T14:19:09.691+0000] {dag.py:3340} INFO - Setting next_dagrun for example_subdag_operator to 2022-01-01T00:00:00+00:00, run_after=2022-01-01T00:00:00+00:00
[2022-11-11T14:19:09.696+0000] {logging_mixin.py:120} INFO - [2022-11-11T14:19:09.695+0000] {dag.py:3340} INFO - Setting next_dagrun for example_subdag_operator.section-1 to None, run_after=None
[2022-11-11T14:19:09.697+0000] {logging_mixin.py:120} INFO - [2022-11-11T14:19:09.697+0000] {dag.py:3340} INFO - Setting next_dagrun for example_subdag_operator.section-2 to None, run_after=None
[2022-11-11T14:19:09.707+0000] {logging_mixin.py:120} INFO - [2022-11-11T14:19:09.707+0000] {dag.py:2585} INFO - Sync 2 DAGs
[2022-11-11T14:19:09.715+0000] {logging_mixin.py:120} INFO - [2022-11-11T14:19:09.714+0000] {dag.py:3340} INFO - Setting next_dagrun for example_subdag_operator.section-1 to None, run_after=None
[2022-11-11T14:19:09.715+0000] {logging_mixin.py:120} INFO - [2022-11-11T14:19:09.715+0000] {dag.py:3340} INFO - Setting next_dagrun for example_subdag_operator.section-2 to None, run_after=None
[2022-11-11T14:19:09.731+0000] {processor.py:176} INFO - Processing /home/airflow/.local/lib/python3.7/site-packages/airflow/example_dags/example_subdag_operator.py took 0.402 seconds
[2022-11-11T14:19:40.474+0000] {processor.py:154} INFO - Started process (PID=240) to work on /home/airflow/.local/lib/python3.7/site-packages/airflow/example_dags/example_subdag_operator.py
[2022-11-11T14:19:40.476+0000] {processor.py:756} INFO - Processing file /home/airflow/.local/lib/python3.7/site-packages/airflow/example_dags/example_subdag_operator.py for tasks to queue
[2022-11-11T14:19:40.477+0000] {logging_mixin.py:120} INFO - [2022-11-11T14:19:40.476+0000] {dagbag.py:537} INFO - Filling up the DagBag from /home/airflow/.local/lib/python3.7/site-packages/airflow/example_dags/example_subdag_operator.py
[2022-11-11T14:19:40.529+0000] {processor.py:766} INFO - DAG(s) dict_keys(['example_subdag_operator.section-1', 'example_subdag_operator.section-2', 'example_subdag_operator']) retrieved from /home/airflow/.local/lib/python3.7/site-packages/airflow/example_dags/example_subdag_operator.py
[2022-11-11T14:19:40.801+0000] {logging_mixin.py:120} INFO - [2022-11-11T14:19:40.800+0000] {dag.py:2585} INFO - Sync 3 DAGs
[2022-11-11T14:19:40.837+0000] {logging_mixin.py:120} INFO - [2022-11-11T14:19:40.837+0000] {dag.py:3340} INFO - Setting next_dagrun for example_subdag_operator to 2022-01-01T00:00:00+00:00, run_after=2022-01-01T00:00:00+00:00
[2022-11-11T14:19:40.842+0000] {logging_mixin.py:120} INFO - [2022-11-11T14:19:40.842+0000] {dag.py:3340} INFO - Setting next_dagrun for example_subdag_operator.section-1 to None, run_after=None
[2022-11-11T14:19:40.844+0000] {logging_mixin.py:120} INFO - [2022-11-11T14:19:40.844+0000] {dag.py:3340} INFO - Setting next_dagrun for example_subdag_operator.section-2 to None, run_after=None
[2022-11-11T14:19:40.853+0000] {logging_mixin.py:120} INFO - [2022-11-11T14:19:40.853+0000] {dag.py:2585} INFO - Sync 2 DAGs
[2022-11-11T14:19:40.864+0000] {logging_mixin.py:120} INFO - [2022-11-11T14:19:40.864+0000] {dag.py:3340} INFO - Setting next_dagrun for example_subdag_operator.section-1 to None, run_after=None
[2022-11-11T14:19:40.865+0000] {logging_mixin.py:120} INFO - [2022-11-11T14:19:40.865+0000] {dag.py:3340} INFO - Setting next_dagrun for example_subdag_operator.section-2 to None, run_after=None
[2022-11-11T14:19:40.879+0000] {processor.py:176} INFO - Processing /home/airflow/.local/lib/python3.7/site-packages/airflow/example_dags/example_subdag_operator.py took 0.410 seconds
[2022-11-11T14:22:43.338+0000] {processor.py:154} INFO - Started process (PID=60) to work on /home/airflow/.local/lib/python3.7/site-packages/airflow/example_dags/example_subdag_operator.py
[2022-11-11T14:22:43.340+0000] {processor.py:756} INFO - Processing file /home/airflow/.local/lib/python3.7/site-packages/airflow/example_dags/example_subdag_operator.py for tasks to queue
[2022-11-11T14:22:43.341+0000] {logging_mixin.py:120} INFO - [2022-11-11T14:22:43.340+0000] {dagbag.py:537} INFO - Filling up the DagBag from /home/airflow/.local/lib/python3.7/site-packages/airflow/example_dags/example_subdag_operator.py
[2022-11-11T14:22:43.395+0000] {processor.py:766} INFO - DAG(s) dict_keys(['example_subdag_operator.section-1', 'example_subdag_operator.section-2', 'example_subdag_operator']) retrieved from /home/airflow/.local/lib/python3.7/site-packages/airflow/example_dags/example_subdag_operator.py
[2022-11-11T14:22:43.658+0000] {logging_mixin.py:120} INFO - [2022-11-11T14:22:43.658+0000] {dag.py:2585} INFO - Sync 3 DAGs
[2022-11-11T14:22:43.697+0000] {logging_mixin.py:120} INFO - [2022-11-11T14:22:43.697+0000] {dag.py:3340} INFO - Setting next_dagrun for example_subdag_operator to 2022-01-01T00:00:00+00:00, run_after=2022-01-01T00:00:00+00:00
[2022-11-11T14:22:43.701+0000] {logging_mixin.py:120} INFO - [2022-11-11T14:22:43.701+0000] {dag.py:3340} INFO - Setting next_dagrun for example_subdag_operator.section-1 to None, run_after=None
[2022-11-11T14:22:43.703+0000] {logging_mixin.py:120} INFO - [2022-11-11T14:22:43.703+0000] {dag.py:3340} INFO - Setting next_dagrun for example_subdag_operator.section-2 to None, run_after=None
[2022-11-11T14:22:43.712+0000] {logging_mixin.py:120} INFO - [2022-11-11T14:22:43.712+0000] {dag.py:2585} INFO - Sync 2 DAGs
[2022-11-11T14:22:43.720+0000] {logging_mixin.py:120} INFO - [2022-11-11T14:22:43.720+0000] {dag.py:3340} INFO - Setting next_dagrun for example_subdag_operator.section-1 to None, run_after=None
[2022-11-11T14:22:43.720+0000] {logging_mixin.py:120} INFO - [2022-11-11T14:22:43.720+0000] {dag.py:3340} INFO - Setting next_dagrun for example_subdag_operator.section-2 to None, run_after=None
[2022-11-11T14:22:44.216+0000] {processor.py:176} INFO - Processing /home/airflow/.local/lib/python3.7/site-packages/airflow/example_dags/example_subdag_operator.py took 0.883 seconds
[2022-11-11T14:23:14.351+0000] {processor.py:154} INFO - Started process (PID=118) to work on /home/airflow/.local/lib/python3.7/site-packages/airflow/example_dags/example_subdag_operator.py
[2022-11-11T14:23:14.352+0000] {processor.py:756} INFO - Processing file /home/airflow/.local/lib/python3.7/site-packages/airflow/example_dags/example_subdag_operator.py for tasks to queue
[2022-11-11T14:23:14.354+0000] {logging_mixin.py:120} INFO - [2022-11-11T14:23:14.353+0000] {dagbag.py:537} INFO - Filling up the DagBag from /home/airflow/.local/lib/python3.7/site-packages/airflow/example_dags/example_subdag_operator.py
[2022-11-11T14:23:14.403+0000] {processor.py:766} INFO - DAG(s) dict_keys(['example_subdag_operator.section-1', 'example_subdag_operator.section-2', 'example_subdag_operator']) retrieved from /home/airflow/.local/lib/python3.7/site-packages/airflow/example_dags/example_subdag_operator.py
[2022-11-11T14:23:14.659+0000] {logging_mixin.py:120} INFO - [2022-11-11T14:23:14.658+0000] {dag.py:2585} INFO - Sync 3 DAGs
[2022-11-11T14:23:14.701+0000] {logging_mixin.py:120} INFO - [2022-11-11T14:23:14.700+0000] {dag.py:3340} INFO - Setting next_dagrun for example_subdag_operator to 2022-01-01T00:00:00+00:00, run_after=2022-01-01T00:00:00+00:00
[2022-11-11T14:23:14.705+0000] {logging_mixin.py:120} INFO - [2022-11-11T14:23:14.705+0000] {dag.py:3340} INFO - Setting next_dagrun for example_subdag_operator.section-1 to None, run_after=None
[2022-11-11T14:23:14.707+0000] {logging_mixin.py:120} INFO - [2022-11-11T14:23:14.707+0000] {dag.py:3340} INFO - Setting next_dagrun for example_subdag_operator.section-2 to None, run_after=None
[2022-11-11T14:23:14.718+0000] {logging_mixin.py:120} INFO - [2022-11-11T14:23:14.718+0000] {dag.py:2585} INFO - Sync 2 DAGs
[2022-11-11T14:23:14.726+0000] {logging_mixin.py:120} INFO - [2022-11-11T14:23:14.725+0000] {dag.py:3340} INFO - Setting next_dagrun for example_subdag_operator.section-1 to None, run_after=None
[2022-11-11T14:23:14.726+0000] {logging_mixin.py:120} INFO - [2022-11-11T14:23:14.726+0000] {dag.py:3340} INFO - Setting next_dagrun for example_subdag_operator.section-2 to None, run_after=None
[2022-11-11T14:23:14.741+0000] {processor.py:176} INFO - Processing /home/airflow/.local/lib/python3.7/site-packages/airflow/example_dags/example_subdag_operator.py took 0.396 seconds
[2022-11-11T14:24:40.110+0000] {processor.py:154} INFO - Started process (PID=63) to work on /home/airflow/.local/lib/python3.7/site-packages/airflow/example_dags/example_subdag_operator.py
[2022-11-11T14:24:40.112+0000] {processor.py:756} INFO - Processing file /home/airflow/.local/lib/python3.7/site-packages/airflow/example_dags/example_subdag_operator.py for tasks to queue
[2022-11-11T14:24:40.113+0000] {logging_mixin.py:120} INFO - [2022-11-11T14:24:40.113+0000] {dagbag.py:537} INFO - Filling up the DagBag from /home/airflow/.local/lib/python3.7/site-packages/airflow/example_dags/example_subdag_operator.py
[2022-11-11T14:24:40.174+0000] {processor.py:766} INFO - DAG(s) dict_keys(['example_subdag_operator.section-1', 'example_subdag_operator.section-2', 'example_subdag_operator']) retrieved from /home/airflow/.local/lib/python3.7/site-packages/airflow/example_dags/example_subdag_operator.py
[2022-11-11T14:24:40.414+0000] {logging_mixin.py:120} INFO - [2022-11-11T14:24:40.414+0000] {dag.py:2585} INFO - Sync 3 DAGs
[2022-11-11T14:24:40.449+0000] {logging_mixin.py:120} INFO - [2022-11-11T14:24:40.449+0000] {dag.py:3340} INFO - Setting next_dagrun for example_subdag_operator to 2022-01-01T00:00:00+00:00, run_after=2022-01-01T00:00:00+00:00
[2022-11-11T14:24:40.453+0000] {logging_mixin.py:120} INFO - [2022-11-11T14:24:40.453+0000] {dag.py:3340} INFO - Setting next_dagrun for example_subdag_operator.section-1 to None, run_after=None
[2022-11-11T14:24:40.455+0000] {logging_mixin.py:120} INFO - [2022-11-11T14:24:40.454+0000] {dag.py:3340} INFO - Setting next_dagrun for example_subdag_operator.section-2 to None, run_after=None
[2022-11-11T14:24:40.464+0000] {logging_mixin.py:120} INFO - [2022-11-11T14:24:40.464+0000] {dag.py:2585} INFO - Sync 2 DAGs
[2022-11-11T14:24:40.472+0000] {logging_mixin.py:120} INFO - [2022-11-11T14:24:40.471+0000] {dag.py:3340} INFO - Setting next_dagrun for example_subdag_operator.section-1 to None, run_after=None
[2022-11-11T14:24:40.472+0000] {logging_mixin.py:120} INFO - [2022-11-11T14:24:40.472+0000] {dag.py:3340} INFO - Setting next_dagrun for example_subdag_operator.section-2 to None, run_after=None
[2022-11-11T14:24:40.492+0000] {processor.py:176} INFO - Processing /home/airflow/.local/lib/python3.7/site-packages/airflow/example_dags/example_subdag_operator.py took 0.389 seconds
[2022-11-11T14:27:15.738+0000] {processor.py:154} INFO - Started process (PID=63) to work on /home/airflow/.local/lib/python3.7/site-packages/airflow/example_dags/example_subdag_operator.py
[2022-11-11T14:27:15.739+0000] {processor.py:756} INFO - Processing file /home/airflow/.local/lib/python3.7/site-packages/airflow/example_dags/example_subdag_operator.py for tasks to queue
[2022-11-11T14:27:15.740+0000] {logging_mixin.py:120} INFO - [2022-11-11T14:27:15.740+0000] {dagbag.py:537} INFO - Filling up the DagBag from /home/airflow/.local/lib/python3.7/site-packages/airflow/example_dags/example_subdag_operator.py
[2022-11-11T14:27:15.792+0000] {processor.py:766} INFO - DAG(s) dict_keys(['example_subdag_operator.section-1', 'example_subdag_operator.section-2', 'example_subdag_operator']) retrieved from /home/airflow/.local/lib/python3.7/site-packages/airflow/example_dags/example_subdag_operator.py
[2022-11-11T14:27:16.043+0000] {logging_mixin.py:120} INFO - [2022-11-11T14:27:16.043+0000] {dag.py:2585} INFO - Sync 3 DAGs
[2022-11-11T14:27:16.085+0000] {logging_mixin.py:120} INFO - [2022-11-11T14:27:16.084+0000] {dag.py:3340} INFO - Setting next_dagrun for example_subdag_operator to 2022-01-01T00:00:00+00:00, run_after=2022-01-01T00:00:00+00:00
[2022-11-11T14:27:16.089+0000] {logging_mixin.py:120} INFO - [2022-11-11T14:27:16.089+0000] {dag.py:3340} INFO - Setting next_dagrun for example_subdag_operator.section-1 to None, run_after=None
[2022-11-11T14:27:16.091+0000] {logging_mixin.py:120} INFO - [2022-11-11T14:27:16.091+0000] {dag.py:3340} INFO - Setting next_dagrun for example_subdag_operator.section-2 to None, run_after=None
[2022-11-11T14:27:16.101+0000] {logging_mixin.py:120} INFO - [2022-11-11T14:27:16.101+0000] {dag.py:2585} INFO - Sync 2 DAGs
[2022-11-11T14:27:16.110+0000] {logging_mixin.py:120} INFO - [2022-11-11T14:27:16.110+0000] {dag.py:3340} INFO - Setting next_dagrun for example_subdag_operator.section-1 to None, run_after=None
[2022-11-11T14:27:16.110+0000] {logging_mixin.py:120} INFO - [2022-11-11T14:27:16.110+0000] {dag.py:3340} INFO - Setting next_dagrun for example_subdag_operator.section-2 to None, run_after=None
[2022-11-11T14:27:16.126+0000] {processor.py:176} INFO - Processing /home/airflow/.local/lib/python3.7/site-packages/airflow/example_dags/example_subdag_operator.py took 0.394 seconds
[2022-11-11T14:27:48.951+0000] {processor.py:154} INFO - Started process (PID=120) to work on /home/airflow/.local/lib/python3.7/site-packages/airflow/example_dags/example_subdag_operator.py
[2022-11-11T14:27:48.953+0000] {processor.py:756} INFO - Processing file /home/airflow/.local/lib/python3.7/site-packages/airflow/example_dags/example_subdag_operator.py for tasks to queue
[2022-11-11T14:27:48.954+0000] {logging_mixin.py:120} INFO - [2022-11-11T14:27:48.954+0000] {dagbag.py:537} INFO - Filling up the DagBag from /home/airflow/.local/lib/python3.7/site-packages/airflow/example_dags/example_subdag_operator.py
[2022-11-11T14:27:49.001+0000] {processor.py:766} INFO - DAG(s) dict_keys(['example_subdag_operator.section-1', 'example_subdag_operator.section-2', 'example_subdag_operator']) retrieved from /home/airflow/.local/lib/python3.7/site-packages/airflow/example_dags/example_subdag_operator.py
[2022-11-11T14:27:49.238+0000] {logging_mixin.py:120} INFO - [2022-11-11T14:27:49.238+0000] {dag.py:2585} INFO - Sync 3 DAGs
[2022-11-11T14:27:49.276+0000] {logging_mixin.py:120} INFO - [2022-11-11T14:27:49.276+0000] {dag.py:3340} INFO - Setting next_dagrun for example_subdag_operator to 2022-01-01T00:00:00+00:00, run_after=2022-01-01T00:00:00+00:00
[2022-11-11T14:27:49.280+0000] {logging_mixin.py:120} INFO - [2022-11-11T14:27:49.280+0000] {dag.py:3340} INFO - Setting next_dagrun for example_subdag_operator.section-1 to None, run_after=None
[2022-11-11T14:27:49.283+0000] {logging_mixin.py:120} INFO - [2022-11-11T14:27:49.282+0000] {dag.py:3340} INFO - Setting next_dagrun for example_subdag_operator.section-2 to None, run_after=None
[2022-11-11T14:27:49.291+0000] {logging_mixin.py:120} INFO - [2022-11-11T14:27:49.291+0000] {dag.py:2585} INFO - Sync 2 DAGs
[2022-11-11T14:27:49.298+0000] {logging_mixin.py:120} INFO - [2022-11-11T14:27:49.298+0000] {dag.py:3340} INFO - Setting next_dagrun for example_subdag_operator.section-1 to None, run_after=None
[2022-11-11T14:27:49.298+0000] {logging_mixin.py:120} INFO - [2022-11-11T14:27:49.298+0000] {dag.py:3340} INFO - Setting next_dagrun for example_subdag_operator.section-2 to None, run_after=None
[2022-11-11T14:27:49.627+0000] {processor.py:176} INFO - Processing /home/airflow/.local/lib/python3.7/site-packages/airflow/example_dags/example_subdag_operator.py took 0.681 seconds
[2022-11-11T14:28:19.695+0000] {processor.py:154} INFO - Started process (PID=179) to work on /home/airflow/.local/lib/python3.7/site-packages/airflow/example_dags/example_subdag_operator.py
[2022-11-11T14:28:19.697+0000] {processor.py:756} INFO - Processing file /home/airflow/.local/lib/python3.7/site-packages/airflow/example_dags/example_subdag_operator.py for tasks to queue
[2022-11-11T14:28:19.698+0000] {logging_mixin.py:120} INFO - [2022-11-11T14:28:19.697+0000] {dagbag.py:537} INFO - Filling up the DagBag from /home/airflow/.local/lib/python3.7/site-packages/airflow/example_dags/example_subdag_operator.py
[2022-11-11T14:28:19.746+0000] {processor.py:766} INFO - DAG(s) dict_keys(['example_subdag_operator.section-1', 'example_subdag_operator.section-2', 'example_subdag_operator']) retrieved from /home/airflow/.local/lib/python3.7/site-packages/airflow/example_dags/example_subdag_operator.py
[2022-11-11T14:28:19.988+0000] {logging_mixin.py:120} INFO - [2022-11-11T14:28:19.987+0000] {dag.py:2585} INFO - Sync 3 DAGs
[2022-11-11T14:28:20.021+0000] {logging_mixin.py:120} INFO - [2022-11-11T14:28:20.021+0000] {dag.py:3340} INFO - Setting next_dagrun for example_subdag_operator to 2022-01-01T00:00:00+00:00, run_after=2022-01-01T00:00:00+00:00
[2022-11-11T14:28:20.025+0000] {logging_mixin.py:120} INFO - [2022-11-11T14:28:20.025+0000] {dag.py:3340} INFO - Setting next_dagrun for example_subdag_operator.section-1 to None, run_after=None
[2022-11-11T14:28:20.027+0000] {logging_mixin.py:120} INFO - [2022-11-11T14:28:20.027+0000] {dag.py:3340} INFO - Setting next_dagrun for example_subdag_operator.section-2 to None, run_after=None
[2022-11-11T14:28:20.036+0000] {logging_mixin.py:120} INFO - [2022-11-11T14:28:20.036+0000] {dag.py:2585} INFO - Sync 2 DAGs
[2022-11-11T14:28:20.043+0000] {logging_mixin.py:120} INFO - [2022-11-11T14:28:20.042+0000] {dag.py:3340} INFO - Setting next_dagrun for example_subdag_operator.section-1 to None, run_after=None
[2022-11-11T14:28:20.043+0000] {logging_mixin.py:120} INFO - [2022-11-11T14:28:20.043+0000] {dag.py:3340} INFO - Setting next_dagrun for example_subdag_operator.section-2 to None, run_after=None
[2022-11-11T14:28:20.058+0000] {processor.py:176} INFO - Processing /home/airflow/.local/lib/python3.7/site-packages/airflow/example_dags/example_subdag_operator.py took 0.369 seconds
[2022-11-11T14:28:50.908+0000] {processor.py:154} INFO - Started process (PID=238) to work on /home/airflow/.local/lib/python3.7/site-packages/airflow/example_dags/example_subdag_operator.py
[2022-11-11T14:28:50.909+0000] {processor.py:756} INFO - Processing file /home/airflow/.local/lib/python3.7/site-packages/airflow/example_dags/example_subdag_operator.py for tasks to queue
[2022-11-11T14:28:50.910+0000] {logging_mixin.py:120} INFO - [2022-11-11T14:28:50.910+0000] {dagbag.py:537} INFO - Filling up the DagBag from /home/airflow/.local/lib/python3.7/site-packages/airflow/example_dags/example_subdag_operator.py
[2022-11-11T14:28:50.959+0000] {processor.py:766} INFO - DAG(s) dict_keys(['example_subdag_operator.section-1', 'example_subdag_operator.section-2', 'example_subdag_operator']) retrieved from /home/airflow/.local/lib/python3.7/site-packages/airflow/example_dags/example_subdag_operator.py
[2022-11-11T14:28:51.215+0000] {logging_mixin.py:120} INFO - [2022-11-11T14:28:51.215+0000] {dag.py:2585} INFO - Sync 3 DAGs
[2022-11-11T14:28:51.252+0000] {logging_mixin.py:120} INFO - [2022-11-11T14:28:51.251+0000] {dag.py:3340} INFO - Setting next_dagrun for example_subdag_operator to 2022-01-01T00:00:00+00:00, run_after=2022-01-01T00:00:00+00:00
[2022-11-11T14:28:51.256+0000] {logging_mixin.py:120} INFO - [2022-11-11T14:28:51.255+0000] {dag.py:3340} INFO - Setting next_dagrun for example_subdag_operator.section-1 to None, run_after=None
[2022-11-11T14:28:51.257+0000] {logging_mixin.py:120} INFO - [2022-11-11T14:28:51.257+0000] {dag.py:3340} INFO - Setting next_dagrun for example_subdag_operator.section-2 to None, run_after=None
[2022-11-11T14:28:51.266+0000] {logging_mixin.py:120} INFO - [2022-11-11T14:28:51.266+0000] {dag.py:2585} INFO - Sync 2 DAGs
[2022-11-11T14:28:51.273+0000] {logging_mixin.py:120} INFO - [2022-11-11T14:28:51.272+0000] {dag.py:3340} INFO - Setting next_dagrun for example_subdag_operator.section-1 to None, run_after=None
[2022-11-11T14:28:51.273+0000] {logging_mixin.py:120} INFO - [2022-11-11T14:28:51.273+0000] {dag.py:3340} INFO - Setting next_dagrun for example_subdag_operator.section-2 to None, run_after=None
[2022-11-11T14:28:51.285+0000] {processor.py:176} INFO - Processing /home/airflow/.local/lib/python3.7/site-packages/airflow/example_dags/example_subdag_operator.py took 0.384 seconds
[2022-11-11T14:29:21.467+0000] {processor.py:154} INFO - Started process (PID=295) to work on /home/airflow/.local/lib/python3.7/site-packages/airflow/example_dags/example_subdag_operator.py
[2022-11-11T14:29:21.469+0000] {processor.py:756} INFO - Processing file /home/airflow/.local/lib/python3.7/site-packages/airflow/example_dags/example_subdag_operator.py for tasks to queue
[2022-11-11T14:29:21.470+0000] {logging_mixin.py:120} INFO - [2022-11-11T14:29:21.469+0000] {dagbag.py:537} INFO - Filling up the DagBag from /home/airflow/.local/lib/python3.7/site-packages/airflow/example_dags/example_subdag_operator.py
[2022-11-11T14:29:21.525+0000] {processor.py:766} INFO - DAG(s) dict_keys(['example_subdag_operator.section-1', 'example_subdag_operator.section-2', 'example_subdag_operator']) retrieved from /home/airflow/.local/lib/python3.7/site-packages/airflow/example_dags/example_subdag_operator.py
[2022-11-11T14:29:21.797+0000] {logging_mixin.py:120} INFO - [2022-11-11T14:29:21.797+0000] {dag.py:2585} INFO - Sync 3 DAGs
[2022-11-11T14:29:21.832+0000] {logging_mixin.py:120} INFO - [2022-11-11T14:29:21.832+0000] {dag.py:3340} INFO - Setting next_dagrun for example_subdag_operator to 2022-01-01T00:00:00+00:00, run_after=2022-01-01T00:00:00+00:00
[2022-11-11T14:29:21.837+0000] {logging_mixin.py:120} INFO - [2022-11-11T14:29:21.837+0000] {dag.py:3340} INFO - Setting next_dagrun for example_subdag_operator.section-1 to None, run_after=None
[2022-11-11T14:29:21.839+0000] {logging_mixin.py:120} INFO - [2022-11-11T14:29:21.838+0000] {dag.py:3340} INFO - Setting next_dagrun for example_subdag_operator.section-2 to None, run_after=None
[2022-11-11T14:29:21.848+0000] {logging_mixin.py:120} INFO - [2022-11-11T14:29:21.848+0000] {dag.py:2585} INFO - Sync 2 DAGs
[2022-11-11T14:29:21.856+0000] {logging_mixin.py:120} INFO - [2022-11-11T14:29:21.856+0000] {dag.py:3340} INFO - Setting next_dagrun for example_subdag_operator.section-1 to None, run_after=None
[2022-11-11T14:29:21.857+0000] {logging_mixin.py:120} INFO - [2022-11-11T14:29:21.857+0000] {dag.py:3340} INFO - Setting next_dagrun for example_subdag_operator.section-2 to None, run_after=None
[2022-11-11T14:29:21.873+0000] {processor.py:176} INFO - Processing /home/airflow/.local/lib/python3.7/site-packages/airflow/example_dags/example_subdag_operator.py took 0.411 seconds
[2022-11-11T14:29:52.127+0000] {processor.py:154} INFO - Started process (PID=352) to work on /home/airflow/.local/lib/python3.7/site-packages/airflow/example_dags/example_subdag_operator.py
[2022-11-11T14:29:52.130+0000] {processor.py:756} INFO - Processing file /home/airflow/.local/lib/python3.7/site-packages/airflow/example_dags/example_subdag_operator.py for tasks to queue
[2022-11-11T14:29:52.131+0000] {logging_mixin.py:120} INFO - [2022-11-11T14:29:52.131+0000] {dagbag.py:537} INFO - Filling up the DagBag from /home/airflow/.local/lib/python3.7/site-packages/airflow/example_dags/example_subdag_operator.py
[2022-11-11T14:29:52.179+0000] {processor.py:766} INFO - DAG(s) dict_keys(['example_subdag_operator.section-1', 'example_subdag_operator.section-2', 'example_subdag_operator']) retrieved from /home/airflow/.local/lib/python3.7/site-packages/airflow/example_dags/example_subdag_operator.py
[2022-11-11T14:29:52.431+0000] {logging_mixin.py:120} INFO - [2022-11-11T14:29:52.431+0000] {dag.py:2585} INFO - Sync 3 DAGs
[2022-11-11T14:29:52.466+0000] {logging_mixin.py:120} INFO - [2022-11-11T14:29:52.466+0000] {dag.py:3340} INFO - Setting next_dagrun for example_subdag_operator to 2022-01-01T00:00:00+00:00, run_after=2022-01-01T00:00:00+00:00
[2022-11-11T14:29:52.470+0000] {logging_mixin.py:120} INFO - [2022-11-11T14:29:52.470+0000] {dag.py:3340} INFO - Setting next_dagrun for example_subdag_operator.section-1 to None, run_after=None
[2022-11-11T14:29:52.472+0000] {logging_mixin.py:120} INFO - [2022-11-11T14:29:52.472+0000] {dag.py:3340} INFO - Setting next_dagrun for example_subdag_operator.section-2 to None, run_after=None
[2022-11-11T14:29:52.481+0000] {logging_mixin.py:120} INFO - [2022-11-11T14:29:52.480+0000] {dag.py:2585} INFO - Sync 2 DAGs
[2022-11-11T14:29:52.489+0000] {logging_mixin.py:120} INFO - [2022-11-11T14:29:52.489+0000] {dag.py:3340} INFO - Setting next_dagrun for example_subdag_operator.section-1 to None, run_after=None
[2022-11-11T14:29:52.490+0000] {logging_mixin.py:120} INFO - [2022-11-11T14:29:52.490+0000] {dag.py:3340} INFO - Setting next_dagrun for example_subdag_operator.section-2 to None, run_after=None
[2022-11-11T14:29:52.510+0000] {processor.py:176} INFO - Processing /home/airflow/.local/lib/python3.7/site-packages/airflow/example_dags/example_subdag_operator.py took 0.389 seconds
[2022-11-11T14:30:22.837+0000] {processor.py:154} INFO - Started process (PID=409) to work on /home/airflow/.local/lib/python3.7/site-packages/airflow/example_dags/example_subdag_operator.py
[2022-11-11T14:30:22.838+0000] {processor.py:756} INFO - Processing file /home/airflow/.local/lib/python3.7/site-packages/airflow/example_dags/example_subdag_operator.py for tasks to queue
[2022-11-11T14:30:22.838+0000] {logging_mixin.py:120} INFO - [2022-11-11T14:30:22.838+0000] {dagbag.py:537} INFO - Filling up the DagBag from /home/airflow/.local/lib/python3.7/site-packages/airflow/example_dags/example_subdag_operator.py
[2022-11-11T14:30:22.892+0000] {processor.py:766} INFO - DAG(s) dict_keys(['example_subdag_operator.section-1', 'example_subdag_operator.section-2', 'example_subdag_operator']) retrieved from /home/airflow/.local/lib/python3.7/site-packages/airflow/example_dags/example_subdag_operator.py
[2022-11-11T14:30:23.206+0000] {logging_mixin.py:120} INFO - [2022-11-11T14:30:23.206+0000] {dag.py:2585} INFO - Sync 3 DAGs
[2022-11-11T14:30:23.243+0000] {logging_mixin.py:120} INFO - [2022-11-11T14:30:23.243+0000] {dag.py:3340} INFO - Setting next_dagrun for example_subdag_operator to 2022-01-01T00:00:00+00:00, run_after=2022-01-01T00:00:00+00:00
[2022-11-11T14:30:23.247+0000] {logging_mixin.py:120} INFO - [2022-11-11T14:30:23.247+0000] {dag.py:3340} INFO - Setting next_dagrun for example_subdag_operator.section-1 to None, run_after=None
[2022-11-11T14:30:23.249+0000] {logging_mixin.py:120} INFO - [2022-11-11T14:30:23.248+0000] {dag.py:3340} INFO - Setting next_dagrun for example_subdag_operator.section-2 to None, run_after=None
[2022-11-11T14:30:23.259+0000] {logging_mixin.py:120} INFO - [2022-11-11T14:30:23.259+0000] {dag.py:2585} INFO - Sync 2 DAGs
[2022-11-11T14:30:23.266+0000] {logging_mixin.py:120} INFO - [2022-11-11T14:30:23.266+0000] {dag.py:3340} INFO - Setting next_dagrun for example_subdag_operator.section-1 to None, run_after=None
[2022-11-11T14:30:23.266+0000] {logging_mixin.py:120} INFO - [2022-11-11T14:30:23.266+0000] {dag.py:3340} INFO - Setting next_dagrun for example_subdag_operator.section-2 to None, run_after=None
[2022-11-11T14:30:23.280+0000] {processor.py:176} INFO - Processing /home/airflow/.local/lib/python3.7/site-packages/airflow/example_dags/example_subdag_operator.py took 0.450 seconds
[2022-11-11T14:30:53.411+0000] {processor.py:154} INFO - Started process (PID=467) to work on /home/airflow/.local/lib/python3.7/site-packages/airflow/example_dags/example_subdag_operator.py
[2022-11-11T14:30:53.412+0000] {processor.py:756} INFO - Processing file /home/airflow/.local/lib/python3.7/site-packages/airflow/example_dags/example_subdag_operator.py for tasks to queue
[2022-11-11T14:30:53.413+0000] {logging_mixin.py:120} INFO - [2022-11-11T14:30:53.413+0000] {dagbag.py:537} INFO - Filling up the DagBag from /home/airflow/.local/lib/python3.7/site-packages/airflow/example_dags/example_subdag_operator.py
[2022-11-11T14:30:53.461+0000] {processor.py:766} INFO - DAG(s) dict_keys(['example_subdag_operator.section-1', 'example_subdag_operator.section-2', 'example_subdag_operator']) retrieved from /home/airflow/.local/lib/python3.7/site-packages/airflow/example_dags/example_subdag_operator.py
[2022-11-11T14:30:53.711+0000] {logging_mixin.py:120} INFO - [2022-11-11T14:30:53.711+0000] {dag.py:2585} INFO - Sync 3 DAGs
[2022-11-11T14:30:53.748+0000] {logging_mixin.py:120} INFO - [2022-11-11T14:30:53.747+0000] {dag.py:3340} INFO - Setting next_dagrun for example_subdag_operator to 2022-01-01T00:00:00+00:00, run_after=2022-01-01T00:00:00+00:00
[2022-11-11T14:30:53.752+0000] {logging_mixin.py:120} INFO - [2022-11-11T14:30:53.752+0000] {dag.py:3340} INFO - Setting next_dagrun for example_subdag_operator.section-1 to None, run_after=None
[2022-11-11T14:30:53.754+0000] {logging_mixin.py:120} INFO - [2022-11-11T14:30:53.753+0000] {dag.py:3340} INFO - Setting next_dagrun for example_subdag_operator.section-2 to None, run_after=None
[2022-11-11T14:30:53.763+0000] {logging_mixin.py:120} INFO - [2022-11-11T14:30:53.763+0000] {dag.py:2585} INFO - Sync 2 DAGs
[2022-11-11T14:30:53.770+0000] {logging_mixin.py:120} INFO - [2022-11-11T14:30:53.770+0000] {dag.py:3340} INFO - Setting next_dagrun for example_subdag_operator.section-1 to None, run_after=None
[2022-11-11T14:30:53.771+0000] {logging_mixin.py:120} INFO - [2022-11-11T14:30:53.770+0000] {dag.py:3340} INFO - Setting next_dagrun for example_subdag_operator.section-2 to None, run_after=None
[2022-11-11T14:30:53.785+0000] {processor.py:176} INFO - Processing /home/airflow/.local/lib/python3.7/site-packages/airflow/example_dags/example_subdag_operator.py took 0.379 seconds
[2022-11-11T14:31:23.920+0000] {processor.py:154} INFO - Started process (PID=525) to work on /home/airflow/.local/lib/python3.7/site-packages/airflow/example_dags/example_subdag_operator.py
[2022-11-11T14:31:23.921+0000] {processor.py:756} INFO - Processing file /home/airflow/.local/lib/python3.7/site-packages/airflow/example_dags/example_subdag_operator.py for tasks to queue
[2022-11-11T14:31:23.922+0000] {logging_mixin.py:120} INFO - [2022-11-11T14:31:23.921+0000] {dagbag.py:537} INFO - Filling up the DagBag from /home/airflow/.local/lib/python3.7/site-packages/airflow/example_dags/example_subdag_operator.py
[2022-11-11T14:31:23.968+0000] {processor.py:766} INFO - DAG(s) dict_keys(['example_subdag_operator.section-1', 'example_subdag_operator.section-2', 'example_subdag_operator']) retrieved from /home/airflow/.local/lib/python3.7/site-packages/airflow/example_dags/example_subdag_operator.py
[2022-11-11T14:31:24.210+0000] {logging_mixin.py:120} INFO - [2022-11-11T14:31:24.210+0000] {dag.py:2585} INFO - Sync 3 DAGs
[2022-11-11T14:31:24.248+0000] {logging_mixin.py:120} INFO - [2022-11-11T14:31:24.247+0000] {dag.py:3340} INFO - Setting next_dagrun for example_subdag_operator to 2022-01-01T00:00:00+00:00, run_after=2022-01-01T00:00:00+00:00
[2022-11-11T14:31:24.252+0000] {logging_mixin.py:120} INFO - [2022-11-11T14:31:24.251+0000] {dag.py:3340} INFO - Setting next_dagrun for example_subdag_operator.section-1 to None, run_after=None
[2022-11-11T14:31:24.253+0000] {logging_mixin.py:120} INFO - [2022-11-11T14:31:24.253+0000] {dag.py:3340} INFO - Setting next_dagrun for example_subdag_operator.section-2 to None, run_after=None
[2022-11-11T14:31:24.262+0000] {logging_mixin.py:120} INFO - [2022-11-11T14:31:24.262+0000] {dag.py:2585} INFO - Sync 2 DAGs
[2022-11-11T14:31:24.269+0000] {logging_mixin.py:120} INFO - [2022-11-11T14:31:24.268+0000] {dag.py:3340} INFO - Setting next_dagrun for example_subdag_operator.section-1 to None, run_after=None
[2022-11-11T14:31:24.269+0000] {logging_mixin.py:120} INFO - [2022-11-11T14:31:24.269+0000] {dag.py:3340} INFO - Setting next_dagrun for example_subdag_operator.section-2 to None, run_after=None
[2022-11-11T14:31:24.287+0000] {processor.py:176} INFO - Processing /home/airflow/.local/lib/python3.7/site-packages/airflow/example_dags/example_subdag_operator.py took 0.372 seconds
[2022-11-11T14:31:55.223+0000] {processor.py:154} INFO - Started process (PID=582) to work on /home/airflow/.local/lib/python3.7/site-packages/airflow/example_dags/example_subdag_operator.py
[2022-11-11T14:31:55.224+0000] {processor.py:756} INFO - Processing file /home/airflow/.local/lib/python3.7/site-packages/airflow/example_dags/example_subdag_operator.py for tasks to queue
[2022-11-11T14:31:55.225+0000] {logging_mixin.py:120} INFO - [2022-11-11T14:31:55.225+0000] {dagbag.py:537} INFO - Filling up the DagBag from /home/airflow/.local/lib/python3.7/site-packages/airflow/example_dags/example_subdag_operator.py
[2022-11-11T14:31:55.271+0000] {processor.py:766} INFO - DAG(s) dict_keys(['example_subdag_operator.section-1', 'example_subdag_operator.section-2', 'example_subdag_operator']) retrieved from /home/airflow/.local/lib/python3.7/site-packages/airflow/example_dags/example_subdag_operator.py
[2022-11-11T14:31:55.508+0000] {logging_mixin.py:120} INFO - [2022-11-11T14:31:55.507+0000] {dag.py:2585} INFO - Sync 3 DAGs
[2022-11-11T14:31:55.541+0000] {logging_mixin.py:120} INFO - [2022-11-11T14:31:55.540+0000] {dag.py:3340} INFO - Setting next_dagrun for example_subdag_operator to 2022-01-01T00:00:00+00:00, run_after=2022-01-01T00:00:00+00:00
[2022-11-11T14:31:55.545+0000] {logging_mixin.py:120} INFO - [2022-11-11T14:31:55.544+0000] {dag.py:3340} INFO - Setting next_dagrun for example_subdag_operator.section-1 to None, run_after=None
[2022-11-11T14:31:55.546+0000] {logging_mixin.py:120} INFO - [2022-11-11T14:31:55.546+0000] {dag.py:3340} INFO - Setting next_dagrun for example_subdag_operator.section-2 to None, run_after=None
[2022-11-11T14:31:55.556+0000] {logging_mixin.py:120} INFO - [2022-11-11T14:31:55.556+0000] {dag.py:2585} INFO - Sync 2 DAGs
[2022-11-11T14:31:55.563+0000] {logging_mixin.py:120} INFO - [2022-11-11T14:31:55.563+0000] {dag.py:3340} INFO - Setting next_dagrun for example_subdag_operator.section-1 to None, run_after=None
[2022-11-11T14:31:55.563+0000] {logging_mixin.py:120} INFO - [2022-11-11T14:31:55.563+0000] {dag.py:3340} INFO - Setting next_dagrun for example_subdag_operator.section-2 to None, run_after=None
[2022-11-11T14:31:55.577+0000] {processor.py:176} INFO - Processing /home/airflow/.local/lib/python3.7/site-packages/airflow/example_dags/example_subdag_operator.py took 0.361 seconds
[2022-11-11T14:32:25.892+0000] {processor.py:154} INFO - Started process (PID=639) to work on /home/airflow/.local/lib/python3.7/site-packages/airflow/example_dags/example_subdag_operator.py
[2022-11-11T14:32:25.893+0000] {processor.py:756} INFO - Processing file /home/airflow/.local/lib/python3.7/site-packages/airflow/example_dags/example_subdag_operator.py for tasks to queue
[2022-11-11T14:32:25.894+0000] {logging_mixin.py:120} INFO - [2022-11-11T14:32:25.893+0000] {dagbag.py:537} INFO - Filling up the DagBag from /home/airflow/.local/lib/python3.7/site-packages/airflow/example_dags/example_subdag_operator.py
[2022-11-11T14:32:25.940+0000] {processor.py:766} INFO - DAG(s) dict_keys(['example_subdag_operator.section-1', 'example_subdag_operator.section-2', 'example_subdag_operator']) retrieved from /home/airflow/.local/lib/python3.7/site-packages/airflow/example_dags/example_subdag_operator.py
[2022-11-11T14:32:26.172+0000] {logging_mixin.py:120} INFO - [2022-11-11T14:32:26.171+0000] {dag.py:2585} INFO - Sync 3 DAGs
[2022-11-11T14:32:26.204+0000] {logging_mixin.py:120} INFO - [2022-11-11T14:32:26.204+0000] {dag.py:3340} INFO - Setting next_dagrun for example_subdag_operator to 2022-01-01T00:00:00+00:00, run_after=2022-01-01T00:00:00+00:00
[2022-11-11T14:32:26.208+0000] {logging_mixin.py:120} INFO - [2022-11-11T14:32:26.208+0000] {dag.py:3340} INFO - Setting next_dagrun for example_subdag_operator.section-1 to None, run_after=None
[2022-11-11T14:32:26.209+0000] {logging_mixin.py:120} INFO - [2022-11-11T14:32:26.209+0000] {dag.py:3340} INFO - Setting next_dagrun for example_subdag_operator.section-2 to None, run_after=None
[2022-11-11T14:32:26.218+0000] {logging_mixin.py:120} INFO - [2022-11-11T14:32:26.218+0000] {dag.py:2585} INFO - Sync 2 DAGs
[2022-11-11T14:32:26.224+0000] {logging_mixin.py:120} INFO - [2022-11-11T14:32:26.224+0000] {dag.py:3340} INFO - Setting next_dagrun for example_subdag_operator.section-1 to None, run_after=None
[2022-11-11T14:32:26.224+0000] {logging_mixin.py:120} INFO - [2022-11-11T14:32:26.224+0000] {dag.py:3340} INFO - Setting next_dagrun for example_subdag_operator.section-2 to None, run_after=None
[2022-11-11T14:32:26.238+0000] {processor.py:176} INFO - Processing /home/airflow/.local/lib/python3.7/site-packages/airflow/example_dags/example_subdag_operator.py took 0.352 seconds
[2022-11-11T14:32:56.382+0000] {processor.py:154} INFO - Started process (PID=695) to work on /home/airflow/.local/lib/python3.7/site-packages/airflow/example_dags/example_subdag_operator.py
[2022-11-11T14:32:56.384+0000] {processor.py:756} INFO - Processing file /home/airflow/.local/lib/python3.7/site-packages/airflow/example_dags/example_subdag_operator.py for tasks to queue
[2022-11-11T14:32:56.384+0000] {logging_mixin.py:120} INFO - [2022-11-11T14:32:56.384+0000] {dagbag.py:537} INFO - Filling up the DagBag from /home/airflow/.local/lib/python3.7/site-packages/airflow/example_dags/example_subdag_operator.py
[2022-11-11T14:32:56.431+0000] {processor.py:766} INFO - DAG(s) dict_keys(['example_subdag_operator.section-1', 'example_subdag_operator.section-2', 'example_subdag_operator']) retrieved from /home/airflow/.local/lib/python3.7/site-packages/airflow/example_dags/example_subdag_operator.py
[2022-11-11T14:32:56.668+0000] {logging_mixin.py:120} INFO - [2022-11-11T14:32:56.668+0000] {dag.py:2585} INFO - Sync 3 DAGs
[2022-11-11T14:32:56.702+0000] {logging_mixin.py:120} INFO - [2022-11-11T14:32:56.702+0000] {dag.py:3340} INFO - Setting next_dagrun for example_subdag_operator to 2022-01-01T00:00:00+00:00, run_after=2022-01-01T00:00:00+00:00
[2022-11-11T14:32:56.706+0000] {logging_mixin.py:120} INFO - [2022-11-11T14:32:56.706+0000] {dag.py:3340} INFO - Setting next_dagrun for example_subdag_operator.section-1 to None, run_after=None
[2022-11-11T14:32:56.708+0000] {logging_mixin.py:120} INFO - [2022-11-11T14:32:56.707+0000] {dag.py:3340} INFO - Setting next_dagrun for example_subdag_operator.section-2 to None, run_after=None
[2022-11-11T14:32:56.717+0000] {logging_mixin.py:120} INFO - [2022-11-11T14:32:56.717+0000] {dag.py:2585} INFO - Sync 2 DAGs
[2022-11-11T14:32:56.724+0000] {logging_mixin.py:120} INFO - [2022-11-11T14:32:56.724+0000] {dag.py:3340} INFO - Setting next_dagrun for example_subdag_operator.section-1 to None, run_after=None
[2022-11-11T14:32:56.724+0000] {logging_mixin.py:120} INFO - [2022-11-11T14:32:56.724+0000] {dag.py:3340} INFO - Setting next_dagrun for example_subdag_operator.section-2 to None, run_after=None
[2022-11-11T14:32:56.737+0000] {processor.py:176} INFO - Processing /home/airflow/.local/lib/python3.7/site-packages/airflow/example_dags/example_subdag_operator.py took 0.360 seconds
[2022-11-11T14:33:26.907+0000] {processor.py:154} INFO - Started process (PID=753) to work on /home/airflow/.local/lib/python3.7/site-packages/airflow/example_dags/example_subdag_operator.py
[2022-11-11T14:33:26.908+0000] {processor.py:756} INFO - Processing file /home/airflow/.local/lib/python3.7/site-packages/airflow/example_dags/example_subdag_operator.py for tasks to queue
[2022-11-11T14:33:26.909+0000] {logging_mixin.py:120} INFO - [2022-11-11T14:33:26.909+0000] {dagbag.py:537} INFO - Filling up the DagBag from /home/airflow/.local/lib/python3.7/site-packages/airflow/example_dags/example_subdag_operator.py
[2022-11-11T14:33:26.956+0000] {processor.py:766} INFO - DAG(s) dict_keys(['example_subdag_operator.section-1', 'example_subdag_operator.section-2', 'example_subdag_operator']) retrieved from /home/airflow/.local/lib/python3.7/site-packages/airflow/example_dags/example_subdag_operator.py
[2022-11-11T14:33:27.186+0000] {logging_mixin.py:120} INFO - [2022-11-11T14:33:27.185+0000] {dag.py:2585} INFO - Sync 3 DAGs
[2022-11-11T14:33:27.217+0000] {logging_mixin.py:120} INFO - [2022-11-11T14:33:27.217+0000] {dag.py:3340} INFO - Setting next_dagrun for example_subdag_operator to 2022-01-01T00:00:00+00:00, run_after=2022-01-01T00:00:00+00:00
[2022-11-11T14:33:27.221+0000] {logging_mixin.py:120} INFO - [2022-11-11T14:33:27.221+0000] {dag.py:3340} INFO - Setting next_dagrun for example_subdag_operator.section-1 to None, run_after=None
[2022-11-11T14:33:27.223+0000] {logging_mixin.py:120} INFO - [2022-11-11T14:33:27.223+0000] {dag.py:3340} INFO - Setting next_dagrun for example_subdag_operator.section-2 to None, run_after=None
[2022-11-11T14:33:27.231+0000] {logging_mixin.py:120} INFO - [2022-11-11T14:33:27.231+0000] {dag.py:2585} INFO - Sync 2 DAGs
[2022-11-11T14:33:27.237+0000] {logging_mixin.py:120} INFO - [2022-11-11T14:33:27.237+0000] {dag.py:3340} INFO - Setting next_dagrun for example_subdag_operator.section-1 to None, run_after=None
[2022-11-11T14:33:27.238+0000] {logging_mixin.py:120} INFO - [2022-11-11T14:33:27.238+0000] {dag.py:3340} INFO - Setting next_dagrun for example_subdag_operator.section-2 to None, run_after=None
[2022-11-11T14:33:27.252+0000] {processor.py:176} INFO - Processing /home/airflow/.local/lib/python3.7/site-packages/airflow/example_dags/example_subdag_operator.py took 0.350 seconds
[2022-11-11T14:33:57.579+0000] {processor.py:154} INFO - Started process (PID=809) to work on /home/airflow/.local/lib/python3.7/site-packages/airflow/example_dags/example_subdag_operator.py
[2022-11-11T14:33:57.580+0000] {processor.py:756} INFO - Processing file /home/airflow/.local/lib/python3.7/site-packages/airflow/example_dags/example_subdag_operator.py for tasks to queue
[2022-11-11T14:33:57.581+0000] {logging_mixin.py:120} INFO - [2022-11-11T14:33:57.581+0000] {dagbag.py:537} INFO - Filling up the DagBag from /home/airflow/.local/lib/python3.7/site-packages/airflow/example_dags/example_subdag_operator.py
[2022-11-11T14:33:57.626+0000] {processor.py:766} INFO - DAG(s) dict_keys(['example_subdag_operator.section-1', 'example_subdag_operator.section-2', 'example_subdag_operator']) retrieved from /home/airflow/.local/lib/python3.7/site-packages/airflow/example_dags/example_subdag_operator.py
[2022-11-11T14:33:57.874+0000] {logging_mixin.py:120} INFO - [2022-11-11T14:33:57.874+0000] {dag.py:2585} INFO - Sync 3 DAGs
[2022-11-11T14:33:57.906+0000] {logging_mixin.py:120} INFO - [2022-11-11T14:33:57.906+0000] {dag.py:3340} INFO - Setting next_dagrun for example_subdag_operator to 2022-01-01T00:00:00+00:00, run_after=2022-01-01T00:00:00+00:00
[2022-11-11T14:33:57.910+0000] {logging_mixin.py:120} INFO - [2022-11-11T14:33:57.910+0000] {dag.py:3340} INFO - Setting next_dagrun for example_subdag_operator.section-1 to None, run_after=None
[2022-11-11T14:33:57.912+0000] {logging_mixin.py:120} INFO - [2022-11-11T14:33:57.911+0000] {dag.py:3340} INFO - Setting next_dagrun for example_subdag_operator.section-2 to None, run_after=None
[2022-11-11T14:33:57.920+0000] {logging_mixin.py:120} INFO - [2022-11-11T14:33:57.920+0000] {dag.py:2585} INFO - Sync 2 DAGs
[2022-11-11T14:33:57.928+0000] {logging_mixin.py:120} INFO - [2022-11-11T14:33:57.927+0000] {dag.py:3340} INFO - Setting next_dagrun for example_subdag_operator.section-1 to None, run_after=None
[2022-11-11T14:33:57.928+0000] {logging_mixin.py:120} INFO - [2022-11-11T14:33:57.928+0000] {dag.py:3340} INFO - Setting next_dagrun for example_subdag_operator.section-2 to None, run_after=None
[2022-11-11T14:33:57.941+0000] {processor.py:176} INFO - Processing /home/airflow/.local/lib/python3.7/site-packages/airflow/example_dags/example_subdag_operator.py took 0.370 seconds
[2022-11-11T14:34:28.060+0000] {processor.py:154} INFO - Started process (PID=866) to work on /home/airflow/.local/lib/python3.7/site-packages/airflow/example_dags/example_subdag_operator.py
[2022-11-11T14:34:28.061+0000] {processor.py:756} INFO - Processing file /home/airflow/.local/lib/python3.7/site-packages/airflow/example_dags/example_subdag_operator.py for tasks to queue
[2022-11-11T14:34:28.062+0000] {logging_mixin.py:120} INFO - [2022-11-11T14:34:28.062+0000] {dagbag.py:537} INFO - Filling up the DagBag from /home/airflow/.local/lib/python3.7/site-packages/airflow/example_dags/example_subdag_operator.py
[2022-11-11T14:34:28.106+0000] {processor.py:766} INFO - DAG(s) dict_keys(['example_subdag_operator.section-1', 'example_subdag_operator.section-2', 'example_subdag_operator']) retrieved from /home/airflow/.local/lib/python3.7/site-packages/airflow/example_dags/example_subdag_operator.py
[2022-11-11T14:34:28.337+0000] {logging_mixin.py:120} INFO - [2022-11-11T14:34:28.337+0000] {dag.py:2585} INFO - Sync 3 DAGs
[2022-11-11T14:34:28.369+0000] {logging_mixin.py:120} INFO - [2022-11-11T14:34:28.368+0000] {dag.py:3340} INFO - Setting next_dagrun for example_subdag_operator to 2022-01-01T00:00:00+00:00, run_after=2022-01-01T00:00:00+00:00
[2022-11-11T14:34:28.373+0000] {logging_mixin.py:120} INFO - [2022-11-11T14:34:28.372+0000] {dag.py:3340} INFO - Setting next_dagrun for example_subdag_operator.section-1 to None, run_after=None
[2022-11-11T14:34:28.374+0000] {logging_mixin.py:120} INFO - [2022-11-11T14:34:28.374+0000] {dag.py:3340} INFO - Setting next_dagrun for example_subdag_operator.section-2 to None, run_after=None
[2022-11-11T14:34:28.382+0000] {logging_mixin.py:120} INFO - [2022-11-11T14:34:28.382+0000] {dag.py:2585} INFO - Sync 2 DAGs
[2022-11-11T14:34:28.389+0000] {logging_mixin.py:120} INFO - [2022-11-11T14:34:28.389+0000] {dag.py:3340} INFO - Setting next_dagrun for example_subdag_operator.section-1 to None, run_after=None
[2022-11-11T14:34:28.389+0000] {logging_mixin.py:120} INFO - [2022-11-11T14:34:28.389+0000] {dag.py:3340} INFO - Setting next_dagrun for example_subdag_operator.section-2 to None, run_after=None
[2022-11-11T14:34:28.402+0000] {processor.py:176} INFO - Processing /home/airflow/.local/lib/python3.7/site-packages/airflow/example_dags/example_subdag_operator.py took 0.347 seconds
[2022-11-11T14:34:58.696+0000] {processor.py:154} INFO - Started process (PID=923) to work on /home/airflow/.local/lib/python3.7/site-packages/airflow/example_dags/example_subdag_operator.py
[2022-11-11T14:34:58.697+0000] {processor.py:756} INFO - Processing file /home/airflow/.local/lib/python3.7/site-packages/airflow/example_dags/example_subdag_operator.py for tasks to queue
[2022-11-11T14:34:58.698+0000] {logging_mixin.py:120} INFO - [2022-11-11T14:34:58.698+0000] {dagbag.py:537} INFO - Filling up the DagBag from /home/airflow/.local/lib/python3.7/site-packages/airflow/example_dags/example_subdag_operator.py
[2022-11-11T14:34:58.745+0000] {processor.py:766} INFO - DAG(s) dict_keys(['example_subdag_operator.section-1', 'example_subdag_operator.section-2', 'example_subdag_operator']) retrieved from /home/airflow/.local/lib/python3.7/site-packages/airflow/example_dags/example_subdag_operator.py
[2022-11-11T14:34:58.974+0000] {logging_mixin.py:120} INFO - [2022-11-11T14:34:58.974+0000] {dag.py:2585} INFO - Sync 3 DAGs
[2022-11-11T14:34:59.007+0000] {logging_mixin.py:120} INFO - [2022-11-11T14:34:59.006+0000] {dag.py:3340} INFO - Setting next_dagrun for example_subdag_operator to 2022-01-01T00:00:00+00:00, run_after=2022-01-01T00:00:00+00:00
[2022-11-11T14:34:59.010+0000] {logging_mixin.py:120} INFO - [2022-11-11T14:34:59.010+0000] {dag.py:3340} INFO - Setting next_dagrun for example_subdag_operator.section-1 to None, run_after=None
[2022-11-11T14:34:59.012+0000] {logging_mixin.py:120} INFO - [2022-11-11T14:34:59.012+0000] {dag.py:3340} INFO - Setting next_dagrun for example_subdag_operator.section-2 to None, run_after=None
[2022-11-11T14:34:59.021+0000] {logging_mixin.py:120} INFO - [2022-11-11T14:34:59.020+0000] {dag.py:2585} INFO - Sync 2 DAGs
[2022-11-11T14:34:59.027+0000] {logging_mixin.py:120} INFO - [2022-11-11T14:34:59.027+0000] {dag.py:3340} INFO - Setting next_dagrun for example_subdag_operator.section-1 to None, run_after=None
[2022-11-11T14:34:59.027+0000] {logging_mixin.py:120} INFO - [2022-11-11T14:34:59.027+0000] {dag.py:3340} INFO - Setting next_dagrun for example_subdag_operator.section-2 to None, run_after=None
[2022-11-11T14:34:59.042+0000] {processor.py:176} INFO - Processing /home/airflow/.local/lib/python3.7/site-packages/airflow/example_dags/example_subdag_operator.py took 0.351 seconds
[2022-11-11T14:35:29.121+0000] {processor.py:154} INFO - Started process (PID=982) to work on /home/airflow/.local/lib/python3.7/site-packages/airflow/example_dags/example_subdag_operator.py
[2022-11-11T14:35:29.122+0000] {processor.py:756} INFO - Processing file /home/airflow/.local/lib/python3.7/site-packages/airflow/example_dags/example_subdag_operator.py for tasks to queue
[2022-11-11T14:35:29.123+0000] {logging_mixin.py:120} INFO - [2022-11-11T14:35:29.123+0000] {dagbag.py:537} INFO - Filling up the DagBag from /home/airflow/.local/lib/python3.7/site-packages/airflow/example_dags/example_subdag_operator.py
[2022-11-11T14:35:29.170+0000] {processor.py:766} INFO - DAG(s) dict_keys(['example_subdag_operator.section-1', 'example_subdag_operator.section-2', 'example_subdag_operator']) retrieved from /home/airflow/.local/lib/python3.7/site-packages/airflow/example_dags/example_subdag_operator.py
[2022-11-11T14:35:29.403+0000] {logging_mixin.py:120} INFO - [2022-11-11T14:35:29.403+0000] {dag.py:2585} INFO - Sync 3 DAGs
[2022-11-11T14:35:29.437+0000] {logging_mixin.py:120} INFO - [2022-11-11T14:35:29.437+0000] {dag.py:3340} INFO - Setting next_dagrun for example_subdag_operator to 2022-01-01T00:00:00+00:00, run_after=2022-01-01T00:00:00+00:00
[2022-11-11T14:35:29.441+0000] {logging_mixin.py:120} INFO - [2022-11-11T14:35:29.441+0000] {dag.py:3340} INFO - Setting next_dagrun for example_subdag_operator.section-1 to None, run_after=None
[2022-11-11T14:35:29.443+0000] {logging_mixin.py:120} INFO - [2022-11-11T14:35:29.442+0000] {dag.py:3340} INFO - Setting next_dagrun for example_subdag_operator.section-2 to None, run_after=None
[2022-11-11T14:35:29.452+0000] {logging_mixin.py:120} INFO - [2022-11-11T14:35:29.452+0000] {dag.py:2585} INFO - Sync 2 DAGs
[2022-11-11T14:35:29.458+0000] {logging_mixin.py:120} INFO - [2022-11-11T14:35:29.458+0000] {dag.py:3340} INFO - Setting next_dagrun for example_subdag_operator.section-1 to None, run_after=None
[2022-11-11T14:35:29.459+0000] {logging_mixin.py:120} INFO - [2022-11-11T14:35:29.459+0000] {dag.py:3340} INFO - Setting next_dagrun for example_subdag_operator.section-2 to None, run_after=None
[2022-11-11T14:35:29.473+0000] {processor.py:176} INFO - Processing /home/airflow/.local/lib/python3.7/site-packages/airflow/example_dags/example_subdag_operator.py took 0.360 seconds
[2022-11-11T14:35:59.599+0000] {processor.py:154} INFO - Started process (PID=1039) to work on /home/airflow/.local/lib/python3.7/site-packages/airflow/example_dags/example_subdag_operator.py
[2022-11-11T14:35:59.601+0000] {processor.py:756} INFO - Processing file /home/airflow/.local/lib/python3.7/site-packages/airflow/example_dags/example_subdag_operator.py for tasks to queue
[2022-11-11T14:35:59.602+0000] {logging_mixin.py:120} INFO - [2022-11-11T14:35:59.602+0000] {dagbag.py:537} INFO - Filling up the DagBag from /home/airflow/.local/lib/python3.7/site-packages/airflow/example_dags/example_subdag_operator.py
[2022-11-11T14:35:59.649+0000] {processor.py:766} INFO - DAG(s) dict_keys(['example_subdag_operator.section-1', 'example_subdag_operator.section-2', 'example_subdag_operator']) retrieved from /home/airflow/.local/lib/python3.7/site-packages/airflow/example_dags/example_subdag_operator.py
[2022-11-11T14:35:59.916+0000] {logging_mixin.py:120} INFO - [2022-11-11T14:35:59.915+0000] {dag.py:2585} INFO - Sync 3 DAGs
[2022-11-11T14:35:59.952+0000] {logging_mixin.py:120} INFO - [2022-11-11T14:35:59.952+0000] {dag.py:3340} INFO - Setting next_dagrun for example_subdag_operator to 2022-01-01T00:00:00+00:00, run_after=2022-01-01T00:00:00+00:00
[2022-11-11T14:35:59.957+0000] {logging_mixin.py:120} INFO - [2022-11-11T14:35:59.957+0000] {dag.py:3340} INFO - Setting next_dagrun for example_subdag_operator.section-1 to None, run_after=None
[2022-11-11T14:35:59.959+0000] {logging_mixin.py:120} INFO - [2022-11-11T14:35:59.959+0000] {dag.py:3340} INFO - Setting next_dagrun for example_subdag_operator.section-2 to None, run_after=None
[2022-11-11T14:35:59.968+0000] {logging_mixin.py:120} INFO - [2022-11-11T14:35:59.968+0000] {dag.py:2585} INFO - Sync 2 DAGs
[2022-11-11T14:35:59.976+0000] {logging_mixin.py:120} INFO - [2022-11-11T14:35:59.976+0000] {dag.py:3340} INFO - Setting next_dagrun for example_subdag_operator.section-1 to None, run_after=None
[2022-11-11T14:35:59.977+0000] {logging_mixin.py:120} INFO - [2022-11-11T14:35:59.977+0000] {dag.py:3340} INFO - Setting next_dagrun for example_subdag_operator.section-2 to None, run_after=None
[2022-11-11T14:35:59.993+0000] {processor.py:176} INFO - Processing /home/airflow/.local/lib/python3.7/site-packages/airflow/example_dags/example_subdag_operator.py took 0.400 seconds
[2022-11-11T14:36:30.104+0000] {processor.py:154} INFO - Started process (PID=1096) to work on /home/airflow/.local/lib/python3.7/site-packages/airflow/example_dags/example_subdag_operator.py
[2022-11-11T14:36:30.106+0000] {processor.py:756} INFO - Processing file /home/airflow/.local/lib/python3.7/site-packages/airflow/example_dags/example_subdag_operator.py for tasks to queue
[2022-11-11T14:36:30.107+0000] {logging_mixin.py:120} INFO - [2022-11-11T14:36:30.107+0000] {dagbag.py:537} INFO - Filling up the DagBag from /home/airflow/.local/lib/python3.7/site-packages/airflow/example_dags/example_subdag_operator.py
[2022-11-11T14:36:30.154+0000] {processor.py:766} INFO - DAG(s) dict_keys(['example_subdag_operator.section-1', 'example_subdag_operator.section-2', 'example_subdag_operator']) retrieved from /home/airflow/.local/lib/python3.7/site-packages/airflow/example_dags/example_subdag_operator.py
[2022-11-11T14:36:30.385+0000] {logging_mixin.py:120} INFO - [2022-11-11T14:36:30.385+0000] {dag.py:2585} INFO - Sync 3 DAGs
[2022-11-11T14:36:30.421+0000] {logging_mixin.py:120} INFO - [2022-11-11T14:36:30.420+0000] {dag.py:3340} INFO - Setting next_dagrun for example_subdag_operator to 2022-01-01T00:00:00+00:00, run_after=2022-01-01T00:00:00+00:00
[2022-11-11T14:36:30.425+0000] {logging_mixin.py:120} INFO - [2022-11-11T14:36:30.424+0000] {dag.py:3340} INFO - Setting next_dagrun for example_subdag_operator.section-1 to None, run_after=None
[2022-11-11T14:36:30.426+0000] {logging_mixin.py:120} INFO - [2022-11-11T14:36:30.426+0000] {dag.py:3340} INFO - Setting next_dagrun for example_subdag_operator.section-2 to None, run_after=None
[2022-11-11T14:36:30.435+0000] {logging_mixin.py:120} INFO - [2022-11-11T14:36:30.435+0000] {dag.py:2585} INFO - Sync 2 DAGs
[2022-11-11T14:36:30.442+0000] {logging_mixin.py:120} INFO - [2022-11-11T14:36:30.442+0000] {dag.py:3340} INFO - Setting next_dagrun for example_subdag_operator.section-1 to None, run_after=None
[2022-11-11T14:36:30.442+0000] {logging_mixin.py:120} INFO - [2022-11-11T14:36:30.442+0000] {dag.py:3340} INFO - Setting next_dagrun for example_subdag_operator.section-2 to None, run_after=None
[2022-11-11T14:36:30.456+0000] {processor.py:176} INFO - Processing /home/airflow/.local/lib/python3.7/site-packages/airflow/example_dags/example_subdag_operator.py took 0.357 seconds
[2022-11-11T14:37:00.795+0000] {processor.py:154} INFO - Started process (PID=1153) to work on /home/airflow/.local/lib/python3.7/site-packages/airflow/example_dags/example_subdag_operator.py
[2022-11-11T14:37:00.796+0000] {processor.py:756} INFO - Processing file /home/airflow/.local/lib/python3.7/site-packages/airflow/example_dags/example_subdag_operator.py for tasks to queue
[2022-11-11T14:37:00.797+0000] {logging_mixin.py:120} INFO - [2022-11-11T14:37:00.797+0000] {dagbag.py:537} INFO - Filling up the DagBag from /home/airflow/.local/lib/python3.7/site-packages/airflow/example_dags/example_subdag_operator.py
[2022-11-11T14:37:00.843+0000] {processor.py:766} INFO - DAG(s) dict_keys(['example_subdag_operator.section-1', 'example_subdag_operator.section-2', 'example_subdag_operator']) retrieved from /home/airflow/.local/lib/python3.7/site-packages/airflow/example_dags/example_subdag_operator.py
[2022-11-11T14:37:01.076+0000] {logging_mixin.py:120} INFO - [2022-11-11T14:37:01.076+0000] {dag.py:2585} INFO - Sync 3 DAGs
[2022-11-11T14:37:01.116+0000] {logging_mixin.py:120} INFO - [2022-11-11T14:37:01.116+0000] {dag.py:3340} INFO - Setting next_dagrun for example_subdag_operator to 2022-01-01T00:00:00+00:00, run_after=2022-01-01T00:00:00+00:00
[2022-11-11T14:37:01.120+0000] {logging_mixin.py:120} INFO - [2022-11-11T14:37:01.120+0000] {dag.py:3340} INFO - Setting next_dagrun for example_subdag_operator.section-1 to None, run_after=None
[2022-11-11T14:37:01.121+0000] {logging_mixin.py:120} INFO - [2022-11-11T14:37:01.121+0000] {dag.py:3340} INFO - Setting next_dagrun for example_subdag_operator.section-2 to None, run_after=None
[2022-11-11T14:37:01.130+0000] {logging_mixin.py:120} INFO - [2022-11-11T14:37:01.130+0000] {dag.py:2585} INFO - Sync 2 DAGs
[2022-11-11T14:37:01.137+0000] {logging_mixin.py:120} INFO - [2022-11-11T14:37:01.137+0000] {dag.py:3340} INFO - Setting next_dagrun for example_subdag_operator.section-1 to None, run_after=None
[2022-11-11T14:37:01.137+0000] {logging_mixin.py:120} INFO - [2022-11-11T14:37:01.137+0000] {dag.py:3340} INFO - Setting next_dagrun for example_subdag_operator.section-2 to None, run_after=None
[2022-11-11T14:37:01.153+0000] {processor.py:176} INFO - Processing /home/airflow/.local/lib/python3.7/site-packages/airflow/example_dags/example_subdag_operator.py took 0.364 seconds
[2022-11-11T14:37:31.303+0000] {processor.py:154} INFO - Started process (PID=1211) to work on /home/airflow/.local/lib/python3.7/site-packages/airflow/example_dags/example_subdag_operator.py
[2022-11-11T14:37:31.305+0000] {processor.py:756} INFO - Processing file /home/airflow/.local/lib/python3.7/site-packages/airflow/example_dags/example_subdag_operator.py for tasks to queue
[2022-11-11T14:37:31.305+0000] {logging_mixin.py:120} INFO - [2022-11-11T14:37:31.305+0000] {dagbag.py:537} INFO - Filling up the DagBag from /home/airflow/.local/lib/python3.7/site-packages/airflow/example_dags/example_subdag_operator.py
[2022-11-11T14:37:31.353+0000] {processor.py:766} INFO - DAG(s) dict_keys(['example_subdag_operator.section-1', 'example_subdag_operator.section-2', 'example_subdag_operator']) retrieved from /home/airflow/.local/lib/python3.7/site-packages/airflow/example_dags/example_subdag_operator.py
[2022-11-11T14:37:31.585+0000] {logging_mixin.py:120} INFO - [2022-11-11T14:37:31.584+0000] {dag.py:2585} INFO - Sync 3 DAGs
[2022-11-11T14:37:31.617+0000] {logging_mixin.py:120} INFO - [2022-11-11T14:37:31.616+0000] {dag.py:3340} INFO - Setting next_dagrun for example_subdag_operator to 2022-01-01T00:00:00+00:00, run_after=2022-01-01T00:00:00+00:00
[2022-11-11T14:37:31.621+0000] {logging_mixin.py:120} INFO - [2022-11-11T14:37:31.621+0000] {dag.py:3340} INFO - Setting next_dagrun for example_subdag_operator.section-1 to None, run_after=None
[2022-11-11T14:37:31.622+0000] {logging_mixin.py:120} INFO - [2022-11-11T14:37:31.622+0000] {dag.py:3340} INFO - Setting next_dagrun for example_subdag_operator.section-2 to None, run_after=None
[2022-11-11T14:37:31.631+0000] {logging_mixin.py:120} INFO - [2022-11-11T14:37:31.631+0000] {dag.py:2585} INFO - Sync 2 DAGs
[2022-11-11T14:37:31.637+0000] {logging_mixin.py:120} INFO - [2022-11-11T14:37:31.637+0000] {dag.py:3340} INFO - Setting next_dagrun for example_subdag_operator.section-1 to None, run_after=None
[2022-11-11T14:37:31.637+0000] {logging_mixin.py:120} INFO - [2022-11-11T14:37:31.637+0000] {dag.py:3340} INFO - Setting next_dagrun for example_subdag_operator.section-2 to None, run_after=None
[2022-11-11T14:37:31.650+0000] {processor.py:176} INFO - Processing /home/airflow/.local/lib/python3.7/site-packages/airflow/example_dags/example_subdag_operator.py took 0.352 seconds
[2022-11-11T14:38:01.889+0000] {processor.py:154} INFO - Started process (PID=1269) to work on /home/airflow/.local/lib/python3.7/site-packages/airflow/example_dags/example_subdag_operator.py
[2022-11-11T14:38:01.890+0000] {processor.py:756} INFO - Processing file /home/airflow/.local/lib/python3.7/site-packages/airflow/example_dags/example_subdag_operator.py for tasks to queue
[2022-11-11T14:38:01.891+0000] {logging_mixin.py:120} INFO - [2022-11-11T14:38:01.891+0000] {dagbag.py:537} INFO - Filling up the DagBag from /home/airflow/.local/lib/python3.7/site-packages/airflow/example_dags/example_subdag_operator.py
[2022-11-11T14:38:01.937+0000] {processor.py:766} INFO - DAG(s) dict_keys(['example_subdag_operator.section-1', 'example_subdag_operator.section-2', 'example_subdag_operator']) retrieved from /home/airflow/.local/lib/python3.7/site-packages/airflow/example_dags/example_subdag_operator.py
[2022-11-11T14:38:02.171+0000] {logging_mixin.py:120} INFO - [2022-11-11T14:38:02.170+0000] {dag.py:2585} INFO - Sync 3 DAGs
[2022-11-11T14:38:02.206+0000] {logging_mixin.py:120} INFO - [2022-11-11T14:38:02.206+0000] {dag.py:3340} INFO - Setting next_dagrun for example_subdag_operator to 2022-01-01T00:00:00+00:00, run_after=2022-01-01T00:00:00+00:00
[2022-11-11T14:38:02.211+0000] {logging_mixin.py:120} INFO - [2022-11-11T14:38:02.211+0000] {dag.py:3340} INFO - Setting next_dagrun for example_subdag_operator.section-1 to None, run_after=None
[2022-11-11T14:38:02.212+0000] {logging_mixin.py:120} INFO - [2022-11-11T14:38:02.212+0000] {dag.py:3340} INFO - Setting next_dagrun for example_subdag_operator.section-2 to None, run_after=None
[2022-11-11T14:38:02.222+0000] {logging_mixin.py:120} INFO - [2022-11-11T14:38:02.222+0000] {dag.py:2585} INFO - Sync 2 DAGs
[2022-11-11T14:38:02.229+0000] {logging_mixin.py:120} INFO - [2022-11-11T14:38:02.229+0000] {dag.py:3340} INFO - Setting next_dagrun for example_subdag_operator.section-1 to None, run_after=None
[2022-11-11T14:38:02.229+0000] {logging_mixin.py:120} INFO - [2022-11-11T14:38:02.229+0000] {dag.py:3340} INFO - Setting next_dagrun for example_subdag_operator.section-2 to None, run_after=None
[2022-11-11T14:38:02.244+0000] {processor.py:176} INFO - Processing /home/airflow/.local/lib/python3.7/site-packages/airflow/example_dags/example_subdag_operator.py took 0.361 seconds
[2022-11-11T14:38:32.421+0000] {processor.py:154} INFO - Started process (PID=1328) to work on /home/airflow/.local/lib/python3.7/site-packages/airflow/example_dags/example_subdag_operator.py
[2022-11-11T14:38:32.422+0000] {processor.py:756} INFO - Processing file /home/airflow/.local/lib/python3.7/site-packages/airflow/example_dags/example_subdag_operator.py for tasks to queue
[2022-11-11T14:38:32.423+0000] {logging_mixin.py:120} INFO - [2022-11-11T14:38:32.423+0000] {dagbag.py:537} INFO - Filling up the DagBag from /home/airflow/.local/lib/python3.7/site-packages/airflow/example_dags/example_subdag_operator.py
[2022-11-11T14:38:32.467+0000] {processor.py:766} INFO - DAG(s) dict_keys(['example_subdag_operator.section-1', 'example_subdag_operator.section-2', 'example_subdag_operator']) retrieved from /home/airflow/.local/lib/python3.7/site-packages/airflow/example_dags/example_subdag_operator.py
[2022-11-11T14:38:32.710+0000] {logging_mixin.py:120} INFO - [2022-11-11T14:38:32.709+0000] {dag.py:2585} INFO - Sync 3 DAGs
[2022-11-11T14:38:32.743+0000] {logging_mixin.py:120} INFO - [2022-11-11T14:38:32.743+0000] {dag.py:3340} INFO - Setting next_dagrun for example_subdag_operator to 2022-01-01T00:00:00+00:00, run_after=2022-01-01T00:00:00+00:00
[2022-11-11T14:38:32.747+0000] {logging_mixin.py:120} INFO - [2022-11-11T14:38:32.747+0000] {dag.py:3340} INFO - Setting next_dagrun for example_subdag_operator.section-1 to None, run_after=None
[2022-11-11T14:38:32.748+0000] {logging_mixin.py:120} INFO - [2022-11-11T14:38:32.748+0000] {dag.py:3340} INFO - Setting next_dagrun for example_subdag_operator.section-2 to None, run_after=None
[2022-11-11T14:38:32.757+0000] {logging_mixin.py:120} INFO - [2022-11-11T14:38:32.757+0000] {dag.py:2585} INFO - Sync 2 DAGs
[2022-11-11T14:38:32.764+0000] {logging_mixin.py:120} INFO - [2022-11-11T14:38:32.764+0000] {dag.py:3340} INFO - Setting next_dagrun for example_subdag_operator.section-1 to None, run_after=None
[2022-11-11T14:38:32.764+0000] {logging_mixin.py:120} INFO - [2022-11-11T14:38:32.764+0000] {dag.py:3340} INFO - Setting next_dagrun for example_subdag_operator.section-2 to None, run_after=None
[2022-11-11T14:38:32.778+0000] {processor.py:176} INFO - Processing /home/airflow/.local/lib/python3.7/site-packages/airflow/example_dags/example_subdag_operator.py took 0.362 seconds
[2022-11-11T14:39:02.934+0000] {processor.py:154} INFO - Started process (PID=1381) to work on /home/airflow/.local/lib/python3.7/site-packages/airflow/example_dags/example_subdag_operator.py
[2022-11-11T14:39:02.935+0000] {processor.py:756} INFO - Processing file /home/airflow/.local/lib/python3.7/site-packages/airflow/example_dags/example_subdag_operator.py for tasks to queue
[2022-11-11T14:39:02.937+0000] {logging_mixin.py:120} INFO - [2022-11-11T14:39:02.936+0000] {dagbag.py:537} INFO - Filling up the DagBag from /home/airflow/.local/lib/python3.7/site-packages/airflow/example_dags/example_subdag_operator.py
[2022-11-11T14:39:02.985+0000] {processor.py:766} INFO - DAG(s) dict_keys(['example_subdag_operator.section-1', 'example_subdag_operator.section-2', 'example_subdag_operator']) retrieved from /home/airflow/.local/lib/python3.7/site-packages/airflow/example_dags/example_subdag_operator.py
[2022-11-11T14:39:03.240+0000] {logging_mixin.py:120} INFO - [2022-11-11T14:39:03.240+0000] {dag.py:2585} INFO - Sync 3 DAGs
[2022-11-11T14:39:03.274+0000] {logging_mixin.py:120} INFO - [2022-11-11T14:39:03.274+0000] {dag.py:3340} INFO - Setting next_dagrun for example_subdag_operator to 2022-01-01T00:00:00+00:00, run_after=2022-01-01T00:00:00+00:00
[2022-11-11T14:39:03.278+0000] {logging_mixin.py:120} INFO - [2022-11-11T14:39:03.278+0000] {dag.py:3340} INFO - Setting next_dagrun for example_subdag_operator.section-1 to None, run_after=None
[2022-11-11T14:39:03.279+0000] {logging_mixin.py:120} INFO - [2022-11-11T14:39:03.279+0000] {dag.py:3340} INFO - Setting next_dagrun for example_subdag_operator.section-2 to None, run_after=None
[2022-11-11T14:39:03.288+0000] {logging_mixin.py:120} INFO - [2022-11-11T14:39:03.288+0000] {dag.py:2585} INFO - Sync 2 DAGs
[2022-11-11T14:39:03.295+0000] {logging_mixin.py:120} INFO - [2022-11-11T14:39:03.295+0000] {dag.py:3340} INFO - Setting next_dagrun for example_subdag_operator.section-1 to None, run_after=None
[2022-11-11T14:39:03.295+0000] {logging_mixin.py:120} INFO - [2022-11-11T14:39:03.295+0000] {dag.py:3340} INFO - Setting next_dagrun for example_subdag_operator.section-2 to None, run_after=None
[2022-11-11T14:39:03.309+0000] {processor.py:176} INFO - Processing /home/airflow/.local/lib/python3.7/site-packages/airflow/example_dags/example_subdag_operator.py took 0.381 seconds
[2022-11-11T14:39:33.596+0000] {processor.py:154} INFO - Started process (PID=1439) to work on /home/airflow/.local/lib/python3.7/site-packages/airflow/example_dags/example_subdag_operator.py
[2022-11-11T14:39:33.597+0000] {processor.py:756} INFO - Processing file /home/airflow/.local/lib/python3.7/site-packages/airflow/example_dags/example_subdag_operator.py for tasks to queue
[2022-11-11T14:39:33.598+0000] {logging_mixin.py:120} INFO - [2022-11-11T14:39:33.598+0000] {dagbag.py:537} INFO - Filling up the DagBag from /home/airflow/.local/lib/python3.7/site-packages/airflow/example_dags/example_subdag_operator.py
[2022-11-11T14:39:33.643+0000] {processor.py:766} INFO - DAG(s) dict_keys(['example_subdag_operator.section-1', 'example_subdag_operator.section-2', 'example_subdag_operator']) retrieved from /home/airflow/.local/lib/python3.7/site-packages/airflow/example_dags/example_subdag_operator.py
[2022-11-11T14:39:33.881+0000] {logging_mixin.py:120} INFO - [2022-11-11T14:39:33.881+0000] {dag.py:2585} INFO - Sync 3 DAGs
[2022-11-11T14:39:33.916+0000] {logging_mixin.py:120} INFO - [2022-11-11T14:39:33.916+0000] {dag.py:3340} INFO - Setting next_dagrun for example_subdag_operator to 2022-01-01T00:00:00+00:00, run_after=2022-01-01T00:00:00+00:00
[2022-11-11T14:39:33.922+0000] {logging_mixin.py:120} INFO - [2022-11-11T14:39:33.922+0000] {dag.py:3340} INFO - Setting next_dagrun for example_subdag_operator.section-1 to None, run_after=None
[2022-11-11T14:39:33.924+0000] {logging_mixin.py:120} INFO - [2022-11-11T14:39:33.923+0000] {dag.py:3340} INFO - Setting next_dagrun for example_subdag_operator.section-2 to None, run_after=None
[2022-11-11T14:39:33.934+0000] {logging_mixin.py:120} INFO - [2022-11-11T14:39:33.934+0000] {dag.py:2585} INFO - Sync 2 DAGs
[2022-11-11T14:39:33.941+0000] {logging_mixin.py:120} INFO - [2022-11-11T14:39:33.941+0000] {dag.py:3340} INFO - Setting next_dagrun for example_subdag_operator.section-1 to None, run_after=None
[2022-11-11T14:39:33.942+0000] {logging_mixin.py:120} INFO - [2022-11-11T14:39:33.941+0000] {dag.py:3340} INFO - Setting next_dagrun for example_subdag_operator.section-2 to None, run_after=None
[2022-11-11T14:39:33.956+0000] {processor.py:176} INFO - Processing /home/airflow/.local/lib/python3.7/site-packages/airflow/example_dags/example_subdag_operator.py took 0.367 seconds
[2022-11-11T14:40:04.298+0000] {processor.py:154} INFO - Started process (PID=1495) to work on /home/airflow/.local/lib/python3.7/site-packages/airflow/example_dags/example_subdag_operator.py
[2022-11-11T14:40:04.299+0000] {processor.py:756} INFO - Processing file /home/airflow/.local/lib/python3.7/site-packages/airflow/example_dags/example_subdag_operator.py for tasks to queue
[2022-11-11T14:40:04.300+0000] {logging_mixin.py:120} INFO - [2022-11-11T14:40:04.300+0000] {dagbag.py:537} INFO - Filling up the DagBag from /home/airflow/.local/lib/python3.7/site-packages/airflow/example_dags/example_subdag_operator.py
[2022-11-11T14:40:04.346+0000] {processor.py:766} INFO - DAG(s) dict_keys(['example_subdag_operator.section-1', 'example_subdag_operator.section-2', 'example_subdag_operator']) retrieved from /home/airflow/.local/lib/python3.7/site-packages/airflow/example_dags/example_subdag_operator.py
[2022-11-11T14:40:04.594+0000] {logging_mixin.py:120} INFO - [2022-11-11T14:40:04.594+0000] {dag.py:2585} INFO - Sync 3 DAGs
[2022-11-11T14:40:04.638+0000] {logging_mixin.py:120} INFO - [2022-11-11T14:40:04.638+0000] {dag.py:3340} INFO - Setting next_dagrun for example_subdag_operator to 2022-01-01T00:00:00+00:00, run_after=2022-01-01T00:00:00+00:00
[2022-11-11T14:40:04.645+0000] {logging_mixin.py:120} INFO - [2022-11-11T14:40:04.644+0000] {dag.py:3340} INFO - Setting next_dagrun for example_subdag_operator.section-1 to None, run_after=None
[2022-11-11T14:40:04.646+0000] {logging_mixin.py:120} INFO - [2022-11-11T14:40:04.646+0000] {dag.py:3340} INFO - Setting next_dagrun for example_subdag_operator.section-2 to None, run_after=None
[2022-11-11T14:40:04.659+0000] {logging_mixin.py:120} INFO - [2022-11-11T14:40:04.659+0000] {dag.py:2585} INFO - Sync 2 DAGs
[2022-11-11T14:40:04.673+0000] {logging_mixin.py:120} INFO - [2022-11-11T14:40:04.672+0000] {dag.py:3340} INFO - Setting next_dagrun for example_subdag_operator.section-1 to None, run_after=None
[2022-11-11T14:40:04.673+0000] {logging_mixin.py:120} INFO - [2022-11-11T14:40:04.673+0000] {dag.py:3340} INFO - Setting next_dagrun for example_subdag_operator.section-2 to None, run_after=None
[2022-11-11T14:40:04.687+0000] {processor.py:176} INFO - Processing /home/airflow/.local/lib/python3.7/site-packages/airflow/example_dags/example_subdag_operator.py took 0.395 seconds
[2022-11-11T14:40:34.768+0000] {processor.py:154} INFO - Started process (PID=1551) to work on /home/airflow/.local/lib/python3.7/site-packages/airflow/example_dags/example_subdag_operator.py
[2022-11-11T14:40:34.769+0000] {processor.py:756} INFO - Processing file /home/airflow/.local/lib/python3.7/site-packages/airflow/example_dags/example_subdag_operator.py for tasks to queue
[2022-11-11T14:40:34.770+0000] {logging_mixin.py:120} INFO - [2022-11-11T14:40:34.770+0000] {dagbag.py:537} INFO - Filling up the DagBag from /home/airflow/.local/lib/python3.7/site-packages/airflow/example_dags/example_subdag_operator.py
[2022-11-11T14:40:34.821+0000] {processor.py:766} INFO - DAG(s) dict_keys(['example_subdag_operator.section-1', 'example_subdag_operator.section-2', 'example_subdag_operator']) retrieved from /home/airflow/.local/lib/python3.7/site-packages/airflow/example_dags/example_subdag_operator.py
[2022-11-11T14:40:35.096+0000] {logging_mixin.py:120} INFO - [2022-11-11T14:40:35.095+0000] {dag.py:2585} INFO - Sync 3 DAGs
[2022-11-11T14:40:35.131+0000] {logging_mixin.py:120} INFO - [2022-11-11T14:40:35.130+0000] {dag.py:3340} INFO - Setting next_dagrun for example_subdag_operator to 2022-01-01T00:00:00+00:00, run_after=2022-01-01T00:00:00+00:00
[2022-11-11T14:40:35.135+0000] {logging_mixin.py:120} INFO - [2022-11-11T14:40:35.135+0000] {dag.py:3340} INFO - Setting next_dagrun for example_subdag_operator.section-1 to None, run_after=None
[2022-11-11T14:40:35.136+0000] {logging_mixin.py:120} INFO - [2022-11-11T14:40:35.136+0000] {dag.py:3340} INFO - Setting next_dagrun for example_subdag_operator.section-2 to None, run_after=None
[2022-11-11T14:40:35.145+0000] {logging_mixin.py:120} INFO - [2022-11-11T14:40:35.145+0000] {dag.py:2585} INFO - Sync 2 DAGs
[2022-11-11T14:40:35.152+0000] {logging_mixin.py:120} INFO - [2022-11-11T14:40:35.152+0000] {dag.py:3340} INFO - Setting next_dagrun for example_subdag_operator.section-1 to None, run_after=None
[2022-11-11T14:40:35.152+0000] {logging_mixin.py:120} INFO - [2022-11-11T14:40:35.152+0000] {dag.py:3340} INFO - Setting next_dagrun for example_subdag_operator.section-2 to None, run_after=None
[2022-11-11T14:40:35.166+0000] {processor.py:176} INFO - Processing /home/airflow/.local/lib/python3.7/site-packages/airflow/example_dags/example_subdag_operator.py took 0.407 seconds
[2022-11-11T14:41:05.341+0000] {processor.py:154} INFO - Started process (PID=1609) to work on /home/airflow/.local/lib/python3.7/site-packages/airflow/example_dags/example_subdag_operator.py
[2022-11-11T14:41:05.343+0000] {processor.py:756} INFO - Processing file /home/airflow/.local/lib/python3.7/site-packages/airflow/example_dags/example_subdag_operator.py for tasks to queue
[2022-11-11T14:41:05.344+0000] {logging_mixin.py:120} INFO - [2022-11-11T14:41:05.344+0000] {dagbag.py:537} INFO - Filling up the DagBag from /home/airflow/.local/lib/python3.7/site-packages/airflow/example_dags/example_subdag_operator.py
[2022-11-11T14:41:05.400+0000] {processor.py:766} INFO - DAG(s) dict_keys(['example_subdag_operator.section-1', 'example_subdag_operator.section-2', 'example_subdag_operator']) retrieved from /home/airflow/.local/lib/python3.7/site-packages/airflow/example_dags/example_subdag_operator.py
[2022-11-11T14:41:05.647+0000] {logging_mixin.py:120} INFO - [2022-11-11T14:41:05.647+0000] {dag.py:2585} INFO - Sync 3 DAGs
[2022-11-11T14:41:05.682+0000] {logging_mixin.py:120} INFO - [2022-11-11T14:41:05.682+0000] {dag.py:3340} INFO - Setting next_dagrun for example_subdag_operator to 2022-01-01T00:00:00+00:00, run_after=2022-01-01T00:00:00+00:00
[2022-11-11T14:41:05.686+0000] {logging_mixin.py:120} INFO - [2022-11-11T14:41:05.686+0000] {dag.py:3340} INFO - Setting next_dagrun for example_subdag_operator.section-1 to None, run_after=None
[2022-11-11T14:41:05.687+0000] {logging_mixin.py:120} INFO - [2022-11-11T14:41:05.687+0000] {dag.py:3340} INFO - Setting next_dagrun for example_subdag_operator.section-2 to None, run_after=None
[2022-11-11T14:41:05.696+0000] {logging_mixin.py:120} INFO - [2022-11-11T14:41:05.696+0000] {dag.py:2585} INFO - Sync 2 DAGs
[2022-11-11T14:41:05.702+0000] {logging_mixin.py:120} INFO - [2022-11-11T14:41:05.702+0000] {dag.py:3340} INFO - Setting next_dagrun for example_subdag_operator.section-1 to None, run_after=None
[2022-11-11T14:41:05.703+0000] {logging_mixin.py:120} INFO - [2022-11-11T14:41:05.703+0000] {dag.py:3340} INFO - Setting next_dagrun for example_subdag_operator.section-2 to None, run_after=None
[2022-11-11T14:41:05.716+0000] {processor.py:176} INFO - Processing /home/airflow/.local/lib/python3.7/site-packages/airflow/example_dags/example_subdag_operator.py took 0.381 seconds
[2022-11-11T14:41:35.898+0000] {processor.py:154} INFO - Started process (PID=1672) to work on /home/airflow/.local/lib/python3.7/site-packages/airflow/example_dags/example_subdag_operator.py
[2022-11-11T14:41:35.899+0000] {processor.py:756} INFO - Processing file /home/airflow/.local/lib/python3.7/site-packages/airflow/example_dags/example_subdag_operator.py for tasks to queue
[2022-11-11T14:41:35.900+0000] {logging_mixin.py:120} INFO - [2022-11-11T14:41:35.900+0000] {dagbag.py:537} INFO - Filling up the DagBag from /home/airflow/.local/lib/python3.7/site-packages/airflow/example_dags/example_subdag_operator.py
[2022-11-11T14:41:35.946+0000] {processor.py:766} INFO - DAG(s) dict_keys(['example_subdag_operator.section-1', 'example_subdag_operator.section-2', 'example_subdag_operator']) retrieved from /home/airflow/.local/lib/python3.7/site-packages/airflow/example_dags/example_subdag_operator.py
[2022-11-11T14:41:36.189+0000] {logging_mixin.py:120} INFO - [2022-11-11T14:41:36.189+0000] {dag.py:2585} INFO - Sync 3 DAGs
[2022-11-11T14:41:36.222+0000] {logging_mixin.py:120} INFO - [2022-11-11T14:41:36.222+0000] {dag.py:3340} INFO - Setting next_dagrun for example_subdag_operator to 2022-01-01T00:00:00+00:00, run_after=2022-01-01T00:00:00+00:00
[2022-11-11T14:41:36.226+0000] {logging_mixin.py:120} INFO - [2022-11-11T14:41:36.226+0000] {dag.py:3340} INFO - Setting next_dagrun for example_subdag_operator.section-1 to None, run_after=None
[2022-11-11T14:41:36.227+0000] {logging_mixin.py:120} INFO - [2022-11-11T14:41:36.227+0000] {dag.py:3340} INFO - Setting next_dagrun for example_subdag_operator.section-2 to None, run_after=None
[2022-11-11T14:41:36.236+0000] {logging_mixin.py:120} INFO - [2022-11-11T14:41:36.236+0000] {dag.py:2585} INFO - Sync 2 DAGs
[2022-11-11T14:41:36.243+0000] {logging_mixin.py:120} INFO - [2022-11-11T14:41:36.242+0000] {dag.py:3340} INFO - Setting next_dagrun for example_subdag_operator.section-1 to None, run_after=None
[2022-11-11T14:41:36.243+0000] {logging_mixin.py:120} INFO - [2022-11-11T14:41:36.243+0000] {dag.py:3340} INFO - Setting next_dagrun for example_subdag_operator.section-2 to None, run_after=None
[2022-11-11T14:41:36.265+0000] {processor.py:176} INFO - Processing /home/airflow/.local/lib/python3.7/site-packages/airflow/example_dags/example_subdag_operator.py took 0.373 seconds
[2022-11-11T14:42:06.487+0000] {processor.py:154} INFO - Started process (PID=1730) to work on /home/airflow/.local/lib/python3.7/site-packages/airflow/example_dags/example_subdag_operator.py
[2022-11-11T14:42:06.489+0000] {processor.py:756} INFO - Processing file /home/airflow/.local/lib/python3.7/site-packages/airflow/example_dags/example_subdag_operator.py for tasks to queue
[2022-11-11T14:42:06.491+0000] {logging_mixin.py:120} INFO - [2022-11-11T14:42:06.491+0000] {dagbag.py:537} INFO - Filling up the DagBag from /home/airflow/.local/lib/python3.7/site-packages/airflow/example_dags/example_subdag_operator.py
[2022-11-11T14:42:06.534+0000] {processor.py:766} INFO - DAG(s) dict_keys(['example_subdag_operator.section-1', 'example_subdag_operator.section-2', 'example_subdag_operator']) retrieved from /home/airflow/.local/lib/python3.7/site-packages/airflow/example_dags/example_subdag_operator.py
[2022-11-11T14:42:06.767+0000] {logging_mixin.py:120} INFO - [2022-11-11T14:42:06.767+0000] {dag.py:2585} INFO - Sync 3 DAGs
[2022-11-11T14:42:06.800+0000] {logging_mixin.py:120} INFO - [2022-11-11T14:42:06.800+0000] {dag.py:3340} INFO - Setting next_dagrun for example_subdag_operator to 2022-01-01T00:00:00+00:00, run_after=2022-01-01T00:00:00+00:00
[2022-11-11T14:42:06.804+0000] {logging_mixin.py:120} INFO - [2022-11-11T14:42:06.804+0000] {dag.py:3340} INFO - Setting next_dagrun for example_subdag_operator.section-1 to None, run_after=None
[2022-11-11T14:42:06.805+0000] {logging_mixin.py:120} INFO - [2022-11-11T14:42:06.805+0000] {dag.py:3340} INFO - Setting next_dagrun for example_subdag_operator.section-2 to None, run_after=None
[2022-11-11T14:42:06.814+0000] {logging_mixin.py:120} INFO - [2022-11-11T14:42:06.814+0000] {dag.py:2585} INFO - Sync 2 DAGs
[2022-11-11T14:42:06.820+0000] {logging_mixin.py:120} INFO - [2022-11-11T14:42:06.820+0000] {dag.py:3340} INFO - Setting next_dagrun for example_subdag_operator.section-1 to None, run_after=None
[2022-11-11T14:42:06.821+0000] {logging_mixin.py:120} INFO - [2022-11-11T14:42:06.821+0000] {dag.py:3340} INFO - Setting next_dagrun for example_subdag_operator.section-2 to None, run_after=None
[2022-11-11T14:42:06.833+0000] {processor.py:176} INFO - Processing /home/airflow/.local/lib/python3.7/site-packages/airflow/example_dags/example_subdag_operator.py took 0.351 seconds
[2022-11-11T14:42:36.973+0000] {processor.py:154} INFO - Started process (PID=1789) to work on /home/airflow/.local/lib/python3.7/site-packages/airflow/example_dags/example_subdag_operator.py
[2022-11-11T14:42:36.974+0000] {processor.py:756} INFO - Processing file /home/airflow/.local/lib/python3.7/site-packages/airflow/example_dags/example_subdag_operator.py for tasks to queue
[2022-11-11T14:42:36.975+0000] {logging_mixin.py:120} INFO - [2022-11-11T14:42:36.975+0000] {dagbag.py:537} INFO - Filling up the DagBag from /home/airflow/.local/lib/python3.7/site-packages/airflow/example_dags/example_subdag_operator.py
[2022-11-11T14:42:37.025+0000] {processor.py:766} INFO - DAG(s) dict_keys(['example_subdag_operator.section-1', 'example_subdag_operator.section-2', 'example_subdag_operator']) retrieved from /home/airflow/.local/lib/python3.7/site-packages/airflow/example_dags/example_subdag_operator.py
[2022-11-11T14:42:37.285+0000] {logging_mixin.py:120} INFO - [2022-11-11T14:42:37.285+0000] {dag.py:2585} INFO - Sync 3 DAGs
[2022-11-11T14:42:37.321+0000] {logging_mixin.py:120} INFO - [2022-11-11T14:42:37.321+0000] {dag.py:3340} INFO - Setting next_dagrun for example_subdag_operator to 2022-01-01T00:00:00+00:00, run_after=2022-01-01T00:00:00+00:00
[2022-11-11T14:42:37.325+0000] {logging_mixin.py:120} INFO - [2022-11-11T14:42:37.325+0000] {dag.py:3340} INFO - Setting next_dagrun for example_subdag_operator.section-1 to None, run_after=None
[2022-11-11T14:42:37.327+0000] {logging_mixin.py:120} INFO - [2022-11-11T14:42:37.326+0000] {dag.py:3340} INFO - Setting next_dagrun for example_subdag_operator.section-2 to None, run_after=None
[2022-11-11T14:42:37.336+0000] {logging_mixin.py:120} INFO - [2022-11-11T14:42:37.336+0000] {dag.py:2585} INFO - Sync 2 DAGs
[2022-11-11T14:42:37.343+0000] {logging_mixin.py:120} INFO - [2022-11-11T14:42:37.343+0000] {dag.py:3340} INFO - Setting next_dagrun for example_subdag_operator.section-1 to None, run_after=None
[2022-11-11T14:42:37.344+0000] {logging_mixin.py:120} INFO - [2022-11-11T14:42:37.344+0000] {dag.py:3340} INFO - Setting next_dagrun for example_subdag_operator.section-2 to None, run_after=None
[2022-11-11T14:42:37.358+0000] {processor.py:176} INFO - Processing /home/airflow/.local/lib/python3.7/site-packages/airflow/example_dags/example_subdag_operator.py took 0.390 seconds
[2022-11-11T14:43:07.484+0000] {processor.py:154} INFO - Started process (PID=1848) to work on /home/airflow/.local/lib/python3.7/site-packages/airflow/example_dags/example_subdag_operator.py
[2022-11-11T14:43:07.485+0000] {processor.py:756} INFO - Processing file /home/airflow/.local/lib/python3.7/site-packages/airflow/example_dags/example_subdag_operator.py for tasks to queue
[2022-11-11T14:43:07.486+0000] {logging_mixin.py:120} INFO - [2022-11-11T14:43:07.485+0000] {dagbag.py:537} INFO - Filling up the DagBag from /home/airflow/.local/lib/python3.7/site-packages/airflow/example_dags/example_subdag_operator.py
[2022-11-11T14:43:07.531+0000] {processor.py:766} INFO - DAG(s) dict_keys(['example_subdag_operator.section-1', 'example_subdag_operator.section-2', 'example_subdag_operator']) retrieved from /home/airflow/.local/lib/python3.7/site-packages/airflow/example_dags/example_subdag_operator.py
[2022-11-11T14:43:07.758+0000] {logging_mixin.py:120} INFO - [2022-11-11T14:43:07.758+0000] {dag.py:2585} INFO - Sync 3 DAGs
[2022-11-11T14:43:07.791+0000] {logging_mixin.py:120} INFO - [2022-11-11T14:43:07.791+0000] {dag.py:3340} INFO - Setting next_dagrun for example_subdag_operator to 2022-01-01T00:00:00+00:00, run_after=2022-01-01T00:00:00+00:00
[2022-11-11T14:43:07.795+0000] {logging_mixin.py:120} INFO - [2022-11-11T14:43:07.795+0000] {dag.py:3340} INFO - Setting next_dagrun for example_subdag_operator.section-1 to None, run_after=None
[2022-11-11T14:43:07.796+0000] {logging_mixin.py:120} INFO - [2022-11-11T14:43:07.796+0000] {dag.py:3340} INFO - Setting next_dagrun for example_subdag_operator.section-2 to None, run_after=None
[2022-11-11T14:43:07.805+0000] {logging_mixin.py:120} INFO - [2022-11-11T14:43:07.805+0000] {dag.py:2585} INFO - Sync 2 DAGs
[2022-11-11T14:43:07.811+0000] {logging_mixin.py:120} INFO - [2022-11-11T14:43:07.811+0000] {dag.py:3340} INFO - Setting next_dagrun for example_subdag_operator.section-1 to None, run_after=None
[2022-11-11T14:43:07.811+0000] {logging_mixin.py:120} INFO - [2022-11-11T14:43:07.811+0000] {dag.py:3340} INFO - Setting next_dagrun for example_subdag_operator.section-2 to None, run_after=None
[2022-11-11T14:43:07.824+0000] {processor.py:176} INFO - Processing /home/airflow/.local/lib/python3.7/site-packages/airflow/example_dags/example_subdag_operator.py took 0.346 seconds
[2022-11-11T14:43:38.037+0000] {processor.py:154} INFO - Started process (PID=1903) to work on /home/airflow/.local/lib/python3.7/site-packages/airflow/example_dags/example_subdag_operator.py
[2022-11-11T14:43:38.039+0000] {processor.py:756} INFO - Processing file /home/airflow/.local/lib/python3.7/site-packages/airflow/example_dags/example_subdag_operator.py for tasks to queue
[2022-11-11T14:43:38.039+0000] {logging_mixin.py:120} INFO - [2022-11-11T14:43:38.039+0000] {dagbag.py:537} INFO - Filling up the DagBag from /home/airflow/.local/lib/python3.7/site-packages/airflow/example_dags/example_subdag_operator.py
[2022-11-11T14:43:38.085+0000] {processor.py:766} INFO - DAG(s) dict_keys(['example_subdag_operator.section-1', 'example_subdag_operator.section-2', 'example_subdag_operator']) retrieved from /home/airflow/.local/lib/python3.7/site-packages/airflow/example_dags/example_subdag_operator.py
[2022-11-11T14:43:38.316+0000] {logging_mixin.py:120} INFO - [2022-11-11T14:43:38.316+0000] {dag.py:2585} INFO - Sync 3 DAGs
[2022-11-11T14:43:38.355+0000] {logging_mixin.py:120} INFO - [2022-11-11T14:43:38.354+0000] {dag.py:3340} INFO - Setting next_dagrun for example_subdag_operator to 2022-01-01T00:00:00+00:00, run_after=2022-01-01T00:00:00+00:00
[2022-11-11T14:43:38.359+0000] {logging_mixin.py:120} INFO - [2022-11-11T14:43:38.359+0000] {dag.py:3340} INFO - Setting next_dagrun for example_subdag_operator.section-1 to None, run_after=None
[2022-11-11T14:43:38.361+0000] {logging_mixin.py:120} INFO - [2022-11-11T14:43:38.361+0000] {dag.py:3340} INFO - Setting next_dagrun for example_subdag_operator.section-2 to None, run_after=None
[2022-11-11T14:43:38.371+0000] {logging_mixin.py:120} INFO - [2022-11-11T14:43:38.371+0000] {dag.py:2585} INFO - Sync 2 DAGs
[2022-11-11T14:43:38.379+0000] {logging_mixin.py:120} INFO - [2022-11-11T14:43:38.379+0000] {dag.py:3340} INFO - Setting next_dagrun for example_subdag_operator.section-1 to None, run_after=None
[2022-11-11T14:43:38.379+0000] {logging_mixin.py:120} INFO - [2022-11-11T14:43:38.379+0000] {dag.py:3340} INFO - Setting next_dagrun for example_subdag_operator.section-2 to None, run_after=None
[2022-11-11T14:43:38.396+0000] {processor.py:176} INFO - Processing /home/airflow/.local/lib/python3.7/site-packages/airflow/example_dags/example_subdag_operator.py took 0.363 seconds
[2022-11-11T14:44:08.439+0000] {processor.py:154} INFO - Started process (PID=1960) to work on /home/airflow/.local/lib/python3.7/site-packages/airflow/example_dags/example_subdag_operator.py
[2022-11-11T14:44:08.440+0000] {processor.py:756} INFO - Processing file /home/airflow/.local/lib/python3.7/site-packages/airflow/example_dags/example_subdag_operator.py for tasks to queue
[2022-11-11T14:44:08.441+0000] {logging_mixin.py:120} INFO - [2022-11-11T14:44:08.440+0000] {dagbag.py:537} INFO - Filling up the DagBag from /home/airflow/.local/lib/python3.7/site-packages/airflow/example_dags/example_subdag_operator.py
[2022-11-11T14:44:08.489+0000] {processor.py:766} INFO - DAG(s) dict_keys(['example_subdag_operator.section-1', 'example_subdag_operator.section-2', 'example_subdag_operator']) retrieved from /home/airflow/.local/lib/python3.7/site-packages/airflow/example_dags/example_subdag_operator.py
[2022-11-11T14:44:08.747+0000] {logging_mixin.py:120} INFO - [2022-11-11T14:44:08.747+0000] {dag.py:2585} INFO - Sync 3 DAGs
[2022-11-11T14:44:08.780+0000] {logging_mixin.py:120} INFO - [2022-11-11T14:44:08.779+0000] {dag.py:3340} INFO - Setting next_dagrun for example_subdag_operator to 2022-01-01T00:00:00+00:00, run_after=2022-01-01T00:00:00+00:00
[2022-11-11T14:44:08.783+0000] {logging_mixin.py:120} INFO - [2022-11-11T14:44:08.783+0000] {dag.py:3340} INFO - Setting next_dagrun for example_subdag_operator.section-1 to None, run_after=None
[2022-11-11T14:44:08.785+0000] {logging_mixin.py:120} INFO - [2022-11-11T14:44:08.785+0000] {dag.py:3340} INFO - Setting next_dagrun for example_subdag_operator.section-2 to None, run_after=None
[2022-11-11T14:44:08.794+0000] {logging_mixin.py:120} INFO - [2022-11-11T14:44:08.793+0000] {dag.py:2585} INFO - Sync 2 DAGs
[2022-11-11T14:44:08.800+0000] {logging_mixin.py:120} INFO - [2022-11-11T14:44:08.800+0000] {dag.py:3340} INFO - Setting next_dagrun for example_subdag_operator.section-1 to None, run_after=None
[2022-11-11T14:44:08.800+0000] {logging_mixin.py:120} INFO - [2022-11-11T14:44:08.800+0000] {dag.py:3340} INFO - Setting next_dagrun for example_subdag_operator.section-2 to None, run_after=None
[2022-11-11T14:44:08.813+0000] {processor.py:176} INFO - Processing /home/airflow/.local/lib/python3.7/site-packages/airflow/example_dags/example_subdag_operator.py took 0.381 seconds
