[2022-11-11T14:18:09.387+0000] {processor.py:154} INFO - Started process (PID=73) to work on /home/airflow/.local/lib/python3.7/site-packages/airflow/example_dags/example_branch_datetime_operator.py
[2022-11-11T14:18:09.389+0000] {processor.py:756} INFO - Processing file /home/airflow/.local/lib/python3.7/site-packages/airflow/example_dags/example_branch_datetime_operator.py for tasks to queue
[2022-11-11T14:18:09.389+0000] {logging_mixin.py:120} INFO - [2022-11-11T14:18:09.389+0000] {dagbag.py:537} INFO - Filling up the DagBag from /home/airflow/.local/lib/python3.7/site-packages/airflow/example_dags/example_branch_datetime_operator.py
[2022-11-11T14:18:09.421+0000] {processor.py:766} INFO - DAG(s) dict_keys(['example_branch_datetime_operator_2', 'example_branch_datetime_operator_3', 'example_branch_datetime_operator']) retrieved from /home/airflow/.local/lib/python3.7/site-packages/airflow/example_dags/example_branch_datetime_operator.py
[2022-11-11T14:18:09.639+0000] {logging_mixin.py:120} INFO - [2022-11-11T14:18:09.639+0000] {manager.py:507} INFO - Created Permission View: can read on DAG:example_branch_datetime_operator_2
[2022-11-11T14:18:09.652+0000] {logging_mixin.py:120} INFO - [2022-11-11T14:18:09.652+0000] {manager.py:507} INFO - Created Permission View: can edit on DAG:example_branch_datetime_operator_2
[2022-11-11T14:18:09.663+0000] {logging_mixin.py:120} INFO - [2022-11-11T14:18:09.662+0000] {manager.py:507} INFO - Created Permission View: can delete on DAG:example_branch_datetime_operator_2
[2022-11-11T14:18:09.685+0000] {logging_mixin.py:120} INFO - [2022-11-11T14:18:09.684+0000] {manager.py:507} INFO - Created Permission View: can read on DAG:example_branch_datetime_operator_3
[2022-11-11T14:18:09.694+0000] {logging_mixin.py:120} INFO - [2022-11-11T14:18:09.694+0000] {manager.py:507} INFO - Created Permission View: can edit on DAG:example_branch_datetime_operator_3
[2022-11-11T14:18:09.704+0000] {logging_mixin.py:120} INFO - [2022-11-11T14:18:09.704+0000] {manager.py:507} INFO - Created Permission View: can delete on DAG:example_branch_datetime_operator_3
[2022-11-11T14:18:09.730+0000] {logging_mixin.py:120} INFO - [2022-11-11T14:18:09.729+0000] {manager.py:507} INFO - Created Permission View: can read on DAG:example_branch_datetime_operator
[2022-11-11T14:18:09.742+0000] {logging_mixin.py:120} INFO - [2022-11-11T14:18:09.742+0000] {manager.py:507} INFO - Created Permission View: can edit on DAG:example_branch_datetime_operator
[2022-11-11T14:18:09.755+0000] {logging_mixin.py:120} INFO - [2022-11-11T14:18:09.755+0000] {manager.py:507} INFO - Created Permission View: can delete on DAG:example_branch_datetime_operator
[2022-11-11T14:18:09.755+0000] {logging_mixin.py:120} INFO - [2022-11-11T14:18:09.755+0000] {dag.py:2585} INFO - Sync 3 DAGs
[2022-11-11T14:18:09.785+0000] {logging_mixin.py:120} INFO - [2022-11-11T14:18:09.784+0000] {dag.py:2606} INFO - Creating ORM DAG for example_branch_datetime_operator_2
[2022-11-11T14:18:09.786+0000] {logging_mixin.py:120} INFO - [2022-11-11T14:18:09.785+0000] {dag.py:2606} INFO - Creating ORM DAG for example_branch_datetime_operator
[2022-11-11T14:18:09.786+0000] {logging_mixin.py:120} INFO - [2022-11-11T14:18:09.786+0000] {dag.py:2606} INFO - Creating ORM DAG for example_branch_datetime_operator_3
[2022-11-11T14:18:09.814+0000] {logging_mixin.py:120} INFO - [2022-11-11T14:18:09.814+0000] {dag.py:3340} INFO - Setting next_dagrun for example_branch_datetime_operator to 2022-11-10T00:00:00+00:00, run_after=2022-11-11T00:00:00+00:00
[2022-11-11T14:18:09.818+0000] {logging_mixin.py:120} INFO - [2022-11-11T14:18:09.817+0000] {dag.py:3340} INFO - Setting next_dagrun for example_branch_datetime_operator_2 to 2022-11-10T00:00:00+00:00, run_after=2022-11-11T00:00:00+00:00
[2022-11-11T14:18:09.821+0000] {logging_mixin.py:120} INFO - [2022-11-11T14:18:09.821+0000] {dag.py:3340} INFO - Setting next_dagrun for example_branch_datetime_operator_3 to 2022-11-10T00:00:00+00:00, run_after=2022-11-11T00:00:00+00:00
[2022-11-11T14:18:09.861+0000] {processor.py:176} INFO - Processing /home/airflow/.local/lib/python3.7/site-packages/airflow/example_dags/example_branch_datetime_operator.py took 0.480 seconds
[2022-11-11T14:18:40.696+0000] {processor.py:154} INFO - Started process (PID=137) to work on /home/airflow/.local/lib/python3.7/site-packages/airflow/example_dags/example_branch_datetime_operator.py
[2022-11-11T14:18:40.698+0000] {processor.py:756} INFO - Processing file /home/airflow/.local/lib/python3.7/site-packages/airflow/example_dags/example_branch_datetime_operator.py for tasks to queue
[2022-11-11T14:18:40.699+0000] {logging_mixin.py:120} INFO - [2022-11-11T14:18:40.699+0000] {dagbag.py:537} INFO - Filling up the DagBag from /home/airflow/.local/lib/python3.7/site-packages/airflow/example_dags/example_branch_datetime_operator.py
[2022-11-11T14:18:40.729+0000] {processor.py:766} INFO - DAG(s) dict_keys(['example_branch_datetime_operator_3', 'example_branch_datetime_operator_2', 'example_branch_datetime_operator']) retrieved from /home/airflow/.local/lib/python3.7/site-packages/airflow/example_dags/example_branch_datetime_operator.py
[2022-11-11T14:18:40.797+0000] {logging_mixin.py:120} INFO - [2022-11-11T14:18:40.797+0000] {dag.py:2585} INFO - Sync 3 DAGs
[2022-11-11T14:18:40.837+0000] {logging_mixin.py:120} INFO - [2022-11-11T14:18:40.837+0000] {dag.py:3340} INFO - Setting next_dagrun for example_branch_datetime_operator to 2022-11-10T00:00:00+00:00, run_after=2022-11-11T00:00:00+00:00
[2022-11-11T14:18:40.844+0000] {logging_mixin.py:120} INFO - [2022-11-11T14:18:40.843+0000] {dag.py:3340} INFO - Setting next_dagrun for example_branch_datetime_operator_2 to 2022-11-10T00:00:00+00:00, run_after=2022-11-11T00:00:00+00:00
[2022-11-11T14:18:40.847+0000] {logging_mixin.py:120} INFO - [2022-11-11T14:18:40.847+0000] {dag.py:3340} INFO - Setting next_dagrun for example_branch_datetime_operator_3 to 2022-11-10T00:00:00+00:00, run_after=2022-11-11T00:00:00+00:00
[2022-11-11T14:18:40.901+0000] {processor.py:176} INFO - Processing /home/airflow/.local/lib/python3.7/site-packages/airflow/example_dags/example_branch_datetime_operator.py took 0.212 seconds
[2022-11-11T14:19:11.162+0000] {processor.py:154} INFO - Started process (PID=195) to work on /home/airflow/.local/lib/python3.7/site-packages/airflow/example_dags/example_branch_datetime_operator.py
[2022-11-11T14:19:11.163+0000] {processor.py:756} INFO - Processing file /home/airflow/.local/lib/python3.7/site-packages/airflow/example_dags/example_branch_datetime_operator.py for tasks to queue
[2022-11-11T14:19:11.164+0000] {logging_mixin.py:120} INFO - [2022-11-11T14:19:11.164+0000] {dagbag.py:537} INFO - Filling up the DagBag from /home/airflow/.local/lib/python3.7/site-packages/airflow/example_dags/example_branch_datetime_operator.py
[2022-11-11T14:19:11.191+0000] {processor.py:766} INFO - DAG(s) dict_keys(['example_branch_datetime_operator_3', 'example_branch_datetime_operator_2', 'example_branch_datetime_operator']) retrieved from /home/airflow/.local/lib/python3.7/site-packages/airflow/example_dags/example_branch_datetime_operator.py
[2022-11-11T14:19:11.264+0000] {logging_mixin.py:120} INFO - [2022-11-11T14:19:11.264+0000] {dag.py:2585} INFO - Sync 3 DAGs
[2022-11-11T14:19:11.312+0000] {logging_mixin.py:120} INFO - [2022-11-11T14:19:11.312+0000] {dag.py:3340} INFO - Setting next_dagrun for example_branch_datetime_operator to 2022-11-10T00:00:00+00:00, run_after=2022-11-11T00:00:00+00:00
[2022-11-11T14:19:11.319+0000] {logging_mixin.py:120} INFO - [2022-11-11T14:19:11.318+0000] {dag.py:3340} INFO - Setting next_dagrun for example_branch_datetime_operator_2 to 2022-11-10T00:00:00+00:00, run_after=2022-11-11T00:00:00+00:00
[2022-11-11T14:19:11.322+0000] {logging_mixin.py:120} INFO - [2022-11-11T14:19:11.322+0000] {dag.py:3340} INFO - Setting next_dagrun for example_branch_datetime_operator_3 to 2022-11-10T00:00:00+00:00, run_after=2022-11-11T00:00:00+00:00
[2022-11-11T14:19:11.350+0000] {processor.py:176} INFO - Processing /home/airflow/.local/lib/python3.7/site-packages/airflow/example_dags/example_branch_datetime_operator.py took 0.194 seconds
[2022-11-11T14:19:42.089+0000] {processor.py:154} INFO - Started process (PID=251) to work on /home/airflow/.local/lib/python3.7/site-packages/airflow/example_dags/example_branch_datetime_operator.py
[2022-11-11T14:19:42.090+0000] {processor.py:756} INFO - Processing file /home/airflow/.local/lib/python3.7/site-packages/airflow/example_dags/example_branch_datetime_operator.py for tasks to queue
[2022-11-11T14:19:42.091+0000] {logging_mixin.py:120} INFO - [2022-11-11T14:19:42.091+0000] {dagbag.py:537} INFO - Filling up the DagBag from /home/airflow/.local/lib/python3.7/site-packages/airflow/example_dags/example_branch_datetime_operator.py
[2022-11-11T14:19:42.124+0000] {processor.py:766} INFO - DAG(s) dict_keys(['example_branch_datetime_operator_2', 'example_branch_datetime_operator', 'example_branch_datetime_operator_3']) retrieved from /home/airflow/.local/lib/python3.7/site-packages/airflow/example_dags/example_branch_datetime_operator.py
[2022-11-11T14:19:42.189+0000] {logging_mixin.py:120} INFO - [2022-11-11T14:19:42.188+0000] {dag.py:2585} INFO - Sync 3 DAGs
[2022-11-11T14:19:42.228+0000] {logging_mixin.py:120} INFO - [2022-11-11T14:19:42.228+0000] {dag.py:3340} INFO - Setting next_dagrun for example_branch_datetime_operator to 2022-11-10T00:00:00+00:00, run_after=2022-11-11T00:00:00+00:00
[2022-11-11T14:19:42.235+0000] {logging_mixin.py:120} INFO - [2022-11-11T14:19:42.235+0000] {dag.py:3340} INFO - Setting next_dagrun for example_branch_datetime_operator_2 to 2022-11-10T00:00:00+00:00, run_after=2022-11-11T00:00:00+00:00
[2022-11-11T14:19:42.238+0000] {logging_mixin.py:120} INFO - [2022-11-11T14:19:42.238+0000] {dag.py:3340} INFO - Setting next_dagrun for example_branch_datetime_operator_3 to 2022-11-10T00:00:00+00:00, run_after=2022-11-11T00:00:00+00:00
[2022-11-11T14:19:42.262+0000] {processor.py:176} INFO - Processing /home/airflow/.local/lib/python3.7/site-packages/airflow/example_dags/example_branch_datetime_operator.py took 0.178 seconds
[2022-11-11T14:22:45.878+0000] {processor.py:154} INFO - Started process (PID=66) to work on /home/airflow/.local/lib/python3.7/site-packages/airflow/example_dags/example_branch_datetime_operator.py
[2022-11-11T14:22:45.880+0000] {processor.py:756} INFO - Processing file /home/airflow/.local/lib/python3.7/site-packages/airflow/example_dags/example_branch_datetime_operator.py for tasks to queue
[2022-11-11T14:22:45.881+0000] {logging_mixin.py:120} INFO - [2022-11-11T14:22:45.880+0000] {dagbag.py:537} INFO - Filling up the DagBag from /home/airflow/.local/lib/python3.7/site-packages/airflow/example_dags/example_branch_datetime_operator.py
[2022-11-11T14:22:46.226+0000] {processor.py:766} INFO - DAG(s) dict_keys(['example_branch_datetime_operator', 'example_branch_datetime_operator_2', 'example_branch_datetime_operator_3']) retrieved from /home/airflow/.local/lib/python3.7/site-packages/airflow/example_dags/example_branch_datetime_operator.py
[2022-11-11T14:22:46.297+0000] {logging_mixin.py:120} INFO - [2022-11-11T14:22:46.297+0000] {dag.py:2585} INFO - Sync 3 DAGs
[2022-11-11T14:22:46.335+0000] {logging_mixin.py:120} INFO - [2022-11-11T14:22:46.334+0000] {dag.py:3340} INFO - Setting next_dagrun for example_branch_datetime_operator to 2022-11-10T00:00:00+00:00, run_after=2022-11-11T00:00:00+00:00
[2022-11-11T14:22:46.342+0000] {logging_mixin.py:120} INFO - [2022-11-11T14:22:46.342+0000] {dag.py:3340} INFO - Setting next_dagrun for example_branch_datetime_operator_2 to 2022-11-10T00:00:00+00:00, run_after=2022-11-11T00:00:00+00:00
[2022-11-11T14:22:46.346+0000] {logging_mixin.py:120} INFO - [2022-11-11T14:22:46.345+0000] {dag.py:3340} INFO - Setting next_dagrun for example_branch_datetime_operator_3 to 2022-11-10T00:00:00+00:00, run_after=2022-11-11T00:00:00+00:00
[2022-11-11T14:22:46.701+0000] {processor.py:176} INFO - Processing /home/airflow/.local/lib/python3.7/site-packages/airflow/example_dags/example_branch_datetime_operator.py took 0.828 seconds
[2022-11-11T14:23:17.188+0000] {processor.py:154} INFO - Started process (PID=124) to work on /home/airflow/.local/lib/python3.7/site-packages/airflow/example_dags/example_branch_datetime_operator.py
[2022-11-11T14:23:17.190+0000] {processor.py:756} INFO - Processing file /home/airflow/.local/lib/python3.7/site-packages/airflow/example_dags/example_branch_datetime_operator.py for tasks to queue
[2022-11-11T14:23:17.190+0000] {logging_mixin.py:120} INFO - [2022-11-11T14:23:17.190+0000] {dagbag.py:537} INFO - Filling up the DagBag from /home/airflow/.local/lib/python3.7/site-packages/airflow/example_dags/example_branch_datetime_operator.py
[2022-11-11T14:23:17.216+0000] {processor.py:766} INFO - DAG(s) dict_keys(['example_branch_datetime_operator_3', 'example_branch_datetime_operator', 'example_branch_datetime_operator_2']) retrieved from /home/airflow/.local/lib/python3.7/site-packages/airflow/example_dags/example_branch_datetime_operator.py
[2022-11-11T14:23:17.300+0000] {logging_mixin.py:120} INFO - [2022-11-11T14:23:17.300+0000] {dag.py:2585} INFO - Sync 3 DAGs
[2022-11-11T14:23:17.340+0000] {logging_mixin.py:120} INFO - [2022-11-11T14:23:17.340+0000] {dag.py:3340} INFO - Setting next_dagrun for example_branch_datetime_operator to 2022-11-10T00:00:00+00:00, run_after=2022-11-11T00:00:00+00:00
[2022-11-11T14:23:17.351+0000] {logging_mixin.py:120} INFO - [2022-11-11T14:23:17.351+0000] {dag.py:3340} INFO - Setting next_dagrun for example_branch_datetime_operator_2 to 2022-11-10T00:00:00+00:00, run_after=2022-11-11T00:00:00+00:00
[2022-11-11T14:23:17.354+0000] {logging_mixin.py:120} INFO - [2022-11-11T14:23:17.354+0000] {dag.py:3340} INFO - Setting next_dagrun for example_branch_datetime_operator_3 to 2022-11-10T00:00:00+00:00, run_after=2022-11-11T00:00:00+00:00
[2022-11-11T14:23:17.376+0000] {processor.py:176} INFO - Processing /home/airflow/.local/lib/python3.7/site-packages/airflow/example_dags/example_branch_datetime_operator.py took 0.196 seconds
[2022-11-11T14:24:40.908+0000] {processor.py:154} INFO - Started process (PID=69) to work on /home/airflow/.local/lib/python3.7/site-packages/airflow/example_dags/example_branch_datetime_operator.py
[2022-11-11T14:24:40.910+0000] {processor.py:756} INFO - Processing file /home/airflow/.local/lib/python3.7/site-packages/airflow/example_dags/example_branch_datetime_operator.py for tasks to queue
[2022-11-11T14:24:40.911+0000] {logging_mixin.py:120} INFO - [2022-11-11T14:24:40.911+0000] {dagbag.py:537} INFO - Filling up the DagBag from /home/airflow/.local/lib/python3.7/site-packages/airflow/example_dags/example_branch_datetime_operator.py
[2022-11-11T14:24:40.938+0000] {processor.py:766} INFO - DAG(s) dict_keys(['example_branch_datetime_operator', 'example_branch_datetime_operator_2', 'example_branch_datetime_operator_3']) retrieved from /home/airflow/.local/lib/python3.7/site-packages/airflow/example_dags/example_branch_datetime_operator.py
[2022-11-11T14:24:41.002+0000] {logging_mixin.py:120} INFO - [2022-11-11T14:24:41.002+0000] {dag.py:2585} INFO - Sync 3 DAGs
[2022-11-11T14:24:41.039+0000] {logging_mixin.py:120} INFO - [2022-11-11T14:24:41.039+0000] {dag.py:3340} INFO - Setting next_dagrun for example_branch_datetime_operator to 2022-11-10T00:00:00+00:00, run_after=2022-11-11T00:00:00+00:00
[2022-11-11T14:24:41.045+0000] {logging_mixin.py:120} INFO - [2022-11-11T14:24:41.045+0000] {dag.py:3340} INFO - Setting next_dagrun for example_branch_datetime_operator_2 to 2022-11-10T00:00:00+00:00, run_after=2022-11-11T00:00:00+00:00
[2022-11-11T14:24:41.048+0000] {logging_mixin.py:120} INFO - [2022-11-11T14:24:41.048+0000] {dag.py:3340} INFO - Setting next_dagrun for example_branch_datetime_operator_3 to 2022-11-10T00:00:00+00:00, run_after=2022-11-11T00:00:00+00:00
[2022-11-11T14:24:41.070+0000] {processor.py:176} INFO - Processing /home/airflow/.local/lib/python3.7/site-packages/airflow/example_dags/example_branch_datetime_operator.py took 0.168 seconds
[2022-11-11T14:27:16.806+0000] {processor.py:154} INFO - Started process (PID=69) to work on /home/airflow/.local/lib/python3.7/site-packages/airflow/example_dags/example_branch_datetime_operator.py
[2022-11-11T14:27:16.808+0000] {processor.py:756} INFO - Processing file /home/airflow/.local/lib/python3.7/site-packages/airflow/example_dags/example_branch_datetime_operator.py for tasks to queue
[2022-11-11T14:27:16.809+0000] {logging_mixin.py:120} INFO - [2022-11-11T14:27:16.808+0000] {dagbag.py:537} INFO - Filling up the DagBag from /home/airflow/.local/lib/python3.7/site-packages/airflow/example_dags/example_branch_datetime_operator.py
[2022-11-11T14:27:16.837+0000] {processor.py:766} INFO - DAG(s) dict_keys(['example_branch_datetime_operator_2', 'example_branch_datetime_operator_3', 'example_branch_datetime_operator']) retrieved from /home/airflow/.local/lib/python3.7/site-packages/airflow/example_dags/example_branch_datetime_operator.py
[2022-11-11T14:27:16.904+0000] {logging_mixin.py:120} INFO - [2022-11-11T14:27:16.903+0000] {dag.py:2585} INFO - Sync 3 DAGs
[2022-11-11T14:27:16.962+0000] {logging_mixin.py:120} INFO - [2022-11-11T14:27:16.961+0000] {dag.py:3340} INFO - Setting next_dagrun for example_branch_datetime_operator to 2022-11-10T00:00:00+00:00, run_after=2022-11-11T00:00:00+00:00
[2022-11-11T14:27:16.971+0000] {logging_mixin.py:120} INFO - [2022-11-11T14:27:16.971+0000] {dag.py:3340} INFO - Setting next_dagrun for example_branch_datetime_operator_2 to 2022-11-10T00:00:00+00:00, run_after=2022-11-11T00:00:00+00:00
[2022-11-11T14:27:16.977+0000] {logging_mixin.py:120} INFO - [2022-11-11T14:27:16.977+0000] {dag.py:3340} INFO - Setting next_dagrun for example_branch_datetime_operator_3 to 2022-11-10T00:00:00+00:00, run_after=2022-11-11T00:00:00+00:00
[2022-11-11T14:27:17.004+0000] {processor.py:176} INFO - Processing /home/airflow/.local/lib/python3.7/site-packages/airflow/example_dags/example_branch_datetime_operator.py took 0.204 seconds
[2022-11-11T14:27:50.907+0000] {processor.py:154} INFO - Started process (PID=126) to work on /home/airflow/.local/lib/python3.7/site-packages/airflow/example_dags/example_branch_datetime_operator.py
[2022-11-11T14:27:50.908+0000] {processor.py:756} INFO - Processing file /home/airflow/.local/lib/python3.7/site-packages/airflow/example_dags/example_branch_datetime_operator.py for tasks to queue
[2022-11-11T14:27:50.909+0000] {logging_mixin.py:120} INFO - [2022-11-11T14:27:50.909+0000] {dagbag.py:537} INFO - Filling up the DagBag from /home/airflow/.local/lib/python3.7/site-packages/airflow/example_dags/example_branch_datetime_operator.py
[2022-11-11T14:27:50.934+0000] {processor.py:766} INFO - DAG(s) dict_keys(['example_branch_datetime_operator_2', 'example_branch_datetime_operator_3', 'example_branch_datetime_operator']) retrieved from /home/airflow/.local/lib/python3.7/site-packages/airflow/example_dags/example_branch_datetime_operator.py
[2022-11-11T14:27:51.005+0000] {logging_mixin.py:120} INFO - [2022-11-11T14:27:51.004+0000] {dag.py:2585} INFO - Sync 3 DAGs
[2022-11-11T14:27:51.046+0000] {logging_mixin.py:120} INFO - [2022-11-11T14:27:51.045+0000] {dag.py:3340} INFO - Setting next_dagrun for example_branch_datetime_operator to 2022-11-10T00:00:00+00:00, run_after=2022-11-11T00:00:00+00:00
[2022-11-11T14:27:51.053+0000] {logging_mixin.py:120} INFO - [2022-11-11T14:27:51.053+0000] {dag.py:3340} INFO - Setting next_dagrun for example_branch_datetime_operator_2 to 2022-11-10T00:00:00+00:00, run_after=2022-11-11T00:00:00+00:00
[2022-11-11T14:27:51.057+0000] {logging_mixin.py:120} INFO - [2022-11-11T14:27:51.056+0000] {dag.py:3340} INFO - Setting next_dagrun for example_branch_datetime_operator_3 to 2022-11-10T00:00:00+00:00, run_after=2022-11-11T00:00:00+00:00
[2022-11-11T14:27:51.427+0000] {processor.py:176} INFO - Processing /home/airflow/.local/lib/python3.7/site-packages/airflow/example_dags/example_branch_datetime_operator.py took 0.525 seconds
[2022-11-11T14:28:21.655+0000] {processor.py:154} INFO - Started process (PID=185) to work on /home/airflow/.local/lib/python3.7/site-packages/airflow/example_dags/example_branch_datetime_operator.py
[2022-11-11T14:28:21.657+0000] {processor.py:756} INFO - Processing file /home/airflow/.local/lib/python3.7/site-packages/airflow/example_dags/example_branch_datetime_operator.py for tasks to queue
[2022-11-11T14:28:21.657+0000] {logging_mixin.py:120} INFO - [2022-11-11T14:28:21.657+0000] {dagbag.py:537} INFO - Filling up the DagBag from /home/airflow/.local/lib/python3.7/site-packages/airflow/example_dags/example_branch_datetime_operator.py
[2022-11-11T14:28:21.684+0000] {processor.py:766} INFO - DAG(s) dict_keys(['example_branch_datetime_operator_3', 'example_branch_datetime_operator_2', 'example_branch_datetime_operator']) retrieved from /home/airflow/.local/lib/python3.7/site-packages/airflow/example_dags/example_branch_datetime_operator.py
[2022-11-11T14:28:21.751+0000] {logging_mixin.py:120} INFO - [2022-11-11T14:28:21.751+0000] {dag.py:2585} INFO - Sync 3 DAGs
[2022-11-11T14:28:21.787+0000] {logging_mixin.py:120} INFO - [2022-11-11T14:28:21.787+0000] {dag.py:3340} INFO - Setting next_dagrun for example_branch_datetime_operator to 2022-11-10T00:00:00+00:00, run_after=2022-11-11T00:00:00+00:00
[2022-11-11T14:28:21.793+0000] {logging_mixin.py:120} INFO - [2022-11-11T14:28:21.793+0000] {dag.py:3340} INFO - Setting next_dagrun for example_branch_datetime_operator_2 to 2022-11-10T00:00:00+00:00, run_after=2022-11-11T00:00:00+00:00
[2022-11-11T14:28:21.796+0000] {logging_mixin.py:120} INFO - [2022-11-11T14:28:21.796+0000] {dag.py:3340} INFO - Setting next_dagrun for example_branch_datetime_operator_3 to 2022-11-10T00:00:00+00:00, run_after=2022-11-11T00:00:00+00:00
[2022-11-11T14:28:21.820+0000] {processor.py:176} INFO - Processing /home/airflow/.local/lib/python3.7/site-packages/airflow/example_dags/example_branch_datetime_operator.py took 0.170 seconds
[2022-11-11T14:28:52.627+0000] {processor.py:154} INFO - Started process (PID=244) to work on /home/airflow/.local/lib/python3.7/site-packages/airflow/example_dags/example_branch_datetime_operator.py
[2022-11-11T14:28:52.628+0000] {processor.py:756} INFO - Processing file /home/airflow/.local/lib/python3.7/site-packages/airflow/example_dags/example_branch_datetime_operator.py for tasks to queue
[2022-11-11T14:28:52.629+0000] {logging_mixin.py:120} INFO - [2022-11-11T14:28:52.629+0000] {dagbag.py:537} INFO - Filling up the DagBag from /home/airflow/.local/lib/python3.7/site-packages/airflow/example_dags/example_branch_datetime_operator.py
[2022-11-11T14:28:52.654+0000] {processor.py:766} INFO - DAG(s) dict_keys(['example_branch_datetime_operator', 'example_branch_datetime_operator_2', 'example_branch_datetime_operator_3']) retrieved from /home/airflow/.local/lib/python3.7/site-packages/airflow/example_dags/example_branch_datetime_operator.py
[2022-11-11T14:28:52.716+0000] {logging_mixin.py:120} INFO - [2022-11-11T14:28:52.716+0000] {dag.py:2585} INFO - Sync 3 DAGs
[2022-11-11T14:28:52.753+0000] {logging_mixin.py:120} INFO - [2022-11-11T14:28:52.753+0000] {dag.py:3340} INFO - Setting next_dagrun for example_branch_datetime_operator to 2022-11-10T00:00:00+00:00, run_after=2022-11-11T00:00:00+00:00
[2022-11-11T14:28:52.759+0000] {logging_mixin.py:120} INFO - [2022-11-11T14:28:52.759+0000] {dag.py:3340} INFO - Setting next_dagrun for example_branch_datetime_operator_2 to 2022-11-10T00:00:00+00:00, run_after=2022-11-11T00:00:00+00:00
[2022-11-11T14:28:52.762+0000] {logging_mixin.py:120} INFO - [2022-11-11T14:28:52.762+0000] {dag.py:3340} INFO - Setting next_dagrun for example_branch_datetime_operator_3 to 2022-11-10T00:00:00+00:00, run_after=2022-11-11T00:00:00+00:00
[2022-11-11T14:28:52.783+0000] {processor.py:176} INFO - Processing /home/airflow/.local/lib/python3.7/site-packages/airflow/example_dags/example_branch_datetime_operator.py took 0.162 seconds
[2022-11-11T14:29:23.256+0000] {processor.py:154} INFO - Started process (PID=301) to work on /home/airflow/.local/lib/python3.7/site-packages/airflow/example_dags/example_branch_datetime_operator.py
[2022-11-11T14:29:23.257+0000] {processor.py:756} INFO - Processing file /home/airflow/.local/lib/python3.7/site-packages/airflow/example_dags/example_branch_datetime_operator.py for tasks to queue
[2022-11-11T14:29:23.258+0000] {logging_mixin.py:120} INFO - [2022-11-11T14:29:23.258+0000] {dagbag.py:537} INFO - Filling up the DagBag from /home/airflow/.local/lib/python3.7/site-packages/airflow/example_dags/example_branch_datetime_operator.py
[2022-11-11T14:29:23.283+0000] {processor.py:766} INFO - DAG(s) dict_keys(['example_branch_datetime_operator', 'example_branch_datetime_operator_2', 'example_branch_datetime_operator_3']) retrieved from /home/airflow/.local/lib/python3.7/site-packages/airflow/example_dags/example_branch_datetime_operator.py
[2022-11-11T14:29:23.349+0000] {logging_mixin.py:120} INFO - [2022-11-11T14:29:23.349+0000] {dag.py:2585} INFO - Sync 3 DAGs
[2022-11-11T14:29:23.386+0000] {logging_mixin.py:120} INFO - [2022-11-11T14:29:23.386+0000] {dag.py:3340} INFO - Setting next_dagrun for example_branch_datetime_operator to 2022-11-10T00:00:00+00:00, run_after=2022-11-11T00:00:00+00:00
[2022-11-11T14:29:23.392+0000] {logging_mixin.py:120} INFO - [2022-11-11T14:29:23.392+0000] {dag.py:3340} INFO - Setting next_dagrun for example_branch_datetime_operator_2 to 2022-11-10T00:00:00+00:00, run_after=2022-11-11T00:00:00+00:00
[2022-11-11T14:29:23.395+0000] {logging_mixin.py:120} INFO - [2022-11-11T14:29:23.395+0000] {dag.py:3340} INFO - Setting next_dagrun for example_branch_datetime_operator_3 to 2022-11-10T00:00:00+00:00, run_after=2022-11-11T00:00:00+00:00
[2022-11-11T14:29:23.416+0000] {processor.py:176} INFO - Processing /home/airflow/.local/lib/python3.7/site-packages/airflow/example_dags/example_branch_datetime_operator.py took 0.166 seconds
[2022-11-11T14:29:53.911+0000] {processor.py:154} INFO - Started process (PID=358) to work on /home/airflow/.local/lib/python3.7/site-packages/airflow/example_dags/example_branch_datetime_operator.py
[2022-11-11T14:29:53.913+0000] {processor.py:756} INFO - Processing file /home/airflow/.local/lib/python3.7/site-packages/airflow/example_dags/example_branch_datetime_operator.py for tasks to queue
[2022-11-11T14:29:53.914+0000] {logging_mixin.py:120} INFO - [2022-11-11T14:29:53.913+0000] {dagbag.py:537} INFO - Filling up the DagBag from /home/airflow/.local/lib/python3.7/site-packages/airflow/example_dags/example_branch_datetime_operator.py
[2022-11-11T14:29:53.940+0000] {processor.py:766} INFO - DAG(s) dict_keys(['example_branch_datetime_operator_3', 'example_branch_datetime_operator_2', 'example_branch_datetime_operator']) retrieved from /home/airflow/.local/lib/python3.7/site-packages/airflow/example_dags/example_branch_datetime_operator.py
[2022-11-11T14:29:54.011+0000] {logging_mixin.py:120} INFO - [2022-11-11T14:29:54.011+0000] {dag.py:2585} INFO - Sync 3 DAGs
[2022-11-11T14:29:54.050+0000] {logging_mixin.py:120} INFO - [2022-11-11T14:29:54.050+0000] {dag.py:3340} INFO - Setting next_dagrun for example_branch_datetime_operator to 2022-11-10T00:00:00+00:00, run_after=2022-11-11T00:00:00+00:00
[2022-11-11T14:29:54.058+0000] {logging_mixin.py:120} INFO - [2022-11-11T14:29:54.058+0000] {dag.py:3340} INFO - Setting next_dagrun for example_branch_datetime_operator_2 to 2022-11-10T00:00:00+00:00, run_after=2022-11-11T00:00:00+00:00
[2022-11-11T14:29:54.062+0000] {logging_mixin.py:120} INFO - [2022-11-11T14:29:54.061+0000] {dag.py:3340} INFO - Setting next_dagrun for example_branch_datetime_operator_3 to 2022-11-10T00:00:00+00:00, run_after=2022-11-11T00:00:00+00:00
[2022-11-11T14:29:54.087+0000] {processor.py:176} INFO - Processing /home/airflow/.local/lib/python3.7/site-packages/airflow/example_dags/example_branch_datetime_operator.py took 0.182 seconds
[2022-11-11T14:30:24.639+0000] {processor.py:154} INFO - Started process (PID=415) to work on /home/airflow/.local/lib/python3.7/site-packages/airflow/example_dags/example_branch_datetime_operator.py
[2022-11-11T14:30:24.640+0000] {processor.py:756} INFO - Processing file /home/airflow/.local/lib/python3.7/site-packages/airflow/example_dags/example_branch_datetime_operator.py for tasks to queue
[2022-11-11T14:30:24.641+0000] {logging_mixin.py:120} INFO - [2022-11-11T14:30:24.641+0000] {dagbag.py:537} INFO - Filling up the DagBag from /home/airflow/.local/lib/python3.7/site-packages/airflow/example_dags/example_branch_datetime_operator.py
[2022-11-11T14:30:24.668+0000] {processor.py:766} INFO - DAG(s) dict_keys(['example_branch_datetime_operator_3', 'example_branch_datetime_operator', 'example_branch_datetime_operator_2']) retrieved from /home/airflow/.local/lib/python3.7/site-packages/airflow/example_dags/example_branch_datetime_operator.py
[2022-11-11T14:30:24.745+0000] {logging_mixin.py:120} INFO - [2022-11-11T14:30:24.745+0000] {dag.py:2585} INFO - Sync 3 DAGs
[2022-11-11T14:30:24.793+0000] {logging_mixin.py:120} INFO - [2022-11-11T14:30:24.793+0000] {dag.py:3340} INFO - Setting next_dagrun for example_branch_datetime_operator to 2022-11-10T00:00:00+00:00, run_after=2022-11-11T00:00:00+00:00
[2022-11-11T14:30:24.799+0000] {logging_mixin.py:120} INFO - [2022-11-11T14:30:24.799+0000] {dag.py:3340} INFO - Setting next_dagrun for example_branch_datetime_operator_2 to 2022-11-10T00:00:00+00:00, run_after=2022-11-11T00:00:00+00:00
[2022-11-11T14:30:24.802+0000] {logging_mixin.py:120} INFO - [2022-11-11T14:30:24.802+0000] {dag.py:3340} INFO - Setting next_dagrun for example_branch_datetime_operator_3 to 2022-11-10T00:00:00+00:00, run_after=2022-11-11T00:00:00+00:00
[2022-11-11T14:30:24.826+0000] {processor.py:176} INFO - Processing /home/airflow/.local/lib/python3.7/site-packages/airflow/example_dags/example_branch_datetime_operator.py took 0.193 seconds
[2022-11-11T14:30:55.008+0000] {processor.py:154} INFO - Started process (PID=472) to work on /home/airflow/.local/lib/python3.7/site-packages/airflow/example_dags/example_branch_datetime_operator.py
[2022-11-11T14:30:55.010+0000] {processor.py:756} INFO - Processing file /home/airflow/.local/lib/python3.7/site-packages/airflow/example_dags/example_branch_datetime_operator.py for tasks to queue
[2022-11-11T14:30:55.011+0000] {logging_mixin.py:120} INFO - [2022-11-11T14:30:55.010+0000] {dagbag.py:537} INFO - Filling up the DagBag from /home/airflow/.local/lib/python3.7/site-packages/airflow/example_dags/example_branch_datetime_operator.py
[2022-11-11T14:30:55.038+0000] {processor.py:766} INFO - DAG(s) dict_keys(['example_branch_datetime_operator', 'example_branch_datetime_operator_3', 'example_branch_datetime_operator_2']) retrieved from /home/airflow/.local/lib/python3.7/site-packages/airflow/example_dags/example_branch_datetime_operator.py
[2022-11-11T14:30:55.105+0000] {logging_mixin.py:120} INFO - [2022-11-11T14:30:55.105+0000] {dag.py:2585} INFO - Sync 3 DAGs
[2022-11-11T14:30:55.144+0000] {logging_mixin.py:120} INFO - [2022-11-11T14:30:55.143+0000] {dag.py:3340} INFO - Setting next_dagrun for example_branch_datetime_operator to 2022-11-10T00:00:00+00:00, run_after=2022-11-11T00:00:00+00:00
[2022-11-11T14:30:55.150+0000] {logging_mixin.py:120} INFO - [2022-11-11T14:30:55.149+0000] {dag.py:3340} INFO - Setting next_dagrun for example_branch_datetime_operator_2 to 2022-11-10T00:00:00+00:00, run_after=2022-11-11T00:00:00+00:00
[2022-11-11T14:30:55.153+0000] {logging_mixin.py:120} INFO - [2022-11-11T14:30:55.153+0000] {dag.py:3340} INFO - Setting next_dagrun for example_branch_datetime_operator_3 to 2022-11-10T00:00:00+00:00, run_after=2022-11-11T00:00:00+00:00
[2022-11-11T14:30:55.177+0000] {processor.py:176} INFO - Processing /home/airflow/.local/lib/python3.7/site-packages/airflow/example_dags/example_branch_datetime_operator.py took 0.174 seconds
[2022-11-11T14:31:25.307+0000] {processor.py:154} INFO - Started process (PID=529) to work on /home/airflow/.local/lib/python3.7/site-packages/airflow/example_dags/example_branch_datetime_operator.py
[2022-11-11T14:31:25.309+0000] {processor.py:756} INFO - Processing file /home/airflow/.local/lib/python3.7/site-packages/airflow/example_dags/example_branch_datetime_operator.py for tasks to queue
[2022-11-11T14:31:25.310+0000] {logging_mixin.py:120} INFO - [2022-11-11T14:31:25.309+0000] {dagbag.py:537} INFO - Filling up the DagBag from /home/airflow/.local/lib/python3.7/site-packages/airflow/example_dags/example_branch_datetime_operator.py
[2022-11-11T14:31:25.335+0000] {processor.py:766} INFO - DAG(s) dict_keys(['example_branch_datetime_operator_3', 'example_branch_datetime_operator', 'example_branch_datetime_operator_2']) retrieved from /home/airflow/.local/lib/python3.7/site-packages/airflow/example_dags/example_branch_datetime_operator.py
[2022-11-11T14:31:25.404+0000] {logging_mixin.py:120} INFO - [2022-11-11T14:31:25.404+0000] {dag.py:2585} INFO - Sync 3 DAGs
[2022-11-11T14:31:25.443+0000] {logging_mixin.py:120} INFO - [2022-11-11T14:31:25.443+0000] {dag.py:3340} INFO - Setting next_dagrun for example_branch_datetime_operator to 2022-11-10T00:00:00+00:00, run_after=2022-11-11T00:00:00+00:00
[2022-11-11T14:31:25.449+0000] {logging_mixin.py:120} INFO - [2022-11-11T14:31:25.449+0000] {dag.py:3340} INFO - Setting next_dagrun for example_branch_datetime_operator_2 to 2022-11-10T00:00:00+00:00, run_after=2022-11-11T00:00:00+00:00
[2022-11-11T14:31:25.452+0000] {logging_mixin.py:120} INFO - [2022-11-11T14:31:25.452+0000] {dag.py:3340} INFO - Setting next_dagrun for example_branch_datetime_operator_3 to 2022-11-10T00:00:00+00:00, run_after=2022-11-11T00:00:00+00:00
[2022-11-11T14:31:25.474+0000] {processor.py:176} INFO - Processing /home/airflow/.local/lib/python3.7/site-packages/airflow/example_dags/example_branch_datetime_operator.py took 0.174 seconds
[2022-11-11T14:31:55.610+0000] {processor.py:154} INFO - Started process (PID=586) to work on /home/airflow/.local/lib/python3.7/site-packages/airflow/example_dags/example_branch_datetime_operator.py
[2022-11-11T14:31:55.612+0000] {processor.py:756} INFO - Processing file /home/airflow/.local/lib/python3.7/site-packages/airflow/example_dags/example_branch_datetime_operator.py for tasks to queue
[2022-11-11T14:31:55.613+0000] {logging_mixin.py:120} INFO - [2022-11-11T14:31:55.612+0000] {dagbag.py:537} INFO - Filling up the DagBag from /home/airflow/.local/lib/python3.7/site-packages/airflow/example_dags/example_branch_datetime_operator.py
[2022-11-11T14:31:55.639+0000] {processor.py:766} INFO - DAG(s) dict_keys(['example_branch_datetime_operator_2', 'example_branch_datetime_operator', 'example_branch_datetime_operator_3']) retrieved from /home/airflow/.local/lib/python3.7/site-packages/airflow/example_dags/example_branch_datetime_operator.py
[2022-11-11T14:31:55.711+0000] {logging_mixin.py:120} INFO - [2022-11-11T14:31:55.711+0000] {dag.py:2585} INFO - Sync 3 DAGs
[2022-11-11T14:31:55.749+0000] {logging_mixin.py:120} INFO - [2022-11-11T14:31:55.749+0000] {dag.py:3340} INFO - Setting next_dagrun for example_branch_datetime_operator to 2022-11-10T00:00:00+00:00, run_after=2022-11-11T00:00:00+00:00
[2022-11-11T14:31:55.757+0000] {logging_mixin.py:120} INFO - [2022-11-11T14:31:55.757+0000] {dag.py:3340} INFO - Setting next_dagrun for example_branch_datetime_operator_2 to 2022-11-10T00:00:00+00:00, run_after=2022-11-11T00:00:00+00:00
[2022-11-11T14:31:55.760+0000] {logging_mixin.py:120} INFO - [2022-11-11T14:31:55.760+0000] {dag.py:3340} INFO - Setting next_dagrun for example_branch_datetime_operator_3 to 2022-11-10T00:00:00+00:00, run_after=2022-11-11T00:00:00+00:00
[2022-11-11T14:31:55.782+0000] {processor.py:176} INFO - Processing /home/airflow/.local/lib/python3.7/site-packages/airflow/example_dags/example_branch_datetime_operator.py took 0.178 seconds
[2022-11-11T14:32:26.270+0000] {processor.py:154} INFO - Started process (PID=643) to work on /home/airflow/.local/lib/python3.7/site-packages/airflow/example_dags/example_branch_datetime_operator.py
[2022-11-11T14:32:26.271+0000] {processor.py:756} INFO - Processing file /home/airflow/.local/lib/python3.7/site-packages/airflow/example_dags/example_branch_datetime_operator.py for tasks to queue
[2022-11-11T14:32:26.272+0000] {logging_mixin.py:120} INFO - [2022-11-11T14:32:26.272+0000] {dagbag.py:537} INFO - Filling up the DagBag from /home/airflow/.local/lib/python3.7/site-packages/airflow/example_dags/example_branch_datetime_operator.py
[2022-11-11T14:32:26.297+0000] {processor.py:766} INFO - DAG(s) dict_keys(['example_branch_datetime_operator_3', 'example_branch_datetime_operator', 'example_branch_datetime_operator_2']) retrieved from /home/airflow/.local/lib/python3.7/site-packages/airflow/example_dags/example_branch_datetime_operator.py
[2022-11-11T14:32:26.363+0000] {logging_mixin.py:120} INFO - [2022-11-11T14:32:26.363+0000] {dag.py:2585} INFO - Sync 3 DAGs
[2022-11-11T14:32:26.402+0000] {logging_mixin.py:120} INFO - [2022-11-11T14:32:26.402+0000] {dag.py:3340} INFO - Setting next_dagrun for example_branch_datetime_operator to 2022-11-10T00:00:00+00:00, run_after=2022-11-11T00:00:00+00:00
[2022-11-11T14:32:26.409+0000] {logging_mixin.py:120} INFO - [2022-11-11T14:32:26.409+0000] {dag.py:3340} INFO - Setting next_dagrun for example_branch_datetime_operator_2 to 2022-11-10T00:00:00+00:00, run_after=2022-11-11T00:00:00+00:00
[2022-11-11T14:32:26.412+0000] {logging_mixin.py:120} INFO - [2022-11-11T14:32:26.412+0000] {dag.py:3340} INFO - Setting next_dagrun for example_branch_datetime_operator_3 to 2022-11-10T00:00:00+00:00, run_after=2022-11-11T00:00:00+00:00
[2022-11-11T14:32:26.434+0000] {processor.py:176} INFO - Processing /home/airflow/.local/lib/python3.7/site-packages/airflow/example_dags/example_branch_datetime_operator.py took 0.170 seconds
[2022-11-11T14:32:56.767+0000] {processor.py:154} INFO - Started process (PID=699) to work on /home/airflow/.local/lib/python3.7/site-packages/airflow/example_dags/example_branch_datetime_operator.py
[2022-11-11T14:32:56.769+0000] {processor.py:756} INFO - Processing file /home/airflow/.local/lib/python3.7/site-packages/airflow/example_dags/example_branch_datetime_operator.py for tasks to queue
[2022-11-11T14:32:56.770+0000] {logging_mixin.py:120} INFO - [2022-11-11T14:32:56.770+0000] {dagbag.py:537} INFO - Filling up the DagBag from /home/airflow/.local/lib/python3.7/site-packages/airflow/example_dags/example_branch_datetime_operator.py
[2022-11-11T14:32:56.795+0000] {processor.py:766} INFO - DAG(s) dict_keys(['example_branch_datetime_operator_2', 'example_branch_datetime_operator_3', 'example_branch_datetime_operator']) retrieved from /home/airflow/.local/lib/python3.7/site-packages/airflow/example_dags/example_branch_datetime_operator.py
[2022-11-11T14:32:56.860+0000] {logging_mixin.py:120} INFO - [2022-11-11T14:32:56.859+0000] {dag.py:2585} INFO - Sync 3 DAGs
[2022-11-11T14:32:56.896+0000] {logging_mixin.py:120} INFO - [2022-11-11T14:32:56.896+0000] {dag.py:3340} INFO - Setting next_dagrun for example_branch_datetime_operator to 2022-11-10T00:00:00+00:00, run_after=2022-11-11T00:00:00+00:00
[2022-11-11T14:32:56.904+0000] {logging_mixin.py:120} INFO - [2022-11-11T14:32:56.904+0000] {dag.py:3340} INFO - Setting next_dagrun for example_branch_datetime_operator_2 to 2022-11-10T00:00:00+00:00, run_after=2022-11-11T00:00:00+00:00
[2022-11-11T14:32:56.907+0000] {logging_mixin.py:120} INFO - [2022-11-11T14:32:56.907+0000] {dag.py:3340} INFO - Setting next_dagrun for example_branch_datetime_operator_3 to 2022-11-10T00:00:00+00:00, run_after=2022-11-11T00:00:00+00:00
[2022-11-11T14:32:56.928+0000] {processor.py:176} INFO - Processing /home/airflow/.local/lib/python3.7/site-packages/airflow/example_dags/example_branch_datetime_operator.py took 0.166 seconds
[2022-11-11T14:33:27.281+0000] {processor.py:154} INFO - Started process (PID=757) to work on /home/airflow/.local/lib/python3.7/site-packages/airflow/example_dags/example_branch_datetime_operator.py
[2022-11-11T14:33:27.283+0000] {processor.py:756} INFO - Processing file /home/airflow/.local/lib/python3.7/site-packages/airflow/example_dags/example_branch_datetime_operator.py for tasks to queue
[2022-11-11T14:33:27.284+0000] {logging_mixin.py:120} INFO - [2022-11-11T14:33:27.283+0000] {dagbag.py:537} INFO - Filling up the DagBag from /home/airflow/.local/lib/python3.7/site-packages/airflow/example_dags/example_branch_datetime_operator.py
[2022-11-11T14:33:27.308+0000] {processor.py:766} INFO - DAG(s) dict_keys(['example_branch_datetime_operator_2', 'example_branch_datetime_operator', 'example_branch_datetime_operator_3']) retrieved from /home/airflow/.local/lib/python3.7/site-packages/airflow/example_dags/example_branch_datetime_operator.py
[2022-11-11T14:33:27.372+0000] {logging_mixin.py:120} INFO - [2022-11-11T14:33:27.371+0000] {dag.py:2585} INFO - Sync 3 DAGs
[2022-11-11T14:33:27.419+0000] {logging_mixin.py:120} INFO - [2022-11-11T14:33:27.419+0000] {dag.py:3340} INFO - Setting next_dagrun for example_branch_datetime_operator to 2022-11-10T00:00:00+00:00, run_after=2022-11-11T00:00:00+00:00
[2022-11-11T14:33:27.425+0000] {logging_mixin.py:120} INFO - [2022-11-11T14:33:27.425+0000] {dag.py:3340} INFO - Setting next_dagrun for example_branch_datetime_operator_2 to 2022-11-10T00:00:00+00:00, run_after=2022-11-11T00:00:00+00:00
[2022-11-11T14:33:27.428+0000] {logging_mixin.py:120} INFO - [2022-11-11T14:33:27.428+0000] {dag.py:3340} INFO - Setting next_dagrun for example_branch_datetime_operator_3 to 2022-11-10T00:00:00+00:00, run_after=2022-11-11T00:00:00+00:00
[2022-11-11T14:33:27.450+0000] {processor.py:176} INFO - Processing /home/airflow/.local/lib/python3.7/site-packages/airflow/example_dags/example_branch_datetime_operator.py took 0.174 seconds
[2022-11-11T14:33:57.971+0000] {processor.py:154} INFO - Started process (PID=813) to work on /home/airflow/.local/lib/python3.7/site-packages/airflow/example_dags/example_branch_datetime_operator.py
[2022-11-11T14:33:57.972+0000] {processor.py:756} INFO - Processing file /home/airflow/.local/lib/python3.7/site-packages/airflow/example_dags/example_branch_datetime_operator.py for tasks to queue
[2022-11-11T14:33:57.973+0000] {logging_mixin.py:120} INFO - [2022-11-11T14:33:57.973+0000] {dagbag.py:537} INFO - Filling up the DagBag from /home/airflow/.local/lib/python3.7/site-packages/airflow/example_dags/example_branch_datetime_operator.py
[2022-11-11T14:33:57.999+0000] {processor.py:766} INFO - DAG(s) dict_keys(['example_branch_datetime_operator_3', 'example_branch_datetime_operator_2', 'example_branch_datetime_operator']) retrieved from /home/airflow/.local/lib/python3.7/site-packages/airflow/example_dags/example_branch_datetime_operator.py
[2022-11-11T14:33:58.064+0000] {logging_mixin.py:120} INFO - [2022-11-11T14:33:58.063+0000] {dag.py:2585} INFO - Sync 3 DAGs
[2022-11-11T14:33:58.099+0000] {logging_mixin.py:120} INFO - [2022-11-11T14:33:58.099+0000] {dag.py:3340} INFO - Setting next_dagrun for example_branch_datetime_operator to 2022-11-10T00:00:00+00:00, run_after=2022-11-11T00:00:00+00:00
[2022-11-11T14:33:58.105+0000] {logging_mixin.py:120} INFO - [2022-11-11T14:33:58.105+0000] {dag.py:3340} INFO - Setting next_dagrun for example_branch_datetime_operator_2 to 2022-11-10T00:00:00+00:00, run_after=2022-11-11T00:00:00+00:00
[2022-11-11T14:33:58.108+0000] {logging_mixin.py:120} INFO - [2022-11-11T14:33:58.108+0000] {dag.py:3340} INFO - Setting next_dagrun for example_branch_datetime_operator_3 to 2022-11-10T00:00:00+00:00, run_after=2022-11-11T00:00:00+00:00
[2022-11-11T14:33:58.131+0000] {processor.py:176} INFO - Processing /home/airflow/.local/lib/python3.7/site-packages/airflow/example_dags/example_branch_datetime_operator.py took 0.166 seconds
[2022-11-11T14:34:28.435+0000] {processor.py:154} INFO - Started process (PID=870) to work on /home/airflow/.local/lib/python3.7/site-packages/airflow/example_dags/example_branch_datetime_operator.py
[2022-11-11T14:34:28.437+0000] {processor.py:756} INFO - Processing file /home/airflow/.local/lib/python3.7/site-packages/airflow/example_dags/example_branch_datetime_operator.py for tasks to queue
[2022-11-11T14:34:28.438+0000] {logging_mixin.py:120} INFO - [2022-11-11T14:34:28.437+0000] {dagbag.py:537} INFO - Filling up the DagBag from /home/airflow/.local/lib/python3.7/site-packages/airflow/example_dags/example_branch_datetime_operator.py
[2022-11-11T14:34:28.464+0000] {processor.py:766} INFO - DAG(s) dict_keys(['example_branch_datetime_operator_3', 'example_branch_datetime_operator_2', 'example_branch_datetime_operator']) retrieved from /home/airflow/.local/lib/python3.7/site-packages/airflow/example_dags/example_branch_datetime_operator.py
[2022-11-11T14:34:28.528+0000] {logging_mixin.py:120} INFO - [2022-11-11T14:34:28.528+0000] {dag.py:2585} INFO - Sync 3 DAGs
[2022-11-11T14:34:28.563+0000] {logging_mixin.py:120} INFO - [2022-11-11T14:34:28.563+0000] {dag.py:3340} INFO - Setting next_dagrun for example_branch_datetime_operator to 2022-11-10T00:00:00+00:00, run_after=2022-11-11T00:00:00+00:00
[2022-11-11T14:34:28.569+0000] {logging_mixin.py:120} INFO - [2022-11-11T14:34:28.569+0000] {dag.py:3340} INFO - Setting next_dagrun for example_branch_datetime_operator_2 to 2022-11-10T00:00:00+00:00, run_after=2022-11-11T00:00:00+00:00
[2022-11-11T14:34:28.573+0000] {logging_mixin.py:120} INFO - [2022-11-11T14:34:28.573+0000] {dag.py:3340} INFO - Setting next_dagrun for example_branch_datetime_operator_3 to 2022-11-10T00:00:00+00:00, run_after=2022-11-11T00:00:00+00:00
[2022-11-11T14:34:28.595+0000] {processor.py:176} INFO - Processing /home/airflow/.local/lib/python3.7/site-packages/airflow/example_dags/example_branch_datetime_operator.py took 0.165 seconds
[2022-11-11T14:34:59.071+0000] {processor.py:154} INFO - Started process (PID=927) to work on /home/airflow/.local/lib/python3.7/site-packages/airflow/example_dags/example_branch_datetime_operator.py
[2022-11-11T14:34:59.072+0000] {processor.py:756} INFO - Processing file /home/airflow/.local/lib/python3.7/site-packages/airflow/example_dags/example_branch_datetime_operator.py for tasks to queue
[2022-11-11T14:34:59.073+0000] {logging_mixin.py:120} INFO - [2022-11-11T14:34:59.073+0000] {dagbag.py:537} INFO - Filling up the DagBag from /home/airflow/.local/lib/python3.7/site-packages/airflow/example_dags/example_branch_datetime_operator.py
[2022-11-11T14:34:59.098+0000] {processor.py:766} INFO - DAG(s) dict_keys(['example_branch_datetime_operator', 'example_branch_datetime_operator_3', 'example_branch_datetime_operator_2']) retrieved from /home/airflow/.local/lib/python3.7/site-packages/airflow/example_dags/example_branch_datetime_operator.py
[2022-11-11T14:34:59.160+0000] {logging_mixin.py:120} INFO - [2022-11-11T14:34:59.160+0000] {dag.py:2585} INFO - Sync 3 DAGs
[2022-11-11T14:34:59.199+0000] {logging_mixin.py:120} INFO - [2022-11-11T14:34:59.199+0000] {dag.py:3340} INFO - Setting next_dagrun for example_branch_datetime_operator to 2022-11-10T00:00:00+00:00, run_after=2022-11-11T00:00:00+00:00
[2022-11-11T14:34:59.207+0000] {logging_mixin.py:120} INFO - [2022-11-11T14:34:59.206+0000] {dag.py:3340} INFO - Setting next_dagrun for example_branch_datetime_operator_2 to 2022-11-10T00:00:00+00:00, run_after=2022-11-11T00:00:00+00:00
[2022-11-11T14:34:59.210+0000] {logging_mixin.py:120} INFO - [2022-11-11T14:34:59.209+0000] {dag.py:3340} INFO - Setting next_dagrun for example_branch_datetime_operator_3 to 2022-11-10T00:00:00+00:00, run_after=2022-11-11T00:00:00+00:00
[2022-11-11T14:34:59.231+0000] {processor.py:176} INFO - Processing /home/airflow/.local/lib/python3.7/site-packages/airflow/example_dags/example_branch_datetime_operator.py took 0.166 seconds
[2022-11-11T14:35:29.502+0000] {processor.py:154} INFO - Started process (PID=986) to work on /home/airflow/.local/lib/python3.7/site-packages/airflow/example_dags/example_branch_datetime_operator.py
[2022-11-11T14:35:29.503+0000] {processor.py:756} INFO - Processing file /home/airflow/.local/lib/python3.7/site-packages/airflow/example_dags/example_branch_datetime_operator.py for tasks to queue
[2022-11-11T14:35:29.504+0000] {logging_mixin.py:120} INFO - [2022-11-11T14:35:29.504+0000] {dagbag.py:537} INFO - Filling up the DagBag from /home/airflow/.local/lib/python3.7/site-packages/airflow/example_dags/example_branch_datetime_operator.py
[2022-11-11T14:35:29.531+0000] {processor.py:766} INFO - DAG(s) dict_keys(['example_branch_datetime_operator_3', 'example_branch_datetime_operator', 'example_branch_datetime_operator_2']) retrieved from /home/airflow/.local/lib/python3.7/site-packages/airflow/example_dags/example_branch_datetime_operator.py
[2022-11-11T14:35:29.601+0000] {logging_mixin.py:120} INFO - [2022-11-11T14:35:29.601+0000] {dag.py:2585} INFO - Sync 3 DAGs
[2022-11-11T14:35:29.640+0000] {logging_mixin.py:120} INFO - [2022-11-11T14:35:29.640+0000] {dag.py:3340} INFO - Setting next_dagrun for example_branch_datetime_operator to 2022-11-10T00:00:00+00:00, run_after=2022-11-11T00:00:00+00:00
[2022-11-11T14:35:29.646+0000] {logging_mixin.py:120} INFO - [2022-11-11T14:35:29.646+0000] {dag.py:3340} INFO - Setting next_dagrun for example_branch_datetime_operator_2 to 2022-11-10T00:00:00+00:00, run_after=2022-11-11T00:00:00+00:00
[2022-11-11T14:35:29.650+0000] {logging_mixin.py:120} INFO - [2022-11-11T14:35:29.650+0000] {dag.py:3340} INFO - Setting next_dagrun for example_branch_datetime_operator_3 to 2022-11-10T00:00:00+00:00, run_after=2022-11-11T00:00:00+00:00
[2022-11-11T14:35:29.674+0000] {processor.py:176} INFO - Processing /home/airflow/.local/lib/python3.7/site-packages/airflow/example_dags/example_branch_datetime_operator.py took 0.177 seconds
[2022-11-11T14:36:00.026+0000] {processor.py:154} INFO - Started process (PID=1043) to work on /home/airflow/.local/lib/python3.7/site-packages/airflow/example_dags/example_branch_datetime_operator.py
[2022-11-11T14:36:00.027+0000] {processor.py:756} INFO - Processing file /home/airflow/.local/lib/python3.7/site-packages/airflow/example_dags/example_branch_datetime_operator.py for tasks to queue
[2022-11-11T14:36:00.028+0000] {logging_mixin.py:120} INFO - [2022-11-11T14:36:00.028+0000] {dagbag.py:537} INFO - Filling up the DagBag from /home/airflow/.local/lib/python3.7/site-packages/airflow/example_dags/example_branch_datetime_operator.py
[2022-11-11T14:36:00.054+0000] {processor.py:766} INFO - DAG(s) dict_keys(['example_branch_datetime_operator', 'example_branch_datetime_operator_3', 'example_branch_datetime_operator_2']) retrieved from /home/airflow/.local/lib/python3.7/site-packages/airflow/example_dags/example_branch_datetime_operator.py
[2022-11-11T14:36:00.119+0000] {logging_mixin.py:120} INFO - [2022-11-11T14:36:00.119+0000] {dag.py:2585} INFO - Sync 3 DAGs
[2022-11-11T14:36:00.156+0000] {logging_mixin.py:120} INFO - [2022-11-11T14:36:00.156+0000] {dag.py:3340} INFO - Setting next_dagrun for example_branch_datetime_operator to 2022-11-10T00:00:00+00:00, run_after=2022-11-11T00:00:00+00:00
[2022-11-11T14:36:00.163+0000] {logging_mixin.py:120} INFO - [2022-11-11T14:36:00.162+0000] {dag.py:3340} INFO - Setting next_dagrun for example_branch_datetime_operator_2 to 2022-11-10T00:00:00+00:00, run_after=2022-11-11T00:00:00+00:00
[2022-11-11T14:36:00.166+0000] {logging_mixin.py:120} INFO - [2022-11-11T14:36:00.166+0000] {dag.py:3340} INFO - Setting next_dagrun for example_branch_datetime_operator_3 to 2022-11-10T00:00:00+00:00, run_after=2022-11-11T00:00:00+00:00
[2022-11-11T14:36:00.187+0000] {processor.py:176} INFO - Processing /home/airflow/.local/lib/python3.7/site-packages/airflow/example_dags/example_branch_datetime_operator.py took 0.167 seconds
[2022-11-11T14:36:30.666+0000] {processor.py:154} INFO - Started process (PID=1100) to work on /home/airflow/.local/lib/python3.7/site-packages/airflow/example_dags/example_branch_datetime_operator.py
[2022-11-11T14:36:30.668+0000] {processor.py:756} INFO - Processing file /home/airflow/.local/lib/python3.7/site-packages/airflow/example_dags/example_branch_datetime_operator.py for tasks to queue
[2022-11-11T14:36:30.668+0000] {logging_mixin.py:120} INFO - [2022-11-11T14:36:30.668+0000] {dagbag.py:537} INFO - Filling up the DagBag from /home/airflow/.local/lib/python3.7/site-packages/airflow/example_dags/example_branch_datetime_operator.py
[2022-11-11T14:36:30.694+0000] {processor.py:766} INFO - DAG(s) dict_keys(['example_branch_datetime_operator_2', 'example_branch_datetime_operator', 'example_branch_datetime_operator_3']) retrieved from /home/airflow/.local/lib/python3.7/site-packages/airflow/example_dags/example_branch_datetime_operator.py
[2022-11-11T14:36:30.762+0000] {logging_mixin.py:120} INFO - [2022-11-11T14:36:30.762+0000] {dag.py:2585} INFO - Sync 3 DAGs
[2022-11-11T14:36:30.803+0000] {logging_mixin.py:120} INFO - [2022-11-11T14:36:30.802+0000] {dag.py:3340} INFO - Setting next_dagrun for example_branch_datetime_operator to 2022-11-10T00:00:00+00:00, run_after=2022-11-11T00:00:00+00:00
[2022-11-11T14:36:30.809+0000] {logging_mixin.py:120} INFO - [2022-11-11T14:36:30.808+0000] {dag.py:3340} INFO - Setting next_dagrun for example_branch_datetime_operator_2 to 2022-11-10T00:00:00+00:00, run_after=2022-11-11T00:00:00+00:00
[2022-11-11T14:36:30.812+0000] {logging_mixin.py:120} INFO - [2022-11-11T14:36:30.812+0000] {dag.py:3340} INFO - Setting next_dagrun for example_branch_datetime_operator_3 to 2022-11-10T00:00:00+00:00, run_after=2022-11-11T00:00:00+00:00
[2022-11-11T14:36:30.835+0000] {processor.py:176} INFO - Processing /home/airflow/.local/lib/python3.7/site-packages/airflow/example_dags/example_branch_datetime_operator.py took 0.174 seconds
[2022-11-11T14:37:01.185+0000] {processor.py:154} INFO - Started process (PID=1157) to work on /home/airflow/.local/lib/python3.7/site-packages/airflow/example_dags/example_branch_datetime_operator.py
[2022-11-11T14:37:01.186+0000] {processor.py:756} INFO - Processing file /home/airflow/.local/lib/python3.7/site-packages/airflow/example_dags/example_branch_datetime_operator.py for tasks to queue
[2022-11-11T14:37:01.187+0000] {logging_mixin.py:120} INFO - [2022-11-11T14:37:01.187+0000] {dagbag.py:537} INFO - Filling up the DagBag from /home/airflow/.local/lib/python3.7/site-packages/airflow/example_dags/example_branch_datetime_operator.py
[2022-11-11T14:37:01.213+0000] {processor.py:766} INFO - DAG(s) dict_keys(['example_branch_datetime_operator_3', 'example_branch_datetime_operator', 'example_branch_datetime_operator_2']) retrieved from /home/airflow/.local/lib/python3.7/site-packages/airflow/example_dags/example_branch_datetime_operator.py
[2022-11-11T14:37:01.275+0000] {logging_mixin.py:120} INFO - [2022-11-11T14:37:01.275+0000] {dag.py:2585} INFO - Sync 3 DAGs
[2022-11-11T14:37:01.312+0000] {logging_mixin.py:120} INFO - [2022-11-11T14:37:01.312+0000] {dag.py:3340} INFO - Setting next_dagrun for example_branch_datetime_operator to 2022-11-10T00:00:00+00:00, run_after=2022-11-11T00:00:00+00:00
[2022-11-11T14:37:01.320+0000] {logging_mixin.py:120} INFO - [2022-11-11T14:37:01.320+0000] {dag.py:3340} INFO - Setting next_dagrun for example_branch_datetime_operator_2 to 2022-11-10T00:00:00+00:00, run_after=2022-11-11T00:00:00+00:00
[2022-11-11T14:37:01.323+0000] {logging_mixin.py:120} INFO - [2022-11-11T14:37:01.323+0000] {dag.py:3340} INFO - Setting next_dagrun for example_branch_datetime_operator_3 to 2022-11-10T00:00:00+00:00, run_after=2022-11-11T00:00:00+00:00
[2022-11-11T14:37:01.352+0000] {processor.py:176} INFO - Processing /home/airflow/.local/lib/python3.7/site-packages/airflow/example_dags/example_branch_datetime_operator.py took 0.172 seconds
[2022-11-11T14:37:31.680+0000] {processor.py:154} INFO - Started process (PID=1215) to work on /home/airflow/.local/lib/python3.7/site-packages/airflow/example_dags/example_branch_datetime_operator.py
[2022-11-11T14:37:31.682+0000] {processor.py:756} INFO - Processing file /home/airflow/.local/lib/python3.7/site-packages/airflow/example_dags/example_branch_datetime_operator.py for tasks to queue
[2022-11-11T14:37:31.683+0000] {logging_mixin.py:120} INFO - [2022-11-11T14:37:31.683+0000] {dagbag.py:537} INFO - Filling up the DagBag from /home/airflow/.local/lib/python3.7/site-packages/airflow/example_dags/example_branch_datetime_operator.py
[2022-11-11T14:37:31.708+0000] {processor.py:766} INFO - DAG(s) dict_keys(['example_branch_datetime_operator', 'example_branch_datetime_operator_3', 'example_branch_datetime_operator_2']) retrieved from /home/airflow/.local/lib/python3.7/site-packages/airflow/example_dags/example_branch_datetime_operator.py
[2022-11-11T14:37:31.770+0000] {logging_mixin.py:120} INFO - [2022-11-11T14:37:31.770+0000] {dag.py:2585} INFO - Sync 3 DAGs
[2022-11-11T14:37:31.806+0000] {logging_mixin.py:120} INFO - [2022-11-11T14:37:31.806+0000] {dag.py:3340} INFO - Setting next_dagrun for example_branch_datetime_operator to 2022-11-10T00:00:00+00:00, run_after=2022-11-11T00:00:00+00:00
[2022-11-11T14:37:31.812+0000] {logging_mixin.py:120} INFO - [2022-11-11T14:37:31.812+0000] {dag.py:3340} INFO - Setting next_dagrun for example_branch_datetime_operator_2 to 2022-11-10T00:00:00+00:00, run_after=2022-11-11T00:00:00+00:00
[2022-11-11T14:37:31.815+0000] {logging_mixin.py:120} INFO - [2022-11-11T14:37:31.815+0000] {dag.py:3340} INFO - Setting next_dagrun for example_branch_datetime_operator_3 to 2022-11-10T00:00:00+00:00, run_after=2022-11-11T00:00:00+00:00
[2022-11-11T14:37:31.836+0000] {processor.py:176} INFO - Processing /home/airflow/.local/lib/python3.7/site-packages/airflow/example_dags/example_branch_datetime_operator.py took 0.161 seconds
[2022-11-11T14:38:02.276+0000] {processor.py:154} INFO - Started process (PID=1273) to work on /home/airflow/.local/lib/python3.7/site-packages/airflow/example_dags/example_branch_datetime_operator.py
[2022-11-11T14:38:02.278+0000] {processor.py:756} INFO - Processing file /home/airflow/.local/lib/python3.7/site-packages/airflow/example_dags/example_branch_datetime_operator.py for tasks to queue
[2022-11-11T14:38:02.279+0000] {logging_mixin.py:120} INFO - [2022-11-11T14:38:02.279+0000] {dagbag.py:537} INFO - Filling up the DagBag from /home/airflow/.local/lib/python3.7/site-packages/airflow/example_dags/example_branch_datetime_operator.py
[2022-11-11T14:38:02.305+0000] {processor.py:766} INFO - DAG(s) dict_keys(['example_branch_datetime_operator', 'example_branch_datetime_operator_2', 'example_branch_datetime_operator_3']) retrieved from /home/airflow/.local/lib/python3.7/site-packages/airflow/example_dags/example_branch_datetime_operator.py
[2022-11-11T14:38:02.374+0000] {logging_mixin.py:120} INFO - [2022-11-11T14:38:02.374+0000] {dag.py:2585} INFO - Sync 3 DAGs
[2022-11-11T14:38:02.414+0000] {logging_mixin.py:120} INFO - [2022-11-11T14:38:02.413+0000] {dag.py:3340} INFO - Setting next_dagrun for example_branch_datetime_operator to 2022-11-10T00:00:00+00:00, run_after=2022-11-11T00:00:00+00:00
[2022-11-11T14:38:02.420+0000] {logging_mixin.py:120} INFO - [2022-11-11T14:38:02.420+0000] {dag.py:3340} INFO - Setting next_dagrun for example_branch_datetime_operator_2 to 2022-11-10T00:00:00+00:00, run_after=2022-11-11T00:00:00+00:00
[2022-11-11T14:38:02.423+0000] {logging_mixin.py:120} INFO - [2022-11-11T14:38:02.423+0000] {dag.py:3340} INFO - Setting next_dagrun for example_branch_datetime_operator_3 to 2022-11-10T00:00:00+00:00, run_after=2022-11-11T00:00:00+00:00
[2022-11-11T14:38:02.445+0000] {processor.py:176} INFO - Processing /home/airflow/.local/lib/python3.7/site-packages/airflow/example_dags/example_branch_datetime_operator.py took 0.174 seconds
[2022-11-11T14:38:32.623+0000] {processor.py:154} INFO - Started process (PID=1330) to work on /home/airflow/.local/lib/python3.7/site-packages/airflow/example_dags/example_branch_datetime_operator.py
[2022-11-11T14:38:32.624+0000] {processor.py:756} INFO - Processing file /home/airflow/.local/lib/python3.7/site-packages/airflow/example_dags/example_branch_datetime_operator.py for tasks to queue
[2022-11-11T14:38:32.625+0000] {logging_mixin.py:120} INFO - [2022-11-11T14:38:32.625+0000] {dagbag.py:537} INFO - Filling up the DagBag from /home/airflow/.local/lib/python3.7/site-packages/airflow/example_dags/example_branch_datetime_operator.py
[2022-11-11T14:38:32.651+0000] {processor.py:766} INFO - DAG(s) dict_keys(['example_branch_datetime_operator_2', 'example_branch_datetime_operator_3', 'example_branch_datetime_operator']) retrieved from /home/airflow/.local/lib/python3.7/site-packages/airflow/example_dags/example_branch_datetime_operator.py
[2022-11-11T14:38:32.719+0000] {logging_mixin.py:120} INFO - [2022-11-11T14:38:32.719+0000] {dag.py:2585} INFO - Sync 3 DAGs
[2022-11-11T14:38:32.755+0000] {logging_mixin.py:120} INFO - [2022-11-11T14:38:32.755+0000] {dag.py:3340} INFO - Setting next_dagrun for example_branch_datetime_operator to 2022-11-10T00:00:00+00:00, run_after=2022-11-11T00:00:00+00:00
[2022-11-11T14:38:32.762+0000] {logging_mixin.py:120} INFO - [2022-11-11T14:38:32.761+0000] {dag.py:3340} INFO - Setting next_dagrun for example_branch_datetime_operator_2 to 2022-11-10T00:00:00+00:00, run_after=2022-11-11T00:00:00+00:00
[2022-11-11T14:38:32.765+0000] {logging_mixin.py:120} INFO - [2022-11-11T14:38:32.765+0000] {dag.py:3340} INFO - Setting next_dagrun for example_branch_datetime_operator_3 to 2022-11-10T00:00:00+00:00, run_after=2022-11-11T00:00:00+00:00
[2022-11-11T14:38:32.789+0000] {processor.py:176} INFO - Processing /home/airflow/.local/lib/python3.7/site-packages/airflow/example_dags/example_branch_datetime_operator.py took 0.171 seconds
[2022-11-11T14:39:03.344+0000] {processor.py:154} INFO - Started process (PID=1385) to work on /home/airflow/.local/lib/python3.7/site-packages/airflow/example_dags/example_branch_datetime_operator.py
[2022-11-11T14:39:03.345+0000] {processor.py:756} INFO - Processing file /home/airflow/.local/lib/python3.7/site-packages/airflow/example_dags/example_branch_datetime_operator.py for tasks to queue
[2022-11-11T14:39:03.346+0000] {logging_mixin.py:120} INFO - [2022-11-11T14:39:03.346+0000] {dagbag.py:537} INFO - Filling up the DagBag from /home/airflow/.local/lib/python3.7/site-packages/airflow/example_dags/example_branch_datetime_operator.py
[2022-11-11T14:39:03.371+0000] {processor.py:766} INFO - DAG(s) dict_keys(['example_branch_datetime_operator_2', 'example_branch_datetime_operator', 'example_branch_datetime_operator_3']) retrieved from /home/airflow/.local/lib/python3.7/site-packages/airflow/example_dags/example_branch_datetime_operator.py
[2022-11-11T14:39:03.432+0000] {logging_mixin.py:120} INFO - [2022-11-11T14:39:03.432+0000] {dag.py:2585} INFO - Sync 3 DAGs
[2022-11-11T14:39:03.468+0000] {logging_mixin.py:120} INFO - [2022-11-11T14:39:03.468+0000] {dag.py:3340} INFO - Setting next_dagrun for example_branch_datetime_operator to 2022-11-10T00:00:00+00:00, run_after=2022-11-11T00:00:00+00:00
[2022-11-11T14:39:03.474+0000] {logging_mixin.py:120} INFO - [2022-11-11T14:39:03.474+0000] {dag.py:3340} INFO - Setting next_dagrun for example_branch_datetime_operator_2 to 2022-11-10T00:00:00+00:00, run_after=2022-11-11T00:00:00+00:00
[2022-11-11T14:39:03.477+0000] {logging_mixin.py:120} INFO - [2022-11-11T14:39:03.477+0000] {dag.py:3340} INFO - Setting next_dagrun for example_branch_datetime_operator_3 to 2022-11-10T00:00:00+00:00, run_after=2022-11-11T00:00:00+00:00
[2022-11-11T14:39:03.498+0000] {processor.py:176} INFO - Processing /home/airflow/.local/lib/python3.7/site-packages/airflow/example_dags/example_branch_datetime_operator.py took 0.160 seconds
[2022-11-11T14:39:33.986+0000] {processor.py:154} INFO - Started process (PID=1443) to work on /home/airflow/.local/lib/python3.7/site-packages/airflow/example_dags/example_branch_datetime_operator.py
[2022-11-11T14:39:33.988+0000] {processor.py:756} INFO - Processing file /home/airflow/.local/lib/python3.7/site-packages/airflow/example_dags/example_branch_datetime_operator.py for tasks to queue
[2022-11-11T14:39:33.989+0000] {logging_mixin.py:120} INFO - [2022-11-11T14:39:33.988+0000] {dagbag.py:537} INFO - Filling up the DagBag from /home/airflow/.local/lib/python3.7/site-packages/airflow/example_dags/example_branch_datetime_operator.py
[2022-11-11T14:39:34.015+0000] {processor.py:766} INFO - DAG(s) dict_keys(['example_branch_datetime_operator_3', 'example_branch_datetime_operator', 'example_branch_datetime_operator_2']) retrieved from /home/airflow/.local/lib/python3.7/site-packages/airflow/example_dags/example_branch_datetime_operator.py
[2022-11-11T14:39:34.083+0000] {logging_mixin.py:120} INFO - [2022-11-11T14:39:34.082+0000] {dag.py:2585} INFO - Sync 3 DAGs
[2022-11-11T14:39:34.123+0000] {logging_mixin.py:120} INFO - [2022-11-11T14:39:34.123+0000] {dag.py:3340} INFO - Setting next_dagrun for example_branch_datetime_operator to 2022-11-10T00:00:00+00:00, run_after=2022-11-11T00:00:00+00:00
[2022-11-11T14:39:34.129+0000] {logging_mixin.py:120} INFO - [2022-11-11T14:39:34.129+0000] {dag.py:3340} INFO - Setting next_dagrun for example_branch_datetime_operator_2 to 2022-11-10T00:00:00+00:00, run_after=2022-11-11T00:00:00+00:00
[2022-11-11T14:39:34.132+0000] {logging_mixin.py:120} INFO - [2022-11-11T14:39:34.132+0000] {dag.py:3340} INFO - Setting next_dagrun for example_branch_datetime_operator_3 to 2022-11-10T00:00:00+00:00, run_after=2022-11-11T00:00:00+00:00
[2022-11-11T14:39:34.154+0000] {processor.py:176} INFO - Processing /home/airflow/.local/lib/python3.7/site-packages/airflow/example_dags/example_branch_datetime_operator.py took 0.174 seconds
[2022-11-11T14:40:04.719+0000] {processor.py:154} INFO - Started process (PID=1505) to work on /home/airflow/.local/lib/python3.7/site-packages/airflow/example_dags/example_branch_datetime_operator.py
[2022-11-11T14:40:04.720+0000] {processor.py:756} INFO - Processing file /home/airflow/.local/lib/python3.7/site-packages/airflow/example_dags/example_branch_datetime_operator.py for tasks to queue
[2022-11-11T14:40:04.721+0000] {logging_mixin.py:120} INFO - [2022-11-11T14:40:04.721+0000] {dagbag.py:537} INFO - Filling up the DagBag from /home/airflow/.local/lib/python3.7/site-packages/airflow/example_dags/example_branch_datetime_operator.py
[2022-11-11T14:40:04.747+0000] {processor.py:766} INFO - DAG(s) dict_keys(['example_branch_datetime_operator', 'example_branch_datetime_operator_2', 'example_branch_datetime_operator_3']) retrieved from /home/airflow/.local/lib/python3.7/site-packages/airflow/example_dags/example_branch_datetime_operator.py
[2022-11-11T14:40:04.811+0000] {logging_mixin.py:120} INFO - [2022-11-11T14:40:04.811+0000] {dag.py:2585} INFO - Sync 3 DAGs
[2022-11-11T14:40:04.848+0000] {logging_mixin.py:120} INFO - [2022-11-11T14:40:04.848+0000] {dag.py:3340} INFO - Setting next_dagrun for example_branch_datetime_operator to 2022-11-10T00:00:00+00:00, run_after=2022-11-11T00:00:00+00:00
[2022-11-11T14:40:04.854+0000] {logging_mixin.py:120} INFO - [2022-11-11T14:40:04.854+0000] {dag.py:3340} INFO - Setting next_dagrun for example_branch_datetime_operator_2 to 2022-11-10T00:00:00+00:00, run_after=2022-11-11T00:00:00+00:00
[2022-11-11T14:40:04.857+0000] {logging_mixin.py:120} INFO - [2022-11-11T14:40:04.857+0000] {dag.py:3340} INFO - Setting next_dagrun for example_branch_datetime_operator_3 to 2022-11-10T00:00:00+00:00, run_after=2022-11-11T00:00:00+00:00
[2022-11-11T14:40:04.879+0000] {processor.py:176} INFO - Processing /home/airflow/.local/lib/python3.7/site-packages/airflow/example_dags/example_branch_datetime_operator.py took 0.165 seconds
[2022-11-11T14:40:35.197+0000] {processor.py:154} INFO - Started process (PID=1561) to work on /home/airflow/.local/lib/python3.7/site-packages/airflow/example_dags/example_branch_datetime_operator.py
[2022-11-11T14:40:35.199+0000] {processor.py:756} INFO - Processing file /home/airflow/.local/lib/python3.7/site-packages/airflow/example_dags/example_branch_datetime_operator.py for tasks to queue
[2022-11-11T14:40:35.200+0000] {logging_mixin.py:120} INFO - [2022-11-11T14:40:35.199+0000] {dagbag.py:537} INFO - Filling up the DagBag from /home/airflow/.local/lib/python3.7/site-packages/airflow/example_dags/example_branch_datetime_operator.py
[2022-11-11T14:40:35.224+0000] {processor.py:766} INFO - DAG(s) dict_keys(['example_branch_datetime_operator_3', 'example_branch_datetime_operator', 'example_branch_datetime_operator_2']) retrieved from /home/airflow/.local/lib/python3.7/site-packages/airflow/example_dags/example_branch_datetime_operator.py
[2022-11-11T14:40:35.289+0000] {logging_mixin.py:120} INFO - [2022-11-11T14:40:35.289+0000] {dag.py:2585} INFO - Sync 3 DAGs
[2022-11-11T14:40:35.324+0000] {logging_mixin.py:120} INFO - [2022-11-11T14:40:35.324+0000] {dag.py:3340} INFO - Setting next_dagrun for example_branch_datetime_operator to 2022-11-10T00:00:00+00:00, run_after=2022-11-11T00:00:00+00:00
[2022-11-11T14:40:35.330+0000] {logging_mixin.py:120} INFO - [2022-11-11T14:40:35.330+0000] {dag.py:3340} INFO - Setting next_dagrun for example_branch_datetime_operator_2 to 2022-11-10T00:00:00+00:00, run_after=2022-11-11T00:00:00+00:00
[2022-11-11T14:40:35.333+0000] {logging_mixin.py:120} INFO - [2022-11-11T14:40:35.333+0000] {dag.py:3340} INFO - Setting next_dagrun for example_branch_datetime_operator_3 to 2022-11-10T00:00:00+00:00, run_after=2022-11-11T00:00:00+00:00
[2022-11-11T14:40:35.355+0000] {processor.py:176} INFO - Processing /home/airflow/.local/lib/python3.7/site-packages/airflow/example_dags/example_branch_datetime_operator.py took 0.163 seconds
[2022-11-11T14:41:05.918+0000] {processor.py:154} INFO - Started process (PID=1618) to work on /home/airflow/.local/lib/python3.7/site-packages/airflow/example_dags/example_branch_datetime_operator.py
[2022-11-11T14:41:05.920+0000] {processor.py:756} INFO - Processing file /home/airflow/.local/lib/python3.7/site-packages/airflow/example_dags/example_branch_datetime_operator.py for tasks to queue
[2022-11-11T14:41:05.921+0000] {logging_mixin.py:120} INFO - [2022-11-11T14:41:05.920+0000] {dagbag.py:537} INFO - Filling up the DagBag from /home/airflow/.local/lib/python3.7/site-packages/airflow/example_dags/example_branch_datetime_operator.py
[2022-11-11T14:41:05.946+0000] {processor.py:766} INFO - DAG(s) dict_keys(['example_branch_datetime_operator', 'example_branch_datetime_operator_3', 'example_branch_datetime_operator_2']) retrieved from /home/airflow/.local/lib/python3.7/site-packages/airflow/example_dags/example_branch_datetime_operator.py
[2022-11-11T14:41:06.011+0000] {logging_mixin.py:120} INFO - [2022-11-11T14:41:06.011+0000] {dag.py:2585} INFO - Sync 3 DAGs
[2022-11-11T14:41:06.047+0000] {logging_mixin.py:120} INFO - [2022-11-11T14:41:06.047+0000] {dag.py:3340} INFO - Setting next_dagrun for example_branch_datetime_operator to 2022-11-10T00:00:00+00:00, run_after=2022-11-11T00:00:00+00:00
[2022-11-11T14:41:06.055+0000] {logging_mixin.py:120} INFO - [2022-11-11T14:41:06.055+0000] {dag.py:3340} INFO - Setting next_dagrun for example_branch_datetime_operator_2 to 2022-11-10T00:00:00+00:00, run_after=2022-11-11T00:00:00+00:00
[2022-11-11T14:41:06.058+0000] {logging_mixin.py:120} INFO - [2022-11-11T14:41:06.057+0000] {dag.py:3340} INFO - Setting next_dagrun for example_branch_datetime_operator_3 to 2022-11-10T00:00:00+00:00, run_after=2022-11-11T00:00:00+00:00
[2022-11-11T14:41:06.079+0000] {processor.py:176} INFO - Processing /home/airflow/.local/lib/python3.7/site-packages/airflow/example_dags/example_branch_datetime_operator.py took 0.166 seconds
[2022-11-11T14:41:36.293+0000] {processor.py:154} INFO - Started process (PID=1676) to work on /home/airflow/.local/lib/python3.7/site-packages/airflow/example_dags/example_branch_datetime_operator.py
[2022-11-11T14:41:36.294+0000] {processor.py:756} INFO - Processing file /home/airflow/.local/lib/python3.7/site-packages/airflow/example_dags/example_branch_datetime_operator.py for tasks to queue
[2022-11-11T14:41:36.295+0000] {logging_mixin.py:120} INFO - [2022-11-11T14:41:36.295+0000] {dagbag.py:537} INFO - Filling up the DagBag from /home/airflow/.local/lib/python3.7/site-packages/airflow/example_dags/example_branch_datetime_operator.py
[2022-11-11T14:41:36.319+0000] {processor.py:766} INFO - DAG(s) dict_keys(['example_branch_datetime_operator', 'example_branch_datetime_operator_3', 'example_branch_datetime_operator_2']) retrieved from /home/airflow/.local/lib/python3.7/site-packages/airflow/example_dags/example_branch_datetime_operator.py
[2022-11-11T14:41:36.381+0000] {logging_mixin.py:120} INFO - [2022-11-11T14:41:36.380+0000] {dag.py:2585} INFO - Sync 3 DAGs
[2022-11-11T14:41:36.417+0000] {logging_mixin.py:120} INFO - [2022-11-11T14:41:36.417+0000] {dag.py:3340} INFO - Setting next_dagrun for example_branch_datetime_operator to 2022-11-10T00:00:00+00:00, run_after=2022-11-11T00:00:00+00:00
[2022-11-11T14:41:36.423+0000] {logging_mixin.py:120} INFO - [2022-11-11T14:41:36.423+0000] {dag.py:3340} INFO - Setting next_dagrun for example_branch_datetime_operator_2 to 2022-11-10T00:00:00+00:00, run_after=2022-11-11T00:00:00+00:00
[2022-11-11T14:41:36.426+0000] {logging_mixin.py:120} INFO - [2022-11-11T14:41:36.426+0000] {dag.py:3340} INFO - Setting next_dagrun for example_branch_datetime_operator_3 to 2022-11-10T00:00:00+00:00, run_after=2022-11-11T00:00:00+00:00
[2022-11-11T14:41:36.451+0000] {processor.py:176} INFO - Processing /home/airflow/.local/lib/python3.7/site-packages/airflow/example_dags/example_branch_datetime_operator.py took 0.163 seconds
[2022-11-11T14:42:06.863+0000] {processor.py:154} INFO - Started process (PID=1734) to work on /home/airflow/.local/lib/python3.7/site-packages/airflow/example_dags/example_branch_datetime_operator.py
[2022-11-11T14:42:06.864+0000] {processor.py:756} INFO - Processing file /home/airflow/.local/lib/python3.7/site-packages/airflow/example_dags/example_branch_datetime_operator.py for tasks to queue
[2022-11-11T14:42:06.865+0000] {logging_mixin.py:120} INFO - [2022-11-11T14:42:06.865+0000] {dagbag.py:537} INFO - Filling up the DagBag from /home/airflow/.local/lib/python3.7/site-packages/airflow/example_dags/example_branch_datetime_operator.py
[2022-11-11T14:42:06.890+0000] {processor.py:766} INFO - DAG(s) dict_keys(['example_branch_datetime_operator', 'example_branch_datetime_operator_3', 'example_branch_datetime_operator_2']) retrieved from /home/airflow/.local/lib/python3.7/site-packages/airflow/example_dags/example_branch_datetime_operator.py
[2022-11-11T14:42:06.955+0000] {logging_mixin.py:120} INFO - [2022-11-11T14:42:06.954+0000] {dag.py:2585} INFO - Sync 3 DAGs
[2022-11-11T14:42:06.989+0000] {logging_mixin.py:120} INFO - [2022-11-11T14:42:06.989+0000] {dag.py:3340} INFO - Setting next_dagrun for example_branch_datetime_operator to 2022-11-10T00:00:00+00:00, run_after=2022-11-11T00:00:00+00:00
[2022-11-11T14:42:06.995+0000] {logging_mixin.py:120} INFO - [2022-11-11T14:42:06.995+0000] {dag.py:3340} INFO - Setting next_dagrun for example_branch_datetime_operator_2 to 2022-11-10T00:00:00+00:00, run_after=2022-11-11T00:00:00+00:00
[2022-11-11T14:42:06.998+0000] {logging_mixin.py:120} INFO - [2022-11-11T14:42:06.998+0000] {dag.py:3340} INFO - Setting next_dagrun for example_branch_datetime_operator_3 to 2022-11-10T00:00:00+00:00, run_after=2022-11-11T00:00:00+00:00
[2022-11-11T14:42:07.020+0000] {processor.py:176} INFO - Processing /home/airflow/.local/lib/python3.7/site-packages/airflow/example_dags/example_branch_datetime_operator.py took 0.162 seconds
[2022-11-11T14:42:37.343+0000] {processor.py:154} INFO - Started process (PID=1792) to work on /home/airflow/.local/lib/python3.7/site-packages/airflow/example_dags/example_branch_datetime_operator.py
[2022-11-11T14:42:37.345+0000] {processor.py:756} INFO - Processing file /home/airflow/.local/lib/python3.7/site-packages/airflow/example_dags/example_branch_datetime_operator.py for tasks to queue
[2022-11-11T14:42:37.345+0000] {logging_mixin.py:120} INFO - [2022-11-11T14:42:37.345+0000] {dagbag.py:537} INFO - Filling up the DagBag from /home/airflow/.local/lib/python3.7/site-packages/airflow/example_dags/example_branch_datetime_operator.py
[2022-11-11T14:42:37.373+0000] {processor.py:766} INFO - DAG(s) dict_keys(['example_branch_datetime_operator_2', 'example_branch_datetime_operator', 'example_branch_datetime_operator_3']) retrieved from /home/airflow/.local/lib/python3.7/site-packages/airflow/example_dags/example_branch_datetime_operator.py
[2022-11-11T14:42:37.441+0000] {logging_mixin.py:120} INFO - [2022-11-11T14:42:37.441+0000] {dag.py:2585} INFO - Sync 3 DAGs
[2022-11-11T14:42:37.489+0000] {logging_mixin.py:120} INFO - [2022-11-11T14:42:37.488+0000] {dag.py:3340} INFO - Setting next_dagrun for example_branch_datetime_operator to 2022-11-10T00:00:00+00:00, run_after=2022-11-11T00:00:00+00:00
[2022-11-11T14:42:37.497+0000] {logging_mixin.py:120} INFO - [2022-11-11T14:42:37.497+0000] {dag.py:3340} INFO - Setting next_dagrun for example_branch_datetime_operator_2 to 2022-11-10T00:00:00+00:00, run_after=2022-11-11T00:00:00+00:00
[2022-11-11T14:42:37.501+0000] {logging_mixin.py:120} INFO - [2022-11-11T14:42:37.501+0000] {dag.py:3340} INFO - Setting next_dagrun for example_branch_datetime_operator_3 to 2022-11-10T00:00:00+00:00, run_after=2022-11-11T00:00:00+00:00
[2022-11-11T14:42:37.524+0000] {processor.py:176} INFO - Processing /home/airflow/.local/lib/python3.7/site-packages/airflow/example_dags/example_branch_datetime_operator.py took 0.186 seconds
[2022-11-11T14:43:08.022+0000] {processor.py:154} INFO - Started process (PID=1850) to work on /home/airflow/.local/lib/python3.7/site-packages/airflow/example_dags/example_branch_datetime_operator.py
[2022-11-11T14:43:08.024+0000] {processor.py:756} INFO - Processing file /home/airflow/.local/lib/python3.7/site-packages/airflow/example_dags/example_branch_datetime_operator.py for tasks to queue
[2022-11-11T14:43:08.024+0000] {logging_mixin.py:120} INFO - [2022-11-11T14:43:08.024+0000] {dagbag.py:537} INFO - Filling up the DagBag from /home/airflow/.local/lib/python3.7/site-packages/airflow/example_dags/example_branch_datetime_operator.py
[2022-11-11T14:43:08.049+0000] {processor.py:766} INFO - DAG(s) dict_keys(['example_branch_datetime_operator_2', 'example_branch_datetime_operator_3', 'example_branch_datetime_operator']) retrieved from /home/airflow/.local/lib/python3.7/site-packages/airflow/example_dags/example_branch_datetime_operator.py
[2022-11-11T14:43:08.111+0000] {logging_mixin.py:120} INFO - [2022-11-11T14:43:08.111+0000] {dag.py:2585} INFO - Sync 3 DAGs
[2022-11-11T14:43:08.146+0000] {logging_mixin.py:120} INFO - [2022-11-11T14:43:08.146+0000] {dag.py:3340} INFO - Setting next_dagrun for example_branch_datetime_operator to 2022-11-10T00:00:00+00:00, run_after=2022-11-11T00:00:00+00:00
[2022-11-11T14:43:08.153+0000] {logging_mixin.py:120} INFO - [2022-11-11T14:43:08.153+0000] {dag.py:3340} INFO - Setting next_dagrun for example_branch_datetime_operator_2 to 2022-11-10T00:00:00+00:00, run_after=2022-11-11T00:00:00+00:00
[2022-11-11T14:43:08.156+0000] {logging_mixin.py:120} INFO - [2022-11-11T14:43:08.155+0000] {dag.py:3340} INFO - Setting next_dagrun for example_branch_datetime_operator_3 to 2022-11-10T00:00:00+00:00, run_after=2022-11-11T00:00:00+00:00
[2022-11-11T14:43:08.176+0000] {processor.py:176} INFO - Processing /home/airflow/.local/lib/python3.7/site-packages/airflow/example_dags/example_branch_datetime_operator.py took 0.159 seconds
[2022-11-11T14:43:38.429+0000] {processor.py:154} INFO - Started process (PID=1907) to work on /home/airflow/.local/lib/python3.7/site-packages/airflow/example_dags/example_branch_datetime_operator.py
[2022-11-11T14:43:38.431+0000] {processor.py:756} INFO - Processing file /home/airflow/.local/lib/python3.7/site-packages/airflow/example_dags/example_branch_datetime_operator.py for tasks to queue
[2022-11-11T14:43:38.431+0000] {logging_mixin.py:120} INFO - [2022-11-11T14:43:38.431+0000] {dagbag.py:537} INFO - Filling up the DagBag from /home/airflow/.local/lib/python3.7/site-packages/airflow/example_dags/example_branch_datetime_operator.py
[2022-11-11T14:43:38.456+0000] {processor.py:766} INFO - DAG(s) dict_keys(['example_branch_datetime_operator', 'example_branch_datetime_operator_2', 'example_branch_datetime_operator_3']) retrieved from /home/airflow/.local/lib/python3.7/site-packages/airflow/example_dags/example_branch_datetime_operator.py
[2022-11-11T14:43:38.518+0000] {logging_mixin.py:120} INFO - [2022-11-11T14:43:38.518+0000] {dag.py:2585} INFO - Sync 3 DAGs
[2022-11-11T14:43:38.555+0000] {logging_mixin.py:120} INFO - [2022-11-11T14:43:38.555+0000] {dag.py:3340} INFO - Setting next_dagrun for example_branch_datetime_operator to 2022-11-10T00:00:00+00:00, run_after=2022-11-11T00:00:00+00:00
[2022-11-11T14:43:38.561+0000] {logging_mixin.py:120} INFO - [2022-11-11T14:43:38.561+0000] {dag.py:3340} INFO - Setting next_dagrun for example_branch_datetime_operator_2 to 2022-11-10T00:00:00+00:00, run_after=2022-11-11T00:00:00+00:00
[2022-11-11T14:43:38.564+0000] {logging_mixin.py:120} INFO - [2022-11-11T14:43:38.564+0000] {dag.py:3340} INFO - Setting next_dagrun for example_branch_datetime_operator_3 to 2022-11-10T00:00:00+00:00, run_after=2022-11-11T00:00:00+00:00
[2022-11-11T14:43:38.590+0000] {processor.py:176} INFO - Processing /home/airflow/.local/lib/python3.7/site-packages/airflow/example_dags/example_branch_datetime_operator.py took 0.168 seconds
[2022-11-11T14:44:08.841+0000] {processor.py:154} INFO - Started process (PID=1964) to work on /home/airflow/.local/lib/python3.7/site-packages/airflow/example_dags/example_branch_datetime_operator.py
[2022-11-11T14:44:08.842+0000] {processor.py:756} INFO - Processing file /home/airflow/.local/lib/python3.7/site-packages/airflow/example_dags/example_branch_datetime_operator.py for tasks to queue
[2022-11-11T14:44:08.843+0000] {logging_mixin.py:120} INFO - [2022-11-11T14:44:08.842+0000] {dagbag.py:537} INFO - Filling up the DagBag from /home/airflow/.local/lib/python3.7/site-packages/airflow/example_dags/example_branch_datetime_operator.py
[2022-11-11T14:44:08.867+0000] {processor.py:766} INFO - DAG(s) dict_keys(['example_branch_datetime_operator', 'example_branch_datetime_operator_2', 'example_branch_datetime_operator_3']) retrieved from /home/airflow/.local/lib/python3.7/site-packages/airflow/example_dags/example_branch_datetime_operator.py
[2022-11-11T14:44:08.939+0000] {logging_mixin.py:120} INFO - [2022-11-11T14:44:08.938+0000] {dag.py:2585} INFO - Sync 3 DAGs
[2022-11-11T14:44:08.973+0000] {logging_mixin.py:120} INFO - [2022-11-11T14:44:08.973+0000] {dag.py:3340} INFO - Setting next_dagrun for example_branch_datetime_operator to 2022-11-10T00:00:00+00:00, run_after=2022-11-11T00:00:00+00:00
[2022-11-11T14:44:08.978+0000] {logging_mixin.py:120} INFO - [2022-11-11T14:44:08.978+0000] {dag.py:3340} INFO - Setting next_dagrun for example_branch_datetime_operator_2 to 2022-11-10T00:00:00+00:00, run_after=2022-11-11T00:00:00+00:00
[2022-11-11T14:44:08.981+0000] {logging_mixin.py:120} INFO - [2022-11-11T14:44:08.981+0000] {dag.py:3340} INFO - Setting next_dagrun for example_branch_datetime_operator_3 to 2022-11-10T00:00:00+00:00, run_after=2022-11-11T00:00:00+00:00
[2022-11-11T14:44:09.002+0000] {processor.py:176} INFO - Processing /home/airflow/.local/lib/python3.7/site-packages/airflow/example_dags/example_branch_datetime_operator.py took 0.167 seconds
