[2022-11-11T14:18:09.569+0000] {processor.py:154} INFO - Started process (PID=81) to work on /home/airflow/.local/lib/python3.7/site-packages/airflow/example_dags/example_bash_operator.py
[2022-11-11T14:18:09.571+0000] {processor.py:756} INFO - Processing file /home/airflow/.local/lib/python3.7/site-packages/airflow/example_dags/example_bash_operator.py for tasks to queue
[2022-11-11T14:18:09.572+0000] {logging_mixin.py:120} INFO - [2022-11-11T14:18:09.572+0000] {dagbag.py:537} INFO - Filling up the DagBag from /home/airflow/.local/lib/python3.7/site-packages/airflow/example_dags/example_bash_operator.py
[2022-11-11T14:18:09.611+0000] {processor.py:766} INFO - DAG(s) dict_keys(['example_bash_operator']) retrieved from /home/airflow/.local/lib/python3.7/site-packages/airflow/example_dags/example_bash_operator.py
[2022-11-11T14:18:09.802+0000] {logging_mixin.py:120} INFO - [2022-11-11T14:18:09.801+0000] {manager.py:507} INFO - Created Permission View: can read on DAG:example_bash_operator
[2022-11-11T14:18:09.816+0000] {logging_mixin.py:120} INFO - [2022-11-11T14:18:09.816+0000] {manager.py:507} INFO - Created Permission View: can edit on DAG:example_bash_operator
[2022-11-11T14:18:09.826+0000] {logging_mixin.py:120} INFO - [2022-11-11T14:18:09.826+0000] {manager.py:507} INFO - Created Permission View: can delete on DAG:example_bash_operator
[2022-11-11T14:18:09.826+0000] {logging_mixin.py:120} INFO - [2022-11-11T14:18:09.826+0000] {dag.py:2585} INFO - Sync 1 DAGs
[2022-11-11T14:18:09.850+0000] {logging_mixin.py:120} INFO - [2022-11-11T14:18:09.850+0000] {dag.py:2606} INFO - Creating ORM DAG for example_bash_operator
[2022-11-11T14:18:09.872+0000] {logging_mixin.py:120} INFO - [2022-11-11T14:18:09.872+0000] {dag.py:3340} INFO - Setting next_dagrun for example_bash_operator to 2022-11-10T00:00:00+00:00, run_after=2022-11-11T00:00:00+00:00
[2022-11-11T14:18:09.912+0000] {processor.py:176} INFO - Processing /home/airflow/.local/lib/python3.7/site-packages/airflow/example_dags/example_bash_operator.py took 0.350 seconds
[2022-11-11T14:18:40.705+0000] {processor.py:154} INFO - Started process (PID=138) to work on /home/airflow/.local/lib/python3.7/site-packages/airflow/example_dags/example_bash_operator.py
[2022-11-11T14:18:40.707+0000] {processor.py:756} INFO - Processing file /home/airflow/.local/lib/python3.7/site-packages/airflow/example_dags/example_bash_operator.py for tasks to queue
[2022-11-11T14:18:40.708+0000] {logging_mixin.py:120} INFO - [2022-11-11T14:18:40.708+0000] {dagbag.py:537} INFO - Filling up the DagBag from /home/airflow/.local/lib/python3.7/site-packages/airflow/example_dags/example_bash_operator.py
[2022-11-11T14:18:40.741+0000] {processor.py:766} INFO - DAG(s) dict_keys(['example_bash_operator']) retrieved from /home/airflow/.local/lib/python3.7/site-packages/airflow/example_dags/example_bash_operator.py
[2022-11-11T14:18:40.813+0000] {logging_mixin.py:120} INFO - [2022-11-11T14:18:40.813+0000] {dag.py:2585} INFO - Sync 1 DAGs
[2022-11-11T14:18:40.873+0000] {logging_mixin.py:120} INFO - [2022-11-11T14:18:40.873+0000] {dag.py:3340} INFO - Setting next_dagrun for example_bash_operator to 2022-11-10T00:00:00+00:00, run_after=2022-11-11T00:00:00+00:00
[2022-11-11T14:18:40.900+0000] {processor.py:176} INFO - Processing /home/airflow/.local/lib/python3.7/site-packages/airflow/example_dags/example_bash_operator.py took 0.201 seconds
[2022-11-11T14:19:11.169+0000] {processor.py:154} INFO - Started process (PID=196) to work on /home/airflow/.local/lib/python3.7/site-packages/airflow/example_dags/example_bash_operator.py
[2022-11-11T14:19:11.171+0000] {processor.py:756} INFO - Processing file /home/airflow/.local/lib/python3.7/site-packages/airflow/example_dags/example_bash_operator.py for tasks to queue
[2022-11-11T14:19:11.172+0000] {logging_mixin.py:120} INFO - [2022-11-11T14:19:11.172+0000] {dagbag.py:537} INFO - Filling up the DagBag from /home/airflow/.local/lib/python3.7/site-packages/airflow/example_dags/example_bash_operator.py
[2022-11-11T14:19:11.208+0000] {processor.py:766} INFO - DAG(s) dict_keys(['example_bash_operator']) retrieved from /home/airflow/.local/lib/python3.7/site-packages/airflow/example_dags/example_bash_operator.py
[2022-11-11T14:19:11.273+0000] {logging_mixin.py:120} INFO - [2022-11-11T14:19:11.273+0000] {dag.py:2585} INFO - Sync 1 DAGs
[2022-11-11T14:19:11.313+0000] {logging_mixin.py:120} INFO - [2022-11-11T14:19:11.312+0000] {dag.py:3340} INFO - Setting next_dagrun for example_bash_operator to 2022-11-10T00:00:00+00:00, run_after=2022-11-11T00:00:00+00:00
[2022-11-11T14:19:11.338+0000] {processor.py:176} INFO - Processing /home/airflow/.local/lib/python3.7/site-packages/airflow/example_dags/example_bash_operator.py took 0.174 seconds
[2022-11-11T14:19:42.094+0000] {processor.py:154} INFO - Started process (PID=252) to work on /home/airflow/.local/lib/python3.7/site-packages/airflow/example_dags/example_bash_operator.py
[2022-11-11T14:19:42.096+0000] {processor.py:756} INFO - Processing file /home/airflow/.local/lib/python3.7/site-packages/airflow/example_dags/example_bash_operator.py for tasks to queue
[2022-11-11T14:19:42.097+0000] {logging_mixin.py:120} INFO - [2022-11-11T14:19:42.097+0000] {dagbag.py:537} INFO - Filling up the DagBag from /home/airflow/.local/lib/python3.7/site-packages/airflow/example_dags/example_bash_operator.py
[2022-11-11T14:19:42.130+0000] {processor.py:766} INFO - DAG(s) dict_keys(['example_bash_operator']) retrieved from /home/airflow/.local/lib/python3.7/site-packages/airflow/example_dags/example_bash_operator.py
[2022-11-11T14:19:42.193+0000] {logging_mixin.py:120} INFO - [2022-11-11T14:19:42.193+0000] {dag.py:2585} INFO - Sync 1 DAGs
[2022-11-11T14:19:42.232+0000] {logging_mixin.py:120} INFO - [2022-11-11T14:19:42.232+0000] {dag.py:3340} INFO - Setting next_dagrun for example_bash_operator to 2022-11-10T00:00:00+00:00, run_after=2022-11-11T00:00:00+00:00
[2022-11-11T14:19:42.258+0000] {processor.py:176} INFO - Processing /home/airflow/.local/lib/python3.7/site-packages/airflow/example_dags/example_bash_operator.py took 0.170 seconds
[2022-11-11T14:22:45.926+0000] {processor.py:154} INFO - Started process (PID=67) to work on /home/airflow/.local/lib/python3.7/site-packages/airflow/example_dags/example_bash_operator.py
[2022-11-11T14:22:45.928+0000] {processor.py:756} INFO - Processing file /home/airflow/.local/lib/python3.7/site-packages/airflow/example_dags/example_bash_operator.py for tasks to queue
[2022-11-11T14:22:45.929+0000] {logging_mixin.py:120} INFO - [2022-11-11T14:22:45.929+0000] {dagbag.py:537} INFO - Filling up the DagBag from /home/airflow/.local/lib/python3.7/site-packages/airflow/example_dags/example_bash_operator.py
[2022-11-11T14:22:46.233+0000] {processor.py:766} INFO - DAG(s) dict_keys(['example_bash_operator']) retrieved from /home/airflow/.local/lib/python3.7/site-packages/airflow/example_dags/example_bash_operator.py
[2022-11-11T14:22:46.303+0000] {logging_mixin.py:120} INFO - [2022-11-11T14:22:46.302+0000] {dag.py:2585} INFO - Sync 1 DAGs
[2022-11-11T14:22:46.343+0000] {logging_mixin.py:120} INFO - [2022-11-11T14:22:46.343+0000] {dag.py:3340} INFO - Setting next_dagrun for example_bash_operator to 2022-11-10T00:00:00+00:00, run_after=2022-11-11T00:00:00+00:00
[2022-11-11T14:22:46.596+0000] {processor.py:176} INFO - Processing /home/airflow/.local/lib/python3.7/site-packages/airflow/example_dags/example_bash_operator.py took 0.676 seconds
[2022-11-11T14:23:17.194+0000] {processor.py:154} INFO - Started process (PID=125) to work on /home/airflow/.local/lib/python3.7/site-packages/airflow/example_dags/example_bash_operator.py
[2022-11-11T14:23:17.196+0000] {processor.py:756} INFO - Processing file /home/airflow/.local/lib/python3.7/site-packages/airflow/example_dags/example_bash_operator.py for tasks to queue
[2022-11-11T14:23:17.197+0000] {logging_mixin.py:120} INFO - [2022-11-11T14:23:17.197+0000] {dagbag.py:537} INFO - Filling up the DagBag from /home/airflow/.local/lib/python3.7/site-packages/airflow/example_dags/example_bash_operator.py
[2022-11-11T14:23:17.228+0000] {processor.py:766} INFO - DAG(s) dict_keys(['example_bash_operator']) retrieved from /home/airflow/.local/lib/python3.7/site-packages/airflow/example_dags/example_bash_operator.py
[2022-11-11T14:23:17.314+0000] {logging_mixin.py:120} INFO - [2022-11-11T14:23:17.313+0000] {dag.py:2585} INFO - Sync 1 DAGs
[2022-11-11T14:23:17.350+0000] {logging_mixin.py:120} INFO - [2022-11-11T14:23:17.349+0000] {dag.py:3340} INFO - Setting next_dagrun for example_bash_operator to 2022-11-10T00:00:00+00:00, run_after=2022-11-11T00:00:00+00:00
[2022-11-11T14:23:17.375+0000] {processor.py:176} INFO - Processing /home/airflow/.local/lib/python3.7/site-packages/airflow/example_dags/example_bash_operator.py took 0.187 seconds
[2022-11-11T14:24:40.937+0000] {processor.py:154} INFO - Started process (PID=70) to work on /home/airflow/.local/lib/python3.7/site-packages/airflow/example_dags/example_bash_operator.py
[2022-11-11T14:24:40.938+0000] {processor.py:756} INFO - Processing file /home/airflow/.local/lib/python3.7/site-packages/airflow/example_dags/example_bash_operator.py for tasks to queue
[2022-11-11T14:24:40.939+0000] {logging_mixin.py:120} INFO - [2022-11-11T14:24:40.939+0000] {dagbag.py:537} INFO - Filling up the DagBag from /home/airflow/.local/lib/python3.7/site-packages/airflow/example_dags/example_bash_operator.py
[2022-11-11T14:24:40.973+0000] {processor.py:766} INFO - DAG(s) dict_keys(['example_bash_operator']) retrieved from /home/airflow/.local/lib/python3.7/site-packages/airflow/example_dags/example_bash_operator.py
[2022-11-11T14:24:41.037+0000] {logging_mixin.py:120} INFO - [2022-11-11T14:24:41.037+0000] {dag.py:2585} INFO - Sync 1 DAGs
[2022-11-11T14:24:41.074+0000] {logging_mixin.py:120} INFO - [2022-11-11T14:24:41.074+0000] {dag.py:3340} INFO - Setting next_dagrun for example_bash_operator to 2022-11-10T00:00:00+00:00, run_after=2022-11-11T00:00:00+00:00
[2022-11-11T14:24:41.103+0000] {processor.py:176} INFO - Processing /home/airflow/.local/lib/python3.7/site-packages/airflow/example_dags/example_bash_operator.py took 0.172 seconds
[2022-11-11T14:27:16.844+0000] {processor.py:154} INFO - Started process (PID=70) to work on /home/airflow/.local/lib/python3.7/site-packages/airflow/example_dags/example_bash_operator.py
[2022-11-11T14:27:16.847+0000] {processor.py:756} INFO - Processing file /home/airflow/.local/lib/python3.7/site-packages/airflow/example_dags/example_bash_operator.py for tasks to queue
[2022-11-11T14:27:16.848+0000] {logging_mixin.py:120} INFO - [2022-11-11T14:27:16.848+0000] {dagbag.py:537} INFO - Filling up the DagBag from /home/airflow/.local/lib/python3.7/site-packages/airflow/example_dags/example_bash_operator.py
[2022-11-11T14:27:16.888+0000] {processor.py:766} INFO - DAG(s) dict_keys(['example_bash_operator']) retrieved from /home/airflow/.local/lib/python3.7/site-packages/airflow/example_dags/example_bash_operator.py
[2022-11-11T14:27:16.957+0000] {logging_mixin.py:120} INFO - [2022-11-11T14:27:16.957+0000] {dag.py:2585} INFO - Sync 1 DAGs
[2022-11-11T14:27:16.993+0000] {logging_mixin.py:120} INFO - [2022-11-11T14:27:16.993+0000] {dag.py:3340} INFO - Setting next_dagrun for example_bash_operator to 2022-11-10T00:00:00+00:00, run_after=2022-11-11T00:00:00+00:00
[2022-11-11T14:27:17.018+0000] {processor.py:176} INFO - Processing /home/airflow/.local/lib/python3.7/site-packages/airflow/example_dags/example_bash_operator.py took 0.180 seconds
[2022-11-11T14:27:51.201+0000] {processor.py:154} INFO - Started process (PID=127) to work on /home/airflow/.local/lib/python3.7/site-packages/airflow/example_dags/example_bash_operator.py
[2022-11-11T14:27:51.202+0000] {processor.py:756} INFO - Processing file /home/airflow/.local/lib/python3.7/site-packages/airflow/example_dags/example_bash_operator.py for tasks to queue
[2022-11-11T14:27:51.203+0000] {logging_mixin.py:120} INFO - [2022-11-11T14:27:51.203+0000] {dagbag.py:537} INFO - Filling up the DagBag from /home/airflow/.local/lib/python3.7/site-packages/airflow/example_dags/example_bash_operator.py
[2022-11-11T14:27:51.235+0000] {processor.py:766} INFO - DAG(s) dict_keys(['example_bash_operator']) retrieved from /home/airflow/.local/lib/python3.7/site-packages/airflow/example_dags/example_bash_operator.py
[2022-11-11T14:27:51.296+0000] {logging_mixin.py:120} INFO - [2022-11-11T14:27:51.296+0000] {dag.py:2585} INFO - Sync 1 DAGs
[2022-11-11T14:27:51.332+0000] {logging_mixin.py:120} INFO - [2022-11-11T14:27:51.332+0000] {dag.py:3340} INFO - Setting next_dagrun for example_bash_operator to 2022-11-10T00:00:00+00:00, run_after=2022-11-11T00:00:00+00:00
[2022-11-11T14:27:51.775+0000] {processor.py:176} INFO - Processing /home/airflow/.local/lib/python3.7/site-packages/airflow/example_dags/example_bash_operator.py took 0.579 seconds
[2022-11-11T14:28:21.849+0000] {processor.py:154} INFO - Started process (PID=186) to work on /home/airflow/.local/lib/python3.7/site-packages/airflow/example_dags/example_bash_operator.py
[2022-11-11T14:28:21.851+0000] {processor.py:756} INFO - Processing file /home/airflow/.local/lib/python3.7/site-packages/airflow/example_dags/example_bash_operator.py for tasks to queue
[2022-11-11T14:28:21.853+0000] {logging_mixin.py:120} INFO - [2022-11-11T14:28:21.852+0000] {dagbag.py:537} INFO - Filling up the DagBag from /home/airflow/.local/lib/python3.7/site-packages/airflow/example_dags/example_bash_operator.py
[2022-11-11T14:28:21.883+0000] {processor.py:766} INFO - DAG(s) dict_keys(['example_bash_operator']) retrieved from /home/airflow/.local/lib/python3.7/site-packages/airflow/example_dags/example_bash_operator.py
[2022-11-11T14:28:21.946+0000] {logging_mixin.py:120} INFO - [2022-11-11T14:28:21.946+0000] {dag.py:2585} INFO - Sync 1 DAGs
[2022-11-11T14:28:21.981+0000] {logging_mixin.py:120} INFO - [2022-11-11T14:28:21.980+0000] {dag.py:3340} INFO - Setting next_dagrun for example_bash_operator to 2022-11-10T00:00:00+00:00, run_after=2022-11-11T00:00:00+00:00
[2022-11-11T14:28:22.006+0000] {processor.py:176} INFO - Processing /home/airflow/.local/lib/python3.7/site-packages/airflow/example_dags/example_bash_operator.py took 0.162 seconds
[2022-11-11T14:28:52.637+0000] {processor.py:154} INFO - Started process (PID=245) to work on /home/airflow/.local/lib/python3.7/site-packages/airflow/example_dags/example_bash_operator.py
[2022-11-11T14:28:52.639+0000] {processor.py:756} INFO - Processing file /home/airflow/.local/lib/python3.7/site-packages/airflow/example_dags/example_bash_operator.py for tasks to queue
[2022-11-11T14:28:52.640+0000] {logging_mixin.py:120} INFO - [2022-11-11T14:28:52.640+0000] {dagbag.py:537} INFO - Filling up the DagBag from /home/airflow/.local/lib/python3.7/site-packages/airflow/example_dags/example_bash_operator.py
[2022-11-11T14:28:52.671+0000] {processor.py:766} INFO - DAG(s) dict_keys(['example_bash_operator']) retrieved from /home/airflow/.local/lib/python3.7/site-packages/airflow/example_dags/example_bash_operator.py
[2022-11-11T14:28:52.731+0000] {logging_mixin.py:120} INFO - [2022-11-11T14:28:52.731+0000] {dag.py:2585} INFO - Sync 1 DAGs
[2022-11-11T14:28:52.767+0000] {logging_mixin.py:120} INFO - [2022-11-11T14:28:52.767+0000] {dag.py:3340} INFO - Setting next_dagrun for example_bash_operator to 2022-11-10T00:00:00+00:00, run_after=2022-11-11T00:00:00+00:00
[2022-11-11T14:28:52.790+0000] {processor.py:176} INFO - Processing /home/airflow/.local/lib/python3.7/site-packages/airflow/example_dags/example_bash_operator.py took 0.158 seconds
[2022-11-11T14:29:23.266+0000] {processor.py:154} INFO - Started process (PID=302) to work on /home/airflow/.local/lib/python3.7/site-packages/airflow/example_dags/example_bash_operator.py
[2022-11-11T14:29:23.268+0000] {processor.py:756} INFO - Processing file /home/airflow/.local/lib/python3.7/site-packages/airflow/example_dags/example_bash_operator.py for tasks to queue
[2022-11-11T14:29:23.269+0000] {logging_mixin.py:120} INFO - [2022-11-11T14:29:23.269+0000] {dagbag.py:537} INFO - Filling up the DagBag from /home/airflow/.local/lib/python3.7/site-packages/airflow/example_dags/example_bash_operator.py
[2022-11-11T14:29:23.305+0000] {processor.py:766} INFO - DAG(s) dict_keys(['example_bash_operator']) retrieved from /home/airflow/.local/lib/python3.7/site-packages/airflow/example_dags/example_bash_operator.py
[2022-11-11T14:29:23.370+0000] {logging_mixin.py:120} INFO - [2022-11-11T14:29:23.370+0000] {dag.py:2585} INFO - Sync 1 DAGs
[2022-11-11T14:29:23.407+0000] {logging_mixin.py:120} INFO - [2022-11-11T14:29:23.407+0000] {dag.py:3340} INFO - Setting next_dagrun for example_bash_operator to 2022-11-10T00:00:00+00:00, run_after=2022-11-11T00:00:00+00:00
[2022-11-11T14:29:23.434+0000] {processor.py:176} INFO - Processing /home/airflow/.local/lib/python3.7/site-packages/airflow/example_dags/example_bash_operator.py took 0.174 seconds
[2022-11-11T14:29:53.919+0000] {processor.py:154} INFO - Started process (PID=359) to work on /home/airflow/.local/lib/python3.7/site-packages/airflow/example_dags/example_bash_operator.py
[2022-11-11T14:29:53.921+0000] {processor.py:756} INFO - Processing file /home/airflow/.local/lib/python3.7/site-packages/airflow/example_dags/example_bash_operator.py for tasks to queue
[2022-11-11T14:29:53.922+0000] {logging_mixin.py:120} INFO - [2022-11-11T14:29:53.922+0000] {dagbag.py:537} INFO - Filling up the DagBag from /home/airflow/.local/lib/python3.7/site-packages/airflow/example_dags/example_bash_operator.py
[2022-11-11T14:29:53.957+0000] {processor.py:766} INFO - DAG(s) dict_keys(['example_bash_operator']) retrieved from /home/airflow/.local/lib/python3.7/site-packages/airflow/example_dags/example_bash_operator.py
[2022-11-11T14:29:54.022+0000] {logging_mixin.py:120} INFO - [2022-11-11T14:29:54.022+0000] {dag.py:2585} INFO - Sync 1 DAGs
[2022-11-11T14:29:54.059+0000] {logging_mixin.py:120} INFO - [2022-11-11T14:29:54.059+0000] {dag.py:3340} INFO - Setting next_dagrun for example_bash_operator to 2022-11-10T00:00:00+00:00, run_after=2022-11-11T00:00:00+00:00
[2022-11-11T14:29:54.088+0000] {processor.py:176} INFO - Processing /home/airflow/.local/lib/python3.7/site-packages/airflow/example_dags/example_bash_operator.py took 0.174 seconds
[2022-11-11T14:30:24.646+0000] {processor.py:154} INFO - Started process (PID=416) to work on /home/airflow/.local/lib/python3.7/site-packages/airflow/example_dags/example_bash_operator.py
[2022-11-11T14:30:24.647+0000] {processor.py:756} INFO - Processing file /home/airflow/.local/lib/python3.7/site-packages/airflow/example_dags/example_bash_operator.py for tasks to queue
[2022-11-11T14:30:24.648+0000] {logging_mixin.py:120} INFO - [2022-11-11T14:30:24.648+0000] {dagbag.py:537} INFO - Filling up the DagBag from /home/airflow/.local/lib/python3.7/site-packages/airflow/example_dags/example_bash_operator.py
[2022-11-11T14:30:24.680+0000] {processor.py:766} INFO - DAG(s) dict_keys(['example_bash_operator']) retrieved from /home/airflow/.local/lib/python3.7/site-packages/airflow/example_dags/example_bash_operator.py
[2022-11-11T14:30:24.746+0000] {logging_mixin.py:120} INFO - [2022-11-11T14:30:24.746+0000] {dag.py:2585} INFO - Sync 1 DAGs
[2022-11-11T14:30:24.782+0000] {logging_mixin.py:120} INFO - [2022-11-11T14:30:24.782+0000] {dag.py:3340} INFO - Setting next_dagrun for example_bash_operator to 2022-11-10T00:00:00+00:00, run_after=2022-11-11T00:00:00+00:00
[2022-11-11T14:30:24.812+0000] {processor.py:176} INFO - Processing /home/airflow/.local/lib/python3.7/site-packages/airflow/example_dags/example_bash_operator.py took 0.172 seconds
[2022-11-11T14:30:55.015+0000] {processor.py:154} INFO - Started process (PID=473) to work on /home/airflow/.local/lib/python3.7/site-packages/airflow/example_dags/example_bash_operator.py
[2022-11-11T14:30:55.017+0000] {processor.py:756} INFO - Processing file /home/airflow/.local/lib/python3.7/site-packages/airflow/example_dags/example_bash_operator.py for tasks to queue
[2022-11-11T14:30:55.017+0000] {logging_mixin.py:120} INFO - [2022-11-11T14:30:55.017+0000] {dagbag.py:537} INFO - Filling up the DagBag from /home/airflow/.local/lib/python3.7/site-packages/airflow/example_dags/example_bash_operator.py
[2022-11-11T14:30:55.050+0000] {processor.py:766} INFO - DAG(s) dict_keys(['example_bash_operator']) retrieved from /home/airflow/.local/lib/python3.7/site-packages/airflow/example_dags/example_bash_operator.py
[2022-11-11T14:30:55.115+0000] {logging_mixin.py:120} INFO - [2022-11-11T14:30:55.114+0000] {dag.py:2585} INFO - Sync 1 DAGs
[2022-11-11T14:30:55.155+0000] {logging_mixin.py:120} INFO - [2022-11-11T14:30:55.154+0000] {dag.py:3340} INFO - Setting next_dagrun for example_bash_operator to 2022-11-10T00:00:00+00:00, run_after=2022-11-11T00:00:00+00:00
[2022-11-11T14:30:55.179+0000] {processor.py:176} INFO - Processing /home/airflow/.local/lib/python3.7/site-packages/airflow/example_dags/example_bash_operator.py took 0.169 seconds
[2022-11-11T14:31:25.315+0000] {processor.py:154} INFO - Started process (PID=530) to work on /home/airflow/.local/lib/python3.7/site-packages/airflow/example_dags/example_bash_operator.py
[2022-11-11T14:31:25.316+0000] {processor.py:756} INFO - Processing file /home/airflow/.local/lib/python3.7/site-packages/airflow/example_dags/example_bash_operator.py for tasks to queue
[2022-11-11T14:31:25.317+0000] {logging_mixin.py:120} INFO - [2022-11-11T14:31:25.317+0000] {dagbag.py:537} INFO - Filling up the DagBag from /home/airflow/.local/lib/python3.7/site-packages/airflow/example_dags/example_bash_operator.py
[2022-11-11T14:31:25.348+0000] {processor.py:766} INFO - DAG(s) dict_keys(['example_bash_operator']) retrieved from /home/airflow/.local/lib/python3.7/site-packages/airflow/example_dags/example_bash_operator.py
[2022-11-11T14:31:25.418+0000] {logging_mixin.py:120} INFO - [2022-11-11T14:31:25.416+0000] {dag.py:2585} INFO - Sync 1 DAGs
[2022-11-11T14:31:25.455+0000] {logging_mixin.py:120} INFO - [2022-11-11T14:31:25.455+0000] {dag.py:3340} INFO - Setting next_dagrun for example_bash_operator to 2022-11-10T00:00:00+00:00, run_after=2022-11-11T00:00:00+00:00
[2022-11-11T14:31:25.482+0000] {processor.py:176} INFO - Processing /home/airflow/.local/lib/python3.7/site-packages/airflow/example_dags/example_bash_operator.py took 0.173 seconds
[2022-11-11T14:31:55.751+0000] {processor.py:154} INFO - Started process (PID=587) to work on /home/airflow/.local/lib/python3.7/site-packages/airflow/example_dags/example_bash_operator.py
[2022-11-11T14:31:55.753+0000] {processor.py:756} INFO - Processing file /home/airflow/.local/lib/python3.7/site-packages/airflow/example_dags/example_bash_operator.py for tasks to queue
[2022-11-11T14:31:55.754+0000] {logging_mixin.py:120} INFO - [2022-11-11T14:31:55.753+0000] {dagbag.py:537} INFO - Filling up the DagBag from /home/airflow/.local/lib/python3.7/site-packages/airflow/example_dags/example_bash_operator.py
[2022-11-11T14:31:55.785+0000] {processor.py:766} INFO - DAG(s) dict_keys(['example_bash_operator']) retrieved from /home/airflow/.local/lib/python3.7/site-packages/airflow/example_dags/example_bash_operator.py
[2022-11-11T14:31:55.848+0000] {logging_mixin.py:120} INFO - [2022-11-11T14:31:55.847+0000] {dag.py:2585} INFO - Sync 1 DAGs
[2022-11-11T14:31:55.883+0000] {logging_mixin.py:120} INFO - [2022-11-11T14:31:55.883+0000] {dag.py:3340} INFO - Setting next_dagrun for example_bash_operator to 2022-11-10T00:00:00+00:00, run_after=2022-11-11T00:00:00+00:00
[2022-11-11T14:31:55.910+0000] {processor.py:176} INFO - Processing /home/airflow/.local/lib/python3.7/site-packages/airflow/example_dags/example_bash_operator.py took 0.163 seconds
[2022-11-11T14:32:26.418+0000] {processor.py:154} INFO - Started process (PID=644) to work on /home/airflow/.local/lib/python3.7/site-packages/airflow/example_dags/example_bash_operator.py
[2022-11-11T14:32:26.419+0000] {processor.py:756} INFO - Processing file /home/airflow/.local/lib/python3.7/site-packages/airflow/example_dags/example_bash_operator.py for tasks to queue
[2022-11-11T14:32:26.420+0000] {logging_mixin.py:120} INFO - [2022-11-11T14:32:26.420+0000] {dagbag.py:537} INFO - Filling up the DagBag from /home/airflow/.local/lib/python3.7/site-packages/airflow/example_dags/example_bash_operator.py
[2022-11-11T14:32:26.452+0000] {processor.py:766} INFO - DAG(s) dict_keys(['example_bash_operator']) retrieved from /home/airflow/.local/lib/python3.7/site-packages/airflow/example_dags/example_bash_operator.py
[2022-11-11T14:32:26.513+0000] {logging_mixin.py:120} INFO - [2022-11-11T14:32:26.513+0000] {dag.py:2585} INFO - Sync 1 DAGs
[2022-11-11T14:32:26.548+0000] {logging_mixin.py:120} INFO - [2022-11-11T14:32:26.547+0000] {dag.py:3340} INFO - Setting next_dagrun for example_bash_operator to 2022-11-10T00:00:00+00:00, run_after=2022-11-11T00:00:00+00:00
[2022-11-11T14:32:26.574+0000] {processor.py:176} INFO - Processing /home/airflow/.local/lib/python3.7/site-packages/airflow/example_dags/example_bash_operator.py took 0.161 seconds
[2022-11-11T14:32:56.911+0000] {processor.py:154} INFO - Started process (PID=700) to work on /home/airflow/.local/lib/python3.7/site-packages/airflow/example_dags/example_bash_operator.py
[2022-11-11T14:32:56.913+0000] {processor.py:756} INFO - Processing file /home/airflow/.local/lib/python3.7/site-packages/airflow/example_dags/example_bash_operator.py for tasks to queue
[2022-11-11T14:32:56.914+0000] {logging_mixin.py:120} INFO - [2022-11-11T14:32:56.913+0000] {dagbag.py:537} INFO - Filling up the DagBag from /home/airflow/.local/lib/python3.7/site-packages/airflow/example_dags/example_bash_operator.py
[2022-11-11T14:32:56.949+0000] {processor.py:766} INFO - DAG(s) dict_keys(['example_bash_operator']) retrieved from /home/airflow/.local/lib/python3.7/site-packages/airflow/example_dags/example_bash_operator.py
[2022-11-11T14:32:57.013+0000] {logging_mixin.py:120} INFO - [2022-11-11T14:32:57.012+0000] {dag.py:2585} INFO - Sync 1 DAGs
[2022-11-11T14:32:57.049+0000] {logging_mixin.py:120} INFO - [2022-11-11T14:32:57.049+0000] {dag.py:3340} INFO - Setting next_dagrun for example_bash_operator to 2022-11-10T00:00:00+00:00, run_after=2022-11-11T00:00:00+00:00
[2022-11-11T14:32:57.080+0000] {processor.py:176} INFO - Processing /home/airflow/.local/lib/python3.7/site-packages/airflow/example_dags/example_bash_operator.py took 0.174 seconds
[2022-11-11T14:33:27.444+0000] {processor.py:154} INFO - Started process (PID=758) to work on /home/airflow/.local/lib/python3.7/site-packages/airflow/example_dags/example_bash_operator.py
[2022-11-11T14:33:27.446+0000] {processor.py:756} INFO - Processing file /home/airflow/.local/lib/python3.7/site-packages/airflow/example_dags/example_bash_operator.py for tasks to queue
[2022-11-11T14:33:27.447+0000] {logging_mixin.py:120} INFO - [2022-11-11T14:33:27.446+0000] {dagbag.py:537} INFO - Filling up the DagBag from /home/airflow/.local/lib/python3.7/site-packages/airflow/example_dags/example_bash_operator.py
[2022-11-11T14:33:27.479+0000] {processor.py:766} INFO - DAG(s) dict_keys(['example_bash_operator']) retrieved from /home/airflow/.local/lib/python3.7/site-packages/airflow/example_dags/example_bash_operator.py
[2022-11-11T14:33:27.544+0000] {logging_mixin.py:120} INFO - [2022-11-11T14:33:27.544+0000] {dag.py:2585} INFO - Sync 1 DAGs
[2022-11-11T14:33:27.579+0000] {logging_mixin.py:120} INFO - [2022-11-11T14:33:27.579+0000] {dag.py:3340} INFO - Setting next_dagrun for example_bash_operator to 2022-11-10T00:00:00+00:00, run_after=2022-11-11T00:00:00+00:00
[2022-11-11T14:33:27.605+0000] {processor.py:176} INFO - Processing /home/airflow/.local/lib/python3.7/site-packages/airflow/example_dags/example_bash_operator.py took 0.166 seconds
[2022-11-11T14:33:58.127+0000] {processor.py:154} INFO - Started process (PID=814) to work on /home/airflow/.local/lib/python3.7/site-packages/airflow/example_dags/example_bash_operator.py
[2022-11-11T14:33:58.128+0000] {processor.py:756} INFO - Processing file /home/airflow/.local/lib/python3.7/site-packages/airflow/example_dags/example_bash_operator.py for tasks to queue
[2022-11-11T14:33:58.129+0000] {logging_mixin.py:120} INFO - [2022-11-11T14:33:58.129+0000] {dagbag.py:537} INFO - Filling up the DagBag from /home/airflow/.local/lib/python3.7/site-packages/airflow/example_dags/example_bash_operator.py
[2022-11-11T14:33:58.164+0000] {processor.py:766} INFO - DAG(s) dict_keys(['example_bash_operator']) retrieved from /home/airflow/.local/lib/python3.7/site-packages/airflow/example_dags/example_bash_operator.py
[2022-11-11T14:33:58.231+0000] {logging_mixin.py:120} INFO - [2022-11-11T14:33:58.231+0000] {dag.py:2585} INFO - Sync 1 DAGs
[2022-11-11T14:33:58.268+0000] {logging_mixin.py:120} INFO - [2022-11-11T14:33:58.268+0000] {dag.py:3340} INFO - Setting next_dagrun for example_bash_operator to 2022-11-10T00:00:00+00:00, run_after=2022-11-11T00:00:00+00:00
[2022-11-11T14:33:58.292+0000] {processor.py:176} INFO - Processing /home/airflow/.local/lib/python3.7/site-packages/airflow/example_dags/example_bash_operator.py took 0.171 seconds
[2022-11-11T14:34:28.566+0000] {processor.py:154} INFO - Started process (PID=871) to work on /home/airflow/.local/lib/python3.7/site-packages/airflow/example_dags/example_bash_operator.py
[2022-11-11T14:34:28.567+0000] {processor.py:756} INFO - Processing file /home/airflow/.local/lib/python3.7/site-packages/airflow/example_dags/example_bash_operator.py for tasks to queue
[2022-11-11T14:34:28.568+0000] {logging_mixin.py:120} INFO - [2022-11-11T14:34:28.568+0000] {dagbag.py:537} INFO - Filling up the DagBag from /home/airflow/.local/lib/python3.7/site-packages/airflow/example_dags/example_bash_operator.py
[2022-11-11T14:34:28.599+0000] {processor.py:766} INFO - DAG(s) dict_keys(['example_bash_operator']) retrieved from /home/airflow/.local/lib/python3.7/site-packages/airflow/example_dags/example_bash_operator.py
[2022-11-11T14:34:28.659+0000] {logging_mixin.py:120} INFO - [2022-11-11T14:34:28.658+0000] {dag.py:2585} INFO - Sync 1 DAGs
[2022-11-11T14:34:28.700+0000] {logging_mixin.py:120} INFO - [2022-11-11T14:34:28.700+0000] {dag.py:3340} INFO - Setting next_dagrun for example_bash_operator to 2022-11-10T00:00:00+00:00, run_after=2022-11-11T00:00:00+00:00
[2022-11-11T14:34:28.724+0000] {processor.py:176} INFO - Processing /home/airflow/.local/lib/python3.7/site-packages/airflow/example_dags/example_bash_operator.py took 0.163 seconds
[2022-11-11T14:34:59.213+0000] {processor.py:154} INFO - Started process (PID=928) to work on /home/airflow/.local/lib/python3.7/site-packages/airflow/example_dags/example_bash_operator.py
[2022-11-11T14:34:59.215+0000] {processor.py:756} INFO - Processing file /home/airflow/.local/lib/python3.7/site-packages/airflow/example_dags/example_bash_operator.py for tasks to queue
[2022-11-11T14:34:59.216+0000] {logging_mixin.py:120} INFO - [2022-11-11T14:34:59.216+0000] {dagbag.py:537} INFO - Filling up the DagBag from /home/airflow/.local/lib/python3.7/site-packages/airflow/example_dags/example_bash_operator.py
[2022-11-11T14:34:59.247+0000] {processor.py:766} INFO - DAG(s) dict_keys(['example_bash_operator']) retrieved from /home/airflow/.local/lib/python3.7/site-packages/airflow/example_dags/example_bash_operator.py
[2022-11-11T14:34:59.306+0000] {logging_mixin.py:120} INFO - [2022-11-11T14:34:59.306+0000] {dag.py:2585} INFO - Sync 1 DAGs
[2022-11-11T14:34:59.342+0000] {logging_mixin.py:120} INFO - [2022-11-11T14:34:59.342+0000] {dag.py:3340} INFO - Setting next_dagrun for example_bash_operator to 2022-11-10T00:00:00+00:00, run_after=2022-11-11T00:00:00+00:00
[2022-11-11T14:34:59.366+0000] {processor.py:176} INFO - Processing /home/airflow/.local/lib/python3.7/site-packages/airflow/example_dags/example_bash_operator.py took 0.158 seconds
[2022-11-11T14:35:29.669+0000] {processor.py:154} INFO - Started process (PID=987) to work on /home/airflow/.local/lib/python3.7/site-packages/airflow/example_dags/example_bash_operator.py
[2022-11-11T14:35:29.670+0000] {processor.py:756} INFO - Processing file /home/airflow/.local/lib/python3.7/site-packages/airflow/example_dags/example_bash_operator.py for tasks to queue
[2022-11-11T14:35:29.671+0000] {logging_mixin.py:120} INFO - [2022-11-11T14:35:29.671+0000] {dagbag.py:537} INFO - Filling up the DagBag from /home/airflow/.local/lib/python3.7/site-packages/airflow/example_dags/example_bash_operator.py
[2022-11-11T14:35:29.703+0000] {processor.py:766} INFO - DAG(s) dict_keys(['example_bash_operator']) retrieved from /home/airflow/.local/lib/python3.7/site-packages/airflow/example_dags/example_bash_operator.py
[2022-11-11T14:35:29.765+0000] {logging_mixin.py:120} INFO - [2022-11-11T14:35:29.765+0000] {dag.py:2585} INFO - Sync 1 DAGs
[2022-11-11T14:35:29.804+0000] {logging_mixin.py:120} INFO - [2022-11-11T14:35:29.803+0000] {dag.py:3340} INFO - Setting next_dagrun for example_bash_operator to 2022-11-10T00:00:00+00:00, run_after=2022-11-11T00:00:00+00:00
[2022-11-11T14:35:29.828+0000] {processor.py:176} INFO - Processing /home/airflow/.local/lib/python3.7/site-packages/airflow/example_dags/example_bash_operator.py took 0.164 seconds
[2022-11-11T14:36:00.134+0000] {processor.py:154} INFO - Started process (PID=1044) to work on /home/airflow/.local/lib/python3.7/site-packages/airflow/example_dags/example_bash_operator.py
[2022-11-11T14:36:00.135+0000] {processor.py:756} INFO - Processing file /home/airflow/.local/lib/python3.7/site-packages/airflow/example_dags/example_bash_operator.py for tasks to queue
[2022-11-11T14:36:00.136+0000] {logging_mixin.py:120} INFO - [2022-11-11T14:36:00.136+0000] {dagbag.py:537} INFO - Filling up the DagBag from /home/airflow/.local/lib/python3.7/site-packages/airflow/example_dags/example_bash_operator.py
[2022-11-11T14:36:00.169+0000] {processor.py:766} INFO - DAG(s) dict_keys(['example_bash_operator']) retrieved from /home/airflow/.local/lib/python3.7/site-packages/airflow/example_dags/example_bash_operator.py
[2022-11-11T14:36:00.240+0000] {logging_mixin.py:120} INFO - [2022-11-11T14:36:00.240+0000] {dag.py:2585} INFO - Sync 1 DAGs
[2022-11-11T14:36:00.277+0000] {logging_mixin.py:120} INFO - [2022-11-11T14:36:00.277+0000] {dag.py:3340} INFO - Setting next_dagrun for example_bash_operator to 2022-11-10T00:00:00+00:00, run_after=2022-11-11T00:00:00+00:00
[2022-11-11T14:36:00.306+0000] {processor.py:176} INFO - Processing /home/airflow/.local/lib/python3.7/site-packages/airflow/example_dags/example_bash_operator.py took 0.177 seconds
[2022-11-11T14:36:30.673+0000] {processor.py:154} INFO - Started process (PID=1101) to work on /home/airflow/.local/lib/python3.7/site-packages/airflow/example_dags/example_bash_operator.py
[2022-11-11T14:36:30.674+0000] {processor.py:756} INFO - Processing file /home/airflow/.local/lib/python3.7/site-packages/airflow/example_dags/example_bash_operator.py for tasks to queue
[2022-11-11T14:36:30.675+0000] {logging_mixin.py:120} INFO - [2022-11-11T14:36:30.675+0000] {dagbag.py:537} INFO - Filling up the DagBag from /home/airflow/.local/lib/python3.7/site-packages/airflow/example_dags/example_bash_operator.py
[2022-11-11T14:36:30.707+0000] {processor.py:766} INFO - DAG(s) dict_keys(['example_bash_operator']) retrieved from /home/airflow/.local/lib/python3.7/site-packages/airflow/example_dags/example_bash_operator.py
[2022-11-11T14:36:30.782+0000] {logging_mixin.py:120} INFO - [2022-11-11T14:36:30.782+0000] {dag.py:2585} INFO - Sync 1 DAGs
[2022-11-11T14:36:30.817+0000] {logging_mixin.py:120} INFO - [2022-11-11T14:36:30.816+0000] {dag.py:3340} INFO - Setting next_dagrun for example_bash_operator to 2022-11-10T00:00:00+00:00, run_after=2022-11-11T00:00:00+00:00
[2022-11-11T14:36:30.841+0000] {processor.py:176} INFO - Processing /home/airflow/.local/lib/python3.7/site-packages/airflow/example_dags/example_bash_operator.py took 0.173 seconds
[2022-11-11T14:37:01.313+0000] {processor.py:154} INFO - Started process (PID=1158) to work on /home/airflow/.local/lib/python3.7/site-packages/airflow/example_dags/example_bash_operator.py
[2022-11-11T14:37:01.314+0000] {processor.py:756} INFO - Processing file /home/airflow/.local/lib/python3.7/site-packages/airflow/example_dags/example_bash_operator.py for tasks to queue
[2022-11-11T14:37:01.315+0000] {logging_mixin.py:120} INFO - [2022-11-11T14:37:01.315+0000] {dagbag.py:537} INFO - Filling up the DagBag from /home/airflow/.local/lib/python3.7/site-packages/airflow/example_dags/example_bash_operator.py
[2022-11-11T14:37:01.346+0000] {processor.py:766} INFO - DAG(s) dict_keys(['example_bash_operator']) retrieved from /home/airflow/.local/lib/python3.7/site-packages/airflow/example_dags/example_bash_operator.py
[2022-11-11T14:37:01.406+0000] {logging_mixin.py:120} INFO - [2022-11-11T14:37:01.406+0000] {dag.py:2585} INFO - Sync 1 DAGs
[2022-11-11T14:37:01.442+0000] {logging_mixin.py:120} INFO - [2022-11-11T14:37:01.441+0000] {dag.py:3340} INFO - Setting next_dagrun for example_bash_operator to 2022-11-10T00:00:00+00:00, run_after=2022-11-11T00:00:00+00:00
[2022-11-11T14:37:01.465+0000] {processor.py:176} INFO - Processing /home/airflow/.local/lib/python3.7/site-packages/airflow/example_dags/example_bash_operator.py took 0.158 seconds
[2022-11-11T14:37:31.805+0000] {processor.py:154} INFO - Started process (PID=1216) to work on /home/airflow/.local/lib/python3.7/site-packages/airflow/example_dags/example_bash_operator.py
[2022-11-11T14:37:31.807+0000] {processor.py:756} INFO - Processing file /home/airflow/.local/lib/python3.7/site-packages/airflow/example_dags/example_bash_operator.py for tasks to queue
[2022-11-11T14:37:31.808+0000] {logging_mixin.py:120} INFO - [2022-11-11T14:37:31.808+0000] {dagbag.py:537} INFO - Filling up the DagBag from /home/airflow/.local/lib/python3.7/site-packages/airflow/example_dags/example_bash_operator.py
[2022-11-11T14:37:31.841+0000] {processor.py:766} INFO - DAG(s) dict_keys(['example_bash_operator']) retrieved from /home/airflow/.local/lib/python3.7/site-packages/airflow/example_dags/example_bash_operator.py
[2022-11-11T14:37:31.901+0000] {logging_mixin.py:120} INFO - [2022-11-11T14:37:31.901+0000] {dag.py:2585} INFO - Sync 1 DAGs
[2022-11-11T14:37:31.936+0000] {logging_mixin.py:120} INFO - [2022-11-11T14:37:31.936+0000] {dag.py:3340} INFO - Setting next_dagrun for example_bash_operator to 2022-11-10T00:00:00+00:00, run_after=2022-11-11T00:00:00+00:00
[2022-11-11T14:37:31.960+0000] {processor.py:176} INFO - Processing /home/airflow/.local/lib/python3.7/site-packages/airflow/example_dags/example_bash_operator.py took 0.161 seconds
[2022-11-11T14:38:02.417+0000] {processor.py:154} INFO - Started process (PID=1274) to work on /home/airflow/.local/lib/python3.7/site-packages/airflow/example_dags/example_bash_operator.py
[2022-11-11T14:38:02.418+0000] {processor.py:756} INFO - Processing file /home/airflow/.local/lib/python3.7/site-packages/airflow/example_dags/example_bash_operator.py for tasks to queue
[2022-11-11T14:38:02.419+0000] {logging_mixin.py:120} INFO - [2022-11-11T14:38:02.419+0000] {dagbag.py:537} INFO - Filling up the DagBag from /home/airflow/.local/lib/python3.7/site-packages/airflow/example_dags/example_bash_operator.py
[2022-11-11T14:38:02.451+0000] {processor.py:766} INFO - DAG(s) dict_keys(['example_bash_operator']) retrieved from /home/airflow/.local/lib/python3.7/site-packages/airflow/example_dags/example_bash_operator.py
[2022-11-11T14:38:02.514+0000] {logging_mixin.py:120} INFO - [2022-11-11T14:38:02.514+0000] {dag.py:2585} INFO - Sync 1 DAGs
[2022-11-11T14:38:02.550+0000] {logging_mixin.py:120} INFO - [2022-11-11T14:38:02.549+0000] {dag.py:3340} INFO - Setting next_dagrun for example_bash_operator to 2022-11-10T00:00:00+00:00, run_after=2022-11-11T00:00:00+00:00
[2022-11-11T14:38:02.580+0000] {processor.py:176} INFO - Processing /home/airflow/.local/lib/python3.7/site-packages/airflow/example_dags/example_bash_operator.py took 0.168 seconds
[2022-11-11T14:38:32.806+0000] {processor.py:154} INFO - Started process (PID=1331) to work on /home/airflow/.local/lib/python3.7/site-packages/airflow/example_dags/example_bash_operator.py
[2022-11-11T14:38:32.807+0000] {processor.py:756} INFO - Processing file /home/airflow/.local/lib/python3.7/site-packages/airflow/example_dags/example_bash_operator.py for tasks to queue
[2022-11-11T14:38:32.808+0000] {logging_mixin.py:120} INFO - [2022-11-11T14:38:32.808+0000] {dagbag.py:537} INFO - Filling up the DagBag from /home/airflow/.local/lib/python3.7/site-packages/airflow/example_dags/example_bash_operator.py
[2022-11-11T14:38:32.841+0000] {processor.py:766} INFO - DAG(s) dict_keys(['example_bash_operator']) retrieved from /home/airflow/.local/lib/python3.7/site-packages/airflow/example_dags/example_bash_operator.py
[2022-11-11T14:38:32.917+0000] {logging_mixin.py:120} INFO - [2022-11-11T14:38:32.917+0000] {dag.py:2585} INFO - Sync 1 DAGs
[2022-11-11T14:38:32.953+0000] {logging_mixin.py:120} INFO - [2022-11-11T14:38:32.952+0000] {dag.py:3340} INFO - Setting next_dagrun for example_bash_operator to 2022-11-10T00:00:00+00:00, run_after=2022-11-11T00:00:00+00:00
[2022-11-11T14:38:32.978+0000] {processor.py:176} INFO - Processing /home/airflow/.local/lib/python3.7/site-packages/airflow/example_dags/example_bash_operator.py took 0.177 seconds
[2022-11-11T14:39:03.477+0000] {processor.py:154} INFO - Started process (PID=1386) to work on /home/airflow/.local/lib/python3.7/site-packages/airflow/example_dags/example_bash_operator.py
[2022-11-11T14:39:03.478+0000] {processor.py:756} INFO - Processing file /home/airflow/.local/lib/python3.7/site-packages/airflow/example_dags/example_bash_operator.py for tasks to queue
[2022-11-11T14:39:03.479+0000] {logging_mixin.py:120} INFO - [2022-11-11T14:39:03.479+0000] {dagbag.py:537} INFO - Filling up the DagBag from /home/airflow/.local/lib/python3.7/site-packages/airflow/example_dags/example_bash_operator.py
[2022-11-11T14:39:03.512+0000] {processor.py:766} INFO - DAG(s) dict_keys(['example_bash_operator']) retrieved from /home/airflow/.local/lib/python3.7/site-packages/airflow/example_dags/example_bash_operator.py
[2022-11-11T14:39:03.579+0000] {logging_mixin.py:120} INFO - [2022-11-11T14:39:03.578+0000] {dag.py:2585} INFO - Sync 1 DAGs
[2022-11-11T14:39:03.615+0000] {logging_mixin.py:120} INFO - [2022-11-11T14:39:03.615+0000] {dag.py:3340} INFO - Setting next_dagrun for example_bash_operator to 2022-11-10T00:00:00+00:00, run_after=2022-11-11T00:00:00+00:00
[2022-11-11T14:39:03.639+0000] {processor.py:176} INFO - Processing /home/airflow/.local/lib/python3.7/site-packages/airflow/example_dags/example_bash_operator.py took 0.168 seconds
[2022-11-11T14:39:34.145+0000] {processor.py:154} INFO - Started process (PID=1444) to work on /home/airflow/.local/lib/python3.7/site-packages/airflow/example_dags/example_bash_operator.py
[2022-11-11T14:39:34.146+0000] {processor.py:756} INFO - Processing file /home/airflow/.local/lib/python3.7/site-packages/airflow/example_dags/example_bash_operator.py for tasks to queue
[2022-11-11T14:39:34.147+0000] {logging_mixin.py:120} INFO - [2022-11-11T14:39:34.147+0000] {dagbag.py:537} INFO - Filling up the DagBag from /home/airflow/.local/lib/python3.7/site-packages/airflow/example_dags/example_bash_operator.py
[2022-11-11T14:39:34.193+0000] {processor.py:766} INFO - DAG(s) dict_keys(['example_bash_operator']) retrieved from /home/airflow/.local/lib/python3.7/site-packages/airflow/example_dags/example_bash_operator.py
[2022-11-11T14:39:34.289+0000] {logging_mixin.py:120} INFO - [2022-11-11T14:39:34.289+0000] {dag.py:2585} INFO - Sync 1 DAGs
[2022-11-11T14:39:34.331+0000] {logging_mixin.py:120} INFO - [2022-11-11T14:39:34.330+0000] {dag.py:3340} INFO - Setting next_dagrun for example_bash_operator to 2022-11-10T00:00:00+00:00, run_after=2022-11-11T00:00:00+00:00
[2022-11-11T14:39:34.354+0000] {processor.py:176} INFO - Processing /home/airflow/.local/lib/python3.7/site-packages/airflow/example_dags/example_bash_operator.py took 0.215 seconds
[2022-11-11T14:40:04.836+0000] {processor.py:154} INFO - Started process (PID=1506) to work on /home/airflow/.local/lib/python3.7/site-packages/airflow/example_dags/example_bash_operator.py
[2022-11-11T14:40:04.838+0000] {processor.py:756} INFO - Processing file /home/airflow/.local/lib/python3.7/site-packages/airflow/example_dags/example_bash_operator.py for tasks to queue
[2022-11-11T14:40:04.839+0000] {logging_mixin.py:120} INFO - [2022-11-11T14:40:04.838+0000] {dagbag.py:537} INFO - Filling up the DagBag from /home/airflow/.local/lib/python3.7/site-packages/airflow/example_dags/example_bash_operator.py
[2022-11-11T14:40:04.872+0000] {processor.py:766} INFO - DAG(s) dict_keys(['example_bash_operator']) retrieved from /home/airflow/.local/lib/python3.7/site-packages/airflow/example_dags/example_bash_operator.py
[2022-11-11T14:40:04.935+0000] {logging_mixin.py:120} INFO - [2022-11-11T14:40:04.935+0000] {dag.py:2585} INFO - Sync 1 DAGs
[2022-11-11T14:40:04.971+0000] {logging_mixin.py:120} INFO - [2022-11-11T14:40:04.970+0000] {dag.py:3340} INFO - Setting next_dagrun for example_bash_operator to 2022-11-10T00:00:00+00:00, run_after=2022-11-11T00:00:00+00:00
[2022-11-11T14:40:04.999+0000] {processor.py:176} INFO - Processing /home/airflow/.local/lib/python3.7/site-packages/airflow/example_dags/example_bash_operator.py took 0.169 seconds
[2022-11-11T14:40:35.324+0000] {processor.py:154} INFO - Started process (PID=1562) to work on /home/airflow/.local/lib/python3.7/site-packages/airflow/example_dags/example_bash_operator.py
[2022-11-11T14:40:35.326+0000] {processor.py:756} INFO - Processing file /home/airflow/.local/lib/python3.7/site-packages/airflow/example_dags/example_bash_operator.py for tasks to queue
[2022-11-11T14:40:35.326+0000] {logging_mixin.py:120} INFO - [2022-11-11T14:40:35.326+0000] {dagbag.py:537} INFO - Filling up the DagBag from /home/airflow/.local/lib/python3.7/site-packages/airflow/example_dags/example_bash_operator.py
[2022-11-11T14:40:35.358+0000] {processor.py:766} INFO - DAG(s) dict_keys(['example_bash_operator']) retrieved from /home/airflow/.local/lib/python3.7/site-packages/airflow/example_dags/example_bash_operator.py
[2022-11-11T14:40:35.419+0000] {logging_mixin.py:120} INFO - [2022-11-11T14:40:35.419+0000] {dag.py:2585} INFO - Sync 1 DAGs
[2022-11-11T14:40:35.455+0000] {logging_mixin.py:120} INFO - [2022-11-11T14:40:35.455+0000] {dag.py:3340} INFO - Setting next_dagrun for example_bash_operator to 2022-11-10T00:00:00+00:00, run_after=2022-11-11T00:00:00+00:00
[2022-11-11T14:40:35.480+0000] {processor.py:176} INFO - Processing /home/airflow/.local/lib/python3.7/site-packages/airflow/example_dags/example_bash_operator.py took 0.161 seconds
[2022-11-11T14:41:05.925+0000] {processor.py:154} INFO - Started process (PID=1619) to work on /home/airflow/.local/lib/python3.7/site-packages/airflow/example_dags/example_bash_operator.py
[2022-11-11T14:41:05.926+0000] {processor.py:756} INFO - Processing file /home/airflow/.local/lib/python3.7/site-packages/airflow/example_dags/example_bash_operator.py for tasks to queue
[2022-11-11T14:41:05.927+0000] {logging_mixin.py:120} INFO - [2022-11-11T14:41:05.927+0000] {dagbag.py:537} INFO - Filling up the DagBag from /home/airflow/.local/lib/python3.7/site-packages/airflow/example_dags/example_bash_operator.py
[2022-11-11T14:41:05.960+0000] {processor.py:766} INFO - DAG(s) dict_keys(['example_bash_operator']) retrieved from /home/airflow/.local/lib/python3.7/site-packages/airflow/example_dags/example_bash_operator.py
[2022-11-11T14:41:06.026+0000] {logging_mixin.py:120} INFO - [2022-11-11T14:41:06.025+0000] {dag.py:2585} INFO - Sync 1 DAGs
[2022-11-11T14:41:06.064+0000] {logging_mixin.py:120} INFO - [2022-11-11T14:41:06.064+0000] {dag.py:3340} INFO - Setting next_dagrun for example_bash_operator to 2022-11-10T00:00:00+00:00, run_after=2022-11-11T00:00:00+00:00
[2022-11-11T14:41:06.089+0000] {processor.py:176} INFO - Processing /home/airflow/.local/lib/python3.7/site-packages/airflow/example_dags/example_bash_operator.py took 0.169 seconds
[2022-11-11T14:41:36.450+0000] {processor.py:154} INFO - Started process (PID=1677) to work on /home/airflow/.local/lib/python3.7/site-packages/airflow/example_dags/example_bash_operator.py
[2022-11-11T14:41:36.452+0000] {processor.py:756} INFO - Processing file /home/airflow/.local/lib/python3.7/site-packages/airflow/example_dags/example_bash_operator.py for tasks to queue
[2022-11-11T14:41:36.452+0000] {logging_mixin.py:120} INFO - [2022-11-11T14:41:36.452+0000] {dagbag.py:537} INFO - Filling up the DagBag from /home/airflow/.local/lib/python3.7/site-packages/airflow/example_dags/example_bash_operator.py
[2022-11-11T14:41:36.484+0000] {processor.py:766} INFO - DAG(s) dict_keys(['example_bash_operator']) retrieved from /home/airflow/.local/lib/python3.7/site-packages/airflow/example_dags/example_bash_operator.py
[2022-11-11T14:41:36.546+0000] {logging_mixin.py:120} INFO - [2022-11-11T14:41:36.545+0000] {dag.py:2585} INFO - Sync 1 DAGs
[2022-11-11T14:41:36.582+0000] {logging_mixin.py:120} INFO - [2022-11-11T14:41:36.581+0000] {dag.py:3340} INFO - Setting next_dagrun for example_bash_operator to 2022-11-10T00:00:00+00:00, run_after=2022-11-11T00:00:00+00:00
[2022-11-11T14:41:36.608+0000] {processor.py:176} INFO - Processing /home/airflow/.local/lib/python3.7/site-packages/airflow/example_dags/example_bash_operator.py took 0.163 seconds
[2022-11-11T14:42:06.994+0000] {processor.py:154} INFO - Started process (PID=1735) to work on /home/airflow/.local/lib/python3.7/site-packages/airflow/example_dags/example_bash_operator.py
[2022-11-11T14:42:06.996+0000] {processor.py:756} INFO - Processing file /home/airflow/.local/lib/python3.7/site-packages/airflow/example_dags/example_bash_operator.py for tasks to queue
[2022-11-11T14:42:06.997+0000] {logging_mixin.py:120} INFO - [2022-11-11T14:42:06.997+0000] {dagbag.py:537} INFO - Filling up the DagBag from /home/airflow/.local/lib/python3.7/site-packages/airflow/example_dags/example_bash_operator.py
[2022-11-11T14:42:07.030+0000] {processor.py:766} INFO - DAG(s) dict_keys(['example_bash_operator']) retrieved from /home/airflow/.local/lib/python3.7/site-packages/airflow/example_dags/example_bash_operator.py
[2022-11-11T14:42:07.090+0000] {logging_mixin.py:120} INFO - [2022-11-11T14:42:07.090+0000] {dag.py:2585} INFO - Sync 1 DAGs
[2022-11-11T14:42:07.124+0000] {logging_mixin.py:120} INFO - [2022-11-11T14:42:07.124+0000] {dag.py:3340} INFO - Setting next_dagrun for example_bash_operator to 2022-11-10T00:00:00+00:00, run_after=2022-11-11T00:00:00+00:00
[2022-11-11T14:42:07.146+0000] {processor.py:176} INFO - Processing /home/airflow/.local/lib/python3.7/site-packages/airflow/example_dags/example_bash_operator.py took 0.159 seconds
[2022-11-11T14:42:37.393+0000] {processor.py:154} INFO - Started process (PID=1793) to work on /home/airflow/.local/lib/python3.7/site-packages/airflow/example_dags/example_bash_operator.py
[2022-11-11T14:42:37.394+0000] {processor.py:756} INFO - Processing file /home/airflow/.local/lib/python3.7/site-packages/airflow/example_dags/example_bash_operator.py for tasks to queue
[2022-11-11T14:42:37.395+0000] {logging_mixin.py:120} INFO - [2022-11-11T14:42:37.395+0000] {dagbag.py:537} INFO - Filling up the DagBag from /home/airflow/.local/lib/python3.7/site-packages/airflow/example_dags/example_bash_operator.py
[2022-11-11T14:42:37.427+0000] {processor.py:766} INFO - DAG(s) dict_keys(['example_bash_operator']) retrieved from /home/airflow/.local/lib/python3.7/site-packages/airflow/example_dags/example_bash_operator.py
[2022-11-11T14:42:37.505+0000] {logging_mixin.py:120} INFO - [2022-11-11T14:42:37.505+0000] {dag.py:2585} INFO - Sync 1 DAGs
[2022-11-11T14:42:37.545+0000] {logging_mixin.py:120} INFO - [2022-11-11T14:42:37.545+0000] {dag.py:3340} INFO - Setting next_dagrun for example_bash_operator to 2022-11-10T00:00:00+00:00, run_after=2022-11-11T00:00:00+00:00
[2022-11-11T14:42:37.569+0000] {processor.py:176} INFO - Processing /home/airflow/.local/lib/python3.7/site-packages/airflow/example_dags/example_bash_operator.py took 0.181 seconds
[2022-11-11T14:43:08.029+0000] {processor.py:154} INFO - Started process (PID=1851) to work on /home/airflow/.local/lib/python3.7/site-packages/airflow/example_dags/example_bash_operator.py
[2022-11-11T14:43:08.030+0000] {processor.py:756} INFO - Processing file /home/airflow/.local/lib/python3.7/site-packages/airflow/example_dags/example_bash_operator.py for tasks to queue
[2022-11-11T14:43:08.031+0000] {logging_mixin.py:120} INFO - [2022-11-11T14:43:08.031+0000] {dagbag.py:537} INFO - Filling up the DagBag from /home/airflow/.local/lib/python3.7/site-packages/airflow/example_dags/example_bash_operator.py
[2022-11-11T14:43:08.062+0000] {processor.py:766} INFO - DAG(s) dict_keys(['example_bash_operator']) retrieved from /home/airflow/.local/lib/python3.7/site-packages/airflow/example_dags/example_bash_operator.py
[2022-11-11T14:43:08.121+0000] {logging_mixin.py:120} INFO - [2022-11-11T14:43:08.121+0000] {dag.py:2585} INFO - Sync 1 DAGs
[2022-11-11T14:43:08.156+0000] {logging_mixin.py:120} INFO - [2022-11-11T14:43:08.156+0000] {dag.py:3340} INFO - Setting next_dagrun for example_bash_operator to 2022-11-10T00:00:00+00:00, run_after=2022-11-11T00:00:00+00:00
[2022-11-11T14:43:08.179+0000] {processor.py:176} INFO - Processing /home/airflow/.local/lib/python3.7/site-packages/airflow/example_dags/example_bash_operator.py took 0.155 seconds
[2022-11-11T14:43:38.543+0000] {processor.py:154} INFO - Started process (PID=1908) to work on /home/airflow/.local/lib/python3.7/site-packages/airflow/example_dags/example_bash_operator.py
[2022-11-11T14:43:38.544+0000] {processor.py:756} INFO - Processing file /home/airflow/.local/lib/python3.7/site-packages/airflow/example_dags/example_bash_operator.py for tasks to queue
[2022-11-11T14:43:38.546+0000] {logging_mixin.py:120} INFO - [2022-11-11T14:43:38.545+0000] {dagbag.py:537} INFO - Filling up the DagBag from /home/airflow/.local/lib/python3.7/site-packages/airflow/example_dags/example_bash_operator.py
[2022-11-11T14:43:38.578+0000] {processor.py:766} INFO - DAG(s) dict_keys(['example_bash_operator']) retrieved from /home/airflow/.local/lib/python3.7/site-packages/airflow/example_dags/example_bash_operator.py
[2022-11-11T14:43:38.663+0000] {logging_mixin.py:120} INFO - [2022-11-11T14:43:38.662+0000] {dag.py:2585} INFO - Sync 1 DAGs
[2022-11-11T14:43:38.700+0000] {logging_mixin.py:120} INFO - [2022-11-11T14:43:38.700+0000] {dag.py:3340} INFO - Setting next_dagrun for example_bash_operator to 2022-11-10T00:00:00+00:00, run_after=2022-11-11T00:00:00+00:00
[2022-11-11T14:43:38.723+0000] {processor.py:176} INFO - Processing /home/airflow/.local/lib/python3.7/site-packages/airflow/example_dags/example_bash_operator.py took 0.188 seconds
[2022-11-11T14:44:08.958+0000] {processor.py:154} INFO - Started process (PID=1965) to work on /home/airflow/.local/lib/python3.7/site-packages/airflow/example_dags/example_bash_operator.py
[2022-11-11T14:44:08.959+0000] {processor.py:756} INFO - Processing file /home/airflow/.local/lib/python3.7/site-packages/airflow/example_dags/example_bash_operator.py for tasks to queue
[2022-11-11T14:44:08.960+0000] {logging_mixin.py:120} INFO - [2022-11-11T14:44:08.960+0000] {dagbag.py:537} INFO - Filling up the DagBag from /home/airflow/.local/lib/python3.7/site-packages/airflow/example_dags/example_bash_operator.py
[2022-11-11T14:44:08.991+0000] {processor.py:766} INFO - DAG(s) dict_keys(['example_bash_operator']) retrieved from /home/airflow/.local/lib/python3.7/site-packages/airflow/example_dags/example_bash_operator.py
[2022-11-11T14:44:09.052+0000] {logging_mixin.py:120} INFO - [2022-11-11T14:44:09.051+0000] {dag.py:2585} INFO - Sync 1 DAGs
[2022-11-11T14:44:09.086+0000] {logging_mixin.py:120} INFO - [2022-11-11T14:44:09.085+0000] {dag.py:3340} INFO - Setting next_dagrun for example_bash_operator to 2022-11-10T00:00:00+00:00, run_after=2022-11-11T00:00:00+00:00
[2022-11-11T14:44:09.108+0000] {processor.py:176} INFO - Processing /home/airflow/.local/lib/python3.7/site-packages/airflow/example_dags/example_bash_operator.py took 0.155 seconds
