[2022-11-11T14:18:06.502+0000] {processor.py:154} INFO - Started process (PID=66) to work on /home/airflow/.local/lib/python3.7/site-packages/airflow/example_dags/example_short_circuit_decorator.py
[2022-11-11T14:18:06.503+0000] {processor.py:756} INFO - Processing file /home/airflow/.local/lib/python3.7/site-packages/airflow/example_dags/example_short_circuit_decorator.py for tasks to queue
[2022-11-11T14:18:06.504+0000] {logging_mixin.py:120} INFO - [2022-11-11T14:18:06.504+0000] {dagbag.py:537} INFO - Filling up the DagBag from /home/airflow/.local/lib/python3.7/site-packages/airflow/example_dags/example_short_circuit_decorator.py
[2022-11-11T14:18:06.551+0000] {processor.py:766} INFO - DAG(s) dict_keys(['example_short_circuit_decorator']) retrieved from /home/airflow/.local/lib/python3.7/site-packages/airflow/example_dags/example_short_circuit_decorator.py
[2022-11-11T14:18:07.206+0000] {logging_mixin.py:120} INFO - [2022-11-11T14:18:07.206+0000] {manager.py:507} INFO - Created Permission View: can read on DAG:example_short_circuit_decorator
[2022-11-11T14:18:07.904+0000] {logging_mixin.py:120} INFO - [2022-11-11T14:18:07.904+0000] {manager.py:507} INFO - Created Permission View: can edit on DAG:example_short_circuit_decorator
[2022-11-11T14:18:08.046+0000] {logging_mixin.py:120} INFO - [2022-11-11T14:18:08.046+0000] {manager.py:507} INFO - Created Permission View: can delete on DAG:example_short_circuit_decorator
[2022-11-11T14:18:08.046+0000] {logging_mixin.py:120} INFO - [2022-11-11T14:18:08.046+0000] {dag.py:2585} INFO - Sync 1 DAGs
[2022-11-11T14:18:08.075+0000] {logging_mixin.py:120} INFO - [2022-11-11T14:18:08.075+0000] {dag.py:2606} INFO - Creating ORM DAG for example_short_circuit_decorator
[2022-11-11T14:18:08.101+0000] {logging_mixin.py:120} INFO - [2022-11-11T14:18:08.101+0000] {dag.py:3340} INFO - Setting next_dagrun for example_short_circuit_decorator to 2022-11-10T14:18:08.101135+00:00, run_after=2022-11-11T14:18:08.101135+00:00
[2022-11-11T14:18:08.134+0000] {processor.py:176} INFO - Processing /home/airflow/.local/lib/python3.7/site-packages/airflow/example_dags/example_short_circuit_decorator.py took 1.637 seconds
[2022-11-11T14:18:38.392+0000] {processor.py:154} INFO - Started process (PID=123) to work on /home/airflow/.local/lib/python3.7/site-packages/airflow/example_dags/example_short_circuit_decorator.py
[2022-11-11T14:18:38.393+0000] {processor.py:756} INFO - Processing file /home/airflow/.local/lib/python3.7/site-packages/airflow/example_dags/example_short_circuit_decorator.py for tasks to queue
[2022-11-11T14:18:38.394+0000] {logging_mixin.py:120} INFO - [2022-11-11T14:18:38.394+0000] {dagbag.py:537} INFO - Filling up the DagBag from /home/airflow/.local/lib/python3.7/site-packages/airflow/example_dags/example_short_circuit_decorator.py
[2022-11-11T14:18:38.430+0000] {processor.py:766} INFO - DAG(s) dict_keys(['example_short_circuit_decorator']) retrieved from /home/airflow/.local/lib/python3.7/site-packages/airflow/example_dags/example_short_circuit_decorator.py
[2022-11-11T14:18:38.490+0000] {logging_mixin.py:120} INFO - [2022-11-11T14:18:38.490+0000] {dag.py:2585} INFO - Sync 1 DAGs
[2022-11-11T14:18:38.529+0000] {logging_mixin.py:120} INFO - [2022-11-11T14:18:38.529+0000] {dag.py:3340} INFO - Setting next_dagrun for example_short_circuit_decorator to 2022-11-10T14:18:38.529048+00:00, run_after=2022-11-11T14:18:38.529048+00:00
[2022-11-11T14:18:38.562+0000] {processor.py:176} INFO - Processing /home/airflow/.local/lib/python3.7/site-packages/airflow/example_dags/example_short_circuit_decorator.py took 0.175 seconds
[2022-11-11T14:19:08.931+0000] {processor.py:154} INFO - Started process (PID=181) to work on /home/airflow/.local/lib/python3.7/site-packages/airflow/example_dags/example_short_circuit_decorator.py
[2022-11-11T14:19:08.933+0000] {processor.py:756} INFO - Processing file /home/airflow/.local/lib/python3.7/site-packages/airflow/example_dags/example_short_circuit_decorator.py for tasks to queue
[2022-11-11T14:19:08.934+0000] {logging_mixin.py:120} INFO - [2022-11-11T14:19:08.934+0000] {dagbag.py:537} INFO - Filling up the DagBag from /home/airflow/.local/lib/python3.7/site-packages/airflow/example_dags/example_short_circuit_decorator.py
[2022-11-11T14:19:08.973+0000] {processor.py:766} INFO - DAG(s) dict_keys(['example_short_circuit_decorator']) retrieved from /home/airflow/.local/lib/python3.7/site-packages/airflow/example_dags/example_short_circuit_decorator.py
[2022-11-11T14:19:09.033+0000] {logging_mixin.py:120} INFO - [2022-11-11T14:19:09.033+0000] {dag.py:2585} INFO - Sync 1 DAGs
[2022-11-11T14:19:09.077+0000] {logging_mixin.py:120} INFO - [2022-11-11T14:19:09.077+0000] {dag.py:3340} INFO - Setting next_dagrun for example_short_circuit_decorator to 2022-11-10T14:19:09.076596+00:00, run_after=2022-11-11T14:19:09.076596+00:00
[2022-11-11T14:19:09.106+0000] {processor.py:176} INFO - Processing /home/airflow/.local/lib/python3.7/site-packages/airflow/example_dags/example_short_circuit_decorator.py took 0.181 seconds
[2022-11-11T14:19:39.274+0000] {processor.py:154} INFO - Started process (PID=238) to work on /home/airflow/.local/lib/python3.7/site-packages/airflow/example_dags/example_short_circuit_decorator.py
[2022-11-11T14:19:39.276+0000] {processor.py:756} INFO - Processing file /home/airflow/.local/lib/python3.7/site-packages/airflow/example_dags/example_short_circuit_decorator.py for tasks to queue
[2022-11-11T14:19:39.277+0000] {logging_mixin.py:120} INFO - [2022-11-11T14:19:39.277+0000] {dagbag.py:537} INFO - Filling up the DagBag from /home/airflow/.local/lib/python3.7/site-packages/airflow/example_dags/example_short_circuit_decorator.py
[2022-11-11T14:19:39.314+0000] {processor.py:766} INFO - DAG(s) dict_keys(['example_short_circuit_decorator']) retrieved from /home/airflow/.local/lib/python3.7/site-packages/airflow/example_dags/example_short_circuit_decorator.py
[2022-11-11T14:19:39.371+0000] {logging_mixin.py:120} INFO - [2022-11-11T14:19:39.371+0000] {dag.py:2585} INFO - Sync 1 DAGs
[2022-11-11T14:19:39.407+0000] {logging_mixin.py:120} INFO - [2022-11-11T14:19:39.407+0000] {dag.py:3340} INFO - Setting next_dagrun for example_short_circuit_decorator to 2022-11-10T14:19:39.407280+00:00, run_after=2022-11-11T14:19:39.407280+00:00
[2022-11-11T14:19:39.433+0000] {processor.py:176} INFO - Processing /home/airflow/.local/lib/python3.7/site-packages/airflow/example_dags/example_short_circuit_decorator.py took 0.164 seconds
[2022-11-11T14:22:42.807+0000] {processor.py:154} INFO - Started process (PID=59) to work on /home/airflow/.local/lib/python3.7/site-packages/airflow/example_dags/example_short_circuit_decorator.py
[2022-11-11T14:22:42.809+0000] {processor.py:756} INFO - Processing file /home/airflow/.local/lib/python3.7/site-packages/airflow/example_dags/example_short_circuit_decorator.py for tasks to queue
[2022-11-11T14:22:42.810+0000] {logging_mixin.py:120} INFO - [2022-11-11T14:22:42.810+0000] {dagbag.py:537} INFO - Filling up the DagBag from /home/airflow/.local/lib/python3.7/site-packages/airflow/example_dags/example_short_circuit_decorator.py
[2022-11-11T14:22:42.847+0000] {processor.py:766} INFO - DAG(s) dict_keys(['example_short_circuit_decorator']) retrieved from /home/airflow/.local/lib/python3.7/site-packages/airflow/example_dags/example_short_circuit_decorator.py
[2022-11-11T14:22:42.914+0000] {logging_mixin.py:120} INFO - [2022-11-11T14:22:42.914+0000] {dag.py:2585} INFO - Sync 1 DAGs
[2022-11-11T14:22:42.949+0000] {logging_mixin.py:120} INFO - [2022-11-11T14:22:42.949+0000] {dag.py:3340} INFO - Setting next_dagrun for example_short_circuit_decorator to 2022-11-10T14:22:42.948669+00:00, run_after=2022-11-11T14:22:42.948669+00:00
[2022-11-11T14:22:43.596+0000] {processor.py:176} INFO - Processing /home/airflow/.local/lib/python3.7/site-packages/airflow/example_dags/example_short_circuit_decorator.py took 0.794 seconds
[2022-11-11T14:23:14.131+0000] {processor.py:154} INFO - Started process (PID=117) to work on /home/airflow/.local/lib/python3.7/site-packages/airflow/example_dags/example_short_circuit_decorator.py
[2022-11-11T14:23:14.133+0000] {processor.py:756} INFO - Processing file /home/airflow/.local/lib/python3.7/site-packages/airflow/example_dags/example_short_circuit_decorator.py for tasks to queue
[2022-11-11T14:23:14.134+0000] {logging_mixin.py:120} INFO - [2022-11-11T14:23:14.134+0000] {dagbag.py:537} INFO - Filling up the DagBag from /home/airflow/.local/lib/python3.7/site-packages/airflow/example_dags/example_short_circuit_decorator.py
[2022-11-11T14:23:14.189+0000] {processor.py:766} INFO - DAG(s) dict_keys(['example_short_circuit_decorator']) retrieved from /home/airflow/.local/lib/python3.7/site-packages/airflow/example_dags/example_short_circuit_decorator.py
[2022-11-11T14:23:14.258+0000] {logging_mixin.py:120} INFO - [2022-11-11T14:23:14.258+0000] {dag.py:2585} INFO - Sync 1 DAGs
[2022-11-11T14:23:14.296+0000] {logging_mixin.py:120} INFO - [2022-11-11T14:23:14.296+0000] {dag.py:3340} INFO - Setting next_dagrun for example_short_circuit_decorator to 2022-11-10T14:23:14.295870+00:00, run_after=2022-11-11T14:23:14.295870+00:00
[2022-11-11T14:23:14.324+0000] {processor.py:176} INFO - Processing /home/airflow/.local/lib/python3.7/site-packages/airflow/example_dags/example_short_circuit_decorator.py took 0.200 seconds
[2022-11-11T14:24:40.074+0000] {processor.py:154} INFO - Started process (PID=62) to work on /home/airflow/.local/lib/python3.7/site-packages/airflow/example_dags/example_short_circuit_decorator.py
[2022-11-11T14:24:40.076+0000] {processor.py:756} INFO - Processing file /home/airflow/.local/lib/python3.7/site-packages/airflow/example_dags/example_short_circuit_decorator.py for tasks to queue
[2022-11-11T14:24:40.076+0000] {logging_mixin.py:120} INFO - [2022-11-11T14:24:40.076+0000] {dagbag.py:537} INFO - Filling up the DagBag from /home/airflow/.local/lib/python3.7/site-packages/airflow/example_dags/example_short_circuit_decorator.py
[2022-11-11T14:24:40.113+0000] {processor.py:766} INFO - DAG(s) dict_keys(['example_short_circuit_decorator']) retrieved from /home/airflow/.local/lib/python3.7/site-packages/airflow/example_dags/example_short_circuit_decorator.py
[2022-11-11T14:24:40.175+0000] {logging_mixin.py:120} INFO - [2022-11-11T14:24:40.175+0000] {dag.py:2585} INFO - Sync 1 DAGs
[2022-11-11T14:24:40.209+0000] {logging_mixin.py:120} INFO - [2022-11-11T14:24:40.208+0000] {dag.py:3340} INFO - Setting next_dagrun for example_short_circuit_decorator to 2022-11-10T14:24:40.208633+00:00, run_after=2022-11-11T14:24:40.208633+00:00
[2022-11-11T14:24:40.234+0000] {processor.py:176} INFO - Processing /home/airflow/.local/lib/python3.7/site-packages/airflow/example_dags/example_short_circuit_decorator.py took 0.166 seconds
[2022-11-11T14:27:15.529+0000] {processor.py:154} INFO - Started process (PID=62) to work on /home/airflow/.local/lib/python3.7/site-packages/airflow/example_dags/example_short_circuit_decorator.py
[2022-11-11T14:27:15.531+0000] {processor.py:756} INFO - Processing file /home/airflow/.local/lib/python3.7/site-packages/airflow/example_dags/example_short_circuit_decorator.py for tasks to queue
[2022-11-11T14:27:15.532+0000] {logging_mixin.py:120} INFO - [2022-11-11T14:27:15.532+0000] {dagbag.py:537} INFO - Filling up the DagBag from /home/airflow/.local/lib/python3.7/site-packages/airflow/example_dags/example_short_circuit_decorator.py
[2022-11-11T14:27:15.583+0000] {processor.py:766} INFO - DAG(s) dict_keys(['example_short_circuit_decorator']) retrieved from /home/airflow/.local/lib/python3.7/site-packages/airflow/example_dags/example_short_circuit_decorator.py
[2022-11-11T14:27:15.643+0000] {logging_mixin.py:120} INFO - [2022-11-11T14:27:15.643+0000] {dag.py:2585} INFO - Sync 1 DAGs
[2022-11-11T14:27:15.680+0000] {logging_mixin.py:120} INFO - [2022-11-11T14:27:15.680+0000] {dag.py:3340} INFO - Setting next_dagrun for example_short_circuit_decorator to 2022-11-10T14:27:15.679875+00:00, run_after=2022-11-11T14:27:15.679875+00:00
[2022-11-11T14:27:15.708+0000] {processor.py:176} INFO - Processing /home/airflow/.local/lib/python3.7/site-packages/airflow/example_dags/example_short_circuit_decorator.py took 0.186 seconds
[2022-11-11T14:27:48.659+0000] {processor.py:154} INFO - Started process (PID=119) to work on /home/airflow/.local/lib/python3.7/site-packages/airflow/example_dags/example_short_circuit_decorator.py
[2022-11-11T14:27:48.661+0000] {processor.py:756} INFO - Processing file /home/airflow/.local/lib/python3.7/site-packages/airflow/example_dags/example_short_circuit_decorator.py for tasks to queue
[2022-11-11T14:27:48.661+0000] {logging_mixin.py:120} INFO - [2022-11-11T14:27:48.661+0000] {dagbag.py:537} INFO - Filling up the DagBag from /home/airflow/.local/lib/python3.7/site-packages/airflow/example_dags/example_short_circuit_decorator.py
[2022-11-11T14:27:48.696+0000] {processor.py:766} INFO - DAG(s) dict_keys(['example_short_circuit_decorator']) retrieved from /home/airflow/.local/lib/python3.7/site-packages/airflow/example_dags/example_short_circuit_decorator.py
[2022-11-11T14:27:48.752+0000] {logging_mixin.py:120} INFO - [2022-11-11T14:27:48.752+0000] {dag.py:2585} INFO - Sync 1 DAGs
[2022-11-11T14:27:48.788+0000] {logging_mixin.py:120} INFO - [2022-11-11T14:27:48.788+0000] {dag.py:3340} INFO - Setting next_dagrun for example_short_circuit_decorator to 2022-11-10T14:27:48.788254+00:00, run_after=2022-11-11T14:27:48.788254+00:00
[2022-11-11T14:27:49.233+0000] {processor.py:176} INFO - Processing /home/airflow/.local/lib/python3.7/site-packages/airflow/example_dags/example_short_circuit_decorator.py took 0.579 seconds
[2022-11-11T14:28:19.510+0000] {processor.py:154} INFO - Started process (PID=178) to work on /home/airflow/.local/lib/python3.7/site-packages/airflow/example_dags/example_short_circuit_decorator.py
[2022-11-11T14:28:19.512+0000] {processor.py:756} INFO - Processing file /home/airflow/.local/lib/python3.7/site-packages/airflow/example_dags/example_short_circuit_decorator.py for tasks to queue
[2022-11-11T14:28:19.513+0000] {logging_mixin.py:120} INFO - [2022-11-11T14:28:19.512+0000] {dagbag.py:537} INFO - Filling up the DagBag from /home/airflow/.local/lib/python3.7/site-packages/airflow/example_dags/example_short_circuit_decorator.py
[2022-11-11T14:28:19.548+0000] {processor.py:766} INFO - DAG(s) dict_keys(['example_short_circuit_decorator']) retrieved from /home/airflow/.local/lib/python3.7/site-packages/airflow/example_dags/example_short_circuit_decorator.py
[2022-11-11T14:28:19.604+0000] {logging_mixin.py:120} INFO - [2022-11-11T14:28:19.603+0000] {dag.py:2585} INFO - Sync 1 DAGs
[2022-11-11T14:28:19.638+0000] {logging_mixin.py:120} INFO - [2022-11-11T14:28:19.638+0000] {dag.py:3340} INFO - Setting next_dagrun for example_short_circuit_decorator to 2022-11-10T14:28:19.638116+00:00, run_after=2022-11-11T14:28:19.638116+00:00
[2022-11-11T14:28:19.669+0000] {processor.py:176} INFO - Processing /home/airflow/.local/lib/python3.7/site-packages/airflow/example_dags/example_short_circuit_decorator.py took 0.164 seconds
[2022-11-11T14:28:49.870+0000] {processor.py:154} INFO - Started process (PID=237) to work on /home/airflow/.local/lib/python3.7/site-packages/airflow/example_dags/example_short_circuit_decorator.py
[2022-11-11T14:28:49.871+0000] {processor.py:756} INFO - Processing file /home/airflow/.local/lib/python3.7/site-packages/airflow/example_dags/example_short_circuit_decorator.py for tasks to queue
[2022-11-11T14:28:49.872+0000] {logging_mixin.py:120} INFO - [2022-11-11T14:28:49.872+0000] {dagbag.py:537} INFO - Filling up the DagBag from /home/airflow/.local/lib/python3.7/site-packages/airflow/example_dags/example_short_circuit_decorator.py
[2022-11-11T14:28:49.908+0000] {processor.py:766} INFO - DAG(s) dict_keys(['example_short_circuit_decorator']) retrieved from /home/airflow/.local/lib/python3.7/site-packages/airflow/example_dags/example_short_circuit_decorator.py
[2022-11-11T14:28:49.973+0000] {logging_mixin.py:120} INFO - [2022-11-11T14:28:49.973+0000] {dag.py:2585} INFO - Sync 1 DAGs
[2022-11-11T14:28:50.009+0000] {logging_mixin.py:120} INFO - [2022-11-11T14:28:50.009+0000] {dag.py:3340} INFO - Setting next_dagrun for example_short_circuit_decorator to 2022-11-10T14:28:50.009306+00:00, run_after=2022-11-11T14:28:50.009306+00:00
[2022-11-11T14:28:50.033+0000] {processor.py:176} INFO - Processing /home/airflow/.local/lib/python3.7/site-packages/airflow/example_dags/example_short_circuit_decorator.py took 0.169 seconds
[2022-11-11T14:29:20.429+0000] {processor.py:154} INFO - Started process (PID=294) to work on /home/airflow/.local/lib/python3.7/site-packages/airflow/example_dags/example_short_circuit_decorator.py
[2022-11-11T14:29:20.430+0000] {processor.py:756} INFO - Processing file /home/airflow/.local/lib/python3.7/site-packages/airflow/example_dags/example_short_circuit_decorator.py for tasks to queue
[2022-11-11T14:29:20.431+0000] {logging_mixin.py:120} INFO - [2022-11-11T14:29:20.431+0000] {dagbag.py:537} INFO - Filling up the DagBag from /home/airflow/.local/lib/python3.7/site-packages/airflow/example_dags/example_short_circuit_decorator.py
[2022-11-11T14:29:20.467+0000] {processor.py:766} INFO - DAG(s) dict_keys(['example_short_circuit_decorator']) retrieved from /home/airflow/.local/lib/python3.7/site-packages/airflow/example_dags/example_short_circuit_decorator.py
[2022-11-11T14:29:20.525+0000] {logging_mixin.py:120} INFO - [2022-11-11T14:29:20.525+0000] {dag.py:2585} INFO - Sync 1 DAGs
[2022-11-11T14:29:20.560+0000] {logging_mixin.py:120} INFO - [2022-11-11T14:29:20.560+0000] {dag.py:3340} INFO - Setting next_dagrun for example_short_circuit_decorator to 2022-11-10T14:29:20.559740+00:00, run_after=2022-11-11T14:29:20.559740+00:00
[2022-11-11T14:29:20.585+0000] {processor.py:176} INFO - Processing /home/airflow/.local/lib/python3.7/site-packages/airflow/example_dags/example_short_circuit_decorator.py took 0.162 seconds
[2022-11-11T14:29:51.102+0000] {processor.py:154} INFO - Started process (PID=351) to work on /home/airflow/.local/lib/python3.7/site-packages/airflow/example_dags/example_short_circuit_decorator.py
[2022-11-11T14:29:51.103+0000] {processor.py:756} INFO - Processing file /home/airflow/.local/lib/python3.7/site-packages/airflow/example_dags/example_short_circuit_decorator.py for tasks to queue
[2022-11-11T14:29:51.104+0000] {logging_mixin.py:120} INFO - [2022-11-11T14:29:51.104+0000] {dagbag.py:537} INFO - Filling up the DagBag from /home/airflow/.local/lib/python3.7/site-packages/airflow/example_dags/example_short_circuit_decorator.py
[2022-11-11T14:29:51.140+0000] {processor.py:766} INFO - DAG(s) dict_keys(['example_short_circuit_decorator']) retrieved from /home/airflow/.local/lib/python3.7/site-packages/airflow/example_dags/example_short_circuit_decorator.py
[2022-11-11T14:29:51.201+0000] {logging_mixin.py:120} INFO - [2022-11-11T14:29:51.201+0000] {dag.py:2585} INFO - Sync 1 DAGs
[2022-11-11T14:29:51.244+0000] {logging_mixin.py:120} INFO - [2022-11-11T14:29:51.244+0000] {dag.py:3340} INFO - Setting next_dagrun for example_short_circuit_decorator to 2022-11-10T14:29:51.243672+00:00, run_after=2022-11-11T14:29:51.243672+00:00
[2022-11-11T14:29:51.270+0000] {processor.py:176} INFO - Processing /home/airflow/.local/lib/python3.7/site-packages/airflow/example_dags/example_short_circuit_decorator.py took 0.173 seconds
[2022-11-11T14:30:21.789+0000] {processor.py:154} INFO - Started process (PID=408) to work on /home/airflow/.local/lib/python3.7/site-packages/airflow/example_dags/example_short_circuit_decorator.py
[2022-11-11T14:30:21.790+0000] {processor.py:756} INFO - Processing file /home/airflow/.local/lib/python3.7/site-packages/airflow/example_dags/example_short_circuit_decorator.py for tasks to queue
[2022-11-11T14:30:21.792+0000] {logging_mixin.py:120} INFO - [2022-11-11T14:30:21.791+0000] {dagbag.py:537} INFO - Filling up the DagBag from /home/airflow/.local/lib/python3.7/site-packages/airflow/example_dags/example_short_circuit_decorator.py
[2022-11-11T14:30:21.830+0000] {processor.py:766} INFO - DAG(s) dict_keys(['example_short_circuit_decorator']) retrieved from /home/airflow/.local/lib/python3.7/site-packages/airflow/example_dags/example_short_circuit_decorator.py
[2022-11-11T14:30:21.890+0000] {logging_mixin.py:120} INFO - [2022-11-11T14:30:21.890+0000] {dag.py:2585} INFO - Sync 1 DAGs
[2022-11-11T14:30:21.924+0000] {logging_mixin.py:120} INFO - [2022-11-11T14:30:21.924+0000] {dag.py:3340} INFO - Setting next_dagrun for example_short_circuit_decorator to 2022-11-10T14:30:21.924100+00:00, run_after=2022-11-11T14:30:21.924100+00:00
[2022-11-11T14:30:21.957+0000] {processor.py:176} INFO - Processing /home/airflow/.local/lib/python3.7/site-packages/airflow/example_dags/example_short_circuit_decorator.py took 0.173 seconds
[2022-11-11T14:30:52.214+0000] {processor.py:154} INFO - Started process (PID=465) to work on /home/airflow/.local/lib/python3.7/site-packages/airflow/example_dags/example_short_circuit_decorator.py
[2022-11-11T14:30:52.216+0000] {processor.py:756} INFO - Processing file /home/airflow/.local/lib/python3.7/site-packages/airflow/example_dags/example_short_circuit_decorator.py for tasks to queue
[2022-11-11T14:30:52.217+0000] {logging_mixin.py:120} INFO - [2022-11-11T14:30:52.217+0000] {dagbag.py:537} INFO - Filling up the DagBag from /home/airflow/.local/lib/python3.7/site-packages/airflow/example_dags/example_short_circuit_decorator.py
[2022-11-11T14:30:52.254+0000] {processor.py:766} INFO - DAG(s) dict_keys(['example_short_circuit_decorator']) retrieved from /home/airflow/.local/lib/python3.7/site-packages/airflow/example_dags/example_short_circuit_decorator.py
[2022-11-11T14:30:52.311+0000] {logging_mixin.py:120} INFO - [2022-11-11T14:30:52.310+0000] {dag.py:2585} INFO - Sync 1 DAGs
[2022-11-11T14:30:52.350+0000] {logging_mixin.py:120} INFO - [2022-11-11T14:30:52.350+0000] {dag.py:3340} INFO - Setting next_dagrun for example_short_circuit_decorator to 2022-11-10T14:30:52.350180+00:00, run_after=2022-11-11T14:30:52.350180+00:00
[2022-11-11T14:30:52.378+0000] {processor.py:176} INFO - Processing /home/airflow/.local/lib/python3.7/site-packages/airflow/example_dags/example_short_circuit_decorator.py took 0.169 seconds
[2022-11-11T14:31:22.716+0000] {processor.py:154} INFO - Started process (PID=522) to work on /home/airflow/.local/lib/python3.7/site-packages/airflow/example_dags/example_short_circuit_decorator.py
[2022-11-11T14:31:22.717+0000] {processor.py:756} INFO - Processing file /home/airflow/.local/lib/python3.7/site-packages/airflow/example_dags/example_short_circuit_decorator.py for tasks to queue
[2022-11-11T14:31:22.718+0000] {logging_mixin.py:120} INFO - [2022-11-11T14:31:22.718+0000] {dagbag.py:537} INFO - Filling up the DagBag from /home/airflow/.local/lib/python3.7/site-packages/airflow/example_dags/example_short_circuit_decorator.py
[2022-11-11T14:31:22.753+0000] {processor.py:766} INFO - DAG(s) dict_keys(['example_short_circuit_decorator']) retrieved from /home/airflow/.local/lib/python3.7/site-packages/airflow/example_dags/example_short_circuit_decorator.py
[2022-11-11T14:31:22.811+0000] {logging_mixin.py:120} INFO - [2022-11-11T14:31:22.810+0000] {dag.py:2585} INFO - Sync 1 DAGs
[2022-11-11T14:31:22.845+0000] {logging_mixin.py:120} INFO - [2022-11-11T14:31:22.845+0000] {dag.py:3340} INFO - Setting next_dagrun for example_short_circuit_decorator to 2022-11-10T14:31:22.845157+00:00, run_after=2022-11-11T14:31:22.845157+00:00
[2022-11-11T14:31:22.870+0000] {processor.py:176} INFO - Processing /home/airflow/.local/lib/python3.7/site-packages/airflow/example_dags/example_short_circuit_decorator.py took 0.159 seconds
[2022-11-11T14:31:53.031+0000] {processor.py:154} INFO - Started process (PID=579) to work on /home/airflow/.local/lib/python3.7/site-packages/airflow/example_dags/example_short_circuit_decorator.py
[2022-11-11T14:31:53.032+0000] {processor.py:756} INFO - Processing file /home/airflow/.local/lib/python3.7/site-packages/airflow/example_dags/example_short_circuit_decorator.py for tasks to queue
[2022-11-11T14:31:53.033+0000] {logging_mixin.py:120} INFO - [2022-11-11T14:31:53.033+0000] {dagbag.py:537} INFO - Filling up the DagBag from /home/airflow/.local/lib/python3.7/site-packages/airflow/example_dags/example_short_circuit_decorator.py
[2022-11-11T14:31:53.067+0000] {processor.py:766} INFO - DAG(s) dict_keys(['example_short_circuit_decorator']) retrieved from /home/airflow/.local/lib/python3.7/site-packages/airflow/example_dags/example_short_circuit_decorator.py
[2022-11-11T14:31:53.122+0000] {logging_mixin.py:120} INFO - [2022-11-11T14:31:53.122+0000] {dag.py:2585} INFO - Sync 1 DAGs
[2022-11-11T14:31:53.155+0000] {logging_mixin.py:120} INFO - [2022-11-11T14:31:53.154+0000] {dag.py:3340} INFO - Setting next_dagrun for example_short_circuit_decorator to 2022-11-10T14:31:53.154573+00:00, run_after=2022-11-11T14:31:53.154573+00:00
[2022-11-11T14:31:53.179+0000] {processor.py:176} INFO - Processing /home/airflow/.local/lib/python3.7/site-packages/airflow/example_dags/example_short_circuit_decorator.py took 0.154 seconds
[2022-11-11T14:32:23.665+0000] {processor.py:154} INFO - Started process (PID=636) to work on /home/airflow/.local/lib/python3.7/site-packages/airflow/example_dags/example_short_circuit_decorator.py
[2022-11-11T14:32:23.666+0000] {processor.py:756} INFO - Processing file /home/airflow/.local/lib/python3.7/site-packages/airflow/example_dags/example_short_circuit_decorator.py for tasks to queue
[2022-11-11T14:32:23.667+0000] {logging_mixin.py:120} INFO - [2022-11-11T14:32:23.667+0000] {dagbag.py:537} INFO - Filling up the DagBag from /home/airflow/.local/lib/python3.7/site-packages/airflow/example_dags/example_short_circuit_decorator.py
[2022-11-11T14:32:23.702+0000] {processor.py:766} INFO - DAG(s) dict_keys(['example_short_circuit_decorator']) retrieved from /home/airflow/.local/lib/python3.7/site-packages/airflow/example_dags/example_short_circuit_decorator.py
[2022-11-11T14:32:23.756+0000] {logging_mixin.py:120} INFO - [2022-11-11T14:32:23.756+0000] {dag.py:2585} INFO - Sync 1 DAGs
[2022-11-11T14:32:23.789+0000] {logging_mixin.py:120} INFO - [2022-11-11T14:32:23.788+0000] {dag.py:3340} INFO - Setting next_dagrun for example_short_circuit_decorator to 2022-11-10T14:32:23.788416+00:00, run_after=2022-11-11T14:32:23.788416+00:00
[2022-11-11T14:32:23.813+0000] {processor.py:176} INFO - Processing /home/airflow/.local/lib/python3.7/site-packages/airflow/example_dags/example_short_circuit_decorator.py took 0.153 seconds
[2022-11-11T14:32:54.155+0000] {processor.py:154} INFO - Started process (PID=692) to work on /home/airflow/.local/lib/python3.7/site-packages/airflow/example_dags/example_short_circuit_decorator.py
[2022-11-11T14:32:54.157+0000] {processor.py:756} INFO - Processing file /home/airflow/.local/lib/python3.7/site-packages/airflow/example_dags/example_short_circuit_decorator.py for tasks to queue
[2022-11-11T14:32:54.158+0000] {logging_mixin.py:120} INFO - [2022-11-11T14:32:54.157+0000] {dagbag.py:537} INFO - Filling up the DagBag from /home/airflow/.local/lib/python3.7/site-packages/airflow/example_dags/example_short_circuit_decorator.py
[2022-11-11T14:32:54.193+0000] {processor.py:766} INFO - DAG(s) dict_keys(['example_short_circuit_decorator']) retrieved from /home/airflow/.local/lib/python3.7/site-packages/airflow/example_dags/example_short_circuit_decorator.py
[2022-11-11T14:32:54.256+0000] {logging_mixin.py:120} INFO - [2022-11-11T14:32:54.256+0000] {dag.py:2585} INFO - Sync 1 DAGs
[2022-11-11T14:32:54.294+0000] {logging_mixin.py:120} INFO - [2022-11-11T14:32:54.294+0000] {dag.py:3340} INFO - Setting next_dagrun for example_short_circuit_decorator to 2022-11-10T14:32:54.293811+00:00, run_after=2022-11-11T14:32:54.293811+00:00
[2022-11-11T14:32:54.318+0000] {processor.py:176} INFO - Processing /home/airflow/.local/lib/python3.7/site-packages/airflow/example_dags/example_short_circuit_decorator.py took 0.168 seconds
[2022-11-11T14:33:24.695+0000] {processor.py:154} INFO - Started process (PID=750) to work on /home/airflow/.local/lib/python3.7/site-packages/airflow/example_dags/example_short_circuit_decorator.py
[2022-11-11T14:33:24.696+0000] {processor.py:756} INFO - Processing file /home/airflow/.local/lib/python3.7/site-packages/airflow/example_dags/example_short_circuit_decorator.py for tasks to queue
[2022-11-11T14:33:24.697+0000] {logging_mixin.py:120} INFO - [2022-11-11T14:33:24.697+0000] {dagbag.py:537} INFO - Filling up the DagBag from /home/airflow/.local/lib/python3.7/site-packages/airflow/example_dags/example_short_circuit_decorator.py
[2022-11-11T14:33:24.731+0000] {processor.py:766} INFO - DAG(s) dict_keys(['example_short_circuit_decorator']) retrieved from /home/airflow/.local/lib/python3.7/site-packages/airflow/example_dags/example_short_circuit_decorator.py
[2022-11-11T14:33:24.788+0000] {logging_mixin.py:120} INFO - [2022-11-11T14:33:24.788+0000] {dag.py:2585} INFO - Sync 1 DAGs
[2022-11-11T14:33:24.821+0000] {logging_mixin.py:120} INFO - [2022-11-11T14:33:24.821+0000] {dag.py:3340} INFO - Setting next_dagrun for example_short_circuit_decorator to 2022-11-10T14:33:24.821118+00:00, run_after=2022-11-11T14:33:24.821118+00:00
[2022-11-11T14:33:24.844+0000] {processor.py:176} INFO - Processing /home/airflow/.local/lib/python3.7/site-packages/airflow/example_dags/example_short_circuit_decorator.py took 0.154 seconds
[2022-11-11T14:33:55.367+0000] {processor.py:154} INFO - Started process (PID=806) to work on /home/airflow/.local/lib/python3.7/site-packages/airflow/example_dags/example_short_circuit_decorator.py
[2022-11-11T14:33:55.368+0000] {processor.py:756} INFO - Processing file /home/airflow/.local/lib/python3.7/site-packages/airflow/example_dags/example_short_circuit_decorator.py for tasks to queue
[2022-11-11T14:33:55.369+0000] {logging_mixin.py:120} INFO - [2022-11-11T14:33:55.369+0000] {dagbag.py:537} INFO - Filling up the DagBag from /home/airflow/.local/lib/python3.7/site-packages/airflow/example_dags/example_short_circuit_decorator.py
[2022-11-11T14:33:55.408+0000] {processor.py:766} INFO - DAG(s) dict_keys(['example_short_circuit_decorator']) retrieved from /home/airflow/.local/lib/python3.7/site-packages/airflow/example_dags/example_short_circuit_decorator.py
[2022-11-11T14:33:55.464+0000] {logging_mixin.py:120} INFO - [2022-11-11T14:33:55.464+0000] {dag.py:2585} INFO - Sync 1 DAGs
[2022-11-11T14:33:55.499+0000] {logging_mixin.py:120} INFO - [2022-11-11T14:33:55.498+0000] {dag.py:3340} INFO - Setting next_dagrun for example_short_circuit_decorator to 2022-11-10T14:33:55.498458+00:00, run_after=2022-11-11T14:33:55.498458+00:00
[2022-11-11T14:33:55.523+0000] {processor.py:176} INFO - Processing /home/airflow/.local/lib/python3.7/site-packages/airflow/example_dags/example_short_circuit_decorator.py took 0.162 seconds
[2022-11-11T14:34:25.861+0000] {processor.py:154} INFO - Started process (PID=863) to work on /home/airflow/.local/lib/python3.7/site-packages/airflow/example_dags/example_short_circuit_decorator.py
[2022-11-11T14:34:25.862+0000] {processor.py:756} INFO - Processing file /home/airflow/.local/lib/python3.7/site-packages/airflow/example_dags/example_short_circuit_decorator.py for tasks to queue
[2022-11-11T14:34:25.863+0000] {logging_mixin.py:120} INFO - [2022-11-11T14:34:25.863+0000] {dagbag.py:537} INFO - Filling up the DagBag from /home/airflow/.local/lib/python3.7/site-packages/airflow/example_dags/example_short_circuit_decorator.py
[2022-11-11T14:34:25.899+0000] {processor.py:766} INFO - DAG(s) dict_keys(['example_short_circuit_decorator']) retrieved from /home/airflow/.local/lib/python3.7/site-packages/airflow/example_dags/example_short_circuit_decorator.py
[2022-11-11T14:34:25.955+0000] {logging_mixin.py:120} INFO - [2022-11-11T14:34:25.955+0000] {dag.py:2585} INFO - Sync 1 DAGs
[2022-11-11T14:34:25.991+0000] {logging_mixin.py:120} INFO - [2022-11-11T14:34:25.990+0000] {dag.py:3340} INFO - Setting next_dagrun for example_short_circuit_decorator to 2022-11-10T14:34:25.990472+00:00, run_after=2022-11-11T14:34:25.990472+00:00
[2022-11-11T14:34:26.017+0000] {processor.py:176} INFO - Processing /home/airflow/.local/lib/python3.7/site-packages/airflow/example_dags/example_short_circuit_decorator.py took 0.161 seconds
[2022-11-11T14:34:56.480+0000] {processor.py:154} INFO - Started process (PID=920) to work on /home/airflow/.local/lib/python3.7/site-packages/airflow/example_dags/example_short_circuit_decorator.py
[2022-11-11T14:34:56.481+0000] {processor.py:756} INFO - Processing file /home/airflow/.local/lib/python3.7/site-packages/airflow/example_dags/example_short_circuit_decorator.py for tasks to queue
[2022-11-11T14:34:56.482+0000] {logging_mixin.py:120} INFO - [2022-11-11T14:34:56.482+0000] {dagbag.py:537} INFO - Filling up the DagBag from /home/airflow/.local/lib/python3.7/site-packages/airflow/example_dags/example_short_circuit_decorator.py
[2022-11-11T14:34:56.517+0000] {processor.py:766} INFO - DAG(s) dict_keys(['example_short_circuit_decorator']) retrieved from /home/airflow/.local/lib/python3.7/site-packages/airflow/example_dags/example_short_circuit_decorator.py
[2022-11-11T14:34:56.579+0000] {logging_mixin.py:120} INFO - [2022-11-11T14:34:56.579+0000] {dag.py:2585} INFO - Sync 1 DAGs
[2022-11-11T14:34:56.614+0000] {logging_mixin.py:120} INFO - [2022-11-11T14:34:56.614+0000] {dag.py:3340} INFO - Setting next_dagrun for example_short_circuit_decorator to 2022-11-10T14:34:56.614250+00:00, run_after=2022-11-11T14:34:56.614250+00:00
[2022-11-11T14:34:56.638+0000] {processor.py:176} INFO - Processing /home/airflow/.local/lib/python3.7/site-packages/airflow/example_dags/example_short_circuit_decorator.py took 0.165 seconds
[2022-11-11T14:35:26.903+0000] {processor.py:154} INFO - Started process (PID=979) to work on /home/airflow/.local/lib/python3.7/site-packages/airflow/example_dags/example_short_circuit_decorator.py
[2022-11-11T14:35:26.904+0000] {processor.py:756} INFO - Processing file /home/airflow/.local/lib/python3.7/site-packages/airflow/example_dags/example_short_circuit_decorator.py for tasks to queue
[2022-11-11T14:35:26.905+0000] {logging_mixin.py:120} INFO - [2022-11-11T14:35:26.904+0000] {dagbag.py:537} INFO - Filling up the DagBag from /home/airflow/.local/lib/python3.7/site-packages/airflow/example_dags/example_short_circuit_decorator.py
[2022-11-11T14:35:26.938+0000] {processor.py:766} INFO - DAG(s) dict_keys(['example_short_circuit_decorator']) retrieved from /home/airflow/.local/lib/python3.7/site-packages/airflow/example_dags/example_short_circuit_decorator.py
[2022-11-11T14:35:26.993+0000] {logging_mixin.py:120} INFO - [2022-11-11T14:35:26.993+0000] {dag.py:2585} INFO - Sync 1 DAGs
[2022-11-11T14:35:27.026+0000] {logging_mixin.py:120} INFO - [2022-11-11T14:35:27.025+0000] {dag.py:3340} INFO - Setting next_dagrun for example_short_circuit_decorator to 2022-11-10T14:35:27.025625+00:00, run_after=2022-11-11T14:35:27.025625+00:00
[2022-11-11T14:35:27.049+0000] {processor.py:176} INFO - Processing /home/airflow/.local/lib/python3.7/site-packages/airflow/example_dags/example_short_circuit_decorator.py took 0.152 seconds
[2022-11-11T14:35:57.395+0000] {processor.py:154} INFO - Started process (PID=1036) to work on /home/airflow/.local/lib/python3.7/site-packages/airflow/example_dags/example_short_circuit_decorator.py
[2022-11-11T14:35:57.397+0000] {processor.py:756} INFO - Processing file /home/airflow/.local/lib/python3.7/site-packages/airflow/example_dags/example_short_circuit_decorator.py for tasks to queue
[2022-11-11T14:35:57.398+0000] {logging_mixin.py:120} INFO - [2022-11-11T14:35:57.398+0000] {dagbag.py:537} INFO - Filling up the DagBag from /home/airflow/.local/lib/python3.7/site-packages/airflow/example_dags/example_short_circuit_decorator.py
[2022-11-11T14:35:57.431+0000] {processor.py:766} INFO - DAG(s) dict_keys(['example_short_circuit_decorator']) retrieved from /home/airflow/.local/lib/python3.7/site-packages/airflow/example_dags/example_short_circuit_decorator.py
[2022-11-11T14:35:57.487+0000] {logging_mixin.py:120} INFO - [2022-11-11T14:35:57.486+0000] {dag.py:2585} INFO - Sync 1 DAGs
[2022-11-11T14:35:57.519+0000] {logging_mixin.py:120} INFO - [2022-11-11T14:35:57.519+0000] {dag.py:3340} INFO - Setting next_dagrun for example_short_circuit_decorator to 2022-11-10T14:35:57.519375+00:00, run_after=2022-11-11T14:35:57.519375+00:00
[2022-11-11T14:35:57.543+0000] {processor.py:176} INFO - Processing /home/airflow/.local/lib/python3.7/site-packages/airflow/example_dags/example_short_circuit_decorator.py took 0.153 seconds
[2022-11-11T14:36:27.859+0000] {processor.py:154} INFO - Started process (PID=1093) to work on /home/airflow/.local/lib/python3.7/site-packages/airflow/example_dags/example_short_circuit_decorator.py
[2022-11-11T14:36:27.860+0000] {processor.py:756} INFO - Processing file /home/airflow/.local/lib/python3.7/site-packages/airflow/example_dags/example_short_circuit_decorator.py for tasks to queue
[2022-11-11T14:36:27.861+0000] {logging_mixin.py:120} INFO - [2022-11-11T14:36:27.861+0000] {dagbag.py:537} INFO - Filling up the DagBag from /home/airflow/.local/lib/python3.7/site-packages/airflow/example_dags/example_short_circuit_decorator.py
[2022-11-11T14:36:27.896+0000] {processor.py:766} INFO - DAG(s) dict_keys(['example_short_circuit_decorator']) retrieved from /home/airflow/.local/lib/python3.7/site-packages/airflow/example_dags/example_short_circuit_decorator.py
[2022-11-11T14:36:27.953+0000] {logging_mixin.py:120} INFO - [2022-11-11T14:36:27.953+0000] {dag.py:2585} INFO - Sync 1 DAGs
[2022-11-11T14:36:27.989+0000] {logging_mixin.py:120} INFO - [2022-11-11T14:36:27.988+0000] {dag.py:3340} INFO - Setting next_dagrun for example_short_circuit_decorator to 2022-11-10T14:36:27.988511+00:00, run_after=2022-11-11T14:36:27.988511+00:00
[2022-11-11T14:36:28.016+0000] {processor.py:176} INFO - Processing /home/airflow/.local/lib/python3.7/site-packages/airflow/example_dags/example_short_circuit_decorator.py took 0.163 seconds
[2022-11-11T14:36:58.569+0000] {processor.py:154} INFO - Started process (PID=1150) to work on /home/airflow/.local/lib/python3.7/site-packages/airflow/example_dags/example_short_circuit_decorator.py
[2022-11-11T14:36:58.570+0000] {processor.py:756} INFO - Processing file /home/airflow/.local/lib/python3.7/site-packages/airflow/example_dags/example_short_circuit_decorator.py for tasks to queue
[2022-11-11T14:36:58.571+0000] {logging_mixin.py:120} INFO - [2022-11-11T14:36:58.571+0000] {dagbag.py:537} INFO - Filling up the DagBag from /home/airflow/.local/lib/python3.7/site-packages/airflow/example_dags/example_short_circuit_decorator.py
[2022-11-11T14:36:58.605+0000] {processor.py:766} INFO - DAG(s) dict_keys(['example_short_circuit_decorator']) retrieved from /home/airflow/.local/lib/python3.7/site-packages/airflow/example_dags/example_short_circuit_decorator.py
[2022-11-11T14:36:58.661+0000] {logging_mixin.py:120} INFO - [2022-11-11T14:36:58.661+0000] {dag.py:2585} INFO - Sync 1 DAGs
[2022-11-11T14:36:58.696+0000] {logging_mixin.py:120} INFO - [2022-11-11T14:36:58.696+0000] {dag.py:3340} INFO - Setting next_dagrun for example_short_circuit_decorator to 2022-11-10T14:36:58.695844+00:00, run_after=2022-11-11T14:36:58.695844+00:00
[2022-11-11T14:36:58.719+0000] {processor.py:176} INFO - Processing /home/airflow/.local/lib/python3.7/site-packages/airflow/example_dags/example_short_circuit_decorator.py took 0.155 seconds
[2022-11-11T14:37:29.114+0000] {processor.py:154} INFO - Started process (PID=1208) to work on /home/airflow/.local/lib/python3.7/site-packages/airflow/example_dags/example_short_circuit_decorator.py
[2022-11-11T14:37:29.116+0000] {processor.py:756} INFO - Processing file /home/airflow/.local/lib/python3.7/site-packages/airflow/example_dags/example_short_circuit_decorator.py for tasks to queue
[2022-11-11T14:37:29.116+0000] {logging_mixin.py:120} INFO - [2022-11-11T14:37:29.116+0000] {dagbag.py:537} INFO - Filling up the DagBag from /home/airflow/.local/lib/python3.7/site-packages/airflow/example_dags/example_short_circuit_decorator.py
[2022-11-11T14:37:29.150+0000] {processor.py:766} INFO - DAG(s) dict_keys(['example_short_circuit_decorator']) retrieved from /home/airflow/.local/lib/python3.7/site-packages/airflow/example_dags/example_short_circuit_decorator.py
[2022-11-11T14:37:29.206+0000] {logging_mixin.py:120} INFO - [2022-11-11T14:37:29.206+0000] {dag.py:2585} INFO - Sync 1 DAGs
[2022-11-11T14:37:29.239+0000] {logging_mixin.py:120} INFO - [2022-11-11T14:37:29.238+0000] {dag.py:3340} INFO - Setting next_dagrun for example_short_circuit_decorator to 2022-11-10T14:37:29.238535+00:00, run_after=2022-11-11T14:37:29.238535+00:00
[2022-11-11T14:37:29.263+0000] {processor.py:176} INFO - Processing /home/airflow/.local/lib/python3.7/site-packages/airflow/example_dags/example_short_circuit_decorator.py took 0.154 seconds
[2022-11-11T14:37:59.651+0000] {processor.py:154} INFO - Started process (PID=1266) to work on /home/airflow/.local/lib/python3.7/site-packages/airflow/example_dags/example_short_circuit_decorator.py
[2022-11-11T14:37:59.652+0000] {processor.py:756} INFO - Processing file /home/airflow/.local/lib/python3.7/site-packages/airflow/example_dags/example_short_circuit_decorator.py for tasks to queue
[2022-11-11T14:37:59.653+0000] {logging_mixin.py:120} INFO - [2022-11-11T14:37:59.653+0000] {dagbag.py:537} INFO - Filling up the DagBag from /home/airflow/.local/lib/python3.7/site-packages/airflow/example_dags/example_short_circuit_decorator.py
[2022-11-11T14:37:59.689+0000] {processor.py:766} INFO - DAG(s) dict_keys(['example_short_circuit_decorator']) retrieved from /home/airflow/.local/lib/python3.7/site-packages/airflow/example_dags/example_short_circuit_decorator.py
[2022-11-11T14:37:59.749+0000] {logging_mixin.py:120} INFO - [2022-11-11T14:37:59.749+0000] {dag.py:2585} INFO - Sync 1 DAGs
[2022-11-11T14:37:59.784+0000] {logging_mixin.py:120} INFO - [2022-11-11T14:37:59.784+0000] {dag.py:3340} INFO - Setting next_dagrun for example_short_circuit_decorator to 2022-11-10T14:37:59.784101+00:00, run_after=2022-11-11T14:37:59.784101+00:00
[2022-11-11T14:37:59.810+0000] {processor.py:176} INFO - Processing /home/airflow/.local/lib/python3.7/site-packages/airflow/example_dags/example_short_circuit_decorator.py took 0.164 seconds
[2022-11-11T14:38:30.016+0000] {processor.py:154} INFO - Started process (PID=1323) to work on /home/airflow/.local/lib/python3.7/site-packages/airflow/example_dags/example_short_circuit_decorator.py
[2022-11-11T14:38:30.017+0000] {processor.py:756} INFO - Processing file /home/airflow/.local/lib/python3.7/site-packages/airflow/example_dags/example_short_circuit_decorator.py for tasks to queue
[2022-11-11T14:38:30.018+0000] {logging_mixin.py:120} INFO - [2022-11-11T14:38:30.018+0000] {dagbag.py:537} INFO - Filling up the DagBag from /home/airflow/.local/lib/python3.7/site-packages/airflow/example_dags/example_short_circuit_decorator.py
[2022-11-11T14:38:30.053+0000] {processor.py:766} INFO - DAG(s) dict_keys(['example_short_circuit_decorator']) retrieved from /home/airflow/.local/lib/python3.7/site-packages/airflow/example_dags/example_short_circuit_decorator.py
[2022-11-11T14:38:30.107+0000] {logging_mixin.py:120} INFO - [2022-11-11T14:38:30.107+0000] {dag.py:2585} INFO - Sync 1 DAGs
[2022-11-11T14:38:30.141+0000] {logging_mixin.py:120} INFO - [2022-11-11T14:38:30.141+0000] {dag.py:3340} INFO - Setting next_dagrun for example_short_circuit_decorator to 2022-11-10T14:38:30.141195+00:00, run_after=2022-11-11T14:38:30.141195+00:00
[2022-11-11T14:38:30.170+0000] {processor.py:176} INFO - Processing /home/airflow/.local/lib/python3.7/site-packages/airflow/example_dags/example_short_circuit_decorator.py took 0.159 seconds
[2022-11-11T14:39:00.731+0000] {processor.py:154} INFO - Started process (PID=1378) to work on /home/airflow/.local/lib/python3.7/site-packages/airflow/example_dags/example_short_circuit_decorator.py
[2022-11-11T14:39:00.732+0000] {processor.py:756} INFO - Processing file /home/airflow/.local/lib/python3.7/site-packages/airflow/example_dags/example_short_circuit_decorator.py for tasks to queue
[2022-11-11T14:39:00.733+0000] {logging_mixin.py:120} INFO - [2022-11-11T14:39:00.733+0000] {dagbag.py:537} INFO - Filling up the DagBag from /home/airflow/.local/lib/python3.7/site-packages/airflow/example_dags/example_short_circuit_decorator.py
[2022-11-11T14:39:00.767+0000] {processor.py:766} INFO - DAG(s) dict_keys(['example_short_circuit_decorator']) retrieved from /home/airflow/.local/lib/python3.7/site-packages/airflow/example_dags/example_short_circuit_decorator.py
[2022-11-11T14:39:00.823+0000] {logging_mixin.py:120} INFO - [2022-11-11T14:39:00.822+0000] {dag.py:2585} INFO - Sync 1 DAGs
[2022-11-11T14:39:00.859+0000] {logging_mixin.py:120} INFO - [2022-11-11T14:39:00.858+0000] {dag.py:3340} INFO - Setting next_dagrun for example_short_circuit_decorator to 2022-11-10T14:39:00.858547+00:00, run_after=2022-11-11T14:39:00.858547+00:00
[2022-11-11T14:39:00.888+0000] {processor.py:176} INFO - Processing /home/airflow/.local/lib/python3.7/site-packages/airflow/example_dags/example_short_circuit_decorator.py took 0.162 seconds
[2022-11-11T14:39:31.360+0000] {processor.py:154} INFO - Started process (PID=1436) to work on /home/airflow/.local/lib/python3.7/site-packages/airflow/example_dags/example_short_circuit_decorator.py
[2022-11-11T14:39:31.362+0000] {processor.py:756} INFO - Processing file /home/airflow/.local/lib/python3.7/site-packages/airflow/example_dags/example_short_circuit_decorator.py for tasks to queue
[2022-11-11T14:39:31.363+0000] {logging_mixin.py:120} INFO - [2022-11-11T14:39:31.363+0000] {dagbag.py:537} INFO - Filling up the DagBag from /home/airflow/.local/lib/python3.7/site-packages/airflow/example_dags/example_short_circuit_decorator.py
[2022-11-11T14:39:31.397+0000] {processor.py:766} INFO - DAG(s) dict_keys(['example_short_circuit_decorator']) retrieved from /home/airflow/.local/lib/python3.7/site-packages/airflow/example_dags/example_short_circuit_decorator.py
[2022-11-11T14:39:31.454+0000] {logging_mixin.py:120} INFO - [2022-11-11T14:39:31.453+0000] {dag.py:2585} INFO - Sync 1 DAGs
[2022-11-11T14:39:31.487+0000] {logging_mixin.py:120} INFO - [2022-11-11T14:39:31.487+0000] {dag.py:3340} INFO - Setting next_dagrun for example_short_circuit_decorator to 2022-11-10T14:39:31.487106+00:00, run_after=2022-11-11T14:39:31.487106+00:00
[2022-11-11T14:39:31.511+0000] {processor.py:176} INFO - Processing /home/airflow/.local/lib/python3.7/site-packages/airflow/example_dags/example_short_circuit_decorator.py took 0.156 seconds
[2022-11-11T14:40:02.075+0000] {processor.py:154} INFO - Started process (PID=1492) to work on /home/airflow/.local/lib/python3.7/site-packages/airflow/example_dags/example_short_circuit_decorator.py
[2022-11-11T14:40:02.076+0000] {processor.py:756} INFO - Processing file /home/airflow/.local/lib/python3.7/site-packages/airflow/example_dags/example_short_circuit_decorator.py for tasks to queue
[2022-11-11T14:40:02.077+0000] {logging_mixin.py:120} INFO - [2022-11-11T14:40:02.077+0000] {dagbag.py:537} INFO - Filling up the DagBag from /home/airflow/.local/lib/python3.7/site-packages/airflow/example_dags/example_short_circuit_decorator.py
[2022-11-11T14:40:02.112+0000] {processor.py:766} INFO - DAG(s) dict_keys(['example_short_circuit_decorator']) retrieved from /home/airflow/.local/lib/python3.7/site-packages/airflow/example_dags/example_short_circuit_decorator.py
[2022-11-11T14:40:02.169+0000] {logging_mixin.py:120} INFO - [2022-11-11T14:40:02.168+0000] {dag.py:2585} INFO - Sync 1 DAGs
[2022-11-11T14:40:02.204+0000] {logging_mixin.py:120} INFO - [2022-11-11T14:40:02.204+0000] {dag.py:3340} INFO - Setting next_dagrun for example_short_circuit_decorator to 2022-11-10T14:40:02.203767+00:00, run_after=2022-11-11T14:40:02.203767+00:00
[2022-11-11T14:40:02.230+0000] {processor.py:176} INFO - Processing /home/airflow/.local/lib/python3.7/site-packages/airflow/example_dags/example_short_circuit_decorator.py took 0.160 seconds
[2022-11-11T14:40:32.529+0000] {processor.py:154} INFO - Started process (PID=1548) to work on /home/airflow/.local/lib/python3.7/site-packages/airflow/example_dags/example_short_circuit_decorator.py
[2022-11-11T14:40:32.531+0000] {processor.py:756} INFO - Processing file /home/airflow/.local/lib/python3.7/site-packages/airflow/example_dags/example_short_circuit_decorator.py for tasks to queue
[2022-11-11T14:40:32.532+0000] {logging_mixin.py:120} INFO - [2022-11-11T14:40:32.532+0000] {dagbag.py:537} INFO - Filling up the DagBag from /home/airflow/.local/lib/python3.7/site-packages/airflow/example_dags/example_short_circuit_decorator.py
[2022-11-11T14:40:32.567+0000] {processor.py:766} INFO - DAG(s) dict_keys(['example_short_circuit_decorator']) retrieved from /home/airflow/.local/lib/python3.7/site-packages/airflow/example_dags/example_short_circuit_decorator.py
[2022-11-11T14:40:32.621+0000] {logging_mixin.py:120} INFO - [2022-11-11T14:40:32.621+0000] {dag.py:2585} INFO - Sync 1 DAGs
[2022-11-11T14:40:32.655+0000] {logging_mixin.py:120} INFO - [2022-11-11T14:40:32.655+0000] {dag.py:3340} INFO - Setting next_dagrun for example_short_circuit_decorator to 2022-11-10T14:40:32.654979+00:00, run_after=2022-11-11T14:40:32.654979+00:00
[2022-11-11T14:40:32.680+0000] {processor.py:176} INFO - Processing /home/airflow/.local/lib/python3.7/site-packages/airflow/example_dags/example_short_circuit_decorator.py took 0.156 seconds
[2022-11-11T14:41:02.939+0000] {processor.py:154} INFO - Started process (PID=1604) to work on /home/airflow/.local/lib/python3.7/site-packages/airflow/example_dags/example_short_circuit_decorator.py
[2022-11-11T14:41:02.941+0000] {processor.py:756} INFO - Processing file /home/airflow/.local/lib/python3.7/site-packages/airflow/example_dags/example_short_circuit_decorator.py for tasks to queue
[2022-11-11T14:41:02.942+0000] {logging_mixin.py:120} INFO - [2022-11-11T14:41:02.942+0000] {dagbag.py:537} INFO - Filling up the DagBag from /home/airflow/.local/lib/python3.7/site-packages/airflow/example_dags/example_short_circuit_decorator.py
[2022-11-11T14:41:02.976+0000] {processor.py:766} INFO - DAG(s) dict_keys(['example_short_circuit_decorator']) retrieved from /home/airflow/.local/lib/python3.7/site-packages/airflow/example_dags/example_short_circuit_decorator.py
[2022-11-11T14:41:03.031+0000] {logging_mixin.py:120} INFO - [2022-11-11T14:41:03.031+0000] {dag.py:2585} INFO - Sync 1 DAGs
[2022-11-11T14:41:03.066+0000] {logging_mixin.py:120} INFO - [2022-11-11T14:41:03.066+0000] {dag.py:3340} INFO - Setting next_dagrun for example_short_circuit_decorator to 2022-11-10T14:41:03.065971+00:00, run_after=2022-11-11T14:41:03.065971+00:00
[2022-11-11T14:41:03.090+0000] {processor.py:176} INFO - Processing /home/airflow/.local/lib/python3.7/site-packages/airflow/example_dags/example_short_circuit_decorator.py took 0.156 seconds
[2022-11-11T14:41:33.658+0000] {processor.py:154} INFO - Started process (PID=1661) to work on /home/airflow/.local/lib/python3.7/site-packages/airflow/example_dags/example_short_circuit_decorator.py
[2022-11-11T14:41:33.659+0000] {processor.py:756} INFO - Processing file /home/airflow/.local/lib/python3.7/site-packages/airflow/example_dags/example_short_circuit_decorator.py for tasks to queue
[2022-11-11T14:41:33.660+0000] {logging_mixin.py:120} INFO - [2022-11-11T14:41:33.660+0000] {dagbag.py:537} INFO - Filling up the DagBag from /home/airflow/.local/lib/python3.7/site-packages/airflow/example_dags/example_short_circuit_decorator.py
[2022-11-11T14:41:33.698+0000] {processor.py:766} INFO - DAG(s) dict_keys(['example_short_circuit_decorator']) retrieved from /home/airflow/.local/lib/python3.7/site-packages/airflow/example_dags/example_short_circuit_decorator.py
[2022-11-11T14:41:33.757+0000] {logging_mixin.py:120} INFO - [2022-11-11T14:41:33.757+0000] {dag.py:2585} INFO - Sync 1 DAGs
[2022-11-11T14:41:33.789+0000] {logging_mixin.py:120} INFO - [2022-11-11T14:41:33.789+0000] {dag.py:3340} INFO - Setting next_dagrun for example_short_circuit_decorator to 2022-11-10T14:41:33.789324+00:00, run_after=2022-11-11T14:41:33.789324+00:00
[2022-11-11T14:41:33.813+0000] {processor.py:176} INFO - Processing /home/airflow/.local/lib/python3.7/site-packages/airflow/example_dags/example_short_circuit_decorator.py took 0.159 seconds
[2022-11-11T14:42:04.272+0000] {processor.py:154} INFO - Started process (PID=1720) to work on /home/airflow/.local/lib/python3.7/site-packages/airflow/example_dags/example_short_circuit_decorator.py
[2022-11-11T14:42:04.273+0000] {processor.py:756} INFO - Processing file /home/airflow/.local/lib/python3.7/site-packages/airflow/example_dags/example_short_circuit_decorator.py for tasks to queue
[2022-11-11T14:42:04.274+0000] {logging_mixin.py:120} INFO - [2022-11-11T14:42:04.274+0000] {dagbag.py:537} INFO - Filling up the DagBag from /home/airflow/.local/lib/python3.7/site-packages/airflow/example_dags/example_short_circuit_decorator.py
[2022-11-11T14:42:04.310+0000] {processor.py:766} INFO - DAG(s) dict_keys(['example_short_circuit_decorator']) retrieved from /home/airflow/.local/lib/python3.7/site-packages/airflow/example_dags/example_short_circuit_decorator.py
[2022-11-11T14:42:04.364+0000] {logging_mixin.py:120} INFO - [2022-11-11T14:42:04.363+0000] {dag.py:2585} INFO - Sync 1 DAGs
[2022-11-11T14:42:04.396+0000] {logging_mixin.py:120} INFO - [2022-11-11T14:42:04.396+0000] {dag.py:3340} INFO - Setting next_dagrun for example_short_circuit_decorator to 2022-11-10T14:42:04.396303+00:00, run_after=2022-11-11T14:42:04.396303+00:00
[2022-11-11T14:42:04.423+0000] {processor.py:176} INFO - Processing /home/airflow/.local/lib/python3.7/site-packages/airflow/example_dags/example_short_circuit_decorator.py took 0.156 seconds
[2022-11-11T14:42:34.595+0000] {processor.py:154} INFO - Started process (PID=1778) to work on /home/airflow/.local/lib/python3.7/site-packages/airflow/example_dags/example_short_circuit_decorator.py
[2022-11-11T14:42:34.596+0000] {processor.py:756} INFO - Processing file /home/airflow/.local/lib/python3.7/site-packages/airflow/example_dags/example_short_circuit_decorator.py for tasks to queue
[2022-11-11T14:42:34.597+0000] {logging_mixin.py:120} INFO - [2022-11-11T14:42:34.597+0000] {dagbag.py:537} INFO - Filling up the DagBag from /home/airflow/.local/lib/python3.7/site-packages/airflow/example_dags/example_short_circuit_decorator.py
[2022-11-11T14:42:34.634+0000] {processor.py:766} INFO - DAG(s) dict_keys(['example_short_circuit_decorator']) retrieved from /home/airflow/.local/lib/python3.7/site-packages/airflow/example_dags/example_short_circuit_decorator.py
[2022-11-11T14:42:34.689+0000] {logging_mixin.py:120} INFO - [2022-11-11T14:42:34.689+0000] {dag.py:2585} INFO - Sync 1 DAGs
[2022-11-11T14:42:34.723+0000] {logging_mixin.py:120} INFO - [2022-11-11T14:42:34.722+0000] {dag.py:3340} INFO - Setting next_dagrun for example_short_circuit_decorator to 2022-11-10T14:42:34.722562+00:00, run_after=2022-11-11T14:42:34.722562+00:00
[2022-11-11T14:42:34.746+0000] {processor.py:176} INFO - Processing /home/airflow/.local/lib/python3.7/site-packages/airflow/example_dags/example_short_circuit_decorator.py took 0.156 seconds
[2022-11-11T14:43:05.115+0000] {processor.py:154} INFO - Started process (PID=1836) to work on /home/airflow/.local/lib/python3.7/site-packages/airflow/example_dags/example_short_circuit_decorator.py
[2022-11-11T14:43:05.116+0000] {processor.py:756} INFO - Processing file /home/airflow/.local/lib/python3.7/site-packages/airflow/example_dags/example_short_circuit_decorator.py for tasks to queue
[2022-11-11T14:43:05.117+0000] {logging_mixin.py:120} INFO - [2022-11-11T14:43:05.117+0000] {dagbag.py:537} INFO - Filling up the DagBag from /home/airflow/.local/lib/python3.7/site-packages/airflow/example_dags/example_short_circuit_decorator.py
[2022-11-11T14:43:05.152+0000] {processor.py:766} INFO - DAG(s) dict_keys(['example_short_circuit_decorator']) retrieved from /home/airflow/.local/lib/python3.7/site-packages/airflow/example_dags/example_short_circuit_decorator.py
[2022-11-11T14:43:05.207+0000] {logging_mixin.py:120} INFO - [2022-11-11T14:43:05.206+0000] {dag.py:2585} INFO - Sync 1 DAGs
[2022-11-11T14:43:05.248+0000] {logging_mixin.py:120} INFO - [2022-11-11T14:43:05.248+0000] {dag.py:3340} INFO - Setting next_dagrun for example_short_circuit_decorator to 2022-11-10T14:43:05.247869+00:00, run_after=2022-11-11T14:43:05.247869+00:00
[2022-11-11T14:43:05.275+0000] {processor.py:176} INFO - Processing /home/airflow/.local/lib/python3.7/site-packages/airflow/example_dags/example_short_circuit_decorator.py took 0.165 seconds
[2022-11-11T14:43:35.810+0000] {processor.py:154} INFO - Started process (PID=1893) to work on /home/airflow/.local/lib/python3.7/site-packages/airflow/example_dags/example_short_circuit_decorator.py
[2022-11-11T14:43:35.811+0000] {processor.py:756} INFO - Processing file /home/airflow/.local/lib/python3.7/site-packages/airflow/example_dags/example_short_circuit_decorator.py for tasks to queue
[2022-11-11T14:43:35.812+0000] {logging_mixin.py:120} INFO - [2022-11-11T14:43:35.812+0000] {dagbag.py:537} INFO - Filling up the DagBag from /home/airflow/.local/lib/python3.7/site-packages/airflow/example_dags/example_short_circuit_decorator.py
[2022-11-11T14:43:35.846+0000] {processor.py:766} INFO - DAG(s) dict_keys(['example_short_circuit_decorator']) retrieved from /home/airflow/.local/lib/python3.7/site-packages/airflow/example_dags/example_short_circuit_decorator.py
[2022-11-11T14:43:35.898+0000] {logging_mixin.py:120} INFO - [2022-11-11T14:43:35.898+0000] {dag.py:2585} INFO - Sync 1 DAGs
[2022-11-11T14:43:35.931+0000] {logging_mixin.py:120} INFO - [2022-11-11T14:43:35.931+0000] {dag.py:3340} INFO - Setting next_dagrun for example_short_circuit_decorator to 2022-11-10T14:43:35.931481+00:00, run_after=2022-11-11T14:43:35.931481+00:00
[2022-11-11T14:43:35.955+0000] {processor.py:176} INFO - Processing /home/airflow/.local/lib/python3.7/site-packages/airflow/example_dags/example_short_circuit_decorator.py took 0.151 seconds
[2022-11-11T14:44:06.236+0000] {processor.py:154} INFO - Started process (PID=1950) to work on /home/airflow/.local/lib/python3.7/site-packages/airflow/example_dags/example_short_circuit_decorator.py
[2022-11-11T14:44:06.237+0000] {processor.py:756} INFO - Processing file /home/airflow/.local/lib/python3.7/site-packages/airflow/example_dags/example_short_circuit_decorator.py for tasks to queue
[2022-11-11T14:44:06.238+0000] {logging_mixin.py:120} INFO - [2022-11-11T14:44:06.238+0000] {dagbag.py:537} INFO - Filling up the DagBag from /home/airflow/.local/lib/python3.7/site-packages/airflow/example_dags/example_short_circuit_decorator.py
[2022-11-11T14:44:06.276+0000] {processor.py:766} INFO - DAG(s) dict_keys(['example_short_circuit_decorator']) retrieved from /home/airflow/.local/lib/python3.7/site-packages/airflow/example_dags/example_short_circuit_decorator.py
[2022-11-11T14:44:06.334+0000] {logging_mixin.py:120} INFO - [2022-11-11T14:44:06.334+0000] {dag.py:2585} INFO - Sync 1 DAGs
[2022-11-11T14:44:06.367+0000] {logging_mixin.py:120} INFO - [2022-11-11T14:44:06.367+0000] {dag.py:3340} INFO - Setting next_dagrun for example_short_circuit_decorator to 2022-11-10T14:44:06.367114+00:00, run_after=2022-11-11T14:44:06.367114+00:00
[2022-11-11T14:44:06.392+0000] {processor.py:176} INFO - Processing /home/airflow/.local/lib/python3.7/site-packages/airflow/example_dags/example_short_circuit_decorator.py took 0.162 seconds
