[2022-11-11T14:18:00.867+0000] {processor.py:154} INFO - Started process (PID=64) to work on /home/airflow/.local/lib/python3.7/site-packages/airflow/example_dags/example_latest_only.py
[2022-11-11T14:18:00.869+0000] {processor.py:756} INFO - Processing file /home/airflow/.local/lib/python3.7/site-packages/airflow/example_dags/example_latest_only.py for tasks to queue
[2022-11-11T14:18:00.871+0000] {logging_mixin.py:120} INFO - [2022-11-11T14:18:00.870+0000] {dagbag.py:537} INFO - Filling up the DagBag from /home/airflow/.local/lib/python3.7/site-packages/airflow/example_dags/example_latest_only.py
[2022-11-11T14:18:01.085+0000] {processor.py:766} INFO - DAG(s) dict_keys(['latest_only']) retrieved from /home/airflow/.local/lib/python3.7/site-packages/airflow/example_dags/example_latest_only.py
[2022-11-11T14:18:02.048+0000] {logging_mixin.py:120} INFO - [2022-11-11T14:18:02.048+0000] {manager.py:507} INFO - Created Permission View: can read on DAG:latest_only
[2022-11-11T14:18:02.710+0000] {logging_mixin.py:120} INFO - [2022-11-11T14:18:02.709+0000] {manager.py:507} INFO - Created Permission View: can edit on DAG:latest_only
[2022-11-11T14:18:03.309+0000] {logging_mixin.py:120} INFO - [2022-11-11T14:18:03.308+0000] {manager.py:507} INFO - Created Permission View: can delete on DAG:latest_only
[2022-11-11T14:18:03.309+0000] {logging_mixin.py:120} INFO - [2022-11-11T14:18:03.309+0000] {dag.py:2585} INFO - Sync 1 DAGs
[2022-11-11T14:18:03.328+0000] {logging_mixin.py:120} INFO - [2022-11-11T14:18:03.328+0000] {dag.py:2606} INFO - Creating ORM DAG for latest_only
[2022-11-11T14:18:03.344+0000] {logging_mixin.py:120} INFO - [2022-11-11T14:18:03.344+0000] {dag.py:3340} INFO - Setting next_dagrun for latest_only to 2022-11-11T10:18:03.344293+00:00, run_after=2022-11-11T14:18:03.344293+00:00
[2022-11-11T14:18:03.925+0000] {processor.py:176} INFO - Processing /home/airflow/.local/lib/python3.7/site-packages/airflow/example_dags/example_latest_only.py took 3.064 seconds
[2022-11-11T14:18:34.182+0000] {processor.py:154} INFO - Started process (PID=120) to work on /home/airflow/.local/lib/python3.7/site-packages/airflow/example_dags/example_latest_only.py
[2022-11-11T14:18:34.184+0000] {processor.py:756} INFO - Processing file /home/airflow/.local/lib/python3.7/site-packages/airflow/example_dags/example_latest_only.py for tasks to queue
[2022-11-11T14:18:34.184+0000] {logging_mixin.py:120} INFO - [2022-11-11T14:18:34.184+0000] {dagbag.py:537} INFO - Filling up the DagBag from /home/airflow/.local/lib/python3.7/site-packages/airflow/example_dags/example_latest_only.py
[2022-11-11T14:18:34.206+0000] {processor.py:766} INFO - DAG(s) dict_keys(['latest_only']) retrieved from /home/airflow/.local/lib/python3.7/site-packages/airflow/example_dags/example_latest_only.py
[2022-11-11T14:18:34.261+0000] {logging_mixin.py:120} INFO - [2022-11-11T14:18:34.261+0000] {dag.py:2585} INFO - Sync 1 DAGs
[2022-11-11T14:18:34.297+0000] {logging_mixin.py:120} INFO - [2022-11-11T14:18:34.297+0000] {dag.py:3340} INFO - Setting next_dagrun for latest_only to 2022-11-11T10:18:34.296871+00:00, run_after=2022-11-11T14:18:34.296871+00:00
[2022-11-11T14:18:34.325+0000] {processor.py:176} INFO - Processing /home/airflow/.local/lib/python3.7/site-packages/airflow/example_dags/example_latest_only.py took 0.148 seconds
[2022-11-11T14:19:04.704+0000] {processor.py:154} INFO - Started process (PID=178) to work on /home/airflow/.local/lib/python3.7/site-packages/airflow/example_dags/example_latest_only.py
[2022-11-11T14:19:04.706+0000] {processor.py:756} INFO - Processing file /home/airflow/.local/lib/python3.7/site-packages/airflow/example_dags/example_latest_only.py for tasks to queue
[2022-11-11T14:19:04.706+0000] {logging_mixin.py:120} INFO - [2022-11-11T14:19:04.706+0000] {dagbag.py:537} INFO - Filling up the DagBag from /home/airflow/.local/lib/python3.7/site-packages/airflow/example_dags/example_latest_only.py
[2022-11-11T14:19:04.735+0000] {processor.py:766} INFO - DAG(s) dict_keys(['latest_only']) retrieved from /home/airflow/.local/lib/python3.7/site-packages/airflow/example_dags/example_latest_only.py
[2022-11-11T14:19:04.805+0000] {logging_mixin.py:120} INFO - [2022-11-11T14:19:04.804+0000] {dag.py:2585} INFO - Sync 1 DAGs
[2022-11-11T14:19:04.843+0000] {logging_mixin.py:120} INFO - [2022-11-11T14:19:04.842+0000] {dag.py:3340} INFO - Setting next_dagrun for latest_only to 2022-11-11T10:19:04.842497+00:00, run_after=2022-11-11T14:19:04.842497+00:00
[2022-11-11T14:19:04.874+0000] {processor.py:176} INFO - Processing /home/airflow/.local/lib/python3.7/site-packages/airflow/example_dags/example_latest_only.py took 0.176 seconds
[2022-11-11T14:19:35.059+0000] {processor.py:154} INFO - Started process (PID=235) to work on /home/airflow/.local/lib/python3.7/site-packages/airflow/example_dags/example_latest_only.py
[2022-11-11T14:19:35.060+0000] {processor.py:756} INFO - Processing file /home/airflow/.local/lib/python3.7/site-packages/airflow/example_dags/example_latest_only.py for tasks to queue
[2022-11-11T14:19:35.062+0000] {logging_mixin.py:120} INFO - [2022-11-11T14:19:35.061+0000] {dagbag.py:537} INFO - Filling up the DagBag from /home/airflow/.local/lib/python3.7/site-packages/airflow/example_dags/example_latest_only.py
[2022-11-11T14:19:35.083+0000] {processor.py:766} INFO - DAG(s) dict_keys(['latest_only']) retrieved from /home/airflow/.local/lib/python3.7/site-packages/airflow/example_dags/example_latest_only.py
[2022-11-11T14:19:35.141+0000] {logging_mixin.py:120} INFO - [2022-11-11T14:19:35.140+0000] {dag.py:2585} INFO - Sync 1 DAGs
[2022-11-11T14:19:35.180+0000] {logging_mixin.py:120} INFO - [2022-11-11T14:19:35.179+0000] {dag.py:3340} INFO - Setting next_dagrun for latest_only to 2022-11-11T10:19:35.179468+00:00, run_after=2022-11-11T14:19:35.179468+00:00
[2022-11-11T14:19:35.209+0000] {processor.py:176} INFO - Processing /home/airflow/.local/lib/python3.7/site-packages/airflow/example_dags/example_latest_only.py took 0.158 seconds
[2022-11-11T14:22:42.622+0000] {processor.py:154} INFO - Started process (PID=57) to work on /home/airflow/.local/lib/python3.7/site-packages/airflow/example_dags/example_latest_only.py
[2022-11-11T14:22:42.623+0000] {processor.py:756} INFO - Processing file /home/airflow/.local/lib/python3.7/site-packages/airflow/example_dags/example_latest_only.py for tasks to queue
[2022-11-11T14:22:42.624+0000] {logging_mixin.py:120} INFO - [2022-11-11T14:22:42.624+0000] {dagbag.py:537} INFO - Filling up the DagBag from /home/airflow/.local/lib/python3.7/site-packages/airflow/example_dags/example_latest_only.py
[2022-11-11T14:22:42.648+0000] {processor.py:766} INFO - DAG(s) dict_keys(['latest_only']) retrieved from /home/airflow/.local/lib/python3.7/site-packages/airflow/example_dags/example_latest_only.py
[2022-11-11T14:22:42.709+0000] {logging_mixin.py:120} INFO - [2022-11-11T14:22:42.709+0000] {dag.py:2585} INFO - Sync 1 DAGs
[2022-11-11T14:22:42.746+0000] {logging_mixin.py:120} INFO - [2022-11-11T14:22:42.746+0000] {dag.py:3340} INFO - Setting next_dagrun for latest_only to 2022-11-11T10:22:42.745862+00:00, run_after=2022-11-11T14:22:42.745862+00:00
[2022-11-11T14:22:42.774+0000] {processor.py:176} INFO - Processing /home/airflow/.local/lib/python3.7/site-packages/airflow/example_dags/example_latest_only.py took 0.157 seconds
[2022-11-11T14:23:12.927+0000] {processor.py:154} INFO - Started process (PID=115) to work on /home/airflow/.local/lib/python3.7/site-packages/airflow/example_dags/example_latest_only.py
[2022-11-11T14:23:12.929+0000] {processor.py:756} INFO - Processing file /home/airflow/.local/lib/python3.7/site-packages/airflow/example_dags/example_latest_only.py for tasks to queue
[2022-11-11T14:23:12.930+0000] {logging_mixin.py:120} INFO - [2022-11-11T14:23:12.930+0000] {dagbag.py:537} INFO - Filling up the DagBag from /home/airflow/.local/lib/python3.7/site-packages/airflow/example_dags/example_latest_only.py
[2022-11-11T14:23:12.953+0000] {processor.py:766} INFO - DAG(s) dict_keys(['latest_only']) retrieved from /home/airflow/.local/lib/python3.7/site-packages/airflow/example_dags/example_latest_only.py
[2022-11-11T14:23:13.038+0000] {logging_mixin.py:120} INFO - [2022-11-11T14:23:13.038+0000] {dag.py:2585} INFO - Sync 1 DAGs
[2022-11-11T14:23:13.088+0000] {logging_mixin.py:120} INFO - [2022-11-11T14:23:13.088+0000] {dag.py:3340} INFO - Setting next_dagrun for latest_only to 2022-11-11T10:23:13.087919+00:00, run_after=2022-11-11T14:23:13.087919+00:00
[2022-11-11T14:23:13.115+0000] {processor.py:176} INFO - Processing /home/airflow/.local/lib/python3.7/site-packages/airflow/example_dags/example_latest_only.py took 0.193 seconds
[2022-11-11T14:24:39.858+0000] {processor.py:154} INFO - Started process (PID=60) to work on /home/airflow/.local/lib/python3.7/site-packages/airflow/example_dags/example_latest_only.py
[2022-11-11T14:24:39.860+0000] {processor.py:756} INFO - Processing file /home/airflow/.local/lib/python3.7/site-packages/airflow/example_dags/example_latest_only.py for tasks to queue
[2022-11-11T14:24:39.861+0000] {logging_mixin.py:120} INFO - [2022-11-11T14:24:39.861+0000] {dagbag.py:537} INFO - Filling up the DagBag from /home/airflow/.local/lib/python3.7/site-packages/airflow/example_dags/example_latest_only.py
[2022-11-11T14:24:39.893+0000] {processor.py:766} INFO - DAG(s) dict_keys(['latest_only']) retrieved from /home/airflow/.local/lib/python3.7/site-packages/airflow/example_dags/example_latest_only.py
[2022-11-11T14:24:39.969+0000] {logging_mixin.py:120} INFO - [2022-11-11T14:24:39.969+0000] {dag.py:2585} INFO - Sync 1 DAGs
[2022-11-11T14:24:40.015+0000] {logging_mixin.py:120} INFO - [2022-11-11T14:24:40.014+0000] {dag.py:3340} INFO - Setting next_dagrun for latest_only to 2022-11-11T10:24:40.014518+00:00, run_after=2022-11-11T14:24:40.014518+00:00
[2022-11-11T14:24:40.042+0000] {processor.py:176} INFO - Processing /home/airflow/.local/lib/python3.7/site-packages/airflow/example_dags/example_latest_only.py took 0.190 seconds
[2022-11-11T14:27:15.278+0000] {processor.py:154} INFO - Started process (PID=60) to work on /home/airflow/.local/lib/python3.7/site-packages/airflow/example_dags/example_latest_only.py
[2022-11-11T14:27:15.281+0000] {processor.py:756} INFO - Processing file /home/airflow/.local/lib/python3.7/site-packages/airflow/example_dags/example_latest_only.py for tasks to queue
[2022-11-11T14:27:15.282+0000] {logging_mixin.py:120} INFO - [2022-11-11T14:27:15.281+0000] {dagbag.py:537} INFO - Filling up the DagBag from /home/airflow/.local/lib/python3.7/site-packages/airflow/example_dags/example_latest_only.py
[2022-11-11T14:27:15.306+0000] {processor.py:766} INFO - DAG(s) dict_keys(['latest_only']) retrieved from /home/airflow/.local/lib/python3.7/site-packages/airflow/example_dags/example_latest_only.py
[2022-11-11T14:27:15.385+0000] {logging_mixin.py:120} INFO - [2022-11-11T14:27:15.384+0000] {dag.py:2585} INFO - Sync 1 DAGs
[2022-11-11T14:27:15.448+0000] {logging_mixin.py:120} INFO - [2022-11-11T14:27:15.447+0000] {dag.py:3340} INFO - Setting next_dagrun for latest_only to 2022-11-11T10:27:15.447463+00:00, run_after=2022-11-11T14:27:15.447463+00:00
[2022-11-11T14:27:15.488+0000] {processor.py:176} INFO - Processing /home/airflow/.local/lib/python3.7/site-packages/airflow/example_dags/example_latest_only.py took 0.216 seconds
[2022-11-11T14:27:48.032+0000] {processor.py:154} INFO - Started process (PID=117) to work on /home/airflow/.local/lib/python3.7/site-packages/airflow/example_dags/example_latest_only.py
[2022-11-11T14:27:48.034+0000] {processor.py:756} INFO - Processing file /home/airflow/.local/lib/python3.7/site-packages/airflow/example_dags/example_latest_only.py for tasks to queue
[2022-11-11T14:27:48.035+0000] {logging_mixin.py:120} INFO - [2022-11-11T14:27:48.035+0000] {dagbag.py:537} INFO - Filling up the DagBag from /home/airflow/.local/lib/python3.7/site-packages/airflow/example_dags/example_latest_only.py
[2022-11-11T14:27:48.055+0000] {processor.py:766} INFO - DAG(s) dict_keys(['latest_only']) retrieved from /home/airflow/.local/lib/python3.7/site-packages/airflow/example_dags/example_latest_only.py
[2022-11-11T14:27:48.111+0000] {logging_mixin.py:120} INFO - [2022-11-11T14:27:48.111+0000] {dag.py:2585} INFO - Sync 1 DAGs
[2022-11-11T14:27:48.146+0000] {logging_mixin.py:120} INFO - [2022-11-11T14:27:48.146+0000] {dag.py:3340} INFO - Setting next_dagrun for latest_only to 2022-11-11T10:27:48.145771+00:00, run_after=2022-11-11T14:27:48.145771+00:00
[2022-11-11T14:27:48.631+0000] {processor.py:176} INFO - Processing /home/airflow/.local/lib/python3.7/site-packages/airflow/example_dags/example_latest_only.py took 0.604 seconds
[2022-11-11T14:28:19.344+0000] {processor.py:154} INFO - Started process (PID=176) to work on /home/airflow/.local/lib/python3.7/site-packages/airflow/example_dags/example_latest_only.py
[2022-11-11T14:28:19.346+0000] {processor.py:756} INFO - Processing file /home/airflow/.local/lib/python3.7/site-packages/airflow/example_dags/example_latest_only.py for tasks to queue
[2022-11-11T14:28:19.347+0000] {logging_mixin.py:120} INFO - [2022-11-11T14:28:19.346+0000] {dagbag.py:537} INFO - Filling up the DagBag from /home/airflow/.local/lib/python3.7/site-packages/airflow/example_dags/example_latest_only.py
[2022-11-11T14:28:19.367+0000] {processor.py:766} INFO - DAG(s) dict_keys(['latest_only']) retrieved from /home/airflow/.local/lib/python3.7/site-packages/airflow/example_dags/example_latest_only.py
[2022-11-11T14:28:19.423+0000] {logging_mixin.py:120} INFO - [2022-11-11T14:28:19.423+0000] {dag.py:2585} INFO - Sync 1 DAGs
[2022-11-11T14:28:19.457+0000] {logging_mixin.py:120} INFO - [2022-11-11T14:28:19.457+0000] {dag.py:3340} INFO - Setting next_dagrun for latest_only to 2022-11-11T10:28:19.456866+00:00, run_after=2022-11-11T14:28:19.456866+00:00
[2022-11-11T14:28:19.482+0000] {processor.py:176} INFO - Processing /home/airflow/.local/lib/python3.7/site-packages/airflow/example_dags/example_latest_only.py took 0.143 seconds
[2022-11-11T14:28:49.698+0000] {processor.py:154} INFO - Started process (PID=235) to work on /home/airflow/.local/lib/python3.7/site-packages/airflow/example_dags/example_latest_only.py
[2022-11-11T14:28:49.699+0000] {processor.py:756} INFO - Processing file /home/airflow/.local/lib/python3.7/site-packages/airflow/example_dags/example_latest_only.py for tasks to queue
[2022-11-11T14:28:49.700+0000] {logging_mixin.py:120} INFO - [2022-11-11T14:28:49.699+0000] {dagbag.py:537} INFO - Filling up the DagBag from /home/airflow/.local/lib/python3.7/site-packages/airflow/example_dags/example_latest_only.py
[2022-11-11T14:28:49.720+0000] {processor.py:766} INFO - DAG(s) dict_keys(['latest_only']) retrieved from /home/airflow/.local/lib/python3.7/site-packages/airflow/example_dags/example_latest_only.py
[2022-11-11T14:28:49.779+0000] {logging_mixin.py:120} INFO - [2022-11-11T14:28:49.779+0000] {dag.py:2585} INFO - Sync 1 DAGs
[2022-11-11T14:28:49.817+0000] {logging_mixin.py:120} INFO - [2022-11-11T14:28:49.817+0000] {dag.py:3340} INFO - Setting next_dagrun for latest_only to 2022-11-11T10:28:49.816893+00:00, run_after=2022-11-11T14:28:49.816893+00:00
[2022-11-11T14:28:49.842+0000] {processor.py:176} INFO - Processing /home/airflow/.local/lib/python3.7/site-packages/airflow/example_dags/example_latest_only.py took 0.150 seconds
[2022-11-11T14:29:20.252+0000] {processor.py:154} INFO - Started process (PID=292) to work on /home/airflow/.local/lib/python3.7/site-packages/airflow/example_dags/example_latest_only.py
[2022-11-11T14:29:20.254+0000] {processor.py:756} INFO - Processing file /home/airflow/.local/lib/python3.7/site-packages/airflow/example_dags/example_latest_only.py for tasks to queue
[2022-11-11T14:29:20.254+0000] {logging_mixin.py:120} INFO - [2022-11-11T14:29:20.254+0000] {dagbag.py:537} INFO - Filling up the DagBag from /home/airflow/.local/lib/python3.7/site-packages/airflow/example_dags/example_latest_only.py
[2022-11-11T14:29:20.275+0000] {processor.py:766} INFO - DAG(s) dict_keys(['latest_only']) retrieved from /home/airflow/.local/lib/python3.7/site-packages/airflow/example_dags/example_latest_only.py
[2022-11-11T14:29:20.334+0000] {logging_mixin.py:120} INFO - [2022-11-11T14:29:20.333+0000] {dag.py:2585} INFO - Sync 1 DAGs
[2022-11-11T14:29:20.373+0000] {logging_mixin.py:120} INFO - [2022-11-11T14:29:20.373+0000] {dag.py:3340} INFO - Setting next_dagrun for latest_only to 2022-11-11T10:29:20.373028+00:00, run_after=2022-11-11T14:29:20.373028+00:00
[2022-11-11T14:29:20.398+0000] {processor.py:176} INFO - Processing /home/airflow/.local/lib/python3.7/site-packages/airflow/example_dags/example_latest_only.py took 0.152 seconds
[2022-11-11T14:29:50.922+0000] {processor.py:154} INFO - Started process (PID=349) to work on /home/airflow/.local/lib/python3.7/site-packages/airflow/example_dags/example_latest_only.py
[2022-11-11T14:29:50.924+0000] {processor.py:756} INFO - Processing file /home/airflow/.local/lib/python3.7/site-packages/airflow/example_dags/example_latest_only.py for tasks to queue
[2022-11-11T14:29:50.925+0000] {logging_mixin.py:120} INFO - [2022-11-11T14:29:50.925+0000] {dagbag.py:537} INFO - Filling up the DagBag from /home/airflow/.local/lib/python3.7/site-packages/airflow/example_dags/example_latest_only.py
[2022-11-11T14:29:50.947+0000] {processor.py:766} INFO - DAG(s) dict_keys(['latest_only']) retrieved from /home/airflow/.local/lib/python3.7/site-packages/airflow/example_dags/example_latest_only.py
[2022-11-11T14:29:51.009+0000] {logging_mixin.py:120} INFO - [2022-11-11T14:29:51.008+0000] {dag.py:2585} INFO - Sync 1 DAGs
[2022-11-11T14:29:51.044+0000] {logging_mixin.py:120} INFO - [2022-11-11T14:29:51.044+0000] {dag.py:3340} INFO - Setting next_dagrun for latest_only to 2022-11-11T10:29:51.043687+00:00, run_after=2022-11-11T14:29:51.043687+00:00
[2022-11-11T14:29:51.072+0000] {processor.py:176} INFO - Processing /home/airflow/.local/lib/python3.7/site-packages/airflow/example_dags/example_latest_only.py took 0.158 seconds
[2022-11-11T14:30:21.618+0000] {processor.py:154} INFO - Started process (PID=406) to work on /home/airflow/.local/lib/python3.7/site-packages/airflow/example_dags/example_latest_only.py
[2022-11-11T14:30:21.620+0000] {processor.py:756} INFO - Processing file /home/airflow/.local/lib/python3.7/site-packages/airflow/example_dags/example_latest_only.py for tasks to queue
[2022-11-11T14:30:21.621+0000] {logging_mixin.py:120} INFO - [2022-11-11T14:30:21.621+0000] {dagbag.py:537} INFO - Filling up the DagBag from /home/airflow/.local/lib/python3.7/site-packages/airflow/example_dags/example_latest_only.py
[2022-11-11T14:30:21.643+0000] {processor.py:766} INFO - DAG(s) dict_keys(['latest_only']) retrieved from /home/airflow/.local/lib/python3.7/site-packages/airflow/example_dags/example_latest_only.py
[2022-11-11T14:30:21.699+0000] {logging_mixin.py:120} INFO - [2022-11-11T14:30:21.699+0000] {dag.py:2585} INFO - Sync 1 DAGs
[2022-11-11T14:30:21.736+0000] {logging_mixin.py:120} INFO - [2022-11-11T14:30:21.735+0000] {dag.py:3340} INFO - Setting next_dagrun for latest_only to 2022-11-11T10:30:21.735593+00:00, run_after=2022-11-11T14:30:21.735593+00:00
[2022-11-11T14:30:21.762+0000] {processor.py:176} INFO - Processing /home/airflow/.local/lib/python3.7/site-packages/airflow/example_dags/example_latest_only.py took 0.150 seconds
[2022-11-11T14:30:52.047+0000] {processor.py:154} INFO - Started process (PID=463) to work on /home/airflow/.local/lib/python3.7/site-packages/airflow/example_dags/example_latest_only.py
[2022-11-11T14:30:52.049+0000] {processor.py:756} INFO - Processing file /home/airflow/.local/lib/python3.7/site-packages/airflow/example_dags/example_latest_only.py for tasks to queue
[2022-11-11T14:30:52.050+0000] {logging_mixin.py:120} INFO - [2022-11-11T14:30:52.050+0000] {dagbag.py:537} INFO - Filling up the DagBag from /home/airflow/.local/lib/python3.7/site-packages/airflow/example_dags/example_latest_only.py
[2022-11-11T14:30:52.072+0000] {processor.py:766} INFO - DAG(s) dict_keys(['latest_only']) retrieved from /home/airflow/.local/lib/python3.7/site-packages/airflow/example_dags/example_latest_only.py
[2022-11-11T14:30:52.128+0000] {logging_mixin.py:120} INFO - [2022-11-11T14:30:52.128+0000] {dag.py:2585} INFO - Sync 1 DAGs
[2022-11-11T14:30:52.162+0000] {logging_mixin.py:120} INFO - [2022-11-11T14:30:52.162+0000] {dag.py:3340} INFO - Setting next_dagrun for latest_only to 2022-11-11T10:30:52.162146+00:00, run_after=2022-11-11T14:30:52.162146+00:00
[2022-11-11T14:30:52.188+0000] {processor.py:176} INFO - Processing /home/airflow/.local/lib/python3.7/site-packages/airflow/example_dags/example_latest_only.py took 0.147 seconds
[2022-11-11T14:31:22.540+0000] {processor.py:154} INFO - Started process (PID=520) to work on /home/airflow/.local/lib/python3.7/site-packages/airflow/example_dags/example_latest_only.py
[2022-11-11T14:31:22.541+0000] {processor.py:756} INFO - Processing file /home/airflow/.local/lib/python3.7/site-packages/airflow/example_dags/example_latest_only.py for tasks to queue
[2022-11-11T14:31:22.542+0000] {logging_mixin.py:120} INFO - [2022-11-11T14:31:22.542+0000] {dagbag.py:537} INFO - Filling up the DagBag from /home/airflow/.local/lib/python3.7/site-packages/airflow/example_dags/example_latest_only.py
[2022-11-11T14:31:22.566+0000] {processor.py:766} INFO - DAG(s) dict_keys(['latest_only']) retrieved from /home/airflow/.local/lib/python3.7/site-packages/airflow/example_dags/example_latest_only.py
[2022-11-11T14:31:22.629+0000] {logging_mixin.py:120} INFO - [2022-11-11T14:31:22.629+0000] {dag.py:2585} INFO - Sync 1 DAGs
[2022-11-11T14:31:22.666+0000] {logging_mixin.py:120} INFO - [2022-11-11T14:31:22.665+0000] {dag.py:3340} INFO - Setting next_dagrun for latest_only to 2022-11-11T10:31:22.665489+00:00, run_after=2022-11-11T14:31:22.665489+00:00
[2022-11-11T14:31:22.690+0000] {processor.py:176} INFO - Processing /home/airflow/.local/lib/python3.7/site-packages/airflow/example_dags/example_latest_only.py took 0.155 seconds
[2022-11-11T14:31:52.869+0000] {processor.py:154} INFO - Started process (PID=577) to work on /home/airflow/.local/lib/python3.7/site-packages/airflow/example_dags/example_latest_only.py
[2022-11-11T14:31:52.870+0000] {processor.py:756} INFO - Processing file /home/airflow/.local/lib/python3.7/site-packages/airflow/example_dags/example_latest_only.py for tasks to queue
[2022-11-11T14:31:52.871+0000] {logging_mixin.py:120} INFO - [2022-11-11T14:31:52.871+0000] {dagbag.py:537} INFO - Filling up the DagBag from /home/airflow/.local/lib/python3.7/site-packages/airflow/example_dags/example_latest_only.py
[2022-11-11T14:31:52.892+0000] {processor.py:766} INFO - DAG(s) dict_keys(['latest_only']) retrieved from /home/airflow/.local/lib/python3.7/site-packages/airflow/example_dags/example_latest_only.py
[2022-11-11T14:31:52.947+0000] {logging_mixin.py:120} INFO - [2022-11-11T14:31:52.947+0000] {dag.py:2585} INFO - Sync 1 DAGs
[2022-11-11T14:31:52.981+0000] {logging_mixin.py:120} INFO - [2022-11-11T14:31:52.980+0000] {dag.py:3340} INFO - Setting next_dagrun for latest_only to 2022-11-11T10:31:52.980612+00:00, run_after=2022-11-11T14:31:52.980612+00:00
[2022-11-11T14:31:53.006+0000] {processor.py:176} INFO - Processing /home/airflow/.local/lib/python3.7/site-packages/airflow/example_dags/example_latest_only.py took 0.142 seconds
[2022-11-11T14:32:23.505+0000] {processor.py:154} INFO - Started process (PID=634) to work on /home/airflow/.local/lib/python3.7/site-packages/airflow/example_dags/example_latest_only.py
[2022-11-11T14:32:23.506+0000] {processor.py:756} INFO - Processing file /home/airflow/.local/lib/python3.7/site-packages/airflow/example_dags/example_latest_only.py for tasks to queue
[2022-11-11T14:32:23.507+0000] {logging_mixin.py:120} INFO - [2022-11-11T14:32:23.506+0000] {dagbag.py:537} INFO - Filling up the DagBag from /home/airflow/.local/lib/python3.7/site-packages/airflow/example_dags/example_latest_only.py
[2022-11-11T14:32:23.527+0000] {processor.py:766} INFO - DAG(s) dict_keys(['latest_only']) retrieved from /home/airflow/.local/lib/python3.7/site-packages/airflow/example_dags/example_latest_only.py
[2022-11-11T14:32:23.583+0000] {logging_mixin.py:120} INFO - [2022-11-11T14:32:23.583+0000] {dag.py:2585} INFO - Sync 1 DAGs
[2022-11-11T14:32:23.617+0000] {logging_mixin.py:120} INFO - [2022-11-11T14:32:23.617+0000] {dag.py:3340} INFO - Setting next_dagrun for latest_only to 2022-11-11T10:32:23.616706+00:00, run_after=2022-11-11T14:32:23.616706+00:00
[2022-11-11T14:32:23.640+0000] {processor.py:176} INFO - Processing /home/airflow/.local/lib/python3.7/site-packages/airflow/example_dags/example_latest_only.py took 0.143 seconds
[2022-11-11T14:32:53.981+0000] {processor.py:154} INFO - Started process (PID=690) to work on /home/airflow/.local/lib/python3.7/site-packages/airflow/example_dags/example_latest_only.py
[2022-11-11T14:32:53.983+0000] {processor.py:756} INFO - Processing file /home/airflow/.local/lib/python3.7/site-packages/airflow/example_dags/example_latest_only.py for tasks to queue
[2022-11-11T14:32:53.984+0000] {logging_mixin.py:120} INFO - [2022-11-11T14:32:53.984+0000] {dagbag.py:537} INFO - Filling up the DagBag from /home/airflow/.local/lib/python3.7/site-packages/airflow/example_dags/example_latest_only.py
[2022-11-11T14:32:54.006+0000] {processor.py:766} INFO - DAG(s) dict_keys(['latest_only']) retrieved from /home/airflow/.local/lib/python3.7/site-packages/airflow/example_dags/example_latest_only.py
[2022-11-11T14:32:54.063+0000] {logging_mixin.py:120} INFO - [2022-11-11T14:32:54.063+0000] {dag.py:2585} INFO - Sync 1 DAGs
[2022-11-11T14:32:54.099+0000] {logging_mixin.py:120} INFO - [2022-11-11T14:32:54.098+0000] {dag.py:3340} INFO - Setting next_dagrun for latest_only to 2022-11-11T10:32:54.098619+00:00, run_after=2022-11-11T14:32:54.098619+00:00
[2022-11-11T14:32:54.129+0000] {processor.py:176} INFO - Processing /home/airflow/.local/lib/python3.7/site-packages/airflow/example_dags/example_latest_only.py took 0.154 seconds
[2022-11-11T14:33:24.523+0000] {processor.py:154} INFO - Started process (PID=748) to work on /home/airflow/.local/lib/python3.7/site-packages/airflow/example_dags/example_latest_only.py
[2022-11-11T14:33:24.525+0000] {processor.py:756} INFO - Processing file /home/airflow/.local/lib/python3.7/site-packages/airflow/example_dags/example_latest_only.py for tasks to queue
[2022-11-11T14:33:24.526+0000] {logging_mixin.py:120} INFO - [2022-11-11T14:33:24.525+0000] {dagbag.py:537} INFO - Filling up the DagBag from /home/airflow/.local/lib/python3.7/site-packages/airflow/example_dags/example_latest_only.py
[2022-11-11T14:33:24.549+0000] {processor.py:766} INFO - DAG(s) dict_keys(['latest_only']) retrieved from /home/airflow/.local/lib/python3.7/site-packages/airflow/example_dags/example_latest_only.py
[2022-11-11T14:33:24.612+0000] {logging_mixin.py:120} INFO - [2022-11-11T14:33:24.612+0000] {dag.py:2585} INFO - Sync 1 DAGs
[2022-11-11T14:33:24.647+0000] {logging_mixin.py:120} INFO - [2022-11-11T14:33:24.647+0000] {dag.py:3340} INFO - Setting next_dagrun for latest_only to 2022-11-11T10:33:24.647041+00:00, run_after=2022-11-11T14:33:24.647041+00:00
[2022-11-11T14:33:24.671+0000] {processor.py:176} INFO - Processing /home/airflow/.local/lib/python3.7/site-packages/airflow/example_dags/example_latest_only.py took 0.154 seconds
[2022-11-11T14:33:55.196+0000] {processor.py:154} INFO - Started process (PID=804) to work on /home/airflow/.local/lib/python3.7/site-packages/airflow/example_dags/example_latest_only.py
[2022-11-11T14:33:55.197+0000] {processor.py:756} INFO - Processing file /home/airflow/.local/lib/python3.7/site-packages/airflow/example_dags/example_latest_only.py for tasks to queue
[2022-11-11T14:33:55.198+0000] {logging_mixin.py:120} INFO - [2022-11-11T14:33:55.198+0000] {dagbag.py:537} INFO - Filling up the DagBag from /home/airflow/.local/lib/python3.7/site-packages/airflow/example_dags/example_latest_only.py
[2022-11-11T14:33:55.218+0000] {processor.py:766} INFO - DAG(s) dict_keys(['latest_only']) retrieved from /home/airflow/.local/lib/python3.7/site-packages/airflow/example_dags/example_latest_only.py
[2022-11-11T14:33:55.278+0000] {logging_mixin.py:120} INFO - [2022-11-11T14:33:55.277+0000] {dag.py:2585} INFO - Sync 1 DAGs
[2022-11-11T14:33:55.315+0000] {logging_mixin.py:120} INFO - [2022-11-11T14:33:55.314+0000] {dag.py:3340} INFO - Setting next_dagrun for latest_only to 2022-11-11T10:33:55.314593+00:00, run_after=2022-11-11T14:33:55.314593+00:00
[2022-11-11T14:33:55.340+0000] {processor.py:176} INFO - Processing /home/airflow/.local/lib/python3.7/site-packages/airflow/example_dags/example_latest_only.py took 0.151 seconds
[2022-11-11T14:34:25.684+0000] {processor.py:154} INFO - Started process (PID=861) to work on /home/airflow/.local/lib/python3.7/site-packages/airflow/example_dags/example_latest_only.py
[2022-11-11T14:34:25.686+0000] {processor.py:756} INFO - Processing file /home/airflow/.local/lib/python3.7/site-packages/airflow/example_dags/example_latest_only.py for tasks to queue
[2022-11-11T14:34:25.687+0000] {logging_mixin.py:120} INFO - [2022-11-11T14:34:25.686+0000] {dagbag.py:537} INFO - Filling up the DagBag from /home/airflow/.local/lib/python3.7/site-packages/airflow/example_dags/example_latest_only.py
[2022-11-11T14:34:25.706+0000] {processor.py:766} INFO - DAG(s) dict_keys(['latest_only']) retrieved from /home/airflow/.local/lib/python3.7/site-packages/airflow/example_dags/example_latest_only.py
[2022-11-11T14:34:25.775+0000] {logging_mixin.py:120} INFO - [2022-11-11T14:34:25.775+0000] {dag.py:2585} INFO - Sync 1 DAGs
[2022-11-11T14:34:25.810+0000] {logging_mixin.py:120} INFO - [2022-11-11T14:34:25.810+0000] {dag.py:3340} INFO - Setting next_dagrun for latest_only to 2022-11-11T10:34:25.810303+00:00, run_after=2022-11-11T14:34:25.810303+00:00
[2022-11-11T14:34:25.835+0000] {processor.py:176} INFO - Processing /home/airflow/.local/lib/python3.7/site-packages/airflow/example_dags/example_latest_only.py took 0.157 seconds
[2022-11-11T14:34:56.311+0000] {processor.py:154} INFO - Started process (PID=918) to work on /home/airflow/.local/lib/python3.7/site-packages/airflow/example_dags/example_latest_only.py
[2022-11-11T14:34:56.312+0000] {processor.py:756} INFO - Processing file /home/airflow/.local/lib/python3.7/site-packages/airflow/example_dags/example_latest_only.py for tasks to queue
[2022-11-11T14:34:56.313+0000] {logging_mixin.py:120} INFO - [2022-11-11T14:34:56.313+0000] {dagbag.py:537} INFO - Filling up the DagBag from /home/airflow/.local/lib/python3.7/site-packages/airflow/example_dags/example_latest_only.py
[2022-11-11T14:34:56.337+0000] {processor.py:766} INFO - DAG(s) dict_keys(['latest_only']) retrieved from /home/airflow/.local/lib/python3.7/site-packages/airflow/example_dags/example_latest_only.py
[2022-11-11T14:34:56.395+0000] {logging_mixin.py:120} INFO - [2022-11-11T14:34:56.395+0000] {dag.py:2585} INFO - Sync 1 DAGs
[2022-11-11T14:34:56.428+0000] {logging_mixin.py:120} INFO - [2022-11-11T14:34:56.427+0000] {dag.py:3340} INFO - Setting next_dagrun for latest_only to 2022-11-11T10:34:56.427529+00:00, run_after=2022-11-11T14:34:56.427529+00:00
[2022-11-11T14:34:56.453+0000] {processor.py:176} INFO - Processing /home/airflow/.local/lib/python3.7/site-packages/airflow/example_dags/example_latest_only.py took 0.148 seconds
[2022-11-11T14:35:26.740+0000] {processor.py:154} INFO - Started process (PID=977) to work on /home/airflow/.local/lib/python3.7/site-packages/airflow/example_dags/example_latest_only.py
[2022-11-11T14:35:26.741+0000] {processor.py:756} INFO - Processing file /home/airflow/.local/lib/python3.7/site-packages/airflow/example_dags/example_latest_only.py for tasks to queue
[2022-11-11T14:35:26.743+0000] {logging_mixin.py:120} INFO - [2022-11-11T14:35:26.742+0000] {dagbag.py:537} INFO - Filling up the DagBag from /home/airflow/.local/lib/python3.7/site-packages/airflow/example_dags/example_latest_only.py
[2022-11-11T14:35:26.762+0000] {processor.py:766} INFO - DAG(s) dict_keys(['latest_only']) retrieved from /home/airflow/.local/lib/python3.7/site-packages/airflow/example_dags/example_latest_only.py
[2022-11-11T14:35:26.818+0000] {logging_mixin.py:120} INFO - [2022-11-11T14:35:26.817+0000] {dag.py:2585} INFO - Sync 1 DAGs
[2022-11-11T14:35:26.852+0000] {logging_mixin.py:120} INFO - [2022-11-11T14:35:26.852+0000] {dag.py:3340} INFO - Setting next_dagrun for latest_only to 2022-11-11T10:35:26.852245+00:00, run_after=2022-11-11T14:35:26.852245+00:00
[2022-11-11T14:35:26.876+0000] {processor.py:176} INFO - Processing /home/airflow/.local/lib/python3.7/site-packages/airflow/example_dags/example_latest_only.py took 0.144 seconds
[2022-11-11T14:35:57.204+0000] {processor.py:154} INFO - Started process (PID=1034) to work on /home/airflow/.local/lib/python3.7/site-packages/airflow/example_dags/example_latest_only.py
[2022-11-11T14:35:57.206+0000] {processor.py:756} INFO - Processing file /home/airflow/.local/lib/python3.7/site-packages/airflow/example_dags/example_latest_only.py for tasks to queue
[2022-11-11T14:35:57.207+0000] {logging_mixin.py:120} INFO - [2022-11-11T14:35:57.206+0000] {dagbag.py:537} INFO - Filling up the DagBag from /home/airflow/.local/lib/python3.7/site-packages/airflow/example_dags/example_latest_only.py
[2022-11-11T14:35:57.227+0000] {processor.py:766} INFO - DAG(s) dict_keys(['latest_only']) retrieved from /home/airflow/.local/lib/python3.7/site-packages/airflow/example_dags/example_latest_only.py
[2022-11-11T14:35:57.284+0000] {logging_mixin.py:120} INFO - [2022-11-11T14:35:57.284+0000] {dag.py:2585} INFO - Sync 1 DAGs
[2022-11-11T14:35:57.317+0000] {logging_mixin.py:120} INFO - [2022-11-11T14:35:57.317+0000] {dag.py:3340} INFO - Setting next_dagrun for latest_only to 2022-11-11T10:35:57.317477+00:00, run_after=2022-11-11T14:35:57.317477+00:00
[2022-11-11T14:35:57.340+0000] {processor.py:176} INFO - Processing /home/airflow/.local/lib/python3.7/site-packages/airflow/example_dags/example_latest_only.py took 0.143 seconds
[2022-11-11T14:36:27.688+0000] {processor.py:154} INFO - Started process (PID=1091) to work on /home/airflow/.local/lib/python3.7/site-packages/airflow/example_dags/example_latest_only.py
[2022-11-11T14:36:27.689+0000] {processor.py:756} INFO - Processing file /home/airflow/.local/lib/python3.7/site-packages/airflow/example_dags/example_latest_only.py for tasks to queue
[2022-11-11T14:36:27.690+0000] {logging_mixin.py:120} INFO - [2022-11-11T14:36:27.690+0000] {dagbag.py:537} INFO - Filling up the DagBag from /home/airflow/.local/lib/python3.7/site-packages/airflow/example_dags/example_latest_only.py
[2022-11-11T14:36:27.711+0000] {processor.py:766} INFO - DAG(s) dict_keys(['latest_only']) retrieved from /home/airflow/.local/lib/python3.7/site-packages/airflow/example_dags/example_latest_only.py
[2022-11-11T14:36:27.769+0000] {logging_mixin.py:120} INFO - [2022-11-11T14:36:27.769+0000] {dag.py:2585} INFO - Sync 1 DAGs
[2022-11-11T14:36:27.805+0000] {logging_mixin.py:120} INFO - [2022-11-11T14:36:27.805+0000] {dag.py:3340} INFO - Setting next_dagrun for latest_only to 2022-11-11T10:36:27.804948+00:00, run_after=2022-11-11T14:36:27.804948+00:00
[2022-11-11T14:36:27.831+0000] {processor.py:176} INFO - Processing /home/airflow/.local/lib/python3.7/site-packages/airflow/example_dags/example_latest_only.py took 0.149 seconds
[2022-11-11T14:36:58.406+0000] {processor.py:154} INFO - Started process (PID=1148) to work on /home/airflow/.local/lib/python3.7/site-packages/airflow/example_dags/example_latest_only.py
[2022-11-11T14:36:58.408+0000] {processor.py:756} INFO - Processing file /home/airflow/.local/lib/python3.7/site-packages/airflow/example_dags/example_latest_only.py for tasks to queue
[2022-11-11T14:36:58.409+0000] {logging_mixin.py:120} INFO - [2022-11-11T14:36:58.408+0000] {dagbag.py:537} INFO - Filling up the DagBag from /home/airflow/.local/lib/python3.7/site-packages/airflow/example_dags/example_latest_only.py
[2022-11-11T14:36:58.430+0000] {processor.py:766} INFO - DAG(s) dict_keys(['latest_only']) retrieved from /home/airflow/.local/lib/python3.7/site-packages/airflow/example_dags/example_latest_only.py
[2022-11-11T14:36:58.488+0000] {logging_mixin.py:120} INFO - [2022-11-11T14:36:58.488+0000] {dag.py:2585} INFO - Sync 1 DAGs
[2022-11-11T14:36:58.520+0000] {logging_mixin.py:120} INFO - [2022-11-11T14:36:58.520+0000] {dag.py:3340} INFO - Setting next_dagrun for latest_only to 2022-11-11T10:36:58.519816+00:00, run_after=2022-11-11T14:36:58.519816+00:00
[2022-11-11T14:36:58.544+0000] {processor.py:176} INFO - Processing /home/airflow/.local/lib/python3.7/site-packages/airflow/example_dags/example_latest_only.py took 0.143 seconds
[2022-11-11T14:37:28.948+0000] {processor.py:154} INFO - Started process (PID=1206) to work on /home/airflow/.local/lib/python3.7/site-packages/airflow/example_dags/example_latest_only.py
[2022-11-11T14:37:28.949+0000] {processor.py:756} INFO - Processing file /home/airflow/.local/lib/python3.7/site-packages/airflow/example_dags/example_latest_only.py for tasks to queue
[2022-11-11T14:37:28.950+0000] {logging_mixin.py:120} INFO - [2022-11-11T14:37:28.950+0000] {dagbag.py:537} INFO - Filling up the DagBag from /home/airflow/.local/lib/python3.7/site-packages/airflow/example_dags/example_latest_only.py
[2022-11-11T14:37:28.971+0000] {processor.py:766} INFO - DAG(s) dict_keys(['latest_only']) retrieved from /home/airflow/.local/lib/python3.7/site-packages/airflow/example_dags/example_latest_only.py
[2022-11-11T14:37:29.027+0000] {logging_mixin.py:120} INFO - [2022-11-11T14:37:29.027+0000] {dag.py:2585} INFO - Sync 1 DAGs
[2022-11-11T14:37:29.065+0000] {logging_mixin.py:120} INFO - [2022-11-11T14:37:29.065+0000] {dag.py:3340} INFO - Setting next_dagrun for latest_only to 2022-11-11T10:37:29.065179+00:00, run_after=2022-11-11T14:37:29.065179+00:00
[2022-11-11T14:37:29.089+0000] {processor.py:176} INFO - Processing /home/airflow/.local/lib/python3.7/site-packages/airflow/example_dags/example_latest_only.py took 0.148 seconds
[2022-11-11T14:37:59.470+0000] {processor.py:154} INFO - Started process (PID=1264) to work on /home/airflow/.local/lib/python3.7/site-packages/airflow/example_dags/example_latest_only.py
[2022-11-11T14:37:59.472+0000] {processor.py:756} INFO - Processing file /home/airflow/.local/lib/python3.7/site-packages/airflow/example_dags/example_latest_only.py for tasks to queue
[2022-11-11T14:37:59.473+0000] {logging_mixin.py:120} INFO - [2022-11-11T14:37:59.473+0000] {dagbag.py:537} INFO - Filling up the DagBag from /home/airflow/.local/lib/python3.7/site-packages/airflow/example_dags/example_latest_only.py
[2022-11-11T14:37:59.494+0000] {processor.py:766} INFO - DAG(s) dict_keys(['latest_only']) retrieved from /home/airflow/.local/lib/python3.7/site-packages/airflow/example_dags/example_latest_only.py
[2022-11-11T14:37:59.558+0000] {logging_mixin.py:120} INFO - [2022-11-11T14:37:59.557+0000] {dag.py:2585} INFO - Sync 1 DAGs
[2022-11-11T14:37:59.597+0000] {logging_mixin.py:120} INFO - [2022-11-11T14:37:59.596+0000] {dag.py:3340} INFO - Setting next_dagrun for latest_only to 2022-11-11T10:37:59.596660+00:00, run_after=2022-11-11T14:37:59.596660+00:00
[2022-11-11T14:37:59.623+0000] {processor.py:176} INFO - Processing /home/airflow/.local/lib/python3.7/site-packages/airflow/example_dags/example_latest_only.py took 0.158 seconds
[2022-11-11T14:38:29.849+0000] {processor.py:154} INFO - Started process (PID=1321) to work on /home/airflow/.local/lib/python3.7/site-packages/airflow/example_dags/example_latest_only.py
[2022-11-11T14:38:29.850+0000] {processor.py:756} INFO - Processing file /home/airflow/.local/lib/python3.7/site-packages/airflow/example_dags/example_latest_only.py for tasks to queue
[2022-11-11T14:38:29.851+0000] {logging_mixin.py:120} INFO - [2022-11-11T14:38:29.851+0000] {dagbag.py:537} INFO - Filling up the DagBag from /home/airflow/.local/lib/python3.7/site-packages/airflow/example_dags/example_latest_only.py
[2022-11-11T14:38:29.872+0000] {processor.py:766} INFO - DAG(s) dict_keys(['latest_only']) retrieved from /home/airflow/.local/lib/python3.7/site-packages/airflow/example_dags/example_latest_only.py
[2022-11-11T14:38:29.933+0000] {logging_mixin.py:120} INFO - [2022-11-11T14:38:29.933+0000] {dag.py:2585} INFO - Sync 1 DAGs
[2022-11-11T14:38:29.966+0000] {logging_mixin.py:120} INFO - [2022-11-11T14:38:29.966+0000] {dag.py:3340} INFO - Setting next_dagrun for latest_only to 2022-11-11T10:38:29.966395+00:00, run_after=2022-11-11T14:38:29.966395+00:00
[2022-11-11T14:38:29.991+0000] {processor.py:176} INFO - Processing /home/airflow/.local/lib/python3.7/site-packages/airflow/example_dags/example_latest_only.py took 0.149 seconds
[2022-11-11T14:39:00.537+0000] {processor.py:154} INFO - Started process (PID=1376) to work on /home/airflow/.local/lib/python3.7/site-packages/airflow/example_dags/example_latest_only.py
[2022-11-11T14:39:00.538+0000] {processor.py:756} INFO - Processing file /home/airflow/.local/lib/python3.7/site-packages/airflow/example_dags/example_latest_only.py for tasks to queue
[2022-11-11T14:39:00.539+0000] {logging_mixin.py:120} INFO - [2022-11-11T14:39:00.539+0000] {dagbag.py:537} INFO - Filling up the DagBag from /home/airflow/.local/lib/python3.7/site-packages/airflow/example_dags/example_latest_only.py
[2022-11-11T14:39:00.563+0000] {processor.py:766} INFO - DAG(s) dict_keys(['latest_only']) retrieved from /home/airflow/.local/lib/python3.7/site-packages/airflow/example_dags/example_latest_only.py
[2022-11-11T14:39:00.623+0000] {logging_mixin.py:120} INFO - [2022-11-11T14:39:00.623+0000] {dag.py:2585} INFO - Sync 1 DAGs
[2022-11-11T14:39:00.658+0000] {logging_mixin.py:120} INFO - [2022-11-11T14:39:00.658+0000] {dag.py:3340} INFO - Setting next_dagrun for latest_only to 2022-11-11T10:39:00.657794+00:00, run_after=2022-11-11T14:39:00.657794+00:00
[2022-11-11T14:39:00.685+0000] {processor.py:176} INFO - Processing /home/airflow/.local/lib/python3.7/site-packages/airflow/example_dags/example_latest_only.py took 0.154 seconds
[2022-11-11T14:39:31.196+0000] {processor.py:154} INFO - Started process (PID=1434) to work on /home/airflow/.local/lib/python3.7/site-packages/airflow/example_dags/example_latest_only.py
[2022-11-11T14:39:31.198+0000] {processor.py:756} INFO - Processing file /home/airflow/.local/lib/python3.7/site-packages/airflow/example_dags/example_latest_only.py for tasks to queue
[2022-11-11T14:39:31.198+0000] {logging_mixin.py:120} INFO - [2022-11-11T14:39:31.198+0000] {dagbag.py:537} INFO - Filling up the DagBag from /home/airflow/.local/lib/python3.7/site-packages/airflow/example_dags/example_latest_only.py
[2022-11-11T14:39:31.219+0000] {processor.py:766} INFO - DAG(s) dict_keys(['latest_only']) retrieved from /home/airflow/.local/lib/python3.7/site-packages/airflow/example_dags/example_latest_only.py
[2022-11-11T14:39:31.275+0000] {logging_mixin.py:120} INFO - [2022-11-11T14:39:31.275+0000] {dag.py:2585} INFO - Sync 1 DAGs
[2022-11-11T14:39:31.310+0000] {logging_mixin.py:120} INFO - [2022-11-11T14:39:31.310+0000] {dag.py:3340} INFO - Setting next_dagrun for latest_only to 2022-11-11T10:39:31.310249+00:00, run_after=2022-11-11T14:39:31.310249+00:00
[2022-11-11T14:39:31.335+0000] {processor.py:176} INFO - Processing /home/airflow/.local/lib/python3.7/site-packages/airflow/example_dags/example_latest_only.py took 0.145 seconds
[2022-11-11T14:40:01.905+0000] {processor.py:154} INFO - Started process (PID=1490) to work on /home/airflow/.local/lib/python3.7/site-packages/airflow/example_dags/example_latest_only.py
[2022-11-11T14:40:01.906+0000] {processor.py:756} INFO - Processing file /home/airflow/.local/lib/python3.7/site-packages/airflow/example_dags/example_latest_only.py for tasks to queue
[2022-11-11T14:40:01.907+0000] {logging_mixin.py:120} INFO - [2022-11-11T14:40:01.907+0000] {dagbag.py:537} INFO - Filling up the DagBag from /home/airflow/.local/lib/python3.7/site-packages/airflow/example_dags/example_latest_only.py
[2022-11-11T14:40:01.927+0000] {processor.py:766} INFO - DAG(s) dict_keys(['latest_only']) retrieved from /home/airflow/.local/lib/python3.7/site-packages/airflow/example_dags/example_latest_only.py
[2022-11-11T14:40:01.990+0000] {logging_mixin.py:120} INFO - [2022-11-11T14:40:01.990+0000] {dag.py:2585} INFO - Sync 1 DAGs
[2022-11-11T14:40:02.024+0000] {logging_mixin.py:120} INFO - [2022-11-11T14:40:02.024+0000] {dag.py:3340} INFO - Setting next_dagrun for latest_only to 2022-11-11T10:40:02.024158+00:00, run_after=2022-11-11T14:40:02.024158+00:00
[2022-11-11T14:40:02.048+0000] {processor.py:176} INFO - Processing /home/airflow/.local/lib/python3.7/site-packages/airflow/example_dags/example_latest_only.py took 0.148 seconds
[2022-11-11T14:40:32.365+0000] {processor.py:154} INFO - Started process (PID=1546) to work on /home/airflow/.local/lib/python3.7/site-packages/airflow/example_dags/example_latest_only.py
[2022-11-11T14:40:32.367+0000] {processor.py:756} INFO - Processing file /home/airflow/.local/lib/python3.7/site-packages/airflow/example_dags/example_latest_only.py for tasks to queue
[2022-11-11T14:40:32.368+0000] {logging_mixin.py:120} INFO - [2022-11-11T14:40:32.367+0000] {dagbag.py:537} INFO - Filling up the DagBag from /home/airflow/.local/lib/python3.7/site-packages/airflow/example_dags/example_latest_only.py
[2022-11-11T14:40:32.388+0000] {processor.py:766} INFO - DAG(s) dict_keys(['latest_only']) retrieved from /home/airflow/.local/lib/python3.7/site-packages/airflow/example_dags/example_latest_only.py
[2022-11-11T14:40:32.445+0000] {logging_mixin.py:120} INFO - [2022-11-11T14:40:32.444+0000] {dag.py:2585} INFO - Sync 1 DAGs
[2022-11-11T14:40:32.478+0000] {logging_mixin.py:120} INFO - [2022-11-11T14:40:32.478+0000] {dag.py:3340} INFO - Setting next_dagrun for latest_only to 2022-11-11T10:40:32.478329+00:00, run_after=2022-11-11T14:40:32.478329+00:00
[2022-11-11T14:40:32.503+0000] {processor.py:176} INFO - Processing /home/airflow/.local/lib/python3.7/site-packages/airflow/example_dags/example_latest_only.py took 0.144 seconds
[2022-11-11T14:41:02.776+0000] {processor.py:154} INFO - Started process (PID=1602) to work on /home/airflow/.local/lib/python3.7/site-packages/airflow/example_dags/example_latest_only.py
[2022-11-11T14:41:02.778+0000] {processor.py:756} INFO - Processing file /home/airflow/.local/lib/python3.7/site-packages/airflow/example_dags/example_latest_only.py for tasks to queue
[2022-11-11T14:41:02.779+0000] {logging_mixin.py:120} INFO - [2022-11-11T14:41:02.778+0000] {dagbag.py:537} INFO - Filling up the DagBag from /home/airflow/.local/lib/python3.7/site-packages/airflow/example_dags/example_latest_only.py
[2022-11-11T14:41:02.798+0000] {processor.py:766} INFO - DAG(s) dict_keys(['latest_only']) retrieved from /home/airflow/.local/lib/python3.7/site-packages/airflow/example_dags/example_latest_only.py
[2022-11-11T14:41:02.854+0000] {logging_mixin.py:120} INFO - [2022-11-11T14:41:02.854+0000] {dag.py:2585} INFO - Sync 1 DAGs
[2022-11-11T14:41:02.887+0000] {logging_mixin.py:120} INFO - [2022-11-11T14:41:02.887+0000] {dag.py:3340} INFO - Setting next_dagrun for latest_only to 2022-11-11T10:41:02.887419+00:00, run_after=2022-11-11T14:41:02.887419+00:00
[2022-11-11T14:41:02.913+0000] {processor.py:176} INFO - Processing /home/airflow/.local/lib/python3.7/site-packages/airflow/example_dags/example_latest_only.py took 0.143 seconds
[2022-11-11T14:41:33.484+0000] {processor.py:154} INFO - Started process (PID=1659) to work on /home/airflow/.local/lib/python3.7/site-packages/airflow/example_dags/example_latest_only.py
[2022-11-11T14:41:33.486+0000] {processor.py:756} INFO - Processing file /home/airflow/.local/lib/python3.7/site-packages/airflow/example_dags/example_latest_only.py for tasks to queue
[2022-11-11T14:41:33.486+0000] {logging_mixin.py:120} INFO - [2022-11-11T14:41:33.486+0000] {dagbag.py:537} INFO - Filling up the DagBag from /home/airflow/.local/lib/python3.7/site-packages/airflow/example_dags/example_latest_only.py
[2022-11-11T14:41:33.507+0000] {processor.py:766} INFO - DAG(s) dict_keys(['latest_only']) retrieved from /home/airflow/.local/lib/python3.7/site-packages/airflow/example_dags/example_latest_only.py
[2022-11-11T14:41:33.567+0000] {logging_mixin.py:120} INFO - [2022-11-11T14:41:33.567+0000] {dag.py:2585} INFO - Sync 1 DAGs
[2022-11-11T14:41:33.604+0000] {logging_mixin.py:120} INFO - [2022-11-11T14:41:33.604+0000] {dag.py:3340} INFO - Setting next_dagrun for latest_only to 2022-11-11T10:41:33.604042+00:00, run_after=2022-11-11T14:41:33.604042+00:00
[2022-11-11T14:41:33.630+0000] {processor.py:176} INFO - Processing /home/airflow/.local/lib/python3.7/site-packages/airflow/example_dags/example_latest_only.py took 0.154 seconds
[2022-11-11T14:42:04.100+0000] {processor.py:154} INFO - Started process (PID=1718) to work on /home/airflow/.local/lib/python3.7/site-packages/airflow/example_dags/example_latest_only.py
[2022-11-11T14:42:04.102+0000] {processor.py:756} INFO - Processing file /home/airflow/.local/lib/python3.7/site-packages/airflow/example_dags/example_latest_only.py for tasks to queue
[2022-11-11T14:42:04.103+0000] {logging_mixin.py:120} INFO - [2022-11-11T14:42:04.102+0000] {dagbag.py:537} INFO - Filling up the DagBag from /home/airflow/.local/lib/python3.7/site-packages/airflow/example_dags/example_latest_only.py
[2022-11-11T14:42:04.125+0000] {processor.py:766} INFO - DAG(s) dict_keys(['latest_only']) retrieved from /home/airflow/.local/lib/python3.7/site-packages/airflow/example_dags/example_latest_only.py
[2022-11-11T14:42:04.183+0000] {logging_mixin.py:120} INFO - [2022-11-11T14:42:04.183+0000] {dag.py:2585} INFO - Sync 1 DAGs
[2022-11-11T14:42:04.220+0000] {logging_mixin.py:120} INFO - [2022-11-11T14:42:04.220+0000] {dag.py:3340} INFO - Setting next_dagrun for latest_only to 2022-11-11T10:42:04.219872+00:00, run_after=2022-11-11T14:42:04.219872+00:00
[2022-11-11T14:42:04.247+0000] {processor.py:176} INFO - Processing /home/airflow/.local/lib/python3.7/site-packages/airflow/example_dags/example_latest_only.py took 0.153 seconds
[2022-11-11T14:42:34.421+0000] {processor.py:154} INFO - Started process (PID=1776) to work on /home/airflow/.local/lib/python3.7/site-packages/airflow/example_dags/example_latest_only.py
[2022-11-11T14:42:34.423+0000] {processor.py:756} INFO - Processing file /home/airflow/.local/lib/python3.7/site-packages/airflow/example_dags/example_latest_only.py for tasks to queue
[2022-11-11T14:42:34.424+0000] {logging_mixin.py:120} INFO - [2022-11-11T14:42:34.423+0000] {dagbag.py:537} INFO - Filling up the DagBag from /home/airflow/.local/lib/python3.7/site-packages/airflow/example_dags/example_latest_only.py
[2022-11-11T14:42:34.445+0000] {processor.py:766} INFO - DAG(s) dict_keys(['latest_only']) retrieved from /home/airflow/.local/lib/python3.7/site-packages/airflow/example_dags/example_latest_only.py
[2022-11-11T14:42:34.507+0000] {logging_mixin.py:120} INFO - [2022-11-11T14:42:34.507+0000] {dag.py:2585} INFO - Sync 1 DAGs
[2022-11-11T14:42:34.542+0000] {logging_mixin.py:120} INFO - [2022-11-11T14:42:34.542+0000] {dag.py:3340} INFO - Setting next_dagrun for latest_only to 2022-11-11T10:42:34.542271+00:00, run_after=2022-11-11T14:42:34.542271+00:00
[2022-11-11T14:42:34.568+0000] {processor.py:176} INFO - Processing /home/airflow/.local/lib/python3.7/site-packages/airflow/example_dags/example_latest_only.py took 0.152 seconds
[2022-11-11T14:43:04.939+0000] {processor.py:154} INFO - Started process (PID=1834) to work on /home/airflow/.local/lib/python3.7/site-packages/airflow/example_dags/example_latest_only.py
[2022-11-11T14:43:04.940+0000] {processor.py:756} INFO - Processing file /home/airflow/.local/lib/python3.7/site-packages/airflow/example_dags/example_latest_only.py for tasks to queue
[2022-11-11T14:43:04.941+0000] {logging_mixin.py:120} INFO - [2022-11-11T14:43:04.941+0000] {dagbag.py:537} INFO - Filling up the DagBag from /home/airflow/.local/lib/python3.7/site-packages/airflow/example_dags/example_latest_only.py
[2022-11-11T14:43:04.962+0000] {processor.py:766} INFO - DAG(s) dict_keys(['latest_only']) retrieved from /home/airflow/.local/lib/python3.7/site-packages/airflow/example_dags/example_latest_only.py
[2022-11-11T14:43:05.025+0000] {logging_mixin.py:120} INFO - [2022-11-11T14:43:05.025+0000] {dag.py:2585} INFO - Sync 1 DAGs
[2022-11-11T14:43:05.061+0000] {logging_mixin.py:120} INFO - [2022-11-11T14:43:05.060+0000] {dag.py:3340} INFO - Setting next_dagrun for latest_only to 2022-11-11T10:43:05.060540+00:00, run_after=2022-11-11T14:43:05.060540+00:00
[2022-11-11T14:43:05.089+0000] {processor.py:176} INFO - Processing /home/airflow/.local/lib/python3.7/site-packages/airflow/example_dags/example_latest_only.py took 0.156 seconds
[2022-11-11T14:43:35.653+0000] {processor.py:154} INFO - Started process (PID=1891) to work on /home/airflow/.local/lib/python3.7/site-packages/airflow/example_dags/example_latest_only.py
[2022-11-11T14:43:35.654+0000] {processor.py:756} INFO - Processing file /home/airflow/.local/lib/python3.7/site-packages/airflow/example_dags/example_latest_only.py for tasks to queue
[2022-11-11T14:43:35.655+0000] {logging_mixin.py:120} INFO - [2022-11-11T14:43:35.655+0000] {dagbag.py:537} INFO - Filling up the DagBag from /home/airflow/.local/lib/python3.7/site-packages/airflow/example_dags/example_latest_only.py
[2022-11-11T14:43:35.675+0000] {processor.py:766} INFO - DAG(s) dict_keys(['latest_only']) retrieved from /home/airflow/.local/lib/python3.7/site-packages/airflow/example_dags/example_latest_only.py
[2022-11-11T14:43:35.728+0000] {logging_mixin.py:120} INFO - [2022-11-11T14:43:35.728+0000] {dag.py:2585} INFO - Sync 1 DAGs
[2022-11-11T14:43:35.762+0000] {logging_mixin.py:120} INFO - [2022-11-11T14:43:35.762+0000] {dag.py:3340} INFO - Setting next_dagrun for latest_only to 2022-11-11T10:43:35.761700+00:00, run_after=2022-11-11T14:43:35.761700+00:00
[2022-11-11T14:43:35.785+0000] {processor.py:176} INFO - Processing /home/airflow/.local/lib/python3.7/site-packages/airflow/example_dags/example_latest_only.py took 0.137 seconds
[2022-11-11T14:44:06.066+0000] {processor.py:154} INFO - Started process (PID=1948) to work on /home/airflow/.local/lib/python3.7/site-packages/airflow/example_dags/example_latest_only.py
[2022-11-11T14:44:06.068+0000] {processor.py:756} INFO - Processing file /home/airflow/.local/lib/python3.7/site-packages/airflow/example_dags/example_latest_only.py for tasks to queue
[2022-11-11T14:44:06.069+0000] {logging_mixin.py:120} INFO - [2022-11-11T14:44:06.069+0000] {dagbag.py:537} INFO - Filling up the DagBag from /home/airflow/.local/lib/python3.7/site-packages/airflow/example_dags/example_latest_only.py
[2022-11-11T14:44:06.092+0000] {processor.py:766} INFO - DAG(s) dict_keys(['latest_only']) retrieved from /home/airflow/.local/lib/python3.7/site-packages/airflow/example_dags/example_latest_only.py
[2022-11-11T14:44:06.151+0000] {logging_mixin.py:120} INFO - [2022-11-11T14:44:06.151+0000] {dag.py:2585} INFO - Sync 1 DAGs
[2022-11-11T14:44:06.186+0000] {logging_mixin.py:120} INFO - [2022-11-11T14:44:06.186+0000] {dag.py:3340} INFO - Setting next_dagrun for latest_only to 2022-11-11T10:44:06.185807+00:00, run_after=2022-11-11T14:44:06.185807+00:00
[2022-11-11T14:44:06.210+0000] {processor.py:176} INFO - Processing /home/airflow/.local/lib/python3.7/site-packages/airflow/example_dags/example_latest_only.py took 0.149 seconds
