[2022-11-11T14:17:50.868+0000] {processor.py:154} INFO - Started process (PID=52) to work on /home/airflow/.local/lib/python3.7/site-packages/airflow/example_dags/example_time_delta_sensor_async.py
[2022-11-11T14:17:50.870+0000] {processor.py:756} INFO - Processing file /home/airflow/.local/lib/python3.7/site-packages/airflow/example_dags/example_time_delta_sensor_async.py for tasks to queue
[2022-11-11T14:17:50.870+0000] {logging_mixin.py:120} INFO - [2022-11-11T14:17:50.870+0000] {dagbag.py:537} INFO - Filling up the DagBag from /home/airflow/.local/lib/python3.7/site-packages/airflow/example_dags/example_time_delta_sensor_async.py
[2022-11-11T14:17:50.894+0000] {processor.py:766} INFO - DAG(s) dict_keys(['example_time_delta_sensor_async']) retrieved from /home/airflow/.local/lib/python3.7/site-packages/airflow/example_dags/example_time_delta_sensor_async.py
[2022-11-11T14:17:52.258+0000] {logging_mixin.py:120} INFO - [2022-11-11T14:17:52.258+0000] {manager.py:507} INFO - Created Permission View: can read on DAG:example_time_delta_sensor_async
[2022-11-11T14:17:52.857+0000] {logging_mixin.py:120} INFO - [2022-11-11T14:17:52.856+0000] {manager.py:507} INFO - Created Permission View: can edit on DAG:example_time_delta_sensor_async
[2022-11-11T14:17:53.550+0000] {logging_mixin.py:120} INFO - [2022-11-11T14:17:53.549+0000] {manager.py:507} INFO - Created Permission View: can delete on DAG:example_time_delta_sensor_async
[2022-11-11T14:17:53.550+0000] {logging_mixin.py:120} INFO - [2022-11-11T14:17:53.550+0000] {dag.py:2585} INFO - Sync 1 DAGs
[2022-11-11T14:17:53.570+0000] {logging_mixin.py:120} INFO - [2022-11-11T14:17:53.570+0000] {dag.py:2606} INFO - Creating ORM DAG for example_time_delta_sensor_async
[2022-11-11T14:17:53.586+0000] {logging_mixin.py:120} INFO - [2022-11-11T14:17:53.585+0000] {dag.py:3340} INFO - Setting next_dagrun for example_time_delta_sensor_async to None, run_after=None
[2022-11-11T14:17:54.622+0000] {processor.py:176} INFO - Processing /home/airflow/.local/lib/python3.7/site-packages/airflow/example_dags/example_time_delta_sensor_async.py took 3.759 seconds
[2022-11-11T14:18:24.723+0000] {processor.py:154} INFO - Started process (PID=109) to work on /home/airflow/.local/lib/python3.7/site-packages/airflow/example_dags/example_time_delta_sensor_async.py
[2022-11-11T14:18:24.724+0000] {processor.py:756} INFO - Processing file /home/airflow/.local/lib/python3.7/site-packages/airflow/example_dags/example_time_delta_sensor_async.py for tasks to queue
[2022-11-11T14:18:24.725+0000] {logging_mixin.py:120} INFO - [2022-11-11T14:18:24.724+0000] {dagbag.py:537} INFO - Filling up the DagBag from /home/airflow/.local/lib/python3.7/site-packages/airflow/example_dags/example_time_delta_sensor_async.py
[2022-11-11T14:18:24.744+0000] {processor.py:766} INFO - DAG(s) dict_keys(['example_time_delta_sensor_async']) retrieved from /home/airflow/.local/lib/python3.7/site-packages/airflow/example_dags/example_time_delta_sensor_async.py
[2022-11-11T14:18:25.018+0000] {logging_mixin.py:120} INFO - [2022-11-11T14:18:25.018+0000] {dag.py:2585} INFO - Sync 1 DAGs
[2022-11-11T14:18:25.055+0000] {logging_mixin.py:120} INFO - [2022-11-11T14:18:25.055+0000] {dag.py:3340} INFO - Setting next_dagrun for example_time_delta_sensor_async to None, run_after=None
[2022-11-11T14:18:25.083+0000] {processor.py:176} INFO - Processing /home/airflow/.local/lib/python3.7/site-packages/airflow/example_dags/example_time_delta_sensor_async.py took 0.365 seconds
[2022-11-11T14:18:55.259+0000] {processor.py:154} INFO - Started process (PID=167) to work on /home/airflow/.local/lib/python3.7/site-packages/airflow/example_dags/example_time_delta_sensor_async.py
[2022-11-11T14:18:55.260+0000] {processor.py:756} INFO - Processing file /home/airflow/.local/lib/python3.7/site-packages/airflow/example_dags/example_time_delta_sensor_async.py for tasks to queue
[2022-11-11T14:18:55.261+0000] {logging_mixin.py:120} INFO - [2022-11-11T14:18:55.261+0000] {dagbag.py:537} INFO - Filling up the DagBag from /home/airflow/.local/lib/python3.7/site-packages/airflow/example_dags/example_time_delta_sensor_async.py
[2022-11-11T14:18:55.280+0000] {processor.py:766} INFO - DAG(s) dict_keys(['example_time_delta_sensor_async']) retrieved from /home/airflow/.local/lib/python3.7/site-packages/airflow/example_dags/example_time_delta_sensor_async.py
[2022-11-11T14:18:55.551+0000] {logging_mixin.py:120} INFO - [2022-11-11T14:18:55.551+0000] {dag.py:2585} INFO - Sync 1 DAGs
[2022-11-11T14:18:55.588+0000] {logging_mixin.py:120} INFO - [2022-11-11T14:18:55.588+0000] {dag.py:3340} INFO - Setting next_dagrun for example_time_delta_sensor_async to None, run_after=None
[2022-11-11T14:18:55.614+0000] {processor.py:176} INFO - Processing /home/airflow/.local/lib/python3.7/site-packages/airflow/example_dags/example_time_delta_sensor_async.py took 0.361 seconds
[2022-11-11T14:19:25.731+0000] {processor.py:154} INFO - Started process (PID=225) to work on /home/airflow/.local/lib/python3.7/site-packages/airflow/example_dags/example_time_delta_sensor_async.py
[2022-11-11T14:19:25.733+0000] {processor.py:756} INFO - Processing file /home/airflow/.local/lib/python3.7/site-packages/airflow/example_dags/example_time_delta_sensor_async.py for tasks to queue
[2022-11-11T14:19:25.734+0000] {logging_mixin.py:120} INFO - [2022-11-11T14:19:25.733+0000] {dagbag.py:537} INFO - Filling up the DagBag from /home/airflow/.local/lib/python3.7/site-packages/airflow/example_dags/example_time_delta_sensor_async.py
[2022-11-11T14:19:25.753+0000] {processor.py:766} INFO - DAG(s) dict_keys(['example_time_delta_sensor_async']) retrieved from /home/airflow/.local/lib/python3.7/site-packages/airflow/example_dags/example_time_delta_sensor_async.py
[2022-11-11T14:19:26.026+0000] {logging_mixin.py:120} INFO - [2022-11-11T14:19:26.026+0000] {dag.py:2585} INFO - Sync 1 DAGs
[2022-11-11T14:19:26.064+0000] {logging_mixin.py:120} INFO - [2022-11-11T14:19:26.064+0000] {dag.py:3340} INFO - Setting next_dagrun for example_time_delta_sensor_async to None, run_after=None
[2022-11-11T14:19:26.090+0000] {processor.py:176} INFO - Processing /home/airflow/.local/lib/python3.7/site-packages/airflow/example_dags/example_time_delta_sensor_async.py took 0.364 seconds
[2022-11-11T14:22:41.843+0000] {processor.py:154} INFO - Started process (PID=52) to work on /home/airflow/.local/lib/python3.7/site-packages/airflow/example_dags/example_time_delta_sensor_async.py
[2022-11-11T14:22:41.845+0000] {processor.py:756} INFO - Processing file /home/airflow/.local/lib/python3.7/site-packages/airflow/example_dags/example_time_delta_sensor_async.py for tasks to queue
[2022-11-11T14:22:41.847+0000] {logging_mixin.py:120} INFO - [2022-11-11T14:22:41.846+0000] {dagbag.py:537} INFO - Filling up the DagBag from /home/airflow/.local/lib/python3.7/site-packages/airflow/example_dags/example_time_delta_sensor_async.py
[2022-11-11T14:22:41.875+0000] {processor.py:766} INFO - DAG(s) dict_keys(['example_time_delta_sensor_async']) retrieved from /home/airflow/.local/lib/python3.7/site-packages/airflow/example_dags/example_time_delta_sensor_async.py
[2022-11-11T14:22:42.153+0000] {logging_mixin.py:120} INFO - [2022-11-11T14:22:42.152+0000] {dag.py:2585} INFO - Sync 1 DAGs
[2022-11-11T14:22:42.202+0000] {logging_mixin.py:120} INFO - [2022-11-11T14:22:42.201+0000] {dag.py:3340} INFO - Setting next_dagrun for example_time_delta_sensor_async to None, run_after=None
[2022-11-11T14:22:42.238+0000] {processor.py:176} INFO - Processing /home/airflow/.local/lib/python3.7/site-packages/airflow/example_dags/example_time_delta_sensor_async.py took 0.401 seconds
[2022-11-11T14:23:12.335+0000] {processor.py:154} INFO - Started process (PID=110) to work on /home/airflow/.local/lib/python3.7/site-packages/airflow/example_dags/example_time_delta_sensor_async.py
[2022-11-11T14:23:12.336+0000] {processor.py:756} INFO - Processing file /home/airflow/.local/lib/python3.7/site-packages/airflow/example_dags/example_time_delta_sensor_async.py for tasks to queue
[2022-11-11T14:23:12.337+0000] {logging_mixin.py:120} INFO - [2022-11-11T14:23:12.337+0000] {dagbag.py:537} INFO - Filling up the DagBag from /home/airflow/.local/lib/python3.7/site-packages/airflow/example_dags/example_time_delta_sensor_async.py
[2022-11-11T14:23:12.356+0000] {processor.py:766} INFO - DAG(s) dict_keys(['example_time_delta_sensor_async']) retrieved from /home/airflow/.local/lib/python3.7/site-packages/airflow/example_dags/example_time_delta_sensor_async.py
[2022-11-11T14:23:12.606+0000] {logging_mixin.py:120} INFO - [2022-11-11T14:23:12.605+0000] {dag.py:2585} INFO - Sync 1 DAGs
[2022-11-11T14:23:12.640+0000] {logging_mixin.py:120} INFO - [2022-11-11T14:23:12.639+0000] {dag.py:3340} INFO - Setting next_dagrun for example_time_delta_sensor_async to None, run_after=None
[2022-11-11T14:23:12.664+0000] {processor.py:176} INFO - Processing /home/airflow/.local/lib/python3.7/site-packages/airflow/example_dags/example_time_delta_sensor_async.py took 0.334 seconds
[2022-11-11T14:24:39.053+0000] {processor.py:154} INFO - Started process (PID=55) to work on /home/airflow/.local/lib/python3.7/site-packages/airflow/example_dags/example_time_delta_sensor_async.py
[2022-11-11T14:24:39.055+0000] {processor.py:756} INFO - Processing file /home/airflow/.local/lib/python3.7/site-packages/airflow/example_dags/example_time_delta_sensor_async.py for tasks to queue
[2022-11-11T14:24:39.057+0000] {logging_mixin.py:120} INFO - [2022-11-11T14:24:39.056+0000] {dagbag.py:537} INFO - Filling up the DagBag from /home/airflow/.local/lib/python3.7/site-packages/airflow/example_dags/example_time_delta_sensor_async.py
[2022-11-11T14:24:39.084+0000] {processor.py:766} INFO - DAG(s) dict_keys(['example_time_delta_sensor_async']) retrieved from /home/airflow/.local/lib/python3.7/site-packages/airflow/example_dags/example_time_delta_sensor_async.py
[2022-11-11T14:24:39.338+0000] {logging_mixin.py:120} INFO - [2022-11-11T14:24:39.338+0000] {dag.py:2585} INFO - Sync 1 DAGs
[2022-11-11T14:24:39.373+0000] {logging_mixin.py:120} INFO - [2022-11-11T14:24:39.373+0000] {dag.py:3340} INFO - Setting next_dagrun for example_time_delta_sensor_async to None, run_after=None
[2022-11-11T14:24:39.398+0000] {processor.py:176} INFO - Processing /home/airflow/.local/lib/python3.7/site-packages/airflow/example_dags/example_time_delta_sensor_async.py took 0.351 seconds
[2022-11-11T14:27:14.642+0000] {processor.py:154} INFO - Started process (PID=55) to work on /home/airflow/.local/lib/python3.7/site-packages/airflow/example_dags/example_time_delta_sensor_async.py
[2022-11-11T14:27:14.644+0000] {processor.py:756} INFO - Processing file /home/airflow/.local/lib/python3.7/site-packages/airflow/example_dags/example_time_delta_sensor_async.py for tasks to queue
[2022-11-11T14:27:14.645+0000] {logging_mixin.py:120} INFO - [2022-11-11T14:27:14.644+0000] {dagbag.py:537} INFO - Filling up the DagBag from /home/airflow/.local/lib/python3.7/site-packages/airflow/example_dags/example_time_delta_sensor_async.py
[2022-11-11T14:27:14.668+0000] {processor.py:766} INFO - DAG(s) dict_keys(['example_time_delta_sensor_async']) retrieved from /home/airflow/.local/lib/python3.7/site-packages/airflow/example_dags/example_time_delta_sensor_async.py
[2022-11-11T14:27:14.973+0000] {logging_mixin.py:120} INFO - [2022-11-11T14:27:14.973+0000] {dag.py:2585} INFO - Sync 1 DAGs
[2022-11-11T14:27:15.009+0000] {logging_mixin.py:120} INFO - [2022-11-11T14:27:15.009+0000] {dag.py:3340} INFO - Setting next_dagrun for example_time_delta_sensor_async to None, run_after=None
[2022-11-11T14:27:15.034+0000] {processor.py:176} INFO - Processing /home/airflow/.local/lib/python3.7/site-packages/airflow/example_dags/example_time_delta_sensor_async.py took 0.398 seconds
[2022-11-11T14:27:46.267+0000] {processor.py:154} INFO - Started process (PID=112) to work on /home/airflow/.local/lib/python3.7/site-packages/airflow/example_dags/example_time_delta_sensor_async.py
[2022-11-11T14:27:46.269+0000] {processor.py:756} INFO - Processing file /home/airflow/.local/lib/python3.7/site-packages/airflow/example_dags/example_time_delta_sensor_async.py for tasks to queue
[2022-11-11T14:27:46.270+0000] {logging_mixin.py:120} INFO - [2022-11-11T14:27:46.270+0000] {dagbag.py:537} INFO - Filling up the DagBag from /home/airflow/.local/lib/python3.7/site-packages/airflow/example_dags/example_time_delta_sensor_async.py
[2022-11-11T14:27:46.288+0000] {processor.py:766} INFO - DAG(s) dict_keys(['example_time_delta_sensor_async']) retrieved from /home/airflow/.local/lib/python3.7/site-packages/airflow/example_dags/example_time_delta_sensor_async.py
[2022-11-11T14:27:46.543+0000] {logging_mixin.py:120} INFO - [2022-11-11T14:27:46.543+0000] {dag.py:2585} INFO - Sync 1 DAGs
[2022-11-11T14:27:46.575+0000] {logging_mixin.py:120} INFO - [2022-11-11T14:27:46.575+0000] {dag.py:3340} INFO - Setting next_dagrun for example_time_delta_sensor_async to None, run_after=None
[2022-11-11T14:27:46.928+0000] {processor.py:176} INFO - Processing /home/airflow/.local/lib/python3.7/site-packages/airflow/example_dags/example_time_delta_sensor_async.py took 0.665 seconds
[2022-11-11T14:28:17.789+0000] {processor.py:154} INFO - Started process (PID=171) to work on /home/airflow/.local/lib/python3.7/site-packages/airflow/example_dags/example_time_delta_sensor_async.py
[2022-11-11T14:28:17.791+0000] {processor.py:756} INFO - Processing file /home/airflow/.local/lib/python3.7/site-packages/airflow/example_dags/example_time_delta_sensor_async.py for tasks to queue
[2022-11-11T14:28:17.791+0000] {logging_mixin.py:120} INFO - [2022-11-11T14:28:17.791+0000] {dagbag.py:537} INFO - Filling up the DagBag from /home/airflow/.local/lib/python3.7/site-packages/airflow/example_dags/example_time_delta_sensor_async.py
[2022-11-11T14:28:17.810+0000] {processor.py:766} INFO - DAG(s) dict_keys(['example_time_delta_sensor_async']) retrieved from /home/airflow/.local/lib/python3.7/site-packages/airflow/example_dags/example_time_delta_sensor_async.py
[2022-11-11T14:28:18.054+0000] {logging_mixin.py:120} INFO - [2022-11-11T14:28:18.054+0000] {dag.py:2585} INFO - Sync 1 DAGs
[2022-11-11T14:28:18.088+0000] {logging_mixin.py:120} INFO - [2022-11-11T14:28:18.087+0000] {dag.py:3340} INFO - Setting next_dagrun for example_time_delta_sensor_async to None, run_after=None
[2022-11-11T14:28:18.110+0000] {processor.py:176} INFO - Processing /home/airflow/.local/lib/python3.7/site-packages/airflow/example_dags/example_time_delta_sensor_async.py took 0.327 seconds
[2022-11-11T14:28:48.258+0000] {processor.py:154} INFO - Started process (PID=231) to work on /home/airflow/.local/lib/python3.7/site-packages/airflow/example_dags/example_time_delta_sensor_async.py
[2022-11-11T14:28:48.260+0000] {processor.py:756} INFO - Processing file /home/airflow/.local/lib/python3.7/site-packages/airflow/example_dags/example_time_delta_sensor_async.py for tasks to queue
[2022-11-11T14:28:48.261+0000] {logging_mixin.py:120} INFO - [2022-11-11T14:28:48.260+0000] {dagbag.py:537} INFO - Filling up the DagBag from /home/airflow/.local/lib/python3.7/site-packages/airflow/example_dags/example_time_delta_sensor_async.py
[2022-11-11T14:28:48.279+0000] {processor.py:766} INFO - DAG(s) dict_keys(['example_time_delta_sensor_async']) retrieved from /home/airflow/.local/lib/python3.7/site-packages/airflow/example_dags/example_time_delta_sensor_async.py
[2022-11-11T14:28:48.520+0000] {logging_mixin.py:120} INFO - [2022-11-11T14:28:48.519+0000] {dag.py:2585} INFO - Sync 1 DAGs
[2022-11-11T14:28:48.553+0000] {logging_mixin.py:120} INFO - [2022-11-11T14:28:48.553+0000] {dag.py:3340} INFO - Setting next_dagrun for example_time_delta_sensor_async to None, run_after=None
[2022-11-11T14:28:48.577+0000] {processor.py:176} INFO - Processing /home/airflow/.local/lib/python3.7/site-packages/airflow/example_dags/example_time_delta_sensor_async.py took 0.324 seconds
[2022-11-11T14:29:18.642+0000] {processor.py:154} INFO - Started process (PID=287) to work on /home/airflow/.local/lib/python3.7/site-packages/airflow/example_dags/example_time_delta_sensor_async.py
[2022-11-11T14:29:18.643+0000] {processor.py:756} INFO - Processing file /home/airflow/.local/lib/python3.7/site-packages/airflow/example_dags/example_time_delta_sensor_async.py for tasks to queue
[2022-11-11T14:29:18.644+0000] {logging_mixin.py:120} INFO - [2022-11-11T14:29:18.644+0000] {dagbag.py:537} INFO - Filling up the DagBag from /home/airflow/.local/lib/python3.7/site-packages/airflow/example_dags/example_time_delta_sensor_async.py
[2022-11-11T14:29:18.662+0000] {processor.py:766} INFO - DAG(s) dict_keys(['example_time_delta_sensor_async']) retrieved from /home/airflow/.local/lib/python3.7/site-packages/airflow/example_dags/example_time_delta_sensor_async.py
[2022-11-11T14:29:18.918+0000] {logging_mixin.py:120} INFO - [2022-11-11T14:29:18.918+0000] {dag.py:2585} INFO - Sync 1 DAGs
[2022-11-11T14:29:18.952+0000] {logging_mixin.py:120} INFO - [2022-11-11T14:29:18.952+0000] {dag.py:3340} INFO - Setting next_dagrun for example_time_delta_sensor_async to None, run_after=None
[2022-11-11T14:29:18.976+0000] {processor.py:176} INFO - Processing /home/airflow/.local/lib/python3.7/site-packages/airflow/example_dags/example_time_delta_sensor_async.py took 0.341 seconds
[2022-11-11T14:29:49.336+0000] {processor.py:154} INFO - Started process (PID=344) to work on /home/airflow/.local/lib/python3.7/site-packages/airflow/example_dags/example_time_delta_sensor_async.py
[2022-11-11T14:29:49.338+0000] {processor.py:756} INFO - Processing file /home/airflow/.local/lib/python3.7/site-packages/airflow/example_dags/example_time_delta_sensor_async.py for tasks to queue
[2022-11-11T14:29:49.338+0000] {logging_mixin.py:120} INFO - [2022-11-11T14:29:49.338+0000] {dagbag.py:537} INFO - Filling up the DagBag from /home/airflow/.local/lib/python3.7/site-packages/airflow/example_dags/example_time_delta_sensor_async.py
[2022-11-11T14:29:49.358+0000] {processor.py:766} INFO - DAG(s) dict_keys(['example_time_delta_sensor_async']) retrieved from /home/airflow/.local/lib/python3.7/site-packages/airflow/example_dags/example_time_delta_sensor_async.py
[2022-11-11T14:29:49.613+0000] {logging_mixin.py:120} INFO - [2022-11-11T14:29:49.613+0000] {dag.py:2585} INFO - Sync 1 DAGs
[2022-11-11T14:29:49.648+0000] {logging_mixin.py:120} INFO - [2022-11-11T14:29:49.647+0000] {dag.py:3340} INFO - Setting next_dagrun for example_time_delta_sensor_async to None, run_after=None
[2022-11-11T14:29:49.673+0000] {processor.py:176} INFO - Processing /home/airflow/.local/lib/python3.7/site-packages/airflow/example_dags/example_time_delta_sensor_async.py took 0.342 seconds
[2022-11-11T14:30:20.038+0000] {processor.py:154} INFO - Started process (PID=401) to work on /home/airflow/.local/lib/python3.7/site-packages/airflow/example_dags/example_time_delta_sensor_async.py
[2022-11-11T14:30:20.040+0000] {processor.py:756} INFO - Processing file /home/airflow/.local/lib/python3.7/site-packages/airflow/example_dags/example_time_delta_sensor_async.py for tasks to queue
[2022-11-11T14:30:20.041+0000] {logging_mixin.py:120} INFO - [2022-11-11T14:30:20.041+0000] {dagbag.py:537} INFO - Filling up the DagBag from /home/airflow/.local/lib/python3.7/site-packages/airflow/example_dags/example_time_delta_sensor_async.py
[2022-11-11T14:30:20.062+0000] {processor.py:766} INFO - DAG(s) dict_keys(['example_time_delta_sensor_async']) retrieved from /home/airflow/.local/lib/python3.7/site-packages/airflow/example_dags/example_time_delta_sensor_async.py
[2022-11-11T14:30:20.314+0000] {logging_mixin.py:120} INFO - [2022-11-11T14:30:20.314+0000] {dag.py:2585} INFO - Sync 1 DAGs
[2022-11-11T14:30:20.349+0000] {logging_mixin.py:120} INFO - [2022-11-11T14:30:20.349+0000] {dag.py:3340} INFO - Setting next_dagrun for example_time_delta_sensor_async to None, run_after=None
[2022-11-11T14:30:20.376+0000] {processor.py:176} INFO - Processing /home/airflow/.local/lib/python3.7/site-packages/airflow/example_dags/example_time_delta_sensor_async.py took 0.344 seconds
[2022-11-11T14:30:50.460+0000] {processor.py:154} INFO - Started process (PID=458) to work on /home/airflow/.local/lib/python3.7/site-packages/airflow/example_dags/example_time_delta_sensor_async.py
[2022-11-11T14:30:50.462+0000] {processor.py:756} INFO - Processing file /home/airflow/.local/lib/python3.7/site-packages/airflow/example_dags/example_time_delta_sensor_async.py for tasks to queue
[2022-11-11T14:30:50.462+0000] {logging_mixin.py:120} INFO - [2022-11-11T14:30:50.462+0000] {dagbag.py:537} INFO - Filling up the DagBag from /home/airflow/.local/lib/python3.7/site-packages/airflow/example_dags/example_time_delta_sensor_async.py
[2022-11-11T14:30:50.481+0000] {processor.py:766} INFO - DAG(s) dict_keys(['example_time_delta_sensor_async']) retrieved from /home/airflow/.local/lib/python3.7/site-packages/airflow/example_dags/example_time_delta_sensor_async.py
[2022-11-11T14:30:50.749+0000] {logging_mixin.py:120} INFO - [2022-11-11T14:30:50.749+0000] {dag.py:2585} INFO - Sync 1 DAGs
[2022-11-11T14:30:50.789+0000] {logging_mixin.py:120} INFO - [2022-11-11T14:30:50.789+0000] {dag.py:3340} INFO - Setting next_dagrun for example_time_delta_sensor_async to None, run_after=None
[2022-11-11T14:30:50.815+0000] {processor.py:176} INFO - Processing /home/airflow/.local/lib/python3.7/site-packages/airflow/example_dags/example_time_delta_sensor_async.py took 0.360 seconds
[2022-11-11T14:31:20.984+0000] {processor.py:154} INFO - Started process (PID=515) to work on /home/airflow/.local/lib/python3.7/site-packages/airflow/example_dags/example_time_delta_sensor_async.py
[2022-11-11T14:31:20.985+0000] {processor.py:756} INFO - Processing file /home/airflow/.local/lib/python3.7/site-packages/airflow/example_dags/example_time_delta_sensor_async.py for tasks to queue
[2022-11-11T14:31:20.986+0000] {logging_mixin.py:120} INFO - [2022-11-11T14:31:20.986+0000] {dagbag.py:537} INFO - Filling up the DagBag from /home/airflow/.local/lib/python3.7/site-packages/airflow/example_dags/example_time_delta_sensor_async.py
[2022-11-11T14:31:21.004+0000] {processor.py:766} INFO - DAG(s) dict_keys(['example_time_delta_sensor_async']) retrieved from /home/airflow/.local/lib/python3.7/site-packages/airflow/example_dags/example_time_delta_sensor_async.py
[2022-11-11T14:31:21.259+0000] {logging_mixin.py:120} INFO - [2022-11-11T14:31:21.259+0000] {dag.py:2585} INFO - Sync 1 DAGs
[2022-11-11T14:31:21.298+0000] {logging_mixin.py:120} INFO - [2022-11-11T14:31:21.298+0000] {dag.py:3340} INFO - Setting next_dagrun for example_time_delta_sensor_async to None, run_after=None
[2022-11-11T14:31:21.321+0000] {processor.py:176} INFO - Processing /home/airflow/.local/lib/python3.7/site-packages/airflow/example_dags/example_time_delta_sensor_async.py took 0.342 seconds
[2022-11-11T14:31:51.418+0000] {processor.py:154} INFO - Started process (PID=573) to work on /home/airflow/.local/lib/python3.7/site-packages/airflow/example_dags/example_time_delta_sensor_async.py
[2022-11-11T14:31:51.419+0000] {processor.py:756} INFO - Processing file /home/airflow/.local/lib/python3.7/site-packages/airflow/example_dags/example_time_delta_sensor_async.py for tasks to queue
[2022-11-11T14:31:51.420+0000] {logging_mixin.py:120} INFO - [2022-11-11T14:31:51.420+0000] {dagbag.py:537} INFO - Filling up the DagBag from /home/airflow/.local/lib/python3.7/site-packages/airflow/example_dags/example_time_delta_sensor_async.py
[2022-11-11T14:31:51.438+0000] {processor.py:766} INFO - DAG(s) dict_keys(['example_time_delta_sensor_async']) retrieved from /home/airflow/.local/lib/python3.7/site-packages/airflow/example_dags/example_time_delta_sensor_async.py
[2022-11-11T14:31:51.679+0000] {logging_mixin.py:120} INFO - [2022-11-11T14:31:51.679+0000] {dag.py:2585} INFO - Sync 1 DAGs
[2022-11-11T14:31:51.712+0000] {logging_mixin.py:120} INFO - [2022-11-11T14:31:51.712+0000] {dag.py:3340} INFO - Setting next_dagrun for example_time_delta_sensor_async to None, run_after=None
[2022-11-11T14:31:51.736+0000] {processor.py:176} INFO - Processing /home/airflow/.local/lib/python3.7/site-packages/airflow/example_dags/example_time_delta_sensor_async.py took 0.324 seconds
[2022-11-11T14:32:21.908+0000] {processor.py:154} INFO - Started process (PID=629) to work on /home/airflow/.local/lib/python3.7/site-packages/airflow/example_dags/example_time_delta_sensor_async.py
[2022-11-11T14:32:21.910+0000] {processor.py:756} INFO - Processing file /home/airflow/.local/lib/python3.7/site-packages/airflow/example_dags/example_time_delta_sensor_async.py for tasks to queue
[2022-11-11T14:32:21.910+0000] {logging_mixin.py:120} INFO - [2022-11-11T14:32:21.910+0000] {dagbag.py:537} INFO - Filling up the DagBag from /home/airflow/.local/lib/python3.7/site-packages/airflow/example_dags/example_time_delta_sensor_async.py
[2022-11-11T14:32:21.928+0000] {processor.py:766} INFO - DAG(s) dict_keys(['example_time_delta_sensor_async']) retrieved from /home/airflow/.local/lib/python3.7/site-packages/airflow/example_dags/example_time_delta_sensor_async.py
[2022-11-11T14:32:22.190+0000] {logging_mixin.py:120} INFO - [2022-11-11T14:32:22.189+0000] {dag.py:2585} INFO - Sync 1 DAGs
[2022-11-11T14:32:22.224+0000] {logging_mixin.py:120} INFO - [2022-11-11T14:32:22.224+0000] {dag.py:3340} INFO - Setting next_dagrun for example_time_delta_sensor_async to None, run_after=None
[2022-11-11T14:32:22.252+0000] {processor.py:176} INFO - Processing /home/airflow/.local/lib/python3.7/site-packages/airflow/example_dags/example_time_delta_sensor_async.py took 0.350 seconds
[2022-11-11T14:32:52.442+0000] {processor.py:154} INFO - Started process (PID=685) to work on /home/airflow/.local/lib/python3.7/site-packages/airflow/example_dags/example_time_delta_sensor_async.py
[2022-11-11T14:32:52.443+0000] {processor.py:756} INFO - Processing file /home/airflow/.local/lib/python3.7/site-packages/airflow/example_dags/example_time_delta_sensor_async.py for tasks to queue
[2022-11-11T14:32:52.444+0000] {logging_mixin.py:120} INFO - [2022-11-11T14:32:52.444+0000] {dagbag.py:537} INFO - Filling up the DagBag from /home/airflow/.local/lib/python3.7/site-packages/airflow/example_dags/example_time_delta_sensor_async.py
[2022-11-11T14:32:52.463+0000] {processor.py:766} INFO - DAG(s) dict_keys(['example_time_delta_sensor_async']) retrieved from /home/airflow/.local/lib/python3.7/site-packages/airflow/example_dags/example_time_delta_sensor_async.py
[2022-11-11T14:32:52.707+0000] {logging_mixin.py:120} INFO - [2022-11-11T14:32:52.706+0000] {dag.py:2585} INFO - Sync 1 DAGs
[2022-11-11T14:32:52.739+0000] {logging_mixin.py:120} INFO - [2022-11-11T14:32:52.739+0000] {dag.py:3340} INFO - Setting next_dagrun for example_time_delta_sensor_async to None, run_after=None
[2022-11-11T14:32:52.762+0000] {processor.py:176} INFO - Processing /home/airflow/.local/lib/python3.7/site-packages/airflow/example_dags/example_time_delta_sensor_async.py took 0.326 seconds
[2022-11-11T14:33:22.969+0000] {processor.py:154} INFO - Started process (PID=743) to work on /home/airflow/.local/lib/python3.7/site-packages/airflow/example_dags/example_time_delta_sensor_async.py
[2022-11-11T14:33:22.974+0000] {processor.py:756} INFO - Processing file /home/airflow/.local/lib/python3.7/site-packages/airflow/example_dags/example_time_delta_sensor_async.py for tasks to queue
[2022-11-11T14:33:22.975+0000] {logging_mixin.py:120} INFO - [2022-11-11T14:33:22.975+0000] {dagbag.py:537} INFO - Filling up the DagBag from /home/airflow/.local/lib/python3.7/site-packages/airflow/example_dags/example_time_delta_sensor_async.py
[2022-11-11T14:33:22.996+0000] {processor.py:766} INFO - DAG(s) dict_keys(['example_time_delta_sensor_async']) retrieved from /home/airflow/.local/lib/python3.7/site-packages/airflow/example_dags/example_time_delta_sensor_async.py
[2022-11-11T14:33:23.240+0000] {logging_mixin.py:120} INFO - [2022-11-11T14:33:23.239+0000] {dag.py:2585} INFO - Sync 1 DAGs
[2022-11-11T14:33:23.271+0000] {logging_mixin.py:120} INFO - [2022-11-11T14:33:23.271+0000] {dag.py:3340} INFO - Setting next_dagrun for example_time_delta_sensor_async to None, run_after=None
[2022-11-11T14:33:23.294+0000] {processor.py:176} INFO - Processing /home/airflow/.local/lib/python3.7/site-packages/airflow/example_dags/example_time_delta_sensor_async.py took 0.330 seconds
[2022-11-11T14:33:53.646+0000] {processor.py:154} INFO - Started process (PID=799) to work on /home/airflow/.local/lib/python3.7/site-packages/airflow/example_dags/example_time_delta_sensor_async.py
[2022-11-11T14:33:53.647+0000] {processor.py:756} INFO - Processing file /home/airflow/.local/lib/python3.7/site-packages/airflow/example_dags/example_time_delta_sensor_async.py for tasks to queue
[2022-11-11T14:33:53.648+0000] {logging_mixin.py:120} INFO - [2022-11-11T14:33:53.648+0000] {dagbag.py:537} INFO - Filling up the DagBag from /home/airflow/.local/lib/python3.7/site-packages/airflow/example_dags/example_time_delta_sensor_async.py
[2022-11-11T14:33:53.668+0000] {processor.py:766} INFO - DAG(s) dict_keys(['example_time_delta_sensor_async']) retrieved from /home/airflow/.local/lib/python3.7/site-packages/airflow/example_dags/example_time_delta_sensor_async.py
[2022-11-11T14:33:53.919+0000] {logging_mixin.py:120} INFO - [2022-11-11T14:33:53.918+0000] {dag.py:2585} INFO - Sync 1 DAGs
[2022-11-11T14:33:53.950+0000] {logging_mixin.py:120} INFO - [2022-11-11T14:33:53.950+0000] {dag.py:3340} INFO - Setting next_dagrun for example_time_delta_sensor_async to None, run_after=None
[2022-11-11T14:33:53.973+0000] {processor.py:176} INFO - Processing /home/airflow/.local/lib/python3.7/site-packages/airflow/example_dags/example_time_delta_sensor_async.py took 0.332 seconds
[2022-11-11T14:34:24.111+0000] {processor.py:154} INFO - Started process (PID=856) to work on /home/airflow/.local/lib/python3.7/site-packages/airflow/example_dags/example_time_delta_sensor_async.py
[2022-11-11T14:34:24.112+0000] {processor.py:756} INFO - Processing file /home/airflow/.local/lib/python3.7/site-packages/airflow/example_dags/example_time_delta_sensor_async.py for tasks to queue
[2022-11-11T14:34:24.113+0000] {logging_mixin.py:120} INFO - [2022-11-11T14:34:24.113+0000] {dagbag.py:537} INFO - Filling up the DagBag from /home/airflow/.local/lib/python3.7/site-packages/airflow/example_dags/example_time_delta_sensor_async.py
[2022-11-11T14:34:24.132+0000] {processor.py:766} INFO - DAG(s) dict_keys(['example_time_delta_sensor_async']) retrieved from /home/airflow/.local/lib/python3.7/site-packages/airflow/example_dags/example_time_delta_sensor_async.py
[2022-11-11T14:34:24.395+0000] {logging_mixin.py:120} INFO - [2022-11-11T14:34:24.395+0000] {dag.py:2585} INFO - Sync 1 DAGs
[2022-11-11T14:34:24.428+0000] {logging_mixin.py:120} INFO - [2022-11-11T14:34:24.428+0000] {dag.py:3340} INFO - Setting next_dagrun for example_time_delta_sensor_async to None, run_after=None
[2022-11-11T14:34:24.452+0000] {processor.py:176} INFO - Processing /home/airflow/.local/lib/python3.7/site-packages/airflow/example_dags/example_time_delta_sensor_async.py took 0.346 seconds
[2022-11-11T14:34:54.728+0000] {processor.py:154} INFO - Started process (PID=913) to work on /home/airflow/.local/lib/python3.7/site-packages/airflow/example_dags/example_time_delta_sensor_async.py
[2022-11-11T14:34:54.729+0000] {processor.py:756} INFO - Processing file /home/airflow/.local/lib/python3.7/site-packages/airflow/example_dags/example_time_delta_sensor_async.py for tasks to queue
[2022-11-11T14:34:54.730+0000] {logging_mixin.py:120} INFO - [2022-11-11T14:34:54.730+0000] {dagbag.py:537} INFO - Filling up the DagBag from /home/airflow/.local/lib/python3.7/site-packages/airflow/example_dags/example_time_delta_sensor_async.py
[2022-11-11T14:34:54.749+0000] {processor.py:766} INFO - DAG(s) dict_keys(['example_time_delta_sensor_async']) retrieved from /home/airflow/.local/lib/python3.7/site-packages/airflow/example_dags/example_time_delta_sensor_async.py
[2022-11-11T14:34:54.993+0000] {logging_mixin.py:120} INFO - [2022-11-11T14:34:54.992+0000] {dag.py:2585} INFO - Sync 1 DAGs
[2022-11-11T14:34:55.027+0000] {logging_mixin.py:120} INFO - [2022-11-11T14:34:55.026+0000] {dag.py:3340} INFO - Setting next_dagrun for example_time_delta_sensor_async to None, run_after=None
[2022-11-11T14:34:55.051+0000] {processor.py:176} INFO - Processing /home/airflow/.local/lib/python3.7/site-packages/airflow/example_dags/example_time_delta_sensor_async.py took 0.329 seconds
[2022-11-11T14:35:25.171+0000] {processor.py:154} INFO - Started process (PID=972) to work on /home/airflow/.local/lib/python3.7/site-packages/airflow/example_dags/example_time_delta_sensor_async.py
[2022-11-11T14:35:25.172+0000] {processor.py:756} INFO - Processing file /home/airflow/.local/lib/python3.7/site-packages/airflow/example_dags/example_time_delta_sensor_async.py for tasks to queue
[2022-11-11T14:35:25.173+0000] {logging_mixin.py:120} INFO - [2022-11-11T14:35:25.173+0000] {dagbag.py:537} INFO - Filling up the DagBag from /home/airflow/.local/lib/python3.7/site-packages/airflow/example_dags/example_time_delta_sensor_async.py
[2022-11-11T14:35:25.191+0000] {processor.py:766} INFO - DAG(s) dict_keys(['example_time_delta_sensor_async']) retrieved from /home/airflow/.local/lib/python3.7/site-packages/airflow/example_dags/example_time_delta_sensor_async.py
[2022-11-11T14:35:25.448+0000] {logging_mixin.py:120} INFO - [2022-11-11T14:35:25.448+0000] {dag.py:2585} INFO - Sync 1 DAGs
[2022-11-11T14:35:25.492+0000] {logging_mixin.py:120} INFO - [2022-11-11T14:35:25.492+0000] {dag.py:3340} INFO - Setting next_dagrun for example_time_delta_sensor_async to None, run_after=None
[2022-11-11T14:35:25.516+0000] {processor.py:176} INFO - Processing /home/airflow/.local/lib/python3.7/site-packages/airflow/example_dags/example_time_delta_sensor_async.py took 0.352 seconds
[2022-11-11T14:35:55.611+0000] {processor.py:154} INFO - Started process (PID=1029) to work on /home/airflow/.local/lib/python3.7/site-packages/airflow/example_dags/example_time_delta_sensor_async.py
[2022-11-11T14:35:55.612+0000] {processor.py:756} INFO - Processing file /home/airflow/.local/lib/python3.7/site-packages/airflow/example_dags/example_time_delta_sensor_async.py for tasks to queue
[2022-11-11T14:35:55.613+0000] {logging_mixin.py:120} INFO - [2022-11-11T14:35:55.613+0000] {dagbag.py:537} INFO - Filling up the DagBag from /home/airflow/.local/lib/python3.7/site-packages/airflow/example_dags/example_time_delta_sensor_async.py
[2022-11-11T14:35:55.634+0000] {processor.py:766} INFO - DAG(s) dict_keys(['example_time_delta_sensor_async']) retrieved from /home/airflow/.local/lib/python3.7/site-packages/airflow/example_dags/example_time_delta_sensor_async.py
[2022-11-11T14:35:55.927+0000] {logging_mixin.py:120} INFO - [2022-11-11T14:35:55.927+0000] {dag.py:2585} INFO - Sync 1 DAGs
[2022-11-11T14:35:55.960+0000] {logging_mixin.py:120} INFO - [2022-11-11T14:35:55.960+0000] {dag.py:3340} INFO - Setting next_dagrun for example_time_delta_sensor_async to None, run_after=None
[2022-11-11T14:35:55.982+0000] {processor.py:176} INFO - Processing /home/airflow/.local/lib/python3.7/site-packages/airflow/example_dags/example_time_delta_sensor_async.py took 0.377 seconds
[2022-11-11T14:36:26.143+0000] {processor.py:154} INFO - Started process (PID=1086) to work on /home/airflow/.local/lib/python3.7/site-packages/airflow/example_dags/example_time_delta_sensor_async.py
[2022-11-11T14:36:26.144+0000] {processor.py:756} INFO - Processing file /home/airflow/.local/lib/python3.7/site-packages/airflow/example_dags/example_time_delta_sensor_async.py for tasks to queue
[2022-11-11T14:36:26.145+0000] {logging_mixin.py:120} INFO - [2022-11-11T14:36:26.145+0000] {dagbag.py:537} INFO - Filling up the DagBag from /home/airflow/.local/lib/python3.7/site-packages/airflow/example_dags/example_time_delta_sensor_async.py
[2022-11-11T14:36:26.163+0000] {processor.py:766} INFO - DAG(s) dict_keys(['example_time_delta_sensor_async']) retrieved from /home/airflow/.local/lib/python3.7/site-packages/airflow/example_dags/example_time_delta_sensor_async.py
[2022-11-11T14:36:26.413+0000] {logging_mixin.py:120} INFO - [2022-11-11T14:36:26.413+0000] {dag.py:2585} INFO - Sync 1 DAGs
[2022-11-11T14:36:26.446+0000] {logging_mixin.py:120} INFO - [2022-11-11T14:36:26.446+0000] {dag.py:3340} INFO - Setting next_dagrun for example_time_delta_sensor_async to None, run_after=None
[2022-11-11T14:36:26.469+0000] {processor.py:176} INFO - Processing /home/airflow/.local/lib/python3.7/site-packages/airflow/example_dags/example_time_delta_sensor_async.py took 0.331 seconds
[2022-11-11T14:36:56.860+0000] {processor.py:154} INFO - Started process (PID=1143) to work on /home/airflow/.local/lib/python3.7/site-packages/airflow/example_dags/example_time_delta_sensor_async.py
[2022-11-11T14:36:56.862+0000] {processor.py:756} INFO - Processing file /home/airflow/.local/lib/python3.7/site-packages/airflow/example_dags/example_time_delta_sensor_async.py for tasks to queue
[2022-11-11T14:36:56.862+0000] {logging_mixin.py:120} INFO - [2022-11-11T14:36:56.862+0000] {dagbag.py:537} INFO - Filling up the DagBag from /home/airflow/.local/lib/python3.7/site-packages/airflow/example_dags/example_time_delta_sensor_async.py
[2022-11-11T14:36:56.881+0000] {processor.py:766} INFO - DAG(s) dict_keys(['example_time_delta_sensor_async']) retrieved from /home/airflow/.local/lib/python3.7/site-packages/airflow/example_dags/example_time_delta_sensor_async.py
[2022-11-11T14:36:57.122+0000] {logging_mixin.py:120} INFO - [2022-11-11T14:36:57.122+0000] {dag.py:2585} INFO - Sync 1 DAGs
[2022-11-11T14:36:57.156+0000] {logging_mixin.py:120} INFO - [2022-11-11T14:36:57.156+0000] {dag.py:3340} INFO - Setting next_dagrun for example_time_delta_sensor_async to None, run_after=None
[2022-11-11T14:36:57.178+0000] {processor.py:176} INFO - Processing /home/airflow/.local/lib/python3.7/site-packages/airflow/example_dags/example_time_delta_sensor_async.py took 0.323 seconds
[2022-11-11T14:37:27.388+0000] {processor.py:154} INFO - Started process (PID=1201) to work on /home/airflow/.local/lib/python3.7/site-packages/airflow/example_dags/example_time_delta_sensor_async.py
[2022-11-11T14:37:27.389+0000] {processor.py:756} INFO - Processing file /home/airflow/.local/lib/python3.7/site-packages/airflow/example_dags/example_time_delta_sensor_async.py for tasks to queue
[2022-11-11T14:37:27.391+0000] {logging_mixin.py:120} INFO - [2022-11-11T14:37:27.390+0000] {dagbag.py:537} INFO - Filling up the DagBag from /home/airflow/.local/lib/python3.7/site-packages/airflow/example_dags/example_time_delta_sensor_async.py
[2022-11-11T14:37:27.413+0000] {processor.py:766} INFO - DAG(s) dict_keys(['example_time_delta_sensor_async']) retrieved from /home/airflow/.local/lib/python3.7/site-packages/airflow/example_dags/example_time_delta_sensor_async.py
[2022-11-11T14:37:27.663+0000] {logging_mixin.py:120} INFO - [2022-11-11T14:37:27.663+0000] {dag.py:2585} INFO - Sync 1 DAGs
[2022-11-11T14:37:27.702+0000] {logging_mixin.py:120} INFO - [2022-11-11T14:37:27.702+0000] {dag.py:3340} INFO - Setting next_dagrun for example_time_delta_sensor_async to None, run_after=None
[2022-11-11T14:37:27.727+0000] {processor.py:176} INFO - Processing /home/airflow/.local/lib/python3.7/site-packages/airflow/example_dags/example_time_delta_sensor_async.py took 0.346 seconds
[2022-11-11T14:37:57.926+0000] {processor.py:154} INFO - Started process (PID=1259) to work on /home/airflow/.local/lib/python3.7/site-packages/airflow/example_dags/example_time_delta_sensor_async.py
[2022-11-11T14:37:57.927+0000] {processor.py:756} INFO - Processing file /home/airflow/.local/lib/python3.7/site-packages/airflow/example_dags/example_time_delta_sensor_async.py for tasks to queue
[2022-11-11T14:37:57.928+0000] {logging_mixin.py:120} INFO - [2022-11-11T14:37:57.928+0000] {dagbag.py:537} INFO - Filling up the DagBag from /home/airflow/.local/lib/python3.7/site-packages/airflow/example_dags/example_time_delta_sensor_async.py
[2022-11-11T14:37:57.946+0000] {processor.py:766} INFO - DAG(s) dict_keys(['example_time_delta_sensor_async']) retrieved from /home/airflow/.local/lib/python3.7/site-packages/airflow/example_dags/example_time_delta_sensor_async.py
[2022-11-11T14:37:58.196+0000] {logging_mixin.py:120} INFO - [2022-11-11T14:37:58.196+0000] {dag.py:2585} INFO - Sync 1 DAGs
[2022-11-11T14:37:58.229+0000] {logging_mixin.py:120} INFO - [2022-11-11T14:37:58.229+0000] {dag.py:3340} INFO - Setting next_dagrun for example_time_delta_sensor_async to None, run_after=None
[2022-11-11T14:37:58.251+0000] {processor.py:176} INFO - Processing /home/airflow/.local/lib/python3.7/site-packages/airflow/example_dags/example_time_delta_sensor_async.py took 0.334 seconds
[2022-11-11T14:38:28.387+0000] {processor.py:154} INFO - Started process (PID=1317) to work on /home/airflow/.local/lib/python3.7/site-packages/airflow/example_dags/example_time_delta_sensor_async.py
[2022-11-11T14:38:28.389+0000] {processor.py:756} INFO - Processing file /home/airflow/.local/lib/python3.7/site-packages/airflow/example_dags/example_time_delta_sensor_async.py for tasks to queue
[2022-11-11T14:38:28.390+0000] {logging_mixin.py:120} INFO - [2022-11-11T14:38:28.390+0000] {dagbag.py:537} INFO - Filling up the DagBag from /home/airflow/.local/lib/python3.7/site-packages/airflow/example_dags/example_time_delta_sensor_async.py
[2022-11-11T14:38:28.407+0000] {processor.py:766} INFO - DAG(s) dict_keys(['example_time_delta_sensor_async']) retrieved from /home/airflow/.local/lib/python3.7/site-packages/airflow/example_dags/example_time_delta_sensor_async.py
[2022-11-11T14:38:28.655+0000] {logging_mixin.py:120} INFO - [2022-11-11T14:38:28.654+0000] {dag.py:2585} INFO - Sync 1 DAGs
[2022-11-11T14:38:28.687+0000] {logging_mixin.py:120} INFO - [2022-11-11T14:38:28.687+0000] {dag.py:3340} INFO - Setting next_dagrun for example_time_delta_sensor_async to None, run_after=None
[2022-11-11T14:38:28.711+0000] {processor.py:176} INFO - Processing /home/airflow/.local/lib/python3.7/site-packages/airflow/example_dags/example_time_delta_sensor_async.py took 0.329 seconds
[2022-11-11T14:38:58.965+0000] {processor.py:154} INFO - Started process (PID=1371) to work on /home/airflow/.local/lib/python3.7/site-packages/airflow/example_dags/example_time_delta_sensor_async.py
[2022-11-11T14:38:58.967+0000] {processor.py:756} INFO - Processing file /home/airflow/.local/lib/python3.7/site-packages/airflow/example_dags/example_time_delta_sensor_async.py for tasks to queue
[2022-11-11T14:38:58.967+0000] {logging_mixin.py:120} INFO - [2022-11-11T14:38:58.967+0000] {dagbag.py:537} INFO - Filling up the DagBag from /home/airflow/.local/lib/python3.7/site-packages/airflow/example_dags/example_time_delta_sensor_async.py
[2022-11-11T14:38:58.985+0000] {processor.py:766} INFO - DAG(s) dict_keys(['example_time_delta_sensor_async']) retrieved from /home/airflow/.local/lib/python3.7/site-packages/airflow/example_dags/example_time_delta_sensor_async.py
[2022-11-11T14:38:59.246+0000] {logging_mixin.py:120} INFO - [2022-11-11T14:38:59.245+0000] {dag.py:2585} INFO - Sync 1 DAGs
[2022-11-11T14:38:59.280+0000] {logging_mixin.py:120} INFO - [2022-11-11T14:38:59.280+0000] {dag.py:3340} INFO - Setting next_dagrun for example_time_delta_sensor_async to None, run_after=None
[2022-11-11T14:38:59.304+0000] {processor.py:176} INFO - Processing /home/airflow/.local/lib/python3.7/site-packages/airflow/example_dags/example_time_delta_sensor_async.py took 0.345 seconds
[2022-11-11T14:39:29.639+0000] {processor.py:154} INFO - Started process (PID=1429) to work on /home/airflow/.local/lib/python3.7/site-packages/airflow/example_dags/example_time_delta_sensor_async.py
[2022-11-11T14:39:29.641+0000] {processor.py:756} INFO - Processing file /home/airflow/.local/lib/python3.7/site-packages/airflow/example_dags/example_time_delta_sensor_async.py for tasks to queue
[2022-11-11T14:39:29.642+0000] {logging_mixin.py:120} INFO - [2022-11-11T14:39:29.642+0000] {dagbag.py:537} INFO - Filling up the DagBag from /home/airflow/.local/lib/python3.7/site-packages/airflow/example_dags/example_time_delta_sensor_async.py
[2022-11-11T14:39:29.664+0000] {processor.py:766} INFO - DAG(s) dict_keys(['example_time_delta_sensor_async']) retrieved from /home/airflow/.local/lib/python3.7/site-packages/airflow/example_dags/example_time_delta_sensor_async.py
[2022-11-11T14:39:29.909+0000] {logging_mixin.py:120} INFO - [2022-11-11T14:39:29.909+0000] {dag.py:2585} INFO - Sync 1 DAGs
[2022-11-11T14:39:29.942+0000] {logging_mixin.py:120} INFO - [2022-11-11T14:39:29.942+0000] {dag.py:3340} INFO - Setting next_dagrun for example_time_delta_sensor_async to None, run_after=None
[2022-11-11T14:39:29.965+0000] {processor.py:176} INFO - Processing /home/airflow/.local/lib/python3.7/site-packages/airflow/example_dags/example_time_delta_sensor_async.py took 0.333 seconds
[2022-11-11T14:40:00.359+0000] {processor.py:154} INFO - Started process (PID=1485) to work on /home/airflow/.local/lib/python3.7/site-packages/airflow/example_dags/example_time_delta_sensor_async.py
[2022-11-11T14:40:00.360+0000] {processor.py:756} INFO - Processing file /home/airflow/.local/lib/python3.7/site-packages/airflow/example_dags/example_time_delta_sensor_async.py for tasks to queue
[2022-11-11T14:40:00.361+0000] {logging_mixin.py:120} INFO - [2022-11-11T14:40:00.361+0000] {dagbag.py:537} INFO - Filling up the DagBag from /home/airflow/.local/lib/python3.7/site-packages/airflow/example_dags/example_time_delta_sensor_async.py
[2022-11-11T14:40:00.379+0000] {processor.py:766} INFO - DAG(s) dict_keys(['example_time_delta_sensor_async']) retrieved from /home/airflow/.local/lib/python3.7/site-packages/airflow/example_dags/example_time_delta_sensor_async.py
[2022-11-11T14:40:00.623+0000] {logging_mixin.py:120} INFO - [2022-11-11T14:40:00.623+0000] {dag.py:2585} INFO - Sync 1 DAGs
[2022-11-11T14:40:00.657+0000] {logging_mixin.py:120} INFO - [2022-11-11T14:40:00.657+0000] {dag.py:3340} INFO - Setting next_dagrun for example_time_delta_sensor_async to None, run_after=None
[2022-11-11T14:40:00.683+0000] {processor.py:176} INFO - Processing /home/airflow/.local/lib/python3.7/site-packages/airflow/example_dags/example_time_delta_sensor_async.py took 0.329 seconds
[2022-11-11T14:40:30.809+0000] {processor.py:154} INFO - Started process (PID=1541) to work on /home/airflow/.local/lib/python3.7/site-packages/airflow/example_dags/example_time_delta_sensor_async.py
[2022-11-11T14:40:30.811+0000] {processor.py:756} INFO - Processing file /home/airflow/.local/lib/python3.7/site-packages/airflow/example_dags/example_time_delta_sensor_async.py for tasks to queue
[2022-11-11T14:40:30.811+0000] {logging_mixin.py:120} INFO - [2022-11-11T14:40:30.811+0000] {dagbag.py:537} INFO - Filling up the DagBag from /home/airflow/.local/lib/python3.7/site-packages/airflow/example_dags/example_time_delta_sensor_async.py
[2022-11-11T14:40:30.830+0000] {processor.py:766} INFO - DAG(s) dict_keys(['example_time_delta_sensor_async']) retrieved from /home/airflow/.local/lib/python3.7/site-packages/airflow/example_dags/example_time_delta_sensor_async.py
[2022-11-11T14:40:31.080+0000] {logging_mixin.py:120} INFO - [2022-11-11T14:40:31.080+0000] {dag.py:2585} INFO - Sync 1 DAGs
[2022-11-11T14:40:31.112+0000] {logging_mixin.py:120} INFO - [2022-11-11T14:40:31.112+0000] {dag.py:3340} INFO - Setting next_dagrun for example_time_delta_sensor_async to None, run_after=None
[2022-11-11T14:40:31.135+0000] {processor.py:176} INFO - Processing /home/airflow/.local/lib/python3.7/site-packages/airflow/example_dags/example_time_delta_sensor_async.py took 0.332 seconds
[2022-11-11T14:41:01.225+0000] {processor.py:154} INFO - Started process (PID=1597) to work on /home/airflow/.local/lib/python3.7/site-packages/airflow/example_dags/example_time_delta_sensor_async.py
[2022-11-11T14:41:01.227+0000] {processor.py:756} INFO - Processing file /home/airflow/.local/lib/python3.7/site-packages/airflow/example_dags/example_time_delta_sensor_async.py for tasks to queue
[2022-11-11T14:41:01.228+0000] {logging_mixin.py:120} INFO - [2022-11-11T14:41:01.227+0000] {dagbag.py:537} INFO - Filling up the DagBag from /home/airflow/.local/lib/python3.7/site-packages/airflow/example_dags/example_time_delta_sensor_async.py
[2022-11-11T14:41:01.247+0000] {processor.py:766} INFO - DAG(s) dict_keys(['example_time_delta_sensor_async']) retrieved from /home/airflow/.local/lib/python3.7/site-packages/airflow/example_dags/example_time_delta_sensor_async.py
[2022-11-11T14:41:01.494+0000] {logging_mixin.py:120} INFO - [2022-11-11T14:41:01.494+0000] {dag.py:2585} INFO - Sync 1 DAGs
[2022-11-11T14:41:01.529+0000] {logging_mixin.py:120} INFO - [2022-11-11T14:41:01.528+0000] {dag.py:3340} INFO - Setting next_dagrun for example_time_delta_sensor_async to None, run_after=None
[2022-11-11T14:41:01.552+0000] {processor.py:176} INFO - Processing /home/airflow/.local/lib/python3.7/site-packages/airflow/example_dags/example_time_delta_sensor_async.py took 0.332 seconds
[2022-11-11T14:41:31.912+0000] {processor.py:154} INFO - Started process (PID=1654) to work on /home/airflow/.local/lib/python3.7/site-packages/airflow/example_dags/example_time_delta_sensor_async.py
[2022-11-11T14:41:31.913+0000] {processor.py:756} INFO - Processing file /home/airflow/.local/lib/python3.7/site-packages/airflow/example_dags/example_time_delta_sensor_async.py for tasks to queue
[2022-11-11T14:41:31.914+0000] {logging_mixin.py:120} INFO - [2022-11-11T14:41:31.914+0000] {dagbag.py:537} INFO - Filling up the DagBag from /home/airflow/.local/lib/python3.7/site-packages/airflow/example_dags/example_time_delta_sensor_async.py
[2022-11-11T14:41:31.933+0000] {processor.py:766} INFO - DAG(s) dict_keys(['example_time_delta_sensor_async']) retrieved from /home/airflow/.local/lib/python3.7/site-packages/airflow/example_dags/example_time_delta_sensor_async.py
[2022-11-11T14:41:32.198+0000] {logging_mixin.py:120} INFO - [2022-11-11T14:41:32.198+0000] {dag.py:2585} INFO - Sync 1 DAGs
[2022-11-11T14:41:32.231+0000] {logging_mixin.py:120} INFO - [2022-11-11T14:41:32.231+0000] {dag.py:3340} INFO - Setting next_dagrun for example_time_delta_sensor_async to None, run_after=None
[2022-11-11T14:41:32.254+0000] {processor.py:176} INFO - Processing /home/airflow/.local/lib/python3.7/site-packages/airflow/example_dags/example_time_delta_sensor_async.py took 0.347 seconds
[2022-11-11T14:42:02.504+0000] {processor.py:154} INFO - Started process (PID=1713) to work on /home/airflow/.local/lib/python3.7/site-packages/airflow/example_dags/example_time_delta_sensor_async.py
[2022-11-11T14:42:02.506+0000] {processor.py:756} INFO - Processing file /home/airflow/.local/lib/python3.7/site-packages/airflow/example_dags/example_time_delta_sensor_async.py for tasks to queue
[2022-11-11T14:42:02.506+0000] {logging_mixin.py:120} INFO - [2022-11-11T14:42:02.506+0000] {dagbag.py:537} INFO - Filling up the DagBag from /home/airflow/.local/lib/python3.7/site-packages/airflow/example_dags/example_time_delta_sensor_async.py
[2022-11-11T14:42:02.526+0000] {processor.py:766} INFO - DAG(s) dict_keys(['example_time_delta_sensor_async']) retrieved from /home/airflow/.local/lib/python3.7/site-packages/airflow/example_dags/example_time_delta_sensor_async.py
[2022-11-11T14:42:02.776+0000] {logging_mixin.py:120} INFO - [2022-11-11T14:42:02.776+0000] {dag.py:2585} INFO - Sync 1 DAGs
[2022-11-11T14:42:02.810+0000] {logging_mixin.py:120} INFO - [2022-11-11T14:42:02.810+0000] {dag.py:3340} INFO - Setting next_dagrun for example_time_delta_sensor_async to None, run_after=None
[2022-11-11T14:42:02.834+0000] {processor.py:176} INFO - Processing /home/airflow/.local/lib/python3.7/site-packages/airflow/example_dags/example_time_delta_sensor_async.py took 0.335 seconds
[2022-11-11T14:42:32.863+0000] {processor.py:154} INFO - Started process (PID=1772) to work on /home/airflow/.local/lib/python3.7/site-packages/airflow/example_dags/example_time_delta_sensor_async.py
[2022-11-11T14:42:32.865+0000] {processor.py:756} INFO - Processing file /home/airflow/.local/lib/python3.7/site-packages/airflow/example_dags/example_time_delta_sensor_async.py for tasks to queue
[2022-11-11T14:42:32.865+0000] {logging_mixin.py:120} INFO - [2022-11-11T14:42:32.865+0000] {dagbag.py:537} INFO - Filling up the DagBag from /home/airflow/.local/lib/python3.7/site-packages/airflow/example_dags/example_time_delta_sensor_async.py
[2022-11-11T14:42:32.883+0000] {processor.py:766} INFO - DAG(s) dict_keys(['example_time_delta_sensor_async']) retrieved from /home/airflow/.local/lib/python3.7/site-packages/airflow/example_dags/example_time_delta_sensor_async.py
[2022-11-11T14:42:33.128+0000] {logging_mixin.py:120} INFO - [2022-11-11T14:42:33.128+0000] {dag.py:2585} INFO - Sync 1 DAGs
[2022-11-11T14:42:33.160+0000] {logging_mixin.py:120} INFO - [2022-11-11T14:42:33.160+0000] {dag.py:3340} INFO - Setting next_dagrun for example_time_delta_sensor_async to None, run_after=None
[2022-11-11T14:42:33.182+0000] {processor.py:176} INFO - Processing /home/airflow/.local/lib/python3.7/site-packages/airflow/example_dags/example_time_delta_sensor_async.py took 0.324 seconds
[2022-11-11T14:43:03.384+0000] {processor.py:154} INFO - Started process (PID=1829) to work on /home/airflow/.local/lib/python3.7/site-packages/airflow/example_dags/example_time_delta_sensor_async.py
[2022-11-11T14:43:03.385+0000] {processor.py:756} INFO - Processing file /home/airflow/.local/lib/python3.7/site-packages/airflow/example_dags/example_time_delta_sensor_async.py for tasks to queue
[2022-11-11T14:43:03.386+0000] {logging_mixin.py:120} INFO - [2022-11-11T14:43:03.386+0000] {dagbag.py:537} INFO - Filling up the DagBag from /home/airflow/.local/lib/python3.7/site-packages/airflow/example_dags/example_time_delta_sensor_async.py
[2022-11-11T14:43:03.404+0000] {processor.py:766} INFO - DAG(s) dict_keys(['example_time_delta_sensor_async']) retrieved from /home/airflow/.local/lib/python3.7/site-packages/airflow/example_dags/example_time_delta_sensor_async.py
[2022-11-11T14:43:03.647+0000] {logging_mixin.py:120} INFO - [2022-11-11T14:43:03.647+0000] {dag.py:2585} INFO - Sync 1 DAGs
[2022-11-11T14:43:03.680+0000] {logging_mixin.py:120} INFO - [2022-11-11T14:43:03.680+0000] {dag.py:3340} INFO - Setting next_dagrun for example_time_delta_sensor_async to None, run_after=None
[2022-11-11T14:43:03.709+0000] {processor.py:176} INFO - Processing /home/airflow/.local/lib/python3.7/site-packages/airflow/example_dags/example_time_delta_sensor_async.py took 0.331 seconds
[2022-11-11T14:43:34.119+0000] {processor.py:154} INFO - Started process (PID=1886) to work on /home/airflow/.local/lib/python3.7/site-packages/airflow/example_dags/example_time_delta_sensor_async.py
[2022-11-11T14:43:34.120+0000] {processor.py:756} INFO - Processing file /home/airflow/.local/lib/python3.7/site-packages/airflow/example_dags/example_time_delta_sensor_async.py for tasks to queue
[2022-11-11T14:43:34.121+0000] {logging_mixin.py:120} INFO - [2022-11-11T14:43:34.121+0000] {dagbag.py:537} INFO - Filling up the DagBag from /home/airflow/.local/lib/python3.7/site-packages/airflow/example_dags/example_time_delta_sensor_async.py
[2022-11-11T14:43:34.139+0000] {processor.py:766} INFO - DAG(s) dict_keys(['example_time_delta_sensor_async']) retrieved from /home/airflow/.local/lib/python3.7/site-packages/airflow/example_dags/example_time_delta_sensor_async.py
[2022-11-11T14:43:34.381+0000] {logging_mixin.py:120} INFO - [2022-11-11T14:43:34.381+0000] {dag.py:2585} INFO - Sync 1 DAGs
[2022-11-11T14:43:34.413+0000] {logging_mixin.py:120} INFO - [2022-11-11T14:43:34.412+0000] {dag.py:3340} INFO - Setting next_dagrun for example_time_delta_sensor_async to None, run_after=None
[2022-11-11T14:43:34.435+0000] {processor.py:176} INFO - Processing /home/airflow/.local/lib/python3.7/site-packages/airflow/example_dags/example_time_delta_sensor_async.py took 0.321 seconds
[2022-11-11T14:44:04.483+0000] {processor.py:154} INFO - Started process (PID=1944) to work on /home/airflow/.local/lib/python3.7/site-packages/airflow/example_dags/example_time_delta_sensor_async.py
[2022-11-11T14:44:04.485+0000] {processor.py:756} INFO - Processing file /home/airflow/.local/lib/python3.7/site-packages/airflow/example_dags/example_time_delta_sensor_async.py for tasks to queue
[2022-11-11T14:44:04.486+0000] {logging_mixin.py:120} INFO - [2022-11-11T14:44:04.485+0000] {dagbag.py:537} INFO - Filling up the DagBag from /home/airflow/.local/lib/python3.7/site-packages/airflow/example_dags/example_time_delta_sensor_async.py
[2022-11-11T14:44:04.504+0000] {processor.py:766} INFO - DAG(s) dict_keys(['example_time_delta_sensor_async']) retrieved from /home/airflow/.local/lib/python3.7/site-packages/airflow/example_dags/example_time_delta_sensor_async.py
[2022-11-11T14:44:04.751+0000] {logging_mixin.py:120} INFO - [2022-11-11T14:44:04.751+0000] {dag.py:2585} INFO - Sync 1 DAGs
[2022-11-11T14:44:04.785+0000] {logging_mixin.py:120} INFO - [2022-11-11T14:44:04.785+0000] {dag.py:3340} INFO - Setting next_dagrun for example_time_delta_sensor_async to None, run_after=None
[2022-11-11T14:44:04.809+0000] {processor.py:176} INFO - Processing /home/airflow/.local/lib/python3.7/site-packages/airflow/example_dags/example_time_delta_sensor_async.py took 0.332 seconds
