[2022-11-11T14:17:50.860+0000] {processor.py:154} INFO - Started process (PID=51) to work on /home/airflow/.local/lib/python3.7/site-packages/airflow/example_dags/example_branch_python_dop_operator_3.py
[2022-11-11T14:17:50.862+0000] {processor.py:756} INFO - Processing file /home/airflow/.local/lib/python3.7/site-packages/airflow/example_dags/example_branch_python_dop_operator_3.py for tasks to queue
[2022-11-11T14:17:50.863+0000] {logging_mixin.py:120} INFO - [2022-11-11T14:17:50.862+0000] {dagbag.py:537} INFO - Filling up the DagBag from /home/airflow/.local/lib/python3.7/site-packages/airflow/example_dags/example_branch_python_dop_operator_3.py
[2022-11-11T14:17:50.901+0000] {processor.py:766} INFO - DAG(s) dict_keys(['example_branch_dop_operator_v3']) retrieved from /home/airflow/.local/lib/python3.7/site-packages/airflow/example_dags/example_branch_python_dop_operator_3.py
[2022-11-11T14:17:51.096+0000] {logging_mixin.py:120} INFO - [2022-11-11T14:17:51.096+0000] {manager.py:507} INFO - Created Permission View: can read on DAG:example_branch_dop_operator_v3
[2022-11-11T14:17:51.114+0000] {logging_mixin.py:120} INFO - [2022-11-11T14:17:51.113+0000] {manager.py:507} INFO - Created Permission View: can edit on DAG:example_branch_dop_operator_v3
[2022-11-11T14:17:51.126+0000] {logging_mixin.py:120} INFO - [2022-11-11T14:17:51.125+0000] {manager.py:507} INFO - Created Permission View: can delete on DAG:example_branch_dop_operator_v3
[2022-11-11T14:17:51.126+0000] {logging_mixin.py:120} INFO - [2022-11-11T14:17:51.126+0000] {dag.py:2585} INFO - Sync 1 DAGs
[2022-11-11T14:17:51.154+0000] {logging_mixin.py:120} INFO - [2022-11-11T14:17:51.154+0000] {dag.py:2606} INFO - Creating ORM DAG for example_branch_dop_operator_v3
[2022-11-11T14:17:51.184+0000] {logging_mixin.py:120} INFO - [2022-11-11T14:17:51.184+0000] {dag.py:3340} INFO - Setting next_dagrun for example_branch_dop_operator_v3 to 2022-11-11T14:16:00+00:00, run_after=2022-11-11T14:17:00+00:00
[2022-11-11T14:17:51.217+0000] {processor.py:176} INFO - Processing /home/airflow/.local/lib/python3.7/site-packages/airflow/example_dags/example_branch_python_dop_operator_3.py took 0.362 seconds
[2022-11-11T14:18:21.531+0000] {processor.py:154} INFO - Started process (PID=108) to work on /home/airflow/.local/lib/python3.7/site-packages/airflow/example_dags/example_branch_python_dop_operator_3.py
[2022-11-11T14:18:21.532+0000] {processor.py:756} INFO - Processing file /home/airflow/.local/lib/python3.7/site-packages/airflow/example_dags/example_branch_python_dop_operator_3.py for tasks to queue
[2022-11-11T14:18:21.533+0000] {logging_mixin.py:120} INFO - [2022-11-11T14:18:21.533+0000] {dagbag.py:537} INFO - Filling up the DagBag from /home/airflow/.local/lib/python3.7/site-packages/airflow/example_dags/example_branch_python_dop_operator_3.py
[2022-11-11T14:18:21.569+0000] {processor.py:766} INFO - DAG(s) dict_keys(['example_branch_dop_operator_v3']) retrieved from /home/airflow/.local/lib/python3.7/site-packages/airflow/example_dags/example_branch_python_dop_operator_3.py
[2022-11-11T14:18:21.627+0000] {logging_mixin.py:120} INFO - [2022-11-11T14:18:21.627+0000] {dag.py:2585} INFO - Sync 1 DAGs
[2022-11-11T14:18:21.672+0000] {logging_mixin.py:120} INFO - [2022-11-11T14:18:21.671+0000] {dag.py:3340} INFO - Setting next_dagrun for example_branch_dop_operator_v3 to 2022-11-11T14:17:00+00:00, run_after=2022-11-11T14:18:00+00:00
[2022-11-11T14:18:21.699+0000] {processor.py:176} INFO - Processing /home/airflow/.local/lib/python3.7/site-packages/airflow/example_dags/example_branch_python_dop_operator_3.py took 0.174 seconds
[2022-11-11T14:18:52.088+0000] {processor.py:154} INFO - Started process (PID=166) to work on /home/airflow/.local/lib/python3.7/site-packages/airflow/example_dags/example_branch_python_dop_operator_3.py
[2022-11-11T14:18:52.090+0000] {processor.py:756} INFO - Processing file /home/airflow/.local/lib/python3.7/site-packages/airflow/example_dags/example_branch_python_dop_operator_3.py for tasks to queue
[2022-11-11T14:18:52.091+0000] {logging_mixin.py:120} INFO - [2022-11-11T14:18:52.091+0000] {dagbag.py:537} INFO - Filling up the DagBag from /home/airflow/.local/lib/python3.7/site-packages/airflow/example_dags/example_branch_python_dop_operator_3.py
[2022-11-11T14:18:52.141+0000] {processor.py:766} INFO - DAG(s) dict_keys(['example_branch_dop_operator_v3']) retrieved from /home/airflow/.local/lib/python3.7/site-packages/airflow/example_dags/example_branch_python_dop_operator_3.py
[2022-11-11T14:18:52.201+0000] {logging_mixin.py:120} INFO - [2022-11-11T14:18:52.200+0000] {dag.py:2585} INFO - Sync 1 DAGs
[2022-11-11T14:18:52.244+0000] {logging_mixin.py:120} INFO - [2022-11-11T14:18:52.244+0000] {dag.py:3340} INFO - Setting next_dagrun for example_branch_dop_operator_v3 to 2022-11-11T14:17:00+00:00, run_after=2022-11-11T14:18:00+00:00
[2022-11-11T14:18:52.274+0000] {processor.py:176} INFO - Processing /home/airflow/.local/lib/python3.7/site-packages/airflow/example_dags/example_branch_python_dop_operator_3.py took 0.194 seconds
[2022-11-11T14:19:22.507+0000] {processor.py:154} INFO - Started process (PID=223) to work on /home/airflow/.local/lib/python3.7/site-packages/airflow/example_dags/example_branch_python_dop_operator_3.py
[2022-11-11T14:19:22.509+0000] {processor.py:756} INFO - Processing file /home/airflow/.local/lib/python3.7/site-packages/airflow/example_dags/example_branch_python_dop_operator_3.py for tasks to queue
[2022-11-11T14:19:22.511+0000] {logging_mixin.py:120} INFO - [2022-11-11T14:19:22.510+0000] {dagbag.py:537} INFO - Filling up the DagBag from /home/airflow/.local/lib/python3.7/site-packages/airflow/example_dags/example_branch_python_dop_operator_3.py
[2022-11-11T14:19:22.546+0000] {processor.py:766} INFO - DAG(s) dict_keys(['example_branch_dop_operator_v3']) retrieved from /home/airflow/.local/lib/python3.7/site-packages/airflow/example_dags/example_branch_python_dop_operator_3.py
[2022-11-11T14:19:22.607+0000] {logging_mixin.py:120} INFO - [2022-11-11T14:19:22.607+0000] {dag.py:2585} INFO - Sync 1 DAGs
[2022-11-11T14:19:22.655+0000] {logging_mixin.py:120} INFO - [2022-11-11T14:19:22.655+0000] {dag.py:3340} INFO - Setting next_dagrun for example_branch_dop_operator_v3 to 2022-11-11T14:18:00+00:00, run_after=2022-11-11T14:19:00+00:00
[2022-11-11T14:19:22.682+0000] {processor.py:176} INFO - Processing /home/airflow/.local/lib/python3.7/site-packages/airflow/example_dags/example_branch_python_dop_operator_3.py took 0.180 seconds
[2022-11-11T14:22:41.833+0000] {processor.py:154} INFO - Started process (PID=51) to work on /home/airflow/.local/lib/python3.7/site-packages/airflow/example_dags/example_branch_python_dop_operator_3.py
[2022-11-11T14:22:41.834+0000] {processor.py:756} INFO - Processing file /home/airflow/.local/lib/python3.7/site-packages/airflow/example_dags/example_branch_python_dop_operator_3.py for tasks to queue
[2022-11-11T14:22:41.836+0000] {logging_mixin.py:120} INFO - [2022-11-11T14:22:41.835+0000] {dagbag.py:537} INFO - Filling up the DagBag from /home/airflow/.local/lib/python3.7/site-packages/airflow/example_dags/example_branch_python_dop_operator_3.py
[2022-11-11T14:22:41.894+0000] {processor.py:766} INFO - DAG(s) dict_keys(['example_branch_dop_operator_v3']) retrieved from /home/airflow/.local/lib/python3.7/site-packages/airflow/example_dags/example_branch_python_dop_operator_3.py
[2022-11-11T14:22:41.971+0000] {logging_mixin.py:120} INFO - [2022-11-11T14:22:41.971+0000] {dag.py:2585} INFO - Sync 1 DAGs
[2022-11-11T14:22:42.040+0000] {logging_mixin.py:120} INFO - [2022-11-11T14:22:42.040+0000] {dag.py:3340} INFO - Setting next_dagrun for example_branch_dop_operator_v3 to 2022-11-11T14:21:00+00:00, run_after=2022-11-11T14:22:00+00:00
[2022-11-11T14:22:42.083+0000] {processor.py:176} INFO - Processing /home/airflow/.local/lib/python3.7/site-packages/airflow/example_dags/example_branch_python_dop_operator_3.py took 0.272 seconds
[2022-11-11T14:23:12.132+0000] {processor.py:154} INFO - Started process (PID=109) to work on /home/airflow/.local/lib/python3.7/site-packages/airflow/example_dags/example_branch_python_dop_operator_3.py
[2022-11-11T14:23:12.135+0000] {processor.py:756} INFO - Processing file /home/airflow/.local/lib/python3.7/site-packages/airflow/example_dags/example_branch_python_dop_operator_3.py for tasks to queue
[2022-11-11T14:23:12.137+0000] {logging_mixin.py:120} INFO - [2022-11-11T14:23:12.137+0000] {dagbag.py:537} INFO - Filling up the DagBag from /home/airflow/.local/lib/python3.7/site-packages/airflow/example_dags/example_branch_python_dop_operator_3.py
[2022-11-11T14:23:12.176+0000] {processor.py:766} INFO - DAG(s) dict_keys(['example_branch_dop_operator_v3']) retrieved from /home/airflow/.local/lib/python3.7/site-packages/airflow/example_dags/example_branch_python_dop_operator_3.py
[2022-11-11T14:23:12.238+0000] {logging_mixin.py:120} INFO - [2022-11-11T14:23:12.238+0000] {dag.py:2585} INFO - Sync 1 DAGs
[2022-11-11T14:23:12.280+0000] {logging_mixin.py:120} INFO - [2022-11-11T14:23:12.280+0000] {dag.py:3340} INFO - Setting next_dagrun for example_branch_dop_operator_v3 to 2022-11-11T14:22:00+00:00, run_after=2022-11-11T14:23:00+00:00
[2022-11-11T14:23:12.306+0000] {processor.py:176} INFO - Processing /home/airflow/.local/lib/python3.7/site-packages/airflow/example_dags/example_branch_python_dop_operator_3.py took 0.181 seconds
[2022-11-11T14:24:39.006+0000] {processor.py:154} INFO - Started process (PID=54) to work on /home/airflow/.local/lib/python3.7/site-packages/airflow/example_dags/example_branch_python_dop_operator_3.py
[2022-11-11T14:24:39.008+0000] {processor.py:756} INFO - Processing file /home/airflow/.local/lib/python3.7/site-packages/airflow/example_dags/example_branch_python_dop_operator_3.py for tasks to queue
[2022-11-11T14:24:39.009+0000] {logging_mixin.py:120} INFO - [2022-11-11T14:24:39.009+0000] {dagbag.py:537} INFO - Filling up the DagBag from /home/airflow/.local/lib/python3.7/site-packages/airflow/example_dags/example_branch_python_dop_operator_3.py
[2022-11-11T14:24:39.055+0000] {processor.py:766} INFO - DAG(s) dict_keys(['example_branch_dop_operator_v3']) retrieved from /home/airflow/.local/lib/python3.7/site-packages/airflow/example_dags/example_branch_python_dop_operator_3.py
[2022-11-11T14:24:39.120+0000] {logging_mixin.py:120} INFO - [2022-11-11T14:24:39.120+0000] {dag.py:2585} INFO - Sync 1 DAGs
[2022-11-11T14:24:39.159+0000] {logging_mixin.py:120} INFO - [2022-11-11T14:24:39.159+0000] {dag.py:3340} INFO - Setting next_dagrun for example_branch_dop_operator_v3 to 2022-11-11T14:23:00+00:00, run_after=2022-11-11T14:24:00+00:00
[2022-11-11T14:24:39.183+0000] {processor.py:176} INFO - Processing /home/airflow/.local/lib/python3.7/site-packages/airflow/example_dags/example_branch_python_dop_operator_3.py took 0.184 seconds
[2022-11-11T14:27:14.468+0000] {processor.py:154} INFO - Started process (PID=54) to work on /home/airflow/.local/lib/python3.7/site-packages/airflow/example_dags/example_branch_python_dop_operator_3.py
[2022-11-11T14:27:14.469+0000] {processor.py:756} INFO - Processing file /home/airflow/.local/lib/python3.7/site-packages/airflow/example_dags/example_branch_python_dop_operator_3.py for tasks to queue
[2022-11-11T14:27:14.470+0000] {logging_mixin.py:120} INFO - [2022-11-11T14:27:14.470+0000] {dagbag.py:537} INFO - Filling up the DagBag from /home/airflow/.local/lib/python3.7/site-packages/airflow/example_dags/example_branch_python_dop_operator_3.py
[2022-11-11T14:27:14.506+0000] {processor.py:766} INFO - DAG(s) dict_keys(['example_branch_dop_operator_v3']) retrieved from /home/airflow/.local/lib/python3.7/site-packages/airflow/example_dags/example_branch_python_dop_operator_3.py
[2022-11-11T14:27:14.570+0000] {logging_mixin.py:120} INFO - [2022-11-11T14:27:14.570+0000] {dag.py:2585} INFO - Sync 1 DAGs
[2022-11-11T14:27:14.616+0000] {logging_mixin.py:120} INFO - [2022-11-11T14:27:14.616+0000] {dag.py:3340} INFO - Setting next_dagrun for example_branch_dop_operator_v3 to 2022-11-11T14:26:00+00:00, run_after=2022-11-11T14:27:00+00:00
[2022-11-11T14:27:14.646+0000] {processor.py:176} INFO - Processing /home/airflow/.local/lib/python3.7/site-packages/airflow/example_dags/example_branch_python_dop_operator_3.py took 0.185 seconds
[2022-11-11T14:27:46.260+0000] {processor.py:154} INFO - Started process (PID=111) to work on /home/airflow/.local/lib/python3.7/site-packages/airflow/example_dags/example_branch_python_dop_operator_3.py
[2022-11-11T14:27:46.261+0000] {processor.py:756} INFO - Processing file /home/airflow/.local/lib/python3.7/site-packages/airflow/example_dags/example_branch_python_dop_operator_3.py for tasks to queue
[2022-11-11T14:27:46.262+0000] {logging_mixin.py:120} INFO - [2022-11-11T14:27:46.262+0000] {dagbag.py:537} INFO - Filling up the DagBag from /home/airflow/.local/lib/python3.7/site-packages/airflow/example_dags/example_branch_python_dop_operator_3.py
[2022-11-11T14:27:46.295+0000] {processor.py:766} INFO - DAG(s) dict_keys(['example_branch_dop_operator_v3']) retrieved from /home/airflow/.local/lib/python3.7/site-packages/airflow/example_dags/example_branch_python_dop_operator_3.py
[2022-11-11T14:27:46.349+0000] {logging_mixin.py:120} INFO - [2022-11-11T14:27:46.349+0000] {dag.py:2585} INFO - Sync 1 DAGs
[2022-11-11T14:27:46.389+0000] {logging_mixin.py:120} INFO - [2022-11-11T14:27:46.388+0000] {dag.py:3340} INFO - Setting next_dagrun for example_branch_dop_operator_v3 to 2022-11-11T14:26:00+00:00, run_after=2022-11-11T14:27:00+00:00
[2022-11-11T14:27:46.528+0000] {processor.py:176} INFO - Processing /home/airflow/.local/lib/python3.7/site-packages/airflow/example_dags/example_branch_python_dop_operator_3.py took 0.273 seconds
[2022-11-11T14:28:16.748+0000] {processor.py:154} INFO - Started process (PID=170) to work on /home/airflow/.local/lib/python3.7/site-packages/airflow/example_dags/example_branch_python_dop_operator_3.py
[2022-11-11T14:28:16.750+0000] {processor.py:756} INFO - Processing file /home/airflow/.local/lib/python3.7/site-packages/airflow/example_dags/example_branch_python_dop_operator_3.py for tasks to queue
[2022-11-11T14:28:16.751+0000] {logging_mixin.py:120} INFO - [2022-11-11T14:28:16.751+0000] {dagbag.py:537} INFO - Filling up the DagBag from /home/airflow/.local/lib/python3.7/site-packages/airflow/example_dags/example_branch_python_dop_operator_3.py
[2022-11-11T14:28:16.790+0000] {processor.py:766} INFO - DAG(s) dict_keys(['example_branch_dop_operator_v3']) retrieved from /home/airflow/.local/lib/python3.7/site-packages/airflow/example_dags/example_branch_python_dop_operator_3.py
[2022-11-11T14:28:16.846+0000] {logging_mixin.py:120} INFO - [2022-11-11T14:28:16.846+0000] {dag.py:2585} INFO - Sync 1 DAGs
[2022-11-11T14:28:16.888+0000] {logging_mixin.py:120} INFO - [2022-11-11T14:28:16.888+0000] {dag.py:3340} INFO - Setting next_dagrun for example_branch_dop_operator_v3 to 2022-11-11T14:27:00+00:00, run_after=2022-11-11T14:28:00+00:00
[2022-11-11T14:28:16.917+0000] {processor.py:176} INFO - Processing /home/airflow/.local/lib/python3.7/site-packages/airflow/example_dags/example_branch_python_dop_operator_3.py took 0.174 seconds
[2022-11-11T14:28:47.075+0000] {processor.py:154} INFO - Started process (PID=229) to work on /home/airflow/.local/lib/python3.7/site-packages/airflow/example_dags/example_branch_python_dop_operator_3.py
[2022-11-11T14:28:47.076+0000] {processor.py:756} INFO - Processing file /home/airflow/.local/lib/python3.7/site-packages/airflow/example_dags/example_branch_python_dop_operator_3.py for tasks to queue
[2022-11-11T14:28:47.077+0000] {logging_mixin.py:120} INFO - [2022-11-11T14:28:47.077+0000] {dagbag.py:537} INFO - Filling up the DagBag from /home/airflow/.local/lib/python3.7/site-packages/airflow/example_dags/example_branch_python_dop_operator_3.py
[2022-11-11T14:28:47.109+0000] {processor.py:766} INFO - DAG(s) dict_keys(['example_branch_dop_operator_v3']) retrieved from /home/airflow/.local/lib/python3.7/site-packages/airflow/example_dags/example_branch_python_dop_operator_3.py
[2022-11-11T14:28:47.162+0000] {logging_mixin.py:120} INFO - [2022-11-11T14:28:47.161+0000] {dag.py:2585} INFO - Sync 1 DAGs
[2022-11-11T14:28:47.201+0000] {logging_mixin.py:120} INFO - [2022-11-11T14:28:47.201+0000] {dag.py:3340} INFO - Setting next_dagrun for example_branch_dop_operator_v3 to 2022-11-11T14:27:00+00:00, run_after=2022-11-11T14:28:00+00:00
[2022-11-11T14:28:47.223+0000] {processor.py:176} INFO - Processing /home/airflow/.local/lib/python3.7/site-packages/airflow/example_dags/example_branch_python_dop_operator_3.py took 0.155 seconds
[2022-11-11T14:29:17.630+0000] {processor.py:154} INFO - Started process (PID=286) to work on /home/airflow/.local/lib/python3.7/site-packages/airflow/example_dags/example_branch_python_dop_operator_3.py
[2022-11-11T14:29:17.632+0000] {processor.py:756} INFO - Processing file /home/airflow/.local/lib/python3.7/site-packages/airflow/example_dags/example_branch_python_dop_operator_3.py for tasks to queue
[2022-11-11T14:29:17.633+0000] {logging_mixin.py:120} INFO - [2022-11-11T14:29:17.632+0000] {dagbag.py:537} INFO - Filling up the DagBag from /home/airflow/.local/lib/python3.7/site-packages/airflow/example_dags/example_branch_python_dop_operator_3.py
[2022-11-11T14:29:17.667+0000] {processor.py:766} INFO - DAG(s) dict_keys(['example_branch_dop_operator_v3']) retrieved from /home/airflow/.local/lib/python3.7/site-packages/airflow/example_dags/example_branch_python_dop_operator_3.py
[2022-11-11T14:29:17.729+0000] {logging_mixin.py:120} INFO - [2022-11-11T14:29:17.729+0000] {dag.py:2585} INFO - Sync 1 DAGs
[2022-11-11T14:29:17.768+0000] {logging_mixin.py:120} INFO - [2022-11-11T14:29:17.768+0000] {dag.py:3340} INFO - Setting next_dagrun for example_branch_dop_operator_v3 to 2022-11-11T14:28:00+00:00, run_after=2022-11-11T14:29:00+00:00
[2022-11-11T14:29:17.792+0000] {processor.py:176} INFO - Processing /home/airflow/.local/lib/python3.7/site-packages/airflow/example_dags/example_branch_python_dop_operator_3.py took 0.167 seconds
[2022-11-11T14:29:48.323+0000] {processor.py:154} INFO - Started process (PID=343) to work on /home/airflow/.local/lib/python3.7/site-packages/airflow/example_dags/example_branch_python_dop_operator_3.py
[2022-11-11T14:29:48.325+0000] {processor.py:756} INFO - Processing file /home/airflow/.local/lib/python3.7/site-packages/airflow/example_dags/example_branch_python_dop_operator_3.py for tasks to queue
[2022-11-11T14:29:48.326+0000] {logging_mixin.py:120} INFO - [2022-11-11T14:29:48.326+0000] {dagbag.py:537} INFO - Filling up the DagBag from /home/airflow/.local/lib/python3.7/site-packages/airflow/example_dags/example_branch_python_dop_operator_3.py
[2022-11-11T14:29:48.360+0000] {processor.py:766} INFO - DAG(s) dict_keys(['example_branch_dop_operator_v3']) retrieved from /home/airflow/.local/lib/python3.7/site-packages/airflow/example_dags/example_branch_python_dop_operator_3.py
[2022-11-11T14:29:48.423+0000] {logging_mixin.py:120} INFO - [2022-11-11T14:29:48.423+0000] {dag.py:2585} INFO - Sync 1 DAGs
[2022-11-11T14:29:48.464+0000] {logging_mixin.py:120} INFO - [2022-11-11T14:29:48.464+0000] {dag.py:3340} INFO - Setting next_dagrun for example_branch_dop_operator_v3 to 2022-11-11T14:28:00+00:00, run_after=2022-11-11T14:29:00+00:00
[2022-11-11T14:29:48.489+0000] {processor.py:176} INFO - Processing /home/airflow/.local/lib/python3.7/site-packages/airflow/example_dags/example_branch_python_dop_operator_3.py took 0.171 seconds
[2022-11-11T14:30:19.024+0000] {processor.py:154} INFO - Started process (PID=400) to work on /home/airflow/.local/lib/python3.7/site-packages/airflow/example_dags/example_branch_python_dop_operator_3.py
[2022-11-11T14:30:19.026+0000] {processor.py:756} INFO - Processing file /home/airflow/.local/lib/python3.7/site-packages/airflow/example_dags/example_branch_python_dop_operator_3.py for tasks to queue
[2022-11-11T14:30:19.027+0000] {logging_mixin.py:120} INFO - [2022-11-11T14:30:19.027+0000] {dagbag.py:537} INFO - Filling up the DagBag from /home/airflow/.local/lib/python3.7/site-packages/airflow/example_dags/example_branch_python_dop_operator_3.py
[2022-11-11T14:30:19.064+0000] {processor.py:766} INFO - DAG(s) dict_keys(['example_branch_dop_operator_v3']) retrieved from /home/airflow/.local/lib/python3.7/site-packages/airflow/example_dags/example_branch_python_dop_operator_3.py
[2022-11-11T14:30:19.126+0000] {logging_mixin.py:120} INFO - [2022-11-11T14:30:19.125+0000] {dag.py:2585} INFO - Sync 1 DAGs
[2022-11-11T14:30:19.168+0000] {logging_mixin.py:120} INFO - [2022-11-11T14:30:19.168+0000] {dag.py:3340} INFO - Setting next_dagrun for example_branch_dop_operator_v3 to 2022-11-11T14:29:00+00:00, run_after=2022-11-11T14:30:00+00:00
[2022-11-11T14:30:19.195+0000] {processor.py:176} INFO - Processing /home/airflow/.local/lib/python3.7/site-packages/airflow/example_dags/example_branch_python_dop_operator_3.py took 0.177 seconds
[2022-11-11T14:30:49.282+0000] {processor.py:154} INFO - Started process (PID=457) to work on /home/airflow/.local/lib/python3.7/site-packages/airflow/example_dags/example_branch_python_dop_operator_3.py
[2022-11-11T14:30:49.283+0000] {processor.py:756} INFO - Processing file /home/airflow/.local/lib/python3.7/site-packages/airflow/example_dags/example_branch_python_dop_operator_3.py for tasks to queue
[2022-11-11T14:30:49.284+0000] {logging_mixin.py:120} INFO - [2022-11-11T14:30:49.284+0000] {dagbag.py:537} INFO - Filling up the DagBag from /home/airflow/.local/lib/python3.7/site-packages/airflow/example_dags/example_branch_python_dop_operator_3.py
[2022-11-11T14:30:49.317+0000] {processor.py:766} INFO - DAG(s) dict_keys(['example_branch_dop_operator_v3']) retrieved from /home/airflow/.local/lib/python3.7/site-packages/airflow/example_dags/example_branch_python_dop_operator_3.py
[2022-11-11T14:30:49.374+0000] {logging_mixin.py:120} INFO - [2022-11-11T14:30:49.373+0000] {dag.py:2585} INFO - Sync 1 DAGs
[2022-11-11T14:30:49.414+0000] {logging_mixin.py:120} INFO - [2022-11-11T14:30:49.414+0000] {dag.py:3340} INFO - Setting next_dagrun for example_branch_dop_operator_v3 to 2022-11-11T14:29:00+00:00, run_after=2022-11-11T14:30:00+00:00
[2022-11-11T14:30:49.438+0000] {processor.py:176} INFO - Processing /home/airflow/.local/lib/python3.7/site-packages/airflow/example_dags/example_branch_python_dop_operator_3.py took 0.162 seconds
[2022-11-11T14:31:19.928+0000] {processor.py:154} INFO - Started process (PID=514) to work on /home/airflow/.local/lib/python3.7/site-packages/airflow/example_dags/example_branch_python_dop_operator_3.py
[2022-11-11T14:31:19.929+0000] {processor.py:756} INFO - Processing file /home/airflow/.local/lib/python3.7/site-packages/airflow/example_dags/example_branch_python_dop_operator_3.py for tasks to queue
[2022-11-11T14:31:19.930+0000] {logging_mixin.py:120} INFO - [2022-11-11T14:31:19.929+0000] {dagbag.py:537} INFO - Filling up the DagBag from /home/airflow/.local/lib/python3.7/site-packages/airflow/example_dags/example_branch_python_dop_operator_3.py
[2022-11-11T14:31:19.962+0000] {processor.py:766} INFO - DAG(s) dict_keys(['example_branch_dop_operator_v3']) retrieved from /home/airflow/.local/lib/python3.7/site-packages/airflow/example_dags/example_branch_python_dop_operator_3.py
[2022-11-11T14:31:20.014+0000] {logging_mixin.py:120} INFO - [2022-11-11T14:31:20.014+0000] {dag.py:2585} INFO - Sync 1 DAGs
[2022-11-11T14:31:20.052+0000] {logging_mixin.py:120} INFO - [2022-11-11T14:31:20.052+0000] {dag.py:3340} INFO - Setting next_dagrun for example_branch_dop_operator_v3 to 2022-11-11T14:30:00+00:00, run_after=2022-11-11T14:31:00+00:00
[2022-11-11T14:31:20.082+0000] {processor.py:176} INFO - Processing /home/airflow/.local/lib/python3.7/site-packages/airflow/example_dags/example_branch_python_dop_operator_3.py took 0.159 seconds
[2022-11-11T14:31:50.223+0000] {processor.py:154} INFO - Started process (PID=571) to work on /home/airflow/.local/lib/python3.7/site-packages/airflow/example_dags/example_branch_python_dop_operator_3.py
[2022-11-11T14:31:50.224+0000] {processor.py:756} INFO - Processing file /home/airflow/.local/lib/python3.7/site-packages/airflow/example_dags/example_branch_python_dop_operator_3.py for tasks to queue
[2022-11-11T14:31:50.225+0000] {logging_mixin.py:120} INFO - [2022-11-11T14:31:50.225+0000] {dagbag.py:537} INFO - Filling up the DagBag from /home/airflow/.local/lib/python3.7/site-packages/airflow/example_dags/example_branch_python_dop_operator_3.py
[2022-11-11T14:31:50.257+0000] {processor.py:766} INFO - DAG(s) dict_keys(['example_branch_dop_operator_v3']) retrieved from /home/airflow/.local/lib/python3.7/site-packages/airflow/example_dags/example_branch_python_dop_operator_3.py
[2022-11-11T14:31:50.310+0000] {logging_mixin.py:120} INFO - [2022-11-11T14:31:50.309+0000] {dag.py:2585} INFO - Sync 1 DAGs
[2022-11-11T14:31:50.350+0000] {logging_mixin.py:120} INFO - [2022-11-11T14:31:50.349+0000] {dag.py:3340} INFO - Setting next_dagrun for example_branch_dop_operator_v3 to 2022-11-11T14:30:00+00:00, run_after=2022-11-11T14:31:00+00:00
[2022-11-11T14:31:50.378+0000] {processor.py:176} INFO - Processing /home/airflow/.local/lib/python3.7/site-packages/airflow/example_dags/example_branch_python_dop_operator_3.py took 0.161 seconds
[2022-11-11T14:32:20.895+0000] {processor.py:154} INFO - Started process (PID=628) to work on /home/airflow/.local/lib/python3.7/site-packages/airflow/example_dags/example_branch_python_dop_operator_3.py
[2022-11-11T14:32:20.896+0000] {processor.py:756} INFO - Processing file /home/airflow/.local/lib/python3.7/site-packages/airflow/example_dags/example_branch_python_dop_operator_3.py for tasks to queue
[2022-11-11T14:32:20.897+0000] {logging_mixin.py:120} INFO - [2022-11-11T14:32:20.897+0000] {dagbag.py:537} INFO - Filling up the DagBag from /home/airflow/.local/lib/python3.7/site-packages/airflow/example_dags/example_branch_python_dop_operator_3.py
[2022-11-11T14:32:20.929+0000] {processor.py:766} INFO - DAG(s) dict_keys(['example_branch_dop_operator_v3']) retrieved from /home/airflow/.local/lib/python3.7/site-packages/airflow/example_dags/example_branch_python_dop_operator_3.py
[2022-11-11T14:32:20.984+0000] {logging_mixin.py:120} INFO - [2022-11-11T14:32:20.984+0000] {dag.py:2585} INFO - Sync 1 DAGs
[2022-11-11T14:32:21.023+0000] {logging_mixin.py:120} INFO - [2022-11-11T14:32:21.023+0000] {dag.py:3340} INFO - Setting next_dagrun for example_branch_dop_operator_v3 to 2022-11-11T14:31:00+00:00, run_after=2022-11-11T14:32:00+00:00
[2022-11-11T14:32:21.047+0000] {processor.py:176} INFO - Processing /home/airflow/.local/lib/python3.7/site-packages/airflow/example_dags/example_branch_python_dop_operator_3.py took 0.158 seconds
[2022-11-11T14:32:51.371+0000] {processor.py:154} INFO - Started process (PID=684) to work on /home/airflow/.local/lib/python3.7/site-packages/airflow/example_dags/example_branch_python_dop_operator_3.py
[2022-11-11T14:32:51.372+0000] {processor.py:756} INFO - Processing file /home/airflow/.local/lib/python3.7/site-packages/airflow/example_dags/example_branch_python_dop_operator_3.py for tasks to queue
[2022-11-11T14:32:51.373+0000] {logging_mixin.py:120} INFO - [2022-11-11T14:32:51.373+0000] {dagbag.py:537} INFO - Filling up the DagBag from /home/airflow/.local/lib/python3.7/site-packages/airflow/example_dags/example_branch_python_dop_operator_3.py
[2022-11-11T14:32:51.409+0000] {processor.py:766} INFO - DAG(s) dict_keys(['example_branch_dop_operator_v3']) retrieved from /home/airflow/.local/lib/python3.7/site-packages/airflow/example_dags/example_branch_python_dop_operator_3.py
[2022-11-11T14:32:51.463+0000] {logging_mixin.py:120} INFO - [2022-11-11T14:32:51.463+0000] {dag.py:2585} INFO - Sync 1 DAGs
[2022-11-11T14:32:51.505+0000] {logging_mixin.py:120} INFO - [2022-11-11T14:32:51.505+0000] {dag.py:3340} INFO - Setting next_dagrun for example_branch_dop_operator_v3 to 2022-11-11T14:31:00+00:00, run_after=2022-11-11T14:32:00+00:00
[2022-11-11T14:32:51.529+0000] {processor.py:176} INFO - Processing /home/airflow/.local/lib/python3.7/site-packages/airflow/example_dags/example_branch_python_dop_operator_3.py took 0.164 seconds
[2022-11-11T14:33:21.768+0000] {processor.py:154} INFO - Started process (PID=742) to work on /home/airflow/.local/lib/python3.7/site-packages/airflow/example_dags/example_branch_python_dop_operator_3.py
[2022-11-11T14:33:21.769+0000] {processor.py:756} INFO - Processing file /home/airflow/.local/lib/python3.7/site-packages/airflow/example_dags/example_branch_python_dop_operator_3.py for tasks to queue
[2022-11-11T14:33:21.770+0000] {logging_mixin.py:120} INFO - [2022-11-11T14:33:21.770+0000] {dagbag.py:537} INFO - Filling up the DagBag from /home/airflow/.local/lib/python3.7/site-packages/airflow/example_dags/example_branch_python_dop_operator_3.py
[2022-11-11T14:33:21.803+0000] {processor.py:766} INFO - DAG(s) dict_keys(['example_branch_dop_operator_v3']) retrieved from /home/airflow/.local/lib/python3.7/site-packages/airflow/example_dags/example_branch_python_dop_operator_3.py
[2022-11-11T14:33:21.865+0000] {logging_mixin.py:120} INFO - [2022-11-11T14:33:21.865+0000] {dag.py:2585} INFO - Sync 1 DAGs
[2022-11-11T14:33:21.907+0000] {logging_mixin.py:120} INFO - [2022-11-11T14:33:21.907+0000] {dag.py:3340} INFO - Setting next_dagrun for example_branch_dop_operator_v3 to 2022-11-11T14:32:00+00:00, run_after=2022-11-11T14:33:00+00:00
[2022-11-11T14:33:21.935+0000] {processor.py:176} INFO - Processing /home/airflow/.local/lib/python3.7/site-packages/airflow/example_dags/example_branch_python_dop_operator_3.py took 0.172 seconds
[2022-11-11T14:33:52.474+0000] {processor.py:154} INFO - Started process (PID=798) to work on /home/airflow/.local/lib/python3.7/site-packages/airflow/example_dags/example_branch_python_dop_operator_3.py
[2022-11-11T14:33:52.475+0000] {processor.py:756} INFO - Processing file /home/airflow/.local/lib/python3.7/site-packages/airflow/example_dags/example_branch_python_dop_operator_3.py for tasks to queue
[2022-11-11T14:33:52.476+0000] {logging_mixin.py:120} INFO - [2022-11-11T14:33:52.476+0000] {dagbag.py:537} INFO - Filling up the DagBag from /home/airflow/.local/lib/python3.7/site-packages/airflow/example_dags/example_branch_python_dop_operator_3.py
[2022-11-11T14:33:52.508+0000] {processor.py:766} INFO - DAG(s) dict_keys(['example_branch_dop_operator_v3']) retrieved from /home/airflow/.local/lib/python3.7/site-packages/airflow/example_dags/example_branch_python_dop_operator_3.py
[2022-11-11T14:33:52.563+0000] {logging_mixin.py:120} INFO - [2022-11-11T14:33:52.563+0000] {dag.py:2585} INFO - Sync 1 DAGs
[2022-11-11T14:33:52.602+0000] {logging_mixin.py:120} INFO - [2022-11-11T14:33:52.601+0000] {dag.py:3340} INFO - Setting next_dagrun for example_branch_dop_operator_v3 to 2022-11-11T14:32:00+00:00, run_after=2022-11-11T14:33:00+00:00
[2022-11-11T14:33:52.628+0000] {processor.py:176} INFO - Processing /home/airflow/.local/lib/python3.7/site-packages/airflow/example_dags/example_branch_python_dop_operator_3.py took 0.159 seconds
[2022-11-11T14:34:23.049+0000] {processor.py:154} INFO - Started process (PID=855) to work on /home/airflow/.local/lib/python3.7/site-packages/airflow/example_dags/example_branch_python_dop_operator_3.py
[2022-11-11T14:34:23.051+0000] {processor.py:756} INFO - Processing file /home/airflow/.local/lib/python3.7/site-packages/airflow/example_dags/example_branch_python_dop_operator_3.py for tasks to queue
[2022-11-11T14:34:23.052+0000] {logging_mixin.py:120} INFO - [2022-11-11T14:34:23.051+0000] {dagbag.py:537} INFO - Filling up the DagBag from /home/airflow/.local/lib/python3.7/site-packages/airflow/example_dags/example_branch_python_dop_operator_3.py
[2022-11-11T14:34:23.085+0000] {processor.py:766} INFO - DAG(s) dict_keys(['example_branch_dop_operator_v3']) retrieved from /home/airflow/.local/lib/python3.7/site-packages/airflow/example_dags/example_branch_python_dop_operator_3.py
[2022-11-11T14:34:23.141+0000] {logging_mixin.py:120} INFO - [2022-11-11T14:34:23.141+0000] {dag.py:2585} INFO - Sync 1 DAGs
[2022-11-11T14:34:23.182+0000] {logging_mixin.py:120} INFO - [2022-11-11T14:34:23.182+0000] {dag.py:3340} INFO - Setting next_dagrun for example_branch_dop_operator_v3 to 2022-11-11T14:33:00+00:00, run_after=2022-11-11T14:34:00+00:00
[2022-11-11T14:34:23.207+0000] {processor.py:176} INFO - Processing /home/airflow/.local/lib/python3.7/site-packages/airflow/example_dags/example_branch_python_dop_operator_3.py took 0.163 seconds
[2022-11-11T14:34:53.714+0000] {processor.py:154} INFO - Started process (PID=912) to work on /home/airflow/.local/lib/python3.7/site-packages/airflow/example_dags/example_branch_python_dop_operator_3.py
[2022-11-11T14:34:53.716+0000] {processor.py:756} INFO - Processing file /home/airflow/.local/lib/python3.7/site-packages/airflow/example_dags/example_branch_python_dop_operator_3.py for tasks to queue
[2022-11-11T14:34:53.717+0000] {logging_mixin.py:120} INFO - [2022-11-11T14:34:53.716+0000] {dagbag.py:537} INFO - Filling up the DagBag from /home/airflow/.local/lib/python3.7/site-packages/airflow/example_dags/example_branch_python_dop_operator_3.py
[2022-11-11T14:34:53.749+0000] {processor.py:766} INFO - DAG(s) dict_keys(['example_branch_dop_operator_v3']) retrieved from /home/airflow/.local/lib/python3.7/site-packages/airflow/example_dags/example_branch_python_dop_operator_3.py
[2022-11-11T14:34:53.808+0000] {logging_mixin.py:120} INFO - [2022-11-11T14:34:53.808+0000] {dag.py:2585} INFO - Sync 1 DAGs
[2022-11-11T14:34:53.849+0000] {logging_mixin.py:120} INFO - [2022-11-11T14:34:53.848+0000] {dag.py:3340} INFO - Setting next_dagrun for example_branch_dop_operator_v3 to 2022-11-11T14:33:00+00:00, run_after=2022-11-11T14:34:00+00:00
[2022-11-11T14:34:53.873+0000] {processor.py:176} INFO - Processing /home/airflow/.local/lib/python3.7/site-packages/airflow/example_dags/example_branch_python_dop_operator_3.py took 0.164 seconds
[2022-11-11T14:35:24.104+0000] {processor.py:154} INFO - Started process (PID=971) to work on /home/airflow/.local/lib/python3.7/site-packages/airflow/example_dags/example_branch_python_dop_operator_3.py
[2022-11-11T14:35:24.105+0000] {processor.py:756} INFO - Processing file /home/airflow/.local/lib/python3.7/site-packages/airflow/example_dags/example_branch_python_dop_operator_3.py for tasks to queue
[2022-11-11T14:35:24.106+0000] {logging_mixin.py:120} INFO - [2022-11-11T14:35:24.106+0000] {dagbag.py:537} INFO - Filling up the DagBag from /home/airflow/.local/lib/python3.7/site-packages/airflow/example_dags/example_branch_python_dop_operator_3.py
[2022-11-11T14:35:24.139+0000] {processor.py:766} INFO - DAG(s) dict_keys(['example_branch_dop_operator_v3']) retrieved from /home/airflow/.local/lib/python3.7/site-packages/airflow/example_dags/example_branch_python_dop_operator_3.py
[2022-11-11T14:35:24.192+0000] {logging_mixin.py:120} INFO - [2022-11-11T14:35:24.192+0000] {dag.py:2585} INFO - Sync 1 DAGs
[2022-11-11T14:35:24.233+0000] {logging_mixin.py:120} INFO - [2022-11-11T14:35:24.233+0000] {dag.py:3340} INFO - Setting next_dagrun for example_branch_dop_operator_v3 to 2022-11-11T14:34:00+00:00, run_after=2022-11-11T14:35:00+00:00
[2022-11-11T14:35:24.259+0000] {processor.py:176} INFO - Processing /home/airflow/.local/lib/python3.7/site-packages/airflow/example_dags/example_branch_python_dop_operator_3.py took 0.161 seconds
[2022-11-11T14:35:54.600+0000] {processor.py:154} INFO - Started process (PID=1028) to work on /home/airflow/.local/lib/python3.7/site-packages/airflow/example_dags/example_branch_python_dop_operator_3.py
[2022-11-11T14:35:54.602+0000] {processor.py:756} INFO - Processing file /home/airflow/.local/lib/python3.7/site-packages/airflow/example_dags/example_branch_python_dop_operator_3.py for tasks to queue
[2022-11-11T14:35:54.602+0000] {logging_mixin.py:120} INFO - [2022-11-11T14:35:54.602+0000] {dagbag.py:537} INFO - Filling up the DagBag from /home/airflow/.local/lib/python3.7/site-packages/airflow/example_dags/example_branch_python_dop_operator_3.py
[2022-11-11T14:35:54.635+0000] {processor.py:766} INFO - DAG(s) dict_keys(['example_branch_dop_operator_v3']) retrieved from /home/airflow/.local/lib/python3.7/site-packages/airflow/example_dags/example_branch_python_dop_operator_3.py
[2022-11-11T14:35:54.692+0000] {logging_mixin.py:120} INFO - [2022-11-11T14:35:54.691+0000] {dag.py:2585} INFO - Sync 1 DAGs
[2022-11-11T14:35:54.729+0000] {logging_mixin.py:120} INFO - [2022-11-11T14:35:54.729+0000] {dag.py:3340} INFO - Setting next_dagrun for example_branch_dop_operator_v3 to 2022-11-11T14:34:00+00:00, run_after=2022-11-11T14:35:00+00:00
[2022-11-11T14:35:54.752+0000] {processor.py:176} INFO - Processing /home/airflow/.local/lib/python3.7/site-packages/airflow/example_dags/example_branch_python_dop_operator_3.py took 0.157 seconds
[2022-11-11T14:36:25.083+0000] {processor.py:154} INFO - Started process (PID=1085) to work on /home/airflow/.local/lib/python3.7/site-packages/airflow/example_dags/example_branch_python_dop_operator_3.py
[2022-11-11T14:36:25.084+0000] {processor.py:756} INFO - Processing file /home/airflow/.local/lib/python3.7/site-packages/airflow/example_dags/example_branch_python_dop_operator_3.py for tasks to queue
[2022-11-11T14:36:25.085+0000] {logging_mixin.py:120} INFO - [2022-11-11T14:36:25.085+0000] {dagbag.py:537} INFO - Filling up the DagBag from /home/airflow/.local/lib/python3.7/site-packages/airflow/example_dags/example_branch_python_dop_operator_3.py
[2022-11-11T14:36:25.122+0000] {processor.py:766} INFO - DAG(s) dict_keys(['example_branch_dop_operator_v3']) retrieved from /home/airflow/.local/lib/python3.7/site-packages/airflow/example_dags/example_branch_python_dop_operator_3.py
[2022-11-11T14:36:25.182+0000] {logging_mixin.py:120} INFO - [2022-11-11T14:36:25.182+0000] {dag.py:2585} INFO - Sync 1 DAGs
[2022-11-11T14:36:25.223+0000] {logging_mixin.py:120} INFO - [2022-11-11T14:36:25.223+0000] {dag.py:3340} INFO - Setting next_dagrun for example_branch_dop_operator_v3 to 2022-11-11T14:35:00+00:00, run_after=2022-11-11T14:36:00+00:00
[2022-11-11T14:36:25.248+0000] {processor.py:176} INFO - Processing /home/airflow/.local/lib/python3.7/site-packages/airflow/example_dags/example_branch_python_dop_operator_3.py took 0.170 seconds
[2022-11-11T14:36:55.849+0000] {processor.py:154} INFO - Started process (PID=1142) to work on /home/airflow/.local/lib/python3.7/site-packages/airflow/example_dags/example_branch_python_dop_operator_3.py
[2022-11-11T14:36:55.850+0000] {processor.py:756} INFO - Processing file /home/airflow/.local/lib/python3.7/site-packages/airflow/example_dags/example_branch_python_dop_operator_3.py for tasks to queue
[2022-11-11T14:36:55.851+0000] {logging_mixin.py:120} INFO - [2022-11-11T14:36:55.851+0000] {dagbag.py:537} INFO - Filling up the DagBag from /home/airflow/.local/lib/python3.7/site-packages/airflow/example_dags/example_branch_python_dop_operator_3.py
[2022-11-11T14:36:55.885+0000] {processor.py:766} INFO - DAG(s) dict_keys(['example_branch_dop_operator_v3']) retrieved from /home/airflow/.local/lib/python3.7/site-packages/airflow/example_dags/example_branch_python_dop_operator_3.py
[2022-11-11T14:36:55.944+0000] {logging_mixin.py:120} INFO - [2022-11-11T14:36:55.944+0000] {dag.py:2585} INFO - Sync 1 DAGs
[2022-11-11T14:36:55.984+0000] {logging_mixin.py:120} INFO - [2022-11-11T14:36:55.984+0000] {dag.py:3340} INFO - Setting next_dagrun for example_branch_dop_operator_v3 to 2022-11-11T14:35:00+00:00, run_after=2022-11-11T14:36:00+00:00
[2022-11-11T14:36:56.009+0000] {processor.py:176} INFO - Processing /home/airflow/.local/lib/python3.7/site-packages/airflow/example_dags/example_branch_python_dop_operator_3.py took 0.165 seconds
[2022-11-11T14:37:26.218+0000] {processor.py:154} INFO - Started process (PID=1200) to work on /home/airflow/.local/lib/python3.7/site-packages/airflow/example_dags/example_branch_python_dop_operator_3.py
[2022-11-11T14:37:26.219+0000] {processor.py:756} INFO - Processing file /home/airflow/.local/lib/python3.7/site-packages/airflow/example_dags/example_branch_python_dop_operator_3.py for tasks to queue
[2022-11-11T14:37:26.220+0000] {logging_mixin.py:120} INFO - [2022-11-11T14:37:26.220+0000] {dagbag.py:537} INFO - Filling up the DagBag from /home/airflow/.local/lib/python3.7/site-packages/airflow/example_dags/example_branch_python_dop_operator_3.py
[2022-11-11T14:37:26.252+0000] {processor.py:766} INFO - DAG(s) dict_keys(['example_branch_dop_operator_v3']) retrieved from /home/airflow/.local/lib/python3.7/site-packages/airflow/example_dags/example_branch_python_dop_operator_3.py
[2022-11-11T14:37:26.306+0000] {logging_mixin.py:120} INFO - [2022-11-11T14:37:26.306+0000] {dag.py:2585} INFO - Sync 1 DAGs
[2022-11-11T14:37:26.346+0000] {logging_mixin.py:120} INFO - [2022-11-11T14:37:26.346+0000] {dag.py:3340} INFO - Setting next_dagrun for example_branch_dop_operator_v3 to 2022-11-11T14:36:00+00:00, run_after=2022-11-11T14:37:00+00:00
[2022-11-11T14:37:26.370+0000] {processor.py:176} INFO - Processing /home/airflow/.local/lib/python3.7/site-packages/airflow/example_dags/example_branch_python_dop_operator_3.py took 0.158 seconds
[2022-11-11T14:37:56.753+0000] {processor.py:154} INFO - Started process (PID=1258) to work on /home/airflow/.local/lib/python3.7/site-packages/airflow/example_dags/example_branch_python_dop_operator_3.py
[2022-11-11T14:37:56.755+0000] {processor.py:756} INFO - Processing file /home/airflow/.local/lib/python3.7/site-packages/airflow/example_dags/example_branch_python_dop_operator_3.py for tasks to queue
[2022-11-11T14:37:56.755+0000] {logging_mixin.py:120} INFO - [2022-11-11T14:37:56.755+0000] {dagbag.py:537} INFO - Filling up the DagBag from /home/airflow/.local/lib/python3.7/site-packages/airflow/example_dags/example_branch_python_dop_operator_3.py
[2022-11-11T14:37:56.787+0000] {processor.py:766} INFO - DAG(s) dict_keys(['example_branch_dop_operator_v3']) retrieved from /home/airflow/.local/lib/python3.7/site-packages/airflow/example_dags/example_branch_python_dop_operator_3.py
[2022-11-11T14:37:56.840+0000] {logging_mixin.py:120} INFO - [2022-11-11T14:37:56.840+0000] {dag.py:2585} INFO - Sync 1 DAGs
[2022-11-11T14:37:56.876+0000] {logging_mixin.py:120} INFO - [2022-11-11T14:37:56.876+0000] {dag.py:3340} INFO - Setting next_dagrun for example_branch_dop_operator_v3 to 2022-11-11T14:36:00+00:00, run_after=2022-11-11T14:37:00+00:00
[2022-11-11T14:37:56.898+0000] {processor.py:176} INFO - Processing /home/airflow/.local/lib/python3.7/site-packages/airflow/example_dags/example_branch_python_dop_operator_3.py took 0.151 seconds
[2022-11-11T14:38:27.201+0000] {processor.py:154} INFO - Started process (PID=1315) to work on /home/airflow/.local/lib/python3.7/site-packages/airflow/example_dags/example_branch_python_dop_operator_3.py
[2022-11-11T14:38:27.202+0000] {processor.py:756} INFO - Processing file /home/airflow/.local/lib/python3.7/site-packages/airflow/example_dags/example_branch_python_dop_operator_3.py for tasks to queue
[2022-11-11T14:38:27.203+0000] {logging_mixin.py:120} INFO - [2022-11-11T14:38:27.203+0000] {dagbag.py:537} INFO - Filling up the DagBag from /home/airflow/.local/lib/python3.7/site-packages/airflow/example_dags/example_branch_python_dop_operator_3.py
[2022-11-11T14:38:27.235+0000] {processor.py:766} INFO - DAG(s) dict_keys(['example_branch_dop_operator_v3']) retrieved from /home/airflow/.local/lib/python3.7/site-packages/airflow/example_dags/example_branch_python_dop_operator_3.py
[2022-11-11T14:38:27.290+0000] {logging_mixin.py:120} INFO - [2022-11-11T14:38:27.290+0000] {dag.py:2585} INFO - Sync 1 DAGs
[2022-11-11T14:38:27.329+0000] {logging_mixin.py:120} INFO - [2022-11-11T14:38:27.329+0000] {dag.py:3340} INFO - Setting next_dagrun for example_branch_dop_operator_v3 to 2022-11-11T14:37:00+00:00, run_after=2022-11-11T14:38:00+00:00
[2022-11-11T14:38:27.352+0000] {processor.py:176} INFO - Processing /home/airflow/.local/lib/python3.7/site-packages/airflow/example_dags/example_branch_python_dop_operator_3.py took 0.158 seconds
[2022-11-11T14:38:57.802+0000] {processor.py:154} INFO - Started process (PID=1370) to work on /home/airflow/.local/lib/python3.7/site-packages/airflow/example_dags/example_branch_python_dop_operator_3.py
[2022-11-11T14:38:57.803+0000] {processor.py:756} INFO - Processing file /home/airflow/.local/lib/python3.7/site-packages/airflow/example_dags/example_branch_python_dop_operator_3.py for tasks to queue
[2022-11-11T14:38:57.804+0000] {logging_mixin.py:120} INFO - [2022-11-11T14:38:57.804+0000] {dagbag.py:537} INFO - Filling up the DagBag from /home/airflow/.local/lib/python3.7/site-packages/airflow/example_dags/example_branch_python_dop_operator_3.py
[2022-11-11T14:38:57.837+0000] {processor.py:766} INFO - DAG(s) dict_keys(['example_branch_dop_operator_v3']) retrieved from /home/airflow/.local/lib/python3.7/site-packages/airflow/example_dags/example_branch_python_dop_operator_3.py
[2022-11-11T14:38:57.890+0000] {logging_mixin.py:120} INFO - [2022-11-11T14:38:57.890+0000] {dag.py:2585} INFO - Sync 1 DAGs
[2022-11-11T14:38:57.929+0000] {logging_mixin.py:120} INFO - [2022-11-11T14:38:57.929+0000] {dag.py:3340} INFO - Setting next_dagrun for example_branch_dop_operator_v3 to 2022-11-11T14:37:00+00:00, run_after=2022-11-11T14:38:00+00:00
[2022-11-11T14:38:57.952+0000] {processor.py:176} INFO - Processing /home/airflow/.local/lib/python3.7/site-packages/airflow/example_dags/example_branch_python_dop_operator_3.py took 0.156 seconds
[2022-11-11T14:39:28.467+0000] {processor.py:154} INFO - Started process (PID=1428) to work on /home/airflow/.local/lib/python3.7/site-packages/airflow/example_dags/example_branch_python_dop_operator_3.py
[2022-11-11T14:39:28.469+0000] {processor.py:756} INFO - Processing file /home/airflow/.local/lib/python3.7/site-packages/airflow/example_dags/example_branch_python_dop_operator_3.py for tasks to queue
[2022-11-11T14:39:28.469+0000] {logging_mixin.py:120} INFO - [2022-11-11T14:39:28.469+0000] {dagbag.py:537} INFO - Filling up the DagBag from /home/airflow/.local/lib/python3.7/site-packages/airflow/example_dags/example_branch_python_dop_operator_3.py
[2022-11-11T14:39:28.502+0000] {processor.py:766} INFO - DAG(s) dict_keys(['example_branch_dop_operator_v3']) retrieved from /home/airflow/.local/lib/python3.7/site-packages/airflow/example_dags/example_branch_python_dop_operator_3.py
[2022-11-11T14:39:28.556+0000] {logging_mixin.py:120} INFO - [2022-11-11T14:39:28.556+0000] {dag.py:2585} INFO - Sync 1 DAGs
[2022-11-11T14:39:28.595+0000] {logging_mixin.py:120} INFO - [2022-11-11T14:39:28.595+0000] {dag.py:3340} INFO - Setting next_dagrun for example_branch_dop_operator_v3 to 2022-11-11T14:38:00+00:00, run_after=2022-11-11T14:39:00+00:00
[2022-11-11T14:39:28.618+0000] {processor.py:176} INFO - Processing /home/airflow/.local/lib/python3.7/site-packages/airflow/example_dags/example_branch_python_dop_operator_3.py took 0.156 seconds
[2022-11-11T14:39:59.180+0000] {processor.py:154} INFO - Started process (PID=1484) to work on /home/airflow/.local/lib/python3.7/site-packages/airflow/example_dags/example_branch_python_dop_operator_3.py
[2022-11-11T14:39:59.181+0000] {processor.py:756} INFO - Processing file /home/airflow/.local/lib/python3.7/site-packages/airflow/example_dags/example_branch_python_dop_operator_3.py for tasks to queue
[2022-11-11T14:39:59.182+0000] {logging_mixin.py:120} INFO - [2022-11-11T14:39:59.182+0000] {dagbag.py:537} INFO - Filling up the DagBag from /home/airflow/.local/lib/python3.7/site-packages/airflow/example_dags/example_branch_python_dop_operator_3.py
[2022-11-11T14:39:59.216+0000] {processor.py:766} INFO - DAG(s) dict_keys(['example_branch_dop_operator_v3']) retrieved from /home/airflow/.local/lib/python3.7/site-packages/airflow/example_dags/example_branch_python_dop_operator_3.py
[2022-11-11T14:39:59.276+0000] {logging_mixin.py:120} INFO - [2022-11-11T14:39:59.276+0000] {dag.py:2585} INFO - Sync 1 DAGs
[2022-11-11T14:39:59.315+0000] {logging_mixin.py:120} INFO - [2022-11-11T14:39:59.315+0000] {dag.py:3340} INFO - Setting next_dagrun for example_branch_dop_operator_v3 to 2022-11-11T14:38:00+00:00, run_after=2022-11-11T14:39:00+00:00
[2022-11-11T14:39:59.342+0000] {processor.py:176} INFO - Processing /home/airflow/.local/lib/python3.7/site-packages/airflow/example_dags/example_branch_python_dop_operator_3.py took 0.168 seconds
[2022-11-11T14:40:29.748+0000] {processor.py:154} INFO - Started process (PID=1540) to work on /home/airflow/.local/lib/python3.7/site-packages/airflow/example_dags/example_branch_python_dop_operator_3.py
[2022-11-11T14:40:29.749+0000] {processor.py:756} INFO - Processing file /home/airflow/.local/lib/python3.7/site-packages/airflow/example_dags/example_branch_python_dop_operator_3.py for tasks to queue
[2022-11-11T14:40:29.750+0000] {logging_mixin.py:120} INFO - [2022-11-11T14:40:29.750+0000] {dagbag.py:537} INFO - Filling up the DagBag from /home/airflow/.local/lib/python3.7/site-packages/airflow/example_dags/example_branch_python_dop_operator_3.py
[2022-11-11T14:40:29.785+0000] {processor.py:766} INFO - DAG(s) dict_keys(['example_branch_dop_operator_v3']) retrieved from /home/airflow/.local/lib/python3.7/site-packages/airflow/example_dags/example_branch_python_dop_operator_3.py
[2022-11-11T14:40:29.842+0000] {logging_mixin.py:120} INFO - [2022-11-11T14:40:29.841+0000] {dag.py:2585} INFO - Sync 1 DAGs
[2022-11-11T14:40:29.881+0000] {logging_mixin.py:120} INFO - [2022-11-11T14:40:29.881+0000] {dag.py:3340} INFO - Setting next_dagrun for example_branch_dop_operator_v3 to 2022-11-11T14:39:00+00:00, run_after=2022-11-11T14:40:00+00:00
[2022-11-11T14:40:29.907+0000] {processor.py:176} INFO - Processing /home/airflow/.local/lib/python3.7/site-packages/airflow/example_dags/example_branch_python_dop_operator_3.py took 0.166 seconds
[2022-11-11T14:41:00.029+0000] {processor.py:154} INFO - Started process (PID=1596) to work on /home/airflow/.local/lib/python3.7/site-packages/airflow/example_dags/example_branch_python_dop_operator_3.py
[2022-11-11T14:41:00.031+0000] {processor.py:756} INFO - Processing file /home/airflow/.local/lib/python3.7/site-packages/airflow/example_dags/example_branch_python_dop_operator_3.py for tasks to queue
[2022-11-11T14:41:00.032+0000] {logging_mixin.py:120} INFO - [2022-11-11T14:41:00.031+0000] {dagbag.py:537} INFO - Filling up the DagBag from /home/airflow/.local/lib/python3.7/site-packages/airflow/example_dags/example_branch_python_dop_operator_3.py
[2022-11-11T14:41:00.066+0000] {processor.py:766} INFO - DAG(s) dict_keys(['example_branch_dop_operator_v3']) retrieved from /home/airflow/.local/lib/python3.7/site-packages/airflow/example_dags/example_branch_python_dop_operator_3.py
[2022-11-11T14:41:00.121+0000] {logging_mixin.py:120} INFO - [2022-11-11T14:41:00.121+0000] {dag.py:2585} INFO - Sync 1 DAGs
[2022-11-11T14:41:00.164+0000] {logging_mixin.py:120} INFO - [2022-11-11T14:41:00.164+0000] {dag.py:3340} INFO - Setting next_dagrun for example_branch_dop_operator_v3 to 2022-11-11T14:40:00+00:00, run_after=2022-11-11T14:41:00+00:00
[2022-11-11T14:41:00.190+0000] {processor.py:176} INFO - Processing /home/airflow/.local/lib/python3.7/site-packages/airflow/example_dags/example_branch_python_dop_operator_3.py took 0.166 seconds
[2022-11-11T14:41:30.746+0000] {processor.py:154} INFO - Started process (PID=1653) to work on /home/airflow/.local/lib/python3.7/site-packages/airflow/example_dags/example_branch_python_dop_operator_3.py
[2022-11-11T14:41:30.747+0000] {processor.py:756} INFO - Processing file /home/airflow/.local/lib/python3.7/site-packages/airflow/example_dags/example_branch_python_dop_operator_3.py for tasks to queue
[2022-11-11T14:41:30.748+0000] {logging_mixin.py:120} INFO - [2022-11-11T14:41:30.748+0000] {dagbag.py:537} INFO - Filling up the DagBag from /home/airflow/.local/lib/python3.7/site-packages/airflow/example_dags/example_branch_python_dop_operator_3.py
[2022-11-11T14:41:30.781+0000] {processor.py:766} INFO - DAG(s) dict_keys(['example_branch_dop_operator_v3']) retrieved from /home/airflow/.local/lib/python3.7/site-packages/airflow/example_dags/example_branch_python_dop_operator_3.py
[2022-11-11T14:41:30.838+0000] {logging_mixin.py:120} INFO - [2022-11-11T14:41:30.838+0000] {dag.py:2585} INFO - Sync 1 DAGs
[2022-11-11T14:41:30.880+0000] {logging_mixin.py:120} INFO - [2022-11-11T14:41:30.879+0000] {dag.py:3340} INFO - Setting next_dagrun for example_branch_dop_operator_v3 to 2022-11-11T14:40:00+00:00, run_after=2022-11-11T14:41:00+00:00
[2022-11-11T14:41:30.907+0000] {processor.py:176} INFO - Processing /home/airflow/.local/lib/python3.7/site-packages/airflow/example_dags/example_branch_python_dop_operator_3.py took 0.166 seconds
[2022-11-11T14:42:01.493+0000] {processor.py:154} INFO - Started process (PID=1712) to work on /home/airflow/.local/lib/python3.7/site-packages/airflow/example_dags/example_branch_python_dop_operator_3.py
[2022-11-11T14:42:01.494+0000] {processor.py:756} INFO - Processing file /home/airflow/.local/lib/python3.7/site-packages/airflow/example_dags/example_branch_python_dop_operator_3.py for tasks to queue
[2022-11-11T14:42:01.495+0000] {logging_mixin.py:120} INFO - [2022-11-11T14:42:01.495+0000] {dagbag.py:537} INFO - Filling up the DagBag from /home/airflow/.local/lib/python3.7/site-packages/airflow/example_dags/example_branch_python_dop_operator_3.py
[2022-11-11T14:42:01.527+0000] {processor.py:766} INFO - DAG(s) dict_keys(['example_branch_dop_operator_v3']) retrieved from /home/airflow/.local/lib/python3.7/site-packages/airflow/example_dags/example_branch_python_dop_operator_3.py
[2022-11-11T14:42:01.585+0000] {logging_mixin.py:120} INFO - [2022-11-11T14:42:01.585+0000] {dag.py:2585} INFO - Sync 1 DAGs
[2022-11-11T14:42:01.624+0000] {logging_mixin.py:120} INFO - [2022-11-11T14:42:01.624+0000] {dag.py:3340} INFO - Setting next_dagrun for example_branch_dop_operator_v3 to 2022-11-11T14:41:00+00:00, run_after=2022-11-11T14:42:00+00:00
[2022-11-11T14:42:01.647+0000] {processor.py:176} INFO - Processing /home/airflow/.local/lib/python3.7/site-packages/airflow/example_dags/example_branch_python_dop_operator_3.py took 0.161 seconds
[2022-11-11T14:42:31.681+0000] {processor.py:154} INFO - Started process (PID=1770) to work on /home/airflow/.local/lib/python3.7/site-packages/airflow/example_dags/example_branch_python_dop_operator_3.py
[2022-11-11T14:42:31.683+0000] {processor.py:756} INFO - Processing file /home/airflow/.local/lib/python3.7/site-packages/airflow/example_dags/example_branch_python_dop_operator_3.py for tasks to queue
[2022-11-11T14:42:31.683+0000] {logging_mixin.py:120} INFO - [2022-11-11T14:42:31.683+0000] {dagbag.py:537} INFO - Filling up the DagBag from /home/airflow/.local/lib/python3.7/site-packages/airflow/example_dags/example_branch_python_dop_operator_3.py
[2022-11-11T14:42:31.716+0000] {processor.py:766} INFO - DAG(s) dict_keys(['example_branch_dop_operator_v3']) retrieved from /home/airflow/.local/lib/python3.7/site-packages/airflow/example_dags/example_branch_python_dop_operator_3.py
[2022-11-11T14:42:31.769+0000] {logging_mixin.py:120} INFO - [2022-11-11T14:42:31.769+0000] {dag.py:2585} INFO - Sync 1 DAGs
[2022-11-11T14:42:31.807+0000] {logging_mixin.py:120} INFO - [2022-11-11T14:42:31.806+0000] {dag.py:3340} INFO - Setting next_dagrun for example_branch_dop_operator_v3 to 2022-11-11T14:41:00+00:00, run_after=2022-11-11T14:42:00+00:00
[2022-11-11T14:42:31.829+0000] {processor.py:176} INFO - Processing /home/airflow/.local/lib/python3.7/site-packages/airflow/example_dags/example_branch_python_dop_operator_3.py took 0.153 seconds
[2022-11-11T14:43:02.340+0000] {processor.py:154} INFO - Started process (PID=1828) to work on /home/airflow/.local/lib/python3.7/site-packages/airflow/example_dags/example_branch_python_dop_operator_3.py
[2022-11-11T14:43:02.341+0000] {processor.py:756} INFO - Processing file /home/airflow/.local/lib/python3.7/site-packages/airflow/example_dags/example_branch_python_dop_operator_3.py for tasks to queue
[2022-11-11T14:43:02.342+0000] {logging_mixin.py:120} INFO - [2022-11-11T14:43:02.342+0000] {dagbag.py:537} INFO - Filling up the DagBag from /home/airflow/.local/lib/python3.7/site-packages/airflow/example_dags/example_branch_python_dop_operator_3.py
[2022-11-11T14:43:02.375+0000] {processor.py:766} INFO - DAG(s) dict_keys(['example_branch_dop_operator_v3']) retrieved from /home/airflow/.local/lib/python3.7/site-packages/airflow/example_dags/example_branch_python_dop_operator_3.py
[2022-11-11T14:43:02.431+0000] {logging_mixin.py:120} INFO - [2022-11-11T14:43:02.431+0000] {dag.py:2585} INFO - Sync 1 DAGs
[2022-11-11T14:43:02.471+0000] {logging_mixin.py:120} INFO - [2022-11-11T14:43:02.471+0000] {dag.py:3340} INFO - Setting next_dagrun for example_branch_dop_operator_v3 to 2022-11-11T14:42:00+00:00, run_after=2022-11-11T14:43:00+00:00
[2022-11-11T14:43:02.495+0000] {processor.py:176} INFO - Processing /home/airflow/.local/lib/python3.7/site-packages/airflow/example_dags/example_branch_python_dop_operator_3.py took 0.160 seconds
[2022-11-11T14:43:33.108+0000] {processor.py:154} INFO - Started process (PID=1885) to work on /home/airflow/.local/lib/python3.7/site-packages/airflow/example_dags/example_branch_python_dop_operator_3.py
[2022-11-11T14:43:33.110+0000] {processor.py:756} INFO - Processing file /home/airflow/.local/lib/python3.7/site-packages/airflow/example_dags/example_branch_python_dop_operator_3.py for tasks to queue
[2022-11-11T14:43:33.111+0000] {logging_mixin.py:120} INFO - [2022-11-11T14:43:33.111+0000] {dagbag.py:537} INFO - Filling up the DagBag from /home/airflow/.local/lib/python3.7/site-packages/airflow/example_dags/example_branch_python_dop_operator_3.py
[2022-11-11T14:43:33.145+0000] {processor.py:766} INFO - DAG(s) dict_keys(['example_branch_dop_operator_v3']) retrieved from /home/airflow/.local/lib/python3.7/site-packages/airflow/example_dags/example_branch_python_dop_operator_3.py
[2022-11-11T14:43:33.200+0000] {logging_mixin.py:120} INFO - [2022-11-11T14:43:33.200+0000] {dag.py:2585} INFO - Sync 1 DAGs
[2022-11-11T14:43:33.240+0000] {logging_mixin.py:120} INFO - [2022-11-11T14:43:33.239+0000] {dag.py:3340} INFO - Setting next_dagrun for example_branch_dop_operator_v3 to 2022-11-11T14:42:00+00:00, run_after=2022-11-11T14:43:00+00:00
[2022-11-11T14:43:33.263+0000] {processor.py:176} INFO - Processing /home/airflow/.local/lib/python3.7/site-packages/airflow/example_dags/example_branch_python_dop_operator_3.py took 0.161 seconds
[2022-11-11T14:44:03.297+0000] {processor.py:154} INFO - Started process (PID=1942) to work on /home/airflow/.local/lib/python3.7/site-packages/airflow/example_dags/example_branch_python_dop_operator_3.py
[2022-11-11T14:44:03.298+0000] {processor.py:756} INFO - Processing file /home/airflow/.local/lib/python3.7/site-packages/airflow/example_dags/example_branch_python_dop_operator_3.py for tasks to queue
[2022-11-11T14:44:03.299+0000] {logging_mixin.py:120} INFO - [2022-11-11T14:44:03.299+0000] {dagbag.py:537} INFO - Filling up the DagBag from /home/airflow/.local/lib/python3.7/site-packages/airflow/example_dags/example_branch_python_dop_operator_3.py
[2022-11-11T14:44:03.330+0000] {processor.py:766} INFO - DAG(s) dict_keys(['example_branch_dop_operator_v3']) retrieved from /home/airflow/.local/lib/python3.7/site-packages/airflow/example_dags/example_branch_python_dop_operator_3.py
[2022-11-11T14:44:03.388+0000] {logging_mixin.py:120} INFO - [2022-11-11T14:44:03.387+0000] {dag.py:2585} INFO - Sync 1 DAGs
[2022-11-11T14:44:03.429+0000] {logging_mixin.py:120} INFO - [2022-11-11T14:44:03.429+0000] {dag.py:3340} INFO - Setting next_dagrun for example_branch_dop_operator_v3 to 2022-11-11T14:43:00+00:00, run_after=2022-11-11T14:44:00+00:00
[2022-11-11T14:44:03.454+0000] {processor.py:176} INFO - Processing /home/airflow/.local/lib/python3.7/site-packages/airflow/example_dags/example_branch_python_dop_operator_3.py took 0.162 seconds
