[2022-11-11T14:18:08.561+0000] {processor.py:154} INFO - Started process (PID=69) to work on /home/airflow/.local/lib/python3.7/site-packages/airflow/example_dags/example_xcomargs.py
[2022-11-11T14:18:08.563+0000] {processor.py:756} INFO - Processing file /home/airflow/.local/lib/python3.7/site-packages/airflow/example_dags/example_xcomargs.py for tasks to queue
[2022-11-11T14:18:08.563+0000] {logging_mixin.py:120} INFO - [2022-11-11T14:18:08.563+0000] {dagbag.py:537} INFO - Filling up the DagBag from /home/airflow/.local/lib/python3.7/site-packages/airflow/example_dags/example_xcomargs.py
[2022-11-11T14:18:08.604+0000] {processor.py:766} INFO - DAG(s) dict_keys(['example_xcom_args', 'example_xcom_args_with_operators']) retrieved from /home/airflow/.local/lib/python3.7/site-packages/airflow/example_dags/example_xcomargs.py
[2022-11-11T14:18:08.822+0000] {logging_mixin.py:120} INFO - [2022-11-11T14:18:08.822+0000] {manager.py:507} INFO - Created Permission View: can read on DAG:example_xcom_args
[2022-11-11T14:18:08.838+0000] {logging_mixin.py:120} INFO - [2022-11-11T14:18:08.837+0000] {manager.py:507} INFO - Created Permission View: can edit on DAG:example_xcom_args
[2022-11-11T14:18:08.850+0000] {logging_mixin.py:120} INFO - [2022-11-11T14:18:08.850+0000] {manager.py:507} INFO - Created Permission View: can delete on DAG:example_xcom_args
[2022-11-11T14:18:08.872+0000] {logging_mixin.py:120} INFO - [2022-11-11T14:18:08.871+0000] {manager.py:507} INFO - Created Permission View: can read on DAG:example_xcom_args_with_operators
[2022-11-11T14:18:08.881+0000] {logging_mixin.py:120} INFO - [2022-11-11T14:18:08.881+0000] {manager.py:507} INFO - Created Permission View: can edit on DAG:example_xcom_args_with_operators
[2022-11-11T14:18:08.891+0000] {logging_mixin.py:120} INFO - [2022-11-11T14:18:08.891+0000] {manager.py:507} INFO - Created Permission View: can delete on DAG:example_xcom_args_with_operators
[2022-11-11T14:18:08.892+0000] {logging_mixin.py:120} INFO - [2022-11-11T14:18:08.891+0000] {dag.py:2585} INFO - Sync 2 DAGs
[2022-11-11T14:18:08.915+0000] {logging_mixin.py:120} INFO - [2022-11-11T14:18:08.914+0000] {dag.py:2606} INFO - Creating ORM DAG for example_xcom_args_with_operators
[2022-11-11T14:18:08.915+0000] {logging_mixin.py:120} INFO - [2022-11-11T14:18:08.915+0000] {dag.py:2606} INFO - Creating ORM DAG for example_xcom_args
[2022-11-11T14:18:08.931+0000] {logging_mixin.py:120} INFO - [2022-11-11T14:18:08.931+0000] {dag.py:3340} INFO - Setting next_dagrun for example_xcom_args to None, run_after=None
[2022-11-11T14:18:08.932+0000] {logging_mixin.py:120} INFO - [2022-11-11T14:18:08.932+0000] {dag.py:3340} INFO - Setting next_dagrun for example_xcom_args_with_operators to None, run_after=None
[2022-11-11T14:18:08.971+0000] {processor.py:176} INFO - Processing /home/airflow/.local/lib/python3.7/site-packages/airflow/example_dags/example_xcomargs.py took 0.415 seconds
[2022-11-11T14:18:39.280+0000] {processor.py:154} INFO - Started process (PID=126) to work on /home/airflow/.local/lib/python3.7/site-packages/airflow/example_dags/example_xcomargs.py
[2022-11-11T14:18:39.282+0000] {processor.py:756} INFO - Processing file /home/airflow/.local/lib/python3.7/site-packages/airflow/example_dags/example_xcomargs.py for tasks to queue
[2022-11-11T14:18:39.283+0000] {logging_mixin.py:120} INFO - [2022-11-11T14:18:39.282+0000] {dagbag.py:537} INFO - Filling up the DagBag from /home/airflow/.local/lib/python3.7/site-packages/airflow/example_dags/example_xcomargs.py
[2022-11-11T14:18:39.319+0000] {processor.py:766} INFO - DAG(s) dict_keys(['example_xcom_args', 'example_xcom_args_with_operators']) retrieved from /home/airflow/.local/lib/python3.7/site-packages/airflow/example_dags/example_xcomargs.py
[2022-11-11T14:18:39.386+0000] {logging_mixin.py:120} INFO - [2022-11-11T14:18:39.386+0000] {dag.py:2585} INFO - Sync 2 DAGs
[2022-11-11T14:18:39.426+0000] {logging_mixin.py:120} INFO - [2022-11-11T14:18:39.425+0000] {dag.py:3340} INFO - Setting next_dagrun for example_xcom_args to None, run_after=None
[2022-11-11T14:18:39.432+0000] {logging_mixin.py:120} INFO - [2022-11-11T14:18:39.432+0000] {dag.py:3340} INFO - Setting next_dagrun for example_xcom_args_with_operators to None, run_after=None
[2022-11-11T14:18:39.468+0000] {processor.py:176} INFO - Processing /home/airflow/.local/lib/python3.7/site-packages/airflow/example_dags/example_xcomargs.py took 0.193 seconds
[2022-11-11T14:19:09.762+0000] {processor.py:154} INFO - Started process (PID=184) to work on /home/airflow/.local/lib/python3.7/site-packages/airflow/example_dags/example_xcomargs.py
[2022-11-11T14:19:09.764+0000] {processor.py:756} INFO - Processing file /home/airflow/.local/lib/python3.7/site-packages/airflow/example_dags/example_xcomargs.py for tasks to queue
[2022-11-11T14:19:09.764+0000] {logging_mixin.py:120} INFO - [2022-11-11T14:19:09.764+0000] {dagbag.py:537} INFO - Filling up the DagBag from /home/airflow/.local/lib/python3.7/site-packages/airflow/example_dags/example_xcomargs.py
[2022-11-11T14:19:09.800+0000] {processor.py:766} INFO - DAG(s) dict_keys(['example_xcom_args_with_operators', 'example_xcom_args']) retrieved from /home/airflow/.local/lib/python3.7/site-packages/airflow/example_dags/example_xcomargs.py
[2022-11-11T14:19:09.863+0000] {logging_mixin.py:120} INFO - [2022-11-11T14:19:09.862+0000] {dag.py:2585} INFO - Sync 2 DAGs
[2022-11-11T14:19:09.900+0000] {logging_mixin.py:120} INFO - [2022-11-11T14:19:09.899+0000] {dag.py:3340} INFO - Setting next_dagrun for example_xcom_args to None, run_after=None
[2022-11-11T14:19:09.904+0000] {logging_mixin.py:120} INFO - [2022-11-11T14:19:09.904+0000] {dag.py:3340} INFO - Setting next_dagrun for example_xcom_args_with_operators to None, run_after=None
[2022-11-11T14:19:09.939+0000] {processor.py:176} INFO - Processing /home/airflow/.local/lib/python3.7/site-packages/airflow/example_dags/example_xcomargs.py took 0.182 seconds
[2022-11-11T14:19:40.482+0000] {processor.py:154} INFO - Started process (PID=241) to work on /home/airflow/.local/lib/python3.7/site-packages/airflow/example_dags/example_xcomargs.py
[2022-11-11T14:19:40.484+0000] {processor.py:756} INFO - Processing file /home/airflow/.local/lib/python3.7/site-packages/airflow/example_dags/example_xcomargs.py for tasks to queue
[2022-11-11T14:19:40.485+0000] {logging_mixin.py:120} INFO - [2022-11-11T14:19:40.485+0000] {dagbag.py:537} INFO - Filling up the DagBag from /home/airflow/.local/lib/python3.7/site-packages/airflow/example_dags/example_xcomargs.py
[2022-11-11T14:19:40.524+0000] {processor.py:766} INFO - DAG(s) dict_keys(['example_xcom_args', 'example_xcom_args_with_operators']) retrieved from /home/airflow/.local/lib/python3.7/site-packages/airflow/example_dags/example_xcomargs.py
[2022-11-11T14:19:40.590+0000] {logging_mixin.py:120} INFO - [2022-11-11T14:19:40.589+0000] {dag.py:2585} INFO - Sync 2 DAGs
[2022-11-11T14:19:40.633+0000] {logging_mixin.py:120} INFO - [2022-11-11T14:19:40.633+0000] {dag.py:3340} INFO - Setting next_dagrun for example_xcom_args to None, run_after=None
[2022-11-11T14:19:40.638+0000] {logging_mixin.py:120} INFO - [2022-11-11T14:19:40.638+0000] {dag.py:3340} INFO - Setting next_dagrun for example_xcom_args_with_operators to None, run_after=None
[2022-11-11T14:19:40.672+0000] {processor.py:176} INFO - Processing /home/airflow/.local/lib/python3.7/site-packages/airflow/example_dags/example_xcomargs.py took 0.195 seconds
[2022-11-11T14:22:44.247+0000] {processor.py:154} INFO - Started process (PID=62) to work on /home/airflow/.local/lib/python3.7/site-packages/airflow/example_dags/example_xcomargs.py
[2022-11-11T14:22:44.248+0000] {processor.py:756} INFO - Processing file /home/airflow/.local/lib/python3.7/site-packages/airflow/example_dags/example_xcomargs.py for tasks to queue
[2022-11-11T14:22:44.249+0000] {logging_mixin.py:120} INFO - [2022-11-11T14:22:44.249+0000] {dagbag.py:537} INFO - Filling up the DagBag from /home/airflow/.local/lib/python3.7/site-packages/airflow/example_dags/example_xcomargs.py
[2022-11-11T14:22:44.286+0000] {processor.py:766} INFO - DAG(s) dict_keys(['example_xcom_args_with_operators', 'example_xcom_args']) retrieved from /home/airflow/.local/lib/python3.7/site-packages/airflow/example_dags/example_xcomargs.py
[2022-11-11T14:22:44.354+0000] {logging_mixin.py:120} INFO - [2022-11-11T14:22:44.353+0000] {dag.py:2585} INFO - Sync 2 DAGs
[2022-11-11T14:22:44.391+0000] {logging_mixin.py:120} INFO - [2022-11-11T14:22:44.390+0000] {dag.py:3340} INFO - Setting next_dagrun for example_xcom_args to None, run_after=None
[2022-11-11T14:22:44.396+0000] {logging_mixin.py:120} INFO - [2022-11-11T14:22:44.396+0000] {dag.py:3340} INFO - Setting next_dagrun for example_xcom_args_with_operators to None, run_after=None
[2022-11-11T14:22:45.105+0000] {processor.py:176} INFO - Processing /home/airflow/.local/lib/python3.7/site-packages/airflow/example_dags/example_xcomargs.py took 0.864 seconds
[2022-11-11T14:23:15.782+0000] {processor.py:154} INFO - Started process (PID=120) to work on /home/airflow/.local/lib/python3.7/site-packages/airflow/example_dags/example_xcomargs.py
[2022-11-11T14:23:15.783+0000] {processor.py:756} INFO - Processing file /home/airflow/.local/lib/python3.7/site-packages/airflow/example_dags/example_xcomargs.py for tasks to queue
[2022-11-11T14:23:15.784+0000] {logging_mixin.py:120} INFO - [2022-11-11T14:23:15.784+0000] {dagbag.py:537} INFO - Filling up the DagBag from /home/airflow/.local/lib/python3.7/site-packages/airflow/example_dags/example_xcomargs.py
[2022-11-11T14:23:15.821+0000] {processor.py:766} INFO - DAG(s) dict_keys(['example_xcom_args', 'example_xcom_args_with_operators']) retrieved from /home/airflow/.local/lib/python3.7/site-packages/airflow/example_dags/example_xcomargs.py
[2022-11-11T14:23:15.889+0000] {logging_mixin.py:120} INFO - [2022-11-11T14:23:15.889+0000] {dag.py:2585} INFO - Sync 2 DAGs
[2022-11-11T14:23:15.927+0000] {logging_mixin.py:120} INFO - [2022-11-11T14:23:15.926+0000] {dag.py:3340} INFO - Setting next_dagrun for example_xcom_args to None, run_after=None
[2022-11-11T14:23:15.933+0000] {logging_mixin.py:120} INFO - [2022-11-11T14:23:15.933+0000] {dag.py:3340} INFO - Setting next_dagrun for example_xcom_args_with_operators to None, run_after=None
[2022-11-11T14:23:15.956+0000] {processor.py:176} INFO - Processing /home/airflow/.local/lib/python3.7/site-packages/airflow/example_dags/example_xcomargs.py took 0.181 seconds
[2022-11-11T14:24:40.486+0000] {processor.py:154} INFO - Started process (PID=65) to work on /home/airflow/.local/lib/python3.7/site-packages/airflow/example_dags/example_xcomargs.py
[2022-11-11T14:24:40.488+0000] {processor.py:756} INFO - Processing file /home/airflow/.local/lib/python3.7/site-packages/airflow/example_dags/example_xcomargs.py for tasks to queue
[2022-11-11T14:24:40.489+0000] {logging_mixin.py:120} INFO - [2022-11-11T14:24:40.489+0000] {dagbag.py:537} INFO - Filling up the DagBag from /home/airflow/.local/lib/python3.7/site-packages/airflow/example_dags/example_xcomargs.py
[2022-11-11T14:24:40.530+0000] {processor.py:766} INFO - DAG(s) dict_keys(['example_xcom_args', 'example_xcom_args_with_operators']) retrieved from /home/airflow/.local/lib/python3.7/site-packages/airflow/example_dags/example_xcomargs.py
[2022-11-11T14:24:40.597+0000] {logging_mixin.py:120} INFO - [2022-11-11T14:24:40.597+0000] {dag.py:2585} INFO - Sync 2 DAGs
[2022-11-11T14:24:40.651+0000] {logging_mixin.py:120} INFO - [2022-11-11T14:24:40.651+0000] {dag.py:3340} INFO - Setting next_dagrun for example_xcom_args to None, run_after=None
[2022-11-11T14:24:40.657+0000] {logging_mixin.py:120} INFO - [2022-11-11T14:24:40.657+0000] {dag.py:3340} INFO - Setting next_dagrun for example_xcom_args_with_operators to None, run_after=None
[2022-11-11T14:24:40.687+0000] {processor.py:176} INFO - Processing /home/airflow/.local/lib/python3.7/site-packages/airflow/example_dags/example_xcomargs.py took 0.208 seconds
[2022-11-11T14:27:16.162+0000] {processor.py:154} INFO - Started process (PID=65) to work on /home/airflow/.local/lib/python3.7/site-packages/airflow/example_dags/example_xcomargs.py
[2022-11-11T14:27:16.163+0000] {processor.py:756} INFO - Processing file /home/airflow/.local/lib/python3.7/site-packages/airflow/example_dags/example_xcomargs.py for tasks to queue
[2022-11-11T14:27:16.164+0000] {logging_mixin.py:120} INFO - [2022-11-11T14:27:16.164+0000] {dagbag.py:537} INFO - Filling up the DagBag from /home/airflow/.local/lib/python3.7/site-packages/airflow/example_dags/example_xcomargs.py
[2022-11-11T14:27:16.199+0000] {processor.py:766} INFO - DAG(s) dict_keys(['example_xcom_args', 'example_xcom_args_with_operators']) retrieved from /home/airflow/.local/lib/python3.7/site-packages/airflow/example_dags/example_xcomargs.py
[2022-11-11T14:27:16.284+0000] {logging_mixin.py:120} INFO - [2022-11-11T14:27:16.284+0000] {dag.py:2585} INFO - Sync 2 DAGs
[2022-11-11T14:27:16.338+0000] {logging_mixin.py:120} INFO - [2022-11-11T14:27:16.338+0000] {dag.py:3340} INFO - Setting next_dagrun for example_xcom_args to None, run_after=None
[2022-11-11T14:27:16.343+0000] {logging_mixin.py:120} INFO - [2022-11-11T14:27:16.343+0000] {dag.py:3340} INFO - Setting next_dagrun for example_xcom_args_with_operators to None, run_after=None
[2022-11-11T14:27:16.366+0000] {processor.py:176} INFO - Processing /home/airflow/.local/lib/python3.7/site-packages/airflow/example_dags/example_xcomargs.py took 0.210 seconds
[2022-11-11T14:27:49.654+0000] {processor.py:154} INFO - Started process (PID=122) to work on /home/airflow/.local/lib/python3.7/site-packages/airflow/example_dags/example_xcomargs.py
[2022-11-11T14:27:49.656+0000] {processor.py:756} INFO - Processing file /home/airflow/.local/lib/python3.7/site-packages/airflow/example_dags/example_xcomargs.py for tasks to queue
[2022-11-11T14:27:49.657+0000] {logging_mixin.py:120} INFO - [2022-11-11T14:27:49.657+0000] {dagbag.py:537} INFO - Filling up the DagBag from /home/airflow/.local/lib/python3.7/site-packages/airflow/example_dags/example_xcomargs.py
[2022-11-11T14:27:49.690+0000] {processor.py:766} INFO - DAG(s) dict_keys(['example_xcom_args_with_operators', 'example_xcom_args']) retrieved from /home/airflow/.local/lib/python3.7/site-packages/airflow/example_dags/example_xcomargs.py
[2022-11-11T14:27:49.752+0000] {logging_mixin.py:120} INFO - [2022-11-11T14:27:49.752+0000] {dag.py:2585} INFO - Sync 2 DAGs
[2022-11-11T14:27:49.785+0000] {logging_mixin.py:120} INFO - [2022-11-11T14:27:49.785+0000] {dag.py:3340} INFO - Setting next_dagrun for example_xcom_args to None, run_after=None
[2022-11-11T14:27:49.790+0000] {logging_mixin.py:120} INFO - [2022-11-11T14:27:49.789+0000] {dag.py:3340} INFO - Setting next_dagrun for example_xcom_args_with_operators to None, run_after=None
[2022-11-11T14:27:50.229+0000] {processor.py:176} INFO - Processing /home/airflow/.local/lib/python3.7/site-packages/airflow/example_dags/example_xcomargs.py took 0.580 seconds
[2022-11-11T14:28:20.277+0000] {processor.py:154} INFO - Started process (PID=181) to work on /home/airflow/.local/lib/python3.7/site-packages/airflow/example_dags/example_xcomargs.py
[2022-11-11T14:28:20.279+0000] {processor.py:756} INFO - Processing file /home/airflow/.local/lib/python3.7/site-packages/airflow/example_dags/example_xcomargs.py for tasks to queue
[2022-11-11T14:28:20.280+0000] {logging_mixin.py:120} INFO - [2022-11-11T14:28:20.279+0000] {dagbag.py:537} INFO - Filling up the DagBag from /home/airflow/.local/lib/python3.7/site-packages/airflow/example_dags/example_xcomargs.py
[2022-11-11T14:28:20.316+0000] {processor.py:766} INFO - DAG(s) dict_keys(['example_xcom_args_with_operators', 'example_xcom_args']) retrieved from /home/airflow/.local/lib/python3.7/site-packages/airflow/example_dags/example_xcomargs.py
[2022-11-11T14:28:20.378+0000] {logging_mixin.py:120} INFO - [2022-11-11T14:28:20.377+0000] {dag.py:2585} INFO - Sync 2 DAGs
[2022-11-11T14:28:20.419+0000] {logging_mixin.py:120} INFO - [2022-11-11T14:28:20.418+0000] {dag.py:3340} INFO - Setting next_dagrun for example_xcom_args to None, run_after=None
[2022-11-11T14:28:20.423+0000] {logging_mixin.py:120} INFO - [2022-11-11T14:28:20.423+0000] {dag.py:3340} INFO - Setting next_dagrun for example_xcom_args_with_operators to None, run_after=None
[2022-11-11T14:28:20.451+0000] {processor.py:176} INFO - Processing /home/airflow/.local/lib/python3.7/site-packages/airflow/example_dags/example_xcomargs.py took 0.179 seconds
[2022-11-11T14:28:51.097+0000] {processor.py:154} INFO - Started process (PID=240) to work on /home/airflow/.local/lib/python3.7/site-packages/airflow/example_dags/example_xcomargs.py
[2022-11-11T14:28:51.098+0000] {processor.py:756} INFO - Processing file /home/airflow/.local/lib/python3.7/site-packages/airflow/example_dags/example_xcomargs.py for tasks to queue
[2022-11-11T14:28:51.099+0000] {logging_mixin.py:120} INFO - [2022-11-11T14:28:51.099+0000] {dagbag.py:537} INFO - Filling up the DagBag from /home/airflow/.local/lib/python3.7/site-packages/airflow/example_dags/example_xcomargs.py
[2022-11-11T14:28:51.132+0000] {processor.py:766} INFO - DAG(s) dict_keys(['example_xcom_args_with_operators', 'example_xcom_args']) retrieved from /home/airflow/.local/lib/python3.7/site-packages/airflow/example_dags/example_xcomargs.py
[2022-11-11T14:28:51.192+0000] {logging_mixin.py:120} INFO - [2022-11-11T14:28:51.192+0000] {dag.py:2585} INFO - Sync 2 DAGs
[2022-11-11T14:28:51.225+0000] {logging_mixin.py:120} INFO - [2022-11-11T14:28:51.225+0000] {dag.py:3340} INFO - Setting next_dagrun for example_xcom_args to None, run_after=None
[2022-11-11T14:28:51.229+0000] {logging_mixin.py:120} INFO - [2022-11-11T14:28:51.229+0000] {dag.py:3340} INFO - Setting next_dagrun for example_xcom_args_with_operators to None, run_after=None
[2022-11-11T14:28:51.250+0000] {processor.py:176} INFO - Processing /home/airflow/.local/lib/python3.7/site-packages/airflow/example_dags/example_xcomargs.py took 0.158 seconds
[2022-11-11T14:29:21.689+0000] {processor.py:154} INFO - Started process (PID=297) to work on /home/airflow/.local/lib/python3.7/site-packages/airflow/example_dags/example_xcomargs.py
[2022-11-11T14:29:21.691+0000] {processor.py:756} INFO - Processing file /home/airflow/.local/lib/python3.7/site-packages/airflow/example_dags/example_xcomargs.py for tasks to queue
[2022-11-11T14:29:21.691+0000] {logging_mixin.py:120} INFO - [2022-11-11T14:29:21.691+0000] {dagbag.py:537} INFO - Filling up the DagBag from /home/airflow/.local/lib/python3.7/site-packages/airflow/example_dags/example_xcomargs.py
[2022-11-11T14:29:21.724+0000] {processor.py:766} INFO - DAG(s) dict_keys(['example_xcom_args', 'example_xcom_args_with_operators']) retrieved from /home/airflow/.local/lib/python3.7/site-packages/airflow/example_dags/example_xcomargs.py
[2022-11-11T14:29:21.791+0000] {logging_mixin.py:120} INFO - [2022-11-11T14:29:21.791+0000] {dag.py:2585} INFO - Sync 2 DAGs
[2022-11-11T14:29:21.834+0000] {logging_mixin.py:120} INFO - [2022-11-11T14:29:21.834+0000] {dag.py:3340} INFO - Setting next_dagrun for example_xcom_args to None, run_after=None
[2022-11-11T14:29:21.839+0000] {logging_mixin.py:120} INFO - [2022-11-11T14:29:21.839+0000] {dag.py:3340} INFO - Setting next_dagrun for example_xcom_args_with_operators to None, run_after=None
[2022-11-11T14:29:21.865+0000] {processor.py:176} INFO - Processing /home/airflow/.local/lib/python3.7/site-packages/airflow/example_dags/example_xcomargs.py took 0.181 seconds
[2022-11-11T14:29:52.333+0000] {processor.py:154} INFO - Started process (PID=354) to work on /home/airflow/.local/lib/python3.7/site-packages/airflow/example_dags/example_xcomargs.py
[2022-11-11T14:29:52.334+0000] {processor.py:756} INFO - Processing file /home/airflow/.local/lib/python3.7/site-packages/airflow/example_dags/example_xcomargs.py for tasks to queue
[2022-11-11T14:29:52.335+0000] {logging_mixin.py:120} INFO - [2022-11-11T14:29:52.335+0000] {dagbag.py:537} INFO - Filling up the DagBag from /home/airflow/.local/lib/python3.7/site-packages/airflow/example_dags/example_xcomargs.py
[2022-11-11T14:29:52.370+0000] {processor.py:766} INFO - DAG(s) dict_keys(['example_xcom_args_with_operators', 'example_xcom_args']) retrieved from /home/airflow/.local/lib/python3.7/site-packages/airflow/example_dags/example_xcomargs.py
[2022-11-11T14:29:52.431+0000] {logging_mixin.py:120} INFO - [2022-11-11T14:29:52.431+0000] {dag.py:2585} INFO - Sync 2 DAGs
[2022-11-11T14:29:52.467+0000] {logging_mixin.py:120} INFO - [2022-11-11T14:29:52.467+0000] {dag.py:3340} INFO - Setting next_dagrun for example_xcom_args to None, run_after=None
[2022-11-11T14:29:52.471+0000] {logging_mixin.py:120} INFO - [2022-11-11T14:29:52.471+0000] {dag.py:3340} INFO - Setting next_dagrun for example_xcom_args_with_operators to None, run_after=None
[2022-11-11T14:29:52.500+0000] {processor.py:176} INFO - Processing /home/airflow/.local/lib/python3.7/site-packages/airflow/example_dags/example_xcomargs.py took 0.173 seconds
[2022-11-11T14:30:23.039+0000] {processor.py:154} INFO - Started process (PID=411) to work on /home/airflow/.local/lib/python3.7/site-packages/airflow/example_dags/example_xcomargs.py
[2022-11-11T14:30:23.041+0000] {processor.py:756} INFO - Processing file /home/airflow/.local/lib/python3.7/site-packages/airflow/example_dags/example_xcomargs.py for tasks to queue
[2022-11-11T14:30:23.041+0000] {logging_mixin.py:120} INFO - [2022-11-11T14:30:23.041+0000] {dagbag.py:537} INFO - Filling up the DagBag from /home/airflow/.local/lib/python3.7/site-packages/airflow/example_dags/example_xcomargs.py
[2022-11-11T14:30:23.083+0000] {processor.py:766} INFO - DAG(s) dict_keys(['example_xcom_args', 'example_xcom_args_with_operators']) retrieved from /home/airflow/.local/lib/python3.7/site-packages/airflow/example_dags/example_xcomargs.py
[2022-11-11T14:30:23.153+0000] {logging_mixin.py:120} INFO - [2022-11-11T14:30:23.153+0000] {dag.py:2585} INFO - Sync 2 DAGs
[2022-11-11T14:30:23.191+0000] {logging_mixin.py:120} INFO - [2022-11-11T14:30:23.191+0000] {dag.py:3340} INFO - Setting next_dagrun for example_xcom_args to None, run_after=None
[2022-11-11T14:30:23.199+0000] {logging_mixin.py:120} INFO - [2022-11-11T14:30:23.199+0000] {dag.py:3340} INFO - Setting next_dagrun for example_xcom_args_with_operators to None, run_after=None
[2022-11-11T14:30:23.224+0000] {processor.py:176} INFO - Processing /home/airflow/.local/lib/python3.7/site-packages/airflow/example_dags/example_xcomargs.py took 0.190 seconds
[2022-11-11T14:30:53.437+0000] {processor.py:154} INFO - Started process (PID=468) to work on /home/airflow/.local/lib/python3.7/site-packages/airflow/example_dags/example_xcomargs.py
[2022-11-11T14:30:53.438+0000] {processor.py:756} INFO - Processing file /home/airflow/.local/lib/python3.7/site-packages/airflow/example_dags/example_xcomargs.py for tasks to queue
[2022-11-11T14:30:53.439+0000] {logging_mixin.py:120} INFO - [2022-11-11T14:30:53.439+0000] {dagbag.py:537} INFO - Filling up the DagBag from /home/airflow/.local/lib/python3.7/site-packages/airflow/example_dags/example_xcomargs.py
[2022-11-11T14:30:53.473+0000] {processor.py:766} INFO - DAG(s) dict_keys(['example_xcom_args', 'example_xcom_args_with_operators']) retrieved from /home/airflow/.local/lib/python3.7/site-packages/airflow/example_dags/example_xcomargs.py
[2022-11-11T14:30:53.533+0000] {logging_mixin.py:120} INFO - [2022-11-11T14:30:53.532+0000] {dag.py:2585} INFO - Sync 2 DAGs
[2022-11-11T14:30:53.570+0000] {logging_mixin.py:120} INFO - [2022-11-11T14:30:53.570+0000] {dag.py:3340} INFO - Setting next_dagrun for example_xcom_args to None, run_after=None
[2022-11-11T14:30:53.574+0000] {logging_mixin.py:120} INFO - [2022-11-11T14:30:53.574+0000] {dag.py:3340} INFO - Setting next_dagrun for example_xcom_args_with_operators to None, run_after=None
[2022-11-11T14:30:53.597+0000] {processor.py:176} INFO - Processing /home/airflow/.local/lib/python3.7/site-packages/airflow/example_dags/example_xcomargs.py took 0.166 seconds
[2022-11-11T14:31:23.754+0000] {processor.py:154} INFO - Started process (PID=524) to work on /home/airflow/.local/lib/python3.7/site-packages/airflow/example_dags/example_xcomargs.py
[2022-11-11T14:31:23.755+0000] {processor.py:756} INFO - Processing file /home/airflow/.local/lib/python3.7/site-packages/airflow/example_dags/example_xcomargs.py for tasks to queue
[2022-11-11T14:31:23.756+0000] {logging_mixin.py:120} INFO - [2022-11-11T14:31:23.756+0000] {dagbag.py:537} INFO - Filling up the DagBag from /home/airflow/.local/lib/python3.7/site-packages/airflow/example_dags/example_xcomargs.py
[2022-11-11T14:31:23.788+0000] {processor.py:766} INFO - DAG(s) dict_keys(['example_xcom_args', 'example_xcom_args_with_operators']) retrieved from /home/airflow/.local/lib/python3.7/site-packages/airflow/example_dags/example_xcomargs.py
[2022-11-11T14:31:23.849+0000] {logging_mixin.py:120} INFO - [2022-11-11T14:31:23.848+0000] {dag.py:2585} INFO - Sync 2 DAGs
[2022-11-11T14:31:23.881+0000] {logging_mixin.py:120} INFO - [2022-11-11T14:31:23.881+0000] {dag.py:3340} INFO - Setting next_dagrun for example_xcom_args to None, run_after=None
[2022-11-11T14:31:23.885+0000] {logging_mixin.py:120} INFO - [2022-11-11T14:31:23.885+0000] {dag.py:3340} INFO - Setting next_dagrun for example_xcom_args_with_operators to None, run_after=None
[2022-11-11T14:31:23.909+0000] {processor.py:176} INFO - Processing /home/airflow/.local/lib/python3.7/site-packages/airflow/example_dags/example_xcomargs.py took 0.160 seconds
[2022-11-11T14:31:54.077+0000] {processor.py:154} INFO - Started process (PID=581) to work on /home/airflow/.local/lib/python3.7/site-packages/airflow/example_dags/example_xcomargs.py
[2022-11-11T14:31:54.078+0000] {processor.py:756} INFO - Processing file /home/airflow/.local/lib/python3.7/site-packages/airflow/example_dags/example_xcomargs.py for tasks to queue
[2022-11-11T14:31:54.079+0000] {logging_mixin.py:120} INFO - [2022-11-11T14:31:54.079+0000] {dagbag.py:537} INFO - Filling up the DagBag from /home/airflow/.local/lib/python3.7/site-packages/airflow/example_dags/example_xcomargs.py
[2022-11-11T14:31:54.111+0000] {processor.py:766} INFO - DAG(s) dict_keys(['example_xcom_args_with_operators', 'example_xcom_args']) retrieved from /home/airflow/.local/lib/python3.7/site-packages/airflow/example_dags/example_xcomargs.py
[2022-11-11T14:31:54.171+0000] {logging_mixin.py:120} INFO - [2022-11-11T14:31:54.171+0000] {dag.py:2585} INFO - Sync 2 DAGs
[2022-11-11T14:31:54.205+0000] {logging_mixin.py:120} INFO - [2022-11-11T14:31:54.205+0000] {dag.py:3340} INFO - Setting next_dagrun for example_xcom_args to None, run_after=None
[2022-11-11T14:31:54.209+0000] {logging_mixin.py:120} INFO - [2022-11-11T14:31:54.209+0000] {dag.py:3340} INFO - Setting next_dagrun for example_xcom_args_with_operators to None, run_after=None
[2022-11-11T14:31:54.229+0000] {processor.py:176} INFO - Processing /home/airflow/.local/lib/python3.7/site-packages/airflow/example_dags/example_xcomargs.py took 0.158 seconds
[2022-11-11T14:32:24.714+0000] {processor.py:154} INFO - Started process (PID=638) to work on /home/airflow/.local/lib/python3.7/site-packages/airflow/example_dags/example_xcomargs.py
[2022-11-11T14:32:24.715+0000] {processor.py:756} INFO - Processing file /home/airflow/.local/lib/python3.7/site-packages/airflow/example_dags/example_xcomargs.py for tasks to queue
[2022-11-11T14:32:24.716+0000] {logging_mixin.py:120} INFO - [2022-11-11T14:32:24.716+0000] {dagbag.py:537} INFO - Filling up the DagBag from /home/airflow/.local/lib/python3.7/site-packages/airflow/example_dags/example_xcomargs.py
[2022-11-11T14:32:24.754+0000] {processor.py:766} INFO - DAG(s) dict_keys(['example_xcom_args', 'example_xcom_args_with_operators']) retrieved from /home/airflow/.local/lib/python3.7/site-packages/airflow/example_dags/example_xcomargs.py
[2022-11-11T14:32:24.812+0000] {logging_mixin.py:120} INFO - [2022-11-11T14:32:24.812+0000] {dag.py:2585} INFO - Sync 2 DAGs
[2022-11-11T14:32:24.845+0000] {logging_mixin.py:120} INFO - [2022-11-11T14:32:24.845+0000] {dag.py:3340} INFO - Setting next_dagrun for example_xcom_args to None, run_after=None
[2022-11-11T14:32:24.850+0000] {logging_mixin.py:120} INFO - [2022-11-11T14:32:24.850+0000] {dag.py:3340} INFO - Setting next_dagrun for example_xcom_args_with_operators to None, run_after=None
[2022-11-11T14:32:24.872+0000] {processor.py:176} INFO - Processing /home/airflow/.local/lib/python3.7/site-packages/airflow/example_dags/example_xcomargs.py took 0.165 seconds
[2022-11-11T14:32:55.194+0000] {processor.py:154} INFO - Started process (PID=694) to work on /home/airflow/.local/lib/python3.7/site-packages/airflow/example_dags/example_xcomargs.py
[2022-11-11T14:32:55.195+0000] {processor.py:756} INFO - Processing file /home/airflow/.local/lib/python3.7/site-packages/airflow/example_dags/example_xcomargs.py for tasks to queue
[2022-11-11T14:32:55.196+0000] {logging_mixin.py:120} INFO - [2022-11-11T14:32:55.196+0000] {dagbag.py:537} INFO - Filling up the DagBag from /home/airflow/.local/lib/python3.7/site-packages/airflow/example_dags/example_xcomargs.py
[2022-11-11T14:32:55.230+0000] {processor.py:766} INFO - DAG(s) dict_keys(['example_xcom_args_with_operators', 'example_xcom_args']) retrieved from /home/airflow/.local/lib/python3.7/site-packages/airflow/example_dags/example_xcomargs.py
[2022-11-11T14:32:55.300+0000] {logging_mixin.py:120} INFO - [2022-11-11T14:32:55.300+0000] {dag.py:2585} INFO - Sync 2 DAGs
[2022-11-11T14:32:55.336+0000] {logging_mixin.py:120} INFO - [2022-11-11T14:32:55.335+0000] {dag.py:3340} INFO - Setting next_dagrun for example_xcom_args to None, run_after=None
[2022-11-11T14:32:55.340+0000] {logging_mixin.py:120} INFO - [2022-11-11T14:32:55.340+0000] {dag.py:3340} INFO - Setting next_dagrun for example_xcom_args_with_operators to None, run_after=None
[2022-11-11T14:32:55.363+0000] {processor.py:176} INFO - Processing /home/airflow/.local/lib/python3.7/site-packages/airflow/example_dags/example_xcomargs.py took 0.175 seconds
[2022-11-11T14:33:25.730+0000] {processor.py:154} INFO - Started process (PID=752) to work on /home/airflow/.local/lib/python3.7/site-packages/airflow/example_dags/example_xcomargs.py
[2022-11-11T14:33:25.731+0000] {processor.py:756} INFO - Processing file /home/airflow/.local/lib/python3.7/site-packages/airflow/example_dags/example_xcomargs.py for tasks to queue
[2022-11-11T14:33:25.732+0000] {logging_mixin.py:120} INFO - [2022-11-11T14:33:25.732+0000] {dagbag.py:537} INFO - Filling up the DagBag from /home/airflow/.local/lib/python3.7/site-packages/airflow/example_dags/example_xcomargs.py
[2022-11-11T14:33:25.765+0000] {processor.py:766} INFO - DAG(s) dict_keys(['example_xcom_args_with_operators', 'example_xcom_args']) retrieved from /home/airflow/.local/lib/python3.7/site-packages/airflow/example_dags/example_xcomargs.py
[2022-11-11T14:33:25.826+0000] {logging_mixin.py:120} INFO - [2022-11-11T14:33:25.825+0000] {dag.py:2585} INFO - Sync 2 DAGs
[2022-11-11T14:33:25.858+0000] {logging_mixin.py:120} INFO - [2022-11-11T14:33:25.857+0000] {dag.py:3340} INFO - Setting next_dagrun for example_xcom_args to None, run_after=None
[2022-11-11T14:33:25.862+0000] {logging_mixin.py:120} INFO - [2022-11-11T14:33:25.862+0000] {dag.py:3340} INFO - Setting next_dagrun for example_xcom_args_with_operators to None, run_after=None
[2022-11-11T14:33:25.885+0000] {processor.py:176} INFO - Processing /home/airflow/.local/lib/python3.7/site-packages/airflow/example_dags/example_xcomargs.py took 0.161 seconds
[2022-11-11T14:33:56.398+0000] {processor.py:154} INFO - Started process (PID=808) to work on /home/airflow/.local/lib/python3.7/site-packages/airflow/example_dags/example_xcomargs.py
[2022-11-11T14:33:56.399+0000] {processor.py:756} INFO - Processing file /home/airflow/.local/lib/python3.7/site-packages/airflow/example_dags/example_xcomargs.py for tasks to queue
[2022-11-11T14:33:56.400+0000] {logging_mixin.py:120} INFO - [2022-11-11T14:33:56.400+0000] {dagbag.py:537} INFO - Filling up the DagBag from /home/airflow/.local/lib/python3.7/site-packages/airflow/example_dags/example_xcomargs.py
[2022-11-11T14:33:56.433+0000] {processor.py:766} INFO - DAG(s) dict_keys(['example_xcom_args', 'example_xcom_args_with_operators']) retrieved from /home/airflow/.local/lib/python3.7/site-packages/airflow/example_dags/example_xcomargs.py
[2022-11-11T14:33:56.495+0000] {logging_mixin.py:120} INFO - [2022-11-11T14:33:56.495+0000] {dag.py:2585} INFO - Sync 2 DAGs
[2022-11-11T14:33:56.529+0000] {logging_mixin.py:120} INFO - [2022-11-11T14:33:56.528+0000] {dag.py:3340} INFO - Setting next_dagrun for example_xcom_args to None, run_after=None
[2022-11-11T14:33:56.533+0000] {logging_mixin.py:120} INFO - [2022-11-11T14:33:56.533+0000] {dag.py:3340} INFO - Setting next_dagrun for example_xcom_args_with_operators to None, run_after=None
[2022-11-11T14:33:56.555+0000] {processor.py:176} INFO - Processing /home/airflow/.local/lib/python3.7/site-packages/airflow/example_dags/example_xcomargs.py took 0.162 seconds
[2022-11-11T14:34:26.903+0000] {processor.py:154} INFO - Started process (PID=865) to work on /home/airflow/.local/lib/python3.7/site-packages/airflow/example_dags/example_xcomargs.py
[2022-11-11T14:34:26.905+0000] {processor.py:756} INFO - Processing file /home/airflow/.local/lib/python3.7/site-packages/airflow/example_dags/example_xcomargs.py for tasks to queue
[2022-11-11T14:34:26.906+0000] {logging_mixin.py:120} INFO - [2022-11-11T14:34:26.905+0000] {dagbag.py:537} INFO - Filling up the DagBag from /home/airflow/.local/lib/python3.7/site-packages/airflow/example_dags/example_xcomargs.py
[2022-11-11T14:34:26.939+0000] {processor.py:766} INFO - DAG(s) dict_keys(['example_xcom_args_with_operators', 'example_xcom_args']) retrieved from /home/airflow/.local/lib/python3.7/site-packages/airflow/example_dags/example_xcomargs.py
[2022-11-11T14:34:26.996+0000] {logging_mixin.py:120} INFO - [2022-11-11T14:34:26.996+0000] {dag.py:2585} INFO - Sync 2 DAGs
[2022-11-11T14:34:27.028+0000] {logging_mixin.py:120} INFO - [2022-11-11T14:34:27.028+0000] {dag.py:3340} INFO - Setting next_dagrun for example_xcom_args to None, run_after=None
[2022-11-11T14:34:27.032+0000] {logging_mixin.py:120} INFO - [2022-11-11T14:34:27.032+0000] {dag.py:3340} INFO - Setting next_dagrun for example_xcom_args_with_operators to None, run_after=None
[2022-11-11T14:34:27.054+0000] {processor.py:176} INFO - Processing /home/airflow/.local/lib/python3.7/site-packages/airflow/example_dags/example_xcomargs.py took 0.156 seconds
[2022-11-11T14:34:57.515+0000] {processor.py:154} INFO - Started process (PID=922) to work on /home/airflow/.local/lib/python3.7/site-packages/airflow/example_dags/example_xcomargs.py
[2022-11-11T14:34:57.516+0000] {processor.py:756} INFO - Processing file /home/airflow/.local/lib/python3.7/site-packages/airflow/example_dags/example_xcomargs.py for tasks to queue
[2022-11-11T14:34:57.517+0000] {logging_mixin.py:120} INFO - [2022-11-11T14:34:57.517+0000] {dagbag.py:537} INFO - Filling up the DagBag from /home/airflow/.local/lib/python3.7/site-packages/airflow/example_dags/example_xcomargs.py
[2022-11-11T14:34:57.551+0000] {processor.py:766} INFO - DAG(s) dict_keys(['example_xcom_args', 'example_xcom_args_with_operators']) retrieved from /home/airflow/.local/lib/python3.7/site-packages/airflow/example_dags/example_xcomargs.py
[2022-11-11T14:34:57.611+0000] {logging_mixin.py:120} INFO - [2022-11-11T14:34:57.611+0000] {dag.py:2585} INFO - Sync 2 DAGs
[2022-11-11T14:34:57.647+0000] {logging_mixin.py:120} INFO - [2022-11-11T14:34:57.647+0000] {dag.py:3340} INFO - Setting next_dagrun for example_xcom_args to None, run_after=None
[2022-11-11T14:34:57.651+0000] {logging_mixin.py:120} INFO - [2022-11-11T14:34:57.651+0000] {dag.py:3340} INFO - Setting next_dagrun for example_xcom_args_with_operators to None, run_after=None
[2022-11-11T14:34:57.673+0000] {processor.py:176} INFO - Processing /home/airflow/.local/lib/python3.7/site-packages/airflow/example_dags/example_xcomargs.py took 0.163 seconds
[2022-11-11T14:35:27.942+0000] {processor.py:154} INFO - Started process (PID=981) to work on /home/airflow/.local/lib/python3.7/site-packages/airflow/example_dags/example_xcomargs.py
[2022-11-11T14:35:27.943+0000] {processor.py:756} INFO - Processing file /home/airflow/.local/lib/python3.7/site-packages/airflow/example_dags/example_xcomargs.py for tasks to queue
[2022-11-11T14:35:27.944+0000] {logging_mixin.py:120} INFO - [2022-11-11T14:35:27.944+0000] {dagbag.py:537} INFO - Filling up the DagBag from /home/airflow/.local/lib/python3.7/site-packages/airflow/example_dags/example_xcomargs.py
[2022-11-11T14:35:27.977+0000] {processor.py:766} INFO - DAG(s) dict_keys(['example_xcom_args', 'example_xcom_args_with_operators']) retrieved from /home/airflow/.local/lib/python3.7/site-packages/airflow/example_dags/example_xcomargs.py
[2022-11-11T14:35:28.040+0000] {logging_mixin.py:120} INFO - [2022-11-11T14:35:28.040+0000] {dag.py:2585} INFO - Sync 2 DAGs
[2022-11-11T14:35:28.078+0000] {logging_mixin.py:120} INFO - [2022-11-11T14:35:28.078+0000] {dag.py:3340} INFO - Setting next_dagrun for example_xcom_args to None, run_after=None
[2022-11-11T14:35:28.082+0000] {logging_mixin.py:120} INFO - [2022-11-11T14:35:28.082+0000] {dag.py:3340} INFO - Setting next_dagrun for example_xcom_args_with_operators to None, run_after=None
[2022-11-11T14:35:28.103+0000] {processor.py:176} INFO - Processing /home/airflow/.local/lib/python3.7/site-packages/airflow/example_dags/example_xcomargs.py took 0.166 seconds
[2022-11-11T14:35:58.419+0000] {processor.py:154} INFO - Started process (PID=1038) to work on /home/airflow/.local/lib/python3.7/site-packages/airflow/example_dags/example_xcomargs.py
[2022-11-11T14:35:58.421+0000] {processor.py:756} INFO - Processing file /home/airflow/.local/lib/python3.7/site-packages/airflow/example_dags/example_xcomargs.py for tasks to queue
[2022-11-11T14:35:58.422+0000] {logging_mixin.py:120} INFO - [2022-11-11T14:35:58.422+0000] {dagbag.py:537} INFO - Filling up the DagBag from /home/airflow/.local/lib/python3.7/site-packages/airflow/example_dags/example_xcomargs.py
[2022-11-11T14:35:58.456+0000] {processor.py:766} INFO - DAG(s) dict_keys(['example_xcom_args', 'example_xcom_args_with_operators']) retrieved from /home/airflow/.local/lib/python3.7/site-packages/airflow/example_dags/example_xcomargs.py
[2022-11-11T14:35:58.519+0000] {logging_mixin.py:120} INFO - [2022-11-11T14:35:58.518+0000] {dag.py:2585} INFO - Sync 2 DAGs
[2022-11-11T14:35:58.552+0000] {logging_mixin.py:120} INFO - [2022-11-11T14:35:58.552+0000] {dag.py:3340} INFO - Setting next_dagrun for example_xcom_args to None, run_after=None
[2022-11-11T14:35:58.557+0000] {logging_mixin.py:120} INFO - [2022-11-11T14:35:58.556+0000] {dag.py:3340} INFO - Setting next_dagrun for example_xcom_args_with_operators to None, run_after=None
[2022-11-11T14:35:58.581+0000] {processor.py:176} INFO - Processing /home/airflow/.local/lib/python3.7/site-packages/airflow/example_dags/example_xcomargs.py took 0.170 seconds
[2022-11-11T14:36:28.907+0000] {processor.py:154} INFO - Started process (PID=1095) to work on /home/airflow/.local/lib/python3.7/site-packages/airflow/example_dags/example_xcomargs.py
[2022-11-11T14:36:28.909+0000] {processor.py:756} INFO - Processing file /home/airflow/.local/lib/python3.7/site-packages/airflow/example_dags/example_xcomargs.py for tasks to queue
[2022-11-11T14:36:28.910+0000] {logging_mixin.py:120} INFO - [2022-11-11T14:36:28.909+0000] {dagbag.py:537} INFO - Filling up the DagBag from /home/airflow/.local/lib/python3.7/site-packages/airflow/example_dags/example_xcomargs.py
[2022-11-11T14:36:28.944+0000] {processor.py:766} INFO - DAG(s) dict_keys(['example_xcom_args', 'example_xcom_args_with_operators']) retrieved from /home/airflow/.local/lib/python3.7/site-packages/airflow/example_dags/example_xcomargs.py
[2022-11-11T14:36:29.010+0000] {logging_mixin.py:120} INFO - [2022-11-11T14:36:29.010+0000] {dag.py:2585} INFO - Sync 2 DAGs
[2022-11-11T14:36:29.046+0000] {logging_mixin.py:120} INFO - [2022-11-11T14:36:29.046+0000] {dag.py:3340} INFO - Setting next_dagrun for example_xcom_args to None, run_after=None
[2022-11-11T14:36:29.050+0000] {logging_mixin.py:120} INFO - [2022-11-11T14:36:29.050+0000] {dag.py:3340} INFO - Setting next_dagrun for example_xcom_args_with_operators to None, run_after=None
[2022-11-11T14:36:29.085+0000] {processor.py:176} INFO - Processing /home/airflow/.local/lib/python3.7/site-packages/airflow/example_dags/example_xcomargs.py took 0.184 seconds
[2022-11-11T14:36:59.612+0000] {processor.py:154} INFO - Started process (PID=1152) to work on /home/airflow/.local/lib/python3.7/site-packages/airflow/example_dags/example_xcomargs.py
[2022-11-11T14:36:59.613+0000] {processor.py:756} INFO - Processing file /home/airflow/.local/lib/python3.7/site-packages/airflow/example_dags/example_xcomargs.py for tasks to queue
[2022-11-11T14:36:59.614+0000] {logging_mixin.py:120} INFO - [2022-11-11T14:36:59.614+0000] {dagbag.py:537} INFO - Filling up the DagBag from /home/airflow/.local/lib/python3.7/site-packages/airflow/example_dags/example_xcomargs.py
[2022-11-11T14:36:59.646+0000] {processor.py:766} INFO - DAG(s) dict_keys(['example_xcom_args_with_operators', 'example_xcom_args']) retrieved from /home/airflow/.local/lib/python3.7/site-packages/airflow/example_dags/example_xcomargs.py
[2022-11-11T14:36:59.705+0000] {logging_mixin.py:120} INFO - [2022-11-11T14:36:59.705+0000] {dag.py:2585} INFO - Sync 2 DAGs
[2022-11-11T14:36:59.740+0000] {logging_mixin.py:120} INFO - [2022-11-11T14:36:59.740+0000] {dag.py:3340} INFO - Setting next_dagrun for example_xcom_args to None, run_after=None
[2022-11-11T14:36:59.744+0000] {logging_mixin.py:120} INFO - [2022-11-11T14:36:59.744+0000] {dag.py:3340} INFO - Setting next_dagrun for example_xcom_args_with_operators to None, run_after=None
[2022-11-11T14:36:59.769+0000] {processor.py:176} INFO - Processing /home/airflow/.local/lib/python3.7/site-packages/airflow/example_dags/example_xcomargs.py took 0.164 seconds
[2022-11-11T14:37:30.151+0000] {processor.py:154} INFO - Started process (PID=1210) to work on /home/airflow/.local/lib/python3.7/site-packages/airflow/example_dags/example_xcomargs.py
[2022-11-11T14:37:30.153+0000] {processor.py:756} INFO - Processing file /home/airflow/.local/lib/python3.7/site-packages/airflow/example_dags/example_xcomargs.py for tasks to queue
[2022-11-11T14:37:30.154+0000] {logging_mixin.py:120} INFO - [2022-11-11T14:37:30.154+0000] {dagbag.py:537} INFO - Filling up the DagBag from /home/airflow/.local/lib/python3.7/site-packages/airflow/example_dags/example_xcomargs.py
[2022-11-11T14:37:30.194+0000] {processor.py:766} INFO - DAG(s) dict_keys(['example_xcom_args', 'example_xcom_args_with_operators']) retrieved from /home/airflow/.local/lib/python3.7/site-packages/airflow/example_dags/example_xcomargs.py
[2022-11-11T14:37:30.254+0000] {logging_mixin.py:120} INFO - [2022-11-11T14:37:30.254+0000] {dag.py:2585} INFO - Sync 2 DAGs
[2022-11-11T14:37:30.287+0000] {logging_mixin.py:120} INFO - [2022-11-11T14:37:30.287+0000] {dag.py:3340} INFO - Setting next_dagrun for example_xcom_args to None, run_after=None
[2022-11-11T14:37:30.291+0000] {logging_mixin.py:120} INFO - [2022-11-11T14:37:30.291+0000] {dag.py:3340} INFO - Setting next_dagrun for example_xcom_args_with_operators to None, run_after=None
[2022-11-11T14:37:30.313+0000] {processor.py:176} INFO - Processing /home/airflow/.local/lib/python3.7/site-packages/airflow/example_dags/example_xcomargs.py took 0.168 seconds
[2022-11-11T14:38:00.703+0000] {processor.py:154} INFO - Started process (PID=1268) to work on /home/airflow/.local/lib/python3.7/site-packages/airflow/example_dags/example_xcomargs.py
[2022-11-11T14:38:00.704+0000] {processor.py:756} INFO - Processing file /home/airflow/.local/lib/python3.7/site-packages/airflow/example_dags/example_xcomargs.py for tasks to queue
[2022-11-11T14:38:00.705+0000] {logging_mixin.py:120} INFO - [2022-11-11T14:38:00.705+0000] {dagbag.py:537} INFO - Filling up the DagBag from /home/airflow/.local/lib/python3.7/site-packages/airflow/example_dags/example_xcomargs.py
[2022-11-11T14:38:00.740+0000] {processor.py:766} INFO - DAG(s) dict_keys(['example_xcom_args_with_operators', 'example_xcom_args']) retrieved from /home/airflow/.local/lib/python3.7/site-packages/airflow/example_dags/example_xcomargs.py
[2022-11-11T14:38:00.804+0000] {logging_mixin.py:120} INFO - [2022-11-11T14:38:00.804+0000] {dag.py:2585} INFO - Sync 2 DAGs
[2022-11-11T14:38:00.838+0000] {logging_mixin.py:120} INFO - [2022-11-11T14:38:00.838+0000] {dag.py:3340} INFO - Setting next_dagrun for example_xcom_args to None, run_after=None
[2022-11-11T14:38:00.843+0000] {logging_mixin.py:120} INFO - [2022-11-11T14:38:00.843+0000] {dag.py:3340} INFO - Setting next_dagrun for example_xcom_args_with_operators to None, run_after=None
[2022-11-11T14:38:00.868+0000] {processor.py:176} INFO - Processing /home/airflow/.local/lib/python3.7/site-packages/airflow/example_dags/example_xcomargs.py took 0.171 seconds
[2022-11-11T14:38:31.053+0000] {processor.py:154} INFO - Started process (PID=1325) to work on /home/airflow/.local/lib/python3.7/site-packages/airflow/example_dags/example_xcomargs.py
[2022-11-11T14:38:31.054+0000] {processor.py:756} INFO - Processing file /home/airflow/.local/lib/python3.7/site-packages/airflow/example_dags/example_xcomargs.py for tasks to queue
[2022-11-11T14:38:31.055+0000] {logging_mixin.py:120} INFO - [2022-11-11T14:38:31.055+0000] {dagbag.py:537} INFO - Filling up the DagBag from /home/airflow/.local/lib/python3.7/site-packages/airflow/example_dags/example_xcomargs.py
[2022-11-11T14:38:31.089+0000] {processor.py:766} INFO - DAG(s) dict_keys(['example_xcom_args_with_operators', 'example_xcom_args']) retrieved from /home/airflow/.local/lib/python3.7/site-packages/airflow/example_dags/example_xcomargs.py
[2022-11-11T14:38:31.146+0000] {logging_mixin.py:120} INFO - [2022-11-11T14:38:31.146+0000] {dag.py:2585} INFO - Sync 2 DAGs
[2022-11-11T14:38:31.179+0000] {logging_mixin.py:120} INFO - [2022-11-11T14:38:31.179+0000] {dag.py:3340} INFO - Setting next_dagrun for example_xcom_args to None, run_after=None
[2022-11-11T14:38:31.184+0000] {logging_mixin.py:120} INFO - [2022-11-11T14:38:31.183+0000] {dag.py:3340} INFO - Setting next_dagrun for example_xcom_args_with_operators to None, run_after=None
[2022-11-11T14:38:31.207+0000] {processor.py:176} INFO - Processing /home/airflow/.local/lib/python3.7/site-packages/airflow/example_dags/example_xcomargs.py took 0.160 seconds
[2022-11-11T14:39:01.752+0000] {processor.py:154} INFO - Started process (PID=1380) to work on /home/airflow/.local/lib/python3.7/site-packages/airflow/example_dags/example_xcomargs.py
[2022-11-11T14:39:01.753+0000] {processor.py:756} INFO - Processing file /home/airflow/.local/lib/python3.7/site-packages/airflow/example_dags/example_xcomargs.py for tasks to queue
[2022-11-11T14:39:01.754+0000] {logging_mixin.py:120} INFO - [2022-11-11T14:39:01.754+0000] {dagbag.py:537} INFO - Filling up the DagBag from /home/airflow/.local/lib/python3.7/site-packages/airflow/example_dags/example_xcomargs.py
[2022-11-11T14:39:01.789+0000] {processor.py:766} INFO - DAG(s) dict_keys(['example_xcom_args', 'example_xcom_args_with_operators']) retrieved from /home/airflow/.local/lib/python3.7/site-packages/airflow/example_dags/example_xcomargs.py
[2022-11-11T14:39:01.851+0000] {logging_mixin.py:120} INFO - [2022-11-11T14:39:01.851+0000] {dag.py:2585} INFO - Sync 2 DAGs
[2022-11-11T14:39:01.888+0000] {logging_mixin.py:120} INFO - [2022-11-11T14:39:01.887+0000] {dag.py:3340} INFO - Setting next_dagrun for example_xcom_args to None, run_after=None
[2022-11-11T14:39:01.892+0000] {logging_mixin.py:120} INFO - [2022-11-11T14:39:01.892+0000] {dag.py:3340} INFO - Setting next_dagrun for example_xcom_args_with_operators to None, run_after=None
[2022-11-11T14:39:01.921+0000] {processor.py:176} INFO - Processing /home/airflow/.local/lib/python3.7/site-packages/airflow/example_dags/example_xcomargs.py took 0.175 seconds
[2022-11-11T14:39:32.405+0000] {processor.py:154} INFO - Started process (PID=1438) to work on /home/airflow/.local/lib/python3.7/site-packages/airflow/example_dags/example_xcomargs.py
[2022-11-11T14:39:32.406+0000] {processor.py:756} INFO - Processing file /home/airflow/.local/lib/python3.7/site-packages/airflow/example_dags/example_xcomargs.py for tasks to queue
[2022-11-11T14:39:32.407+0000] {logging_mixin.py:120} INFO - [2022-11-11T14:39:32.407+0000] {dagbag.py:537} INFO - Filling up the DagBag from /home/airflow/.local/lib/python3.7/site-packages/airflow/example_dags/example_xcomargs.py
[2022-11-11T14:39:32.441+0000] {processor.py:766} INFO - DAG(s) dict_keys(['example_xcom_args', 'example_xcom_args_with_operators']) retrieved from /home/airflow/.local/lib/python3.7/site-packages/airflow/example_dags/example_xcomargs.py
[2022-11-11T14:39:32.505+0000] {logging_mixin.py:120} INFO - [2022-11-11T14:39:32.505+0000] {dag.py:2585} INFO - Sync 2 DAGs
[2022-11-11T14:39:32.539+0000] {logging_mixin.py:120} INFO - [2022-11-11T14:39:32.539+0000] {dag.py:3340} INFO - Setting next_dagrun for example_xcom_args to None, run_after=None
[2022-11-11T14:39:32.543+0000] {logging_mixin.py:120} INFO - [2022-11-11T14:39:32.543+0000] {dag.py:3340} INFO - Setting next_dagrun for example_xcom_args_with_operators to None, run_after=None
[2022-11-11T14:39:32.568+0000] {processor.py:176} INFO - Processing /home/airflow/.local/lib/python3.7/site-packages/airflow/example_dags/example_xcomargs.py took 0.169 seconds
[2022-11-11T14:40:03.120+0000] {processor.py:154} INFO - Started process (PID=1494) to work on /home/airflow/.local/lib/python3.7/site-packages/airflow/example_dags/example_xcomargs.py
[2022-11-11T14:40:03.122+0000] {processor.py:756} INFO - Processing file /home/airflow/.local/lib/python3.7/site-packages/airflow/example_dags/example_xcomargs.py for tasks to queue
[2022-11-11T14:40:03.122+0000] {logging_mixin.py:120} INFO - [2022-11-11T14:40:03.122+0000] {dagbag.py:537} INFO - Filling up the DagBag from /home/airflow/.local/lib/python3.7/site-packages/airflow/example_dags/example_xcomargs.py
[2022-11-11T14:40:03.155+0000] {processor.py:766} INFO - DAG(s) dict_keys(['example_xcom_args_with_operators', 'example_xcom_args']) retrieved from /home/airflow/.local/lib/python3.7/site-packages/airflow/example_dags/example_xcomargs.py
[2022-11-11T14:40:03.214+0000] {logging_mixin.py:120} INFO - [2022-11-11T14:40:03.214+0000] {dag.py:2585} INFO - Sync 2 DAGs
[2022-11-11T14:40:03.248+0000] {logging_mixin.py:120} INFO - [2022-11-11T14:40:03.248+0000] {dag.py:3340} INFO - Setting next_dagrun for example_xcom_args to None, run_after=None
[2022-11-11T14:40:03.254+0000] {logging_mixin.py:120} INFO - [2022-11-11T14:40:03.254+0000] {dag.py:3340} INFO - Setting next_dagrun for example_xcom_args_with_operators to None, run_after=None
[2022-11-11T14:40:03.275+0000] {processor.py:176} INFO - Processing /home/airflow/.local/lib/python3.7/site-packages/airflow/example_dags/example_xcomargs.py took 0.159 seconds
[2022-11-11T14:40:33.573+0000] {processor.py:154} INFO - Started process (PID=1550) to work on /home/airflow/.local/lib/python3.7/site-packages/airflow/example_dags/example_xcomargs.py
[2022-11-11T14:40:33.574+0000] {processor.py:756} INFO - Processing file /home/airflow/.local/lib/python3.7/site-packages/airflow/example_dags/example_xcomargs.py for tasks to queue
[2022-11-11T14:40:33.575+0000] {logging_mixin.py:120} INFO - [2022-11-11T14:40:33.575+0000] {dagbag.py:537} INFO - Filling up the DagBag from /home/airflow/.local/lib/python3.7/site-packages/airflow/example_dags/example_xcomargs.py
[2022-11-11T14:40:33.608+0000] {processor.py:766} INFO - DAG(s) dict_keys(['example_xcom_args_with_operators', 'example_xcom_args']) retrieved from /home/airflow/.local/lib/python3.7/site-packages/airflow/example_dags/example_xcomargs.py
[2022-11-11T14:40:33.667+0000] {logging_mixin.py:120} INFO - [2022-11-11T14:40:33.667+0000] {dag.py:2585} INFO - Sync 2 DAGs
[2022-11-11T14:40:33.702+0000] {logging_mixin.py:120} INFO - [2022-11-11T14:40:33.701+0000] {dag.py:3340} INFO - Setting next_dagrun for example_xcom_args to None, run_after=None
[2022-11-11T14:40:33.706+0000] {logging_mixin.py:120} INFO - [2022-11-11T14:40:33.706+0000] {dag.py:3340} INFO - Setting next_dagrun for example_xcom_args_with_operators to None, run_after=None
[2022-11-11T14:40:33.735+0000] {processor.py:176} INFO - Processing /home/airflow/.local/lib/python3.7/site-packages/airflow/example_dags/example_xcomargs.py took 0.167 seconds
[2022-11-11T14:41:03.979+0000] {processor.py:154} INFO - Started process (PID=1606) to work on /home/airflow/.local/lib/python3.7/site-packages/airflow/example_dags/example_xcomargs.py
[2022-11-11T14:41:03.981+0000] {processor.py:756} INFO - Processing file /home/airflow/.local/lib/python3.7/site-packages/airflow/example_dags/example_xcomargs.py for tasks to queue
[2022-11-11T14:41:03.982+0000] {logging_mixin.py:120} INFO - [2022-11-11T14:41:03.982+0000] {dagbag.py:537} INFO - Filling up the DagBag from /home/airflow/.local/lib/python3.7/site-packages/airflow/example_dags/example_xcomargs.py
[2022-11-11T14:41:04.014+0000] {processor.py:766} INFO - DAG(s) dict_keys(['example_xcom_args_with_operators', 'example_xcom_args']) retrieved from /home/airflow/.local/lib/python3.7/site-packages/airflow/example_dags/example_xcomargs.py
[2022-11-11T14:41:04.071+0000] {logging_mixin.py:120} INFO - [2022-11-11T14:41:04.071+0000] {dag.py:2585} INFO - Sync 2 DAGs
[2022-11-11T14:41:04.106+0000] {logging_mixin.py:120} INFO - [2022-11-11T14:41:04.106+0000] {dag.py:3340} INFO - Setting next_dagrun for example_xcom_args to None, run_after=None
[2022-11-11T14:41:04.110+0000] {logging_mixin.py:120} INFO - [2022-11-11T14:41:04.110+0000] {dag.py:3340} INFO - Setting next_dagrun for example_xcom_args_with_operators to None, run_after=None
[2022-11-11T14:41:04.132+0000] {processor.py:176} INFO - Processing /home/airflow/.local/lib/python3.7/site-packages/airflow/example_dags/example_xcomargs.py took 0.158 seconds
[2022-11-11T14:41:34.711+0000] {processor.py:154} INFO - Started process (PID=1663) to work on /home/airflow/.local/lib/python3.7/site-packages/airflow/example_dags/example_xcomargs.py
[2022-11-11T14:41:34.712+0000] {processor.py:756} INFO - Processing file /home/airflow/.local/lib/python3.7/site-packages/airflow/example_dags/example_xcomargs.py for tasks to queue
[2022-11-11T14:41:34.713+0000] {logging_mixin.py:120} INFO - [2022-11-11T14:41:34.713+0000] {dagbag.py:537} INFO - Filling up the DagBag from /home/airflow/.local/lib/python3.7/site-packages/airflow/example_dags/example_xcomargs.py
[2022-11-11T14:41:34.748+0000] {processor.py:766} INFO - DAG(s) dict_keys(['example_xcom_args', 'example_xcom_args_with_operators']) retrieved from /home/airflow/.local/lib/python3.7/site-packages/airflow/example_dags/example_xcomargs.py
[2022-11-11T14:41:34.810+0000] {logging_mixin.py:120} INFO - [2022-11-11T14:41:34.810+0000] {dag.py:2585} INFO - Sync 2 DAGs
[2022-11-11T14:41:34.843+0000] {logging_mixin.py:120} INFO - [2022-11-11T14:41:34.842+0000] {dag.py:3340} INFO - Setting next_dagrun for example_xcom_args to None, run_after=None
[2022-11-11T14:41:34.847+0000] {logging_mixin.py:120} INFO - [2022-11-11T14:41:34.846+0000] {dag.py:3340} INFO - Setting next_dagrun for example_xcom_args_with_operators to None, run_after=None
[2022-11-11T14:41:34.872+0000] {processor.py:176} INFO - Processing /home/airflow/.local/lib/python3.7/site-packages/airflow/example_dags/example_xcomargs.py took 0.169 seconds
[2022-11-11T14:42:05.305+0000] {processor.py:154} INFO - Started process (PID=1722) to work on /home/airflow/.local/lib/python3.7/site-packages/airflow/example_dags/example_xcomargs.py
[2022-11-11T14:42:05.306+0000] {processor.py:756} INFO - Processing file /home/airflow/.local/lib/python3.7/site-packages/airflow/example_dags/example_xcomargs.py for tasks to queue
[2022-11-11T14:42:05.307+0000] {logging_mixin.py:120} INFO - [2022-11-11T14:42:05.307+0000] {dagbag.py:537} INFO - Filling up the DagBag from /home/airflow/.local/lib/python3.7/site-packages/airflow/example_dags/example_xcomargs.py
[2022-11-11T14:42:05.339+0000] {processor.py:766} INFO - DAG(s) dict_keys(['example_xcom_args_with_operators', 'example_xcom_args']) retrieved from /home/airflow/.local/lib/python3.7/site-packages/airflow/example_dags/example_xcomargs.py
[2022-11-11T14:42:05.403+0000] {logging_mixin.py:120} INFO - [2022-11-11T14:42:05.402+0000] {dag.py:2585} INFO - Sync 2 DAGs
[2022-11-11T14:42:05.445+0000] {logging_mixin.py:120} INFO - [2022-11-11T14:42:05.445+0000] {dag.py:3340} INFO - Setting next_dagrun for example_xcom_args to None, run_after=None
[2022-11-11T14:42:05.451+0000] {logging_mixin.py:120} INFO - [2022-11-11T14:42:05.450+0000] {dag.py:3340} INFO - Setting next_dagrun for example_xcom_args_with_operators to None, run_after=None
[2022-11-11T14:42:05.487+0000] {processor.py:176} INFO - Processing /home/airflow/.local/lib/python3.7/site-packages/airflow/example_dags/example_xcomargs.py took 0.187 seconds
[2022-11-11T14:42:35.629+0000] {processor.py:154} INFO - Started process (PID=1780) to work on /home/airflow/.local/lib/python3.7/site-packages/airflow/example_dags/example_xcomargs.py
[2022-11-11T14:42:35.630+0000] {processor.py:756} INFO - Processing file /home/airflow/.local/lib/python3.7/site-packages/airflow/example_dags/example_xcomargs.py for tasks to queue
[2022-11-11T14:42:35.632+0000] {logging_mixin.py:120} INFO - [2022-11-11T14:42:35.631+0000] {dagbag.py:537} INFO - Filling up the DagBag from /home/airflow/.local/lib/python3.7/site-packages/airflow/example_dags/example_xcomargs.py
[2022-11-11T14:42:35.664+0000] {processor.py:766} INFO - DAG(s) dict_keys(['example_xcom_args', 'example_xcom_args_with_operators']) retrieved from /home/airflow/.local/lib/python3.7/site-packages/airflow/example_dags/example_xcomargs.py
[2022-11-11T14:42:35.725+0000] {logging_mixin.py:120} INFO - [2022-11-11T14:42:35.725+0000] {dag.py:2585} INFO - Sync 2 DAGs
[2022-11-11T14:42:35.758+0000] {logging_mixin.py:120} INFO - [2022-11-11T14:42:35.758+0000] {dag.py:3340} INFO - Setting next_dagrun for example_xcom_args to None, run_after=None
[2022-11-11T14:42:35.762+0000] {logging_mixin.py:120} INFO - [2022-11-11T14:42:35.762+0000] {dag.py:3340} INFO - Setting next_dagrun for example_xcom_args_with_operators to None, run_after=None
[2022-11-11T14:42:35.785+0000] {processor.py:176} INFO - Processing /home/airflow/.local/lib/python3.7/site-packages/airflow/example_dags/example_xcomargs.py took 0.162 seconds
[2022-11-11T14:43:06.137+0000] {processor.py:154} INFO - Started process (PID=1838) to work on /home/airflow/.local/lib/python3.7/site-packages/airflow/example_dags/example_xcomargs.py
[2022-11-11T14:43:06.139+0000] {processor.py:756} INFO - Processing file /home/airflow/.local/lib/python3.7/site-packages/airflow/example_dags/example_xcomargs.py for tasks to queue
[2022-11-11T14:43:06.140+0000] {logging_mixin.py:120} INFO - [2022-11-11T14:43:06.140+0000] {dagbag.py:537} INFO - Filling up the DagBag from /home/airflow/.local/lib/python3.7/site-packages/airflow/example_dags/example_xcomargs.py
[2022-11-11T14:43:06.172+0000] {processor.py:766} INFO - DAG(s) dict_keys(['example_xcom_args', 'example_xcom_args_with_operators']) retrieved from /home/airflow/.local/lib/python3.7/site-packages/airflow/example_dags/example_xcomargs.py
[2022-11-11T14:43:06.230+0000] {logging_mixin.py:120} INFO - [2022-11-11T14:43:06.229+0000] {dag.py:2585} INFO - Sync 2 DAGs
[2022-11-11T14:43:06.264+0000] {logging_mixin.py:120} INFO - [2022-11-11T14:43:06.264+0000] {dag.py:3340} INFO - Setting next_dagrun for example_xcom_args to None, run_after=None
[2022-11-11T14:43:06.268+0000] {logging_mixin.py:120} INFO - [2022-11-11T14:43:06.268+0000] {dag.py:3340} INFO - Setting next_dagrun for example_xcom_args_with_operators to None, run_after=None
[2022-11-11T14:43:06.289+0000] {processor.py:176} INFO - Processing /home/airflow/.local/lib/python3.7/site-packages/airflow/example_dags/example_xcomargs.py took 0.156 seconds
[2022-11-11T14:43:36.856+0000] {processor.py:154} INFO - Started process (PID=1895) to work on /home/airflow/.local/lib/python3.7/site-packages/airflow/example_dags/example_xcomargs.py
[2022-11-11T14:43:36.857+0000] {processor.py:756} INFO - Processing file /home/airflow/.local/lib/python3.7/site-packages/airflow/example_dags/example_xcomargs.py for tasks to queue
[2022-11-11T14:43:36.858+0000] {logging_mixin.py:120} INFO - [2022-11-11T14:43:36.858+0000] {dagbag.py:537} INFO - Filling up the DagBag from /home/airflow/.local/lib/python3.7/site-packages/airflow/example_dags/example_xcomargs.py
[2022-11-11T14:43:36.890+0000] {processor.py:766} INFO - DAG(s) dict_keys(['example_xcom_args_with_operators', 'example_xcom_args']) retrieved from /home/airflow/.local/lib/python3.7/site-packages/airflow/example_dags/example_xcomargs.py
[2022-11-11T14:43:36.950+0000] {logging_mixin.py:120} INFO - [2022-11-11T14:43:36.950+0000] {dag.py:2585} INFO - Sync 2 DAGs
[2022-11-11T14:43:36.984+0000] {logging_mixin.py:120} INFO - [2022-11-11T14:43:36.984+0000] {dag.py:3340} INFO - Setting next_dagrun for example_xcom_args to None, run_after=None
[2022-11-11T14:43:36.989+0000] {logging_mixin.py:120} INFO - [2022-11-11T14:43:36.989+0000] {dag.py:3340} INFO - Setting next_dagrun for example_xcom_args_with_operators to None, run_after=None
[2022-11-11T14:43:37.010+0000] {processor.py:176} INFO - Processing /home/airflow/.local/lib/python3.7/site-packages/airflow/example_dags/example_xcomargs.py took 0.160 seconds
[2022-11-11T14:44:07.289+0000] {processor.py:154} INFO - Started process (PID=1952) to work on /home/airflow/.local/lib/python3.7/site-packages/airflow/example_dags/example_xcomargs.py
[2022-11-11T14:44:07.291+0000] {processor.py:756} INFO - Processing file /home/airflow/.local/lib/python3.7/site-packages/airflow/example_dags/example_xcomargs.py for tasks to queue
[2022-11-11T14:44:07.291+0000] {logging_mixin.py:120} INFO - [2022-11-11T14:44:07.291+0000] {dagbag.py:537} INFO - Filling up the DagBag from /home/airflow/.local/lib/python3.7/site-packages/airflow/example_dags/example_xcomargs.py
[2022-11-11T14:44:07.324+0000] {processor.py:766} INFO - DAG(s) dict_keys(['example_xcom_args', 'example_xcom_args_with_operators']) retrieved from /home/airflow/.local/lib/python3.7/site-packages/airflow/example_dags/example_xcomargs.py
[2022-11-11T14:44:07.383+0000] {logging_mixin.py:120} INFO - [2022-11-11T14:44:07.383+0000] {dag.py:2585} INFO - Sync 2 DAGs
[2022-11-11T14:44:07.414+0000] {logging_mixin.py:120} INFO - [2022-11-11T14:44:07.414+0000] {dag.py:3340} INFO - Setting next_dagrun for example_xcom_args to None, run_after=None
[2022-11-11T14:44:07.419+0000] {logging_mixin.py:120} INFO - [2022-11-11T14:44:07.418+0000] {dag.py:3340} INFO - Setting next_dagrun for example_xcom_args_with_operators to None, run_after=None
[2022-11-11T14:44:07.440+0000] {processor.py:176} INFO - Processing /home/airflow/.local/lib/python3.7/site-packages/airflow/example_dags/example_xcomargs.py took 0.156 seconds
