[2022-11-11T14:18:11.815+0000] {processor.py:154} INFO - Started process (PID=92) to work on /home/airflow/.local/lib/python3.7/site-packages/airflow/example_dags/example_latest_only_with_trigger.py
[2022-11-11T14:18:11.817+0000] {processor.py:756} INFO - Processing file /home/airflow/.local/lib/python3.7/site-packages/airflow/example_dags/example_latest_only_with_trigger.py for tasks to queue
[2022-11-11T14:18:11.818+0000] {logging_mixin.py:120} INFO - [2022-11-11T14:18:11.817+0000] {dagbag.py:537} INFO - Filling up the DagBag from /home/airflow/.local/lib/python3.7/site-packages/airflow/example_dags/example_latest_only_with_trigger.py
[2022-11-11T14:18:11.841+0000] {processor.py:766} INFO - DAG(s) dict_keys(['latest_only_with_trigger']) retrieved from /home/airflow/.local/lib/python3.7/site-packages/airflow/example_dags/example_latest_only_with_trigger.py
[2022-11-11T14:18:12.022+0000] {logging_mixin.py:120} INFO - [2022-11-11T14:18:12.022+0000] {manager.py:507} INFO - Created Permission View: can read on DAG:latest_only_with_trigger
[2022-11-11T14:18:12.035+0000] {logging_mixin.py:120} INFO - [2022-11-11T14:18:12.034+0000] {manager.py:507} INFO - Created Permission View: can edit on DAG:latest_only_with_trigger
[2022-11-11T14:18:12.044+0000] {logging_mixin.py:120} INFO - [2022-11-11T14:18:12.044+0000] {manager.py:507} INFO - Created Permission View: can delete on DAG:latest_only_with_trigger
[2022-11-11T14:18:12.045+0000] {logging_mixin.py:120} INFO - [2022-11-11T14:18:12.044+0000] {dag.py:2585} INFO - Sync 1 DAGs
[2022-11-11T14:18:12.064+0000] {logging_mixin.py:120} INFO - [2022-11-11T14:18:12.063+0000] {dag.py:2606} INFO - Creating ORM DAG for latest_only_with_trigger
[2022-11-11T14:18:12.079+0000] {logging_mixin.py:120} INFO - [2022-11-11T14:18:12.079+0000] {dag.py:3340} INFO - Setting next_dagrun for latest_only_with_trigger to 2022-11-11T10:18:12.079391+00:00, run_after=2022-11-11T14:18:12.079391+00:00
[2022-11-11T14:18:12.111+0000] {processor.py:176} INFO - Processing /home/airflow/.local/lib/python3.7/site-packages/airflow/example_dags/example_latest_only_with_trigger.py took 0.301 seconds
[2022-11-11T14:18:42.272+0000] {processor.py:154} INFO - Started process (PID=149) to work on /home/airflow/.local/lib/python3.7/site-packages/airflow/example_dags/example_latest_only_with_trigger.py
[2022-11-11T14:18:42.273+0000] {processor.py:756} INFO - Processing file /home/airflow/.local/lib/python3.7/site-packages/airflow/example_dags/example_latest_only_with_trigger.py for tasks to queue
[2022-11-11T14:18:42.277+0000] {logging_mixin.py:120} INFO - [2022-11-11T14:18:42.277+0000] {dagbag.py:537} INFO - Filling up the DagBag from /home/airflow/.local/lib/python3.7/site-packages/airflow/example_dags/example_latest_only_with_trigger.py
[2022-11-11T14:18:42.299+0000] {processor.py:766} INFO - DAG(s) dict_keys(['latest_only_with_trigger']) retrieved from /home/airflow/.local/lib/python3.7/site-packages/airflow/example_dags/example_latest_only_with_trigger.py
[2022-11-11T14:18:42.357+0000] {logging_mixin.py:120} INFO - [2022-11-11T14:18:42.357+0000] {dag.py:2585} INFO - Sync 1 DAGs
[2022-11-11T14:18:42.394+0000] {logging_mixin.py:120} INFO - [2022-11-11T14:18:42.394+0000] {dag.py:3340} INFO - Setting next_dagrun for latest_only_with_trigger to 2022-11-11T10:18:42.394057+00:00, run_after=2022-11-11T14:18:42.394057+00:00
[2022-11-11T14:18:42.421+0000] {processor.py:176} INFO - Processing /home/airflow/.local/lib/python3.7/site-packages/airflow/example_dags/example_latest_only_with_trigger.py took 0.154 seconds
[2022-11-11T14:19:12.530+0000] {processor.py:154} INFO - Started process (PID=207) to work on /home/airflow/.local/lib/python3.7/site-packages/airflow/example_dags/example_latest_only_with_trigger.py
[2022-11-11T14:19:12.531+0000] {processor.py:756} INFO - Processing file /home/airflow/.local/lib/python3.7/site-packages/airflow/example_dags/example_latest_only_with_trigger.py for tasks to queue
[2022-11-11T14:19:12.532+0000] {logging_mixin.py:120} INFO - [2022-11-11T14:19:12.532+0000] {dagbag.py:537} INFO - Filling up the DagBag from /home/airflow/.local/lib/python3.7/site-packages/airflow/example_dags/example_latest_only_with_trigger.py
[2022-11-11T14:19:12.556+0000] {processor.py:766} INFO - DAG(s) dict_keys(['latest_only_with_trigger']) retrieved from /home/airflow/.local/lib/python3.7/site-packages/airflow/example_dags/example_latest_only_with_trigger.py
[2022-11-11T14:19:12.636+0000] {logging_mixin.py:120} INFO - [2022-11-11T14:19:12.636+0000] {dag.py:2585} INFO - Sync 1 DAGs
[2022-11-11T14:19:12.674+0000] {logging_mixin.py:120} INFO - [2022-11-11T14:19:12.673+0000] {dag.py:3340} INFO - Setting next_dagrun for latest_only_with_trigger to 2022-11-11T10:19:12.673482+00:00, run_after=2022-11-11T14:19:12.673482+00:00
[2022-11-11T14:19:12.703+0000] {processor.py:176} INFO - Processing /home/airflow/.local/lib/python3.7/site-packages/airflow/example_dags/example_latest_only_with_trigger.py took 0.179 seconds
[2022-11-11T14:19:43.390+0000] {processor.py:154} INFO - Started process (PID=263) to work on /home/airflow/.local/lib/python3.7/site-packages/airflow/example_dags/example_latest_only_with_trigger.py
[2022-11-11T14:19:43.391+0000] {processor.py:756} INFO - Processing file /home/airflow/.local/lib/python3.7/site-packages/airflow/example_dags/example_latest_only_with_trigger.py for tasks to queue
[2022-11-11T14:19:43.393+0000] {logging_mixin.py:120} INFO - [2022-11-11T14:19:43.393+0000] {dagbag.py:537} INFO - Filling up the DagBag from /home/airflow/.local/lib/python3.7/site-packages/airflow/example_dags/example_latest_only_with_trigger.py
[2022-11-11T14:19:43.414+0000] {processor.py:766} INFO - DAG(s) dict_keys(['latest_only_with_trigger']) retrieved from /home/airflow/.local/lib/python3.7/site-packages/airflow/example_dags/example_latest_only_with_trigger.py
[2022-11-11T14:19:43.473+0000] {logging_mixin.py:120} INFO - [2022-11-11T14:19:43.473+0000] {dag.py:2585} INFO - Sync 1 DAGs
[2022-11-11T14:19:43.517+0000] {logging_mixin.py:120} INFO - [2022-11-11T14:19:43.517+0000] {dag.py:3340} INFO - Setting next_dagrun for latest_only_with_trigger to 2022-11-11T10:19:43.517001+00:00, run_after=2022-11-11T14:19:43.517001+00:00
[2022-11-11T14:19:43.548+0000] {processor.py:176} INFO - Processing /home/airflow/.local/lib/python3.7/site-packages/airflow/example_dags/example_latest_only_with_trigger.py took 0.164 seconds
[2022-11-11T14:22:49.832+0000] {processor.py:154} INFO - Started process (PID=80) to work on /home/airflow/.local/lib/python3.7/site-packages/airflow/example_dags/example_latest_only_with_trigger.py
[2022-11-11T14:22:49.834+0000] {processor.py:756} INFO - Processing file /home/airflow/.local/lib/python3.7/site-packages/airflow/example_dags/example_latest_only_with_trigger.py for tasks to queue
[2022-11-11T14:22:49.835+0000] {logging_mixin.py:120} INFO - [2022-11-11T14:22:49.834+0000] {dagbag.py:537} INFO - Filling up the DagBag from /home/airflow/.local/lib/python3.7/site-packages/airflow/example_dags/example_latest_only_with_trigger.py
[2022-11-11T14:22:49.858+0000] {processor.py:766} INFO - DAG(s) dict_keys(['latest_only_with_trigger']) retrieved from /home/airflow/.local/lib/python3.7/site-packages/airflow/example_dags/example_latest_only_with_trigger.py
[2022-11-11T14:22:49.918+0000] {logging_mixin.py:120} INFO - [2022-11-11T14:22:49.918+0000] {dag.py:2585} INFO - Sync 1 DAGs
[2022-11-11T14:22:49.954+0000] {logging_mixin.py:120} INFO - [2022-11-11T14:22:49.954+0000] {dag.py:3340} INFO - Setting next_dagrun for latest_only_with_trigger to 2022-11-11T10:22:49.953811+00:00, run_after=2022-11-11T14:22:49.953811+00:00
[2022-11-11T14:22:50.395+0000] {processor.py:176} INFO - Processing /home/airflow/.local/lib/python3.7/site-packages/airflow/example_dags/example_latest_only_with_trigger.py took 0.568 seconds
[2022-11-11T14:23:20.547+0000] {processor.py:154} INFO - Started process (PID=136) to work on /home/airflow/.local/lib/python3.7/site-packages/airflow/example_dags/example_latest_only_with_trigger.py
[2022-11-11T14:23:20.549+0000] {processor.py:756} INFO - Processing file /home/airflow/.local/lib/python3.7/site-packages/airflow/example_dags/example_latest_only_with_trigger.py for tasks to queue
[2022-11-11T14:23:20.550+0000] {logging_mixin.py:120} INFO - [2022-11-11T14:23:20.550+0000] {dagbag.py:537} INFO - Filling up the DagBag from /home/airflow/.local/lib/python3.7/site-packages/airflow/example_dags/example_latest_only_with_trigger.py
[2022-11-11T14:23:20.573+0000] {processor.py:766} INFO - DAG(s) dict_keys(['latest_only_with_trigger']) retrieved from /home/airflow/.local/lib/python3.7/site-packages/airflow/example_dags/example_latest_only_with_trigger.py
[2022-11-11T14:23:20.642+0000] {logging_mixin.py:120} INFO - [2022-11-11T14:23:20.642+0000] {dag.py:2585} INFO - Sync 1 DAGs
[2022-11-11T14:23:20.683+0000] {logging_mixin.py:120} INFO - [2022-11-11T14:23:20.682+0000] {dag.py:3340} INFO - Setting next_dagrun for latest_only_with_trigger to 2022-11-11T10:23:20.682481+00:00, run_after=2022-11-11T14:23:20.682481+00:00
[2022-11-11T14:23:20.713+0000] {processor.py:176} INFO - Processing /home/airflow/.local/lib/python3.7/site-packages/airflow/example_dags/example_latest_only_with_trigger.py took 0.171 seconds
[2022-11-11T14:24:42.304+0000] {processor.py:154} INFO - Started process (PID=81) to work on /home/airflow/.local/lib/python3.7/site-packages/airflow/example_dags/example_latest_only_with_trigger.py
[2022-11-11T14:24:42.306+0000] {processor.py:756} INFO - Processing file /home/airflow/.local/lib/python3.7/site-packages/airflow/example_dags/example_latest_only_with_trigger.py for tasks to queue
[2022-11-11T14:24:42.307+0000] {logging_mixin.py:120} INFO - [2022-11-11T14:24:42.306+0000] {dagbag.py:537} INFO - Filling up the DagBag from /home/airflow/.local/lib/python3.7/site-packages/airflow/example_dags/example_latest_only_with_trigger.py
[2022-11-11T14:24:42.329+0000] {processor.py:766} INFO - DAG(s) dict_keys(['latest_only_with_trigger']) retrieved from /home/airflow/.local/lib/python3.7/site-packages/airflow/example_dags/example_latest_only_with_trigger.py
[2022-11-11T14:24:42.389+0000] {logging_mixin.py:120} INFO - [2022-11-11T14:24:42.389+0000] {dag.py:2585} INFO - Sync 1 DAGs
[2022-11-11T14:24:42.423+0000] {logging_mixin.py:120} INFO - [2022-11-11T14:24:42.423+0000] {dag.py:3340} INFO - Setting next_dagrun for latest_only_with_trigger to 2022-11-11T10:24:42.422945+00:00, run_after=2022-11-11T14:24:42.422945+00:00
[2022-11-11T14:24:42.448+0000] {processor.py:176} INFO - Processing /home/airflow/.local/lib/python3.7/site-packages/airflow/example_dags/example_latest_only_with_trigger.py took 0.149 seconds
[2022-11-11T14:27:18.171+0000] {processor.py:154} INFO - Started process (PID=81) to work on /home/airflow/.local/lib/python3.7/site-packages/airflow/example_dags/example_latest_only_with_trigger.py
[2022-11-11T14:27:18.173+0000] {processor.py:756} INFO - Processing file /home/airflow/.local/lib/python3.7/site-packages/airflow/example_dags/example_latest_only_with_trigger.py for tasks to queue
[2022-11-11T14:27:18.174+0000] {logging_mixin.py:120} INFO - [2022-11-11T14:27:18.174+0000] {dagbag.py:537} INFO - Filling up the DagBag from /home/airflow/.local/lib/python3.7/site-packages/airflow/example_dags/example_latest_only_with_trigger.py
[2022-11-11T14:27:18.198+0000] {processor.py:766} INFO - DAG(s) dict_keys(['latest_only_with_trigger']) retrieved from /home/airflow/.local/lib/python3.7/site-packages/airflow/example_dags/example_latest_only_with_trigger.py
[2022-11-11T14:27:18.265+0000] {logging_mixin.py:120} INFO - [2022-11-11T14:27:18.265+0000] {dag.py:2585} INFO - Sync 1 DAGs
[2022-11-11T14:27:18.314+0000] {logging_mixin.py:120} INFO - [2022-11-11T14:27:18.314+0000] {dag.py:3340} INFO - Setting next_dagrun for latest_only_with_trigger to 2022-11-11T10:27:18.313587+00:00, run_after=2022-11-11T14:27:18.313587+00:00
[2022-11-11T14:27:18.342+0000] {processor.py:176} INFO - Processing /home/airflow/.local/lib/python3.7/site-packages/airflow/example_dags/example_latest_only_with_trigger.py took 0.176 seconds
[2022-11-11T14:27:55.016+0000] {processor.py:154} INFO - Started process (PID=138) to work on /home/airflow/.local/lib/python3.7/site-packages/airflow/example_dags/example_latest_only_with_trigger.py
[2022-11-11T14:27:55.017+0000] {processor.py:756} INFO - Processing file /home/airflow/.local/lib/python3.7/site-packages/airflow/example_dags/example_latest_only_with_trigger.py for tasks to queue
[2022-11-11T14:27:55.018+0000] {logging_mixin.py:120} INFO - [2022-11-11T14:27:55.018+0000] {dagbag.py:537} INFO - Filling up the DagBag from /home/airflow/.local/lib/python3.7/site-packages/airflow/example_dags/example_latest_only_with_trigger.py
[2022-11-11T14:27:55.039+0000] {processor.py:766} INFO - DAG(s) dict_keys(['latest_only_with_trigger']) retrieved from /home/airflow/.local/lib/python3.7/site-packages/airflow/example_dags/example_latest_only_with_trigger.py
[2022-11-11T14:27:55.097+0000] {logging_mixin.py:120} INFO - [2022-11-11T14:27:55.097+0000] {dag.py:2585} INFO - Sync 1 DAGs
[2022-11-11T14:27:55.134+0000] {logging_mixin.py:120} INFO - [2022-11-11T14:27:55.133+0000] {dag.py:3340} INFO - Setting next_dagrun for latest_only_with_trigger to 2022-11-11T10:27:55.133536+00:00, run_after=2022-11-11T14:27:55.133536+00:00
[2022-11-11T14:27:55.157+0000] {processor.py:176} INFO - Processing /home/airflow/.local/lib/python3.7/site-packages/airflow/example_dags/example_latest_only_with_trigger.py took 0.147 seconds
[2022-11-11T14:28:26.289+0000] {processor.py:154} INFO - Started process (PID=205) to work on /home/airflow/.local/lib/python3.7/site-packages/airflow/example_dags/example_latest_only_with_trigger.py
[2022-11-11T14:28:26.290+0000] {processor.py:756} INFO - Processing file /home/airflow/.local/lib/python3.7/site-packages/airflow/example_dags/example_latest_only_with_trigger.py for tasks to queue
[2022-11-11T14:28:26.291+0000] {logging_mixin.py:120} INFO - [2022-11-11T14:28:26.291+0000] {dagbag.py:537} INFO - Filling up the DagBag from /home/airflow/.local/lib/python3.7/site-packages/airflow/example_dags/example_latest_only_with_trigger.py
[2022-11-11T14:28:26.313+0000] {processor.py:766} INFO - DAG(s) dict_keys(['latest_only_with_trigger']) retrieved from /home/airflow/.local/lib/python3.7/site-packages/airflow/example_dags/example_latest_only_with_trigger.py
[2022-11-11T14:28:26.369+0000] {logging_mixin.py:120} INFO - [2022-11-11T14:28:26.369+0000] {dag.py:2585} INFO - Sync 1 DAGs
[2022-11-11T14:28:26.405+0000] {logging_mixin.py:120} INFO - [2022-11-11T14:28:26.404+0000] {dag.py:3340} INFO - Setting next_dagrun for latest_only_with_trigger to 2022-11-11T10:28:26.404550+00:00, run_after=2022-11-11T14:28:26.404550+00:00
[2022-11-11T14:28:26.452+0000] {processor.py:176} INFO - Processing /home/airflow/.local/lib/python3.7/site-packages/airflow/example_dags/example_latest_only_with_trigger.py took 0.169 seconds
[2022-11-11T14:28:56.659+0000] {processor.py:154} INFO - Started process (PID=263) to work on /home/airflow/.local/lib/python3.7/site-packages/airflow/example_dags/example_latest_only_with_trigger.py
[2022-11-11T14:28:56.660+0000] {processor.py:756} INFO - Processing file /home/airflow/.local/lib/python3.7/site-packages/airflow/example_dags/example_latest_only_with_trigger.py for tasks to queue
[2022-11-11T14:28:56.661+0000] {logging_mixin.py:120} INFO - [2022-11-11T14:28:56.661+0000] {dagbag.py:537} INFO - Filling up the DagBag from /home/airflow/.local/lib/python3.7/site-packages/airflow/example_dags/example_latest_only_with_trigger.py
[2022-11-11T14:28:56.684+0000] {processor.py:766} INFO - DAG(s) dict_keys(['latest_only_with_trigger']) retrieved from /home/airflow/.local/lib/python3.7/site-packages/airflow/example_dags/example_latest_only_with_trigger.py
[2022-11-11T14:28:56.741+0000] {logging_mixin.py:120} INFO - [2022-11-11T14:28:56.741+0000] {dag.py:2585} INFO - Sync 1 DAGs
[2022-11-11T14:28:56.781+0000] {logging_mixin.py:120} INFO - [2022-11-11T14:28:56.781+0000] {dag.py:3340} INFO - Setting next_dagrun for latest_only_with_trigger to 2022-11-11T10:28:56.780891+00:00, run_after=2022-11-11T14:28:56.780891+00:00
[2022-11-11T14:28:56.812+0000] {processor.py:176} INFO - Processing /home/airflow/.local/lib/python3.7/site-packages/airflow/example_dags/example_latest_only_with_trigger.py took 0.158 seconds
[2022-11-11T14:29:27.443+0000] {processor.py:154} INFO - Started process (PID=320) to work on /home/airflow/.local/lib/python3.7/site-packages/airflow/example_dags/example_latest_only_with_trigger.py
[2022-11-11T14:29:27.445+0000] {processor.py:756} INFO - Processing file /home/airflow/.local/lib/python3.7/site-packages/airflow/example_dags/example_latest_only_with_trigger.py for tasks to queue
[2022-11-11T14:29:27.445+0000] {logging_mixin.py:120} INFO - [2022-11-11T14:29:27.445+0000] {dagbag.py:537} INFO - Filling up the DagBag from /home/airflow/.local/lib/python3.7/site-packages/airflow/example_dags/example_latest_only_with_trigger.py
[2022-11-11T14:29:27.467+0000] {processor.py:766} INFO - DAG(s) dict_keys(['latest_only_with_trigger']) retrieved from /home/airflow/.local/lib/python3.7/site-packages/airflow/example_dags/example_latest_only_with_trigger.py
[2022-11-11T14:29:27.523+0000] {logging_mixin.py:120} INFO - [2022-11-11T14:29:27.523+0000] {dag.py:2585} INFO - Sync 1 DAGs
[2022-11-11T14:29:27.558+0000] {logging_mixin.py:120} INFO - [2022-11-11T14:29:27.557+0000] {dag.py:3340} INFO - Setting next_dagrun for latest_only_with_trigger to 2022-11-11T10:29:27.557512+00:00, run_after=2022-11-11T14:29:27.557512+00:00
[2022-11-11T14:29:27.582+0000] {processor.py:176} INFO - Processing /home/airflow/.local/lib/python3.7/site-packages/airflow/example_dags/example_latest_only_with_trigger.py took 0.144 seconds
[2022-11-11T14:29:57.868+0000] {processor.py:154} INFO - Started process (PID=377) to work on /home/airflow/.local/lib/python3.7/site-packages/airflow/example_dags/example_latest_only_with_trigger.py
[2022-11-11T14:29:57.870+0000] {processor.py:756} INFO - Processing file /home/airflow/.local/lib/python3.7/site-packages/airflow/example_dags/example_latest_only_with_trigger.py for tasks to queue
[2022-11-11T14:29:57.870+0000] {logging_mixin.py:120} INFO - [2022-11-11T14:29:57.870+0000] {dagbag.py:537} INFO - Filling up the DagBag from /home/airflow/.local/lib/python3.7/site-packages/airflow/example_dags/example_latest_only_with_trigger.py
[2022-11-11T14:29:57.891+0000] {processor.py:766} INFO - DAG(s) dict_keys(['latest_only_with_trigger']) retrieved from /home/airflow/.local/lib/python3.7/site-packages/airflow/example_dags/example_latest_only_with_trigger.py
[2022-11-11T14:29:57.947+0000] {logging_mixin.py:120} INFO - [2022-11-11T14:29:57.947+0000] {dag.py:2585} INFO - Sync 1 DAGs
[2022-11-11T14:29:57.979+0000] {logging_mixin.py:120} INFO - [2022-11-11T14:29:57.979+0000] {dag.py:3340} INFO - Setting next_dagrun for latest_only_with_trigger to 2022-11-11T10:29:57.979447+00:00, run_after=2022-11-11T14:29:57.979447+00:00
[2022-11-11T14:29:58.005+0000] {processor.py:176} INFO - Processing /home/airflow/.local/lib/python3.7/site-packages/airflow/example_dags/example_latest_only_with_trigger.py took 0.143 seconds
[2022-11-11T14:30:28.497+0000] {processor.py:154} INFO - Started process (PID=434) to work on /home/airflow/.local/lib/python3.7/site-packages/airflow/example_dags/example_latest_only_with_trigger.py
[2022-11-11T14:30:28.499+0000] {processor.py:756} INFO - Processing file /home/airflow/.local/lib/python3.7/site-packages/airflow/example_dags/example_latest_only_with_trigger.py for tasks to queue
[2022-11-11T14:30:28.500+0000] {logging_mixin.py:120} INFO - [2022-11-11T14:30:28.499+0000] {dagbag.py:537} INFO - Filling up the DagBag from /home/airflow/.local/lib/python3.7/site-packages/airflow/example_dags/example_latest_only_with_trigger.py
[2022-11-11T14:30:28.523+0000] {processor.py:766} INFO - DAG(s) dict_keys(['latest_only_with_trigger']) retrieved from /home/airflow/.local/lib/python3.7/site-packages/airflow/example_dags/example_latest_only_with_trigger.py
[2022-11-11T14:30:28.586+0000] {logging_mixin.py:120} INFO - [2022-11-11T14:30:28.586+0000] {dag.py:2585} INFO - Sync 1 DAGs
[2022-11-11T14:30:28.621+0000] {logging_mixin.py:120} INFO - [2022-11-11T14:30:28.621+0000] {dag.py:3340} INFO - Setting next_dagrun for latest_only_with_trigger to 2022-11-11T10:30:28.621317+00:00, run_after=2022-11-11T14:30:28.621317+00:00
[2022-11-11T14:30:28.649+0000] {processor.py:176} INFO - Processing /home/airflow/.local/lib/python3.7/site-packages/airflow/example_dags/example_latest_only_with_trigger.py took 0.158 seconds
[2022-11-11T14:30:59.155+0000] {processor.py:154} INFO - Started process (PID=491) to work on /home/airflow/.local/lib/python3.7/site-packages/airflow/example_dags/example_latest_only_with_trigger.py
[2022-11-11T14:30:59.156+0000] {processor.py:756} INFO - Processing file /home/airflow/.local/lib/python3.7/site-packages/airflow/example_dags/example_latest_only_with_trigger.py for tasks to queue
[2022-11-11T14:30:59.157+0000] {logging_mixin.py:120} INFO - [2022-11-11T14:30:59.157+0000] {dagbag.py:537} INFO - Filling up the DagBag from /home/airflow/.local/lib/python3.7/site-packages/airflow/example_dags/example_latest_only_with_trigger.py
[2022-11-11T14:30:59.180+0000] {processor.py:766} INFO - DAG(s) dict_keys(['latest_only_with_trigger']) retrieved from /home/airflow/.local/lib/python3.7/site-packages/airflow/example_dags/example_latest_only_with_trigger.py
[2022-11-11T14:30:59.235+0000] {logging_mixin.py:120} INFO - [2022-11-11T14:30:59.234+0000] {dag.py:2585} INFO - Sync 1 DAGs
[2022-11-11T14:30:59.270+0000] {logging_mixin.py:120} INFO - [2022-11-11T14:30:59.270+0000] {dag.py:3340} INFO - Setting next_dagrun for latest_only_with_trigger to 2022-11-11T10:30:59.269896+00:00, run_after=2022-11-11T14:30:59.269896+00:00
[2022-11-11T14:30:59.295+0000] {processor.py:176} INFO - Processing /home/airflow/.local/lib/python3.7/site-packages/airflow/example_dags/example_latest_only_with_trigger.py took 0.145 seconds
[2022-11-11T14:31:29.491+0000] {processor.py:154} INFO - Started process (PID=549) to work on /home/airflow/.local/lib/python3.7/site-packages/airflow/example_dags/example_latest_only_with_trigger.py
[2022-11-11T14:31:29.492+0000] {processor.py:756} INFO - Processing file /home/airflow/.local/lib/python3.7/site-packages/airflow/example_dags/example_latest_only_with_trigger.py for tasks to queue
[2022-11-11T14:31:29.493+0000] {logging_mixin.py:120} INFO - [2022-11-11T14:31:29.493+0000] {dagbag.py:537} INFO - Filling up the DagBag from /home/airflow/.local/lib/python3.7/site-packages/airflow/example_dags/example_latest_only_with_trigger.py
[2022-11-11T14:31:29.515+0000] {processor.py:766} INFO - DAG(s) dict_keys(['latest_only_with_trigger']) retrieved from /home/airflow/.local/lib/python3.7/site-packages/airflow/example_dags/example_latest_only_with_trigger.py
[2022-11-11T14:31:29.569+0000] {logging_mixin.py:120} INFO - [2022-11-11T14:31:29.569+0000] {dag.py:2585} INFO - Sync 1 DAGs
[2022-11-11T14:31:29.604+0000] {logging_mixin.py:120} INFO - [2022-11-11T14:31:29.604+0000] {dag.py:3340} INFO - Setting next_dagrun for latest_only_with_trigger to 2022-11-11T10:31:29.604279+00:00, run_after=2022-11-11T14:31:29.604279+00:00
[2022-11-11T14:31:29.629+0000] {processor.py:176} INFO - Processing /home/airflow/.local/lib/python3.7/site-packages/airflow/example_dags/example_latest_only_with_trigger.py took 0.143 seconds
[2022-11-11T14:31:59.927+0000] {processor.py:154} INFO - Started process (PID=606) to work on /home/airflow/.local/lib/python3.7/site-packages/airflow/example_dags/example_latest_only_with_trigger.py
[2022-11-11T14:31:59.928+0000] {processor.py:756} INFO - Processing file /home/airflow/.local/lib/python3.7/site-packages/airflow/example_dags/example_latest_only_with_trigger.py for tasks to queue
[2022-11-11T14:31:59.929+0000] {logging_mixin.py:120} INFO - [2022-11-11T14:31:59.929+0000] {dagbag.py:537} INFO - Filling up the DagBag from /home/airflow/.local/lib/python3.7/site-packages/airflow/example_dags/example_latest_only_with_trigger.py
[2022-11-11T14:31:59.954+0000] {processor.py:766} INFO - DAG(s) dict_keys(['latest_only_with_trigger']) retrieved from /home/airflow/.local/lib/python3.7/site-packages/airflow/example_dags/example_latest_only_with_trigger.py
[2022-11-11T14:32:00.010+0000] {logging_mixin.py:120} INFO - [2022-11-11T14:32:00.010+0000] {dag.py:2585} INFO - Sync 1 DAGs
[2022-11-11T14:32:00.046+0000] {logging_mixin.py:120} INFO - [2022-11-11T14:32:00.046+0000] {dag.py:3340} INFO - Setting next_dagrun for latest_only_with_trigger to 2022-11-11T10:32:00.046281+00:00, run_after=2022-11-11T14:32:00.046281+00:00
[2022-11-11T14:32:00.073+0000] {processor.py:176} INFO - Processing /home/airflow/.local/lib/python3.7/site-packages/airflow/example_dags/example_latest_only_with_trigger.py took 0.151 seconds
[2022-11-11T14:32:30.585+0000] {processor.py:154} INFO - Started process (PID=661) to work on /home/airflow/.local/lib/python3.7/site-packages/airflow/example_dags/example_latest_only_with_trigger.py
[2022-11-11T14:32:30.586+0000] {processor.py:756} INFO - Processing file /home/airflow/.local/lib/python3.7/site-packages/airflow/example_dags/example_latest_only_with_trigger.py for tasks to queue
[2022-11-11T14:32:30.587+0000] {logging_mixin.py:120} INFO - [2022-11-11T14:32:30.587+0000] {dagbag.py:537} INFO - Filling up the DagBag from /home/airflow/.local/lib/python3.7/site-packages/airflow/example_dags/example_latest_only_with_trigger.py
[2022-11-11T14:32:30.609+0000] {processor.py:766} INFO - DAG(s) dict_keys(['latest_only_with_trigger']) retrieved from /home/airflow/.local/lib/python3.7/site-packages/airflow/example_dags/example_latest_only_with_trigger.py
[2022-11-11T14:32:30.667+0000] {logging_mixin.py:120} INFO - [2022-11-11T14:32:30.667+0000] {dag.py:2585} INFO - Sync 1 DAGs
[2022-11-11T14:32:30.704+0000] {logging_mixin.py:120} INFO - [2022-11-11T14:32:30.704+0000] {dag.py:3340} INFO - Setting next_dagrun for latest_only_with_trigger to 2022-11-11T10:32:30.703769+00:00, run_after=2022-11-11T14:32:30.703769+00:00
[2022-11-11T14:32:30.739+0000] {processor.py:176} INFO - Processing /home/airflow/.local/lib/python3.7/site-packages/airflow/example_dags/example_latest_only_with_trigger.py took 0.160 seconds
[2022-11-11T14:33:01.040+0000] {processor.py:154} INFO - Started process (PID=721) to work on /home/airflow/.local/lib/python3.7/site-packages/airflow/example_dags/example_latest_only_with_trigger.py
[2022-11-11T14:33:01.041+0000] {processor.py:756} INFO - Processing file /home/airflow/.local/lib/python3.7/site-packages/airflow/example_dags/example_latest_only_with_trigger.py for tasks to queue
[2022-11-11T14:33:01.042+0000] {logging_mixin.py:120} INFO - [2022-11-11T14:33:01.042+0000] {dagbag.py:537} INFO - Filling up the DagBag from /home/airflow/.local/lib/python3.7/site-packages/airflow/example_dags/example_latest_only_with_trigger.py
[2022-11-11T14:33:01.063+0000] {processor.py:766} INFO - DAG(s) dict_keys(['latest_only_with_trigger']) retrieved from /home/airflow/.local/lib/python3.7/site-packages/airflow/example_dags/example_latest_only_with_trigger.py
[2022-11-11T14:33:01.119+0000] {logging_mixin.py:120} INFO - [2022-11-11T14:33:01.119+0000] {dag.py:2585} INFO - Sync 1 DAGs
[2022-11-11T14:33:01.154+0000] {logging_mixin.py:120} INFO - [2022-11-11T14:33:01.153+0000] {dag.py:3340} INFO - Setting next_dagrun for latest_only_with_trigger to 2022-11-11T10:33:01.153579+00:00, run_after=2022-11-11T14:33:01.153579+00:00
[2022-11-11T14:33:01.177+0000] {processor.py:176} INFO - Processing /home/airflow/.local/lib/python3.7/site-packages/airflow/example_dags/example_latest_only_with_trigger.py took 0.142 seconds
[2022-11-11T14:33:31.636+0000] {processor.py:154} INFO - Started process (PID=776) to work on /home/airflow/.local/lib/python3.7/site-packages/airflow/example_dags/example_latest_only_with_trigger.py
[2022-11-11T14:33:31.637+0000] {processor.py:756} INFO - Processing file /home/airflow/.local/lib/python3.7/site-packages/airflow/example_dags/example_latest_only_with_trigger.py for tasks to queue
[2022-11-11T14:33:31.638+0000] {logging_mixin.py:120} INFO - [2022-11-11T14:33:31.638+0000] {dagbag.py:537} INFO - Filling up the DagBag from /home/airflow/.local/lib/python3.7/site-packages/airflow/example_dags/example_latest_only_with_trigger.py
[2022-11-11T14:33:31.660+0000] {processor.py:766} INFO - DAG(s) dict_keys(['latest_only_with_trigger']) retrieved from /home/airflow/.local/lib/python3.7/site-packages/airflow/example_dags/example_latest_only_with_trigger.py
[2022-11-11T14:33:31.727+0000] {logging_mixin.py:120} INFO - [2022-11-11T14:33:31.726+0000] {dag.py:2585} INFO - Sync 1 DAGs
[2022-11-11T14:33:31.768+0000] {logging_mixin.py:120} INFO - [2022-11-11T14:33:31.768+0000] {dag.py:3340} INFO - Setting next_dagrun for latest_only_with_trigger to 2022-11-11T10:33:31.767926+00:00, run_after=2022-11-11T14:33:31.767926+00:00
[2022-11-11T14:33:31.792+0000] {processor.py:176} INFO - Processing /home/airflow/.local/lib/python3.7/site-packages/airflow/example_dags/example_latest_only_with_trigger.py took 0.162 seconds
[2022-11-11T14:34:02.280+0000] {processor.py:154} INFO - Started process (PID=832) to work on /home/airflow/.local/lib/python3.7/site-packages/airflow/example_dags/example_latest_only_with_trigger.py
[2022-11-11T14:34:02.281+0000] {processor.py:756} INFO - Processing file /home/airflow/.local/lib/python3.7/site-packages/airflow/example_dags/example_latest_only_with_trigger.py for tasks to queue
[2022-11-11T14:34:02.282+0000] {logging_mixin.py:120} INFO - [2022-11-11T14:34:02.281+0000] {dagbag.py:537} INFO - Filling up the DagBag from /home/airflow/.local/lib/python3.7/site-packages/airflow/example_dags/example_latest_only_with_trigger.py
[2022-11-11T14:34:02.304+0000] {processor.py:766} INFO - DAG(s) dict_keys(['latest_only_with_trigger']) retrieved from /home/airflow/.local/lib/python3.7/site-packages/airflow/example_dags/example_latest_only_with_trigger.py
[2022-11-11T14:34:02.365+0000] {logging_mixin.py:120} INFO - [2022-11-11T14:34:02.365+0000] {dag.py:2585} INFO - Sync 1 DAGs
[2022-11-11T14:34:02.398+0000] {logging_mixin.py:120} INFO - [2022-11-11T14:34:02.398+0000] {dag.py:3340} INFO - Setting next_dagrun for latest_only_with_trigger to 2022-11-11T10:34:02.397859+00:00, run_after=2022-11-11T14:34:02.397859+00:00
[2022-11-11T14:34:02.421+0000] {processor.py:176} INFO - Processing /home/airflow/.local/lib/python3.7/site-packages/airflow/example_dags/example_latest_only_with_trigger.py took 0.147 seconds
[2022-11-11T14:34:32.700+0000] {processor.py:154} INFO - Started process (PID=889) to work on /home/airflow/.local/lib/python3.7/site-packages/airflow/example_dags/example_latest_only_with_trigger.py
[2022-11-11T14:34:32.701+0000] {processor.py:756} INFO - Processing file /home/airflow/.local/lib/python3.7/site-packages/airflow/example_dags/example_latest_only_with_trigger.py for tasks to queue
[2022-11-11T14:34:32.702+0000] {logging_mixin.py:120} INFO - [2022-11-11T14:34:32.702+0000] {dagbag.py:537} INFO - Filling up the DagBag from /home/airflow/.local/lib/python3.7/site-packages/airflow/example_dags/example_latest_only_with_trigger.py
[2022-11-11T14:34:32.723+0000] {processor.py:766} INFO - DAG(s) dict_keys(['latest_only_with_trigger']) retrieved from /home/airflow/.local/lib/python3.7/site-packages/airflow/example_dags/example_latest_only_with_trigger.py
[2022-11-11T14:34:32.779+0000] {logging_mixin.py:120} INFO - [2022-11-11T14:34:32.778+0000] {dag.py:2585} INFO - Sync 1 DAGs
[2022-11-11T14:34:32.813+0000] {logging_mixin.py:120} INFO - [2022-11-11T14:34:32.812+0000] {dag.py:3340} INFO - Setting next_dagrun for latest_only_with_trigger to 2022-11-11T10:34:32.812532+00:00, run_after=2022-11-11T14:34:32.812532+00:00
[2022-11-11T14:34:32.836+0000] {processor.py:176} INFO - Processing /home/airflow/.local/lib/python3.7/site-packages/airflow/example_dags/example_latest_only_with_trigger.py took 0.142 seconds
[2022-11-11T14:35:03.347+0000] {processor.py:154} INFO - Started process (PID=947) to work on /home/airflow/.local/lib/python3.7/site-packages/airflow/example_dags/example_latest_only_with_trigger.py
[2022-11-11T14:35:03.348+0000] {processor.py:756} INFO - Processing file /home/airflow/.local/lib/python3.7/site-packages/airflow/example_dags/example_latest_only_with_trigger.py for tasks to queue
[2022-11-11T14:35:03.349+0000] {logging_mixin.py:120} INFO - [2022-11-11T14:35:03.349+0000] {dagbag.py:537} INFO - Filling up the DagBag from /home/airflow/.local/lib/python3.7/site-packages/airflow/example_dags/example_latest_only_with_trigger.py
[2022-11-11T14:35:03.369+0000] {processor.py:766} INFO - DAG(s) dict_keys(['latest_only_with_trigger']) retrieved from /home/airflow/.local/lib/python3.7/site-packages/airflow/example_dags/example_latest_only_with_trigger.py
[2022-11-11T14:35:03.422+0000] {logging_mixin.py:120} INFO - [2022-11-11T14:35:03.422+0000] {dag.py:2585} INFO - Sync 1 DAGs
[2022-11-11T14:35:03.458+0000] {logging_mixin.py:120} INFO - [2022-11-11T14:35:03.457+0000] {dag.py:3340} INFO - Setting next_dagrun for latest_only_with_trigger to 2022-11-11T10:35:03.457612+00:00, run_after=2022-11-11T14:35:03.457612+00:00
[2022-11-11T14:35:03.481+0000] {processor.py:176} INFO - Processing /home/airflow/.local/lib/python3.7/site-packages/airflow/example_dags/example_latest_only_with_trigger.py took 0.140 seconds
[2022-11-11T14:35:33.718+0000] {processor.py:154} INFO - Started process (PID=1006) to work on /home/airflow/.local/lib/python3.7/site-packages/airflow/example_dags/example_latest_only_with_trigger.py
[2022-11-11T14:35:33.720+0000] {processor.py:756} INFO - Processing file /home/airflow/.local/lib/python3.7/site-packages/airflow/example_dags/example_latest_only_with_trigger.py for tasks to queue
[2022-11-11T14:35:33.721+0000] {logging_mixin.py:120} INFO - [2022-11-11T14:35:33.721+0000] {dagbag.py:537} INFO - Filling up the DagBag from /home/airflow/.local/lib/python3.7/site-packages/airflow/example_dags/example_latest_only_with_trigger.py
[2022-11-11T14:35:33.742+0000] {processor.py:766} INFO - DAG(s) dict_keys(['latest_only_with_trigger']) retrieved from /home/airflow/.local/lib/python3.7/site-packages/airflow/example_dags/example_latest_only_with_trigger.py
[2022-11-11T14:35:33.796+0000] {logging_mixin.py:120} INFO - [2022-11-11T14:35:33.795+0000] {dag.py:2585} INFO - Sync 1 DAGs
[2022-11-11T14:35:33.829+0000] {logging_mixin.py:120} INFO - [2022-11-11T14:35:33.829+0000] {dag.py:3340} INFO - Setting next_dagrun for latest_only_with_trigger to 2022-11-11T10:35:33.829201+00:00, run_after=2022-11-11T14:35:33.829201+00:00
[2022-11-11T14:35:33.864+0000] {processor.py:176} INFO - Processing /home/airflow/.local/lib/python3.7/site-packages/airflow/example_dags/example_latest_only_with_trigger.py took 0.151 seconds
[2022-11-11T14:36:04.309+0000] {processor.py:154} INFO - Started process (PID=1062) to work on /home/airflow/.local/lib/python3.7/site-packages/airflow/example_dags/example_latest_only_with_trigger.py
[2022-11-11T14:36:04.311+0000] {processor.py:756} INFO - Processing file /home/airflow/.local/lib/python3.7/site-packages/airflow/example_dags/example_latest_only_with_trigger.py for tasks to queue
[2022-11-11T14:36:04.311+0000] {logging_mixin.py:120} INFO - [2022-11-11T14:36:04.311+0000] {dagbag.py:537} INFO - Filling up the DagBag from /home/airflow/.local/lib/python3.7/site-packages/airflow/example_dags/example_latest_only_with_trigger.py
[2022-11-11T14:36:04.335+0000] {processor.py:766} INFO - DAG(s) dict_keys(['latest_only_with_trigger']) retrieved from /home/airflow/.local/lib/python3.7/site-packages/airflow/example_dags/example_latest_only_with_trigger.py
[2022-11-11T14:36:04.396+0000] {logging_mixin.py:120} INFO - [2022-11-11T14:36:04.396+0000] {dag.py:2585} INFO - Sync 1 DAGs
[2022-11-11T14:36:04.429+0000] {logging_mixin.py:120} INFO - [2022-11-11T14:36:04.429+0000] {dag.py:3340} INFO - Setting next_dagrun for latest_only_with_trigger to 2022-11-11T10:36:04.428721+00:00, run_after=2022-11-11T14:36:04.428721+00:00
[2022-11-11T14:36:04.457+0000] {processor.py:176} INFO - Processing /home/airflow/.local/lib/python3.7/site-packages/airflow/example_dags/example_latest_only_with_trigger.py took 0.154 seconds
[2022-11-11T14:36:34.842+0000] {processor.py:154} INFO - Started process (PID=1119) to work on /home/airflow/.local/lib/python3.7/site-packages/airflow/example_dags/example_latest_only_with_trigger.py
[2022-11-11T14:36:34.844+0000] {processor.py:756} INFO - Processing file /home/airflow/.local/lib/python3.7/site-packages/airflow/example_dags/example_latest_only_with_trigger.py for tasks to queue
[2022-11-11T14:36:34.844+0000] {logging_mixin.py:120} INFO - [2022-11-11T14:36:34.844+0000] {dagbag.py:537} INFO - Filling up the DagBag from /home/airflow/.local/lib/python3.7/site-packages/airflow/example_dags/example_latest_only_with_trigger.py
[2022-11-11T14:36:34.866+0000] {processor.py:766} INFO - DAG(s) dict_keys(['latest_only_with_trigger']) retrieved from /home/airflow/.local/lib/python3.7/site-packages/airflow/example_dags/example_latest_only_with_trigger.py
[2022-11-11T14:36:34.924+0000] {logging_mixin.py:120} INFO - [2022-11-11T14:36:34.924+0000] {dag.py:2585} INFO - Sync 1 DAGs
[2022-11-11T14:36:34.959+0000] {logging_mixin.py:120} INFO - [2022-11-11T14:36:34.959+0000] {dag.py:3340} INFO - Setting next_dagrun for latest_only_with_trigger to 2022-11-11T10:36:34.958868+00:00, run_after=2022-11-11T14:36:34.958868+00:00
[2022-11-11T14:36:34.985+0000] {processor.py:176} INFO - Processing /home/airflow/.local/lib/python3.7/site-packages/airflow/example_dags/example_latest_only_with_trigger.py took 0.148 seconds
[2022-11-11T14:37:05.264+0000] {processor.py:154} INFO - Started process (PID=1177) to work on /home/airflow/.local/lib/python3.7/site-packages/airflow/example_dags/example_latest_only_with_trigger.py
[2022-11-11T14:37:05.265+0000] {processor.py:756} INFO - Processing file /home/airflow/.local/lib/python3.7/site-packages/airflow/example_dags/example_latest_only_with_trigger.py for tasks to queue
[2022-11-11T14:37:05.266+0000] {logging_mixin.py:120} INFO - [2022-11-11T14:37:05.266+0000] {dagbag.py:537} INFO - Filling up the DagBag from /home/airflow/.local/lib/python3.7/site-packages/airflow/example_dags/example_latest_only_with_trigger.py
[2022-11-11T14:37:05.287+0000] {processor.py:766} INFO - DAG(s) dict_keys(['latest_only_with_trigger']) retrieved from /home/airflow/.local/lib/python3.7/site-packages/airflow/example_dags/example_latest_only_with_trigger.py
[2022-11-11T14:37:05.341+0000] {logging_mixin.py:120} INFO - [2022-11-11T14:37:05.341+0000] {dag.py:2585} INFO - Sync 1 DAGs
[2022-11-11T14:37:05.378+0000] {logging_mixin.py:120} INFO - [2022-11-11T14:37:05.378+0000] {dag.py:3340} INFO - Setting next_dagrun for latest_only_with_trigger to 2022-11-11T10:37:05.378045+00:00, run_after=2022-11-11T14:37:05.378045+00:00
[2022-11-11T14:37:05.402+0000] {processor.py:176} INFO - Processing /home/airflow/.local/lib/python3.7/site-packages/airflow/example_dags/example_latest_only_with_trigger.py took 0.146 seconds
[2022-11-11T14:37:35.912+0000] {processor.py:154} INFO - Started process (PID=1234) to work on /home/airflow/.local/lib/python3.7/site-packages/airflow/example_dags/example_latest_only_with_trigger.py
[2022-11-11T14:37:35.914+0000] {processor.py:756} INFO - Processing file /home/airflow/.local/lib/python3.7/site-packages/airflow/example_dags/example_latest_only_with_trigger.py for tasks to queue
[2022-11-11T14:37:35.915+0000] {logging_mixin.py:120} INFO - [2022-11-11T14:37:35.915+0000] {dagbag.py:537} INFO - Filling up the DagBag from /home/airflow/.local/lib/python3.7/site-packages/airflow/example_dags/example_latest_only_with_trigger.py
[2022-11-11T14:37:35.938+0000] {processor.py:766} INFO - DAG(s) dict_keys(['latest_only_with_trigger']) retrieved from /home/airflow/.local/lib/python3.7/site-packages/airflow/example_dags/example_latest_only_with_trigger.py
[2022-11-11T14:37:35.994+0000] {logging_mixin.py:120} INFO - [2022-11-11T14:37:35.994+0000] {dag.py:2585} INFO - Sync 1 DAGs
[2022-11-11T14:37:36.033+0000] {logging_mixin.py:120} INFO - [2022-11-11T14:37:36.032+0000] {dag.py:3340} INFO - Setting next_dagrun for latest_only_with_trigger to 2022-11-11T10:37:36.032603+00:00, run_after=2022-11-11T14:37:36.032603+00:00
[2022-11-11T14:37:36.057+0000] {processor.py:176} INFO - Processing /home/airflow/.local/lib/python3.7/site-packages/airflow/example_dags/example_latest_only_with_trigger.py took 0.151 seconds
[2022-11-11T14:38:06.577+0000] {processor.py:154} INFO - Started process (PID=1292) to work on /home/airflow/.local/lib/python3.7/site-packages/airflow/example_dags/example_latest_only_with_trigger.py
[2022-11-11T14:38:06.578+0000] {processor.py:756} INFO - Processing file /home/airflow/.local/lib/python3.7/site-packages/airflow/example_dags/example_latest_only_with_trigger.py for tasks to queue
[2022-11-11T14:38:06.579+0000] {logging_mixin.py:120} INFO - [2022-11-11T14:38:06.579+0000] {dagbag.py:537} INFO - Filling up the DagBag from /home/airflow/.local/lib/python3.7/site-packages/airflow/example_dags/example_latest_only_with_trigger.py
[2022-11-11T14:38:06.602+0000] {processor.py:766} INFO - DAG(s) dict_keys(['latest_only_with_trigger']) retrieved from /home/airflow/.local/lib/python3.7/site-packages/airflow/example_dags/example_latest_only_with_trigger.py
[2022-11-11T14:38:06.657+0000] {logging_mixin.py:120} INFO - [2022-11-11T14:38:06.657+0000] {dag.py:2585} INFO - Sync 1 DAGs
[2022-11-11T14:38:06.690+0000] {logging_mixin.py:120} INFO - [2022-11-11T14:38:06.689+0000] {dag.py:3340} INFO - Setting next_dagrun for latest_only_with_trigger to 2022-11-11T10:38:06.689600+00:00, run_after=2022-11-11T14:38:06.689600+00:00
[2022-11-11T14:38:06.712+0000] {processor.py:176} INFO - Processing /home/airflow/.local/lib/python3.7/site-packages/airflow/example_dags/example_latest_only_with_trigger.py took 0.141 seconds
[2022-11-11T14:38:36.960+0000] {processor.py:154} INFO - Started process (PID=1349) to work on /home/airflow/.local/lib/python3.7/site-packages/airflow/example_dags/example_latest_only_with_trigger.py
[2022-11-11T14:38:36.961+0000] {processor.py:756} INFO - Processing file /home/airflow/.local/lib/python3.7/site-packages/airflow/example_dags/example_latest_only_with_trigger.py for tasks to queue
[2022-11-11T14:38:36.962+0000] {logging_mixin.py:120} INFO - [2022-11-11T14:38:36.962+0000] {dagbag.py:537} INFO - Filling up the DagBag from /home/airflow/.local/lib/python3.7/site-packages/airflow/example_dags/example_latest_only_with_trigger.py
[2022-11-11T14:38:36.984+0000] {processor.py:766} INFO - DAG(s) dict_keys(['latest_only_with_trigger']) retrieved from /home/airflow/.local/lib/python3.7/site-packages/airflow/example_dags/example_latest_only_with_trigger.py
[2022-11-11T14:38:37.038+0000] {logging_mixin.py:120} INFO - [2022-11-11T14:38:37.037+0000] {dag.py:2585} INFO - Sync 1 DAGs
[2022-11-11T14:38:37.071+0000] {logging_mixin.py:120} INFO - [2022-11-11T14:38:37.071+0000] {dag.py:3340} INFO - Setting next_dagrun for latest_only_with_trigger to 2022-11-11T10:38:37.070734+00:00, run_after=2022-11-11T14:38:37.070734+00:00
[2022-11-11T14:38:37.098+0000] {processor.py:176} INFO - Processing /home/airflow/.local/lib/python3.7/site-packages/airflow/example_dags/example_latest_only_with_trigger.py took 0.143 seconds
[2022-11-11T14:39:07.633+0000] {processor.py:154} INFO - Started process (PID=1404) to work on /home/airflow/.local/lib/python3.7/site-packages/airflow/example_dags/example_latest_only_with_trigger.py
[2022-11-11T14:39:07.635+0000] {processor.py:756} INFO - Processing file /home/airflow/.local/lib/python3.7/site-packages/airflow/example_dags/example_latest_only_with_trigger.py for tasks to queue
[2022-11-11T14:39:07.637+0000] {logging_mixin.py:120} INFO - [2022-11-11T14:39:07.636+0000] {dagbag.py:537} INFO - Filling up the DagBag from /home/airflow/.local/lib/python3.7/site-packages/airflow/example_dags/example_latest_only_with_trigger.py
[2022-11-11T14:39:07.659+0000] {processor.py:766} INFO - DAG(s) dict_keys(['latest_only_with_trigger']) retrieved from /home/airflow/.local/lib/python3.7/site-packages/airflow/example_dags/example_latest_only_with_trigger.py
[2022-11-11T14:39:07.717+0000] {logging_mixin.py:120} INFO - [2022-11-11T14:39:07.717+0000] {dag.py:2585} INFO - Sync 1 DAGs
[2022-11-11T14:39:07.758+0000] {logging_mixin.py:120} INFO - [2022-11-11T14:39:07.757+0000] {dag.py:3340} INFO - Setting next_dagrun for latest_only_with_trigger to 2022-11-11T10:39:07.757545+00:00, run_after=2022-11-11T14:39:07.757545+00:00
[2022-11-11T14:39:07.785+0000] {processor.py:176} INFO - Processing /home/airflow/.local/lib/python3.7/site-packages/airflow/example_dags/example_latest_only_with_trigger.py took 0.157 seconds
[2022-11-11T14:39:38.304+0000] {processor.py:154} INFO - Started process (PID=1462) to work on /home/airflow/.local/lib/python3.7/site-packages/airflow/example_dags/example_latest_only_with_trigger.py
[2022-11-11T14:39:38.305+0000] {processor.py:756} INFO - Processing file /home/airflow/.local/lib/python3.7/site-packages/airflow/example_dags/example_latest_only_with_trigger.py for tasks to queue
[2022-11-11T14:39:38.306+0000] {logging_mixin.py:120} INFO - [2022-11-11T14:39:38.306+0000] {dagbag.py:537} INFO - Filling up the DagBag from /home/airflow/.local/lib/python3.7/site-packages/airflow/example_dags/example_latest_only_with_trigger.py
[2022-11-11T14:39:38.327+0000] {processor.py:766} INFO - DAG(s) dict_keys(['latest_only_with_trigger']) retrieved from /home/airflow/.local/lib/python3.7/site-packages/airflow/example_dags/example_latest_only_with_trigger.py
[2022-11-11T14:39:38.383+0000] {logging_mixin.py:120} INFO - [2022-11-11T14:39:38.383+0000] {dag.py:2585} INFO - Sync 1 DAGs
[2022-11-11T14:39:38.417+0000] {logging_mixin.py:120} INFO - [2022-11-11T14:39:38.417+0000] {dag.py:3340} INFO - Setting next_dagrun for latest_only_with_trigger to 2022-11-11T10:39:38.416988+00:00, run_after=2022-11-11T14:39:38.416988+00:00
[2022-11-11T14:39:38.443+0000] {processor.py:176} INFO - Processing /home/airflow/.local/lib/python3.7/site-packages/airflow/example_dags/example_latest_only_with_trigger.py took 0.145 seconds
[2022-11-11T14:40:08.956+0000] {processor.py:154} INFO - Started process (PID=1517) to work on /home/airflow/.local/lib/python3.7/site-packages/airflow/example_dags/example_latest_only_with_trigger.py
[2022-11-11T14:40:08.958+0000] {processor.py:756} INFO - Processing file /home/airflow/.local/lib/python3.7/site-packages/airflow/example_dags/example_latest_only_with_trigger.py for tasks to queue
[2022-11-11T14:40:08.959+0000] {logging_mixin.py:120} INFO - [2022-11-11T14:40:08.958+0000] {dagbag.py:537} INFO - Filling up the DagBag from /home/airflow/.local/lib/python3.7/site-packages/airflow/example_dags/example_latest_only_with_trigger.py
[2022-11-11T14:40:08.980+0000] {processor.py:766} INFO - DAG(s) dict_keys(['latest_only_with_trigger']) retrieved from /home/airflow/.local/lib/python3.7/site-packages/airflow/example_dags/example_latest_only_with_trigger.py
[2022-11-11T14:40:09.040+0000] {logging_mixin.py:120} INFO - [2022-11-11T14:40:09.040+0000] {dag.py:2585} INFO - Sync 1 DAGs
[2022-11-11T14:40:09.074+0000] {logging_mixin.py:120} INFO - [2022-11-11T14:40:09.074+0000] {dag.py:3340} INFO - Setting next_dagrun for latest_only_with_trigger to 2022-11-11T10:40:09.074432+00:00, run_after=2022-11-11T14:40:09.074432+00:00
[2022-11-11T14:40:09.099+0000] {processor.py:176} INFO - Processing /home/airflow/.local/lib/python3.7/site-packages/airflow/example_dags/example_latest_only_with_trigger.py took 0.148 seconds
[2022-11-11T14:40:39.401+0000] {processor.py:154} INFO - Started process (PID=1575) to work on /home/airflow/.local/lib/python3.7/site-packages/airflow/example_dags/example_latest_only_with_trigger.py
[2022-11-11T14:40:39.402+0000] {processor.py:756} INFO - Processing file /home/airflow/.local/lib/python3.7/site-packages/airflow/example_dags/example_latest_only_with_trigger.py for tasks to queue
[2022-11-11T14:40:39.403+0000] {logging_mixin.py:120} INFO - [2022-11-11T14:40:39.403+0000] {dagbag.py:537} INFO - Filling up the DagBag from /home/airflow/.local/lib/python3.7/site-packages/airflow/example_dags/example_latest_only_with_trigger.py
[2022-11-11T14:40:39.425+0000] {processor.py:766} INFO - DAG(s) dict_keys(['latest_only_with_trigger']) retrieved from /home/airflow/.local/lib/python3.7/site-packages/airflow/example_dags/example_latest_only_with_trigger.py
[2022-11-11T14:40:39.480+0000] {logging_mixin.py:120} INFO - [2022-11-11T14:40:39.480+0000] {dag.py:2585} INFO - Sync 1 DAGs
[2022-11-11T14:40:39.515+0000] {logging_mixin.py:120} INFO - [2022-11-11T14:40:39.515+0000] {dag.py:3340} INFO - Setting next_dagrun for latest_only_with_trigger to 2022-11-11T10:40:39.515292+00:00, run_after=2022-11-11T14:40:39.515292+00:00
[2022-11-11T14:40:39.541+0000] {processor.py:176} INFO - Processing /home/airflow/.local/lib/python3.7/site-packages/airflow/example_dags/example_latest_only_with_trigger.py took 0.145 seconds
[2022-11-11T14:41:10.052+0000] {processor.py:154} INFO - Started process (PID=1630) to work on /home/airflow/.local/lib/python3.7/site-packages/airflow/example_dags/example_latest_only_with_trigger.py
[2022-11-11T14:41:10.054+0000] {processor.py:756} INFO - Processing file /home/airflow/.local/lib/python3.7/site-packages/airflow/example_dags/example_latest_only_with_trigger.py for tasks to queue
[2022-11-11T14:41:10.054+0000] {logging_mixin.py:120} INFO - [2022-11-11T14:41:10.054+0000] {dagbag.py:537} INFO - Filling up the DagBag from /home/airflow/.local/lib/python3.7/site-packages/airflow/example_dags/example_latest_only_with_trigger.py
[2022-11-11T14:41:10.080+0000] {processor.py:766} INFO - DAG(s) dict_keys(['latest_only_with_trigger']) retrieved from /home/airflow/.local/lib/python3.7/site-packages/airflow/example_dags/example_latest_only_with_trigger.py
[2022-11-11T14:41:10.137+0000] {logging_mixin.py:120} INFO - [2022-11-11T14:41:10.137+0000] {dag.py:2585} INFO - Sync 1 DAGs
[2022-11-11T14:41:10.174+0000] {logging_mixin.py:120} INFO - [2022-11-11T14:41:10.174+0000] {dag.py:3340} INFO - Setting next_dagrun for latest_only_with_trigger to 2022-11-11T10:41:10.173737+00:00, run_after=2022-11-11T14:41:10.173737+00:00
[2022-11-11T14:41:10.200+0000] {processor.py:176} INFO - Processing /home/airflow/.local/lib/python3.7/site-packages/airflow/example_dags/example_latest_only_with_trigger.py took 0.156 seconds
[2022-11-11T14:41:40.626+0000] {processor.py:154} INFO - Started process (PID=1690) to work on /home/airflow/.local/lib/python3.7/site-packages/airflow/example_dags/example_latest_only_with_trigger.py
[2022-11-11T14:41:40.628+0000] {processor.py:756} INFO - Processing file /home/airflow/.local/lib/python3.7/site-packages/airflow/example_dags/example_latest_only_with_trigger.py for tasks to queue
[2022-11-11T14:41:40.630+0000] {logging_mixin.py:120} INFO - [2022-11-11T14:41:40.630+0000] {dagbag.py:537} INFO - Filling up the DagBag from /home/airflow/.local/lib/python3.7/site-packages/airflow/example_dags/example_latest_only_with_trigger.py
[2022-11-11T14:41:40.651+0000] {processor.py:766} INFO - DAG(s) dict_keys(['latest_only_with_trigger']) retrieved from /home/airflow/.local/lib/python3.7/site-packages/airflow/example_dags/example_latest_only_with_trigger.py
[2022-11-11T14:41:40.708+0000] {logging_mixin.py:120} INFO - [2022-11-11T14:41:40.708+0000] {dag.py:2585} INFO - Sync 1 DAGs
[2022-11-11T14:41:40.742+0000] {logging_mixin.py:120} INFO - [2022-11-11T14:41:40.742+0000] {dag.py:3340} INFO - Setting next_dagrun for latest_only_with_trigger to 2022-11-11T10:41:40.741881+00:00, run_after=2022-11-11T14:41:40.741881+00:00
[2022-11-11T14:41:40.766+0000] {processor.py:176} INFO - Processing /home/airflow/.local/lib/python3.7/site-packages/airflow/example_dags/example_latest_only_with_trigger.py took 0.144 seconds
[2022-11-11T14:42:10.980+0000] {processor.py:154} INFO - Started process (PID=1746) to work on /home/airflow/.local/lib/python3.7/site-packages/airflow/example_dags/example_latest_only_with_trigger.py
[2022-11-11T14:42:10.981+0000] {processor.py:756} INFO - Processing file /home/airflow/.local/lib/python3.7/site-packages/airflow/example_dags/example_latest_only_with_trigger.py for tasks to queue
[2022-11-11T14:42:10.982+0000] {logging_mixin.py:120} INFO - [2022-11-11T14:42:10.982+0000] {dagbag.py:537} INFO - Filling up the DagBag from /home/airflow/.local/lib/python3.7/site-packages/airflow/example_dags/example_latest_only_with_trigger.py
[2022-11-11T14:42:11.009+0000] {processor.py:766} INFO - DAG(s) dict_keys(['latest_only_with_trigger']) retrieved from /home/airflow/.local/lib/python3.7/site-packages/airflow/example_dags/example_latest_only_with_trigger.py
[2022-11-11T14:42:11.068+0000] {logging_mixin.py:120} INFO - [2022-11-11T14:42:11.068+0000] {dag.py:2585} INFO - Sync 1 DAGs
[2022-11-11T14:42:11.106+0000] {logging_mixin.py:120} INFO - [2022-11-11T14:42:11.106+0000] {dag.py:3340} INFO - Setting next_dagrun for latest_only_with_trigger to 2022-11-11T10:42:11.105836+00:00, run_after=2022-11-11T14:42:11.105836+00:00
[2022-11-11T14:42:11.132+0000] {processor.py:176} INFO - Processing /home/airflow/.local/lib/python3.7/site-packages/airflow/example_dags/example_latest_only_with_trigger.py took 0.157 seconds
[2022-11-11T14:42:41.551+0000] {processor.py:154} INFO - Started process (PID=1804) to work on /home/airflow/.local/lib/python3.7/site-packages/airflow/example_dags/example_latest_only_with_trigger.py
[2022-11-11T14:42:41.552+0000] {processor.py:756} INFO - Processing file /home/airflow/.local/lib/python3.7/site-packages/airflow/example_dags/example_latest_only_with_trigger.py for tasks to queue
[2022-11-11T14:42:41.553+0000] {logging_mixin.py:120} INFO - [2022-11-11T14:42:41.553+0000] {dagbag.py:537} INFO - Filling up the DagBag from /home/airflow/.local/lib/python3.7/site-packages/airflow/example_dags/example_latest_only_with_trigger.py
[2022-11-11T14:42:41.574+0000] {processor.py:766} INFO - DAG(s) dict_keys(['latest_only_with_trigger']) retrieved from /home/airflow/.local/lib/python3.7/site-packages/airflow/example_dags/example_latest_only_with_trigger.py
[2022-11-11T14:42:41.628+0000] {logging_mixin.py:120} INFO - [2022-11-11T14:42:41.628+0000] {dag.py:2585} INFO - Sync 1 DAGs
[2022-11-11T14:42:41.660+0000] {logging_mixin.py:120} INFO - [2022-11-11T14:42:41.660+0000] {dag.py:3340} INFO - Setting next_dagrun for latest_only_with_trigger to 2022-11-11T10:42:41.659827+00:00, run_after=2022-11-11T14:42:41.659827+00:00
[2022-11-11T14:42:41.683+0000] {processor.py:176} INFO - Processing /home/airflow/.local/lib/python3.7/site-packages/airflow/example_dags/example_latest_only_with_trigger.py took 0.138 seconds
[2022-11-11T14:43:11.980+0000] {processor.py:154} INFO - Started process (PID=1862) to work on /home/airflow/.local/lib/python3.7/site-packages/airflow/example_dags/example_latest_only_with_trigger.py
[2022-11-11T14:43:11.981+0000] {processor.py:756} INFO - Processing file /home/airflow/.local/lib/python3.7/site-packages/airflow/example_dags/example_latest_only_with_trigger.py for tasks to queue
[2022-11-11T14:43:11.982+0000] {logging_mixin.py:120} INFO - [2022-11-11T14:43:11.981+0000] {dagbag.py:537} INFO - Filling up the DagBag from /home/airflow/.local/lib/python3.7/site-packages/airflow/example_dags/example_latest_only_with_trigger.py
[2022-11-11T14:43:12.005+0000] {processor.py:766} INFO - DAG(s) dict_keys(['latest_only_with_trigger']) retrieved from /home/airflow/.local/lib/python3.7/site-packages/airflow/example_dags/example_latest_only_with_trigger.py
[2022-11-11T14:43:12.061+0000] {logging_mixin.py:120} INFO - [2022-11-11T14:43:12.061+0000] {dag.py:2585} INFO - Sync 1 DAGs
[2022-11-11T14:43:12.097+0000] {logging_mixin.py:120} INFO - [2022-11-11T14:43:12.097+0000] {dag.py:3340} INFO - Setting next_dagrun for latest_only_with_trigger to 2022-11-11T10:43:12.097288+00:00, run_after=2022-11-11T14:43:12.097288+00:00
[2022-11-11T14:43:12.123+0000] {processor.py:176} INFO - Processing /home/airflow/.local/lib/python3.7/site-packages/airflow/example_dags/example_latest_only_with_trigger.py took 0.149 seconds
[2022-11-11T14:43:42.553+0000] {processor.py:154} INFO - Started process (PID=1919) to work on /home/airflow/.local/lib/python3.7/site-packages/airflow/example_dags/example_latest_only_with_trigger.py
[2022-11-11T14:43:42.555+0000] {processor.py:756} INFO - Processing file /home/airflow/.local/lib/python3.7/site-packages/airflow/example_dags/example_latest_only_with_trigger.py for tasks to queue
[2022-11-11T14:43:42.556+0000] {logging_mixin.py:120} INFO - [2022-11-11T14:43:42.556+0000] {dagbag.py:537} INFO - Filling up the DagBag from /home/airflow/.local/lib/python3.7/site-packages/airflow/example_dags/example_latest_only_with_trigger.py
[2022-11-11T14:43:42.578+0000] {processor.py:766} INFO - DAG(s) dict_keys(['latest_only_with_trigger']) retrieved from /home/airflow/.local/lib/python3.7/site-packages/airflow/example_dags/example_latest_only_with_trigger.py
[2022-11-11T14:43:42.634+0000] {logging_mixin.py:120} INFO - [2022-11-11T14:43:42.634+0000] {dag.py:2585} INFO - Sync 1 DAGs
[2022-11-11T14:43:42.670+0000] {logging_mixin.py:120} INFO - [2022-11-11T14:43:42.669+0000] {dag.py:3340} INFO - Setting next_dagrun for latest_only_with_trigger to 2022-11-11T10:43:42.669497+00:00, run_after=2022-11-11T14:43:42.669497+00:00
[2022-11-11T14:43:42.693+0000] {processor.py:176} INFO - Processing /home/airflow/.local/lib/python3.7/site-packages/airflow/example_dags/example_latest_only_with_trigger.py took 0.145 seconds
[2022-11-11T14:44:12.996+0000] {processor.py:154} INFO - Started process (PID=1976) to work on /home/airflow/.local/lib/python3.7/site-packages/airflow/example_dags/example_latest_only_with_trigger.py
[2022-11-11T14:44:12.997+0000] {processor.py:756} INFO - Processing file /home/airflow/.local/lib/python3.7/site-packages/airflow/example_dags/example_latest_only_with_trigger.py for tasks to queue
[2022-11-11T14:44:12.998+0000] {logging_mixin.py:120} INFO - [2022-11-11T14:44:12.998+0000] {dagbag.py:537} INFO - Filling up the DagBag from /home/airflow/.local/lib/python3.7/site-packages/airflow/example_dags/example_latest_only_with_trigger.py
[2022-11-11T14:44:13.025+0000] {processor.py:766} INFO - DAG(s) dict_keys(['latest_only_with_trigger']) retrieved from /home/airflow/.local/lib/python3.7/site-packages/airflow/example_dags/example_latest_only_with_trigger.py
[2022-11-11T14:44:13.093+0000] {logging_mixin.py:120} INFO - [2022-11-11T14:44:13.093+0000] {dag.py:2585} INFO - Sync 1 DAGs
[2022-11-11T14:44:13.127+0000] {logging_mixin.py:120} INFO - [2022-11-11T14:44:13.127+0000] {dag.py:3340} INFO - Setting next_dagrun for latest_only_with_trigger to 2022-11-11T10:44:13.126929+00:00, run_after=2022-11-11T14:44:13.126929+00:00
[2022-11-11T14:44:13.153+0000] {processor.py:176} INFO - Processing /home/airflow/.local/lib/python3.7/site-packages/airflow/example_dags/example_latest_only_with_trigger.py took 0.163 seconds
