[2022-11-11T14:18:09.893+0000] {processor.py:154} INFO - Started process (PID=82) to work on /home/airflow/.local/lib/python3.7/site-packages/airflow/example_dags/example_short_circuit_operator.py
[2022-11-11T14:18:09.894+0000] {processor.py:756} INFO - Processing file /home/airflow/.local/lib/python3.7/site-packages/airflow/example_dags/example_short_circuit_operator.py for tasks to queue
[2022-11-11T14:18:09.895+0000] {logging_mixin.py:120} INFO - [2022-11-11T14:18:09.895+0000] {dagbag.py:537} INFO - Filling up the DagBag from /home/airflow/.local/lib/python3.7/site-packages/airflow/example_dags/example_short_circuit_operator.py
[2022-11-11T14:18:09.923+0000] {processor.py:766} INFO - DAG(s) dict_keys(['example_short_circuit_operator']) retrieved from /home/airflow/.local/lib/python3.7/site-packages/airflow/example_dags/example_short_circuit_operator.py
[2022-11-11T14:18:10.136+0000] {logging_mixin.py:120} INFO - [2022-11-11T14:18:10.136+0000] {manager.py:507} INFO - Created Permission View: can read on DAG:example_short_circuit_operator
[2022-11-11T14:18:10.152+0000] {logging_mixin.py:120} INFO - [2022-11-11T14:18:10.152+0000] {manager.py:507} INFO - Created Permission View: can edit on DAG:example_short_circuit_operator
[2022-11-11T14:18:10.167+0000] {logging_mixin.py:120} INFO - [2022-11-11T14:18:10.167+0000] {manager.py:507} INFO - Created Permission View: can delete on DAG:example_short_circuit_operator
[2022-11-11T14:18:10.168+0000] {logging_mixin.py:120} INFO - [2022-11-11T14:18:10.167+0000] {dag.py:2585} INFO - Sync 1 DAGs
[2022-11-11T14:18:10.188+0000] {logging_mixin.py:120} INFO - [2022-11-11T14:18:10.187+0000] {dag.py:2606} INFO - Creating ORM DAG for example_short_circuit_operator
[2022-11-11T14:18:10.204+0000] {logging_mixin.py:120} INFO - [2022-11-11T14:18:10.204+0000] {dag.py:3340} INFO - Setting next_dagrun for example_short_circuit_operator to 2022-11-10T14:18:10.203791+00:00, run_after=2022-11-11T14:18:10.203791+00:00
[2022-11-11T14:18:10.238+0000] {processor.py:176} INFO - Processing /home/airflow/.local/lib/python3.7/site-packages/airflow/example_dags/example_short_circuit_operator.py took 0.350 seconds
[2022-11-11T14:18:40.925+0000] {processor.py:154} INFO - Started process (PID=139) to work on /home/airflow/.local/lib/python3.7/site-packages/airflow/example_dags/example_short_circuit_operator.py
[2022-11-11T14:18:40.926+0000] {processor.py:756} INFO - Processing file /home/airflow/.local/lib/python3.7/site-packages/airflow/example_dags/example_short_circuit_operator.py for tasks to queue
[2022-11-11T14:18:40.927+0000] {logging_mixin.py:120} INFO - [2022-11-11T14:18:40.927+0000] {dagbag.py:537} INFO - Filling up the DagBag from /home/airflow/.local/lib/python3.7/site-packages/airflow/example_dags/example_short_circuit_operator.py
[2022-11-11T14:18:40.954+0000] {processor.py:766} INFO - DAG(s) dict_keys(['example_short_circuit_operator']) retrieved from /home/airflow/.local/lib/python3.7/site-packages/airflow/example_dags/example_short_circuit_operator.py
[2022-11-11T14:18:41.017+0000] {logging_mixin.py:120} INFO - [2022-11-11T14:18:41.017+0000] {dag.py:2585} INFO - Sync 1 DAGs
[2022-11-11T14:18:41.056+0000] {logging_mixin.py:120} INFO - [2022-11-11T14:18:41.055+0000] {dag.py:3340} INFO - Setting next_dagrun for example_short_circuit_operator to 2022-11-10T14:18:41.055277+00:00, run_after=2022-11-11T14:18:41.055277+00:00
[2022-11-11T14:18:41.084+0000] {processor.py:176} INFO - Processing /home/airflow/.local/lib/python3.7/site-packages/airflow/example_dags/example_short_circuit_operator.py took 0.164 seconds
[2022-11-11T14:19:11.364+0000] {processor.py:154} INFO - Started process (PID=197) to work on /home/airflow/.local/lib/python3.7/site-packages/airflow/example_dags/example_short_circuit_operator.py
[2022-11-11T14:19:11.365+0000] {processor.py:756} INFO - Processing file /home/airflow/.local/lib/python3.7/site-packages/airflow/example_dags/example_short_circuit_operator.py for tasks to queue
[2022-11-11T14:19:11.366+0000] {logging_mixin.py:120} INFO - [2022-11-11T14:19:11.366+0000] {dagbag.py:537} INFO - Filling up the DagBag from /home/airflow/.local/lib/python3.7/site-packages/airflow/example_dags/example_short_circuit_operator.py
[2022-11-11T14:19:11.392+0000] {processor.py:766} INFO - DAG(s) dict_keys(['example_short_circuit_operator']) retrieved from /home/airflow/.local/lib/python3.7/site-packages/airflow/example_dags/example_short_circuit_operator.py
[2022-11-11T14:19:11.448+0000] {logging_mixin.py:120} INFO - [2022-11-11T14:19:11.447+0000] {dag.py:2585} INFO - Sync 1 DAGs
[2022-11-11T14:19:11.487+0000] {logging_mixin.py:120} INFO - [2022-11-11T14:19:11.486+0000] {dag.py:3340} INFO - Setting next_dagrun for example_short_circuit_operator to 2022-11-10T14:19:11.486424+00:00, run_after=2022-11-11T14:19:11.486424+00:00
[2022-11-11T14:19:11.526+0000] {processor.py:176} INFO - Processing /home/airflow/.local/lib/python3.7/site-packages/airflow/example_dags/example_short_circuit_operator.py took 0.167 seconds
[2022-11-11T14:19:42.283+0000] {processor.py:154} INFO - Started process (PID=253) to work on /home/airflow/.local/lib/python3.7/site-packages/airflow/example_dags/example_short_circuit_operator.py
[2022-11-11T14:19:42.285+0000] {processor.py:756} INFO - Processing file /home/airflow/.local/lib/python3.7/site-packages/airflow/example_dags/example_short_circuit_operator.py for tasks to queue
[2022-11-11T14:19:42.286+0000] {logging_mixin.py:120} INFO - [2022-11-11T14:19:42.286+0000] {dagbag.py:537} INFO - Filling up the DagBag from /home/airflow/.local/lib/python3.7/site-packages/airflow/example_dags/example_short_circuit_operator.py
[2022-11-11T14:19:42.311+0000] {processor.py:766} INFO - DAG(s) dict_keys(['example_short_circuit_operator']) retrieved from /home/airflow/.local/lib/python3.7/site-packages/airflow/example_dags/example_short_circuit_operator.py
[2022-11-11T14:19:42.370+0000] {logging_mixin.py:120} INFO - [2022-11-11T14:19:42.370+0000] {dag.py:2585} INFO - Sync 1 DAGs
[2022-11-11T14:19:42.408+0000] {logging_mixin.py:120} INFO - [2022-11-11T14:19:42.408+0000] {dag.py:3340} INFO - Setting next_dagrun for example_short_circuit_operator to 2022-11-10T14:19:42.407815+00:00, run_after=2022-11-11T14:19:42.407815+00:00
[2022-11-11T14:19:42.437+0000] {processor.py:176} INFO - Processing /home/airflow/.local/lib/python3.7/site-packages/airflow/example_dags/example_short_circuit_operator.py took 0.159 seconds
[2022-11-11T14:22:46.625+0000] {processor.py:154} INFO - Started process (PID=68) to work on /home/airflow/.local/lib/python3.7/site-packages/airflow/example_dags/example_short_circuit_operator.py
[2022-11-11T14:22:46.626+0000] {processor.py:756} INFO - Processing file /home/airflow/.local/lib/python3.7/site-packages/airflow/example_dags/example_short_circuit_operator.py for tasks to queue
[2022-11-11T14:22:46.627+0000] {logging_mixin.py:120} INFO - [2022-11-11T14:22:46.627+0000] {dagbag.py:537} INFO - Filling up the DagBag from /home/airflow/.local/lib/python3.7/site-packages/airflow/example_dags/example_short_circuit_operator.py
[2022-11-11T14:22:46.654+0000] {processor.py:766} INFO - DAG(s) dict_keys(['example_short_circuit_operator']) retrieved from /home/airflow/.local/lib/python3.7/site-packages/airflow/example_dags/example_short_circuit_operator.py
[2022-11-11T14:22:46.716+0000] {logging_mixin.py:120} INFO - [2022-11-11T14:22:46.716+0000] {dag.py:2585} INFO - Sync 1 DAGs
[2022-11-11T14:22:46.756+0000] {logging_mixin.py:120} INFO - [2022-11-11T14:22:46.755+0000] {dag.py:3340} INFO - Setting next_dagrun for example_short_circuit_operator to 2022-11-10T14:22:46.755315+00:00, run_after=2022-11-11T14:22:46.755315+00:00
[2022-11-11T14:22:47.104+0000] {processor.py:176} INFO - Processing /home/airflow/.local/lib/python3.7/site-packages/airflow/example_dags/example_short_circuit_operator.py took 0.485 seconds
[2022-11-11T14:23:17.402+0000] {processor.py:154} INFO - Started process (PID=126) to work on /home/airflow/.local/lib/python3.7/site-packages/airflow/example_dags/example_short_circuit_operator.py
[2022-11-11T14:23:17.404+0000] {processor.py:756} INFO - Processing file /home/airflow/.local/lib/python3.7/site-packages/airflow/example_dags/example_short_circuit_operator.py for tasks to queue
[2022-11-11T14:23:17.405+0000] {logging_mixin.py:120} INFO - [2022-11-11T14:23:17.405+0000] {dagbag.py:537} INFO - Filling up the DagBag from /home/airflow/.local/lib/python3.7/site-packages/airflow/example_dags/example_short_circuit_operator.py
[2022-11-11T14:23:17.432+0000] {processor.py:766} INFO - DAG(s) dict_keys(['example_short_circuit_operator']) retrieved from /home/airflow/.local/lib/python3.7/site-packages/airflow/example_dags/example_short_circuit_operator.py
[2022-11-11T14:23:17.492+0000] {logging_mixin.py:120} INFO - [2022-11-11T14:23:17.492+0000] {dag.py:2585} INFO - Sync 1 DAGs
[2022-11-11T14:23:17.556+0000] {logging_mixin.py:120} INFO - [2022-11-11T14:23:17.556+0000] {dag.py:3340} INFO - Setting next_dagrun for example_short_circuit_operator to 2022-11-10T14:23:17.555986+00:00, run_after=2022-11-11T14:23:17.555986+00:00
[2022-11-11T14:23:17.602+0000] {processor.py:176} INFO - Processing /home/airflow/.local/lib/python3.7/site-packages/airflow/example_dags/example_short_circuit_operator.py took 0.207 seconds
[2022-11-11T14:24:41.102+0000] {processor.py:154} INFO - Started process (PID=71) to work on /home/airflow/.local/lib/python3.7/site-packages/airflow/example_dags/example_short_circuit_operator.py
[2022-11-11T14:24:41.104+0000] {processor.py:756} INFO - Processing file /home/airflow/.local/lib/python3.7/site-packages/airflow/example_dags/example_short_circuit_operator.py for tasks to queue
[2022-11-11T14:24:41.105+0000] {logging_mixin.py:120} INFO - [2022-11-11T14:24:41.104+0000] {dagbag.py:537} INFO - Filling up the DagBag from /home/airflow/.local/lib/python3.7/site-packages/airflow/example_dags/example_short_circuit_operator.py
[2022-11-11T14:24:41.131+0000] {processor.py:766} INFO - DAG(s) dict_keys(['example_short_circuit_operator']) retrieved from /home/airflow/.local/lib/python3.7/site-packages/airflow/example_dags/example_short_circuit_operator.py
[2022-11-11T14:24:41.200+0000] {logging_mixin.py:120} INFO - [2022-11-11T14:24:41.200+0000] {dag.py:2585} INFO - Sync 1 DAGs
[2022-11-11T14:24:41.247+0000] {logging_mixin.py:120} INFO - [2022-11-11T14:24:41.247+0000] {dag.py:3340} INFO - Setting next_dagrun for example_short_circuit_operator to 2022-11-10T14:24:41.247227+00:00, run_after=2022-11-11T14:24:41.247227+00:00
[2022-11-11T14:24:41.275+0000] {processor.py:176} INFO - Processing /home/airflow/.local/lib/python3.7/site-packages/airflow/example_dags/example_short_circuit_operator.py took 0.181 seconds
[2022-11-11T14:27:17.036+0000] {processor.py:154} INFO - Started process (PID=71) to work on /home/airflow/.local/lib/python3.7/site-packages/airflow/example_dags/example_short_circuit_operator.py
[2022-11-11T14:27:17.038+0000] {processor.py:756} INFO - Processing file /home/airflow/.local/lib/python3.7/site-packages/airflow/example_dags/example_short_circuit_operator.py for tasks to queue
[2022-11-11T14:27:17.039+0000] {logging_mixin.py:120} INFO - [2022-11-11T14:27:17.039+0000] {dagbag.py:537} INFO - Filling up the DagBag from /home/airflow/.local/lib/python3.7/site-packages/airflow/example_dags/example_short_circuit_operator.py
[2022-11-11T14:27:17.069+0000] {processor.py:766} INFO - DAG(s) dict_keys(['example_short_circuit_operator']) retrieved from /home/airflow/.local/lib/python3.7/site-packages/airflow/example_dags/example_short_circuit_operator.py
[2022-11-11T14:27:17.138+0000] {logging_mixin.py:120} INFO - [2022-11-11T14:27:17.138+0000] {dag.py:2585} INFO - Sync 1 DAGs
[2022-11-11T14:27:17.182+0000] {logging_mixin.py:120} INFO - [2022-11-11T14:27:17.182+0000] {dag.py:3340} INFO - Setting next_dagrun for example_short_circuit_operator to 2022-11-10T14:27:17.182195+00:00, run_after=2022-11-11T14:27:17.182195+00:00
[2022-11-11T14:27:17.219+0000] {processor.py:176} INFO - Processing /home/airflow/.local/lib/python3.7/site-packages/airflow/example_dags/example_short_circuit_operator.py took 0.190 seconds
[2022-11-11T14:27:51.455+0000] {processor.py:154} INFO - Started process (PID=128) to work on /home/airflow/.local/lib/python3.7/site-packages/airflow/example_dags/example_short_circuit_operator.py
[2022-11-11T14:27:51.457+0000] {processor.py:756} INFO - Processing file /home/airflow/.local/lib/python3.7/site-packages/airflow/example_dags/example_short_circuit_operator.py for tasks to queue
[2022-11-11T14:27:51.457+0000] {logging_mixin.py:120} INFO - [2022-11-11T14:27:51.457+0000] {dagbag.py:537} INFO - Filling up the DagBag from /home/airflow/.local/lib/python3.7/site-packages/airflow/example_dags/example_short_circuit_operator.py
[2022-11-11T14:27:51.482+0000] {processor.py:766} INFO - DAG(s) dict_keys(['example_short_circuit_operator']) retrieved from /home/airflow/.local/lib/python3.7/site-packages/airflow/example_dags/example_short_circuit_operator.py
[2022-11-11T14:27:51.546+0000] {logging_mixin.py:120} INFO - [2022-11-11T14:27:51.546+0000] {dag.py:2585} INFO - Sync 1 DAGs
[2022-11-11T14:27:51.582+0000] {logging_mixin.py:120} INFO - [2022-11-11T14:27:51.581+0000] {dag.py:3340} INFO - Setting next_dagrun for example_short_circuit_operator to 2022-11-10T14:27:51.581567+00:00, run_after=2022-11-11T14:27:51.581567+00:00
[2022-11-11T14:27:51.934+0000] {processor.py:176} INFO - Processing /home/airflow/.local/lib/python3.7/site-packages/airflow/example_dags/example_short_circuit_operator.py took 0.484 seconds
[2022-11-11T14:28:22.039+0000] {processor.py:154} INFO - Started process (PID=187) to work on /home/airflow/.local/lib/python3.7/site-packages/airflow/example_dags/example_short_circuit_operator.py
[2022-11-11T14:28:22.040+0000] {processor.py:756} INFO - Processing file /home/airflow/.local/lib/python3.7/site-packages/airflow/example_dags/example_short_circuit_operator.py for tasks to queue
[2022-11-11T14:28:22.041+0000] {logging_mixin.py:120} INFO - [2022-11-11T14:28:22.041+0000] {dagbag.py:537} INFO - Filling up the DagBag from /home/airflow/.local/lib/python3.7/site-packages/airflow/example_dags/example_short_circuit_operator.py
[2022-11-11T14:28:22.065+0000] {processor.py:766} INFO - DAG(s) dict_keys(['example_short_circuit_operator']) retrieved from /home/airflow/.local/lib/python3.7/site-packages/airflow/example_dags/example_short_circuit_operator.py
[2022-11-11T14:28:22.121+0000] {logging_mixin.py:120} INFO - [2022-11-11T14:28:22.121+0000] {dag.py:2585} INFO - Sync 1 DAGs
[2022-11-11T14:28:22.156+0000] {logging_mixin.py:120} INFO - [2022-11-11T14:28:22.155+0000] {dag.py:3340} INFO - Setting next_dagrun for example_short_circuit_operator to 2022-11-10T14:28:22.155485+00:00, run_after=2022-11-11T14:28:22.155485+00:00
[2022-11-11T14:28:22.181+0000] {processor.py:176} INFO - Processing /home/airflow/.local/lib/python3.7/site-packages/airflow/example_dags/example_short_circuit_operator.py took 0.149 seconds
[2022-11-11T14:28:52.808+0000] {processor.py:154} INFO - Started process (PID=246) to work on /home/airflow/.local/lib/python3.7/site-packages/airflow/example_dags/example_short_circuit_operator.py
[2022-11-11T14:28:52.810+0000] {processor.py:756} INFO - Processing file /home/airflow/.local/lib/python3.7/site-packages/airflow/example_dags/example_short_circuit_operator.py for tasks to queue
[2022-11-11T14:28:52.810+0000] {logging_mixin.py:120} INFO - [2022-11-11T14:28:52.810+0000] {dagbag.py:537} INFO - Filling up the DagBag from /home/airflow/.local/lib/python3.7/site-packages/airflow/example_dags/example_short_circuit_operator.py
[2022-11-11T14:28:52.839+0000] {processor.py:766} INFO - DAG(s) dict_keys(['example_short_circuit_operator']) retrieved from /home/airflow/.local/lib/python3.7/site-packages/airflow/example_dags/example_short_circuit_operator.py
[2022-11-11T14:28:52.903+0000] {logging_mixin.py:120} INFO - [2022-11-11T14:28:52.903+0000] {dag.py:2585} INFO - Sync 1 DAGs
[2022-11-11T14:28:52.938+0000] {logging_mixin.py:120} INFO - [2022-11-11T14:28:52.937+0000] {dag.py:3340} INFO - Setting next_dagrun for example_short_circuit_operator to 2022-11-10T14:28:52.937545+00:00, run_after=2022-11-11T14:28:52.937545+00:00
[2022-11-11T14:28:52.961+0000] {processor.py:176} INFO - Processing /home/airflow/.local/lib/python3.7/site-packages/airflow/example_dags/example_short_circuit_operator.py took 0.158 seconds
[2022-11-11T14:29:23.444+0000] {processor.py:154} INFO - Started process (PID=303) to work on /home/airflow/.local/lib/python3.7/site-packages/airflow/example_dags/example_short_circuit_operator.py
[2022-11-11T14:29:23.445+0000] {processor.py:756} INFO - Processing file /home/airflow/.local/lib/python3.7/site-packages/airflow/example_dags/example_short_circuit_operator.py for tasks to queue
[2022-11-11T14:29:23.446+0000] {logging_mixin.py:120} INFO - [2022-11-11T14:29:23.446+0000] {dagbag.py:537} INFO - Filling up the DagBag from /home/airflow/.local/lib/python3.7/site-packages/airflow/example_dags/example_short_circuit_operator.py
[2022-11-11T14:29:23.470+0000] {processor.py:766} INFO - DAG(s) dict_keys(['example_short_circuit_operator']) retrieved from /home/airflow/.local/lib/python3.7/site-packages/airflow/example_dags/example_short_circuit_operator.py
[2022-11-11T14:29:23.526+0000] {logging_mixin.py:120} INFO - [2022-11-11T14:29:23.525+0000] {dag.py:2585} INFO - Sync 1 DAGs
[2022-11-11T14:29:23.561+0000] {logging_mixin.py:120} INFO - [2022-11-11T14:29:23.561+0000] {dag.py:3340} INFO - Setting next_dagrun for example_short_circuit_operator to 2022-11-10T14:29:23.560793+00:00, run_after=2022-11-11T14:29:23.560793+00:00
[2022-11-11T14:29:23.586+0000] {processor.py:176} INFO - Processing /home/airflow/.local/lib/python3.7/site-packages/airflow/example_dags/example_short_circuit_operator.py took 0.147 seconds
[2022-11-11T14:29:54.115+0000] {processor.py:154} INFO - Started process (PID=360) to work on /home/airflow/.local/lib/python3.7/site-packages/airflow/example_dags/example_short_circuit_operator.py
[2022-11-11T14:29:54.117+0000] {processor.py:756} INFO - Processing file /home/airflow/.local/lib/python3.7/site-packages/airflow/example_dags/example_short_circuit_operator.py for tasks to queue
[2022-11-11T14:29:54.118+0000] {logging_mixin.py:120} INFO - [2022-11-11T14:29:54.117+0000] {dagbag.py:537} INFO - Filling up the DagBag from /home/airflow/.local/lib/python3.7/site-packages/airflow/example_dags/example_short_circuit_operator.py
[2022-11-11T14:29:54.146+0000] {processor.py:766} INFO - DAG(s) dict_keys(['example_short_circuit_operator']) retrieved from /home/airflow/.local/lib/python3.7/site-packages/airflow/example_dags/example_short_circuit_operator.py
[2022-11-11T14:29:54.205+0000] {logging_mixin.py:120} INFO - [2022-11-11T14:29:54.205+0000] {dag.py:2585} INFO - Sync 1 DAGs
[2022-11-11T14:29:54.239+0000] {logging_mixin.py:120} INFO - [2022-11-11T14:29:54.239+0000] {dag.py:3340} INFO - Setting next_dagrun for example_short_circuit_operator to 2022-11-10T14:29:54.239173+00:00, run_after=2022-11-11T14:29:54.239173+00:00
[2022-11-11T14:29:54.263+0000] {processor.py:176} INFO - Processing /home/airflow/.local/lib/python3.7/site-packages/airflow/example_dags/example_short_circuit_operator.py took 0.153 seconds
[2022-11-11T14:30:24.843+0000] {processor.py:154} INFO - Started process (PID=417) to work on /home/airflow/.local/lib/python3.7/site-packages/airflow/example_dags/example_short_circuit_operator.py
[2022-11-11T14:30:24.844+0000] {processor.py:756} INFO - Processing file /home/airflow/.local/lib/python3.7/site-packages/airflow/example_dags/example_short_circuit_operator.py for tasks to queue
[2022-11-11T14:30:24.845+0000] {logging_mixin.py:120} INFO - [2022-11-11T14:30:24.844+0000] {dagbag.py:537} INFO - Filling up the DagBag from /home/airflow/.local/lib/python3.7/site-packages/airflow/example_dags/example_short_circuit_operator.py
[2022-11-11T14:30:24.871+0000] {processor.py:766} INFO - DAG(s) dict_keys(['example_short_circuit_operator']) retrieved from /home/airflow/.local/lib/python3.7/site-packages/airflow/example_dags/example_short_circuit_operator.py
[2022-11-11T14:30:24.929+0000] {logging_mixin.py:120} INFO - [2022-11-11T14:30:24.928+0000] {dag.py:2585} INFO - Sync 1 DAGs
[2022-11-11T14:30:24.965+0000] {logging_mixin.py:120} INFO - [2022-11-11T14:30:24.965+0000] {dag.py:3340} INFO - Setting next_dagrun for example_short_circuit_operator to 2022-11-10T14:30:24.965014+00:00, run_after=2022-11-11T14:30:24.965014+00:00
[2022-11-11T14:30:24.993+0000] {processor.py:176} INFO - Processing /home/airflow/.local/lib/python3.7/site-packages/airflow/example_dags/example_short_circuit_operator.py took 0.154 seconds
[2022-11-11T14:30:55.204+0000] {processor.py:154} INFO - Started process (PID=474) to work on /home/airflow/.local/lib/python3.7/site-packages/airflow/example_dags/example_short_circuit_operator.py
[2022-11-11T14:30:55.205+0000] {processor.py:756} INFO - Processing file /home/airflow/.local/lib/python3.7/site-packages/airflow/example_dags/example_short_circuit_operator.py for tasks to queue
[2022-11-11T14:30:55.206+0000] {logging_mixin.py:120} INFO - [2022-11-11T14:30:55.206+0000] {dagbag.py:537} INFO - Filling up the DagBag from /home/airflow/.local/lib/python3.7/site-packages/airflow/example_dags/example_short_circuit_operator.py
[2022-11-11T14:30:55.235+0000] {processor.py:766} INFO - DAG(s) dict_keys(['example_short_circuit_operator']) retrieved from /home/airflow/.local/lib/python3.7/site-packages/airflow/example_dags/example_short_circuit_operator.py
[2022-11-11T14:30:55.296+0000] {logging_mixin.py:120} INFO - [2022-11-11T14:30:55.295+0000] {dag.py:2585} INFO - Sync 1 DAGs
[2022-11-11T14:30:55.332+0000] {logging_mixin.py:120} INFO - [2022-11-11T14:30:55.332+0000] {dag.py:3340} INFO - Setting next_dagrun for example_short_circuit_operator to 2022-11-10T14:30:55.331743+00:00, run_after=2022-11-11T14:30:55.331743+00:00
[2022-11-11T14:30:55.356+0000] {processor.py:176} INFO - Processing /home/airflow/.local/lib/python3.7/site-packages/airflow/example_dags/example_short_circuit_operator.py took 0.157 seconds
[2022-11-11T14:31:25.501+0000] {processor.py:154} INFO - Started process (PID=531) to work on /home/airflow/.local/lib/python3.7/site-packages/airflow/example_dags/example_short_circuit_operator.py
[2022-11-11T14:31:25.503+0000] {processor.py:756} INFO - Processing file /home/airflow/.local/lib/python3.7/site-packages/airflow/example_dags/example_short_circuit_operator.py for tasks to queue
[2022-11-11T14:31:25.504+0000] {logging_mixin.py:120} INFO - [2022-11-11T14:31:25.504+0000] {dagbag.py:537} INFO - Filling up the DagBag from /home/airflow/.local/lib/python3.7/site-packages/airflow/example_dags/example_short_circuit_operator.py
[2022-11-11T14:31:25.533+0000] {processor.py:766} INFO - DAG(s) dict_keys(['example_short_circuit_operator']) retrieved from /home/airflow/.local/lib/python3.7/site-packages/airflow/example_dags/example_short_circuit_operator.py
[2022-11-11T14:31:25.591+0000] {logging_mixin.py:120} INFO - [2022-11-11T14:31:25.591+0000] {dag.py:2585} INFO - Sync 1 DAGs
[2022-11-11T14:31:25.628+0000] {logging_mixin.py:120} INFO - [2022-11-11T14:31:25.628+0000] {dag.py:3340} INFO - Setting next_dagrun for example_short_circuit_operator to 2022-11-10T14:31:25.627996+00:00, run_after=2022-11-11T14:31:25.627996+00:00
[2022-11-11T14:31:25.653+0000] {processor.py:176} INFO - Processing /home/airflow/.local/lib/python3.7/site-packages/airflow/example_dags/example_short_circuit_operator.py took 0.156 seconds
[2022-11-11T14:31:55.816+0000] {processor.py:154} INFO - Started process (PID=588) to work on /home/airflow/.local/lib/python3.7/site-packages/airflow/example_dags/example_short_circuit_operator.py
[2022-11-11T14:31:55.817+0000] {processor.py:756} INFO - Processing file /home/airflow/.local/lib/python3.7/site-packages/airflow/example_dags/example_short_circuit_operator.py for tasks to queue
[2022-11-11T14:31:55.818+0000] {logging_mixin.py:120} INFO - [2022-11-11T14:31:55.817+0000] {dagbag.py:537} INFO - Filling up the DagBag from /home/airflow/.local/lib/python3.7/site-packages/airflow/example_dags/example_short_circuit_operator.py
[2022-11-11T14:31:55.842+0000] {processor.py:766} INFO - DAG(s) dict_keys(['example_short_circuit_operator']) retrieved from /home/airflow/.local/lib/python3.7/site-packages/airflow/example_dags/example_short_circuit_operator.py
[2022-11-11T14:31:55.901+0000] {logging_mixin.py:120} INFO - [2022-11-11T14:31:55.901+0000] {dag.py:2585} INFO - Sync 1 DAGs
[2022-11-11T14:31:55.934+0000] {logging_mixin.py:120} INFO - [2022-11-11T14:31:55.934+0000] {dag.py:3340} INFO - Setting next_dagrun for example_short_circuit_operator to 2022-11-10T14:31:55.934351+00:00, run_after=2022-11-11T14:31:55.934351+00:00
[2022-11-11T14:31:55.959+0000] {processor.py:176} INFO - Processing /home/airflow/.local/lib/python3.7/site-packages/airflow/example_dags/example_short_circuit_operator.py took 0.149 seconds
[2022-11-11T14:32:26.468+0000] {processor.py:154} INFO - Started process (PID=645) to work on /home/airflow/.local/lib/python3.7/site-packages/airflow/example_dags/example_short_circuit_operator.py
[2022-11-11T14:32:26.469+0000] {processor.py:756} INFO - Processing file /home/airflow/.local/lib/python3.7/site-packages/airflow/example_dags/example_short_circuit_operator.py for tasks to queue
[2022-11-11T14:32:26.470+0000] {logging_mixin.py:120} INFO - [2022-11-11T14:32:26.470+0000] {dagbag.py:537} INFO - Filling up the DagBag from /home/airflow/.local/lib/python3.7/site-packages/airflow/example_dags/example_short_circuit_operator.py
[2022-11-11T14:32:26.498+0000] {processor.py:766} INFO - DAG(s) dict_keys(['example_short_circuit_operator']) retrieved from /home/airflow/.local/lib/python3.7/site-packages/airflow/example_dags/example_short_circuit_operator.py
[2022-11-11T14:32:26.563+0000] {logging_mixin.py:120} INFO - [2022-11-11T14:32:26.563+0000] {dag.py:2585} INFO - Sync 1 DAGs
[2022-11-11T14:32:26.599+0000] {logging_mixin.py:120} INFO - [2022-11-11T14:32:26.599+0000] {dag.py:3340} INFO - Setting next_dagrun for example_short_circuit_operator to 2022-11-10T14:32:26.599104+00:00, run_after=2022-11-11T14:32:26.599104+00:00
[2022-11-11T14:32:26.623+0000] {processor.py:176} INFO - Processing /home/airflow/.local/lib/python3.7/site-packages/airflow/example_dags/example_short_circuit_operator.py took 0.161 seconds
[2022-11-11T14:32:56.957+0000] {processor.py:154} INFO - Started process (PID=701) to work on /home/airflow/.local/lib/python3.7/site-packages/airflow/example_dags/example_short_circuit_operator.py
[2022-11-11T14:32:56.959+0000] {processor.py:756} INFO - Processing file /home/airflow/.local/lib/python3.7/site-packages/airflow/example_dags/example_short_circuit_operator.py for tasks to queue
[2022-11-11T14:32:56.959+0000] {logging_mixin.py:120} INFO - [2022-11-11T14:32:56.959+0000] {dagbag.py:537} INFO - Filling up the DagBag from /home/airflow/.local/lib/python3.7/site-packages/airflow/example_dags/example_short_circuit_operator.py
[2022-11-11T14:32:56.984+0000] {processor.py:766} INFO - DAG(s) dict_keys(['example_short_circuit_operator']) retrieved from /home/airflow/.local/lib/python3.7/site-packages/airflow/example_dags/example_short_circuit_operator.py
[2022-11-11T14:32:57.042+0000] {logging_mixin.py:120} INFO - [2022-11-11T14:32:57.042+0000] {dag.py:2585} INFO - Sync 1 DAGs
[2022-11-11T14:32:57.090+0000] {logging_mixin.py:120} INFO - [2022-11-11T14:32:57.090+0000] {dag.py:3340} INFO - Setting next_dagrun for example_short_circuit_operator to 2022-11-10T14:32:57.090197+00:00, run_after=2022-11-11T14:32:57.090197+00:00
[2022-11-11T14:32:57.117+0000] {processor.py:176} INFO - Processing /home/airflow/.local/lib/python3.7/site-packages/airflow/example_dags/example_short_circuit_operator.py took 0.166 seconds
[2022-11-11T14:33:27.481+0000] {processor.py:154} INFO - Started process (PID=759) to work on /home/airflow/.local/lib/python3.7/site-packages/airflow/example_dags/example_short_circuit_operator.py
[2022-11-11T14:33:27.482+0000] {processor.py:756} INFO - Processing file /home/airflow/.local/lib/python3.7/site-packages/airflow/example_dags/example_short_circuit_operator.py for tasks to queue
[2022-11-11T14:33:27.483+0000] {logging_mixin.py:120} INFO - [2022-11-11T14:33:27.483+0000] {dagbag.py:537} INFO - Filling up the DagBag from /home/airflow/.local/lib/python3.7/site-packages/airflow/example_dags/example_short_circuit_operator.py
[2022-11-11T14:33:27.508+0000] {processor.py:766} INFO - DAG(s) dict_keys(['example_short_circuit_operator']) retrieved from /home/airflow/.local/lib/python3.7/site-packages/airflow/example_dags/example_short_circuit_operator.py
[2022-11-11T14:33:27.564+0000] {logging_mixin.py:120} INFO - [2022-11-11T14:33:27.564+0000] {dag.py:2585} INFO - Sync 1 DAGs
[2022-11-11T14:33:27.600+0000] {logging_mixin.py:120} INFO - [2022-11-11T14:33:27.599+0000] {dag.py:3340} INFO - Setting next_dagrun for example_short_circuit_operator to 2022-11-10T14:33:27.599505+00:00, run_after=2022-11-11T14:33:27.599505+00:00
[2022-11-11T14:33:27.624+0000] {processor.py:176} INFO - Processing /home/airflow/.local/lib/python3.7/site-packages/airflow/example_dags/example_short_circuit_operator.py took 0.148 seconds
[2022-11-11T14:33:58.165+0000] {processor.py:154} INFO - Started process (PID=815) to work on /home/airflow/.local/lib/python3.7/site-packages/airflow/example_dags/example_short_circuit_operator.py
[2022-11-11T14:33:58.167+0000] {processor.py:756} INFO - Processing file /home/airflow/.local/lib/python3.7/site-packages/airflow/example_dags/example_short_circuit_operator.py for tasks to queue
[2022-11-11T14:33:58.168+0000] {logging_mixin.py:120} INFO - [2022-11-11T14:33:58.167+0000] {dagbag.py:537} INFO - Filling up the DagBag from /home/airflow/.local/lib/python3.7/site-packages/airflow/example_dags/example_short_circuit_operator.py
[2022-11-11T14:33:58.196+0000] {processor.py:766} INFO - DAG(s) dict_keys(['example_short_circuit_operator']) retrieved from /home/airflow/.local/lib/python3.7/site-packages/airflow/example_dags/example_short_circuit_operator.py
[2022-11-11T14:33:58.260+0000] {logging_mixin.py:120} INFO - [2022-11-11T14:33:58.259+0000] {dag.py:2585} INFO - Sync 1 DAGs
[2022-11-11T14:33:58.293+0000] {logging_mixin.py:120} INFO - [2022-11-11T14:33:58.293+0000] {dag.py:3340} INFO - Setting next_dagrun for example_short_circuit_operator to 2022-11-10T14:33:58.293307+00:00, run_after=2022-11-11T14:33:58.293307+00:00
[2022-11-11T14:33:58.322+0000] {processor.py:176} INFO - Processing /home/airflow/.local/lib/python3.7/site-packages/airflow/example_dags/example_short_circuit_operator.py took 0.164 seconds
[2022-11-11T14:34:28.627+0000] {processor.py:154} INFO - Started process (PID=872) to work on /home/airflow/.local/lib/python3.7/site-packages/airflow/example_dags/example_short_circuit_operator.py
[2022-11-11T14:34:28.629+0000] {processor.py:756} INFO - Processing file /home/airflow/.local/lib/python3.7/site-packages/airflow/example_dags/example_short_circuit_operator.py for tasks to queue
[2022-11-11T14:34:28.629+0000] {logging_mixin.py:120} INFO - [2022-11-11T14:34:28.629+0000] {dagbag.py:537} INFO - Filling up the DagBag from /home/airflow/.local/lib/python3.7/site-packages/airflow/example_dags/example_short_circuit_operator.py
[2022-11-11T14:34:28.654+0000] {processor.py:766} INFO - DAG(s) dict_keys(['example_short_circuit_operator']) retrieved from /home/airflow/.local/lib/python3.7/site-packages/airflow/example_dags/example_short_circuit_operator.py
[2022-11-11T14:34:28.715+0000] {logging_mixin.py:120} INFO - [2022-11-11T14:34:28.715+0000] {dag.py:2585} INFO - Sync 1 DAGs
[2022-11-11T14:34:28.750+0000] {logging_mixin.py:120} INFO - [2022-11-11T14:34:28.750+0000] {dag.py:3340} INFO - Setting next_dagrun for example_short_circuit_operator to 2022-11-10T14:34:28.750286+00:00, run_after=2022-11-11T14:34:28.750286+00:00
[2022-11-11T14:34:28.780+0000] {processor.py:176} INFO - Processing /home/airflow/.local/lib/python3.7/site-packages/airflow/example_dags/example_short_circuit_operator.py took 0.158 seconds
[2022-11-11T14:34:59.260+0000] {processor.py:154} INFO - Started process (PID=929) to work on /home/airflow/.local/lib/python3.7/site-packages/airflow/example_dags/example_short_circuit_operator.py
[2022-11-11T14:34:59.262+0000] {processor.py:756} INFO - Processing file /home/airflow/.local/lib/python3.7/site-packages/airflow/example_dags/example_short_circuit_operator.py for tasks to queue
[2022-11-11T14:34:59.263+0000] {logging_mixin.py:120} INFO - [2022-11-11T14:34:59.263+0000] {dagbag.py:537} INFO - Filling up the DagBag from /home/airflow/.local/lib/python3.7/site-packages/airflow/example_dags/example_short_circuit_operator.py
[2022-11-11T14:34:59.289+0000] {processor.py:766} INFO - DAG(s) dict_keys(['example_short_circuit_operator']) retrieved from /home/airflow/.local/lib/python3.7/site-packages/airflow/example_dags/example_short_circuit_operator.py
[2022-11-11T14:34:59.346+0000] {logging_mixin.py:120} INFO - [2022-11-11T14:34:59.346+0000] {dag.py:2585} INFO - Sync 1 DAGs
[2022-11-11T14:34:59.384+0000] {logging_mixin.py:120} INFO - [2022-11-11T14:34:59.384+0000] {dag.py:3340} INFO - Setting next_dagrun for example_short_circuit_operator to 2022-11-10T14:34:59.383842+00:00, run_after=2022-11-11T14:34:59.383842+00:00
[2022-11-11T14:34:59.408+0000] {processor.py:176} INFO - Processing /home/airflow/.local/lib/python3.7/site-packages/airflow/example_dags/example_short_circuit_operator.py took 0.153 seconds
[2022-11-11T14:35:29.706+0000] {processor.py:154} INFO - Started process (PID=988) to work on /home/airflow/.local/lib/python3.7/site-packages/airflow/example_dags/example_short_circuit_operator.py
[2022-11-11T14:35:29.708+0000] {processor.py:756} INFO - Processing file /home/airflow/.local/lib/python3.7/site-packages/airflow/example_dags/example_short_circuit_operator.py for tasks to queue
[2022-11-11T14:35:29.708+0000] {logging_mixin.py:120} INFO - [2022-11-11T14:35:29.708+0000] {dagbag.py:537} INFO - Filling up the DagBag from /home/airflow/.local/lib/python3.7/site-packages/airflow/example_dags/example_short_circuit_operator.py
[2022-11-11T14:35:29.733+0000] {processor.py:766} INFO - DAG(s) dict_keys(['example_short_circuit_operator']) retrieved from /home/airflow/.local/lib/python3.7/site-packages/airflow/example_dags/example_short_circuit_operator.py
[2022-11-11T14:35:29.790+0000] {logging_mixin.py:120} INFO - [2022-11-11T14:35:29.789+0000] {dag.py:2585} INFO - Sync 1 DAGs
[2022-11-11T14:35:29.825+0000] {logging_mixin.py:120} INFO - [2022-11-11T14:35:29.824+0000] {dag.py:3340} INFO - Setting next_dagrun for example_short_circuit_operator to 2022-11-10T14:35:29.824529+00:00, run_after=2022-11-11T14:35:29.824529+00:00
[2022-11-11T14:35:29.849+0000] {processor.py:176} INFO - Processing /home/airflow/.local/lib/python3.7/site-packages/airflow/example_dags/example_short_circuit_operator.py took 0.148 seconds
[2022-11-11T14:36:00.220+0000] {processor.py:154} INFO - Started process (PID=1045) to work on /home/airflow/.local/lib/python3.7/site-packages/airflow/example_dags/example_short_circuit_operator.py
[2022-11-11T14:36:00.221+0000] {processor.py:756} INFO - Processing file /home/airflow/.local/lib/python3.7/site-packages/airflow/example_dags/example_short_circuit_operator.py for tasks to queue
[2022-11-11T14:36:00.223+0000] {logging_mixin.py:120} INFO - [2022-11-11T14:36:00.223+0000] {dagbag.py:537} INFO - Filling up the DagBag from /home/airflow/.local/lib/python3.7/site-packages/airflow/example_dags/example_short_circuit_operator.py
[2022-11-11T14:36:00.248+0000] {processor.py:766} INFO - DAG(s) dict_keys(['example_short_circuit_operator']) retrieved from /home/airflow/.local/lib/python3.7/site-packages/airflow/example_dags/example_short_circuit_operator.py
[2022-11-11T14:36:00.308+0000] {logging_mixin.py:120} INFO - [2022-11-11T14:36:00.308+0000] {dag.py:2585} INFO - Sync 1 DAGs
[2022-11-11T14:36:00.343+0000] {logging_mixin.py:120} INFO - [2022-11-11T14:36:00.342+0000] {dag.py:3340} INFO - Setting next_dagrun for example_short_circuit_operator to 2022-11-10T14:36:00.342593+00:00, run_after=2022-11-11T14:36:00.342593+00:00
[2022-11-11T14:36:00.368+0000] {processor.py:176} INFO - Processing /home/airflow/.local/lib/python3.7/site-packages/airflow/example_dags/example_short_circuit_operator.py took 0.153 seconds
[2022-11-11T14:36:30.862+0000] {processor.py:154} INFO - Started process (PID=1102) to work on /home/airflow/.local/lib/python3.7/site-packages/airflow/example_dags/example_short_circuit_operator.py
[2022-11-11T14:36:30.863+0000] {processor.py:756} INFO - Processing file /home/airflow/.local/lib/python3.7/site-packages/airflow/example_dags/example_short_circuit_operator.py for tasks to queue
[2022-11-11T14:36:30.864+0000] {logging_mixin.py:120} INFO - [2022-11-11T14:36:30.864+0000] {dagbag.py:537} INFO - Filling up the DagBag from /home/airflow/.local/lib/python3.7/site-packages/airflow/example_dags/example_short_circuit_operator.py
[2022-11-11T14:36:30.888+0000] {processor.py:766} INFO - DAG(s) dict_keys(['example_short_circuit_operator']) retrieved from /home/airflow/.local/lib/python3.7/site-packages/airflow/example_dags/example_short_circuit_operator.py
[2022-11-11T14:36:30.943+0000] {logging_mixin.py:120} INFO - [2022-11-11T14:36:30.943+0000] {dag.py:2585} INFO - Sync 1 DAGs
[2022-11-11T14:36:30.978+0000] {logging_mixin.py:120} INFO - [2022-11-11T14:36:30.977+0000] {dag.py:3340} INFO - Setting next_dagrun for example_short_circuit_operator to 2022-11-10T14:36:30.977650+00:00, run_after=2022-11-11T14:36:30.977650+00:00
[2022-11-11T14:36:31.002+0000] {processor.py:176} INFO - Processing /home/airflow/.local/lib/python3.7/site-packages/airflow/example_dags/example_short_circuit_operator.py took 0.145 seconds
[2022-11-11T14:37:01.381+0000] {processor.py:154} INFO - Started process (PID=1159) to work on /home/airflow/.local/lib/python3.7/site-packages/airflow/example_dags/example_short_circuit_operator.py
[2022-11-11T14:37:01.383+0000] {processor.py:756} INFO - Processing file /home/airflow/.local/lib/python3.7/site-packages/airflow/example_dags/example_short_circuit_operator.py for tasks to queue
[2022-11-11T14:37:01.384+0000] {logging_mixin.py:120} INFO - [2022-11-11T14:37:01.384+0000] {dagbag.py:537} INFO - Filling up the DagBag from /home/airflow/.local/lib/python3.7/site-packages/airflow/example_dags/example_short_circuit_operator.py
[2022-11-11T14:37:01.410+0000] {processor.py:766} INFO - DAG(s) dict_keys(['example_short_circuit_operator']) retrieved from /home/airflow/.local/lib/python3.7/site-packages/airflow/example_dags/example_short_circuit_operator.py
[2022-11-11T14:37:01.468+0000] {logging_mixin.py:120} INFO - [2022-11-11T14:37:01.467+0000] {dag.py:2585} INFO - Sync 1 DAGs
[2022-11-11T14:37:01.505+0000] {logging_mixin.py:120} INFO - [2022-11-11T14:37:01.504+0000] {dag.py:3340} INFO - Setting next_dagrun for example_short_circuit_operator to 2022-11-10T14:37:01.504614+00:00, run_after=2022-11-11T14:37:01.504614+00:00
[2022-11-11T14:37:01.534+0000] {processor.py:176} INFO - Processing /home/airflow/.local/lib/python3.7/site-packages/airflow/example_dags/example_short_circuit_operator.py took 0.158 seconds
[2022-11-11T14:37:31.866+0000] {processor.py:154} INFO - Started process (PID=1217) to work on /home/airflow/.local/lib/python3.7/site-packages/airflow/example_dags/example_short_circuit_operator.py
[2022-11-11T14:37:31.868+0000] {processor.py:756} INFO - Processing file /home/airflow/.local/lib/python3.7/site-packages/airflow/example_dags/example_short_circuit_operator.py for tasks to queue
[2022-11-11T14:37:31.869+0000] {logging_mixin.py:120} INFO - [2022-11-11T14:37:31.869+0000] {dagbag.py:537} INFO - Filling up the DagBag from /home/airflow/.local/lib/python3.7/site-packages/airflow/example_dags/example_short_circuit_operator.py
[2022-11-11T14:37:31.893+0000] {processor.py:766} INFO - DAG(s) dict_keys(['example_short_circuit_operator']) retrieved from /home/airflow/.local/lib/python3.7/site-packages/airflow/example_dags/example_short_circuit_operator.py
[2022-11-11T14:37:31.950+0000] {logging_mixin.py:120} INFO - [2022-11-11T14:37:31.949+0000] {dag.py:2585} INFO - Sync 1 DAGs
[2022-11-11T14:37:31.984+0000] {logging_mixin.py:120} INFO - [2022-11-11T14:37:31.984+0000] {dag.py:3340} INFO - Setting next_dagrun for example_short_circuit_operator to 2022-11-10T14:37:31.983844+00:00, run_after=2022-11-11T14:37:31.983844+00:00
[2022-11-11T14:37:32.007+0000] {processor.py:176} INFO - Processing /home/airflow/.local/lib/python3.7/site-packages/airflow/example_dags/example_short_circuit_operator.py took 0.146 seconds
[2022-11-11T14:38:02.477+0000] {processor.py:154} INFO - Started process (PID=1275) to work on /home/airflow/.local/lib/python3.7/site-packages/airflow/example_dags/example_short_circuit_operator.py
[2022-11-11T14:38:02.478+0000] {processor.py:756} INFO - Processing file /home/airflow/.local/lib/python3.7/site-packages/airflow/example_dags/example_short_circuit_operator.py for tasks to queue
[2022-11-11T14:38:02.479+0000] {logging_mixin.py:120} INFO - [2022-11-11T14:38:02.479+0000] {dagbag.py:537} INFO - Filling up the DagBag from /home/airflow/.local/lib/python3.7/site-packages/airflow/example_dags/example_short_circuit_operator.py
[2022-11-11T14:38:02.507+0000] {processor.py:766} INFO - DAG(s) dict_keys(['example_short_circuit_operator']) retrieved from /home/airflow/.local/lib/python3.7/site-packages/airflow/example_dags/example_short_circuit_operator.py
[2022-11-11T14:38:02.574+0000] {logging_mixin.py:120} INFO - [2022-11-11T14:38:02.574+0000] {dag.py:2585} INFO - Sync 1 DAGs
[2022-11-11T14:38:02.610+0000] {logging_mixin.py:120} INFO - [2022-11-11T14:38:02.610+0000] {dag.py:3340} INFO - Setting next_dagrun for example_short_circuit_operator to 2022-11-10T14:38:02.609731+00:00, run_after=2022-11-11T14:38:02.609731+00:00
[2022-11-11T14:38:02.635+0000] {processor.py:176} INFO - Processing /home/airflow/.local/lib/python3.7/site-packages/airflow/example_dags/example_short_circuit_operator.py took 0.163 seconds
[2022-11-11T14:38:33.006+0000] {processor.py:154} INFO - Started process (PID=1332) to work on /home/airflow/.local/lib/python3.7/site-packages/airflow/example_dags/example_short_circuit_operator.py
[2022-11-11T14:38:33.008+0000] {processor.py:756} INFO - Processing file /home/airflow/.local/lib/python3.7/site-packages/airflow/example_dags/example_short_circuit_operator.py for tasks to queue
[2022-11-11T14:38:33.008+0000] {logging_mixin.py:120} INFO - [2022-11-11T14:38:33.008+0000] {dagbag.py:537} INFO - Filling up the DagBag from /home/airflow/.local/lib/python3.7/site-packages/airflow/example_dags/example_short_circuit_operator.py
[2022-11-11T14:38:33.033+0000] {processor.py:766} INFO - DAG(s) dict_keys(['example_short_circuit_operator']) retrieved from /home/airflow/.local/lib/python3.7/site-packages/airflow/example_dags/example_short_circuit_operator.py
[2022-11-11T14:38:33.091+0000] {logging_mixin.py:120} INFO - [2022-11-11T14:38:33.091+0000] {dag.py:2585} INFO - Sync 1 DAGs
[2022-11-11T14:38:33.125+0000] {logging_mixin.py:120} INFO - [2022-11-11T14:38:33.125+0000] {dag.py:3340} INFO - Setting next_dagrun for example_short_circuit_operator to 2022-11-10T14:38:33.124708+00:00, run_after=2022-11-11T14:38:33.124708+00:00
[2022-11-11T14:38:33.149+0000] {processor.py:176} INFO - Processing /home/airflow/.local/lib/python3.7/site-packages/airflow/example_dags/example_short_circuit_operator.py took 0.148 seconds
[2022-11-11T14:39:03.528+0000] {processor.py:154} INFO - Started process (PID=1387) to work on /home/airflow/.local/lib/python3.7/site-packages/airflow/example_dags/example_short_circuit_operator.py
[2022-11-11T14:39:03.529+0000] {processor.py:756} INFO - Processing file /home/airflow/.local/lib/python3.7/site-packages/airflow/example_dags/example_short_circuit_operator.py for tasks to queue
[2022-11-11T14:39:03.530+0000] {logging_mixin.py:120} INFO - [2022-11-11T14:39:03.530+0000] {dagbag.py:537} INFO - Filling up the DagBag from /home/airflow/.local/lib/python3.7/site-packages/airflow/example_dags/example_short_circuit_operator.py
[2022-11-11T14:39:03.555+0000] {processor.py:766} INFO - DAG(s) dict_keys(['example_short_circuit_operator']) retrieved from /home/airflow/.local/lib/python3.7/site-packages/airflow/example_dags/example_short_circuit_operator.py
[2022-11-11T14:39:03.618+0000] {logging_mixin.py:120} INFO - [2022-11-11T14:39:03.618+0000] {dag.py:2585} INFO - Sync 1 DAGs
[2022-11-11T14:39:03.657+0000] {logging_mixin.py:120} INFO - [2022-11-11T14:39:03.656+0000] {dag.py:3340} INFO - Setting next_dagrun for example_short_circuit_operator to 2022-11-10T14:39:03.656509+00:00, run_after=2022-11-11T14:39:03.656509+00:00
[2022-11-11T14:39:03.684+0000] {processor.py:176} INFO - Processing /home/airflow/.local/lib/python3.7/site-packages/airflow/example_dags/example_short_circuit_operator.py took 0.162 seconds
[2022-11-11T14:39:34.192+0000] {processor.py:154} INFO - Started process (PID=1445) to work on /home/airflow/.local/lib/python3.7/site-packages/airflow/example_dags/example_short_circuit_operator.py
[2022-11-11T14:39:34.194+0000] {processor.py:756} INFO - Processing file /home/airflow/.local/lib/python3.7/site-packages/airflow/example_dags/example_short_circuit_operator.py for tasks to queue
[2022-11-11T14:39:34.195+0000] {logging_mixin.py:120} INFO - [2022-11-11T14:39:34.195+0000] {dagbag.py:537} INFO - Filling up the DagBag from /home/airflow/.local/lib/python3.7/site-packages/airflow/example_dags/example_short_circuit_operator.py
[2022-11-11T14:39:34.220+0000] {processor.py:766} INFO - DAG(s) dict_keys(['example_short_circuit_operator']) retrieved from /home/airflow/.local/lib/python3.7/site-packages/airflow/example_dags/example_short_circuit_operator.py
[2022-11-11T14:39:34.296+0000] {logging_mixin.py:120} INFO - [2022-11-11T14:39:34.296+0000] {dag.py:2585} INFO - Sync 1 DAGs
[2022-11-11T14:39:34.341+0000] {logging_mixin.py:120} INFO - [2022-11-11T14:39:34.340+0000] {dag.py:3340} INFO - Setting next_dagrun for example_short_circuit_operator to 2022-11-10T14:39:34.340640+00:00, run_after=2022-11-11T14:39:34.340640+00:00
[2022-11-11T14:39:34.364+0000] {processor.py:176} INFO - Processing /home/airflow/.local/lib/python3.7/site-packages/airflow/example_dags/example_short_circuit_operator.py took 0.178 seconds
[2022-11-11T14:40:04.911+0000] {processor.py:154} INFO - Started process (PID=1507) to work on /home/airflow/.local/lib/python3.7/site-packages/airflow/example_dags/example_short_circuit_operator.py
[2022-11-11T14:40:04.912+0000] {processor.py:756} INFO - Processing file /home/airflow/.local/lib/python3.7/site-packages/airflow/example_dags/example_short_circuit_operator.py for tasks to queue
[2022-11-11T14:40:04.913+0000] {logging_mixin.py:120} INFO - [2022-11-11T14:40:04.913+0000] {dagbag.py:537} INFO - Filling up the DagBag from /home/airflow/.local/lib/python3.7/site-packages/airflow/example_dags/example_short_circuit_operator.py
[2022-11-11T14:40:04.939+0000] {processor.py:766} INFO - DAG(s) dict_keys(['example_short_circuit_operator']) retrieved from /home/airflow/.local/lib/python3.7/site-packages/airflow/example_dags/example_short_circuit_operator.py
[2022-11-11T14:40:05.003+0000] {logging_mixin.py:120} INFO - [2022-11-11T14:40:05.003+0000] {dag.py:2585} INFO - Sync 1 DAGs
[2022-11-11T14:40:05.038+0000] {logging_mixin.py:120} INFO - [2022-11-11T14:40:05.038+0000] {dag.py:3340} INFO - Setting next_dagrun for example_short_circuit_operator to 2022-11-10T14:40:05.038375+00:00, run_after=2022-11-11T14:40:05.038375+00:00
[2022-11-11T14:40:05.066+0000] {processor.py:176} INFO - Processing /home/airflow/.local/lib/python3.7/site-packages/airflow/example_dags/example_short_circuit_operator.py took 0.161 seconds
[2022-11-11T14:40:35.389+0000] {processor.py:154} INFO - Started process (PID=1563) to work on /home/airflow/.local/lib/python3.7/site-packages/airflow/example_dags/example_short_circuit_operator.py
[2022-11-11T14:40:35.391+0000] {processor.py:756} INFO - Processing file /home/airflow/.local/lib/python3.7/site-packages/airflow/example_dags/example_short_circuit_operator.py for tasks to queue
[2022-11-11T14:40:35.392+0000] {logging_mixin.py:120} INFO - [2022-11-11T14:40:35.391+0000] {dagbag.py:537} INFO - Filling up the DagBag from /home/airflow/.local/lib/python3.7/site-packages/airflow/example_dags/example_short_circuit_operator.py
[2022-11-11T14:40:35.417+0000] {processor.py:766} INFO - DAG(s) dict_keys(['example_short_circuit_operator']) retrieved from /home/airflow/.local/lib/python3.7/site-packages/airflow/example_dags/example_short_circuit_operator.py
[2022-11-11T14:40:35.474+0000] {logging_mixin.py:120} INFO - [2022-11-11T14:40:35.474+0000] {dag.py:2585} INFO - Sync 1 DAGs
[2022-11-11T14:40:35.510+0000] {logging_mixin.py:120} INFO - [2022-11-11T14:40:35.510+0000] {dag.py:3340} INFO - Setting next_dagrun for example_short_circuit_operator to 2022-11-10T14:40:35.509912+00:00, run_after=2022-11-11T14:40:35.509912+00:00
[2022-11-11T14:40:35.534+0000] {processor.py:176} INFO - Processing /home/airflow/.local/lib/python3.7/site-packages/airflow/example_dags/example_short_circuit_operator.py took 0.151 seconds
[2022-11-11T14:41:06.106+0000] {processor.py:154} INFO - Started process (PID=1620) to work on /home/airflow/.local/lib/python3.7/site-packages/airflow/example_dags/example_short_circuit_operator.py
[2022-11-11T14:41:06.107+0000] {processor.py:756} INFO - Processing file /home/airflow/.local/lib/python3.7/site-packages/airflow/example_dags/example_short_circuit_operator.py for tasks to queue
[2022-11-11T14:41:06.108+0000] {logging_mixin.py:120} INFO - [2022-11-11T14:41:06.108+0000] {dagbag.py:537} INFO - Filling up the DagBag from /home/airflow/.local/lib/python3.7/site-packages/airflow/example_dags/example_short_circuit_operator.py
[2022-11-11T14:41:06.132+0000] {processor.py:766} INFO - DAG(s) dict_keys(['example_short_circuit_operator']) retrieved from /home/airflow/.local/lib/python3.7/site-packages/airflow/example_dags/example_short_circuit_operator.py
[2022-11-11T14:41:06.195+0000] {logging_mixin.py:120} INFO - [2022-11-11T14:41:06.195+0000] {dag.py:2585} INFO - Sync 1 DAGs
[2022-11-11T14:41:06.232+0000] {logging_mixin.py:120} INFO - [2022-11-11T14:41:06.232+0000] {dag.py:3340} INFO - Setting next_dagrun for example_short_circuit_operator to 2022-11-10T14:41:06.231891+00:00, run_after=2022-11-11T14:41:06.231891+00:00
[2022-11-11T14:41:06.257+0000] {processor.py:176} INFO - Processing /home/airflow/.local/lib/python3.7/site-packages/airflow/example_dags/example_short_circuit_operator.py took 0.156 seconds
[2022-11-11T14:41:36.480+0000] {processor.py:154} INFO - Started process (PID=1678) to work on /home/airflow/.local/lib/python3.7/site-packages/airflow/example_dags/example_short_circuit_operator.py
[2022-11-11T14:41:36.481+0000] {processor.py:756} INFO - Processing file /home/airflow/.local/lib/python3.7/site-packages/airflow/example_dags/example_short_circuit_operator.py for tasks to queue
[2022-11-11T14:41:36.482+0000] {logging_mixin.py:120} INFO - [2022-11-11T14:41:36.482+0000] {dagbag.py:537} INFO - Filling up the DagBag from /home/airflow/.local/lib/python3.7/site-packages/airflow/example_dags/example_short_circuit_operator.py
[2022-11-11T14:41:36.506+0000] {processor.py:766} INFO - DAG(s) dict_keys(['example_short_circuit_operator']) retrieved from /home/airflow/.local/lib/python3.7/site-packages/airflow/example_dags/example_short_circuit_operator.py
[2022-11-11T14:41:36.562+0000] {logging_mixin.py:120} INFO - [2022-11-11T14:41:36.562+0000] {dag.py:2585} INFO - Sync 1 DAGs
[2022-11-11T14:41:36.597+0000] {logging_mixin.py:120} INFO - [2022-11-11T14:41:36.597+0000] {dag.py:3340} INFO - Setting next_dagrun for example_short_circuit_operator to 2022-11-10T14:41:36.597002+00:00, run_after=2022-11-11T14:41:36.597002+00:00
[2022-11-11T14:41:36.620+0000] {processor.py:176} INFO - Processing /home/airflow/.local/lib/python3.7/site-packages/airflow/example_dags/example_short_circuit_operator.py took 0.145 seconds
[2022-11-11T14:42:07.047+0000] {processor.py:154} INFO - Started process (PID=1736) to work on /home/airflow/.local/lib/python3.7/site-packages/airflow/example_dags/example_short_circuit_operator.py
[2022-11-11T14:42:07.049+0000] {processor.py:756} INFO - Processing file /home/airflow/.local/lib/python3.7/site-packages/airflow/example_dags/example_short_circuit_operator.py for tasks to queue
[2022-11-11T14:42:07.050+0000] {logging_mixin.py:120} INFO - [2022-11-11T14:42:07.049+0000] {dagbag.py:537} INFO - Filling up the DagBag from /home/airflow/.local/lib/python3.7/site-packages/airflow/example_dags/example_short_circuit_operator.py
[2022-11-11T14:42:07.073+0000] {processor.py:766} INFO - DAG(s) dict_keys(['example_short_circuit_operator']) retrieved from /home/airflow/.local/lib/python3.7/site-packages/airflow/example_dags/example_short_circuit_operator.py
[2022-11-11T14:42:07.129+0000] {logging_mixin.py:120} INFO - [2022-11-11T14:42:07.129+0000] {dag.py:2585} INFO - Sync 1 DAGs
[2022-11-11T14:42:07.163+0000] {logging_mixin.py:120} INFO - [2022-11-11T14:42:07.163+0000] {dag.py:3340} INFO - Setting next_dagrun for example_short_circuit_operator to 2022-11-10T14:42:07.163442+00:00, run_after=2022-11-11T14:42:07.163442+00:00
[2022-11-11T14:42:07.191+0000] {processor.py:176} INFO - Processing /home/airflow/.local/lib/python3.7/site-packages/airflow/example_dags/example_short_circuit_operator.py took 0.149 seconds
[2022-11-11T14:42:37.552+0000] {processor.py:154} INFO - Started process (PID=1794) to work on /home/airflow/.local/lib/python3.7/site-packages/airflow/example_dags/example_short_circuit_operator.py
[2022-11-11T14:42:37.553+0000] {processor.py:756} INFO - Processing file /home/airflow/.local/lib/python3.7/site-packages/airflow/example_dags/example_short_circuit_operator.py for tasks to queue
[2022-11-11T14:42:37.554+0000] {logging_mixin.py:120} INFO - [2022-11-11T14:42:37.554+0000] {dagbag.py:537} INFO - Filling up the DagBag from /home/airflow/.local/lib/python3.7/site-packages/airflow/example_dags/example_short_circuit_operator.py
[2022-11-11T14:42:37.580+0000] {processor.py:766} INFO - DAG(s) dict_keys(['example_short_circuit_operator']) retrieved from /home/airflow/.local/lib/python3.7/site-packages/airflow/example_dags/example_short_circuit_operator.py
[2022-11-11T14:42:37.638+0000] {logging_mixin.py:120} INFO - [2022-11-11T14:42:37.638+0000] {dag.py:2585} INFO - Sync 1 DAGs
[2022-11-11T14:42:37.674+0000] {logging_mixin.py:120} INFO - [2022-11-11T14:42:37.674+0000] {dag.py:3340} INFO - Setting next_dagrun for example_short_circuit_operator to 2022-11-10T14:42:37.674126+00:00, run_after=2022-11-11T14:42:37.674126+00:00
[2022-11-11T14:42:37.701+0000] {processor.py:176} INFO - Processing /home/airflow/.local/lib/python3.7/site-packages/airflow/example_dags/example_short_circuit_operator.py took 0.155 seconds
[2022-11-11T14:43:08.201+0000] {processor.py:154} INFO - Started process (PID=1852) to work on /home/airflow/.local/lib/python3.7/site-packages/airflow/example_dags/example_short_circuit_operator.py
[2022-11-11T14:43:08.202+0000] {processor.py:756} INFO - Processing file /home/airflow/.local/lib/python3.7/site-packages/airflow/example_dags/example_short_circuit_operator.py for tasks to queue
[2022-11-11T14:43:08.203+0000] {logging_mixin.py:120} INFO - [2022-11-11T14:43:08.203+0000] {dagbag.py:537} INFO - Filling up the DagBag from /home/airflow/.local/lib/python3.7/site-packages/airflow/example_dags/example_short_circuit_operator.py
[2022-11-11T14:43:08.227+0000] {processor.py:766} INFO - DAG(s) dict_keys(['example_short_circuit_operator']) retrieved from /home/airflow/.local/lib/python3.7/site-packages/airflow/example_dags/example_short_circuit_operator.py
[2022-11-11T14:43:08.281+0000] {logging_mixin.py:120} INFO - [2022-11-11T14:43:08.281+0000] {dag.py:2585} INFO - Sync 1 DAGs
[2022-11-11T14:43:08.317+0000] {logging_mixin.py:120} INFO - [2022-11-11T14:43:08.317+0000] {dag.py:3340} INFO - Setting next_dagrun for example_short_circuit_operator to 2022-11-10T14:43:08.317272+00:00, run_after=2022-11-11T14:43:08.317272+00:00
[2022-11-11T14:43:08.346+0000] {processor.py:176} INFO - Processing /home/airflow/.local/lib/python3.7/site-packages/airflow/example_dags/example_short_circuit_operator.py took 0.150 seconds
[2022-11-11T14:43:38.623+0000] {processor.py:154} INFO - Started process (PID=1909) to work on /home/airflow/.local/lib/python3.7/site-packages/airflow/example_dags/example_short_circuit_operator.py
[2022-11-11T14:43:38.625+0000] {processor.py:756} INFO - Processing file /home/airflow/.local/lib/python3.7/site-packages/airflow/example_dags/example_short_circuit_operator.py for tasks to queue
[2022-11-11T14:43:38.626+0000] {logging_mixin.py:120} INFO - [2022-11-11T14:43:38.626+0000] {dagbag.py:537} INFO - Filling up the DagBag from /home/airflow/.local/lib/python3.7/site-packages/airflow/example_dags/example_short_circuit_operator.py
[2022-11-11T14:43:38.650+0000] {processor.py:766} INFO - DAG(s) dict_keys(['example_short_circuit_operator']) retrieved from /home/airflow/.local/lib/python3.7/site-packages/airflow/example_dags/example_short_circuit_operator.py
[2022-11-11T14:43:38.707+0000] {logging_mixin.py:120} INFO - [2022-11-11T14:43:38.707+0000] {dag.py:2585} INFO - Sync 1 DAGs
[2022-11-11T14:43:38.742+0000] {logging_mixin.py:120} INFO - [2022-11-11T14:43:38.742+0000] {dag.py:3340} INFO - Setting next_dagrun for example_short_circuit_operator to 2022-11-10T14:43:38.742194+00:00, run_after=2022-11-11T14:43:38.742194+00:00
[2022-11-11T14:43:38.764+0000] {processor.py:176} INFO - Processing /home/airflow/.local/lib/python3.7/site-packages/airflow/example_dags/example_short_circuit_operator.py took 0.146 seconds
[2022-11-11T14:44:09.030+0000] {processor.py:154} INFO - Started process (PID=1966) to work on /home/airflow/.local/lib/python3.7/site-packages/airflow/example_dags/example_short_circuit_operator.py
[2022-11-11T14:44:09.031+0000] {processor.py:756} INFO - Processing file /home/airflow/.local/lib/python3.7/site-packages/airflow/example_dags/example_short_circuit_operator.py for tasks to queue
[2022-11-11T14:44:09.032+0000] {logging_mixin.py:120} INFO - [2022-11-11T14:44:09.032+0000] {dagbag.py:537} INFO - Filling up the DagBag from /home/airflow/.local/lib/python3.7/site-packages/airflow/example_dags/example_short_circuit_operator.py
[2022-11-11T14:44:09.056+0000] {processor.py:766} INFO - DAG(s) dict_keys(['example_short_circuit_operator']) retrieved from /home/airflow/.local/lib/python3.7/site-packages/airflow/example_dags/example_short_circuit_operator.py
[2022-11-11T14:44:09.112+0000] {logging_mixin.py:120} INFO - [2022-11-11T14:44:09.111+0000] {dag.py:2585} INFO - Sync 1 DAGs
[2022-11-11T14:44:09.144+0000] {logging_mixin.py:120} INFO - [2022-11-11T14:44:09.144+0000] {dag.py:3340} INFO - Setting next_dagrun for example_short_circuit_operator to 2022-11-10T14:44:09.143695+00:00, run_after=2022-11-11T14:44:09.143695+00:00
[2022-11-11T14:44:09.166+0000] {processor.py:176} INFO - Processing /home/airflow/.local/lib/python3.7/site-packages/airflow/example_dags/example_short_circuit_operator.py took 0.142 seconds
