[2022-11-11T14:17:50.099+0000] {processor.py:154} INFO - Started process (PID=48) to work on /home/airflow/.local/lib/python3.7/site-packages/airflow/example_dags/tutorial_dag.py
[2022-11-11T14:17:50.100+0000] {processor.py:756} INFO - Processing file /home/airflow/.local/lib/python3.7/site-packages/airflow/example_dags/tutorial_dag.py for tasks to queue
[2022-11-11T14:17:50.101+0000] {logging_mixin.py:120} INFO - [2022-11-11T14:17:50.101+0000] {dagbag.py:537} INFO - Filling up the DagBag from /home/airflow/.local/lib/python3.7/site-packages/airflow/example_dags/tutorial_dag.py
[2022-11-11T14:17:50.125+0000] {processor.py:766} INFO - DAG(s) dict_keys(['tutorial_dag']) retrieved from /home/airflow/.local/lib/python3.7/site-packages/airflow/example_dags/tutorial_dag.py
[2022-11-11T14:17:50.339+0000] {logging_mixin.py:120} INFO - [2022-11-11T14:17:50.339+0000] {manager.py:507} INFO - Created Permission View: can read on DAG:tutorial_dag
[2022-11-11T14:17:50.353+0000] {logging_mixin.py:120} INFO - [2022-11-11T14:17:50.353+0000] {manager.py:507} INFO - Created Permission View: can edit on DAG:tutorial_dag
[2022-11-11T14:17:50.365+0000] {logging_mixin.py:120} INFO - [2022-11-11T14:17:50.365+0000] {manager.py:507} INFO - Created Permission View: can delete on DAG:tutorial_dag
[2022-11-11T14:17:50.365+0000] {logging_mixin.py:120} INFO - [2022-11-11T14:17:50.365+0000] {dag.py:2585} INFO - Sync 1 DAGs
[2022-11-11T14:17:50.394+0000] {logging_mixin.py:120} INFO - [2022-11-11T14:17:50.394+0000] {dag.py:2606} INFO - Creating ORM DAG for tutorial_dag
[2022-11-11T14:17:50.412+0000] {logging_mixin.py:120} INFO - [2022-11-11T14:17:50.412+0000] {dag.py:3340} INFO - Setting next_dagrun for tutorial_dag to None, run_after=None
[2022-11-11T14:17:50.441+0000] {processor.py:176} INFO - Processing /home/airflow/.local/lib/python3.7/site-packages/airflow/example_dags/tutorial_dag.py took 0.347 seconds
[2022-11-11T14:18:21.260+0000] {processor.py:154} INFO - Started process (PID=105) to work on /home/airflow/.local/lib/python3.7/site-packages/airflow/example_dags/tutorial_dag.py
[2022-11-11T14:18:21.261+0000] {processor.py:756} INFO - Processing file /home/airflow/.local/lib/python3.7/site-packages/airflow/example_dags/tutorial_dag.py for tasks to queue
[2022-11-11T14:18:21.262+0000] {logging_mixin.py:120} INFO - [2022-11-11T14:18:21.262+0000] {dagbag.py:537} INFO - Filling up the DagBag from /home/airflow/.local/lib/python3.7/site-packages/airflow/example_dags/tutorial_dag.py
[2022-11-11T14:18:21.282+0000] {processor.py:766} INFO - DAG(s) dict_keys(['tutorial_dag']) retrieved from /home/airflow/.local/lib/python3.7/site-packages/airflow/example_dags/tutorial_dag.py
[2022-11-11T14:18:21.347+0000] {logging_mixin.py:120} INFO - [2022-11-11T14:18:21.346+0000] {dag.py:2585} INFO - Sync 1 DAGs
[2022-11-11T14:18:21.389+0000] {logging_mixin.py:120} INFO - [2022-11-11T14:18:21.388+0000] {dag.py:3340} INFO - Setting next_dagrun for tutorial_dag to None, run_after=None
[2022-11-11T14:18:21.420+0000] {processor.py:176} INFO - Processing /home/airflow/.local/lib/python3.7/site-packages/airflow/example_dags/tutorial_dag.py took 0.166 seconds
[2022-11-11T14:18:51.754+0000] {processor.py:154} INFO - Started process (PID=163) to work on /home/airflow/.local/lib/python3.7/site-packages/airflow/example_dags/tutorial_dag.py
[2022-11-11T14:18:51.756+0000] {processor.py:756} INFO - Processing file /home/airflow/.local/lib/python3.7/site-packages/airflow/example_dags/tutorial_dag.py for tasks to queue
[2022-11-11T14:18:51.758+0000] {logging_mixin.py:120} INFO - [2022-11-11T14:18:51.758+0000] {dagbag.py:537} INFO - Filling up the DagBag from /home/airflow/.local/lib/python3.7/site-packages/airflow/example_dags/tutorial_dag.py
[2022-11-11T14:18:51.786+0000] {processor.py:766} INFO - DAG(s) dict_keys(['tutorial_dag']) retrieved from /home/airflow/.local/lib/python3.7/site-packages/airflow/example_dags/tutorial_dag.py
[2022-11-11T14:18:51.871+0000] {logging_mixin.py:120} INFO - [2022-11-11T14:18:51.871+0000] {dag.py:2585} INFO - Sync 1 DAGs
[2022-11-11T14:18:51.927+0000] {logging_mixin.py:120} INFO - [2022-11-11T14:18:51.927+0000] {dag.py:3340} INFO - Setting next_dagrun for tutorial_dag to None, run_after=None
[2022-11-11T14:18:51.972+0000] {processor.py:176} INFO - Processing /home/airflow/.local/lib/python3.7/site-packages/airflow/example_dags/tutorial_dag.py took 0.225 seconds
[2022-11-11T14:19:22.193+0000] {processor.py:154} INFO - Started process (PID=220) to work on /home/airflow/.local/lib/python3.7/site-packages/airflow/example_dags/tutorial_dag.py
[2022-11-11T14:19:22.201+0000] {processor.py:756} INFO - Processing file /home/airflow/.local/lib/python3.7/site-packages/airflow/example_dags/tutorial_dag.py for tasks to queue
[2022-11-11T14:19:22.202+0000] {logging_mixin.py:120} INFO - [2022-11-11T14:19:22.202+0000] {dagbag.py:537} INFO - Filling up the DagBag from /home/airflow/.local/lib/python3.7/site-packages/airflow/example_dags/tutorial_dag.py
[2022-11-11T14:19:22.224+0000] {processor.py:766} INFO - DAG(s) dict_keys(['tutorial_dag']) retrieved from /home/airflow/.local/lib/python3.7/site-packages/airflow/example_dags/tutorial_dag.py
[2022-11-11T14:19:22.289+0000] {logging_mixin.py:120} INFO - [2022-11-11T14:19:22.289+0000] {dag.py:2585} INFO - Sync 1 DAGs
[2022-11-11T14:19:22.338+0000] {logging_mixin.py:120} INFO - [2022-11-11T14:19:22.337+0000] {dag.py:3340} INFO - Setting next_dagrun for tutorial_dag to None, run_after=None
[2022-11-11T14:19:22.366+0000] {processor.py:176} INFO - Processing /home/airflow/.local/lib/python3.7/site-packages/airflow/example_dags/tutorial_dag.py took 0.179 seconds
[2022-11-11T14:22:41.464+0000] {processor.py:154} INFO - Started process (PID=48) to work on /home/airflow/.local/lib/python3.7/site-packages/airflow/example_dags/tutorial_dag.py
[2022-11-11T14:22:41.465+0000] {processor.py:756} INFO - Processing file /home/airflow/.local/lib/python3.7/site-packages/airflow/example_dags/tutorial_dag.py for tasks to queue
[2022-11-11T14:22:41.466+0000] {logging_mixin.py:120} INFO - [2022-11-11T14:22:41.466+0000] {dagbag.py:537} INFO - Filling up the DagBag from /home/airflow/.local/lib/python3.7/site-packages/airflow/example_dags/tutorial_dag.py
[2022-11-11T14:22:41.489+0000] {processor.py:766} INFO - DAG(s) dict_keys(['tutorial_dag']) retrieved from /home/airflow/.local/lib/python3.7/site-packages/airflow/example_dags/tutorial_dag.py
[2022-11-11T14:22:41.547+0000] {logging_mixin.py:120} INFO - [2022-11-11T14:22:41.547+0000] {dag.py:2585} INFO - Sync 1 DAGs
[2022-11-11T14:22:41.583+0000] {logging_mixin.py:120} INFO - [2022-11-11T14:22:41.583+0000] {dag.py:3340} INFO - Setting next_dagrun for tutorial_dag to None, run_after=None
[2022-11-11T14:22:41.610+0000] {processor.py:176} INFO - Processing /home/airflow/.local/lib/python3.7/site-packages/airflow/example_dags/tutorial_dag.py took 0.151 seconds
[2022-11-11T14:23:11.826+0000] {processor.py:154} INFO - Started process (PID=106) to work on /home/airflow/.local/lib/python3.7/site-packages/airflow/example_dags/tutorial_dag.py
[2022-11-11T14:23:11.829+0000] {processor.py:756} INFO - Processing file /home/airflow/.local/lib/python3.7/site-packages/airflow/example_dags/tutorial_dag.py for tasks to queue
[2022-11-11T14:23:11.830+0000] {logging_mixin.py:120} INFO - [2022-11-11T14:23:11.830+0000] {dagbag.py:537} INFO - Filling up the DagBag from /home/airflow/.local/lib/python3.7/site-packages/airflow/example_dags/tutorial_dag.py
[2022-11-11T14:23:11.861+0000] {processor.py:766} INFO - DAG(s) dict_keys(['tutorial_dag']) retrieved from /home/airflow/.local/lib/python3.7/site-packages/airflow/example_dags/tutorial_dag.py
[2022-11-11T14:23:11.929+0000] {logging_mixin.py:120} INFO - [2022-11-11T14:23:11.928+0000] {dag.py:2585} INFO - Sync 1 DAGs
[2022-11-11T14:23:11.998+0000] {logging_mixin.py:120} INFO - [2022-11-11T14:23:11.997+0000] {dag.py:3340} INFO - Setting next_dagrun for tutorial_dag to None, run_after=None
[2022-11-11T14:23:12.030+0000] {processor.py:176} INFO - Processing /home/airflow/.local/lib/python3.7/site-packages/airflow/example_dags/tutorial_dag.py took 0.211 seconds
[2022-11-11T14:24:38.581+0000] {processor.py:154} INFO - Started process (PID=51) to work on /home/airflow/.local/lib/python3.7/site-packages/airflow/example_dags/tutorial_dag.py
[2022-11-11T14:24:38.582+0000] {processor.py:756} INFO - Processing file /home/airflow/.local/lib/python3.7/site-packages/airflow/example_dags/tutorial_dag.py for tasks to queue
[2022-11-11T14:24:38.583+0000] {logging_mixin.py:120} INFO - [2022-11-11T14:24:38.583+0000] {dagbag.py:537} INFO - Filling up the DagBag from /home/airflow/.local/lib/python3.7/site-packages/airflow/example_dags/tutorial_dag.py
[2022-11-11T14:24:38.603+0000] {processor.py:766} INFO - DAG(s) dict_keys(['tutorial_dag']) retrieved from /home/airflow/.local/lib/python3.7/site-packages/airflow/example_dags/tutorial_dag.py
[2022-11-11T14:24:38.673+0000] {logging_mixin.py:120} INFO - [2022-11-11T14:24:38.673+0000] {dag.py:2585} INFO - Sync 1 DAGs
[2022-11-11T14:24:38.716+0000] {logging_mixin.py:120} INFO - [2022-11-11T14:24:38.716+0000] {dag.py:3340} INFO - Setting next_dagrun for tutorial_dag to None, run_after=None
[2022-11-11T14:24:38.745+0000] {processor.py:176} INFO - Processing /home/airflow/.local/lib/python3.7/site-packages/airflow/example_dags/tutorial_dag.py took 0.170 seconds
[2022-11-11T14:27:13.991+0000] {processor.py:154} INFO - Started process (PID=51) to work on /home/airflow/.local/lib/python3.7/site-packages/airflow/example_dags/tutorial_dag.py
[2022-11-11T14:27:13.993+0000] {processor.py:756} INFO - Processing file /home/airflow/.local/lib/python3.7/site-packages/airflow/example_dags/tutorial_dag.py for tasks to queue
[2022-11-11T14:27:13.994+0000] {logging_mixin.py:120} INFO - [2022-11-11T14:27:13.994+0000] {dagbag.py:537} INFO - Filling up the DagBag from /home/airflow/.local/lib/python3.7/site-packages/airflow/example_dags/tutorial_dag.py
[2022-11-11T14:27:14.015+0000] {processor.py:766} INFO - DAG(s) dict_keys(['tutorial_dag']) retrieved from /home/airflow/.local/lib/python3.7/site-packages/airflow/example_dags/tutorial_dag.py
[2022-11-11T14:27:14.091+0000] {logging_mixin.py:120} INFO - [2022-11-11T14:27:14.091+0000] {dag.py:2585} INFO - Sync 1 DAGs
[2022-11-11T14:27:14.146+0000] {logging_mixin.py:120} INFO - [2022-11-11T14:27:14.146+0000] {dag.py:3340} INFO - Setting next_dagrun for tutorial_dag to None, run_after=None
[2022-11-11T14:27:14.174+0000] {processor.py:176} INFO - Processing /home/airflow/.local/lib/python3.7/site-packages/airflow/example_dags/tutorial_dag.py took 0.188 seconds
[2022-11-11T14:27:45.208+0000] {processor.py:154} INFO - Started process (PID=108) to work on /home/airflow/.local/lib/python3.7/site-packages/airflow/example_dags/tutorial_dag.py
[2022-11-11T14:27:45.210+0000] {processor.py:756} INFO - Processing file /home/airflow/.local/lib/python3.7/site-packages/airflow/example_dags/tutorial_dag.py for tasks to queue
[2022-11-11T14:27:45.211+0000] {logging_mixin.py:120} INFO - [2022-11-11T14:27:45.211+0000] {dagbag.py:537} INFO - Filling up the DagBag from /home/airflow/.local/lib/python3.7/site-packages/airflow/example_dags/tutorial_dag.py
[2022-11-11T14:27:45.538+0000] {processor.py:766} INFO - DAG(s) dict_keys(['tutorial_dag']) retrieved from /home/airflow/.local/lib/python3.7/site-packages/airflow/example_dags/tutorial_dag.py
[2022-11-11T14:27:45.595+0000] {logging_mixin.py:120} INFO - [2022-11-11T14:27:45.595+0000] {dag.py:2585} INFO - Sync 1 DAGs
[2022-11-11T14:27:45.629+0000] {logging_mixin.py:120} INFO - [2022-11-11T14:27:45.628+0000] {dag.py:3340} INFO - Setting next_dagrun for tutorial_dag to None, run_after=None
[2022-11-11T14:27:46.034+0000] {processor.py:176} INFO - Processing /home/airflow/.local/lib/python3.7/site-packages/airflow/example_dags/tutorial_dag.py took 0.831 seconds
[2022-11-11T14:28:16.372+0000] {processor.py:154} INFO - Started process (PID=167) to work on /home/airflow/.local/lib/python3.7/site-packages/airflow/example_dags/tutorial_dag.py
[2022-11-11T14:28:16.374+0000] {processor.py:756} INFO - Processing file /home/airflow/.local/lib/python3.7/site-packages/airflow/example_dags/tutorial_dag.py for tasks to queue
[2022-11-11T14:28:16.375+0000] {logging_mixin.py:120} INFO - [2022-11-11T14:28:16.375+0000] {dagbag.py:537} INFO - Filling up the DagBag from /home/airflow/.local/lib/python3.7/site-packages/airflow/example_dags/tutorial_dag.py
[2022-11-11T14:28:16.399+0000] {processor.py:766} INFO - DAG(s) dict_keys(['tutorial_dag']) retrieved from /home/airflow/.local/lib/python3.7/site-packages/airflow/example_dags/tutorial_dag.py
[2022-11-11T14:28:16.461+0000] {logging_mixin.py:120} INFO - [2022-11-11T14:28:16.461+0000] {dag.py:2585} INFO - Sync 1 DAGs
[2022-11-11T14:28:16.494+0000] {logging_mixin.py:120} INFO - [2022-11-11T14:28:16.494+0000] {dag.py:3340} INFO - Setting next_dagrun for tutorial_dag to None, run_after=None
[2022-11-11T14:28:16.519+0000] {processor.py:176} INFO - Processing /home/airflow/.local/lib/python3.7/site-packages/airflow/example_dags/tutorial_dag.py took 0.155 seconds
[2022-11-11T14:28:46.712+0000] {processor.py:154} INFO - Started process (PID=226) to work on /home/airflow/.local/lib/python3.7/site-packages/airflow/example_dags/tutorial_dag.py
[2022-11-11T14:28:46.713+0000] {processor.py:756} INFO - Processing file /home/airflow/.local/lib/python3.7/site-packages/airflow/example_dags/tutorial_dag.py for tasks to queue
[2022-11-11T14:28:46.714+0000] {logging_mixin.py:120} INFO - [2022-11-11T14:28:46.714+0000] {dagbag.py:537} INFO - Filling up the DagBag from /home/airflow/.local/lib/python3.7/site-packages/airflow/example_dags/tutorial_dag.py
[2022-11-11T14:28:46.739+0000] {processor.py:766} INFO - DAG(s) dict_keys(['tutorial_dag']) retrieved from /home/airflow/.local/lib/python3.7/site-packages/airflow/example_dags/tutorial_dag.py
[2022-11-11T14:28:46.799+0000] {logging_mixin.py:120} INFO - [2022-11-11T14:28:46.799+0000] {dag.py:2585} INFO - Sync 1 DAGs
[2022-11-11T14:28:46.833+0000] {logging_mixin.py:120} INFO - [2022-11-11T14:28:46.833+0000] {dag.py:3340} INFO - Setting next_dagrun for tutorial_dag to None, run_after=None
[2022-11-11T14:28:46.856+0000] {processor.py:176} INFO - Processing /home/airflow/.local/lib/python3.7/site-packages/airflow/example_dags/tutorial_dag.py took 0.151 seconds
[2022-11-11T14:29:17.043+0000] {processor.py:154} INFO - Started process (PID=283) to work on /home/airflow/.local/lib/python3.7/site-packages/airflow/example_dags/tutorial_dag.py
[2022-11-11T14:29:17.044+0000] {processor.py:756} INFO - Processing file /home/airflow/.local/lib/python3.7/site-packages/airflow/example_dags/tutorial_dag.py for tasks to queue
[2022-11-11T14:29:17.045+0000] {logging_mixin.py:120} INFO - [2022-11-11T14:29:17.045+0000] {dagbag.py:537} INFO - Filling up the DagBag from /home/airflow/.local/lib/python3.7/site-packages/airflow/example_dags/tutorial_dag.py
[2022-11-11T14:29:17.070+0000] {processor.py:766} INFO - DAG(s) dict_keys(['tutorial_dag']) retrieved from /home/airflow/.local/lib/python3.7/site-packages/airflow/example_dags/tutorial_dag.py
[2022-11-11T14:29:17.128+0000] {logging_mixin.py:120} INFO - [2022-11-11T14:29:17.128+0000] {dag.py:2585} INFO - Sync 1 DAGs
[2022-11-11T14:29:17.162+0000] {logging_mixin.py:120} INFO - [2022-11-11T14:29:17.162+0000] {dag.py:3340} INFO - Setting next_dagrun for tutorial_dag to None, run_after=None
[2022-11-11T14:29:17.185+0000] {processor.py:176} INFO - Processing /home/airflow/.local/lib/python3.7/site-packages/airflow/example_dags/tutorial_dag.py took 0.148 seconds
[2022-11-11T14:29:47.720+0000] {processor.py:154} INFO - Started process (PID=340) to work on /home/airflow/.local/lib/python3.7/site-packages/airflow/example_dags/tutorial_dag.py
[2022-11-11T14:29:47.722+0000] {processor.py:756} INFO - Processing file /home/airflow/.local/lib/python3.7/site-packages/airflow/example_dags/tutorial_dag.py for tasks to queue
[2022-11-11T14:29:47.722+0000] {logging_mixin.py:120} INFO - [2022-11-11T14:29:47.722+0000] {dagbag.py:537} INFO - Filling up the DagBag from /home/airflow/.local/lib/python3.7/site-packages/airflow/example_dags/tutorial_dag.py
[2022-11-11T14:29:47.742+0000] {processor.py:766} INFO - DAG(s) dict_keys(['tutorial_dag']) retrieved from /home/airflow/.local/lib/python3.7/site-packages/airflow/example_dags/tutorial_dag.py
[2022-11-11T14:29:47.808+0000] {logging_mixin.py:120} INFO - [2022-11-11T14:29:47.807+0000] {dag.py:2585} INFO - Sync 1 DAGs
[2022-11-11T14:29:47.848+0000] {logging_mixin.py:120} INFO - [2022-11-11T14:29:47.848+0000] {dag.py:3340} INFO - Setting next_dagrun for tutorial_dag to None, run_after=None
[2022-11-11T14:29:47.874+0000] {processor.py:176} INFO - Processing /home/airflow/.local/lib/python3.7/site-packages/airflow/example_dags/tutorial_dag.py took 0.160 seconds
[2022-11-11T14:30:18.415+0000] {processor.py:154} INFO - Started process (PID=397) to work on /home/airflow/.local/lib/python3.7/site-packages/airflow/example_dags/tutorial_dag.py
[2022-11-11T14:30:18.417+0000] {processor.py:756} INFO - Processing file /home/airflow/.local/lib/python3.7/site-packages/airflow/example_dags/tutorial_dag.py for tasks to queue
[2022-11-11T14:30:18.418+0000] {logging_mixin.py:120} INFO - [2022-11-11T14:30:18.417+0000] {dagbag.py:537} INFO - Filling up the DagBag from /home/airflow/.local/lib/python3.7/site-packages/airflow/example_dags/tutorial_dag.py
[2022-11-11T14:30:18.437+0000] {processor.py:766} INFO - DAG(s) dict_keys(['tutorial_dag']) retrieved from /home/airflow/.local/lib/python3.7/site-packages/airflow/example_dags/tutorial_dag.py
[2022-11-11T14:30:18.500+0000] {logging_mixin.py:120} INFO - [2022-11-11T14:30:18.500+0000] {dag.py:2585} INFO - Sync 1 DAGs
[2022-11-11T14:30:18.535+0000] {logging_mixin.py:120} INFO - [2022-11-11T14:30:18.535+0000] {dag.py:3340} INFO - Setting next_dagrun for tutorial_dag to None, run_after=None
[2022-11-11T14:30:18.564+0000] {processor.py:176} INFO - Processing /home/airflow/.local/lib/python3.7/site-packages/airflow/example_dags/tutorial_dag.py took 0.155 seconds
[2022-11-11T14:30:48.854+0000] {processor.py:154} INFO - Started process (PID=454) to work on /home/airflow/.local/lib/python3.7/site-packages/airflow/example_dags/tutorial_dag.py
[2022-11-11T14:30:48.855+0000] {processor.py:756} INFO - Processing file /home/airflow/.local/lib/python3.7/site-packages/airflow/example_dags/tutorial_dag.py for tasks to queue
[2022-11-11T14:30:48.856+0000] {logging_mixin.py:120} INFO - [2022-11-11T14:30:48.856+0000] {dagbag.py:537} INFO - Filling up the DagBag from /home/airflow/.local/lib/python3.7/site-packages/airflow/example_dags/tutorial_dag.py
[2022-11-11T14:30:48.877+0000] {processor.py:766} INFO - DAG(s) dict_keys(['tutorial_dag']) retrieved from /home/airflow/.local/lib/python3.7/site-packages/airflow/example_dags/tutorial_dag.py
[2022-11-11T14:30:48.940+0000] {logging_mixin.py:120} INFO - [2022-11-11T14:30:48.940+0000] {dag.py:2585} INFO - Sync 1 DAGs
[2022-11-11T14:30:48.976+0000] {logging_mixin.py:120} INFO - [2022-11-11T14:30:48.976+0000] {dag.py:3340} INFO - Setting next_dagrun for tutorial_dag to None, run_after=None
[2022-11-11T14:30:49.003+0000] {processor.py:176} INFO - Processing /home/airflow/.local/lib/python3.7/site-packages/airflow/example_dags/tutorial_dag.py took 0.155 seconds
[2022-11-11T14:31:19.579+0000] {processor.py:154} INFO - Started process (PID=511) to work on /home/airflow/.local/lib/python3.7/site-packages/airflow/example_dags/tutorial_dag.py
[2022-11-11T14:31:19.580+0000] {processor.py:756} INFO - Processing file /home/airflow/.local/lib/python3.7/site-packages/airflow/example_dags/tutorial_dag.py for tasks to queue
[2022-11-11T14:31:19.581+0000] {logging_mixin.py:120} INFO - [2022-11-11T14:31:19.580+0000] {dagbag.py:537} INFO - Filling up the DagBag from /home/airflow/.local/lib/python3.7/site-packages/airflow/example_dags/tutorial_dag.py
[2022-11-11T14:31:19.599+0000] {processor.py:766} INFO - DAG(s) dict_keys(['tutorial_dag']) retrieved from /home/airflow/.local/lib/python3.7/site-packages/airflow/example_dags/tutorial_dag.py
[2022-11-11T14:31:19.658+0000] {logging_mixin.py:120} INFO - [2022-11-11T14:31:19.657+0000] {dag.py:2585} INFO - Sync 1 DAGs
[2022-11-11T14:31:19.693+0000] {logging_mixin.py:120} INFO - [2022-11-11T14:31:19.693+0000] {dag.py:3340} INFO - Setting next_dagrun for tutorial_dag to None, run_after=None
[2022-11-11T14:31:19.716+0000] {processor.py:176} INFO - Processing /home/airflow/.local/lib/python3.7/site-packages/airflow/example_dags/tutorial_dag.py took 0.142 seconds
[2022-11-11T14:31:49.882+0000] {processor.py:154} INFO - Started process (PID=568) to work on /home/airflow/.local/lib/python3.7/site-packages/airflow/example_dags/tutorial_dag.py
[2022-11-11T14:31:49.883+0000] {processor.py:756} INFO - Processing file /home/airflow/.local/lib/python3.7/site-packages/airflow/example_dags/tutorial_dag.py for tasks to queue
[2022-11-11T14:31:49.885+0000] {logging_mixin.py:120} INFO - [2022-11-11T14:31:49.884+0000] {dagbag.py:537} INFO - Filling up the DagBag from /home/airflow/.local/lib/python3.7/site-packages/airflow/example_dags/tutorial_dag.py
[2022-11-11T14:31:49.903+0000] {processor.py:766} INFO - DAG(s) dict_keys(['tutorial_dag']) retrieved from /home/airflow/.local/lib/python3.7/site-packages/airflow/example_dags/tutorial_dag.py
[2022-11-11T14:31:49.964+0000] {logging_mixin.py:120} INFO - [2022-11-11T14:31:49.964+0000] {dag.py:2585} INFO - Sync 1 DAGs
[2022-11-11T14:31:49.996+0000] {logging_mixin.py:120} INFO - [2022-11-11T14:31:49.996+0000] {dag.py:3340} INFO - Setting next_dagrun for tutorial_dag to None, run_after=None
[2022-11-11T14:31:50.019+0000] {processor.py:176} INFO - Processing /home/airflow/.local/lib/python3.7/site-packages/airflow/example_dags/tutorial_dag.py took 0.141 seconds
[2022-11-11T14:32:20.314+0000] {processor.py:154} INFO - Started process (PID=625) to work on /home/airflow/.local/lib/python3.7/site-packages/airflow/example_dags/tutorial_dag.py
[2022-11-11T14:32:20.315+0000] {processor.py:756} INFO - Processing file /home/airflow/.local/lib/python3.7/site-packages/airflow/example_dags/tutorial_dag.py for tasks to queue
[2022-11-11T14:32:20.316+0000] {logging_mixin.py:120} INFO - [2022-11-11T14:32:20.315+0000] {dagbag.py:537} INFO - Filling up the DagBag from /home/airflow/.local/lib/python3.7/site-packages/airflow/example_dags/tutorial_dag.py
[2022-11-11T14:32:20.335+0000] {processor.py:766} INFO - DAG(s) dict_keys(['tutorial_dag']) retrieved from /home/airflow/.local/lib/python3.7/site-packages/airflow/example_dags/tutorial_dag.py
[2022-11-11T14:32:20.393+0000] {logging_mixin.py:120} INFO - [2022-11-11T14:32:20.393+0000] {dag.py:2585} INFO - Sync 1 DAGs
[2022-11-11T14:32:20.427+0000] {logging_mixin.py:120} INFO - [2022-11-11T14:32:20.427+0000] {dag.py:3340} INFO - Setting next_dagrun for tutorial_dag to None, run_after=None
[2022-11-11T14:32:20.452+0000] {processor.py:176} INFO - Processing /home/airflow/.local/lib/python3.7/site-packages/airflow/example_dags/tutorial_dag.py took 0.143 seconds
[2022-11-11T14:32:51.006+0000] {processor.py:154} INFO - Started process (PID=681) to work on /home/airflow/.local/lib/python3.7/site-packages/airflow/example_dags/tutorial_dag.py
[2022-11-11T14:32:51.007+0000] {processor.py:756} INFO - Processing file /home/airflow/.local/lib/python3.7/site-packages/airflow/example_dags/tutorial_dag.py for tasks to queue
[2022-11-11T14:32:51.008+0000] {logging_mixin.py:120} INFO - [2022-11-11T14:32:51.008+0000] {dagbag.py:537} INFO - Filling up the DagBag from /home/airflow/.local/lib/python3.7/site-packages/airflow/example_dags/tutorial_dag.py
[2022-11-11T14:32:51.028+0000] {processor.py:766} INFO - DAG(s) dict_keys(['tutorial_dag']) retrieved from /home/airflow/.local/lib/python3.7/site-packages/airflow/example_dags/tutorial_dag.py
[2022-11-11T14:32:51.085+0000] {logging_mixin.py:120} INFO - [2022-11-11T14:32:51.085+0000] {dag.py:2585} INFO - Sync 1 DAGs
[2022-11-11T14:32:51.119+0000] {logging_mixin.py:120} INFO - [2022-11-11T14:32:51.119+0000] {dag.py:3340} INFO - Setting next_dagrun for tutorial_dag to None, run_after=None
[2022-11-11T14:32:51.144+0000] {processor.py:176} INFO - Processing /home/airflow/.local/lib/python3.7/site-packages/airflow/example_dags/tutorial_dag.py took 0.142 seconds
[2022-11-11T14:33:21.422+0000] {processor.py:154} INFO - Started process (PID=739) to work on /home/airflow/.local/lib/python3.7/site-packages/airflow/example_dags/tutorial_dag.py
[2022-11-11T14:33:21.424+0000] {processor.py:756} INFO - Processing file /home/airflow/.local/lib/python3.7/site-packages/airflow/example_dags/tutorial_dag.py for tasks to queue
[2022-11-11T14:33:21.424+0000] {logging_mixin.py:120} INFO - [2022-11-11T14:33:21.424+0000] {dagbag.py:537} INFO - Filling up the DagBag from /home/airflow/.local/lib/python3.7/site-packages/airflow/example_dags/tutorial_dag.py
[2022-11-11T14:33:21.443+0000] {processor.py:766} INFO - DAG(s) dict_keys(['tutorial_dag']) retrieved from /home/airflow/.local/lib/python3.7/site-packages/airflow/example_dags/tutorial_dag.py
[2022-11-11T14:33:21.500+0000] {logging_mixin.py:120} INFO - [2022-11-11T14:33:21.500+0000] {dag.py:2585} INFO - Sync 1 DAGs
[2022-11-11T14:33:21.537+0000] {logging_mixin.py:120} INFO - [2022-11-11T14:33:21.537+0000] {dag.py:3340} INFO - Setting next_dagrun for tutorial_dag to None, run_after=None
[2022-11-11T14:33:21.567+0000] {processor.py:176} INFO - Processing /home/airflow/.local/lib/python3.7/site-packages/airflow/example_dags/tutorial_dag.py took 0.149 seconds
[2022-11-11T14:33:52.068+0000] {processor.py:154} INFO - Started process (PID=795) to work on /home/airflow/.local/lib/python3.7/site-packages/airflow/example_dags/tutorial_dag.py
[2022-11-11T14:33:52.069+0000] {processor.py:756} INFO - Processing file /home/airflow/.local/lib/python3.7/site-packages/airflow/example_dags/tutorial_dag.py for tasks to queue
[2022-11-11T14:33:52.070+0000] {logging_mixin.py:120} INFO - [2022-11-11T14:33:52.070+0000] {dagbag.py:537} INFO - Filling up the DagBag from /home/airflow/.local/lib/python3.7/site-packages/airflow/example_dags/tutorial_dag.py
[2022-11-11T14:33:52.090+0000] {processor.py:766} INFO - DAG(s) dict_keys(['tutorial_dag']) retrieved from /home/airflow/.local/lib/python3.7/site-packages/airflow/example_dags/tutorial_dag.py
[2022-11-11T14:33:52.150+0000] {logging_mixin.py:120} INFO - [2022-11-11T14:33:52.150+0000] {dag.py:2585} INFO - Sync 1 DAGs
[2022-11-11T14:33:52.186+0000] {logging_mixin.py:120} INFO - [2022-11-11T14:33:52.186+0000] {dag.py:3340} INFO - Setting next_dagrun for tutorial_dag to None, run_after=None
[2022-11-11T14:33:52.210+0000] {processor.py:176} INFO - Processing /home/airflow/.local/lib/python3.7/site-packages/airflow/example_dags/tutorial_dag.py took 0.146 seconds
[2022-11-11T14:34:22.704+0000] {processor.py:154} INFO - Started process (PID=852) to work on /home/airflow/.local/lib/python3.7/site-packages/airflow/example_dags/tutorial_dag.py
[2022-11-11T14:34:22.705+0000] {processor.py:756} INFO - Processing file /home/airflow/.local/lib/python3.7/site-packages/airflow/example_dags/tutorial_dag.py for tasks to queue
[2022-11-11T14:34:22.706+0000] {logging_mixin.py:120} INFO - [2022-11-11T14:34:22.706+0000] {dagbag.py:537} INFO - Filling up the DagBag from /home/airflow/.local/lib/python3.7/site-packages/airflow/example_dags/tutorial_dag.py
[2022-11-11T14:34:22.724+0000] {processor.py:766} INFO - DAG(s) dict_keys(['tutorial_dag']) retrieved from /home/airflow/.local/lib/python3.7/site-packages/airflow/example_dags/tutorial_dag.py
[2022-11-11T14:34:22.787+0000] {logging_mixin.py:120} INFO - [2022-11-11T14:34:22.787+0000] {dag.py:2585} INFO - Sync 1 DAGs
[2022-11-11T14:34:22.821+0000] {logging_mixin.py:120} INFO - [2022-11-11T14:34:22.821+0000] {dag.py:3340} INFO - Setting next_dagrun for tutorial_dag to None, run_after=None
[2022-11-11T14:34:22.845+0000] {processor.py:176} INFO - Processing /home/airflow/.local/lib/python3.7/site-packages/airflow/example_dags/tutorial_dag.py took 0.145 seconds
[2022-11-11T14:34:53.129+0000] {processor.py:154} INFO - Started process (PID=909) to work on /home/airflow/.local/lib/python3.7/site-packages/airflow/example_dags/tutorial_dag.py
[2022-11-11T14:34:53.131+0000] {processor.py:756} INFO - Processing file /home/airflow/.local/lib/python3.7/site-packages/airflow/example_dags/tutorial_dag.py for tasks to queue
[2022-11-11T14:34:53.132+0000] {logging_mixin.py:120} INFO - [2022-11-11T14:34:53.132+0000] {dagbag.py:537} INFO - Filling up the DagBag from /home/airflow/.local/lib/python3.7/site-packages/airflow/example_dags/tutorial_dag.py
[2022-11-11T14:34:53.151+0000] {processor.py:766} INFO - DAG(s) dict_keys(['tutorial_dag']) retrieved from /home/airflow/.local/lib/python3.7/site-packages/airflow/example_dags/tutorial_dag.py
[2022-11-11T14:34:53.210+0000] {logging_mixin.py:120} INFO - [2022-11-11T14:34:53.210+0000] {dag.py:2585} INFO - Sync 1 DAGs
[2022-11-11T14:34:53.243+0000] {logging_mixin.py:120} INFO - [2022-11-11T14:34:53.242+0000] {dag.py:3340} INFO - Setting next_dagrun for tutorial_dag to None, run_after=None
[2022-11-11T14:34:53.270+0000] {processor.py:176} INFO - Processing /home/airflow/.local/lib/python3.7/site-packages/airflow/example_dags/tutorial_dag.py took 0.145 seconds
[2022-11-11T14:35:23.752+0000] {processor.py:154} INFO - Started process (PID=968) to work on /home/airflow/.local/lib/python3.7/site-packages/airflow/example_dags/tutorial_dag.py
[2022-11-11T14:35:23.753+0000] {processor.py:756} INFO - Processing file /home/airflow/.local/lib/python3.7/site-packages/airflow/example_dags/tutorial_dag.py for tasks to queue
[2022-11-11T14:35:23.754+0000] {logging_mixin.py:120} INFO - [2022-11-11T14:35:23.753+0000] {dagbag.py:537} INFO - Filling up the DagBag from /home/airflow/.local/lib/python3.7/site-packages/airflow/example_dags/tutorial_dag.py
[2022-11-11T14:35:23.775+0000] {processor.py:766} INFO - DAG(s) dict_keys(['tutorial_dag']) retrieved from /home/airflow/.local/lib/python3.7/site-packages/airflow/example_dags/tutorial_dag.py
[2022-11-11T14:35:23.835+0000] {logging_mixin.py:120} INFO - [2022-11-11T14:35:23.835+0000] {dag.py:2585} INFO - Sync 1 DAGs
[2022-11-11T14:35:23.870+0000] {logging_mixin.py:120} INFO - [2022-11-11T14:35:23.870+0000] {dag.py:3340} INFO - Setting next_dagrun for tutorial_dag to None, run_after=None
[2022-11-11T14:35:23.893+0000] {processor.py:176} INFO - Processing /home/airflow/.local/lib/python3.7/site-packages/airflow/example_dags/tutorial_dag.py took 0.147 seconds
[2022-11-11T14:35:54.017+0000] {processor.py:154} INFO - Started process (PID=1025) to work on /home/airflow/.local/lib/python3.7/site-packages/airflow/example_dags/tutorial_dag.py
[2022-11-11T14:35:54.019+0000] {processor.py:756} INFO - Processing file /home/airflow/.local/lib/python3.7/site-packages/airflow/example_dags/tutorial_dag.py for tasks to queue
[2022-11-11T14:35:54.020+0000] {logging_mixin.py:120} INFO - [2022-11-11T14:35:54.019+0000] {dagbag.py:537} INFO - Filling up the DagBag from /home/airflow/.local/lib/python3.7/site-packages/airflow/example_dags/tutorial_dag.py
[2022-11-11T14:35:54.039+0000] {processor.py:766} INFO - DAG(s) dict_keys(['tutorial_dag']) retrieved from /home/airflow/.local/lib/python3.7/site-packages/airflow/example_dags/tutorial_dag.py
[2022-11-11T14:35:54.107+0000] {logging_mixin.py:120} INFO - [2022-11-11T14:35:54.107+0000] {dag.py:2585} INFO - Sync 1 DAGs
[2022-11-11T14:35:54.141+0000] {logging_mixin.py:120} INFO - [2022-11-11T14:35:54.140+0000] {dag.py:3340} INFO - Setting next_dagrun for tutorial_dag to None, run_after=None
[2022-11-11T14:35:54.165+0000] {processor.py:176} INFO - Processing /home/airflow/.local/lib/python3.7/site-packages/airflow/example_dags/tutorial_dag.py took 0.154 seconds
[2022-11-11T14:36:24.722+0000] {processor.py:154} INFO - Started process (PID=1082) to work on /home/airflow/.local/lib/python3.7/site-packages/airflow/example_dags/tutorial_dag.py
[2022-11-11T14:36:24.723+0000] {processor.py:756} INFO - Processing file /home/airflow/.local/lib/python3.7/site-packages/airflow/example_dags/tutorial_dag.py for tasks to queue
[2022-11-11T14:36:24.724+0000] {logging_mixin.py:120} INFO - [2022-11-11T14:36:24.724+0000] {dagbag.py:537} INFO - Filling up the DagBag from /home/airflow/.local/lib/python3.7/site-packages/airflow/example_dags/tutorial_dag.py
[2022-11-11T14:36:24.743+0000] {processor.py:766} INFO - DAG(s) dict_keys(['tutorial_dag']) retrieved from /home/airflow/.local/lib/python3.7/site-packages/airflow/example_dags/tutorial_dag.py
[2022-11-11T14:36:24.801+0000] {logging_mixin.py:120} INFO - [2022-11-11T14:36:24.801+0000] {dag.py:2585} INFO - Sync 1 DAGs
[2022-11-11T14:36:24.834+0000] {logging_mixin.py:120} INFO - [2022-11-11T14:36:24.834+0000] {dag.py:3340} INFO - Setting next_dagrun for tutorial_dag to None, run_after=None
[2022-11-11T14:36:24.859+0000] {processor.py:176} INFO - Processing /home/airflow/.local/lib/python3.7/site-packages/airflow/example_dags/tutorial_dag.py took 0.142 seconds
[2022-11-11T14:36:55.264+0000] {processor.py:154} INFO - Started process (PID=1139) to work on /home/airflow/.local/lib/python3.7/site-packages/airflow/example_dags/tutorial_dag.py
[2022-11-11T14:36:55.265+0000] {processor.py:756} INFO - Processing file /home/airflow/.local/lib/python3.7/site-packages/airflow/example_dags/tutorial_dag.py for tasks to queue
[2022-11-11T14:36:55.266+0000] {logging_mixin.py:120} INFO - [2022-11-11T14:36:55.266+0000] {dagbag.py:537} INFO - Filling up the DagBag from /home/airflow/.local/lib/python3.7/site-packages/airflow/example_dags/tutorial_dag.py
[2022-11-11T14:36:55.285+0000] {processor.py:766} INFO - DAG(s) dict_keys(['tutorial_dag']) retrieved from /home/airflow/.local/lib/python3.7/site-packages/airflow/example_dags/tutorial_dag.py
[2022-11-11T14:36:55.345+0000] {logging_mixin.py:120} INFO - [2022-11-11T14:36:55.345+0000] {dag.py:2585} INFO - Sync 1 DAGs
[2022-11-11T14:36:55.381+0000] {logging_mixin.py:120} INFO - [2022-11-11T14:36:55.381+0000] {dag.py:3340} INFO - Setting next_dagrun for tutorial_dag to None, run_after=None
[2022-11-11T14:36:55.411+0000] {processor.py:176} INFO - Processing /home/airflow/.local/lib/python3.7/site-packages/airflow/example_dags/tutorial_dag.py took 0.152 seconds
[2022-11-11T14:37:25.812+0000] {processor.py:154} INFO - Started process (PID=1197) to work on /home/airflow/.local/lib/python3.7/site-packages/airflow/example_dags/tutorial_dag.py
[2022-11-11T14:37:25.813+0000] {processor.py:756} INFO - Processing file /home/airflow/.local/lib/python3.7/site-packages/airflow/example_dags/tutorial_dag.py for tasks to queue
[2022-11-11T14:37:25.814+0000] {logging_mixin.py:120} INFO - [2022-11-11T14:37:25.814+0000] {dagbag.py:537} INFO - Filling up the DagBag from /home/airflow/.local/lib/python3.7/site-packages/airflow/example_dags/tutorial_dag.py
[2022-11-11T14:37:25.833+0000] {processor.py:766} INFO - DAG(s) dict_keys(['tutorial_dag']) retrieved from /home/airflow/.local/lib/python3.7/site-packages/airflow/example_dags/tutorial_dag.py
[2022-11-11T14:37:25.890+0000] {logging_mixin.py:120} INFO - [2022-11-11T14:37:25.889+0000] {dag.py:2585} INFO - Sync 1 DAGs
[2022-11-11T14:37:25.923+0000] {logging_mixin.py:120} INFO - [2022-11-11T14:37:25.923+0000] {dag.py:3340} INFO - Setting next_dagrun for tutorial_dag to None, run_after=None
[2022-11-11T14:37:25.946+0000] {processor.py:176} INFO - Processing /home/airflow/.local/lib/python3.7/site-packages/airflow/example_dags/tutorial_dag.py took 0.139 seconds
[2022-11-11T14:37:56.348+0000] {processor.py:154} INFO - Started process (PID=1255) to work on /home/airflow/.local/lib/python3.7/site-packages/airflow/example_dags/tutorial_dag.py
[2022-11-11T14:37:56.349+0000] {processor.py:756} INFO - Processing file /home/airflow/.local/lib/python3.7/site-packages/airflow/example_dags/tutorial_dag.py for tasks to queue
[2022-11-11T14:37:56.350+0000] {logging_mixin.py:120} INFO - [2022-11-11T14:37:56.350+0000] {dagbag.py:537} INFO - Filling up the DagBag from /home/airflow/.local/lib/python3.7/site-packages/airflow/example_dags/tutorial_dag.py
[2022-11-11T14:37:56.369+0000] {processor.py:766} INFO - DAG(s) dict_keys(['tutorial_dag']) retrieved from /home/airflow/.local/lib/python3.7/site-packages/airflow/example_dags/tutorial_dag.py
[2022-11-11T14:37:56.428+0000] {logging_mixin.py:120} INFO - [2022-11-11T14:37:56.428+0000] {dag.py:2585} INFO - Sync 1 DAGs
[2022-11-11T14:37:56.463+0000] {logging_mixin.py:120} INFO - [2022-11-11T14:37:56.463+0000] {dag.py:3340} INFO - Setting next_dagrun for tutorial_dag to None, run_after=None
[2022-11-11T14:37:56.489+0000] {processor.py:176} INFO - Processing /home/airflow/.local/lib/python3.7/site-packages/airflow/example_dags/tutorial_dag.py took 0.145 seconds
[2022-11-11T14:38:26.852+0000] {processor.py:154} INFO - Started process (PID=1312) to work on /home/airflow/.local/lib/python3.7/site-packages/airflow/example_dags/tutorial_dag.py
[2022-11-11T14:38:26.854+0000] {processor.py:756} INFO - Processing file /home/airflow/.local/lib/python3.7/site-packages/airflow/example_dags/tutorial_dag.py for tasks to queue
[2022-11-11T14:38:26.854+0000] {logging_mixin.py:120} INFO - [2022-11-11T14:38:26.854+0000] {dagbag.py:537} INFO - Filling up the DagBag from /home/airflow/.local/lib/python3.7/site-packages/airflow/example_dags/tutorial_dag.py
[2022-11-11T14:38:26.874+0000] {processor.py:766} INFO - DAG(s) dict_keys(['tutorial_dag']) retrieved from /home/airflow/.local/lib/python3.7/site-packages/airflow/example_dags/tutorial_dag.py
[2022-11-11T14:38:26.934+0000] {logging_mixin.py:120} INFO - [2022-11-11T14:38:26.934+0000] {dag.py:2585} INFO - Sync 1 DAGs
[2022-11-11T14:38:26.967+0000] {logging_mixin.py:120} INFO - [2022-11-11T14:38:26.967+0000] {dag.py:3340} INFO - Setting next_dagrun for tutorial_dag to None, run_after=None
[2022-11-11T14:38:26.992+0000] {processor.py:176} INFO - Processing /home/airflow/.local/lib/python3.7/site-packages/airflow/example_dags/tutorial_dag.py took 0.145 seconds
[2022-11-11T14:38:57.394+0000] {processor.py:154} INFO - Started process (PID=1367) to work on /home/airflow/.local/lib/python3.7/site-packages/airflow/example_dags/tutorial_dag.py
[2022-11-11T14:38:57.395+0000] {processor.py:756} INFO - Processing file /home/airflow/.local/lib/python3.7/site-packages/airflow/example_dags/tutorial_dag.py for tasks to queue
[2022-11-11T14:38:57.396+0000] {logging_mixin.py:120} INFO - [2022-11-11T14:38:57.396+0000] {dagbag.py:537} INFO - Filling up the DagBag from /home/airflow/.local/lib/python3.7/site-packages/airflow/example_dags/tutorial_dag.py
[2022-11-11T14:38:57.416+0000] {processor.py:766} INFO - DAG(s) dict_keys(['tutorial_dag']) retrieved from /home/airflow/.local/lib/python3.7/site-packages/airflow/example_dags/tutorial_dag.py
[2022-11-11T14:38:57.474+0000] {logging_mixin.py:120} INFO - [2022-11-11T14:38:57.474+0000] {dag.py:2585} INFO - Sync 1 DAGs
[2022-11-11T14:38:57.508+0000] {logging_mixin.py:120} INFO - [2022-11-11T14:38:57.508+0000] {dag.py:3340} INFO - Setting next_dagrun for tutorial_dag to None, run_after=None
[2022-11-11T14:38:57.537+0000] {processor.py:176} INFO - Processing /home/airflow/.local/lib/python3.7/site-packages/airflow/example_dags/tutorial_dag.py took 0.147 seconds
[2022-11-11T14:39:28.060+0000] {processor.py:154} INFO - Started process (PID=1425) to work on /home/airflow/.local/lib/python3.7/site-packages/airflow/example_dags/tutorial_dag.py
[2022-11-11T14:39:28.061+0000] {processor.py:756} INFO - Processing file /home/airflow/.local/lib/python3.7/site-packages/airflow/example_dags/tutorial_dag.py for tasks to queue
[2022-11-11T14:39:28.062+0000] {logging_mixin.py:120} INFO - [2022-11-11T14:39:28.061+0000] {dagbag.py:537} INFO - Filling up the DagBag from /home/airflow/.local/lib/python3.7/site-packages/airflow/example_dags/tutorial_dag.py
[2022-11-11T14:39:28.080+0000] {processor.py:766} INFO - DAG(s) dict_keys(['tutorial_dag']) retrieved from /home/airflow/.local/lib/python3.7/site-packages/airflow/example_dags/tutorial_dag.py
[2022-11-11T14:39:28.139+0000] {logging_mixin.py:120} INFO - [2022-11-11T14:39:28.139+0000] {dag.py:2585} INFO - Sync 1 DAGs
[2022-11-11T14:39:28.174+0000] {logging_mixin.py:120} INFO - [2022-11-11T14:39:28.174+0000] {dag.py:3340} INFO - Setting next_dagrun for tutorial_dag to None, run_after=None
[2022-11-11T14:39:28.199+0000] {processor.py:176} INFO - Processing /home/airflow/.local/lib/python3.7/site-packages/airflow/example_dags/tutorial_dag.py took 0.143 seconds
[2022-11-11T14:39:58.750+0000] {processor.py:154} INFO - Started process (PID=1481) to work on /home/airflow/.local/lib/python3.7/site-packages/airflow/example_dags/tutorial_dag.py
[2022-11-11T14:39:58.751+0000] {processor.py:756} INFO - Processing file /home/airflow/.local/lib/python3.7/site-packages/airflow/example_dags/tutorial_dag.py for tasks to queue
[2022-11-11T14:39:58.752+0000] {logging_mixin.py:120} INFO - [2022-11-11T14:39:58.752+0000] {dagbag.py:537} INFO - Filling up the DagBag from /home/airflow/.local/lib/python3.7/site-packages/airflow/example_dags/tutorial_dag.py
[2022-11-11T14:39:58.771+0000] {processor.py:766} INFO - DAG(s) dict_keys(['tutorial_dag']) retrieved from /home/airflow/.local/lib/python3.7/site-packages/airflow/example_dags/tutorial_dag.py
[2022-11-11T14:39:58.829+0000] {logging_mixin.py:120} INFO - [2022-11-11T14:39:58.829+0000] {dag.py:2585} INFO - Sync 1 DAGs
[2022-11-11T14:39:58.863+0000] {logging_mixin.py:120} INFO - [2022-11-11T14:39:58.863+0000] {dag.py:3340} INFO - Setting next_dagrun for tutorial_dag to None, run_after=None
[2022-11-11T14:39:58.886+0000] {processor.py:176} INFO - Processing /home/airflow/.local/lib/python3.7/site-packages/airflow/example_dags/tutorial_dag.py took 0.141 seconds
[2022-11-11T14:40:29.377+0000] {processor.py:154} INFO - Started process (PID=1537) to work on /home/airflow/.local/lib/python3.7/site-packages/airflow/example_dags/tutorial_dag.py
[2022-11-11T14:40:29.378+0000] {processor.py:756} INFO - Processing file /home/airflow/.local/lib/python3.7/site-packages/airflow/example_dags/tutorial_dag.py for tasks to queue
[2022-11-11T14:40:29.379+0000] {logging_mixin.py:120} INFO - [2022-11-11T14:40:29.379+0000] {dagbag.py:537} INFO - Filling up the DagBag from /home/airflow/.local/lib/python3.7/site-packages/airflow/example_dags/tutorial_dag.py
[2022-11-11T14:40:29.399+0000] {processor.py:766} INFO - DAG(s) dict_keys(['tutorial_dag']) retrieved from /home/airflow/.local/lib/python3.7/site-packages/airflow/example_dags/tutorial_dag.py
[2022-11-11T14:40:29.459+0000] {logging_mixin.py:120} INFO - [2022-11-11T14:40:29.459+0000] {dag.py:2585} INFO - Sync 1 DAGs
[2022-11-11T14:40:29.499+0000] {logging_mixin.py:120} INFO - [2022-11-11T14:40:29.499+0000] {dag.py:3340} INFO - Setting next_dagrun for tutorial_dag to None, run_after=None
[2022-11-11T14:40:29.525+0000] {processor.py:176} INFO - Processing /home/airflow/.local/lib/python3.7/site-packages/airflow/example_dags/tutorial_dag.py took 0.152 seconds
[2022-11-11T14:40:59.677+0000] {processor.py:154} INFO - Started process (PID=1593) to work on /home/airflow/.local/lib/python3.7/site-packages/airflow/example_dags/tutorial_dag.py
[2022-11-11T14:40:59.679+0000] {processor.py:756} INFO - Processing file /home/airflow/.local/lib/python3.7/site-packages/airflow/example_dags/tutorial_dag.py for tasks to queue
[2022-11-11T14:40:59.679+0000] {logging_mixin.py:120} INFO - [2022-11-11T14:40:59.679+0000] {dagbag.py:537} INFO - Filling up the DagBag from /home/airflow/.local/lib/python3.7/site-packages/airflow/example_dags/tutorial_dag.py
[2022-11-11T14:40:59.698+0000] {processor.py:766} INFO - DAG(s) dict_keys(['tutorial_dag']) retrieved from /home/airflow/.local/lib/python3.7/site-packages/airflow/example_dags/tutorial_dag.py
[2022-11-11T14:40:59.757+0000] {logging_mixin.py:120} INFO - [2022-11-11T14:40:59.757+0000] {dag.py:2585} INFO - Sync 1 DAGs
[2022-11-11T14:40:59.793+0000] {logging_mixin.py:120} INFO - [2022-11-11T14:40:59.793+0000] {dag.py:3340} INFO - Setting next_dagrun for tutorial_dag to None, run_after=None
[2022-11-11T14:40:59.822+0000] {processor.py:176} INFO - Processing /home/airflow/.local/lib/python3.7/site-packages/airflow/example_dags/tutorial_dag.py took 0.150 seconds
[2022-11-11T14:41:30.326+0000] {processor.py:154} INFO - Started process (PID=1650) to work on /home/airflow/.local/lib/python3.7/site-packages/airflow/example_dags/tutorial_dag.py
[2022-11-11T14:41:30.328+0000] {processor.py:756} INFO - Processing file /home/airflow/.local/lib/python3.7/site-packages/airflow/example_dags/tutorial_dag.py for tasks to queue
[2022-11-11T14:41:30.329+0000] {logging_mixin.py:120} INFO - [2022-11-11T14:41:30.328+0000] {dagbag.py:537} INFO - Filling up the DagBag from /home/airflow/.local/lib/python3.7/site-packages/airflow/example_dags/tutorial_dag.py
[2022-11-11T14:41:30.348+0000] {processor.py:766} INFO - DAG(s) dict_keys(['tutorial_dag']) retrieved from /home/airflow/.local/lib/python3.7/site-packages/airflow/example_dags/tutorial_dag.py
[2022-11-11T14:41:30.406+0000] {logging_mixin.py:120} INFO - [2022-11-11T14:41:30.406+0000] {dag.py:2585} INFO - Sync 1 DAGs
[2022-11-11T14:41:30.447+0000] {logging_mixin.py:120} INFO - [2022-11-11T14:41:30.447+0000] {dag.py:3340} INFO - Setting next_dagrun for tutorial_dag to None, run_after=None
[2022-11-11T14:41:30.473+0000] {processor.py:176} INFO - Processing /home/airflow/.local/lib/python3.7/site-packages/airflow/example_dags/tutorial_dag.py took 0.152 seconds
[2022-11-11T14:42:00.932+0000] {processor.py:154} INFO - Started process (PID=1709) to work on /home/airflow/.local/lib/python3.7/site-packages/airflow/example_dags/tutorial_dag.py
[2022-11-11T14:42:00.933+0000] {processor.py:756} INFO - Processing file /home/airflow/.local/lib/python3.7/site-packages/airflow/example_dags/tutorial_dag.py for tasks to queue
[2022-11-11T14:42:00.934+0000] {logging_mixin.py:120} INFO - [2022-11-11T14:42:00.934+0000] {dagbag.py:537} INFO - Filling up the DagBag from /home/airflow/.local/lib/python3.7/site-packages/airflow/example_dags/tutorial_dag.py
[2022-11-11T14:42:00.952+0000] {processor.py:766} INFO - DAG(s) dict_keys(['tutorial_dag']) retrieved from /home/airflow/.local/lib/python3.7/site-packages/airflow/example_dags/tutorial_dag.py
[2022-11-11T14:42:01.011+0000] {logging_mixin.py:120} INFO - [2022-11-11T14:42:01.011+0000] {dag.py:2585} INFO - Sync 1 DAGs
[2022-11-11T14:42:01.043+0000] {logging_mixin.py:120} INFO - [2022-11-11T14:42:01.043+0000] {dag.py:3340} INFO - Setting next_dagrun for tutorial_dag to None, run_after=None
[2022-11-11T14:42:01.066+0000] {processor.py:176} INFO - Processing /home/airflow/.local/lib/python3.7/site-packages/airflow/example_dags/tutorial_dag.py took 0.139 seconds
[2022-11-11T14:42:31.289+0000] {processor.py:154} INFO - Started process (PID=1767) to work on /home/airflow/.local/lib/python3.7/site-packages/airflow/example_dags/tutorial_dag.py
[2022-11-11T14:42:31.291+0000] {processor.py:756} INFO - Processing file /home/airflow/.local/lib/python3.7/site-packages/airflow/example_dags/tutorial_dag.py for tasks to queue
[2022-11-11T14:42:31.291+0000] {logging_mixin.py:120} INFO - [2022-11-11T14:42:31.291+0000] {dagbag.py:537} INFO - Filling up the DagBag from /home/airflow/.local/lib/python3.7/site-packages/airflow/example_dags/tutorial_dag.py
[2022-11-11T14:42:31.310+0000] {processor.py:766} INFO - DAG(s) dict_keys(['tutorial_dag']) retrieved from /home/airflow/.local/lib/python3.7/site-packages/airflow/example_dags/tutorial_dag.py
[2022-11-11T14:42:31.365+0000] {logging_mixin.py:120} INFO - [2022-11-11T14:42:31.365+0000] {dag.py:2585} INFO - Sync 1 DAGs
[2022-11-11T14:42:31.397+0000] {logging_mixin.py:120} INFO - [2022-11-11T14:42:31.397+0000] {dag.py:3340} INFO - Setting next_dagrun for tutorial_dag to None, run_after=None
[2022-11-11T14:42:31.420+0000] {processor.py:176} INFO - Processing /home/airflow/.local/lib/python3.7/site-packages/airflow/example_dags/tutorial_dag.py took 0.137 seconds
[2022-11-11T14:43:01.964+0000] {processor.py:154} INFO - Started process (PID=1825) to work on /home/airflow/.local/lib/python3.7/site-packages/airflow/example_dags/tutorial_dag.py
[2022-11-11T14:43:01.965+0000] {processor.py:756} INFO - Processing file /home/airflow/.local/lib/python3.7/site-packages/airflow/example_dags/tutorial_dag.py for tasks to queue
[2022-11-11T14:43:01.966+0000] {logging_mixin.py:120} INFO - [2022-11-11T14:43:01.966+0000] {dagbag.py:537} INFO - Filling up the DagBag from /home/airflow/.local/lib/python3.7/site-packages/airflow/example_dags/tutorial_dag.py
[2022-11-11T14:43:01.986+0000] {processor.py:766} INFO - DAG(s) dict_keys(['tutorial_dag']) retrieved from /home/airflow/.local/lib/python3.7/site-packages/airflow/example_dags/tutorial_dag.py
[2022-11-11T14:43:02.044+0000] {logging_mixin.py:120} INFO - [2022-11-11T14:43:02.043+0000] {dag.py:2585} INFO - Sync 1 DAGs
[2022-11-11T14:43:02.078+0000] {logging_mixin.py:120} INFO - [2022-11-11T14:43:02.078+0000] {dag.py:3340} INFO - Setting next_dagrun for tutorial_dag to None, run_after=None
[2022-11-11T14:43:02.108+0000] {processor.py:176} INFO - Processing /home/airflow/.local/lib/python3.7/site-packages/airflow/example_dags/tutorial_dag.py took 0.150 seconds
[2022-11-11T14:43:32.525+0000] {processor.py:154} INFO - Started process (PID=1882) to work on /home/airflow/.local/lib/python3.7/site-packages/airflow/example_dags/tutorial_dag.py
[2022-11-11T14:43:32.526+0000] {processor.py:756} INFO - Processing file /home/airflow/.local/lib/python3.7/site-packages/airflow/example_dags/tutorial_dag.py for tasks to queue
[2022-11-11T14:43:32.527+0000] {logging_mixin.py:120} INFO - [2022-11-11T14:43:32.527+0000] {dagbag.py:537} INFO - Filling up the DagBag from /home/airflow/.local/lib/python3.7/site-packages/airflow/example_dags/tutorial_dag.py
[2022-11-11T14:43:32.546+0000] {processor.py:766} INFO - DAG(s) dict_keys(['tutorial_dag']) retrieved from /home/airflow/.local/lib/python3.7/site-packages/airflow/example_dags/tutorial_dag.py
[2022-11-11T14:43:32.605+0000] {logging_mixin.py:120} INFO - [2022-11-11T14:43:32.605+0000] {dag.py:2585} INFO - Sync 1 DAGs
[2022-11-11T14:43:32.649+0000] {logging_mixin.py:120} INFO - [2022-11-11T14:43:32.649+0000] {dag.py:3340} INFO - Setting next_dagrun for tutorial_dag to None, run_after=None
[2022-11-11T14:43:32.677+0000] {processor.py:176} INFO - Processing /home/airflow/.local/lib/python3.7/site-packages/airflow/example_dags/tutorial_dag.py took 0.156 seconds
[2022-11-11T14:44:02.885+0000] {processor.py:154} INFO - Started process (PID=1939) to work on /home/airflow/.local/lib/python3.7/site-packages/airflow/example_dags/tutorial_dag.py
[2022-11-11T14:44:02.886+0000] {processor.py:756} INFO - Processing file /home/airflow/.local/lib/python3.7/site-packages/airflow/example_dags/tutorial_dag.py for tasks to queue
[2022-11-11T14:44:02.887+0000] {logging_mixin.py:120} INFO - [2022-11-11T14:44:02.887+0000] {dagbag.py:537} INFO - Filling up the DagBag from /home/airflow/.local/lib/python3.7/site-packages/airflow/example_dags/tutorial_dag.py
[2022-11-11T14:44:02.905+0000] {processor.py:766} INFO - DAG(s) dict_keys(['tutorial_dag']) retrieved from /home/airflow/.local/lib/python3.7/site-packages/airflow/example_dags/tutorial_dag.py
[2022-11-11T14:44:02.972+0000] {logging_mixin.py:120} INFO - [2022-11-11T14:44:02.972+0000] {dag.py:2585} INFO - Sync 1 DAGs
[2022-11-11T14:44:03.005+0000] {logging_mixin.py:120} INFO - [2022-11-11T14:44:03.005+0000] {dag.py:3340} INFO - Setting next_dagrun for tutorial_dag to None, run_after=None
[2022-11-11T14:44:03.030+0000] {processor.py:176} INFO - Processing /home/airflow/.local/lib/python3.7/site-packages/airflow/example_dags/tutorial_dag.py took 0.151 seconds
