[2022-11-11T14:18:10.865+0000] {processor.py:154} INFO - Started process (PID=87) to work on /home/airflow/.local/lib/python3.7/site-packages/airflow/example_dags/tutorial.py
[2022-11-11T14:18:10.866+0000] {processor.py:756} INFO - Processing file /home/airflow/.local/lib/python3.7/site-packages/airflow/example_dags/tutorial.py for tasks to queue
[2022-11-11T14:18:10.867+0000] {logging_mixin.py:120} INFO - [2022-11-11T14:18:10.867+0000] {dagbag.py:537} INFO - Filling up the DagBag from /home/airflow/.local/lib/python3.7/site-packages/airflow/example_dags/tutorial.py
[2022-11-11T14:18:10.890+0000] {processor.py:766} INFO - DAG(s) dict_keys(['tutorial']) retrieved from /home/airflow/.local/lib/python3.7/site-packages/airflow/example_dags/tutorial.py
[2022-11-11T14:18:11.076+0000] {logging_mixin.py:120} INFO - [2022-11-11T14:18:11.075+0000] {manager.py:507} INFO - Created Permission View: can read on DAG:tutorial
[2022-11-11T14:18:11.088+0000] {logging_mixin.py:120} INFO - [2022-11-11T14:18:11.088+0000] {manager.py:507} INFO - Created Permission View: can edit on DAG:tutorial
[2022-11-11T14:18:11.098+0000] {logging_mixin.py:120} INFO - [2022-11-11T14:18:11.098+0000] {manager.py:507} INFO - Created Permission View: can delete on DAG:tutorial
[2022-11-11T14:18:11.098+0000] {logging_mixin.py:120} INFO - [2022-11-11T14:18:11.098+0000] {dag.py:2585} INFO - Sync 1 DAGs
[2022-11-11T14:18:11.119+0000] {logging_mixin.py:120} INFO - [2022-11-11T14:18:11.118+0000] {dag.py:2606} INFO - Creating ORM DAG for tutorial
[2022-11-11T14:18:11.137+0000] {logging_mixin.py:120} INFO - [2022-11-11T14:18:11.137+0000] {dag.py:3340} INFO - Setting next_dagrun for tutorial to 2022-11-10T14:18:11.137069+00:00, run_after=2022-11-11T14:18:11.137069+00:00
[2022-11-11T14:18:11.167+0000] {processor.py:176} INFO - Processing /home/airflow/.local/lib/python3.7/site-packages/airflow/example_dags/tutorial.py took 0.308 seconds
[2022-11-11T14:18:41.710+0000] {processor.py:154} INFO - Started process (PID=144) to work on /home/airflow/.local/lib/python3.7/site-packages/airflow/example_dags/tutorial.py
[2022-11-11T14:18:41.711+0000] {processor.py:756} INFO - Processing file /home/airflow/.local/lib/python3.7/site-packages/airflow/example_dags/tutorial.py for tasks to queue
[2022-11-11T14:18:41.712+0000] {logging_mixin.py:120} INFO - [2022-11-11T14:18:41.712+0000] {dagbag.py:537} INFO - Filling up the DagBag from /home/airflow/.local/lib/python3.7/site-packages/airflow/example_dags/tutorial.py
[2022-11-11T14:18:41.734+0000] {processor.py:766} INFO - DAG(s) dict_keys(['tutorial']) retrieved from /home/airflow/.local/lib/python3.7/site-packages/airflow/example_dags/tutorial.py
[2022-11-11T14:18:41.791+0000] {logging_mixin.py:120} INFO - [2022-11-11T14:18:41.791+0000] {dag.py:2585} INFO - Sync 1 DAGs
[2022-11-11T14:18:41.828+0000] {logging_mixin.py:120} INFO - [2022-11-11T14:18:41.828+0000] {dag.py:3340} INFO - Setting next_dagrun for tutorial to 2022-11-10T14:18:41.828078+00:00, run_after=2022-11-11T14:18:41.828078+00:00
[2022-11-11T14:18:41.860+0000] {processor.py:176} INFO - Processing /home/airflow/.local/lib/python3.7/site-packages/airflow/example_dags/tutorial.py took 0.156 seconds
[2022-11-11T14:19:11.937+0000] {processor.py:154} INFO - Started process (PID=202) to work on /home/airflow/.local/lib/python3.7/site-packages/airflow/example_dags/tutorial.py
[2022-11-11T14:19:11.938+0000] {processor.py:756} INFO - Processing file /home/airflow/.local/lib/python3.7/site-packages/airflow/example_dags/tutorial.py for tasks to queue
[2022-11-11T14:19:11.940+0000] {logging_mixin.py:120} INFO - [2022-11-11T14:19:11.939+0000] {dagbag.py:537} INFO - Filling up the DagBag from /home/airflow/.local/lib/python3.7/site-packages/airflow/example_dags/tutorial.py
[2022-11-11T14:19:11.962+0000] {processor.py:766} INFO - DAG(s) dict_keys(['tutorial']) retrieved from /home/airflow/.local/lib/python3.7/site-packages/airflow/example_dags/tutorial.py
[2022-11-11T14:19:12.021+0000] {logging_mixin.py:120} INFO - [2022-11-11T14:19:12.021+0000] {dag.py:2585} INFO - Sync 1 DAGs
[2022-11-11T14:19:12.058+0000] {logging_mixin.py:120} INFO - [2022-11-11T14:19:12.058+0000] {dag.py:3340} INFO - Setting next_dagrun for tutorial to 2022-11-10T14:19:12.057751+00:00, run_after=2022-11-11T14:19:12.057751+00:00
[2022-11-11T14:19:12.087+0000] {processor.py:176} INFO - Processing /home/airflow/.local/lib/python3.7/site-packages/airflow/example_dags/tutorial.py took 0.157 seconds
[2022-11-11T14:19:42.825+0000] {processor.py:154} INFO - Started process (PID=258) to work on /home/airflow/.local/lib/python3.7/site-packages/airflow/example_dags/tutorial.py
[2022-11-11T14:19:42.827+0000] {processor.py:756} INFO - Processing file /home/airflow/.local/lib/python3.7/site-packages/airflow/example_dags/tutorial.py for tasks to queue
[2022-11-11T14:19:42.828+0000] {logging_mixin.py:120} INFO - [2022-11-11T14:19:42.827+0000] {dagbag.py:537} INFO - Filling up the DagBag from /home/airflow/.local/lib/python3.7/site-packages/airflow/example_dags/tutorial.py
[2022-11-11T14:19:42.850+0000] {processor.py:766} INFO - DAG(s) dict_keys(['tutorial']) retrieved from /home/airflow/.local/lib/python3.7/site-packages/airflow/example_dags/tutorial.py
[2022-11-11T14:19:42.908+0000] {logging_mixin.py:120} INFO - [2022-11-11T14:19:42.908+0000] {dag.py:2585} INFO - Sync 1 DAGs
[2022-11-11T14:19:42.949+0000] {logging_mixin.py:120} INFO - [2022-11-11T14:19:42.949+0000] {dag.py:3340} INFO - Setting next_dagrun for tutorial to 2022-11-10T14:19:42.949002+00:00, run_after=2022-11-11T14:19:42.949002+00:00
[2022-11-11T14:19:42.977+0000] {processor.py:176} INFO - Processing /home/airflow/.local/lib/python3.7/site-packages/airflow/example_dags/tutorial.py took 0.158 seconds
[2022-11-11T14:22:48.442+0000] {processor.py:154} INFO - Started process (PID=73) to work on /home/airflow/.local/lib/python3.7/site-packages/airflow/example_dags/tutorial.py
[2022-11-11T14:22:48.444+0000] {processor.py:756} INFO - Processing file /home/airflow/.local/lib/python3.7/site-packages/airflow/example_dags/tutorial.py for tasks to queue
[2022-11-11T14:22:48.445+0000] {logging_mixin.py:120} INFO - [2022-11-11T14:22:48.444+0000] {dagbag.py:537} INFO - Filling up the DagBag from /home/airflow/.local/lib/python3.7/site-packages/airflow/example_dags/tutorial.py
[2022-11-11T14:22:48.468+0000] {processor.py:766} INFO - DAG(s) dict_keys(['tutorial']) retrieved from /home/airflow/.local/lib/python3.7/site-packages/airflow/example_dags/tutorial.py
[2022-11-11T14:22:48.530+0000] {logging_mixin.py:120} INFO - [2022-11-11T14:22:48.530+0000] {dag.py:2585} INFO - Sync 1 DAGs
[2022-11-11T14:22:48.568+0000] {logging_mixin.py:120} INFO - [2022-11-11T14:22:48.568+0000] {dag.py:3340} INFO - Setting next_dagrun for tutorial to 2022-11-10T14:22:48.568054+00:00, run_after=2022-11-11T14:22:48.568054+00:00
[2022-11-11T14:22:48.893+0000] {processor.py:176} INFO - Processing /home/airflow/.local/lib/python3.7/site-packages/airflow/example_dags/tutorial.py took 0.456 seconds
[2022-11-11T14:23:19.035+0000] {processor.py:154} INFO - Started process (PID=131) to work on /home/airflow/.local/lib/python3.7/site-packages/airflow/example_dags/tutorial.py
[2022-11-11T14:23:19.037+0000] {processor.py:756} INFO - Processing file /home/airflow/.local/lib/python3.7/site-packages/airflow/example_dags/tutorial.py for tasks to queue
[2022-11-11T14:23:19.038+0000] {logging_mixin.py:120} INFO - [2022-11-11T14:23:19.037+0000] {dagbag.py:537} INFO - Filling up the DagBag from /home/airflow/.local/lib/python3.7/site-packages/airflow/example_dags/tutorial.py
[2022-11-11T14:23:19.062+0000] {processor.py:766} INFO - DAG(s) dict_keys(['tutorial']) retrieved from /home/airflow/.local/lib/python3.7/site-packages/airflow/example_dags/tutorial.py
[2022-11-11T14:23:19.122+0000] {logging_mixin.py:120} INFO - [2022-11-11T14:23:19.121+0000] {dag.py:2585} INFO - Sync 1 DAGs
[2022-11-11T14:23:19.158+0000] {logging_mixin.py:120} INFO - [2022-11-11T14:23:19.158+0000] {dag.py:3340} INFO - Setting next_dagrun for tutorial to 2022-11-10T14:23:19.158196+00:00, run_after=2022-11-11T14:23:19.158196+00:00
[2022-11-11T14:23:19.192+0000] {processor.py:176} INFO - Processing /home/airflow/.local/lib/python3.7/site-packages/airflow/example_dags/tutorial.py took 0.162 seconds
[2022-11-11T14:24:41.772+0000] {processor.py:154} INFO - Started process (PID=76) to work on /home/airflow/.local/lib/python3.7/site-packages/airflow/example_dags/tutorial.py
[2022-11-11T14:24:41.773+0000] {processor.py:756} INFO - Processing file /home/airflow/.local/lib/python3.7/site-packages/airflow/example_dags/tutorial.py for tasks to queue
[2022-11-11T14:24:41.774+0000] {logging_mixin.py:120} INFO - [2022-11-11T14:24:41.774+0000] {dagbag.py:537} INFO - Filling up the DagBag from /home/airflow/.local/lib/python3.7/site-packages/airflow/example_dags/tutorial.py
[2022-11-11T14:24:41.797+0000] {processor.py:766} INFO - DAG(s) dict_keys(['tutorial']) retrieved from /home/airflow/.local/lib/python3.7/site-packages/airflow/example_dags/tutorial.py
[2022-11-11T14:24:41.853+0000] {logging_mixin.py:120} INFO - [2022-11-11T14:24:41.853+0000] {dag.py:2585} INFO - Sync 1 DAGs
[2022-11-11T14:24:41.887+0000] {logging_mixin.py:120} INFO - [2022-11-11T14:24:41.887+0000] {dag.py:3340} INFO - Setting next_dagrun for tutorial to 2022-11-10T14:24:41.886854+00:00, run_after=2022-11-11T14:24:41.886854+00:00
[2022-11-11T14:24:41.911+0000] {processor.py:176} INFO - Processing /home/airflow/.local/lib/python3.7/site-packages/airflow/example_dags/tutorial.py took 0.145 seconds
[2022-11-11T14:27:17.660+0000] {processor.py:154} INFO - Started process (PID=76) to work on /home/airflow/.local/lib/python3.7/site-packages/airflow/example_dags/tutorial.py
[2022-11-11T14:27:17.662+0000] {processor.py:756} INFO - Processing file /home/airflow/.local/lib/python3.7/site-packages/airflow/example_dags/tutorial.py for tasks to queue
[2022-11-11T14:27:17.663+0000] {logging_mixin.py:120} INFO - [2022-11-11T14:27:17.663+0000] {dagbag.py:537} INFO - Filling up the DagBag from /home/airflow/.local/lib/python3.7/site-packages/airflow/example_dags/tutorial.py
[2022-11-11T14:27:17.695+0000] {processor.py:766} INFO - DAG(s) dict_keys(['tutorial']) retrieved from /home/airflow/.local/lib/python3.7/site-packages/airflow/example_dags/tutorial.py
[2022-11-11T14:27:17.771+0000] {logging_mixin.py:120} INFO - [2022-11-11T14:27:17.771+0000] {dag.py:2585} INFO - Sync 1 DAGs
[2022-11-11T14:27:17.809+0000] {logging_mixin.py:120} INFO - [2022-11-11T14:27:17.808+0000] {dag.py:3340} INFO - Setting next_dagrun for tutorial to 2022-11-10T14:27:17.808250+00:00, run_after=2022-11-11T14:27:17.808250+00:00
[2022-11-11T14:27:17.842+0000] {processor.py:176} INFO - Processing /home/airflow/.local/lib/python3.7/site-packages/airflow/example_dags/tutorial.py took 0.189 seconds
[2022-11-11T14:27:53.164+0000] {processor.py:154} INFO - Started process (PID=133) to work on /home/airflow/.local/lib/python3.7/site-packages/airflow/example_dags/tutorial.py
[2022-11-11T14:27:53.165+0000] {processor.py:756} INFO - Processing file /home/airflow/.local/lib/python3.7/site-packages/airflow/example_dags/tutorial.py for tasks to queue
[2022-11-11T14:27:53.166+0000] {logging_mixin.py:120} INFO - [2022-11-11T14:27:53.166+0000] {dagbag.py:537} INFO - Filling up the DagBag from /home/airflow/.local/lib/python3.7/site-packages/airflow/example_dags/tutorial.py
[2022-11-11T14:27:53.188+0000] {processor.py:766} INFO - DAG(s) dict_keys(['tutorial']) retrieved from /home/airflow/.local/lib/python3.7/site-packages/airflow/example_dags/tutorial.py
[2022-11-11T14:27:53.245+0000] {logging_mixin.py:120} INFO - [2022-11-11T14:27:53.245+0000] {dag.py:2585} INFO - Sync 1 DAGs
[2022-11-11T14:27:53.278+0000] {logging_mixin.py:120} INFO - [2022-11-11T14:27:53.278+0000] {dag.py:3340} INFO - Setting next_dagrun for tutorial to 2022-11-10T14:27:53.278197+00:00, run_after=2022-11-11T14:27:53.278197+00:00
[2022-11-11T14:27:53.532+0000] {processor.py:176} INFO - Processing /home/airflow/.local/lib/python3.7/site-packages/airflow/example_dags/tutorial.py took 0.373 seconds
[2022-11-11T14:28:24.245+0000] {processor.py:154} INFO - Started process (PID=192) to work on /home/airflow/.local/lib/python3.7/site-packages/airflow/example_dags/tutorial.py
[2022-11-11T14:28:24.247+0000] {processor.py:756} INFO - Processing file /home/airflow/.local/lib/python3.7/site-packages/airflow/example_dags/tutorial.py for tasks to queue
[2022-11-11T14:28:24.248+0000] {logging_mixin.py:120} INFO - [2022-11-11T14:28:24.248+0000] {dagbag.py:537} INFO - Filling up the DagBag from /home/airflow/.local/lib/python3.7/site-packages/airflow/example_dags/tutorial.py
[2022-11-11T14:28:24.270+0000] {processor.py:766} INFO - DAG(s) dict_keys(['tutorial']) retrieved from /home/airflow/.local/lib/python3.7/site-packages/airflow/example_dags/tutorial.py
[2022-11-11T14:28:24.325+0000] {logging_mixin.py:120} INFO - [2022-11-11T14:28:24.325+0000] {dag.py:2585} INFO - Sync 1 DAGs
[2022-11-11T14:28:24.359+0000] {logging_mixin.py:120} INFO - [2022-11-11T14:28:24.359+0000] {dag.py:3340} INFO - Setting next_dagrun for tutorial to 2022-11-10T14:28:24.358721+00:00, run_after=2022-11-11T14:28:24.358721+00:00
[2022-11-11T14:28:24.390+0000] {processor.py:176} INFO - Processing /home/airflow/.local/lib/python3.7/site-packages/airflow/example_dags/tutorial.py took 0.150 seconds
[2022-11-11T14:28:55.021+0000] {processor.py:154} INFO - Started process (PID=251) to work on /home/airflow/.local/lib/python3.7/site-packages/airflow/example_dags/tutorial.py
[2022-11-11T14:28:55.022+0000] {processor.py:756} INFO - Processing file /home/airflow/.local/lib/python3.7/site-packages/airflow/example_dags/tutorial.py for tasks to queue
[2022-11-11T14:28:55.023+0000] {logging_mixin.py:120} INFO - [2022-11-11T14:28:55.023+0000] {dagbag.py:537} INFO - Filling up the DagBag from /home/airflow/.local/lib/python3.7/site-packages/airflow/example_dags/tutorial.py
[2022-11-11T14:28:55.047+0000] {processor.py:766} INFO - DAG(s) dict_keys(['tutorial']) retrieved from /home/airflow/.local/lib/python3.7/site-packages/airflow/example_dags/tutorial.py
[2022-11-11T14:28:55.108+0000] {logging_mixin.py:120} INFO - [2022-11-11T14:28:55.108+0000] {dag.py:2585} INFO - Sync 1 DAGs
[2022-11-11T14:28:55.145+0000] {logging_mixin.py:120} INFO - [2022-11-11T14:28:55.145+0000] {dag.py:3340} INFO - Setting next_dagrun for tutorial to 2022-11-10T14:28:55.144793+00:00, run_after=2022-11-11T14:28:55.144793+00:00
[2022-11-11T14:28:55.170+0000] {processor.py:176} INFO - Processing /home/airflow/.local/lib/python3.7/site-packages/airflow/example_dags/tutorial.py took 0.155 seconds
[2022-11-11T14:29:25.855+0000] {processor.py:154} INFO - Started process (PID=308) to work on /home/airflow/.local/lib/python3.7/site-packages/airflow/example_dags/tutorial.py
[2022-11-11T14:29:25.856+0000] {processor.py:756} INFO - Processing file /home/airflow/.local/lib/python3.7/site-packages/airflow/example_dags/tutorial.py for tasks to queue
[2022-11-11T14:29:25.857+0000] {logging_mixin.py:120} INFO - [2022-11-11T14:29:25.857+0000] {dagbag.py:537} INFO - Filling up the DagBag from /home/airflow/.local/lib/python3.7/site-packages/airflow/example_dags/tutorial.py
[2022-11-11T14:29:25.879+0000] {processor.py:766} INFO - DAG(s) dict_keys(['tutorial']) retrieved from /home/airflow/.local/lib/python3.7/site-packages/airflow/example_dags/tutorial.py
[2022-11-11T14:29:25.936+0000] {logging_mixin.py:120} INFO - [2022-11-11T14:29:25.936+0000] {dag.py:2585} INFO - Sync 1 DAGs
[2022-11-11T14:29:25.972+0000] {logging_mixin.py:120} INFO - [2022-11-11T14:29:25.972+0000] {dag.py:3340} INFO - Setting next_dagrun for tutorial to 2022-11-10T14:29:25.971737+00:00, run_after=2022-11-11T14:29:25.971737+00:00
[2022-11-11T14:29:25.999+0000] {processor.py:176} INFO - Processing /home/airflow/.local/lib/python3.7/site-packages/airflow/example_dags/tutorial.py took 0.148 seconds
[2022-11-11T14:29:56.503+0000] {processor.py:154} INFO - Started process (PID=365) to work on /home/airflow/.local/lib/python3.7/site-packages/airflow/example_dags/tutorial.py
[2022-11-11T14:29:56.504+0000] {processor.py:756} INFO - Processing file /home/airflow/.local/lib/python3.7/site-packages/airflow/example_dags/tutorial.py for tasks to queue
[2022-11-11T14:29:56.505+0000] {logging_mixin.py:120} INFO - [2022-11-11T14:29:56.505+0000] {dagbag.py:537} INFO - Filling up the DagBag from /home/airflow/.local/lib/python3.7/site-packages/airflow/example_dags/tutorial.py
[2022-11-11T14:29:56.527+0000] {processor.py:766} INFO - DAG(s) dict_keys(['tutorial']) retrieved from /home/airflow/.local/lib/python3.7/site-packages/airflow/example_dags/tutorial.py
[2022-11-11T14:29:56.584+0000] {logging_mixin.py:120} INFO - [2022-11-11T14:29:56.584+0000] {dag.py:2585} INFO - Sync 1 DAGs
[2022-11-11T14:29:56.619+0000] {logging_mixin.py:120} INFO - [2022-11-11T14:29:56.618+0000] {dag.py:3340} INFO - Setting next_dagrun for tutorial to 2022-11-10T14:29:56.618495+00:00, run_after=2022-11-11T14:29:56.618495+00:00
[2022-11-11T14:29:56.643+0000] {processor.py:176} INFO - Processing /home/airflow/.local/lib/python3.7/site-packages/airflow/example_dags/tutorial.py took 0.145 seconds
[2022-11-11T14:30:27.063+0000] {processor.py:154} INFO - Started process (PID=422) to work on /home/airflow/.local/lib/python3.7/site-packages/airflow/example_dags/tutorial.py
[2022-11-11T14:30:27.064+0000] {processor.py:756} INFO - Processing file /home/airflow/.local/lib/python3.7/site-packages/airflow/example_dags/tutorial.py for tasks to queue
[2022-11-11T14:30:27.065+0000] {logging_mixin.py:120} INFO - [2022-11-11T14:30:27.065+0000] {dagbag.py:537} INFO - Filling up the DagBag from /home/airflow/.local/lib/python3.7/site-packages/airflow/example_dags/tutorial.py
[2022-11-11T14:30:27.089+0000] {processor.py:766} INFO - DAG(s) dict_keys(['tutorial']) retrieved from /home/airflow/.local/lib/python3.7/site-packages/airflow/example_dags/tutorial.py
[2022-11-11T14:30:27.147+0000] {logging_mixin.py:120} INFO - [2022-11-11T14:30:27.147+0000] {dag.py:2585} INFO - Sync 1 DAGs
[2022-11-11T14:30:27.182+0000] {logging_mixin.py:120} INFO - [2022-11-11T14:30:27.182+0000] {dag.py:3340} INFO - Setting next_dagrun for tutorial to 2022-11-10T14:30:27.182396+00:00, run_after=2022-11-11T14:30:27.182396+00:00
[2022-11-11T14:30:27.211+0000] {processor.py:176} INFO - Processing /home/airflow/.local/lib/python3.7/site-packages/airflow/example_dags/tutorial.py took 0.154 seconds
[2022-11-11T14:30:57.602+0000] {processor.py:154} INFO - Started process (PID=479) to work on /home/airflow/.local/lib/python3.7/site-packages/airflow/example_dags/tutorial.py
[2022-11-11T14:30:57.603+0000] {processor.py:756} INFO - Processing file /home/airflow/.local/lib/python3.7/site-packages/airflow/example_dags/tutorial.py for tasks to queue
[2022-11-11T14:30:57.604+0000] {logging_mixin.py:120} INFO - [2022-11-11T14:30:57.604+0000] {dagbag.py:537} INFO - Filling up the DagBag from /home/airflow/.local/lib/python3.7/site-packages/airflow/example_dags/tutorial.py
[2022-11-11T14:30:57.626+0000] {processor.py:766} INFO - DAG(s) dict_keys(['tutorial']) retrieved from /home/airflow/.local/lib/python3.7/site-packages/airflow/example_dags/tutorial.py
[2022-11-11T14:30:57.680+0000] {logging_mixin.py:120} INFO - [2022-11-11T14:30:57.680+0000] {dag.py:2585} INFO - Sync 1 DAGs
[2022-11-11T14:30:57.714+0000] {logging_mixin.py:120} INFO - [2022-11-11T14:30:57.714+0000] {dag.py:3340} INFO - Setting next_dagrun for tutorial to 2022-11-10T14:30:57.714296+00:00, run_after=2022-11-11T14:30:57.714296+00:00
[2022-11-11T14:30:57.739+0000] {processor.py:176} INFO - Processing /home/airflow/.local/lib/python3.7/site-packages/airflow/example_dags/tutorial.py took 0.142 seconds
[2022-11-11T14:31:27.904+0000] {processor.py:154} INFO - Started process (PID=536) to work on /home/airflow/.local/lib/python3.7/site-packages/airflow/example_dags/tutorial.py
[2022-11-11T14:31:27.905+0000] {processor.py:756} INFO - Processing file /home/airflow/.local/lib/python3.7/site-packages/airflow/example_dags/tutorial.py for tasks to queue
[2022-11-11T14:31:27.906+0000] {logging_mixin.py:120} INFO - [2022-11-11T14:31:27.906+0000] {dagbag.py:537} INFO - Filling up the DagBag from /home/airflow/.local/lib/python3.7/site-packages/airflow/example_dags/tutorial.py
[2022-11-11T14:31:27.930+0000] {processor.py:766} INFO - DAG(s) dict_keys(['tutorial']) retrieved from /home/airflow/.local/lib/python3.7/site-packages/airflow/example_dags/tutorial.py
[2022-11-11T14:31:27.988+0000] {logging_mixin.py:120} INFO - [2022-11-11T14:31:27.988+0000] {dag.py:2585} INFO - Sync 1 DAGs
[2022-11-11T14:31:28.022+0000] {logging_mixin.py:120} INFO - [2022-11-11T14:31:28.022+0000] {dag.py:3340} INFO - Setting next_dagrun for tutorial to 2022-11-10T14:31:28.022417+00:00, run_after=2022-11-11T14:31:28.022417+00:00
[2022-11-11T14:31:28.046+0000] {processor.py:176} INFO - Processing /home/airflow/.local/lib/python3.7/site-packages/airflow/example_dags/tutorial.py took 0.148 seconds
[2022-11-11T14:31:58.316+0000] {processor.py:154} INFO - Started process (PID=593) to work on /home/airflow/.local/lib/python3.7/site-packages/airflow/example_dags/tutorial.py
[2022-11-11T14:31:58.317+0000] {processor.py:756} INFO - Processing file /home/airflow/.local/lib/python3.7/site-packages/airflow/example_dags/tutorial.py for tasks to queue
[2022-11-11T14:31:58.318+0000] {logging_mixin.py:120} INFO - [2022-11-11T14:31:58.318+0000] {dagbag.py:537} INFO - Filling up the DagBag from /home/airflow/.local/lib/python3.7/site-packages/airflow/example_dags/tutorial.py
[2022-11-11T14:31:58.340+0000] {processor.py:766} INFO - DAG(s) dict_keys(['tutorial']) retrieved from /home/airflow/.local/lib/python3.7/site-packages/airflow/example_dags/tutorial.py
[2022-11-11T14:31:58.400+0000] {logging_mixin.py:120} INFO - [2022-11-11T14:31:58.399+0000] {dag.py:2585} INFO - Sync 1 DAGs
[2022-11-11T14:31:58.433+0000] {logging_mixin.py:120} INFO - [2022-11-11T14:31:58.433+0000] {dag.py:3340} INFO - Setting next_dagrun for tutorial to 2022-11-10T14:31:58.433239+00:00, run_after=2022-11-11T14:31:58.433239+00:00
[2022-11-11T14:31:58.462+0000] {processor.py:176} INFO - Processing /home/airflow/.local/lib/python3.7/site-packages/airflow/example_dags/tutorial.py took 0.152 seconds
[2022-11-11T14:32:28.974+0000] {processor.py:154} INFO - Started process (PID=650) to work on /home/airflow/.local/lib/python3.7/site-packages/airflow/example_dags/tutorial.py
[2022-11-11T14:32:28.976+0000] {processor.py:756} INFO - Processing file /home/airflow/.local/lib/python3.7/site-packages/airflow/example_dags/tutorial.py for tasks to queue
[2022-11-11T14:32:28.978+0000] {logging_mixin.py:120} INFO - [2022-11-11T14:32:28.977+0000] {dagbag.py:537} INFO - Filling up the DagBag from /home/airflow/.local/lib/python3.7/site-packages/airflow/example_dags/tutorial.py
[2022-11-11T14:32:29.005+0000] {processor.py:766} INFO - DAG(s) dict_keys(['tutorial']) retrieved from /home/airflow/.local/lib/python3.7/site-packages/airflow/example_dags/tutorial.py
[2022-11-11T14:32:29.074+0000] {logging_mixin.py:120} INFO - [2022-11-11T14:32:29.073+0000] {dag.py:2585} INFO - Sync 1 DAGs
[2022-11-11T14:32:29.119+0000] {logging_mixin.py:120} INFO - [2022-11-11T14:32:29.119+0000] {dag.py:3340} INFO - Setting next_dagrun for tutorial to 2022-11-10T14:32:29.118600+00:00, run_after=2022-11-11T14:32:29.118600+00:00
[2022-11-11T14:32:29.154+0000] {processor.py:176} INFO - Processing /home/airflow/.local/lib/python3.7/site-packages/airflow/example_dags/tutorial.py took 0.185 seconds
[2022-11-11T14:32:59.538+0000] {processor.py:154} INFO - Started process (PID=706) to work on /home/airflow/.local/lib/python3.7/site-packages/airflow/example_dags/tutorial.py
[2022-11-11T14:32:59.540+0000] {processor.py:756} INFO - Processing file /home/airflow/.local/lib/python3.7/site-packages/airflow/example_dags/tutorial.py for tasks to queue
[2022-11-11T14:32:59.541+0000] {logging_mixin.py:120} INFO - [2022-11-11T14:32:59.541+0000] {dagbag.py:537} INFO - Filling up the DagBag from /home/airflow/.local/lib/python3.7/site-packages/airflow/example_dags/tutorial.py
[2022-11-11T14:32:59.571+0000] {processor.py:766} INFO - DAG(s) dict_keys(['tutorial']) retrieved from /home/airflow/.local/lib/python3.7/site-packages/airflow/example_dags/tutorial.py
[2022-11-11T14:32:59.644+0000] {logging_mixin.py:120} INFO - [2022-11-11T14:32:59.644+0000] {dag.py:2585} INFO - Sync 1 DAGs
[2022-11-11T14:32:59.682+0000] {logging_mixin.py:120} INFO - [2022-11-11T14:32:59.682+0000] {dag.py:3340} INFO - Setting next_dagrun for tutorial to 2022-11-10T14:32:59.681890+00:00, run_after=2022-11-11T14:32:59.681890+00:00
[2022-11-11T14:32:59.706+0000] {processor.py:176} INFO - Processing /home/airflow/.local/lib/python3.7/site-packages/airflow/example_dags/tutorial.py took 0.175 seconds
[2022-11-11T14:33:30.049+0000] {processor.py:154} INFO - Started process (PID=771) to work on /home/airflow/.local/lib/python3.7/site-packages/airflow/example_dags/tutorial.py
[2022-11-11T14:33:30.050+0000] {processor.py:756} INFO - Processing file /home/airflow/.local/lib/python3.7/site-packages/airflow/example_dags/tutorial.py for tasks to queue
[2022-11-11T14:33:30.051+0000] {logging_mixin.py:120} INFO - [2022-11-11T14:33:30.051+0000] {dagbag.py:537} INFO - Filling up the DagBag from /home/airflow/.local/lib/python3.7/site-packages/airflow/example_dags/tutorial.py
[2022-11-11T14:33:30.081+0000] {processor.py:766} INFO - DAG(s) dict_keys(['tutorial']) retrieved from /home/airflow/.local/lib/python3.7/site-packages/airflow/example_dags/tutorial.py
[2022-11-11T14:33:30.136+0000] {logging_mixin.py:120} INFO - [2022-11-11T14:33:30.136+0000] {dag.py:2585} INFO - Sync 1 DAGs
[2022-11-11T14:33:30.171+0000] {logging_mixin.py:120} INFO - [2022-11-11T14:33:30.171+0000] {dag.py:3340} INFO - Setting next_dagrun for tutorial to 2022-11-10T14:33:30.170861+00:00, run_after=2022-11-11T14:33:30.170861+00:00
[2022-11-11T14:33:30.196+0000] {processor.py:176} INFO - Processing /home/airflow/.local/lib/python3.7/site-packages/airflow/example_dags/tutorial.py took 0.152 seconds
[2022-11-11T14:34:00.718+0000] {processor.py:154} INFO - Started process (PID=827) to work on /home/airflow/.local/lib/python3.7/site-packages/airflow/example_dags/tutorial.py
[2022-11-11T14:34:00.719+0000] {processor.py:756} INFO - Processing file /home/airflow/.local/lib/python3.7/site-packages/airflow/example_dags/tutorial.py for tasks to queue
[2022-11-11T14:34:00.720+0000] {logging_mixin.py:120} INFO - [2022-11-11T14:34:00.720+0000] {dagbag.py:537} INFO - Filling up the DagBag from /home/airflow/.local/lib/python3.7/site-packages/airflow/example_dags/tutorial.py
[2022-11-11T14:34:00.742+0000] {processor.py:766} INFO - DAG(s) dict_keys(['tutorial']) retrieved from /home/airflow/.local/lib/python3.7/site-packages/airflow/example_dags/tutorial.py
[2022-11-11T14:34:00.801+0000] {logging_mixin.py:120} INFO - [2022-11-11T14:34:00.801+0000] {dag.py:2585} INFO - Sync 1 DAGs
[2022-11-11T14:34:00.837+0000] {logging_mixin.py:120} INFO - [2022-11-11T14:34:00.837+0000] {dag.py:3340} INFO - Setting next_dagrun for tutorial to 2022-11-10T14:34:00.837231+00:00, run_after=2022-11-11T14:34:00.837231+00:00
[2022-11-11T14:34:00.863+0000] {processor.py:176} INFO - Processing /home/airflow/.local/lib/python3.7/site-packages/airflow/example_dags/tutorial.py took 0.154 seconds
[2022-11-11T14:34:31.141+0000] {processor.py:154} INFO - Started process (PID=884) to work on /home/airflow/.local/lib/python3.7/site-packages/airflow/example_dags/tutorial.py
[2022-11-11T14:34:31.142+0000] {processor.py:756} INFO - Processing file /home/airflow/.local/lib/python3.7/site-packages/airflow/example_dags/tutorial.py for tasks to queue
[2022-11-11T14:34:31.143+0000] {logging_mixin.py:120} INFO - [2022-11-11T14:34:31.143+0000] {dagbag.py:537} INFO - Filling up the DagBag from /home/airflow/.local/lib/python3.7/site-packages/airflow/example_dags/tutorial.py
[2022-11-11T14:34:31.165+0000] {processor.py:766} INFO - DAG(s) dict_keys(['tutorial']) retrieved from /home/airflow/.local/lib/python3.7/site-packages/airflow/example_dags/tutorial.py
[2022-11-11T14:34:31.227+0000] {logging_mixin.py:120} INFO - [2022-11-11T14:34:31.227+0000] {dag.py:2585} INFO - Sync 1 DAGs
[2022-11-11T14:34:31.267+0000] {logging_mixin.py:120} INFO - [2022-11-11T14:34:31.266+0000] {dag.py:3340} INFO - Setting next_dagrun for tutorial to 2022-11-10T14:34:31.266647+00:00, run_after=2022-11-11T14:34:31.266647+00:00
[2022-11-11T14:34:31.291+0000] {processor.py:176} INFO - Processing /home/airflow/.local/lib/python3.7/site-packages/airflow/example_dags/tutorial.py took 0.156 seconds
[2022-11-11T14:35:01.775+0000] {processor.py:154} INFO - Started process (PID=942) to work on /home/airflow/.local/lib/python3.7/site-packages/airflow/example_dags/tutorial.py
[2022-11-11T14:35:01.776+0000] {processor.py:756} INFO - Processing file /home/airflow/.local/lib/python3.7/site-packages/airflow/example_dags/tutorial.py for tasks to queue
[2022-11-11T14:35:01.777+0000] {logging_mixin.py:120} INFO - [2022-11-11T14:35:01.777+0000] {dagbag.py:537} INFO - Filling up the DagBag from /home/airflow/.local/lib/python3.7/site-packages/airflow/example_dags/tutorial.py
[2022-11-11T14:35:01.798+0000] {processor.py:766} INFO - DAG(s) dict_keys(['tutorial']) retrieved from /home/airflow/.local/lib/python3.7/site-packages/airflow/example_dags/tutorial.py
[2022-11-11T14:35:01.855+0000] {logging_mixin.py:120} INFO - [2022-11-11T14:35:01.855+0000] {dag.py:2585} INFO - Sync 1 DAGs
[2022-11-11T14:35:01.891+0000] {logging_mixin.py:120} INFO - [2022-11-11T14:35:01.891+0000] {dag.py:3340} INFO - Setting next_dagrun for tutorial to 2022-11-10T14:35:01.891197+00:00, run_after=2022-11-11T14:35:01.891197+00:00
[2022-11-11T14:35:01.923+0000] {processor.py:176} INFO - Processing /home/airflow/.local/lib/python3.7/site-packages/airflow/example_dags/tutorial.py took 0.154 seconds
[2022-11-11T14:35:32.240+0000] {processor.py:154} INFO - Started process (PID=1000) to work on /home/airflow/.local/lib/python3.7/site-packages/airflow/example_dags/tutorial.py
[2022-11-11T14:35:32.241+0000] {processor.py:756} INFO - Processing file /home/airflow/.local/lib/python3.7/site-packages/airflow/example_dags/tutorial.py for tasks to queue
[2022-11-11T14:35:32.242+0000] {logging_mixin.py:120} INFO - [2022-11-11T14:35:32.242+0000] {dagbag.py:537} INFO - Filling up the DagBag from /home/airflow/.local/lib/python3.7/site-packages/airflow/example_dags/tutorial.py
[2022-11-11T14:35:32.265+0000] {processor.py:766} INFO - DAG(s) dict_keys(['tutorial']) retrieved from /home/airflow/.local/lib/python3.7/site-packages/airflow/example_dags/tutorial.py
[2022-11-11T14:35:32.322+0000] {logging_mixin.py:120} INFO - [2022-11-11T14:35:32.322+0000] {dag.py:2585} INFO - Sync 1 DAGs
[2022-11-11T14:35:32.359+0000] {logging_mixin.py:120} INFO - [2022-11-11T14:35:32.359+0000] {dag.py:3340} INFO - Setting next_dagrun for tutorial to 2022-11-10T14:35:32.359399+00:00, run_after=2022-11-11T14:35:32.359399+00:00
[2022-11-11T14:35:32.390+0000] {processor.py:176} INFO - Processing /home/airflow/.local/lib/python3.7/site-packages/airflow/example_dags/tutorial.py took 0.155 seconds
[2022-11-11T14:36:02.714+0000] {processor.py:154} INFO - Started process (PID=1057) to work on /home/airflow/.local/lib/python3.7/site-packages/airflow/example_dags/tutorial.py
[2022-11-11T14:36:02.715+0000] {processor.py:756} INFO - Processing file /home/airflow/.local/lib/python3.7/site-packages/airflow/example_dags/tutorial.py for tasks to queue
[2022-11-11T14:36:02.716+0000] {logging_mixin.py:120} INFO - [2022-11-11T14:36:02.716+0000] {dagbag.py:537} INFO - Filling up the DagBag from /home/airflow/.local/lib/python3.7/site-packages/airflow/example_dags/tutorial.py
[2022-11-11T14:36:02.737+0000] {processor.py:766} INFO - DAG(s) dict_keys(['tutorial']) retrieved from /home/airflow/.local/lib/python3.7/site-packages/airflow/example_dags/tutorial.py
[2022-11-11T14:36:02.793+0000] {logging_mixin.py:120} INFO - [2022-11-11T14:36:02.793+0000] {dag.py:2585} INFO - Sync 1 DAGs
[2022-11-11T14:36:02.826+0000] {logging_mixin.py:120} INFO - [2022-11-11T14:36:02.826+0000] {dag.py:3340} INFO - Setting next_dagrun for tutorial to 2022-11-10T14:36:02.826164+00:00, run_after=2022-11-11T14:36:02.826164+00:00
[2022-11-11T14:36:02.851+0000] {processor.py:176} INFO - Processing /home/airflow/.local/lib/python3.7/site-packages/airflow/example_dags/tutorial.py took 0.143 seconds
[2022-11-11T14:36:33.276+0000] {processor.py:154} INFO - Started process (PID=1114) to work on /home/airflow/.local/lib/python3.7/site-packages/airflow/example_dags/tutorial.py
[2022-11-11T14:36:33.277+0000] {processor.py:756} INFO - Processing file /home/airflow/.local/lib/python3.7/site-packages/airflow/example_dags/tutorial.py for tasks to queue
[2022-11-11T14:36:33.278+0000] {logging_mixin.py:120} INFO - [2022-11-11T14:36:33.278+0000] {dagbag.py:537} INFO - Filling up the DagBag from /home/airflow/.local/lib/python3.7/site-packages/airflow/example_dags/tutorial.py
[2022-11-11T14:36:33.300+0000] {processor.py:766} INFO - DAG(s) dict_keys(['tutorial']) retrieved from /home/airflow/.local/lib/python3.7/site-packages/airflow/example_dags/tutorial.py
[2022-11-11T14:36:33.358+0000] {logging_mixin.py:120} INFO - [2022-11-11T14:36:33.358+0000] {dag.py:2585} INFO - Sync 1 DAGs
[2022-11-11T14:36:33.393+0000] {logging_mixin.py:120} INFO - [2022-11-11T14:36:33.393+0000] {dag.py:3340} INFO - Setting next_dagrun for tutorial to 2022-11-10T14:36:33.393055+00:00, run_after=2022-11-11T14:36:33.393055+00:00
[2022-11-11T14:36:33.418+0000] {processor.py:176} INFO - Processing /home/airflow/.local/lib/python3.7/site-packages/airflow/example_dags/tutorial.py took 0.148 seconds
[2022-11-11T14:37:03.847+0000] {processor.py:154} INFO - Started process (PID=1172) to work on /home/airflow/.local/lib/python3.7/site-packages/airflow/example_dags/tutorial.py
[2022-11-11T14:37:03.849+0000] {processor.py:756} INFO - Processing file /home/airflow/.local/lib/python3.7/site-packages/airflow/example_dags/tutorial.py for tasks to queue
[2022-11-11T14:37:03.850+0000] {logging_mixin.py:120} INFO - [2022-11-11T14:37:03.850+0000] {dagbag.py:537} INFO - Filling up the DagBag from /home/airflow/.local/lib/python3.7/site-packages/airflow/example_dags/tutorial.py
[2022-11-11T14:37:03.872+0000] {processor.py:766} INFO - DAG(s) dict_keys(['tutorial']) retrieved from /home/airflow/.local/lib/python3.7/site-packages/airflow/example_dags/tutorial.py
[2022-11-11T14:37:03.930+0000] {logging_mixin.py:120} INFO - [2022-11-11T14:37:03.930+0000] {dag.py:2585} INFO - Sync 1 DAGs
[2022-11-11T14:37:03.965+0000] {logging_mixin.py:120} INFO - [2022-11-11T14:37:03.965+0000] {dag.py:3340} INFO - Setting next_dagrun for tutorial to 2022-11-10T14:37:03.965338+00:00, run_after=2022-11-11T14:37:03.965338+00:00
[2022-11-11T14:37:03.991+0000] {processor.py:176} INFO - Processing /home/airflow/.local/lib/python3.7/site-packages/airflow/example_dags/tutorial.py took 0.149 seconds
[2022-11-11T14:37:34.354+0000] {processor.py:154} INFO - Started process (PID=1229) to work on /home/airflow/.local/lib/python3.7/site-packages/airflow/example_dags/tutorial.py
[2022-11-11T14:37:34.356+0000] {processor.py:756} INFO - Processing file /home/airflow/.local/lib/python3.7/site-packages/airflow/example_dags/tutorial.py for tasks to queue
[2022-11-11T14:37:34.357+0000] {logging_mixin.py:120} INFO - [2022-11-11T14:37:34.357+0000] {dagbag.py:537} INFO - Filling up the DagBag from /home/airflow/.local/lib/python3.7/site-packages/airflow/example_dags/tutorial.py
[2022-11-11T14:37:34.378+0000] {processor.py:766} INFO - DAG(s) dict_keys(['tutorial']) retrieved from /home/airflow/.local/lib/python3.7/site-packages/airflow/example_dags/tutorial.py
[2022-11-11T14:37:34.433+0000] {logging_mixin.py:120} INFO - [2022-11-11T14:37:34.433+0000] {dag.py:2585} INFO - Sync 1 DAGs
[2022-11-11T14:37:34.469+0000] {logging_mixin.py:120} INFO - [2022-11-11T14:37:34.469+0000] {dag.py:3340} INFO - Setting next_dagrun for tutorial to 2022-11-10T14:37:34.468955+00:00, run_after=2022-11-11T14:37:34.468955+00:00
[2022-11-11T14:37:34.493+0000] {processor.py:176} INFO - Processing /home/airflow/.local/lib/python3.7/site-packages/airflow/example_dags/tutorial.py took 0.144 seconds
[2022-11-11T14:38:04.982+0000] {processor.py:154} INFO - Started process (PID=1287) to work on /home/airflow/.local/lib/python3.7/site-packages/airflow/example_dags/tutorial.py
[2022-11-11T14:38:04.983+0000] {processor.py:756} INFO - Processing file /home/airflow/.local/lib/python3.7/site-packages/airflow/example_dags/tutorial.py for tasks to queue
[2022-11-11T14:38:04.984+0000] {logging_mixin.py:120} INFO - [2022-11-11T14:38:04.984+0000] {dagbag.py:537} INFO - Filling up the DagBag from /home/airflow/.local/lib/python3.7/site-packages/airflow/example_dags/tutorial.py
[2022-11-11T14:38:05.005+0000] {processor.py:766} INFO - DAG(s) dict_keys(['tutorial']) retrieved from /home/airflow/.local/lib/python3.7/site-packages/airflow/example_dags/tutorial.py
[2022-11-11T14:38:05.063+0000] {logging_mixin.py:120} INFO - [2022-11-11T14:38:05.063+0000] {dag.py:2585} INFO - Sync 1 DAGs
[2022-11-11T14:38:05.096+0000] {logging_mixin.py:120} INFO - [2022-11-11T14:38:05.096+0000] {dag.py:3340} INFO - Setting next_dagrun for tutorial to 2022-11-10T14:38:05.095768+00:00, run_after=2022-11-11T14:38:05.095768+00:00
[2022-11-11T14:38:05.119+0000] {processor.py:176} INFO - Processing /home/airflow/.local/lib/python3.7/site-packages/airflow/example_dags/tutorial.py took 0.142 seconds
[2022-11-11T14:38:35.381+0000] {processor.py:154} INFO - Started process (PID=1344) to work on /home/airflow/.local/lib/python3.7/site-packages/airflow/example_dags/tutorial.py
[2022-11-11T14:38:35.382+0000] {processor.py:756} INFO - Processing file /home/airflow/.local/lib/python3.7/site-packages/airflow/example_dags/tutorial.py for tasks to queue
[2022-11-11T14:38:35.383+0000] {logging_mixin.py:120} INFO - [2022-11-11T14:38:35.383+0000] {dagbag.py:537} INFO - Filling up the DagBag from /home/airflow/.local/lib/python3.7/site-packages/airflow/example_dags/tutorial.py
[2022-11-11T14:38:35.411+0000] {processor.py:766} INFO - DAG(s) dict_keys(['tutorial']) retrieved from /home/airflow/.local/lib/python3.7/site-packages/airflow/example_dags/tutorial.py
[2022-11-11T14:38:35.470+0000] {logging_mixin.py:120} INFO - [2022-11-11T14:38:35.470+0000] {dag.py:2585} INFO - Sync 1 DAGs
[2022-11-11T14:38:35.503+0000] {logging_mixin.py:120} INFO - [2022-11-11T14:38:35.502+0000] {dag.py:3340} INFO - Setting next_dagrun for tutorial to 2022-11-10T14:38:35.502492+00:00, run_after=2022-11-11T14:38:35.502492+00:00
[2022-11-11T14:38:35.526+0000] {processor.py:176} INFO - Processing /home/airflow/.local/lib/python3.7/site-packages/airflow/example_dags/tutorial.py took 0.152 seconds
[2022-11-11T14:39:06.031+0000] {processor.py:154} INFO - Started process (PID=1399) to work on /home/airflow/.local/lib/python3.7/site-packages/airflow/example_dags/tutorial.py
[2022-11-11T14:39:06.033+0000] {processor.py:756} INFO - Processing file /home/airflow/.local/lib/python3.7/site-packages/airflow/example_dags/tutorial.py for tasks to queue
[2022-11-11T14:39:06.034+0000] {logging_mixin.py:120} INFO - [2022-11-11T14:39:06.034+0000] {dagbag.py:537} INFO - Filling up the DagBag from /home/airflow/.local/lib/python3.7/site-packages/airflow/example_dags/tutorial.py
[2022-11-11T14:39:06.063+0000] {processor.py:766} INFO - DAG(s) dict_keys(['tutorial']) retrieved from /home/airflow/.local/lib/python3.7/site-packages/airflow/example_dags/tutorial.py
[2022-11-11T14:39:06.133+0000] {logging_mixin.py:120} INFO - [2022-11-11T14:39:06.133+0000] {dag.py:2585} INFO - Sync 1 DAGs
[2022-11-11T14:39:06.170+0000] {logging_mixin.py:120} INFO - [2022-11-11T14:39:06.170+0000] {dag.py:3340} INFO - Setting next_dagrun for tutorial to 2022-11-10T14:39:06.170299+00:00, run_after=2022-11-11T14:39:06.170299+00:00
[2022-11-11T14:39:06.195+0000] {processor.py:176} INFO - Processing /home/airflow/.local/lib/python3.7/site-packages/airflow/example_dags/tutorial.py took 0.172 seconds
[2022-11-11T14:39:36.761+0000] {processor.py:154} INFO - Started process (PID=1457) to work on /home/airflow/.local/lib/python3.7/site-packages/airflow/example_dags/tutorial.py
[2022-11-11T14:39:36.762+0000] {processor.py:756} INFO - Processing file /home/airflow/.local/lib/python3.7/site-packages/airflow/example_dags/tutorial.py for tasks to queue
[2022-11-11T14:39:36.763+0000] {logging_mixin.py:120} INFO - [2022-11-11T14:39:36.763+0000] {dagbag.py:537} INFO - Filling up the DagBag from /home/airflow/.local/lib/python3.7/site-packages/airflow/example_dags/tutorial.py
[2022-11-11T14:39:36.785+0000] {processor.py:766} INFO - DAG(s) dict_keys(['tutorial']) retrieved from /home/airflow/.local/lib/python3.7/site-packages/airflow/example_dags/tutorial.py
[2022-11-11T14:39:36.842+0000] {logging_mixin.py:120} INFO - [2022-11-11T14:39:36.842+0000] {dag.py:2585} INFO - Sync 1 DAGs
[2022-11-11T14:39:36.876+0000] {logging_mixin.py:120} INFO - [2022-11-11T14:39:36.875+0000] {dag.py:3340} INFO - Setting next_dagrun for tutorial to 2022-11-10T14:39:36.875562+00:00, run_after=2022-11-11T14:39:36.875562+00:00
[2022-11-11T14:39:36.899+0000] {processor.py:176} INFO - Processing /home/airflow/.local/lib/python3.7/site-packages/airflow/example_dags/tutorial.py took 0.145 seconds
[2022-11-11T14:40:07.402+0000] {processor.py:154} INFO - Started process (PID=1512) to work on /home/airflow/.local/lib/python3.7/site-packages/airflow/example_dags/tutorial.py
[2022-11-11T14:40:07.404+0000] {processor.py:756} INFO - Processing file /home/airflow/.local/lib/python3.7/site-packages/airflow/example_dags/tutorial.py for tasks to queue
[2022-11-11T14:40:07.405+0000] {logging_mixin.py:120} INFO - [2022-11-11T14:40:07.405+0000] {dagbag.py:537} INFO - Filling up the DagBag from /home/airflow/.local/lib/python3.7/site-packages/airflow/example_dags/tutorial.py
[2022-11-11T14:40:07.426+0000] {processor.py:766} INFO - DAG(s) dict_keys(['tutorial']) retrieved from /home/airflow/.local/lib/python3.7/site-packages/airflow/example_dags/tutorial.py
[2022-11-11T14:40:07.501+0000] {logging_mixin.py:120} INFO - [2022-11-11T14:40:07.501+0000] {dag.py:2585} INFO - Sync 1 DAGs
[2022-11-11T14:40:07.541+0000] {logging_mixin.py:120} INFO - [2022-11-11T14:40:07.540+0000] {dag.py:3340} INFO - Setting next_dagrun for tutorial to 2022-11-10T14:40:07.540631+00:00, run_after=2022-11-11T14:40:07.540631+00:00
[2022-11-11T14:40:07.567+0000] {processor.py:176} INFO - Processing /home/airflow/.local/lib/python3.7/site-packages/airflow/example_dags/tutorial.py took 0.170 seconds
[2022-11-11T14:40:37.883+0000] {processor.py:154} INFO - Started process (PID=1568) to work on /home/airflow/.local/lib/python3.7/site-packages/airflow/example_dags/tutorial.py
[2022-11-11T14:40:37.885+0000] {processor.py:756} INFO - Processing file /home/airflow/.local/lib/python3.7/site-packages/airflow/example_dags/tutorial.py for tasks to queue
[2022-11-11T14:40:37.886+0000] {logging_mixin.py:120} INFO - [2022-11-11T14:40:37.885+0000] {dagbag.py:537} INFO - Filling up the DagBag from /home/airflow/.local/lib/python3.7/site-packages/airflow/example_dags/tutorial.py
[2022-11-11T14:40:37.907+0000] {processor.py:766} INFO - DAG(s) dict_keys(['tutorial']) retrieved from /home/airflow/.local/lib/python3.7/site-packages/airflow/example_dags/tutorial.py
[2022-11-11T14:40:37.980+0000] {logging_mixin.py:120} INFO - [2022-11-11T14:40:37.980+0000] {dag.py:2585} INFO - Sync 1 DAGs
[2022-11-11T14:40:38.014+0000] {logging_mixin.py:120} INFO - [2022-11-11T14:40:38.014+0000] {dag.py:3340} INFO - Setting next_dagrun for tutorial to 2022-11-10T14:40:38.013964+00:00, run_after=2022-11-11T14:40:38.013964+00:00
[2022-11-11T14:40:38.042+0000] {processor.py:176} INFO - Processing /home/airflow/.local/lib/python3.7/site-packages/airflow/example_dags/tutorial.py took 0.164 seconds
[2022-11-11T14:41:08.467+0000] {processor.py:154} INFO - Started process (PID=1625) to work on /home/airflow/.local/lib/python3.7/site-packages/airflow/example_dags/tutorial.py
[2022-11-11T14:41:08.468+0000] {processor.py:756} INFO - Processing file /home/airflow/.local/lib/python3.7/site-packages/airflow/example_dags/tutorial.py for tasks to queue
[2022-11-11T14:41:08.469+0000] {logging_mixin.py:120} INFO - [2022-11-11T14:41:08.469+0000] {dagbag.py:537} INFO - Filling up the DagBag from /home/airflow/.local/lib/python3.7/site-packages/airflow/example_dags/tutorial.py
[2022-11-11T14:41:08.491+0000] {processor.py:766} INFO - DAG(s) dict_keys(['tutorial']) retrieved from /home/airflow/.local/lib/python3.7/site-packages/airflow/example_dags/tutorial.py
[2022-11-11T14:41:08.548+0000] {logging_mixin.py:120} INFO - [2022-11-11T14:41:08.548+0000] {dag.py:2585} INFO - Sync 1 DAGs
[2022-11-11T14:41:08.583+0000] {logging_mixin.py:120} INFO - [2022-11-11T14:41:08.583+0000] {dag.py:3340} INFO - Setting next_dagrun for tutorial to 2022-11-10T14:41:08.582883+00:00, run_after=2022-11-11T14:41:08.582883+00:00
[2022-11-11T14:41:08.607+0000] {processor.py:176} INFO - Processing /home/airflow/.local/lib/python3.7/site-packages/airflow/example_dags/tutorial.py took 0.146 seconds
[2022-11-11T14:41:39.030+0000] {processor.py:154} INFO - Started process (PID=1683) to work on /home/airflow/.local/lib/python3.7/site-packages/airflow/example_dags/tutorial.py
[2022-11-11T14:41:39.031+0000] {processor.py:756} INFO - Processing file /home/airflow/.local/lib/python3.7/site-packages/airflow/example_dags/tutorial.py for tasks to queue
[2022-11-11T14:41:39.032+0000] {logging_mixin.py:120} INFO - [2022-11-11T14:41:39.032+0000] {dagbag.py:537} INFO - Filling up the DagBag from /home/airflow/.local/lib/python3.7/site-packages/airflow/example_dags/tutorial.py
[2022-11-11T14:41:39.055+0000] {processor.py:766} INFO - DAG(s) dict_keys(['tutorial']) retrieved from /home/airflow/.local/lib/python3.7/site-packages/airflow/example_dags/tutorial.py
[2022-11-11T14:41:39.109+0000] {logging_mixin.py:120} INFO - [2022-11-11T14:41:39.109+0000] {dag.py:2585} INFO - Sync 1 DAGs
[2022-11-11T14:41:39.144+0000] {logging_mixin.py:120} INFO - [2022-11-11T14:41:39.143+0000] {dag.py:3340} INFO - Setting next_dagrun for tutorial to 2022-11-10T14:41:39.143603+00:00, run_after=2022-11-11T14:41:39.143603+00:00
[2022-11-11T14:41:39.167+0000] {processor.py:176} INFO - Processing /home/airflow/.local/lib/python3.7/site-packages/airflow/example_dags/tutorial.py took 0.143 seconds
[2022-11-11T14:42:09.400+0000] {processor.py:154} INFO - Started process (PID=1741) to work on /home/airflow/.local/lib/python3.7/site-packages/airflow/example_dags/tutorial.py
[2022-11-11T14:42:09.401+0000] {processor.py:756} INFO - Processing file /home/airflow/.local/lib/python3.7/site-packages/airflow/example_dags/tutorial.py for tasks to queue
[2022-11-11T14:42:09.402+0000] {logging_mixin.py:120} INFO - [2022-11-11T14:42:09.402+0000] {dagbag.py:537} INFO - Filling up the DagBag from /home/airflow/.local/lib/python3.7/site-packages/airflow/example_dags/tutorial.py
[2022-11-11T14:42:09.424+0000] {processor.py:766} INFO - DAG(s) dict_keys(['tutorial']) retrieved from /home/airflow/.local/lib/python3.7/site-packages/airflow/example_dags/tutorial.py
[2022-11-11T14:42:09.485+0000] {logging_mixin.py:120} INFO - [2022-11-11T14:42:09.485+0000] {dag.py:2585} INFO - Sync 1 DAGs
[2022-11-11T14:42:09.521+0000] {logging_mixin.py:120} INFO - [2022-11-11T14:42:09.521+0000] {dag.py:3340} INFO - Setting next_dagrun for tutorial to 2022-11-10T14:42:09.520790+00:00, run_after=2022-11-11T14:42:09.520790+00:00
[2022-11-11T14:42:09.551+0000] {processor.py:176} INFO - Processing /home/airflow/.local/lib/python3.7/site-packages/airflow/example_dags/tutorial.py took 0.156 seconds
[2022-11-11T14:42:39.960+0000] {processor.py:154} INFO - Started process (PID=1799) to work on /home/airflow/.local/lib/python3.7/site-packages/airflow/example_dags/tutorial.py
[2022-11-11T14:42:39.962+0000] {processor.py:756} INFO - Processing file /home/airflow/.local/lib/python3.7/site-packages/airflow/example_dags/tutorial.py for tasks to queue
[2022-11-11T14:42:39.962+0000] {logging_mixin.py:120} INFO - [2022-11-11T14:42:39.962+0000] {dagbag.py:537} INFO - Filling up the DagBag from /home/airflow/.local/lib/python3.7/site-packages/airflow/example_dags/tutorial.py
[2022-11-11T14:42:39.983+0000] {processor.py:766} INFO - DAG(s) dict_keys(['tutorial']) retrieved from /home/airflow/.local/lib/python3.7/site-packages/airflow/example_dags/tutorial.py
[2022-11-11T14:42:40.048+0000] {logging_mixin.py:120} INFO - [2022-11-11T14:42:40.048+0000] {dag.py:2585} INFO - Sync 1 DAGs
[2022-11-11T14:42:40.081+0000] {logging_mixin.py:120} INFO - [2022-11-11T14:42:40.081+0000] {dag.py:3340} INFO - Setting next_dagrun for tutorial to 2022-11-10T14:42:40.081236+00:00, run_after=2022-11-11T14:42:40.081236+00:00
[2022-11-11T14:42:40.105+0000] {processor.py:176} INFO - Processing /home/airflow/.local/lib/python3.7/site-packages/airflow/example_dags/tutorial.py took 0.150 seconds
[2022-11-11T14:43:10.564+0000] {processor.py:154} INFO - Started process (PID=1857) to work on /home/airflow/.local/lib/python3.7/site-packages/airflow/example_dags/tutorial.py
[2022-11-11T14:43:10.566+0000] {processor.py:756} INFO - Processing file /home/airflow/.local/lib/python3.7/site-packages/airflow/example_dags/tutorial.py for tasks to queue
[2022-11-11T14:43:10.567+0000] {logging_mixin.py:120} INFO - [2022-11-11T14:43:10.566+0000] {dagbag.py:537} INFO - Filling up the DagBag from /home/airflow/.local/lib/python3.7/site-packages/airflow/example_dags/tutorial.py
[2022-11-11T14:43:10.589+0000] {processor.py:766} INFO - DAG(s) dict_keys(['tutorial']) retrieved from /home/airflow/.local/lib/python3.7/site-packages/airflow/example_dags/tutorial.py
[2022-11-11T14:43:10.647+0000] {logging_mixin.py:120} INFO - [2022-11-11T14:43:10.647+0000] {dag.py:2585} INFO - Sync 1 DAGs
[2022-11-11T14:43:10.682+0000] {logging_mixin.py:120} INFO - [2022-11-11T14:43:10.682+0000] {dag.py:3340} INFO - Setting next_dagrun for tutorial to 2022-11-10T14:43:10.682146+00:00, run_after=2022-11-11T14:43:10.682146+00:00
[2022-11-11T14:43:10.711+0000] {processor.py:176} INFO - Processing /home/airflow/.local/lib/python3.7/site-packages/airflow/example_dags/tutorial.py took 0.152 seconds
[2022-11-11T14:43:40.966+0000] {processor.py:154} INFO - Started process (PID=1914) to work on /home/airflow/.local/lib/python3.7/site-packages/airflow/example_dags/tutorial.py
[2022-11-11T14:43:40.967+0000] {processor.py:756} INFO - Processing file /home/airflow/.local/lib/python3.7/site-packages/airflow/example_dags/tutorial.py for tasks to queue
[2022-11-11T14:43:40.968+0000] {logging_mixin.py:120} INFO - [2022-11-11T14:43:40.968+0000] {dagbag.py:537} INFO - Filling up the DagBag from /home/airflow/.local/lib/python3.7/site-packages/airflow/example_dags/tutorial.py
[2022-11-11T14:43:40.989+0000] {processor.py:766} INFO - DAG(s) dict_keys(['tutorial']) retrieved from /home/airflow/.local/lib/python3.7/site-packages/airflow/example_dags/tutorial.py
[2022-11-11T14:43:41.044+0000] {logging_mixin.py:120} INFO - [2022-11-11T14:43:41.044+0000] {dag.py:2585} INFO - Sync 1 DAGs
[2022-11-11T14:43:41.081+0000] {logging_mixin.py:120} INFO - [2022-11-11T14:43:41.080+0000] {dag.py:3340} INFO - Setting next_dagrun for tutorial to 2022-11-10T14:43:41.080323+00:00, run_after=2022-11-11T14:43:41.080323+00:00
[2022-11-11T14:43:41.109+0000] {processor.py:176} INFO - Processing /home/airflow/.local/lib/python3.7/site-packages/airflow/example_dags/tutorial.py took 0.148 seconds
[2022-11-11T14:44:11.397+0000] {processor.py:154} INFO - Started process (PID=1971) to work on /home/airflow/.local/lib/python3.7/site-packages/airflow/example_dags/tutorial.py
[2022-11-11T14:44:11.399+0000] {processor.py:756} INFO - Processing file /home/airflow/.local/lib/python3.7/site-packages/airflow/example_dags/tutorial.py for tasks to queue
[2022-11-11T14:44:11.400+0000] {logging_mixin.py:120} INFO - [2022-11-11T14:44:11.400+0000] {dagbag.py:537} INFO - Filling up the DagBag from /home/airflow/.local/lib/python3.7/site-packages/airflow/example_dags/tutorial.py
[2022-11-11T14:44:11.423+0000] {processor.py:766} INFO - DAG(s) dict_keys(['tutorial']) retrieved from /home/airflow/.local/lib/python3.7/site-packages/airflow/example_dags/tutorial.py
[2022-11-11T14:44:11.482+0000] {logging_mixin.py:120} INFO - [2022-11-11T14:44:11.482+0000] {dag.py:2585} INFO - Sync 1 DAGs
[2022-11-11T14:44:11.518+0000] {logging_mixin.py:120} INFO - [2022-11-11T14:44:11.517+0000] {dag.py:3340} INFO - Setting next_dagrun for tutorial to 2022-11-10T14:44:11.517627+00:00, run_after=2022-11-11T14:44:11.517627+00:00
[2022-11-11T14:44:11.548+0000] {processor.py:176} INFO - Processing /home/airflow/.local/lib/python3.7/site-packages/airflow/example_dags/tutorial.py took 0.156 seconds
